[2024-04-12T09:01:09.191+0000] {processor.py:161} INFO - Started process (PID=45) to work on /opt/airflow/dags/pipeline.py
[2024-04-12T09:01:09.273+0000] {processor.py:830} INFO - Processing file /opt/airflow/dags/pipeline.py for tasks to queue
[2024-04-12T09:01:09.472+0000] {logging_mixin.py:188} INFO - [2024-04-12T09:01:09.455+0000] {dagbag.py:540} INFO - Filling up the DagBag from /opt/airflow/dags/pipeline.py
[2024-04-12T09:01:23.153+0000] {processor.py:840} INFO - DAG(s) '20043131' retrieved from /opt/airflow/dags/pipeline.py
[2024-04-12T09:01:23.538+0000] {logging_mixin.py:188} INFO - [2024-04-12T09:01:23.535+0000] {override.py:1769} INFO - Created Permission View: can read on DAG:20043131
[2024-04-12T09:01:23.587+0000] {logging_mixin.py:188} INFO - [2024-04-12T09:01:23.586+0000] {override.py:1769} INFO - Created Permission View: can edit on DAG:20043131
[2024-04-12T09:01:23.619+0000] {logging_mixin.py:188} INFO - [2024-04-12T09:01:23.618+0000] {override.py:1769} INFO - Created Permission View: can delete on DAG:20043131
[2024-04-12T09:01:23.622+0000] {logging_mixin.py:188} INFO - [2024-04-12T09:01:23.621+0000] {dag.py:3047} INFO - Sync 1 DAGs
[2024-04-12T09:01:23.665+0000] {logging_mixin.py:188} INFO - [2024-04-12T09:01:23.664+0000] {dag.py:3069} INFO - Creating ORM DAG for 20043131
[2024-04-12T09:01:23.703+0000] {logging_mixin.py:188} INFO - [2024-04-12T09:01:23.703+0000] {dag.py:3834} INFO - Setting next_dagrun for 20043131 to 2024-04-12 08:59:23.129357+00:00, run_after=2024-04-12 09:04:23.129357+00:00
[2024-04-12T09:01:23.805+0000] {processor.py:183} INFO - Processing /opt/airflow/dags/pipeline.py took 14.705 seconds
[2024-04-12T09:01:54.262+0000] {processor.py:161} INFO - Started process (PID=109) to work on /opt/airflow/dags/pipeline.py
[2024-04-12T09:01:54.266+0000] {processor.py:830} INFO - Processing file /opt/airflow/dags/pipeline.py for tasks to queue
[2024-04-12T09:01:54.270+0000] {logging_mixin.py:188} INFO - [2024-04-12T09:01:54.269+0000] {dagbag.py:540} INFO - Filling up the DagBag from /opt/airflow/dags/pipeline.py
[2024-04-12T09:01:57.905+0000] {processor.py:840} INFO - DAG(s) '20043131' retrieved from /opt/airflow/dags/pipeline.py
[2024-04-12T09:01:58.049+0000] {logging_mixin.py:188} INFO - [2024-04-12T09:01:58.049+0000] {dag.py:3047} INFO - Sync 1 DAGs
[2024-04-12T09:01:58.078+0000] {logging_mixin.py:188} INFO - [2024-04-12T09:01:58.078+0000] {dag.py:3834} INFO - Setting next_dagrun for 20043131 to 2024-04-12 08:59:57.901163+00:00, run_after=2024-04-12 09:04:57.901163+00:00
[2024-04-12T09:01:58.118+0000] {processor.py:183} INFO - Processing /opt/airflow/dags/pipeline.py took 3.864 seconds
[2024-04-12T09:02:41.059+0000] {processor.py:161} INFO - Started process (PID=172) to work on /opt/airflow/dags/pipeline.py
[2024-04-12T09:02:41.062+0000] {processor.py:830} INFO - Processing file /opt/airflow/dags/pipeline.py for tasks to queue
[2024-04-12T09:02:41.070+0000] {logging_mixin.py:188} INFO - [2024-04-12T09:02:41.067+0000] {dagbag.py:540} INFO - Filling up the DagBag from /opt/airflow/dags/pipeline.py
[2024-04-12T09:02:45.105+0000] {processor.py:840} INFO - DAG(s) '20043131' retrieved from /opt/airflow/dags/pipeline.py
[2024-04-12T09:02:45.297+0000] {logging_mixin.py:188} INFO - [2024-04-12T09:02:45.296+0000] {dag.py:3047} INFO - Sync 1 DAGs
[2024-04-12T09:02:45.325+0000] {logging_mixin.py:188} INFO - [2024-04-12T09:02:45.324+0000] {dag.py:3834} INFO - Setting next_dagrun for 20043131 to 2024-04-12 09:00:45.101242+00:00, run_after=2024-04-12 09:05:45.101242+00:00
[2024-04-12T09:02:45.365+0000] {processor.py:183} INFO - Processing /opt/airflow/dags/pipeline.py took 4.326 seconds
[2024-04-12T09:02:50.202+0000] {processor.py:161} INFO - Started process (PID=222) to work on /opt/airflow/dags/pipeline.py
[2024-04-12T09:02:50.203+0000] {processor.py:830} INFO - Processing file /opt/airflow/dags/pipeline.py for tasks to queue
[2024-04-12T09:02:50.206+0000] {logging_mixin.py:188} INFO - [2024-04-12T09:02:50.205+0000] {dagbag.py:540} INFO - Filling up the DagBag from /opt/airflow/dags/pipeline.py
[2024-04-12T09:02:52.250+0000] {processor.py:840} INFO - DAG(s) '20043131' retrieved from /opt/airflow/dags/pipeline.py
[2024-04-12T09:02:52.294+0000] {logging_mixin.py:188} INFO - [2024-04-12T09:02:52.293+0000] {taskinstance.py:2730} ERROR - {'DAG Id': '20043131', 'Task Id': '20043131', 'Run Id': 'manual__2024-04-12T09:02:14.690798+00:00', 'Hostname': '163ff92a5959', 'External Executor Id': '1b182ae6-0e7b-4236-b181-f957ff26c64a'}
[2024-04-12T09:02:52.328+0000] {logging_mixin.py:188} INFO - [2024-04-12T09:02:52.328+0000] {taskinstance.py:1149} INFO - Marking task as UP_FOR_RETRY. dag_id=20043131, task_id=20043131, execution_date=20240412T090214, start_date=20240412T090225, end_date=20240412T090252
[2024-04-12T09:02:52.345+0000] {processor.py:791} INFO - Executed failure callback for <TaskInstance: 20043131.20043131 manual__2024-04-12T09:02:14.690798+00:00 [up_for_retry]> in state up_for_retry
[2024-04-12T09:02:52.354+0000] {logging_mixin.py:188} INFO - [2024-04-12T09:02:52.354+0000] {dag.py:3047} INFO - Sync 1 DAGs
[2024-04-12T09:02:52.389+0000] {logging_mixin.py:188} INFO - [2024-04-12T09:02:52.388+0000] {dag.py:3834} INFO - Setting next_dagrun for 20043131 to 2024-04-12 09:00:52.246045+00:00, run_after=2024-04-12 09:05:52.246045+00:00
[2024-04-12T09:02:52.425+0000] {processor.py:183} INFO - Processing /opt/airflow/dags/pipeline.py took 2.226 seconds
[2024-04-12T09:03:23.203+0000] {processor.py:161} INFO - Started process (PID=281) to work on /opt/airflow/dags/pipeline.py
[2024-04-12T09:03:23.205+0000] {processor.py:830} INFO - Processing file /opt/airflow/dags/pipeline.py for tasks to queue
[2024-04-12T09:03:23.207+0000] {logging_mixin.py:188} INFO - [2024-04-12T09:03:23.206+0000] {dagbag.py:540} INFO - Filling up the DagBag from /opt/airflow/dags/pipeline.py
[2024-04-12T09:03:25.216+0000] {processor.py:840} INFO - DAG(s) '20043131' retrieved from /opt/airflow/dags/pipeline.py
[2024-04-12T09:03:25.436+0000] {logging_mixin.py:188} INFO - [2024-04-12T09:03:25.435+0000] {dag.py:3047} INFO - Sync 1 DAGs
[2024-04-12T09:03:25.468+0000] {logging_mixin.py:188} INFO - [2024-04-12T09:03:25.468+0000] {dag.py:3834} INFO - Setting next_dagrun for 20043131 to 2024-04-12 09:01:25.213220+00:00, run_after=2024-04-12 09:06:25.213220+00:00
[2024-04-12T09:03:25.511+0000] {processor.py:183} INFO - Processing /opt/airflow/dags/pipeline.py took 2.311 seconds
[2024-04-12T09:03:55.822+0000] {processor.py:161} INFO - Started process (PID=341) to work on /opt/airflow/dags/pipeline.py
[2024-04-12T09:03:55.825+0000] {processor.py:830} INFO - Processing file /opt/airflow/dags/pipeline.py for tasks to queue
[2024-04-12T09:03:55.830+0000] {logging_mixin.py:188} INFO - [2024-04-12T09:03:55.828+0000] {dagbag.py:540} INFO - Filling up the DagBag from /opt/airflow/dags/pipeline.py
[2024-04-12T09:03:58.321+0000] {processor.py:840} INFO - DAG(s) '20043131' retrieved from /opt/airflow/dags/pipeline.py
[2024-04-12T09:03:58.711+0000] {logging_mixin.py:188} INFO - [2024-04-12T09:03:58.710+0000] {dag.py:3047} INFO - Sync 1 DAGs
[2024-04-12T09:03:58.738+0000] {logging_mixin.py:188} INFO - [2024-04-12T09:03:58.738+0000] {dag.py:3834} INFO - Setting next_dagrun for 20043131 to 2024-04-12 09:01:58.316337+00:00, run_after=2024-04-12 09:06:58.316337+00:00
[2024-04-12T09:03:58.775+0000] {processor.py:183} INFO - Processing /opt/airflow/dags/pipeline.py took 2.958 seconds
[2024-04-12T09:04:28.922+0000] {processor.py:161} INFO - Started process (PID=401) to work on /opt/airflow/dags/pipeline.py
[2024-04-12T09:04:28.927+0000] {processor.py:830} INFO - Processing file /opt/airflow/dags/pipeline.py for tasks to queue
[2024-04-12T09:04:28.934+0000] {logging_mixin.py:188} INFO - [2024-04-12T09:04:28.932+0000] {dagbag.py:540} INFO - Filling up the DagBag from /opt/airflow/dags/pipeline.py
[2024-04-12T09:05:07.537+0000] {logging_mixin.py:188} INFO - [2024-04-12T09:05:07.511+0000] {timeout.py:68} ERROR - Process timed out, PID: 401
[2024-04-12T09:05:38.426+0000] {processor.py:161} INFO - Started process (PID=457) to work on /opt/airflow/dags/pipeline.py
[2024-04-12T09:05:38.427+0000] {processor.py:830} INFO - Processing file /opt/airflow/dags/pipeline.py for tasks to queue
[2024-04-12T09:05:38.429+0000] {logging_mixin.py:188} INFO - [2024-04-12T09:05:38.428+0000] {dagbag.py:540} INFO - Filling up the DagBag from /opt/airflow/dags/pipeline.py
[2024-04-12T09:05:40.238+0000] {processor.py:840} INFO - DAG(s) '20043131' retrieved from /opt/airflow/dags/pipeline.py
[2024-04-12T09:05:40.457+0000] {logging_mixin.py:188} INFO - [2024-04-12T09:05:40.457+0000] {dag.py:3047} INFO - Sync 1 DAGs
[2024-04-12T09:05:40.501+0000] {logging_mixin.py:188} INFO - [2024-04-12T09:05:40.501+0000] {dag.py:3834} INFO - Setting next_dagrun for 20043131 to 2024-04-12 09:03:40.235177+00:00, run_after=2024-04-12 09:08:40.235177+00:00
[2024-04-12T09:05:40.545+0000] {processor.py:183} INFO - Processing /opt/airflow/dags/pipeline.py took 2.511 seconds
[2024-04-12T09:06:11.197+0000] {processor.py:161} INFO - Started process (PID=515) to work on /opt/airflow/dags/pipeline.py
[2024-04-12T09:06:11.201+0000] {processor.py:830} INFO - Processing file /opt/airflow/dags/pipeline.py for tasks to queue
[2024-04-12T09:06:11.204+0000] {logging_mixin.py:188} INFO - [2024-04-12T09:06:11.203+0000] {dagbag.py:540} INFO - Filling up the DagBag from /opt/airflow/dags/pipeline.py
[2024-04-12T09:06:13.102+0000] {processor.py:840} INFO - DAG(s) '20043131' retrieved from /opt/airflow/dags/pipeline.py
[2024-04-12T09:06:13.212+0000] {logging_mixin.py:188} INFO - [2024-04-12T09:06:13.211+0000] {dag.py:3047} INFO - Sync 1 DAGs
[2024-04-12T09:06:13.238+0000] {logging_mixin.py:188} INFO - [2024-04-12T09:06:13.238+0000] {dag.py:3834} INFO - Setting next_dagrun for 20043131 to 2024-04-12 09:04:13.098906+00:00, run_after=2024-04-12 09:09:13.098906+00:00
[2024-04-12T09:06:13.275+0000] {processor.py:183} INFO - Processing /opt/airflow/dags/pipeline.py took 2.082 seconds
[2024-04-12T09:06:43.651+0000] {processor.py:161} INFO - Started process (PID=582) to work on /opt/airflow/dags/pipeline.py
[2024-04-12T09:06:43.653+0000] {processor.py:830} INFO - Processing file /opt/airflow/dags/pipeline.py for tasks to queue
[2024-04-12T09:06:43.655+0000] {logging_mixin.py:188} INFO - [2024-04-12T09:06:43.654+0000] {dagbag.py:540} INFO - Filling up the DagBag from /opt/airflow/dags/pipeline.py
[2024-04-12T09:06:45.487+0000] {processor.py:840} INFO - DAG(s) '20043131' retrieved from /opt/airflow/dags/pipeline.py
[2024-04-12T09:06:45.595+0000] {logging_mixin.py:188} INFO - [2024-04-12T09:06:45.595+0000] {dag.py:3047} INFO - Sync 1 DAGs
[2024-04-12T09:06:45.621+0000] {logging_mixin.py:188} INFO - [2024-04-12T09:06:45.621+0000] {dag.py:3834} INFO - Setting next_dagrun for 20043131 to 2024-04-12 09:04:45.484369+00:00, run_after=2024-04-12 09:09:45.484369+00:00
[2024-04-12T09:06:45.654+0000] {processor.py:183} INFO - Processing /opt/airflow/dags/pipeline.py took 2.007 seconds
[2024-04-12T09:07:16.326+0000] {processor.py:161} INFO - Started process (PID=651) to work on /opt/airflow/dags/pipeline.py
[2024-04-12T09:07:16.328+0000] {processor.py:830} INFO - Processing file /opt/airflow/dags/pipeline.py for tasks to queue
[2024-04-12T09:07:16.330+0000] {logging_mixin.py:188} INFO - [2024-04-12T09:07:16.329+0000] {dagbag.py:540} INFO - Filling up the DagBag from /opt/airflow/dags/pipeline.py
[2024-04-12T09:07:18.788+0000] {processor.py:840} INFO - DAG(s) '20043131' retrieved from /opt/airflow/dags/pipeline.py
[2024-04-12T09:07:18.961+0000] {logging_mixin.py:188} INFO - [2024-04-12T09:07:18.960+0000] {dag.py:3047} INFO - Sync 1 DAGs
[2024-04-12T09:07:18.989+0000] {logging_mixin.py:188} INFO - [2024-04-12T09:07:18.988+0000] {dag.py:3834} INFO - Setting next_dagrun for 20043131 to 2024-04-12 09:05:18.773002+00:00, run_after=2024-04-12 09:10:18.773002+00:00
[2024-04-12T09:07:19.035+0000] {processor.py:183} INFO - Processing /opt/airflow/dags/pipeline.py took 2.712 seconds
[2024-04-12T09:07:49.122+0000] {processor.py:161} INFO - Started process (PID=720) to work on /opt/airflow/dags/pipeline.py
[2024-04-12T09:07:49.123+0000] {processor.py:830} INFO - Processing file /opt/airflow/dags/pipeline.py for tasks to queue
[2024-04-12T09:07:49.124+0000] {logging_mixin.py:188} INFO - [2024-04-12T09:07:49.124+0000] {dagbag.py:540} INFO - Filling up the DagBag from /opt/airflow/dags/pipeline.py
[2024-04-12T09:07:51.214+0000] {processor.py:840} INFO - DAG(s) '20043131' retrieved from /opt/airflow/dags/pipeline.py
[2024-04-12T09:07:51.357+0000] {logging_mixin.py:188} INFO - [2024-04-12T09:07:51.356+0000] {dag.py:3047} INFO - Sync 1 DAGs
[2024-04-12T09:07:51.382+0000] {logging_mixin.py:188} INFO - [2024-04-12T09:07:51.382+0000] {dag.py:3834} INFO - Setting next_dagrun for 20043131 to 2024-04-12 09:05:51.206120+00:00, run_after=2024-04-12 09:10:51.206120+00:00
[2024-04-12T09:07:51.413+0000] {processor.py:183} INFO - Processing /opt/airflow/dags/pipeline.py took 2.296 seconds
[2024-04-12T09:08:21.558+0000] {processor.py:161} INFO - Started process (PID=788) to work on /opt/airflow/dags/pipeline.py
[2024-04-12T09:08:21.559+0000] {processor.py:830} INFO - Processing file /opt/airflow/dags/pipeline.py for tasks to queue
[2024-04-12T09:08:21.560+0000] {logging_mixin.py:188} INFO - [2024-04-12T09:08:21.560+0000] {dagbag.py:540} INFO - Filling up the DagBag from /opt/airflow/dags/pipeline.py
[2024-04-12T09:08:23.263+0000] {processor.py:840} INFO - DAG(s) '20043131' retrieved from /opt/airflow/dags/pipeline.py
[2024-04-12T09:08:23.372+0000] {logging_mixin.py:188} INFO - [2024-04-12T09:08:23.372+0000] {dag.py:3047} INFO - Sync 1 DAGs
[2024-04-12T09:08:23.394+0000] {logging_mixin.py:188} INFO - [2024-04-12T09:08:23.394+0000] {dag.py:3834} INFO - Setting next_dagrun for 20043131 to 2024-04-12 09:06:23.260531+00:00, run_after=2024-04-12 09:11:23.260531+00:00
[2024-04-12T09:08:23.436+0000] {processor.py:183} INFO - Processing /opt/airflow/dags/pipeline.py took 1.881 seconds
[2024-04-12T09:08:54.233+0000] {processor.py:161} INFO - Started process (PID=848) to work on /opt/airflow/dags/pipeline.py
[2024-04-12T09:08:54.234+0000] {processor.py:830} INFO - Processing file /opt/airflow/dags/pipeline.py for tasks to queue
[2024-04-12T09:08:54.235+0000] {logging_mixin.py:188} INFO - [2024-04-12T09:08:54.235+0000] {dagbag.py:540} INFO - Filling up the DagBag from /opt/airflow/dags/pipeline.py
[2024-04-12T09:08:56.451+0000] {processor.py:840} INFO - DAG(s) '20043131' retrieved from /opt/airflow/dags/pipeline.py
[2024-04-12T09:08:56.564+0000] {logging_mixin.py:188} INFO - [2024-04-12T09:08:56.564+0000] {dag.py:3047} INFO - Sync 1 DAGs
[2024-04-12T09:08:56.587+0000] {logging_mixin.py:188} INFO - [2024-04-12T09:08:56.586+0000] {dag.py:3834} INFO - Setting next_dagrun for 20043131 to 2024-04-12 09:06:56.447363+00:00, run_after=2024-04-12 09:11:56.447363+00:00
[2024-04-12T09:08:56.623+0000] {processor.py:183} INFO - Processing /opt/airflow/dags/pipeline.py took 2.395 seconds
[2024-04-12T09:09:27.077+0000] {processor.py:161} INFO - Started process (PID=917) to work on /opt/airflow/dags/pipeline.py
[2024-04-12T09:09:27.081+0000] {processor.py:830} INFO - Processing file /opt/airflow/dags/pipeline.py for tasks to queue
[2024-04-12T09:09:27.087+0000] {logging_mixin.py:188} INFO - [2024-04-12T09:09:27.085+0000] {dagbag.py:540} INFO - Filling up the DagBag from /opt/airflow/dags/pipeline.py
[2024-04-12T09:09:29.897+0000] {processor.py:840} INFO - DAG(s) '20043131' retrieved from /opt/airflow/dags/pipeline.py
[2024-04-12T09:09:30.058+0000] {logging_mixin.py:188} INFO - [2024-04-12T09:09:30.057+0000] {dag.py:3047} INFO - Sync 1 DAGs
[2024-04-12T09:09:30.085+0000] {logging_mixin.py:188} INFO - [2024-04-12T09:09:30.085+0000] {dag.py:3834} INFO - Setting next_dagrun for 20043131 to 2024-04-12 09:07:29.892817+00:00, run_after=2024-04-12 09:12:29.892817+00:00
[2024-04-12T09:09:30.117+0000] {processor.py:183} INFO - Processing /opt/airflow/dags/pipeline.py took 3.054 seconds
[2024-04-12T09:10:00.332+0000] {processor.py:161} INFO - Started process (PID=977) to work on /opt/airflow/dags/pipeline.py
[2024-04-12T09:10:00.335+0000] {processor.py:830} INFO - Processing file /opt/airflow/dags/pipeline.py for tasks to queue
[2024-04-12T09:10:00.338+0000] {logging_mixin.py:188} INFO - [2024-04-12T09:10:00.337+0000] {dagbag.py:540} INFO - Filling up the DagBag from /opt/airflow/dags/pipeline.py
[2024-04-12T09:10:02.474+0000] {processor.py:840} INFO - DAG(s) '20043131' retrieved from /opt/airflow/dags/pipeline.py
[2024-04-12T09:10:02.619+0000] {logging_mixin.py:188} INFO - [2024-04-12T09:10:02.619+0000] {dag.py:3047} INFO - Sync 1 DAGs
[2024-04-12T09:10:02.647+0000] {logging_mixin.py:188} INFO - [2024-04-12T09:10:02.646+0000] {dag.py:3834} INFO - Setting next_dagrun for 20043131 to 2024-04-12 09:08:02.470248+00:00, run_after=2024-04-12 09:13:02.470248+00:00
[2024-04-12T09:10:02.685+0000] {processor.py:183} INFO - Processing /opt/airflow/dags/pipeline.py took 2.359 seconds
[2024-04-12T09:10:33.713+0000] {processor.py:161} INFO - Started process (PID=1033) to work on /opt/airflow/dags/pipeline.py
[2024-04-12T09:10:33.723+0000] {processor.py:830} INFO - Processing file /opt/airflow/dags/pipeline.py for tasks to queue
[2024-04-12T09:10:33.728+0000] {logging_mixin.py:188} INFO - [2024-04-12T09:10:33.727+0000] {dagbag.py:540} INFO - Filling up the DagBag from /opt/airflow/dags/pipeline.py
[2024-04-12T09:10:49.260+0000] {processor.py:840} INFO - DAG(s) '20043131' retrieved from /opt/airflow/dags/pipeline.py
[2024-04-12T09:10:49.980+0000] {logging_mixin.py:188} INFO - [2024-04-12T09:10:49.979+0000] {dag.py:3047} INFO - Sync 1 DAGs
[2024-04-12T09:10:50.031+0000] {logging_mixin.py:188} INFO - [2024-04-12T09:10:50.029+0000] {dag.py:3834} INFO - Setting next_dagrun for 20043131 to 2024-04-12 09:08:49.246393+00:00, run_after=2024-04-12 09:13:49.246393+00:00
[2024-04-12T09:10:50.114+0000] {processor.py:183} INFO - Processing /opt/airflow/dags/pipeline.py took 16.412 seconds
[2024-04-12T09:11:20.678+0000] {processor.py:161} INFO - Started process (PID=1099) to work on /opt/airflow/dags/pipeline.py
[2024-04-12T09:11:20.683+0000] {processor.py:830} INFO - Processing file /opt/airflow/dags/pipeline.py for tasks to queue
[2024-04-12T09:11:20.691+0000] {logging_mixin.py:188} INFO - [2024-04-12T09:11:20.689+0000] {dagbag.py:540} INFO - Filling up the DagBag from /opt/airflow/dags/pipeline.py
[2024-04-12T09:11:23.538+0000] {processor.py:840} INFO - DAG(s) '20043131' retrieved from /opt/airflow/dags/pipeline.py
[2024-04-12T09:11:23.752+0000] {logging_mixin.py:188} INFO - [2024-04-12T09:11:23.752+0000] {dag.py:3047} INFO - Sync 1 DAGs
[2024-04-12T09:11:23.776+0000] {logging_mixin.py:188} INFO - [2024-04-12T09:11:23.775+0000] {dag.py:3834} INFO - Setting next_dagrun for 20043131 to 2024-04-12 09:09:23.534273+00:00, run_after=2024-04-12 09:14:23.534273+00:00
[2024-04-12T09:11:23.820+0000] {processor.py:183} INFO - Processing /opt/airflow/dags/pipeline.py took 3.154 seconds
[2024-04-12T09:11:53.871+0000] {processor.py:161} INFO - Started process (PID=1170) to work on /opt/airflow/dags/pipeline.py
[2024-04-12T09:11:53.873+0000] {processor.py:830} INFO - Processing file /opt/airflow/dags/pipeline.py for tasks to queue
[2024-04-12T09:11:53.875+0000] {logging_mixin.py:188} INFO - [2024-04-12T09:11:53.874+0000] {dagbag.py:540} INFO - Filling up the DagBag from /opt/airflow/dags/pipeline.py
[2024-04-12T09:11:55.945+0000] {processor.py:840} INFO - DAG(s) '20043131' retrieved from /opt/airflow/dags/pipeline.py
[2024-04-12T09:11:56.047+0000] {logging_mixin.py:188} INFO - [2024-04-12T09:11:56.046+0000] {dag.py:3047} INFO - Sync 1 DAGs
[2024-04-12T09:11:56.070+0000] {logging_mixin.py:188} INFO - [2024-04-12T09:11:56.070+0000] {dag.py:3834} INFO - Setting next_dagrun for 20043131 to 2024-04-12 09:09:55.942726+00:00, run_after=2024-04-12 09:14:55.942726+00:00
[2024-04-12T09:11:56.103+0000] {processor.py:183} INFO - Processing /opt/airflow/dags/pipeline.py took 2.235 seconds
[2024-04-12T09:12:26.575+0000] {processor.py:161} INFO - Started process (PID=1230) to work on /opt/airflow/dags/pipeline.py
[2024-04-12T09:12:26.576+0000] {processor.py:830} INFO - Processing file /opt/airflow/dags/pipeline.py for tasks to queue
[2024-04-12T09:12:26.577+0000] {logging_mixin.py:188} INFO - [2024-04-12T09:12:26.577+0000] {dagbag.py:540} INFO - Filling up the DagBag from /opt/airflow/dags/pipeline.py
[2024-04-12T09:12:28.368+0000] {processor.py:840} INFO - DAG(s) '20043131' retrieved from /opt/airflow/dags/pipeline.py
[2024-04-12T09:12:28.508+0000] {logging_mixin.py:188} INFO - [2024-04-12T09:12:28.508+0000] {dag.py:3047} INFO - Sync 1 DAGs
[2024-04-12T09:12:28.535+0000] {logging_mixin.py:188} INFO - [2024-04-12T09:12:28.534+0000] {dag.py:3834} INFO - Setting next_dagrun for 20043131 to 2024-04-12 09:10:28.359727+00:00, run_after=2024-04-12 09:15:28.359727+00:00
[2024-04-12T09:12:28.565+0000] {processor.py:183} INFO - Processing /opt/airflow/dags/pipeline.py took 1.993 seconds
[2024-04-12T09:12:58.724+0000] {processor.py:161} INFO - Started process (PID=1292) to work on /opt/airflow/dags/pipeline.py
[2024-04-12T09:12:58.725+0000] {processor.py:830} INFO - Processing file /opt/airflow/dags/pipeline.py for tasks to queue
[2024-04-12T09:12:58.726+0000] {logging_mixin.py:188} INFO - [2024-04-12T09:12:58.726+0000] {dagbag.py:540} INFO - Filling up the DagBag from /opt/airflow/dags/pipeline.py
[2024-04-12T09:13:01.125+0000] {processor.py:840} INFO - DAG(s) '20043131' retrieved from /opt/airflow/dags/pipeline.py
[2024-04-12T09:13:01.227+0000] {logging_mixin.py:188} INFO - [2024-04-12T09:13:01.227+0000] {dag.py:3047} INFO - Sync 1 DAGs
[2024-04-12T09:13:01.250+0000] {logging_mixin.py:188} INFO - [2024-04-12T09:13:01.250+0000] {dag.py:3834} INFO - Setting next_dagrun for 20043131 to 2024-04-12 09:11:01.122366+00:00, run_after=2024-04-12 09:16:01.122366+00:00
[2024-04-12T09:13:01.286+0000] {processor.py:183} INFO - Processing /opt/airflow/dags/pipeline.py took 2.565 seconds
[2024-04-12T09:13:32.110+0000] {processor.py:161} INFO - Started process (PID=1354) to work on /opt/airflow/dags/pipeline.py
[2024-04-12T09:13:32.112+0000] {processor.py:830} INFO - Processing file /opt/airflow/dags/pipeline.py for tasks to queue
[2024-04-12T09:13:32.113+0000] {logging_mixin.py:188} INFO - [2024-04-12T09:13:32.113+0000] {dagbag.py:540} INFO - Filling up the DagBag from /opt/airflow/dags/pipeline.py
[2024-04-12T09:13:35.546+0000] {processor.py:840} INFO - DAG(s) '20043131' retrieved from /opt/airflow/dags/pipeline.py
[2024-04-12T09:13:35.692+0000] {logging_mixin.py:188} INFO - [2024-04-12T09:13:35.691+0000] {dag.py:3047} INFO - Sync 1 DAGs
[2024-04-12T09:13:35.717+0000] {logging_mixin.py:188} INFO - [2024-04-12T09:13:35.717+0000] {dag.py:3834} INFO - Setting next_dagrun for 20043131 to 2024-04-12 09:11:35.543681+00:00, run_after=2024-04-12 09:16:35.543681+00:00
[2024-04-12T09:13:35.748+0000] {processor.py:183} INFO - Processing /opt/airflow/dags/pipeline.py took 3.643 seconds
[2024-04-12T09:14:06.751+0000] {processor.py:161} INFO - Started process (PID=1425) to work on /opt/airflow/dags/pipeline.py
[2024-04-12T09:14:06.753+0000] {processor.py:830} INFO - Processing file /opt/airflow/dags/pipeline.py for tasks to queue
[2024-04-12T09:14:06.754+0000] {logging_mixin.py:188} INFO - [2024-04-12T09:14:06.754+0000] {dagbag.py:540} INFO - Filling up the DagBag from /opt/airflow/dags/pipeline.py
[2024-04-12T09:14:08.670+0000] {processor.py:840} INFO - DAG(s) '20043131' retrieved from /opt/airflow/dags/pipeline.py
[2024-04-12T09:14:08.866+0000] {logging_mixin.py:188} INFO - [2024-04-12T09:14:08.866+0000] {dag.py:3047} INFO - Sync 1 DAGs
[2024-04-12T09:14:08.890+0000] {logging_mixin.py:188} INFO - [2024-04-12T09:14:08.890+0000] {dag.py:3834} INFO - Setting next_dagrun for 20043131 to 2024-04-12 09:12:08.666257+00:00, run_after=2024-04-12 09:17:08.666257+00:00
[2024-04-12T09:14:08.927+0000] {processor.py:183} INFO - Processing /opt/airflow/dags/pipeline.py took 2.178 seconds
[2024-04-12T09:14:39.907+0000] {processor.py:161} INFO - Started process (PID=1492) to work on /opt/airflow/dags/pipeline.py
[2024-04-12T09:14:39.909+0000] {processor.py:830} INFO - Processing file /opt/airflow/dags/pipeline.py for tasks to queue
[2024-04-12T09:14:39.912+0000] {logging_mixin.py:188} INFO - [2024-04-12T09:14:39.911+0000] {dagbag.py:540} INFO - Filling up the DagBag from /opt/airflow/dags/pipeline.py
[2024-04-12T09:14:42.524+0000] {processor.py:840} INFO - DAG(s) '20043131' retrieved from /opt/airflow/dags/pipeline.py
[2024-04-12T09:14:42.759+0000] {logging_mixin.py:188} INFO - [2024-04-12T09:14:42.759+0000] {dag.py:3047} INFO - Sync 1 DAGs
[2024-04-12T09:14:42.788+0000] {logging_mixin.py:188} INFO - [2024-04-12T09:14:42.787+0000] {dag.py:3834} INFO - Setting next_dagrun for 20043131 to 2024-04-12 09:12:42.519845+00:00, run_after=2024-04-12 09:17:42.519845+00:00
[2024-04-12T09:14:43.100+0000] {processor.py:183} INFO - Processing /opt/airflow/dags/pipeline.py took 3.200 seconds
[2024-04-12T09:15:14.041+0000] {processor.py:161} INFO - Started process (PID=1552) to work on /opt/airflow/dags/pipeline.py
[2024-04-12T09:15:14.044+0000] {processor.py:830} INFO - Processing file /opt/airflow/dags/pipeline.py for tasks to queue
[2024-04-12T09:15:14.045+0000] {logging_mixin.py:188} INFO - [2024-04-12T09:15:14.045+0000] {dagbag.py:540} INFO - Filling up the DagBag from /opt/airflow/dags/pipeline.py
[2024-04-12T09:15:16.596+0000] {processor.py:840} INFO - DAG(s) '20043131' retrieved from /opt/airflow/dags/pipeline.py
[2024-04-12T09:15:16.828+0000] {logging_mixin.py:188} INFO - [2024-04-12T09:15:16.827+0000] {dag.py:3047} INFO - Sync 1 DAGs
[2024-04-12T09:15:16.861+0000] {logging_mixin.py:188} INFO - [2024-04-12T09:15:16.861+0000] {dag.py:3834} INFO - Setting next_dagrun for 20043131 to 2024-04-12 09:13:16.591952+00:00, run_after=2024-04-12 09:18:16.591952+00:00
[2024-04-12T09:15:16.901+0000] {processor.py:183} INFO - Processing /opt/airflow/dags/pipeline.py took 2.865 seconds
[2024-04-12T09:15:47.515+0000] {processor.py:161} INFO - Started process (PID=1610) to work on /opt/airflow/dags/pipeline.py
[2024-04-12T09:15:47.521+0000] {processor.py:830} INFO - Processing file /opt/airflow/dags/pipeline.py for tasks to queue
[2024-04-12T09:15:47.526+0000] {logging_mixin.py:188} INFO - [2024-04-12T09:15:47.524+0000] {dagbag.py:540} INFO - Filling up the DagBag from /opt/airflow/dags/pipeline.py
[2024-04-12T09:15:50.107+0000] {processor.py:840} INFO - DAG(s) '20043131' retrieved from /opt/airflow/dags/pipeline.py
[2024-04-12T09:15:50.304+0000] {logging_mixin.py:188} INFO - [2024-04-12T09:15:50.303+0000] {dag.py:3047} INFO - Sync 1 DAGs
[2024-04-12T09:15:50.332+0000] {logging_mixin.py:188} INFO - [2024-04-12T09:15:50.332+0000] {dag.py:3834} INFO - Setting next_dagrun for 20043131 to 2024-04-12 09:13:50.091290+00:00, run_after=2024-04-12 09:18:50.091290+00:00
[2024-04-12T09:15:50.372+0000] {processor.py:183} INFO - Processing /opt/airflow/dags/pipeline.py took 2.867 seconds
[2024-04-12T09:16:21.186+0000] {processor.py:161} INFO - Started process (PID=1668) to work on /opt/airflow/dags/pipeline.py
[2024-04-12T09:16:21.190+0000] {processor.py:830} INFO - Processing file /opt/airflow/dags/pipeline.py for tasks to queue
[2024-04-12T09:16:21.199+0000] {logging_mixin.py:188} INFO - [2024-04-12T09:16:21.192+0000] {dagbag.py:540} INFO - Filling up the DagBag from /opt/airflow/dags/pipeline.py
