[2024-04-12T09:01:23.432+0000] {processor.py:161} INFO - Started process (PID=55) to work on /home/airflow/.local/lib/python3.8/site-packages/airflow/example_dags/example_branch_datetime_operator.py
[2024-04-12T09:01:23.434+0000] {processor.py:830} INFO - Processing file /home/airflow/.local/lib/python3.8/site-packages/airflow/example_dags/example_branch_datetime_operator.py for tasks to queue
[2024-04-12T09:01:23.438+0000] {logging_mixin.py:188} INFO - [2024-04-12T09:01:23.437+0000] {dagbag.py:540} INFO - Filling up the DagBag from /home/airflow/.local/lib/python3.8/site-packages/airflow/example_dags/example_branch_datetime_operator.py
[2024-04-12T09:01:23.464+0000] {processor.py:840} INFO - DAG(s) 'example_branch_datetime_operator_2', 'example_branch_datetime_operator', 'example_branch_datetime_operator_3' retrieved from /home/airflow/.local/lib/python3.8/site-packages/airflow/example_dags/example_branch_datetime_operator.py
[2024-04-12T09:01:23.851+0000] {logging_mixin.py:188} INFO - [2024-04-12T09:01:23.849+0000] {override.py:1769} INFO - Created Permission View: can read on DAG:example_branch_datetime_operator_2
[2024-04-12T09:01:23.908+0000] {logging_mixin.py:188} INFO - [2024-04-12T09:01:23.906+0000] {override.py:1769} INFO - Created Permission View: can edit on DAG:example_branch_datetime_operator_2
[2024-04-12T09:01:23.955+0000] {logging_mixin.py:188} INFO - [2024-04-12T09:01:23.954+0000] {override.py:1769} INFO - Created Permission View: can delete on DAG:example_branch_datetime_operator_2
[2024-04-12T09:01:24.007+0000] {logging_mixin.py:188} INFO - [2024-04-12T09:01:24.006+0000] {override.py:1769} INFO - Created Permission View: can read on DAG:example_branch_datetime_operator
[2024-04-12T09:01:24.035+0000] {logging_mixin.py:188} INFO - [2024-04-12T09:01:24.034+0000] {override.py:1769} INFO - Created Permission View: can edit on DAG:example_branch_datetime_operator
[2024-04-12T09:01:24.059+0000] {logging_mixin.py:188} INFO - [2024-04-12T09:01:24.058+0000] {override.py:1769} INFO - Created Permission View: can delete on DAG:example_branch_datetime_operator
[2024-04-12T09:01:24.102+0000] {logging_mixin.py:188} INFO - [2024-04-12T09:01:24.101+0000] {override.py:1769} INFO - Created Permission View: can read on DAG:example_branch_datetime_operator_3
[2024-04-12T09:01:24.128+0000] {logging_mixin.py:188} INFO - [2024-04-12T09:01:24.126+0000] {override.py:1769} INFO - Created Permission View: can edit on DAG:example_branch_datetime_operator_3
[2024-04-12T09:01:24.159+0000] {logging_mixin.py:188} INFO - [2024-04-12T09:01:24.157+0000] {override.py:1769} INFO - Created Permission View: can delete on DAG:example_branch_datetime_operator_3
[2024-04-12T09:01:24.161+0000] {logging_mixin.py:188} INFO - [2024-04-12T09:01:24.161+0000] {dag.py:3047} INFO - Sync 3 DAGs
[2024-04-12T09:01:24.180+0000] {logging_mixin.py:188} INFO - [2024-04-12T09:01:24.180+0000] {dag.py:3069} INFO - Creating ORM DAG for example_branch_datetime_operator_3
[2024-04-12T09:01:24.183+0000] {logging_mixin.py:188} INFO - [2024-04-12T09:01:24.182+0000] {dag.py:3069} INFO - Creating ORM DAG for example_branch_datetime_operator_2
[2024-04-12T09:01:24.185+0000] {logging_mixin.py:188} INFO - [2024-04-12T09:01:24.185+0000] {dag.py:3069} INFO - Creating ORM DAG for example_branch_datetime_operator
[2024-04-12T09:01:24.205+0000] {logging_mixin.py:188} INFO - [2024-04-12T09:01:24.204+0000] {dag.py:3834} INFO - Setting next_dagrun for example_branch_datetime_operator to 2024-04-11 00:00:00+00:00, run_after=2024-04-12 00:00:00+00:00
[2024-04-12T09:01:24.208+0000] {logging_mixin.py:188} INFO - [2024-04-12T09:01:24.208+0000] {dag.py:3834} INFO - Setting next_dagrun for example_branch_datetime_operator_2 to 2024-04-11 00:00:00+00:00, run_after=2024-04-12 00:00:00+00:00
[2024-04-12T09:01:24.212+0000] {logging_mixin.py:188} INFO - [2024-04-12T09:01:24.212+0000] {dag.py:3834} INFO - Setting next_dagrun for example_branch_datetime_operator_3 to 2024-04-11 00:00:00+00:00, run_after=2024-04-12 00:00:00+00:00
[2024-04-12T09:01:24.285+0000] {processor.py:183} INFO - Processing /home/airflow/.local/lib/python3.8/site-packages/airflow/example_dags/example_branch_datetime_operator.py took 0.860 seconds
[2024-04-12T09:01:54.673+0000] {processor.py:161} INFO - Started process (PID=111) to work on /home/airflow/.local/lib/python3.8/site-packages/airflow/example_dags/example_branch_datetime_operator.py
[2024-04-12T09:01:54.677+0000] {processor.py:830} INFO - Processing file /home/airflow/.local/lib/python3.8/site-packages/airflow/example_dags/example_branch_datetime_operator.py for tasks to queue
[2024-04-12T09:01:54.682+0000] {logging_mixin.py:188} INFO - [2024-04-12T09:01:54.681+0000] {dagbag.py:540} INFO - Filling up the DagBag from /home/airflow/.local/lib/python3.8/site-packages/airflow/example_dags/example_branch_datetime_operator.py
[2024-04-12T09:01:54.712+0000] {processor.py:840} INFO - DAG(s) 'example_branch_datetime_operator_3', 'example_branch_datetime_operator', 'example_branch_datetime_operator_2' retrieved from /home/airflow/.local/lib/python3.8/site-packages/airflow/example_dags/example_branch_datetime_operator.py
[2024-04-12T09:01:54.790+0000] {logging_mixin.py:188} INFO - [2024-04-12T09:01:54.789+0000] {dag.py:3047} INFO - Sync 3 DAGs
[2024-04-12T09:01:54.849+0000] {logging_mixin.py:188} INFO - [2024-04-12T09:01:54.848+0000] {dag.py:3834} INFO - Setting next_dagrun for example_branch_datetime_operator to 2024-04-11 00:00:00+00:00, run_after=2024-04-12 00:00:00+00:00
[2024-04-12T09:01:54.862+0000] {logging_mixin.py:188} INFO - [2024-04-12T09:01:54.862+0000] {dag.py:3834} INFO - Setting next_dagrun for example_branch_datetime_operator_2 to 2024-04-11 00:00:00+00:00, run_after=2024-04-12 00:00:00+00:00
[2024-04-12T09:01:54.872+0000] {logging_mixin.py:188} INFO - [2024-04-12T09:01:54.872+0000] {dag.py:3834} INFO - Setting next_dagrun for example_branch_datetime_operator_3 to 2024-04-11 00:00:00+00:00, run_after=2024-04-12 00:00:00+00:00
[2024-04-12T09:01:54.933+0000] {processor.py:183} INFO - Processing /home/airflow/.local/lib/python3.8/site-packages/airflow/example_dags/example_branch_datetime_operator.py took 0.267 seconds
[2024-04-12T09:02:25.275+0000] {processor.py:161} INFO - Started process (PID=168) to work on /home/airflow/.local/lib/python3.8/site-packages/airflow/example_dags/example_branch_datetime_operator.py
[2024-04-12T09:02:25.289+0000] {processor.py:830} INFO - Processing file /home/airflow/.local/lib/python3.8/site-packages/airflow/example_dags/example_branch_datetime_operator.py for tasks to queue
[2024-04-12T09:02:25.295+0000] {logging_mixin.py:188} INFO - [2024-04-12T09:02:25.294+0000] {dagbag.py:540} INFO - Filling up the DagBag from /home/airflow/.local/lib/python3.8/site-packages/airflow/example_dags/example_branch_datetime_operator.py
[2024-04-12T09:02:25.358+0000] {processor.py:840} INFO - DAG(s) 'example_branch_datetime_operator', 'example_branch_datetime_operator_2', 'example_branch_datetime_operator_3' retrieved from /home/airflow/.local/lib/python3.8/site-packages/airflow/example_dags/example_branch_datetime_operator.py
[2024-04-12T09:02:25.461+0000] {logging_mixin.py:188} INFO - [2024-04-12T09:02:25.459+0000] {dag.py:3047} INFO - Sync 3 DAGs
[2024-04-12T09:02:25.590+0000] {logging_mixin.py:188} INFO - [2024-04-12T09:02:25.589+0000] {dag.py:3834} INFO - Setting next_dagrun for example_branch_datetime_operator to 2024-04-11 00:00:00+00:00, run_after=2024-04-12 00:00:00+00:00
[2024-04-12T09:02:25.606+0000] {logging_mixin.py:188} INFO - [2024-04-12T09:02:25.606+0000] {dag.py:3834} INFO - Setting next_dagrun for example_branch_datetime_operator_2 to 2024-04-11 00:00:00+00:00, run_after=2024-04-12 00:00:00+00:00
[2024-04-12T09:02:25.624+0000] {logging_mixin.py:188} INFO - [2024-04-12T09:02:25.623+0000] {dag.py:3834} INFO - Setting next_dagrun for example_branch_datetime_operator_3 to 2024-04-11 00:00:00+00:00, run_after=2024-04-12 00:00:00+00:00
[2024-04-12T09:02:25.736+0000] {processor.py:183} INFO - Processing /home/airflow/.local/lib/python3.8/site-packages/airflow/example_dags/example_branch_datetime_operator.py took 0.468 seconds
[2024-04-12T09:02:56.674+0000] {processor.py:161} INFO - Started process (PID=229) to work on /home/airflow/.local/lib/python3.8/site-packages/airflow/example_dags/example_branch_datetime_operator.py
[2024-04-12T09:02:56.678+0000] {processor.py:830} INFO - Processing file /home/airflow/.local/lib/python3.8/site-packages/airflow/example_dags/example_branch_datetime_operator.py for tasks to queue
[2024-04-12T09:02:56.681+0000] {logging_mixin.py:188} INFO - [2024-04-12T09:02:56.680+0000] {dagbag.py:540} INFO - Filling up the DagBag from /home/airflow/.local/lib/python3.8/site-packages/airflow/example_dags/example_branch_datetime_operator.py
[2024-04-12T09:02:56.694+0000] {processor.py:840} INFO - DAG(s) 'example_branch_datetime_operator', 'example_branch_datetime_operator_3', 'example_branch_datetime_operator_2' retrieved from /home/airflow/.local/lib/python3.8/site-packages/airflow/example_dags/example_branch_datetime_operator.py
[2024-04-12T09:02:56.734+0000] {logging_mixin.py:188} INFO - [2024-04-12T09:02:56.733+0000] {dag.py:3047} INFO - Sync 3 DAGs
[2024-04-12T09:02:56.763+0000] {logging_mixin.py:188} INFO - [2024-04-12T09:02:56.762+0000] {dag.py:3834} INFO - Setting next_dagrun for example_branch_datetime_operator to 2024-04-11 00:00:00+00:00, run_after=2024-04-12 00:00:00+00:00
[2024-04-12T09:02:56.769+0000] {logging_mixin.py:188} INFO - [2024-04-12T09:02:56.769+0000] {dag.py:3834} INFO - Setting next_dagrun for example_branch_datetime_operator_2 to 2024-04-11 00:00:00+00:00, run_after=2024-04-12 00:00:00+00:00
[2024-04-12T09:02:56.773+0000] {logging_mixin.py:188} INFO - [2024-04-12T09:02:56.772+0000] {dag.py:3834} INFO - Setting next_dagrun for example_branch_datetime_operator_3 to 2024-04-11 00:00:00+00:00, run_after=2024-04-12 00:00:00+00:00
[2024-04-12T09:02:56.807+0000] {processor.py:183} INFO - Processing /home/airflow/.local/lib/python3.8/site-packages/airflow/example_dags/example_branch_datetime_operator.py took 0.135 seconds
[2024-04-12T09:03:27.593+0000] {processor.py:161} INFO - Started process (PID=287) to work on /home/airflow/.local/lib/python3.8/site-packages/airflow/example_dags/example_branch_datetime_operator.py
[2024-04-12T09:03:27.594+0000] {processor.py:830} INFO - Processing file /home/airflow/.local/lib/python3.8/site-packages/airflow/example_dags/example_branch_datetime_operator.py for tasks to queue
[2024-04-12T09:03:27.596+0000] {logging_mixin.py:188} INFO - [2024-04-12T09:03:27.595+0000] {dagbag.py:540} INFO - Filling up the DagBag from /home/airflow/.local/lib/python3.8/site-packages/airflow/example_dags/example_branch_datetime_operator.py
[2024-04-12T09:03:27.610+0000] {processor.py:840} INFO - DAG(s) 'example_branch_datetime_operator_3', 'example_branch_datetime_operator_2', 'example_branch_datetime_operator' retrieved from /home/airflow/.local/lib/python3.8/site-packages/airflow/example_dags/example_branch_datetime_operator.py
[2024-04-12T09:03:27.658+0000] {logging_mixin.py:188} INFO - [2024-04-12T09:03:27.657+0000] {dag.py:3047} INFO - Sync 3 DAGs
[2024-04-12T09:03:27.690+0000] {logging_mixin.py:188} INFO - [2024-04-12T09:03:27.689+0000] {dag.py:3834} INFO - Setting next_dagrun for example_branch_datetime_operator to 2024-04-11 00:00:00+00:00, run_after=2024-04-12 00:00:00+00:00
[2024-04-12T09:03:27.696+0000] {logging_mixin.py:188} INFO - [2024-04-12T09:03:27.696+0000] {dag.py:3834} INFO - Setting next_dagrun for example_branch_datetime_operator_2 to 2024-04-11 00:00:00+00:00, run_after=2024-04-12 00:00:00+00:00
[2024-04-12T09:03:27.700+0000] {logging_mixin.py:188} INFO - [2024-04-12T09:03:27.700+0000] {dag.py:3834} INFO - Setting next_dagrun for example_branch_datetime_operator_3 to 2024-04-11 00:00:00+00:00, run_after=2024-04-12 00:00:00+00:00
[2024-04-12T09:03:27.728+0000] {processor.py:183} INFO - Processing /home/airflow/.local/lib/python3.8/site-packages/airflow/example_dags/example_branch_datetime_operator.py took 0.139 seconds
[2024-04-12T09:03:57.886+0000] {processor.py:161} INFO - Started process (PID=343) to work on /home/airflow/.local/lib/python3.8/site-packages/airflow/example_dags/example_branch_datetime_operator.py
[2024-04-12T09:03:57.887+0000] {processor.py:830} INFO - Processing file /home/airflow/.local/lib/python3.8/site-packages/airflow/example_dags/example_branch_datetime_operator.py for tasks to queue
[2024-04-12T09:03:57.890+0000] {logging_mixin.py:188} INFO - [2024-04-12T09:03:57.889+0000] {dagbag.py:540} INFO - Filling up the DagBag from /home/airflow/.local/lib/python3.8/site-packages/airflow/example_dags/example_branch_datetime_operator.py
[2024-04-12T09:03:57.908+0000] {processor.py:840} INFO - DAG(s) 'example_branch_datetime_operator_2', 'example_branch_datetime_operator_3', 'example_branch_datetime_operator' retrieved from /home/airflow/.local/lib/python3.8/site-packages/airflow/example_dags/example_branch_datetime_operator.py
[2024-04-12T09:03:57.948+0000] {logging_mixin.py:188} INFO - [2024-04-12T09:03:57.948+0000] {dag.py:3047} INFO - Sync 3 DAGs
[2024-04-12T09:03:57.983+0000] {logging_mixin.py:188} INFO - [2024-04-12T09:03:57.983+0000] {dag.py:3834} INFO - Setting next_dagrun for example_branch_datetime_operator to 2024-04-11 00:00:00+00:00, run_after=2024-04-12 00:00:00+00:00
[2024-04-12T09:03:57.989+0000] {logging_mixin.py:188} INFO - [2024-04-12T09:03:57.989+0000] {dag.py:3834} INFO - Setting next_dagrun for example_branch_datetime_operator_2 to 2024-04-11 00:00:00+00:00, run_after=2024-04-12 00:00:00+00:00
[2024-04-12T09:03:57.994+0000] {logging_mixin.py:188} INFO - [2024-04-12T09:03:57.993+0000] {dag.py:3834} INFO - Setting next_dagrun for example_branch_datetime_operator_3 to 2024-04-11 00:00:00+00:00, run_after=2024-04-12 00:00:00+00:00
[2024-04-12T09:03:58.028+0000] {processor.py:183} INFO - Processing /home/airflow/.local/lib/python3.8/site-packages/airflow/example_dags/example_branch_datetime_operator.py took 0.146 seconds
[2024-04-12T09:04:28.236+0000] {processor.py:161} INFO - Started process (PID=400) to work on /home/airflow/.local/lib/python3.8/site-packages/airflow/example_dags/example_branch_datetime_operator.py
[2024-04-12T09:04:28.243+0000] {processor.py:830} INFO - Processing file /home/airflow/.local/lib/python3.8/site-packages/airflow/example_dags/example_branch_datetime_operator.py for tasks to queue
[2024-04-12T09:04:28.255+0000] {logging_mixin.py:188} INFO - [2024-04-12T09:04:28.253+0000] {dagbag.py:540} INFO - Filling up the DagBag from /home/airflow/.local/lib/python3.8/site-packages/airflow/example_dags/example_branch_datetime_operator.py
[2024-04-12T09:04:28.369+0000] {processor.py:840} INFO - DAG(s) 'example_branch_datetime_operator_3', 'example_branch_datetime_operator', 'example_branch_datetime_operator_2' retrieved from /home/airflow/.local/lib/python3.8/site-packages/airflow/example_dags/example_branch_datetime_operator.py
[2024-04-12T09:04:28.537+0000] {logging_mixin.py:188} INFO - [2024-04-12T09:04:28.534+0000] {dag.py:3047} INFO - Sync 3 DAGs
[2024-04-12T09:04:28.694+0000] {logging_mixin.py:188} INFO - [2024-04-12T09:04:28.692+0000] {dag.py:3834} INFO - Setting next_dagrun for example_branch_datetime_operator to 2024-04-11 00:00:00+00:00, run_after=2024-04-12 00:00:00+00:00
[2024-04-12T09:04:28.711+0000] {logging_mixin.py:188} INFO - [2024-04-12T09:04:28.710+0000] {dag.py:3834} INFO - Setting next_dagrun for example_branch_datetime_operator_2 to 2024-04-11 00:00:00+00:00, run_after=2024-04-12 00:00:00+00:00
[2024-04-12T09:04:28.718+0000] {logging_mixin.py:188} INFO - [2024-04-12T09:04:28.717+0000] {dag.py:3834} INFO - Setting next_dagrun for example_branch_datetime_operator_3 to 2024-04-11 00:00:00+00:00, run_after=2024-04-12 00:00:00+00:00
[2024-04-12T09:04:28.794+0000] {processor.py:183} INFO - Processing /home/airflow/.local/lib/python3.8/site-packages/airflow/example_dags/example_branch_datetime_operator.py took 0.573 seconds
[2024-04-12T09:05:13.061+0000] {processor.py:161} INFO - Started process (PID=417) to work on /home/airflow/.local/lib/python3.8/site-packages/airflow/example_dags/example_branch_datetime_operator.py
[2024-04-12T09:05:13.063+0000] {processor.py:830} INFO - Processing file /home/airflow/.local/lib/python3.8/site-packages/airflow/example_dags/example_branch_datetime_operator.py for tasks to queue
[2024-04-12T09:05:13.065+0000] {logging_mixin.py:188} INFO - [2024-04-12T09:05:13.064+0000] {dagbag.py:540} INFO - Filling up the DagBag from /home/airflow/.local/lib/python3.8/site-packages/airflow/example_dags/example_branch_datetime_operator.py
[2024-04-12T09:05:13.077+0000] {processor.py:840} INFO - DAG(s) 'example_branch_datetime_operator_2', 'example_branch_datetime_operator', 'example_branch_datetime_operator_3' retrieved from /home/airflow/.local/lib/python3.8/site-packages/airflow/example_dags/example_branch_datetime_operator.py
[2024-04-12T09:05:13.120+0000] {logging_mixin.py:188} INFO - [2024-04-12T09:05:13.120+0000] {dag.py:3047} INFO - Sync 3 DAGs
[2024-04-12T09:05:13.153+0000] {logging_mixin.py:188} INFO - [2024-04-12T09:05:13.152+0000] {dag.py:3834} INFO - Setting next_dagrun for example_branch_datetime_operator to 2024-04-11 00:00:00+00:00, run_after=2024-04-12 00:00:00+00:00
[2024-04-12T09:05:13.166+0000] {logging_mixin.py:188} INFO - [2024-04-12T09:05:13.165+0000] {dag.py:3834} INFO - Setting next_dagrun for example_branch_datetime_operator_2 to 2024-04-11 00:00:00+00:00, run_after=2024-04-12 00:00:00+00:00
[2024-04-12T09:05:13.171+0000] {logging_mixin.py:188} INFO - [2024-04-12T09:05:13.170+0000] {dag.py:3834} INFO - Setting next_dagrun for example_branch_datetime_operator_3 to 2024-04-11 00:00:00+00:00, run_after=2024-04-12 00:00:00+00:00
[2024-04-12T09:05:13.207+0000] {processor.py:183} INFO - Processing /home/airflow/.local/lib/python3.8/site-packages/airflow/example_dags/example_branch_datetime_operator.py took 0.151 seconds
[2024-04-12T09:05:43.563+0000] {processor.py:161} INFO - Started process (PID=475) to work on /home/airflow/.local/lib/python3.8/site-packages/airflow/example_dags/example_branch_datetime_operator.py
[2024-04-12T09:05:43.566+0000] {processor.py:830} INFO - Processing file /home/airflow/.local/lib/python3.8/site-packages/airflow/example_dags/example_branch_datetime_operator.py for tasks to queue
[2024-04-12T09:05:43.568+0000] {logging_mixin.py:188} INFO - [2024-04-12T09:05:43.567+0000] {dagbag.py:540} INFO - Filling up the DagBag from /home/airflow/.local/lib/python3.8/site-packages/airflow/example_dags/example_branch_datetime_operator.py
[2024-04-12T09:05:43.583+0000] {processor.py:840} INFO - DAG(s) 'example_branch_datetime_operator_3', 'example_branch_datetime_operator', 'example_branch_datetime_operator_2' retrieved from /home/airflow/.local/lib/python3.8/site-packages/airflow/example_dags/example_branch_datetime_operator.py
[2024-04-12T09:05:43.627+0000] {logging_mixin.py:188} INFO - [2024-04-12T09:05:43.626+0000] {dag.py:3047} INFO - Sync 3 DAGs
[2024-04-12T09:05:43.659+0000] {logging_mixin.py:188} INFO - [2024-04-12T09:05:43.659+0000] {dag.py:3834} INFO - Setting next_dagrun for example_branch_datetime_operator to 2024-04-11 00:00:00+00:00, run_after=2024-04-12 00:00:00+00:00
[2024-04-12T09:05:43.667+0000] {logging_mixin.py:188} INFO - [2024-04-12T09:05:43.667+0000] {dag.py:3834} INFO - Setting next_dagrun for example_branch_datetime_operator_2 to 2024-04-11 00:00:00+00:00, run_after=2024-04-12 00:00:00+00:00
[2024-04-12T09:05:43.671+0000] {logging_mixin.py:188} INFO - [2024-04-12T09:05:43.671+0000] {dag.py:3834} INFO - Setting next_dagrun for example_branch_datetime_operator_3 to 2024-04-11 00:00:00+00:00, run_after=2024-04-12 00:00:00+00:00
[2024-04-12T09:05:43.699+0000] {processor.py:183} INFO - Processing /home/airflow/.local/lib/python3.8/site-packages/airflow/example_dags/example_branch_datetime_operator.py took 0.141 seconds
[2024-04-12T09:06:13.828+0000] {processor.py:161} INFO - Started process (PID=534) to work on /home/airflow/.local/lib/python3.8/site-packages/airflow/example_dags/example_branch_datetime_operator.py
[2024-04-12T09:06:13.830+0000] {processor.py:830} INFO - Processing file /home/airflow/.local/lib/python3.8/site-packages/airflow/example_dags/example_branch_datetime_operator.py for tasks to queue
[2024-04-12T09:06:13.831+0000] {logging_mixin.py:188} INFO - [2024-04-12T09:06:13.831+0000] {dagbag.py:540} INFO - Filling up the DagBag from /home/airflow/.local/lib/python3.8/site-packages/airflow/example_dags/example_branch_datetime_operator.py
[2024-04-12T09:06:13.842+0000] {processor.py:840} INFO - DAG(s) 'example_branch_datetime_operator_3', 'example_branch_datetime_operator', 'example_branch_datetime_operator_2' retrieved from /home/airflow/.local/lib/python3.8/site-packages/airflow/example_dags/example_branch_datetime_operator.py
[2024-04-12T09:06:13.885+0000] {logging_mixin.py:188} INFO - [2024-04-12T09:06:13.884+0000] {dag.py:3047} INFO - Sync 3 DAGs
[2024-04-12T09:06:13.915+0000] {logging_mixin.py:188} INFO - [2024-04-12T09:06:13.914+0000] {dag.py:3834} INFO - Setting next_dagrun for example_branch_datetime_operator to 2024-04-11 00:00:00+00:00, run_after=2024-04-12 00:00:00+00:00
[2024-04-12T09:06:13.924+0000] {logging_mixin.py:188} INFO - [2024-04-12T09:06:13.923+0000] {dag.py:3834} INFO - Setting next_dagrun for example_branch_datetime_operator_2 to 2024-04-11 00:00:00+00:00, run_after=2024-04-12 00:00:00+00:00
[2024-04-12T09:06:13.928+0000] {logging_mixin.py:188} INFO - [2024-04-12T09:06:13.927+0000] {dag.py:3834} INFO - Setting next_dagrun for example_branch_datetime_operator_3 to 2024-04-11 00:00:00+00:00, run_after=2024-04-12 00:00:00+00:00
[2024-04-12T09:06:13.953+0000] {processor.py:183} INFO - Processing /home/airflow/.local/lib/python3.8/site-packages/airflow/example_dags/example_branch_datetime_operator.py took 0.128 seconds
[2024-04-12T09:06:44.573+0000] {processor.py:161} INFO - Started process (PID=590) to work on /home/airflow/.local/lib/python3.8/site-packages/airflow/example_dags/example_branch_datetime_operator.py
[2024-04-12T09:06:44.574+0000] {processor.py:830} INFO - Processing file /home/airflow/.local/lib/python3.8/site-packages/airflow/example_dags/example_branch_datetime_operator.py for tasks to queue
[2024-04-12T09:06:44.576+0000] {logging_mixin.py:188} INFO - [2024-04-12T09:06:44.575+0000] {dagbag.py:540} INFO - Filling up the DagBag from /home/airflow/.local/lib/python3.8/site-packages/airflow/example_dags/example_branch_datetime_operator.py
[2024-04-12T09:06:44.587+0000] {processor.py:840} INFO - DAG(s) 'example_branch_datetime_operator_3', 'example_branch_datetime_operator_2', 'example_branch_datetime_operator' retrieved from /home/airflow/.local/lib/python3.8/site-packages/airflow/example_dags/example_branch_datetime_operator.py
[2024-04-12T09:06:44.619+0000] {logging_mixin.py:188} INFO - [2024-04-12T09:06:44.619+0000] {dag.py:3047} INFO - Sync 3 DAGs
[2024-04-12T09:06:44.647+0000] {logging_mixin.py:188} INFO - [2024-04-12T09:06:44.647+0000] {dag.py:3834} INFO - Setting next_dagrun for example_branch_datetime_operator to 2024-04-11 00:00:00+00:00, run_after=2024-04-12 00:00:00+00:00
[2024-04-12T09:06:44.652+0000] {logging_mixin.py:188} INFO - [2024-04-12T09:06:44.652+0000] {dag.py:3834} INFO - Setting next_dagrun for example_branch_datetime_operator_2 to 2024-04-11 00:00:00+00:00, run_after=2024-04-12 00:00:00+00:00
[2024-04-12T09:06:44.656+0000] {logging_mixin.py:188} INFO - [2024-04-12T09:06:44.656+0000] {dag.py:3834} INFO - Setting next_dagrun for example_branch_datetime_operator_3 to 2024-04-11 00:00:00+00:00, run_after=2024-04-12 00:00:00+00:00
[2024-04-12T09:06:44.686+0000] {processor.py:183} INFO - Processing /home/airflow/.local/lib/python3.8/site-packages/airflow/example_dags/example_branch_datetime_operator.py took 0.115 seconds
[2024-04-12T09:07:14.805+0000] {processor.py:161} INFO - Started process (PID=647) to work on /home/airflow/.local/lib/python3.8/site-packages/airflow/example_dags/example_branch_datetime_operator.py
[2024-04-12T09:07:14.806+0000] {processor.py:830} INFO - Processing file /home/airflow/.local/lib/python3.8/site-packages/airflow/example_dags/example_branch_datetime_operator.py for tasks to queue
[2024-04-12T09:07:14.807+0000] {logging_mixin.py:188} INFO - [2024-04-12T09:07:14.807+0000] {dagbag.py:540} INFO - Filling up the DagBag from /home/airflow/.local/lib/python3.8/site-packages/airflow/example_dags/example_branch_datetime_operator.py
[2024-04-12T09:07:14.816+0000] {processor.py:840} INFO - DAG(s) 'example_branch_datetime_operator', 'example_branch_datetime_operator_2', 'example_branch_datetime_operator_3' retrieved from /home/airflow/.local/lib/python3.8/site-packages/airflow/example_dags/example_branch_datetime_operator.py
[2024-04-12T09:07:14.857+0000] {logging_mixin.py:188} INFO - [2024-04-12T09:07:14.856+0000] {dag.py:3047} INFO - Sync 3 DAGs
[2024-04-12T09:07:14.882+0000] {logging_mixin.py:188} INFO - [2024-04-12T09:07:14.882+0000] {dag.py:3834} INFO - Setting next_dagrun for example_branch_datetime_operator to 2024-04-11 00:00:00+00:00, run_after=2024-04-12 00:00:00+00:00
[2024-04-12T09:07:14.890+0000] {logging_mixin.py:188} INFO - [2024-04-12T09:07:14.890+0000] {dag.py:3834} INFO - Setting next_dagrun for example_branch_datetime_operator_2 to 2024-04-11 00:00:00+00:00, run_after=2024-04-12 00:00:00+00:00
[2024-04-12T09:07:14.897+0000] {logging_mixin.py:188} INFO - [2024-04-12T09:07:14.896+0000] {dag.py:3834} INFO - Setting next_dagrun for example_branch_datetime_operator_3 to 2024-04-11 00:00:00+00:00, run_after=2024-04-12 00:00:00+00:00
[2024-04-12T09:07:14.921+0000] {processor.py:183} INFO - Processing /home/airflow/.local/lib/python3.8/site-packages/airflow/example_dags/example_branch_datetime_operator.py took 0.119 seconds
[2024-04-12T09:07:45.845+0000] {processor.py:161} INFO - Started process (PID=705) to work on /home/airflow/.local/lib/python3.8/site-packages/airflow/example_dags/example_branch_datetime_operator.py
[2024-04-12T09:07:45.847+0000] {processor.py:830} INFO - Processing file /home/airflow/.local/lib/python3.8/site-packages/airflow/example_dags/example_branch_datetime_operator.py for tasks to queue
[2024-04-12T09:07:45.848+0000] {logging_mixin.py:188} INFO - [2024-04-12T09:07:45.847+0000] {dagbag.py:540} INFO - Filling up the DagBag from /home/airflow/.local/lib/python3.8/site-packages/airflow/example_dags/example_branch_datetime_operator.py
[2024-04-12T09:07:45.857+0000] {processor.py:840} INFO - DAG(s) 'example_branch_datetime_operator_3', 'example_branch_datetime_operator', 'example_branch_datetime_operator_2' retrieved from /home/airflow/.local/lib/python3.8/site-packages/airflow/example_dags/example_branch_datetime_operator.py
[2024-04-12T09:07:45.894+0000] {logging_mixin.py:188} INFO - [2024-04-12T09:07:45.894+0000] {dag.py:3047} INFO - Sync 3 DAGs
[2024-04-12T09:07:45.921+0000] {logging_mixin.py:188} INFO - [2024-04-12T09:07:45.920+0000] {dag.py:3834} INFO - Setting next_dagrun for example_branch_datetime_operator to 2024-04-11 00:00:00+00:00, run_after=2024-04-12 00:00:00+00:00
[2024-04-12T09:07:45.929+0000] {logging_mixin.py:188} INFO - [2024-04-12T09:07:45.929+0000] {dag.py:3834} INFO - Setting next_dagrun for example_branch_datetime_operator_2 to 2024-04-11 00:00:00+00:00, run_after=2024-04-12 00:00:00+00:00
[2024-04-12T09:07:45.935+0000] {logging_mixin.py:188} INFO - [2024-04-12T09:07:45.934+0000] {dag.py:3834} INFO - Setting next_dagrun for example_branch_datetime_operator_3 to 2024-04-11 00:00:00+00:00, run_after=2024-04-12 00:00:00+00:00
[2024-04-12T09:07:45.961+0000] {processor.py:183} INFO - Processing /home/airflow/.local/lib/python3.8/site-packages/airflow/example_dags/example_branch_datetime_operator.py took 0.119 seconds
[2024-04-12T09:08:16.232+0000] {processor.py:161} INFO - Started process (PID=763) to work on /home/airflow/.local/lib/python3.8/site-packages/airflow/example_dags/example_branch_datetime_operator.py
[2024-04-12T09:08:16.234+0000] {processor.py:830} INFO - Processing file /home/airflow/.local/lib/python3.8/site-packages/airflow/example_dags/example_branch_datetime_operator.py for tasks to queue
[2024-04-12T09:08:16.236+0000] {logging_mixin.py:188} INFO - [2024-04-12T09:08:16.235+0000] {dagbag.py:540} INFO - Filling up the DagBag from /home/airflow/.local/lib/python3.8/site-packages/airflow/example_dags/example_branch_datetime_operator.py
[2024-04-12T09:08:16.249+0000] {processor.py:840} INFO - DAG(s) 'example_branch_datetime_operator_2', 'example_branch_datetime_operator_3', 'example_branch_datetime_operator' retrieved from /home/airflow/.local/lib/python3.8/site-packages/airflow/example_dags/example_branch_datetime_operator.py
[2024-04-12T09:08:16.310+0000] {logging_mixin.py:188} INFO - [2024-04-12T09:08:16.309+0000] {dag.py:3047} INFO - Sync 3 DAGs
[2024-04-12T09:08:16.349+0000] {logging_mixin.py:188} INFO - [2024-04-12T09:08:16.349+0000] {dag.py:3834} INFO - Setting next_dagrun for example_branch_datetime_operator to 2024-04-11 00:00:00+00:00, run_after=2024-04-12 00:00:00+00:00
[2024-04-12T09:08:16.360+0000] {logging_mixin.py:188} INFO - [2024-04-12T09:08:16.360+0000] {dag.py:3834} INFO - Setting next_dagrun for example_branch_datetime_operator_2 to 2024-04-11 00:00:00+00:00, run_after=2024-04-12 00:00:00+00:00
[2024-04-12T09:08:16.369+0000] {logging_mixin.py:188} INFO - [2024-04-12T09:08:16.369+0000] {dag.py:3834} INFO - Setting next_dagrun for example_branch_datetime_operator_3 to 2024-04-11 00:00:00+00:00, run_after=2024-04-12 00:00:00+00:00
[2024-04-12T09:08:16.415+0000] {processor.py:183} INFO - Processing /home/airflow/.local/lib/python3.8/site-packages/airflow/example_dags/example_branch_datetime_operator.py took 0.188 seconds
[2024-04-12T09:08:46.666+0000] {processor.py:161} INFO - Started process (PID=821) to work on /home/airflow/.local/lib/python3.8/site-packages/airflow/example_dags/example_branch_datetime_operator.py
[2024-04-12T09:08:46.667+0000] {processor.py:830} INFO - Processing file /home/airflow/.local/lib/python3.8/site-packages/airflow/example_dags/example_branch_datetime_operator.py for tasks to queue
[2024-04-12T09:08:46.669+0000] {logging_mixin.py:188} INFO - [2024-04-12T09:08:46.668+0000] {dagbag.py:540} INFO - Filling up the DagBag from /home/airflow/.local/lib/python3.8/site-packages/airflow/example_dags/example_branch_datetime_operator.py
[2024-04-12T09:08:46.683+0000] {processor.py:840} INFO - DAG(s) 'example_branch_datetime_operator', 'example_branch_datetime_operator_3', 'example_branch_datetime_operator_2' retrieved from /home/airflow/.local/lib/python3.8/site-packages/airflow/example_dags/example_branch_datetime_operator.py
[2024-04-12T09:08:46.719+0000] {logging_mixin.py:188} INFO - [2024-04-12T09:08:46.719+0000] {dag.py:3047} INFO - Sync 3 DAGs
[2024-04-12T09:08:46.748+0000] {logging_mixin.py:188} INFO - [2024-04-12T09:08:46.747+0000] {dag.py:3834} INFO - Setting next_dagrun for example_branch_datetime_operator to 2024-04-11 00:00:00+00:00, run_after=2024-04-12 00:00:00+00:00
[2024-04-12T09:08:46.760+0000] {logging_mixin.py:188} INFO - [2024-04-12T09:08:46.760+0000] {dag.py:3834} INFO - Setting next_dagrun for example_branch_datetime_operator_2 to 2024-04-11 00:00:00+00:00, run_after=2024-04-12 00:00:00+00:00
[2024-04-12T09:08:46.765+0000] {logging_mixin.py:188} INFO - [2024-04-12T09:08:46.764+0000] {dag.py:3834} INFO - Setting next_dagrun for example_branch_datetime_operator_3 to 2024-04-11 00:00:00+00:00, run_after=2024-04-12 00:00:00+00:00
[2024-04-12T09:08:46.804+0000] {processor.py:183} INFO - Processing /home/airflow/.local/lib/python3.8/site-packages/airflow/example_dags/example_branch_datetime_operator.py took 0.141 seconds
[2024-04-12T09:09:17.153+0000] {processor.py:161} INFO - Started process (PID=879) to work on /home/airflow/.local/lib/python3.8/site-packages/airflow/example_dags/example_branch_datetime_operator.py
[2024-04-12T09:09:17.155+0000] {processor.py:830} INFO - Processing file /home/airflow/.local/lib/python3.8/site-packages/airflow/example_dags/example_branch_datetime_operator.py for tasks to queue
[2024-04-12T09:09:17.156+0000] {logging_mixin.py:188} INFO - [2024-04-12T09:09:17.155+0000] {dagbag.py:540} INFO - Filling up the DagBag from /home/airflow/.local/lib/python3.8/site-packages/airflow/example_dags/example_branch_datetime_operator.py
[2024-04-12T09:09:17.166+0000] {processor.py:840} INFO - DAG(s) 'example_branch_datetime_operator_3', 'example_branch_datetime_operator_2', 'example_branch_datetime_operator' retrieved from /home/airflow/.local/lib/python3.8/site-packages/airflow/example_dags/example_branch_datetime_operator.py
[2024-04-12T09:09:17.200+0000] {logging_mixin.py:188} INFO - [2024-04-12T09:09:17.199+0000] {dag.py:3047} INFO - Sync 3 DAGs
[2024-04-12T09:09:17.233+0000] {logging_mixin.py:188} INFO - [2024-04-12T09:09:17.233+0000] {dag.py:3834} INFO - Setting next_dagrun for example_branch_datetime_operator to 2024-04-11 00:00:00+00:00, run_after=2024-04-12 00:00:00+00:00
[2024-04-12T09:09:17.242+0000] {logging_mixin.py:188} INFO - [2024-04-12T09:09:17.241+0000] {dag.py:3834} INFO - Setting next_dagrun for example_branch_datetime_operator_2 to 2024-04-11 00:00:00+00:00, run_after=2024-04-12 00:00:00+00:00
[2024-04-12T09:09:17.247+0000] {logging_mixin.py:188} INFO - [2024-04-12T09:09:17.246+0000] {dag.py:3834} INFO - Setting next_dagrun for example_branch_datetime_operator_3 to 2024-04-11 00:00:00+00:00, run_after=2024-04-12 00:00:00+00:00
[2024-04-12T09:09:17.279+0000] {processor.py:183} INFO - Processing /home/airflow/.local/lib/python3.8/site-packages/airflow/example_dags/example_branch_datetime_operator.py took 0.129 seconds
[2024-04-12T09:09:47.479+0000] {processor.py:161} INFO - Started process (PID=937) to work on /home/airflow/.local/lib/python3.8/site-packages/airflow/example_dags/example_branch_datetime_operator.py
[2024-04-12T09:09:47.481+0000] {processor.py:830} INFO - Processing file /home/airflow/.local/lib/python3.8/site-packages/airflow/example_dags/example_branch_datetime_operator.py for tasks to queue
[2024-04-12T09:09:47.484+0000] {logging_mixin.py:188} INFO - [2024-04-12T09:09:47.483+0000] {dagbag.py:540} INFO - Filling up the DagBag from /home/airflow/.local/lib/python3.8/site-packages/airflow/example_dags/example_branch_datetime_operator.py
[2024-04-12T09:09:47.500+0000] {processor.py:840} INFO - DAG(s) 'example_branch_datetime_operator', 'example_branch_datetime_operator_3', 'example_branch_datetime_operator_2' retrieved from /home/airflow/.local/lib/python3.8/site-packages/airflow/example_dags/example_branch_datetime_operator.py
[2024-04-12T09:09:47.549+0000] {logging_mixin.py:188} INFO - [2024-04-12T09:09:47.548+0000] {dag.py:3047} INFO - Sync 3 DAGs
[2024-04-12T09:09:47.584+0000] {logging_mixin.py:188} INFO - [2024-04-12T09:09:47.584+0000] {dag.py:3834} INFO - Setting next_dagrun for example_branch_datetime_operator to 2024-04-11 00:00:00+00:00, run_after=2024-04-12 00:00:00+00:00
[2024-04-12T09:09:47.592+0000] {logging_mixin.py:188} INFO - [2024-04-12T09:09:47.591+0000] {dag.py:3834} INFO - Setting next_dagrun for example_branch_datetime_operator_2 to 2024-04-11 00:00:00+00:00, run_after=2024-04-12 00:00:00+00:00
[2024-04-12T09:09:47.597+0000] {logging_mixin.py:188} INFO - [2024-04-12T09:09:47.596+0000] {dag.py:3834} INFO - Setting next_dagrun for example_branch_datetime_operator_3 to 2024-04-11 00:00:00+00:00, run_after=2024-04-12 00:00:00+00:00
[2024-04-12T09:09:47.632+0000] {processor.py:183} INFO - Processing /home/airflow/.local/lib/python3.8/site-packages/airflow/example_dags/example_branch_datetime_operator.py took 0.157 seconds
[2024-04-12T09:10:20.184+0000] {processor.py:161} INFO - Started process (PID=995) to work on /home/airflow/.local/lib/python3.8/site-packages/airflow/example_dags/example_branch_datetime_operator.py
[2024-04-12T09:10:20.197+0000] {processor.py:830} INFO - Processing file /home/airflow/.local/lib/python3.8/site-packages/airflow/example_dags/example_branch_datetime_operator.py for tasks to queue
[2024-04-12T09:10:20.206+0000] {logging_mixin.py:188} INFO - [2024-04-12T09:10:20.203+0000] {dagbag.py:540} INFO - Filling up the DagBag from /home/airflow/.local/lib/python3.8/site-packages/airflow/example_dags/example_branch_datetime_operator.py
[2024-04-12T09:10:20.258+0000] {processor.py:840} INFO - DAG(s) 'example_branch_datetime_operator', 'example_branch_datetime_operator_3', 'example_branch_datetime_operator_2' retrieved from /home/airflow/.local/lib/python3.8/site-packages/airflow/example_dags/example_branch_datetime_operator.py
[2024-04-12T09:10:20.416+0000] {logging_mixin.py:188} INFO - [2024-04-12T09:10:20.413+0000] {dag.py:3047} INFO - Sync 3 DAGs
[2024-04-12T09:10:20.543+0000] {logging_mixin.py:188} INFO - [2024-04-12T09:10:20.542+0000] {dag.py:3834} INFO - Setting next_dagrun for example_branch_datetime_operator to 2024-04-11 00:00:00+00:00, run_after=2024-04-12 00:00:00+00:00
[2024-04-12T09:10:20.579+0000] {logging_mixin.py:188} INFO - [2024-04-12T09:10:20.578+0000] {dag.py:3834} INFO - Setting next_dagrun for example_branch_datetime_operator_2 to 2024-04-11 00:00:00+00:00, run_after=2024-04-12 00:00:00+00:00
[2024-04-12T09:10:20.595+0000] {logging_mixin.py:188} INFO - [2024-04-12T09:10:20.594+0000] {dag.py:3834} INFO - Setting next_dagrun for example_branch_datetime_operator_3 to 2024-04-11 00:00:00+00:00, run_after=2024-04-12 00:00:00+00:00
[2024-04-12T09:10:20.701+0000] {processor.py:183} INFO - Processing /home/airflow/.local/lib/python3.8/site-packages/airflow/example_dags/example_branch_datetime_operator.py took 0.547 seconds
[2024-04-12T09:10:50.967+0000] {processor.py:161} INFO - Started process (PID=1053) to work on /home/airflow/.local/lib/python3.8/site-packages/airflow/example_dags/example_branch_datetime_operator.py
[2024-04-12T09:10:50.968+0000] {processor.py:830} INFO - Processing file /home/airflow/.local/lib/python3.8/site-packages/airflow/example_dags/example_branch_datetime_operator.py for tasks to queue
[2024-04-12T09:10:50.969+0000] {logging_mixin.py:188} INFO - [2024-04-12T09:10:50.969+0000] {dagbag.py:540} INFO - Filling up the DagBag from /home/airflow/.local/lib/python3.8/site-packages/airflow/example_dags/example_branch_datetime_operator.py
[2024-04-12T09:10:50.978+0000] {processor.py:840} INFO - DAG(s) 'example_branch_datetime_operator_3', 'example_branch_datetime_operator', 'example_branch_datetime_operator_2' retrieved from /home/airflow/.local/lib/python3.8/site-packages/airflow/example_dags/example_branch_datetime_operator.py
[2024-04-12T09:10:51.017+0000] {logging_mixin.py:188} INFO - [2024-04-12T09:10:51.017+0000] {dag.py:3047} INFO - Sync 3 DAGs
[2024-04-12T09:10:51.047+0000] {logging_mixin.py:188} INFO - [2024-04-12T09:10:51.046+0000] {dag.py:3834} INFO - Setting next_dagrun for example_branch_datetime_operator to 2024-04-11 00:00:00+00:00, run_after=2024-04-12 00:00:00+00:00
[2024-04-12T09:10:51.053+0000] {logging_mixin.py:188} INFO - [2024-04-12T09:10:51.052+0000] {dag.py:3834} INFO - Setting next_dagrun for example_branch_datetime_operator_2 to 2024-04-11 00:00:00+00:00, run_after=2024-04-12 00:00:00+00:00
[2024-04-12T09:10:51.057+0000] {logging_mixin.py:188} INFO - [2024-04-12T09:10:51.056+0000] {dag.py:3834} INFO - Setting next_dagrun for example_branch_datetime_operator_3 to 2024-04-11 00:00:00+00:00, run_after=2024-04-12 00:00:00+00:00
[2024-04-12T09:10:51.086+0000] {processor.py:183} INFO - Processing /home/airflow/.local/lib/python3.8/site-packages/airflow/example_dags/example_branch_datetime_operator.py took 0.122 seconds
[2024-04-12T09:11:22.879+0000] {processor.py:161} INFO - Started process (PID=1108) to work on /home/airflow/.local/lib/python3.8/site-packages/airflow/example_dags/example_branch_datetime_operator.py
[2024-04-12T09:11:22.880+0000] {processor.py:830} INFO - Processing file /home/airflow/.local/lib/python3.8/site-packages/airflow/example_dags/example_branch_datetime_operator.py for tasks to queue
[2024-04-12T09:11:22.881+0000] {logging_mixin.py:188} INFO - [2024-04-12T09:11:22.881+0000] {dagbag.py:540} INFO - Filling up the DagBag from /home/airflow/.local/lib/python3.8/site-packages/airflow/example_dags/example_branch_datetime_operator.py
[2024-04-12T09:11:22.895+0000] {processor.py:840} INFO - DAG(s) 'example_branch_datetime_operator', 'example_branch_datetime_operator_2', 'example_branch_datetime_operator_3' retrieved from /home/airflow/.local/lib/python3.8/site-packages/airflow/example_dags/example_branch_datetime_operator.py
[2024-04-12T09:11:22.931+0000] {logging_mixin.py:188} INFO - [2024-04-12T09:11:22.930+0000] {dag.py:3047} INFO - Sync 3 DAGs
[2024-04-12T09:11:22.958+0000] {logging_mixin.py:188} INFO - [2024-04-12T09:11:22.957+0000] {dag.py:3834} INFO - Setting next_dagrun for example_branch_datetime_operator to 2024-04-11 00:00:00+00:00, run_after=2024-04-12 00:00:00+00:00
[2024-04-12T09:11:22.967+0000] {logging_mixin.py:188} INFO - [2024-04-12T09:11:22.967+0000] {dag.py:3834} INFO - Setting next_dagrun for example_branch_datetime_operator_2 to 2024-04-11 00:00:00+00:00, run_after=2024-04-12 00:00:00+00:00
[2024-04-12T09:11:22.972+0000] {logging_mixin.py:188} INFO - [2024-04-12T09:11:22.972+0000] {dag.py:3834} INFO - Setting next_dagrun for example_branch_datetime_operator_3 to 2024-04-11 00:00:00+00:00, run_after=2024-04-12 00:00:00+00:00
[2024-04-12T09:11:23.004+0000] {processor.py:183} INFO - Processing /home/airflow/.local/lib/python3.8/site-packages/airflow/example_dags/example_branch_datetime_operator.py took 0.128 seconds
[2024-04-12T09:11:53.061+0000] {processor.py:161} INFO - Started process (PID=1165) to work on /home/airflow/.local/lib/python3.8/site-packages/airflow/example_dags/example_branch_datetime_operator.py
[2024-04-12T09:11:53.064+0000] {processor.py:830} INFO - Processing file /home/airflow/.local/lib/python3.8/site-packages/airflow/example_dags/example_branch_datetime_operator.py for tasks to queue
[2024-04-12T09:11:53.066+0000] {logging_mixin.py:188} INFO - [2024-04-12T09:11:53.065+0000] {dagbag.py:540} INFO - Filling up the DagBag from /home/airflow/.local/lib/python3.8/site-packages/airflow/example_dags/example_branch_datetime_operator.py
[2024-04-12T09:11:53.079+0000] {processor.py:840} INFO - DAG(s) 'example_branch_datetime_operator_3', 'example_branch_datetime_operator_2', 'example_branch_datetime_operator' retrieved from /home/airflow/.local/lib/python3.8/site-packages/airflow/example_dags/example_branch_datetime_operator.py
[2024-04-12T09:11:53.138+0000] {logging_mixin.py:188} INFO - [2024-04-12T09:11:53.138+0000] {dag.py:3047} INFO - Sync 3 DAGs
[2024-04-12T09:11:53.187+0000] {logging_mixin.py:188} INFO - [2024-04-12T09:11:53.186+0000] {dag.py:3834} INFO - Setting next_dagrun for example_branch_datetime_operator to 2024-04-11 00:00:00+00:00, run_after=2024-04-12 00:00:00+00:00
[2024-04-12T09:11:53.198+0000] {logging_mixin.py:188} INFO - [2024-04-12T09:11:53.198+0000] {dag.py:3834} INFO - Setting next_dagrun for example_branch_datetime_operator_2 to 2024-04-11 00:00:00+00:00, run_after=2024-04-12 00:00:00+00:00
[2024-04-12T09:11:53.203+0000] {logging_mixin.py:188} INFO - [2024-04-12T09:11:53.202+0000] {dag.py:3834} INFO - Setting next_dagrun for example_branch_datetime_operator_3 to 2024-04-11 00:00:00+00:00, run_after=2024-04-12 00:00:00+00:00
[2024-04-12T09:11:53.231+0000] {processor.py:183} INFO - Processing /home/airflow/.local/lib/python3.8/site-packages/airflow/example_dags/example_branch_datetime_operator.py took 0.175 seconds
[2024-04-12T09:12:23.683+0000] {processor.py:161} INFO - Started process (PID=1219) to work on /home/airflow/.local/lib/python3.8/site-packages/airflow/example_dags/example_branch_datetime_operator.py
[2024-04-12T09:12:23.684+0000] {processor.py:830} INFO - Processing file /home/airflow/.local/lib/python3.8/site-packages/airflow/example_dags/example_branch_datetime_operator.py for tasks to queue
[2024-04-12T09:12:23.686+0000] {logging_mixin.py:188} INFO - [2024-04-12T09:12:23.685+0000] {dagbag.py:540} INFO - Filling up the DagBag from /home/airflow/.local/lib/python3.8/site-packages/airflow/example_dags/example_branch_datetime_operator.py
[2024-04-12T09:12:23.697+0000] {processor.py:840} INFO - DAG(s) 'example_branch_datetime_operator_2', 'example_branch_datetime_operator_3', 'example_branch_datetime_operator' retrieved from /home/airflow/.local/lib/python3.8/site-packages/airflow/example_dags/example_branch_datetime_operator.py
[2024-04-12T09:12:23.731+0000] {logging_mixin.py:188} INFO - [2024-04-12T09:12:23.731+0000] {dag.py:3047} INFO - Sync 3 DAGs
[2024-04-12T09:12:23.760+0000] {logging_mixin.py:188} INFO - [2024-04-12T09:12:23.760+0000] {dag.py:3834} INFO - Setting next_dagrun for example_branch_datetime_operator to 2024-04-11 00:00:00+00:00, run_after=2024-04-12 00:00:00+00:00
[2024-04-12T09:12:23.766+0000] {logging_mixin.py:188} INFO - [2024-04-12T09:12:23.766+0000] {dag.py:3834} INFO - Setting next_dagrun for example_branch_datetime_operator_2 to 2024-04-11 00:00:00+00:00, run_after=2024-04-12 00:00:00+00:00
[2024-04-12T09:12:23.770+0000] {logging_mixin.py:188} INFO - [2024-04-12T09:12:23.769+0000] {dag.py:3834} INFO - Setting next_dagrun for example_branch_datetime_operator_3 to 2024-04-11 00:00:00+00:00, run_after=2024-04-12 00:00:00+00:00
[2024-04-12T09:12:23.793+0000] {processor.py:183} INFO - Processing /home/airflow/.local/lib/python3.8/site-packages/airflow/example_dags/example_branch_datetime_operator.py took 0.113 seconds
[2024-04-12T09:12:54.775+0000] {processor.py:161} INFO - Started process (PID=1277) to work on /home/airflow/.local/lib/python3.8/site-packages/airflow/example_dags/example_branch_datetime_operator.py
[2024-04-12T09:12:54.777+0000] {processor.py:830} INFO - Processing file /home/airflow/.local/lib/python3.8/site-packages/airflow/example_dags/example_branch_datetime_operator.py for tasks to queue
[2024-04-12T09:12:54.779+0000] {logging_mixin.py:188} INFO - [2024-04-12T09:12:54.778+0000] {dagbag.py:540} INFO - Filling up the DagBag from /home/airflow/.local/lib/python3.8/site-packages/airflow/example_dags/example_branch_datetime_operator.py
[2024-04-12T09:12:54.791+0000] {processor.py:840} INFO - DAG(s) 'example_branch_datetime_operator_3', 'example_branch_datetime_operator', 'example_branch_datetime_operator_2' retrieved from /home/airflow/.local/lib/python3.8/site-packages/airflow/example_dags/example_branch_datetime_operator.py
[2024-04-12T09:12:54.843+0000] {logging_mixin.py:188} INFO - [2024-04-12T09:12:54.843+0000] {dag.py:3047} INFO - Sync 3 DAGs
[2024-04-12T09:12:54.882+0000] {logging_mixin.py:188} INFO - [2024-04-12T09:12:54.882+0000] {dag.py:3834} INFO - Setting next_dagrun for example_branch_datetime_operator to 2024-04-11 00:00:00+00:00, run_after=2024-04-12 00:00:00+00:00
[2024-04-12T09:12:54.891+0000] {logging_mixin.py:188} INFO - [2024-04-12T09:12:54.890+0000] {dag.py:3834} INFO - Setting next_dagrun for example_branch_datetime_operator_2 to 2024-04-11 00:00:00+00:00, run_after=2024-04-12 00:00:00+00:00
[2024-04-12T09:12:54.896+0000] {logging_mixin.py:188} INFO - [2024-04-12T09:12:54.895+0000] {dag.py:3834} INFO - Setting next_dagrun for example_branch_datetime_operator_3 to 2024-04-11 00:00:00+00:00, run_after=2024-04-12 00:00:00+00:00
[2024-04-12T09:12:54.936+0000] {processor.py:183} INFO - Processing /home/airflow/.local/lib/python3.8/site-packages/airflow/example_dags/example_branch_datetime_operator.py took 0.164 seconds
[2024-04-12T09:13:25.249+0000] {processor.py:161} INFO - Started process (PID=1335) to work on /home/airflow/.local/lib/python3.8/site-packages/airflow/example_dags/example_branch_datetime_operator.py
[2024-04-12T09:13:25.250+0000] {processor.py:830} INFO - Processing file /home/airflow/.local/lib/python3.8/site-packages/airflow/example_dags/example_branch_datetime_operator.py for tasks to queue
[2024-04-12T09:13:25.252+0000] {logging_mixin.py:188} INFO - [2024-04-12T09:13:25.251+0000] {dagbag.py:540} INFO - Filling up the DagBag from /home/airflow/.local/lib/python3.8/site-packages/airflow/example_dags/example_branch_datetime_operator.py
[2024-04-12T09:13:25.264+0000] {processor.py:840} INFO - DAG(s) 'example_branch_datetime_operator_2', 'example_branch_datetime_operator', 'example_branch_datetime_operator_3' retrieved from /home/airflow/.local/lib/python3.8/site-packages/airflow/example_dags/example_branch_datetime_operator.py
[2024-04-12T09:13:25.308+0000] {logging_mixin.py:188} INFO - [2024-04-12T09:13:25.307+0000] {dag.py:3047} INFO - Sync 3 DAGs
[2024-04-12T09:13:25.341+0000] {logging_mixin.py:188} INFO - [2024-04-12T09:13:25.340+0000] {dag.py:3834} INFO - Setting next_dagrun for example_branch_datetime_operator to 2024-04-11 00:00:00+00:00, run_after=2024-04-12 00:00:00+00:00
[2024-04-12T09:13:25.349+0000] {logging_mixin.py:188} INFO - [2024-04-12T09:13:25.349+0000] {dag.py:3834} INFO - Setting next_dagrun for example_branch_datetime_operator_2 to 2024-04-11 00:00:00+00:00, run_after=2024-04-12 00:00:00+00:00
[2024-04-12T09:13:25.354+0000] {logging_mixin.py:188} INFO - [2024-04-12T09:13:25.353+0000] {dag.py:3834} INFO - Setting next_dagrun for example_branch_datetime_operator_3 to 2024-04-11 00:00:00+00:00, run_after=2024-04-12 00:00:00+00:00
[2024-04-12T09:13:25.386+0000] {processor.py:183} INFO - Processing /home/airflow/.local/lib/python3.8/site-packages/airflow/example_dags/example_branch_datetime_operator.py took 0.142 seconds
[2024-04-12T09:13:56.053+0000] {processor.py:161} INFO - Started process (PID=1394) to work on /home/airflow/.local/lib/python3.8/site-packages/airflow/example_dags/example_branch_datetime_operator.py
[2024-04-12T09:13:56.054+0000] {processor.py:830} INFO - Processing file /home/airflow/.local/lib/python3.8/site-packages/airflow/example_dags/example_branch_datetime_operator.py for tasks to queue
[2024-04-12T09:13:56.056+0000] {logging_mixin.py:188} INFO - [2024-04-12T09:13:56.055+0000] {dagbag.py:540} INFO - Filling up the DagBag from /home/airflow/.local/lib/python3.8/site-packages/airflow/example_dags/example_branch_datetime_operator.py
[2024-04-12T09:13:56.067+0000] {processor.py:840} INFO - DAG(s) 'example_branch_datetime_operator_2', 'example_branch_datetime_operator_3', 'example_branch_datetime_operator' retrieved from /home/airflow/.local/lib/python3.8/site-packages/airflow/example_dags/example_branch_datetime_operator.py
[2024-04-12T09:13:56.105+0000] {logging_mixin.py:188} INFO - [2024-04-12T09:13:56.105+0000] {dag.py:3047} INFO - Sync 3 DAGs
[2024-04-12T09:13:56.138+0000] {logging_mixin.py:188} INFO - [2024-04-12T09:13:56.137+0000] {dag.py:3834} INFO - Setting next_dagrun for example_branch_datetime_operator to 2024-04-11 00:00:00+00:00, run_after=2024-04-12 00:00:00+00:00
[2024-04-12T09:13:56.144+0000] {logging_mixin.py:188} INFO - [2024-04-12T09:13:56.144+0000] {dag.py:3834} INFO - Setting next_dagrun for example_branch_datetime_operator_2 to 2024-04-11 00:00:00+00:00, run_after=2024-04-12 00:00:00+00:00
[2024-04-12T09:13:56.149+0000] {logging_mixin.py:188} INFO - [2024-04-12T09:13:56.148+0000] {dag.py:3834} INFO - Setting next_dagrun for example_branch_datetime_operator_3 to 2024-04-11 00:00:00+00:00, run_after=2024-04-12 00:00:00+00:00
[2024-04-12T09:13:56.177+0000] {processor.py:183} INFO - Processing /home/airflow/.local/lib/python3.8/site-packages/airflow/example_dags/example_branch_datetime_operator.py took 0.127 seconds
[2024-04-12T09:14:26.535+0000] {processor.py:161} INFO - Started process (PID=1452) to work on /home/airflow/.local/lib/python3.8/site-packages/airflow/example_dags/example_branch_datetime_operator.py
[2024-04-12T09:14:26.536+0000] {processor.py:830} INFO - Processing file /home/airflow/.local/lib/python3.8/site-packages/airflow/example_dags/example_branch_datetime_operator.py for tasks to queue
[2024-04-12T09:14:26.538+0000] {logging_mixin.py:188} INFO - [2024-04-12T09:14:26.537+0000] {dagbag.py:540} INFO - Filling up the DagBag from /home/airflow/.local/lib/python3.8/site-packages/airflow/example_dags/example_branch_datetime_operator.py
[2024-04-12T09:14:26.550+0000] {processor.py:840} INFO - DAG(s) 'example_branch_datetime_operator', 'example_branch_datetime_operator_2', 'example_branch_datetime_operator_3' retrieved from /home/airflow/.local/lib/python3.8/site-packages/airflow/example_dags/example_branch_datetime_operator.py
[2024-04-12T09:14:26.589+0000] {logging_mixin.py:188} INFO - [2024-04-12T09:14:26.589+0000] {dag.py:3047} INFO - Sync 3 DAGs
[2024-04-12T09:14:26.624+0000] {logging_mixin.py:188} INFO - [2024-04-12T09:14:26.623+0000] {dag.py:3834} INFO - Setting next_dagrun for example_branch_datetime_operator to 2024-04-11 00:00:00+00:00, run_after=2024-04-12 00:00:00+00:00
[2024-04-12T09:14:26.632+0000] {logging_mixin.py:188} INFO - [2024-04-12T09:14:26.631+0000] {dag.py:3834} INFO - Setting next_dagrun for example_branch_datetime_operator_2 to 2024-04-11 00:00:00+00:00, run_after=2024-04-12 00:00:00+00:00
[2024-04-12T09:14:26.636+0000] {logging_mixin.py:188} INFO - [2024-04-12T09:14:26.636+0000] {dag.py:3834} INFO - Setting next_dagrun for example_branch_datetime_operator_3 to 2024-04-11 00:00:00+00:00, run_after=2024-04-12 00:00:00+00:00
[2024-04-12T09:14:26.664+0000] {processor.py:183} INFO - Processing /home/airflow/.local/lib/python3.8/site-packages/airflow/example_dags/example_branch_datetime_operator.py took 0.131 seconds
[2024-04-12T09:14:56.784+0000] {processor.py:161} INFO - Started process (PID=1510) to work on /home/airflow/.local/lib/python3.8/site-packages/airflow/example_dags/example_branch_datetime_operator.py
[2024-04-12T09:14:56.786+0000] {processor.py:830} INFO - Processing file /home/airflow/.local/lib/python3.8/site-packages/airflow/example_dags/example_branch_datetime_operator.py for tasks to queue
[2024-04-12T09:14:56.788+0000] {logging_mixin.py:188} INFO - [2024-04-12T09:14:56.788+0000] {dagbag.py:540} INFO - Filling up the DagBag from /home/airflow/.local/lib/python3.8/site-packages/airflow/example_dags/example_branch_datetime_operator.py
[2024-04-12T09:14:56.799+0000] {processor.py:840} INFO - DAG(s) 'example_branch_datetime_operator_3', 'example_branch_datetime_operator', 'example_branch_datetime_operator_2' retrieved from /home/airflow/.local/lib/python3.8/site-packages/airflow/example_dags/example_branch_datetime_operator.py
[2024-04-12T09:14:56.834+0000] {logging_mixin.py:188} INFO - [2024-04-12T09:14:56.833+0000] {dag.py:3047} INFO - Sync 3 DAGs
[2024-04-12T09:14:56.864+0000] {logging_mixin.py:188} INFO - [2024-04-12T09:14:56.863+0000] {dag.py:3834} INFO - Setting next_dagrun for example_branch_datetime_operator to 2024-04-11 00:00:00+00:00, run_after=2024-04-12 00:00:00+00:00
[2024-04-12T09:14:56.871+0000] {logging_mixin.py:188} INFO - [2024-04-12T09:14:56.871+0000] {dag.py:3834} INFO - Setting next_dagrun for example_branch_datetime_operator_2 to 2024-04-11 00:00:00+00:00, run_after=2024-04-12 00:00:00+00:00
[2024-04-12T09:14:56.875+0000] {logging_mixin.py:188} INFO - [2024-04-12T09:14:56.875+0000] {dag.py:3834} INFO - Setting next_dagrun for example_branch_datetime_operator_3 to 2024-04-11 00:00:00+00:00, run_after=2024-04-12 00:00:00+00:00
[2024-04-12T09:14:56.903+0000] {processor.py:183} INFO - Processing /home/airflow/.local/lib/python3.8/site-packages/airflow/example_dags/example_branch_datetime_operator.py took 0.121 seconds
[2024-04-12T09:15:27.880+0000] {processor.py:161} INFO - Started process (PID=1568) to work on /home/airflow/.local/lib/python3.8/site-packages/airflow/example_dags/example_branch_datetime_operator.py
[2024-04-12T09:15:27.883+0000] {processor.py:830} INFO - Processing file /home/airflow/.local/lib/python3.8/site-packages/airflow/example_dags/example_branch_datetime_operator.py for tasks to queue
[2024-04-12T09:15:27.888+0000] {logging_mixin.py:188} INFO - [2024-04-12T09:15:27.885+0000] {dagbag.py:540} INFO - Filling up the DagBag from /home/airflow/.local/lib/python3.8/site-packages/airflow/example_dags/example_branch_datetime_operator.py
[2024-04-12T09:15:27.905+0000] {processor.py:840} INFO - DAG(s) 'example_branch_datetime_operator_2', 'example_branch_datetime_operator', 'example_branch_datetime_operator_3' retrieved from /home/airflow/.local/lib/python3.8/site-packages/airflow/example_dags/example_branch_datetime_operator.py
[2024-04-12T09:15:27.969+0000] {logging_mixin.py:188} INFO - [2024-04-12T09:15:27.968+0000] {dag.py:3047} INFO - Sync 3 DAGs
[2024-04-12T09:15:28.042+0000] {logging_mixin.py:188} INFO - [2024-04-12T09:15:28.041+0000] {dag.py:3834} INFO - Setting next_dagrun for example_branch_datetime_operator to 2024-04-11 00:00:00+00:00, run_after=2024-04-12 00:00:00+00:00
[2024-04-12T09:15:28.050+0000] {logging_mixin.py:188} INFO - [2024-04-12T09:15:28.050+0000] {dag.py:3834} INFO - Setting next_dagrun for example_branch_datetime_operator_2 to 2024-04-11 00:00:00+00:00, run_after=2024-04-12 00:00:00+00:00
[2024-04-12T09:15:28.056+0000] {logging_mixin.py:188} INFO - [2024-04-12T09:15:28.055+0000] {dag.py:3834} INFO - Setting next_dagrun for example_branch_datetime_operator_3 to 2024-04-11 00:00:00+00:00, run_after=2024-04-12 00:00:00+00:00
[2024-04-12T09:15:28.128+0000] {processor.py:183} INFO - Processing /home/airflow/.local/lib/python3.8/site-packages/airflow/example_dags/example_branch_datetime_operator.py took 0.253 seconds
[2024-04-12T09:15:58.218+0000] {processor.py:161} INFO - Started process (PID=1626) to work on /home/airflow/.local/lib/python3.8/site-packages/airflow/example_dags/example_branch_datetime_operator.py
[2024-04-12T09:15:58.220+0000] {processor.py:830} INFO - Processing file /home/airflow/.local/lib/python3.8/site-packages/airflow/example_dags/example_branch_datetime_operator.py for tasks to queue
[2024-04-12T09:15:58.221+0000] {logging_mixin.py:188} INFO - [2024-04-12T09:15:58.221+0000] {dagbag.py:540} INFO - Filling up the DagBag from /home/airflow/.local/lib/python3.8/site-packages/airflow/example_dags/example_branch_datetime_operator.py
[2024-04-12T09:15:58.231+0000] {processor.py:840} INFO - DAG(s) 'example_branch_datetime_operator', 'example_branch_datetime_operator_3', 'example_branch_datetime_operator_2' retrieved from /home/airflow/.local/lib/python3.8/site-packages/airflow/example_dags/example_branch_datetime_operator.py
[2024-04-12T09:15:58.265+0000] {logging_mixin.py:188} INFO - [2024-04-12T09:15:58.264+0000] {dag.py:3047} INFO - Sync 3 DAGs
[2024-04-12T09:15:58.291+0000] {logging_mixin.py:188} INFO - [2024-04-12T09:15:58.290+0000] {dag.py:3834} INFO - Setting next_dagrun for example_branch_datetime_operator to 2024-04-11 00:00:00+00:00, run_after=2024-04-12 00:00:00+00:00
[2024-04-12T09:15:58.297+0000] {logging_mixin.py:188} INFO - [2024-04-12T09:15:58.296+0000] {dag.py:3834} INFO - Setting next_dagrun for example_branch_datetime_operator_2 to 2024-04-11 00:00:00+00:00, run_after=2024-04-12 00:00:00+00:00
[2024-04-12T09:15:58.300+0000] {logging_mixin.py:188} INFO - [2024-04-12T09:15:58.300+0000] {dag.py:3834} INFO - Setting next_dagrun for example_branch_datetime_operator_3 to 2024-04-11 00:00:00+00:00, run_after=2024-04-12 00:00:00+00:00
[2024-04-12T09:15:58.323+0000] {processor.py:183} INFO - Processing /home/airflow/.local/lib/python3.8/site-packages/airflow/example_dags/example_branch_datetime_operator.py took 0.108 seconds
