[2024-04-12T09:01:31.836+0000] {processor.py:161} INFO - Started process (PID=72) to work on /home/airflow/.local/lib/python3.8/site-packages/airflow/example_dags/example_sla_dag.py
[2024-04-12T09:01:31.838+0000] {processor.py:830} INFO - Processing file /home/airflow/.local/lib/python3.8/site-packages/airflow/example_dags/example_sla_dag.py for tasks to queue
[2024-04-12T09:01:31.841+0000] {logging_mixin.py:188} INFO - [2024-04-12T09:01:31.840+0000] {dagbag.py:540} INFO - Filling up the DagBag from /home/airflow/.local/lib/python3.8/site-packages/airflow/example_dags/example_sla_dag.py
[2024-04-12T09:01:31.868+0000] {processor.py:840} INFO - DAG(s) 'example_sla_dag' retrieved from /home/airflow/.local/lib/python3.8/site-packages/airflow/example_dags/example_sla_dag.py
[2024-04-12T09:01:32.029+0000] {logging_mixin.py:188} INFO - [2024-04-12T09:01:32.028+0000] {override.py:1769} INFO - Created Permission View: can read on DAG:example_sla_dag
[2024-04-12T09:01:32.062+0000] {logging_mixin.py:188} INFO - [2024-04-12T09:01:32.062+0000] {override.py:1769} INFO - Created Permission View: can edit on DAG:example_sla_dag
[2024-04-12T09:01:32.092+0000] {logging_mixin.py:188} INFO - [2024-04-12T09:01:32.091+0000] {override.py:1769} INFO - Created Permission View: can delete on DAG:example_sla_dag
[2024-04-12T09:01:32.093+0000] {logging_mixin.py:188} INFO - [2024-04-12T09:01:32.092+0000] {dag.py:3047} INFO - Sync 1 DAGs
[2024-04-12T09:01:32.117+0000] {logging_mixin.py:188} INFO - [2024-04-12T09:01:32.116+0000] {dag.py:3069} INFO - Creating ORM DAG for example_sla_dag
[2024-04-12T09:01:32.149+0000] {logging_mixin.py:188} INFO - [2024-04-12T09:01:32.148+0000] {dag.py:3834} INFO - Setting next_dagrun for example_sla_dag to 2024-04-12 08:58:00+00:00, run_after=2024-04-12 09:00:00+00:00
[2024-04-12T09:01:32.177+0000] {processor.py:183} INFO - Processing /home/airflow/.local/lib/python3.8/site-packages/airflow/example_dags/example_sla_dag.py took 0.345 seconds
[2024-04-12T09:02:02.389+0000] {processor.py:161} INFO - Started process (PID=130) to work on /home/airflow/.local/lib/python3.8/site-packages/airflow/example_dags/example_sla_dag.py
[2024-04-12T09:02:02.395+0000] {processor.py:830} INFO - Processing file /home/airflow/.local/lib/python3.8/site-packages/airflow/example_dags/example_sla_dag.py for tasks to queue
[2024-04-12T09:02:02.400+0000] {logging_mixin.py:188} INFO - [2024-04-12T09:02:02.399+0000] {dagbag.py:540} INFO - Filling up the DagBag from /home/airflow/.local/lib/python3.8/site-packages/airflow/example_dags/example_sla_dag.py
[2024-04-12T09:02:02.414+0000] {processor.py:840} INFO - DAG(s) 'example_sla_dag' retrieved from /home/airflow/.local/lib/python3.8/site-packages/airflow/example_dags/example_sla_dag.py
[2024-04-12T09:02:02.444+0000] {logging_mixin.py:188} INFO - [2024-04-12T09:02:02.444+0000] {dag.py:3047} INFO - Sync 1 DAGs
[2024-04-12T09:02:02.481+0000] {logging_mixin.py:188} INFO - [2024-04-12T09:02:02.481+0000] {dag.py:3834} INFO - Setting next_dagrun for example_sla_dag to 2024-04-12 09:00:00+00:00, run_after=2024-04-12 09:02:00+00:00
[2024-04-12T09:02:02.530+0000] {processor.py:183} INFO - Processing /home/airflow/.local/lib/python3.8/site-packages/airflow/example_dags/example_sla_dag.py took 0.144 seconds
[2024-04-12T09:02:45.039+0000] {processor.py:161} INFO - Started process (PID=192) to work on /home/airflow/.local/lib/python3.8/site-packages/airflow/example_dags/example_sla_dag.py
[2024-04-12T09:02:45.042+0000] {processor.py:830} INFO - Processing file /home/airflow/.local/lib/python3.8/site-packages/airflow/example_dags/example_sla_dag.py for tasks to queue
[2024-04-12T09:02:45.044+0000] {logging_mixin.py:188} INFO - [2024-04-12T09:02:45.044+0000] {dagbag.py:540} INFO - Filling up the DagBag from /home/airflow/.local/lib/python3.8/site-packages/airflow/example_dags/example_sla_dag.py
[2024-04-12T09:02:45.059+0000] {processor.py:840} INFO - DAG(s) 'example_sla_dag' retrieved from /home/airflow/.local/lib/python3.8/site-packages/airflow/example_dags/example_sla_dag.py
[2024-04-12T09:02:45.086+0000] {logging_mixin.py:188} INFO - [2024-04-12T09:02:45.085+0000] {dag.py:3047} INFO - Sync 1 DAGs
[2024-04-12T09:02:45.127+0000] {logging_mixin.py:188} INFO - [2024-04-12T09:02:45.126+0000] {dag.py:3834} INFO - Setting next_dagrun for example_sla_dag to 2024-04-12 09:00:00+00:00, run_after=2024-04-12 09:02:00+00:00
[2024-04-12T09:02:45.179+0000] {processor.py:183} INFO - Processing /home/airflow/.local/lib/python3.8/site-packages/airflow/example_dags/example_sla_dag.py took 0.143 seconds
[2024-04-12T09:03:15.435+0000] {processor.py:161} INFO - Started process (PID=252) to work on /home/airflow/.local/lib/python3.8/site-packages/airflow/example_dags/example_sla_dag.py
[2024-04-12T09:03:15.444+0000] {processor.py:830} INFO - Processing file /home/airflow/.local/lib/python3.8/site-packages/airflow/example_dags/example_sla_dag.py for tasks to queue
[2024-04-12T09:03:15.449+0000] {logging_mixin.py:188} INFO - [2024-04-12T09:03:15.448+0000] {dagbag.py:540} INFO - Filling up the DagBag from /home/airflow/.local/lib/python3.8/site-packages/airflow/example_dags/example_sla_dag.py
[2024-04-12T09:03:15.470+0000] {processor.py:840} INFO - DAG(s) 'example_sla_dag' retrieved from /home/airflow/.local/lib/python3.8/site-packages/airflow/example_dags/example_sla_dag.py
[2024-04-12T09:03:15.514+0000] {logging_mixin.py:188} INFO - [2024-04-12T09:03:15.514+0000] {dag.py:3047} INFO - Sync 1 DAGs
[2024-04-12T09:03:15.569+0000] {logging_mixin.py:188} INFO - [2024-04-12T09:03:15.569+0000] {dag.py:3834} INFO - Setting next_dagrun for example_sla_dag to 2024-04-12 09:00:00+00:00, run_after=2024-04-12 09:02:00+00:00
[2024-04-12T09:03:15.641+0000] {processor.py:183} INFO - Processing /home/airflow/.local/lib/python3.8/site-packages/airflow/example_dags/example_sla_dag.py took 0.214 seconds
[2024-04-12T09:03:46.198+0000] {processor.py:161} INFO - Started process (PID=310) to work on /home/airflow/.local/lib/python3.8/site-packages/airflow/example_dags/example_sla_dag.py
[2024-04-12T09:03:46.200+0000] {processor.py:830} INFO - Processing file /home/airflow/.local/lib/python3.8/site-packages/airflow/example_dags/example_sla_dag.py for tasks to queue
[2024-04-12T09:03:46.203+0000] {logging_mixin.py:188} INFO - [2024-04-12T09:03:46.202+0000] {dagbag.py:540} INFO - Filling up the DagBag from /home/airflow/.local/lib/python3.8/site-packages/airflow/example_dags/example_sla_dag.py
[2024-04-12T09:03:46.212+0000] {processor.py:840} INFO - DAG(s) 'example_sla_dag' retrieved from /home/airflow/.local/lib/python3.8/site-packages/airflow/example_dags/example_sla_dag.py
[2024-04-12T09:03:46.241+0000] {logging_mixin.py:188} INFO - [2024-04-12T09:03:46.241+0000] {dag.py:3047} INFO - Sync 1 DAGs
[2024-04-12T09:03:46.274+0000] {logging_mixin.py:188} INFO - [2024-04-12T09:03:46.274+0000] {dag.py:3834} INFO - Setting next_dagrun for example_sla_dag to 2024-04-12 09:00:00+00:00, run_after=2024-04-12 09:02:00+00:00
[2024-04-12T09:03:46.306+0000] {processor.py:183} INFO - Processing /home/airflow/.local/lib/python3.8/site-packages/airflow/example_dags/example_sla_dag.py took 0.114 seconds
[2024-04-12T09:04:16.566+0000] {processor.py:161} INFO - Started process (PID=368) to work on /home/airflow/.local/lib/python3.8/site-packages/airflow/example_dags/example_sla_dag.py
[2024-04-12T09:04:16.568+0000] {processor.py:830} INFO - Processing file /home/airflow/.local/lib/python3.8/site-packages/airflow/example_dags/example_sla_dag.py for tasks to queue
[2024-04-12T09:04:16.571+0000] {logging_mixin.py:188} INFO - [2024-04-12T09:04:16.571+0000] {dagbag.py:540} INFO - Filling up the DagBag from /home/airflow/.local/lib/python3.8/site-packages/airflow/example_dags/example_sla_dag.py
[2024-04-12T09:04:16.586+0000] {processor.py:840} INFO - DAG(s) 'example_sla_dag' retrieved from /home/airflow/.local/lib/python3.8/site-packages/airflow/example_dags/example_sla_dag.py
[2024-04-12T09:04:16.615+0000] {logging_mixin.py:188} INFO - [2024-04-12T09:04:16.614+0000] {dag.py:3047} INFO - Sync 1 DAGs
[2024-04-12T09:04:16.677+0000] {logging_mixin.py:188} INFO - [2024-04-12T09:04:16.676+0000] {dag.py:3834} INFO - Setting next_dagrun for example_sla_dag to 2024-04-12 09:02:00+00:00, run_after=2024-04-12 09:04:00+00:00
[2024-04-12T09:04:16.766+0000] {processor.py:183} INFO - Processing /home/airflow/.local/lib/python3.8/site-packages/airflow/example_dags/example_sla_dag.py took 0.204 seconds
[2024-04-12T09:05:14.889+0000] {processor.py:161} INFO - Started process (PID=432) to work on /home/airflow/.local/lib/python3.8/site-packages/airflow/example_dags/example_sla_dag.py
[2024-04-12T09:05:14.891+0000] {processor.py:830} INFO - Processing file /home/airflow/.local/lib/python3.8/site-packages/airflow/example_dags/example_sla_dag.py for tasks to queue
[2024-04-12T09:05:14.892+0000] {logging_mixin.py:188} INFO - [2024-04-12T09:05:14.892+0000] {dagbag.py:540} INFO - Filling up the DagBag from /home/airflow/.local/lib/python3.8/site-packages/airflow/example_dags/example_sla_dag.py
[2024-04-12T09:05:14.902+0000] {processor.py:840} INFO - DAG(s) 'example_sla_dag' retrieved from /home/airflow/.local/lib/python3.8/site-packages/airflow/example_dags/example_sla_dag.py
[2024-04-12T09:05:14.930+0000] {logging_mixin.py:188} INFO - [2024-04-12T09:05:14.929+0000] {dag.py:3047} INFO - Sync 1 DAGs
[2024-04-12T09:05:14.965+0000] {logging_mixin.py:188} INFO - [2024-04-12T09:05:14.964+0000] {dag.py:3834} INFO - Setting next_dagrun for example_sla_dag to 2024-04-12 09:02:00+00:00, run_after=2024-04-12 09:04:00+00:00
[2024-04-12T09:05:15.004+0000] {processor.py:183} INFO - Processing /home/airflow/.local/lib/python3.8/site-packages/airflow/example_dags/example_sla_dag.py took 0.120 seconds
[2024-04-12T09:05:45.722+0000] {processor.py:161} INFO - Started process (PID=490) to work on /home/airflow/.local/lib/python3.8/site-packages/airflow/example_dags/example_sla_dag.py
[2024-04-12T09:05:45.725+0000] {processor.py:830} INFO - Processing file /home/airflow/.local/lib/python3.8/site-packages/airflow/example_dags/example_sla_dag.py for tasks to queue
[2024-04-12T09:05:45.727+0000] {logging_mixin.py:188} INFO - [2024-04-12T09:05:45.726+0000] {dagbag.py:540} INFO - Filling up the DagBag from /home/airflow/.local/lib/python3.8/site-packages/airflow/example_dags/example_sla_dag.py
[2024-04-12T09:05:45.746+0000] {processor.py:840} INFO - DAG(s) 'example_sla_dag' retrieved from /home/airflow/.local/lib/python3.8/site-packages/airflow/example_dags/example_sla_dag.py
[2024-04-12T09:05:45.789+0000] {logging_mixin.py:188} INFO - [2024-04-12T09:05:45.789+0000] {dag.py:3047} INFO - Sync 1 DAGs
[2024-04-12T09:05:45.827+0000] {logging_mixin.py:188} INFO - [2024-04-12T09:05:45.827+0000] {dag.py:3834} INFO - Setting next_dagrun for example_sla_dag to 2024-04-12 09:02:00+00:00, run_after=2024-04-12 09:04:00+00:00
[2024-04-12T09:05:45.861+0000] {processor.py:183} INFO - Processing /home/airflow/.local/lib/python3.8/site-packages/airflow/example_dags/example_sla_dag.py took 0.145 seconds
[2024-04-12T09:06:16.823+0000] {processor.py:161} INFO - Started process (PID=549) to work on /home/airflow/.local/lib/python3.8/site-packages/airflow/example_dags/example_sla_dag.py
[2024-04-12T09:06:16.824+0000] {processor.py:830} INFO - Processing file /home/airflow/.local/lib/python3.8/site-packages/airflow/example_dags/example_sla_dag.py for tasks to queue
[2024-04-12T09:06:16.826+0000] {logging_mixin.py:188} INFO - [2024-04-12T09:06:16.825+0000] {dagbag.py:540} INFO - Filling up the DagBag from /home/airflow/.local/lib/python3.8/site-packages/airflow/example_dags/example_sla_dag.py
[2024-04-12T09:06:16.834+0000] {processor.py:840} INFO - DAG(s) 'example_sla_dag' retrieved from /home/airflow/.local/lib/python3.8/site-packages/airflow/example_dags/example_sla_dag.py
[2024-04-12T09:06:16.858+0000] {logging_mixin.py:188} INFO - [2024-04-12T09:06:16.858+0000] {dag.py:3047} INFO - Sync 1 DAGs
[2024-04-12T09:06:16.886+0000] {logging_mixin.py:188} INFO - [2024-04-12T09:06:16.886+0000] {dag.py:3834} INFO - Setting next_dagrun for example_sla_dag to 2024-04-12 09:04:00+00:00, run_after=2024-04-12 09:06:00+00:00
[2024-04-12T09:06:16.912+0000] {processor.py:183} INFO - Processing /home/airflow/.local/lib/python3.8/site-packages/airflow/example_dags/example_sla_dag.py took 0.091 seconds
[2024-04-12T09:06:47.683+0000] {processor.py:161} INFO - Started process (PID=607) to work on /home/airflow/.local/lib/python3.8/site-packages/airflow/example_dags/example_sla_dag.py
[2024-04-12T09:06:47.685+0000] {processor.py:830} INFO - Processing file /home/airflow/.local/lib/python3.8/site-packages/airflow/example_dags/example_sla_dag.py for tasks to queue
[2024-04-12T09:06:47.686+0000] {logging_mixin.py:188} INFO - [2024-04-12T09:06:47.686+0000] {dagbag.py:540} INFO - Filling up the DagBag from /home/airflow/.local/lib/python3.8/site-packages/airflow/example_dags/example_sla_dag.py
[2024-04-12T09:06:47.694+0000] {processor.py:840} INFO - DAG(s) 'example_sla_dag' retrieved from /home/airflow/.local/lib/python3.8/site-packages/airflow/example_dags/example_sla_dag.py
[2024-04-12T09:06:47.721+0000] {logging_mixin.py:188} INFO - [2024-04-12T09:06:47.721+0000] {dag.py:3047} INFO - Sync 1 DAGs
[2024-04-12T09:06:47.752+0000] {logging_mixin.py:188} INFO - [2024-04-12T09:06:47.752+0000] {dag.py:3834} INFO - Setting next_dagrun for example_sla_dag to 2024-04-12 09:04:00+00:00, run_after=2024-04-12 09:06:00+00:00
[2024-04-12T09:06:47.784+0000] {processor.py:183} INFO - Processing /home/airflow/.local/lib/python3.8/site-packages/airflow/example_dags/example_sla_dag.py took 0.104 seconds
[2024-04-12T09:07:18.093+0000] {processor.py:161} INFO - Started process (PID=663) to work on /home/airflow/.local/lib/python3.8/site-packages/airflow/example_dags/example_sla_dag.py
[2024-04-12T09:07:18.094+0000] {processor.py:830} INFO - Processing file /home/airflow/.local/lib/python3.8/site-packages/airflow/example_dags/example_sla_dag.py for tasks to queue
[2024-04-12T09:07:18.095+0000] {logging_mixin.py:188} INFO - [2024-04-12T09:07:18.095+0000] {dagbag.py:540} INFO - Filling up the DagBag from /home/airflow/.local/lib/python3.8/site-packages/airflow/example_dags/example_sla_dag.py
[2024-04-12T09:07:18.104+0000] {processor.py:840} INFO - DAG(s) 'example_sla_dag' retrieved from /home/airflow/.local/lib/python3.8/site-packages/airflow/example_dags/example_sla_dag.py
[2024-04-12T09:07:18.129+0000] {logging_mixin.py:188} INFO - [2024-04-12T09:07:18.129+0000] {dag.py:3047} INFO - Sync 1 DAGs
[2024-04-12T09:07:18.159+0000] {logging_mixin.py:188} INFO - [2024-04-12T09:07:18.158+0000] {dag.py:3834} INFO - Setting next_dagrun for example_sla_dag to 2024-04-12 09:04:00+00:00, run_after=2024-04-12 09:06:00+00:00
[2024-04-12T09:07:18.189+0000] {processor.py:183} INFO - Processing /home/airflow/.local/lib/python3.8/site-packages/airflow/example_dags/example_sla_dag.py took 0.098 seconds
[2024-04-12T09:07:49.125+0000] {processor.py:161} INFO - Started process (PID=721) to work on /home/airflow/.local/lib/python3.8/site-packages/airflow/example_dags/example_sla_dag.py
[2024-04-12T09:07:49.126+0000] {processor.py:830} INFO - Processing file /home/airflow/.local/lib/python3.8/site-packages/airflow/example_dags/example_sla_dag.py for tasks to queue
[2024-04-12T09:07:49.127+0000] {logging_mixin.py:188} INFO - [2024-04-12T09:07:49.127+0000] {dagbag.py:540} INFO - Filling up the DagBag from /home/airflow/.local/lib/python3.8/site-packages/airflow/example_dags/example_sla_dag.py
[2024-04-12T09:07:49.136+0000] {processor.py:840} INFO - DAG(s) 'example_sla_dag' retrieved from /home/airflow/.local/lib/python3.8/site-packages/airflow/example_dags/example_sla_dag.py
[2024-04-12T09:07:49.159+0000] {logging_mixin.py:188} INFO - [2024-04-12T09:07:49.158+0000] {dag.py:3047} INFO - Sync 1 DAGs
[2024-04-12T09:07:49.189+0000] {logging_mixin.py:188} INFO - [2024-04-12T09:07:49.188+0000] {dag.py:3834} INFO - Setting next_dagrun for example_sla_dag to 2024-04-12 09:04:00+00:00, run_after=2024-04-12 09:06:00+00:00
[2024-04-12T09:07:49.220+0000] {processor.py:183} INFO - Processing /home/airflow/.local/lib/python3.8/site-packages/airflow/example_dags/example_sla_dag.py took 0.098 seconds
[2024-04-12T09:08:19.530+0000] {processor.py:161} INFO - Started process (PID=778) to work on /home/airflow/.local/lib/python3.8/site-packages/airflow/example_dags/example_sla_dag.py
[2024-04-12T09:08:19.532+0000] {processor.py:830} INFO - Processing file /home/airflow/.local/lib/python3.8/site-packages/airflow/example_dags/example_sla_dag.py for tasks to queue
[2024-04-12T09:08:19.533+0000] {logging_mixin.py:188} INFO - [2024-04-12T09:08:19.532+0000] {dagbag.py:540} INFO - Filling up the DagBag from /home/airflow/.local/lib/python3.8/site-packages/airflow/example_dags/example_sla_dag.py
[2024-04-12T09:08:19.541+0000] {processor.py:840} INFO - DAG(s) 'example_sla_dag' retrieved from /home/airflow/.local/lib/python3.8/site-packages/airflow/example_dags/example_sla_dag.py
[2024-04-12T09:08:19.562+0000] {logging_mixin.py:188} INFO - [2024-04-12T09:08:19.561+0000] {dag.py:3047} INFO - Sync 1 DAGs
[2024-04-12T09:08:19.592+0000] {logging_mixin.py:188} INFO - [2024-04-12T09:08:19.592+0000] {dag.py:3834} INFO - Setting next_dagrun for example_sla_dag to 2024-04-12 09:06:00+00:00, run_after=2024-04-12 09:08:00+00:00
[2024-04-12T09:08:19.618+0000] {processor.py:183} INFO - Processing /home/airflow/.local/lib/python3.8/site-packages/airflow/example_dags/example_sla_dag.py took 0.091 seconds
[2024-04-12T09:08:49.856+0000] {processor.py:161} INFO - Started process (PID=836) to work on /home/airflow/.local/lib/python3.8/site-packages/airflow/example_dags/example_sla_dag.py
[2024-04-12T09:08:49.858+0000] {processor.py:830} INFO - Processing file /home/airflow/.local/lib/python3.8/site-packages/airflow/example_dags/example_sla_dag.py for tasks to queue
[2024-04-12T09:08:49.859+0000] {logging_mixin.py:188} INFO - [2024-04-12T09:08:49.859+0000] {dagbag.py:540} INFO - Filling up the DagBag from /home/airflow/.local/lib/python3.8/site-packages/airflow/example_dags/example_sla_dag.py
[2024-04-12T09:08:49.872+0000] {processor.py:840} INFO - DAG(s) 'example_sla_dag' retrieved from /home/airflow/.local/lib/python3.8/site-packages/airflow/example_dags/example_sla_dag.py
[2024-04-12T09:08:49.916+0000] {logging_mixin.py:188} INFO - [2024-04-12T09:08:49.915+0000] {dag.py:3047} INFO - Sync 1 DAGs
[2024-04-12T09:08:49.963+0000] {logging_mixin.py:188} INFO - [2024-04-12T09:08:49.963+0000] {dag.py:3834} INFO - Setting next_dagrun for example_sla_dag to 2024-04-12 09:06:00+00:00, run_after=2024-04-12 09:08:00+00:00
[2024-04-12T09:08:50.014+0000] {processor.py:183} INFO - Processing /home/airflow/.local/lib/python3.8/site-packages/airflow/example_dags/example_sla_dag.py took 0.163 seconds
[2024-04-12T09:09:20.240+0000] {processor.py:161} INFO - Started process (PID=894) to work on /home/airflow/.local/lib/python3.8/site-packages/airflow/example_dags/example_sla_dag.py
[2024-04-12T09:09:20.241+0000] {processor.py:830} INFO - Processing file /home/airflow/.local/lib/python3.8/site-packages/airflow/example_dags/example_sla_dag.py for tasks to queue
[2024-04-12T09:09:20.243+0000] {logging_mixin.py:188} INFO - [2024-04-12T09:09:20.242+0000] {dagbag.py:540} INFO - Filling up the DagBag from /home/airflow/.local/lib/python3.8/site-packages/airflow/example_dags/example_sla_dag.py
[2024-04-12T09:09:20.252+0000] {processor.py:840} INFO - DAG(s) 'example_sla_dag' retrieved from /home/airflow/.local/lib/python3.8/site-packages/airflow/example_dags/example_sla_dag.py
[2024-04-12T09:09:20.277+0000] {logging_mixin.py:188} INFO - [2024-04-12T09:09:20.276+0000] {dag.py:3047} INFO - Sync 1 DAGs
[2024-04-12T09:09:20.306+0000] {logging_mixin.py:188} INFO - [2024-04-12T09:09:20.305+0000] {dag.py:3834} INFO - Setting next_dagrun for example_sla_dag to 2024-04-12 09:06:00+00:00, run_after=2024-04-12 09:08:00+00:00
[2024-04-12T09:09:20.332+0000] {processor.py:183} INFO - Processing /home/airflow/.local/lib/python3.8/site-packages/airflow/example_dags/example_sla_dag.py took 0.095 seconds
[2024-04-12T09:09:50.498+0000] {processor.py:161} INFO - Started process (PID=952) to work on /home/airflow/.local/lib/python3.8/site-packages/airflow/example_dags/example_sla_dag.py
[2024-04-12T09:09:50.501+0000] {processor.py:830} INFO - Processing file /home/airflow/.local/lib/python3.8/site-packages/airflow/example_dags/example_sla_dag.py for tasks to queue
[2024-04-12T09:09:50.505+0000] {logging_mixin.py:188} INFO - [2024-04-12T09:09:50.504+0000] {dagbag.py:540} INFO - Filling up the DagBag from /home/airflow/.local/lib/python3.8/site-packages/airflow/example_dags/example_sla_dag.py
[2024-04-12T09:09:50.525+0000] {processor.py:840} INFO - DAG(s) 'example_sla_dag' retrieved from /home/airflow/.local/lib/python3.8/site-packages/airflow/example_dags/example_sla_dag.py
[2024-04-12T09:09:50.575+0000] {logging_mixin.py:188} INFO - [2024-04-12T09:09:50.574+0000] {dag.py:3047} INFO - Sync 1 DAGs
[2024-04-12T09:09:50.629+0000] {logging_mixin.py:188} INFO - [2024-04-12T09:09:50.629+0000] {dag.py:3834} INFO - Setting next_dagrun for example_sla_dag to 2024-04-12 09:06:00+00:00, run_after=2024-04-12 09:08:00+00:00
[2024-04-12T09:09:50.681+0000] {processor.py:183} INFO - Processing /home/airflow/.local/lib/python3.8/site-packages/airflow/example_dags/example_sla_dag.py took 0.189 seconds
[2024-04-12T09:10:26.924+0000] {processor.py:161} INFO - Started process (PID=1010) to work on /home/airflow/.local/lib/python3.8/site-packages/airflow/example_dags/example_sla_dag.py
[2024-04-12T09:10:26.929+0000] {processor.py:830} INFO - Processing file /home/airflow/.local/lib/python3.8/site-packages/airflow/example_dags/example_sla_dag.py for tasks to queue
[2024-04-12T09:10:26.933+0000] {logging_mixin.py:188} INFO - [2024-04-12T09:10:26.932+0000] {dagbag.py:540} INFO - Filling up the DagBag from /home/airflow/.local/lib/python3.8/site-packages/airflow/example_dags/example_sla_dag.py
[2024-04-12T09:10:26.980+0000] {processor.py:840} INFO - DAG(s) 'example_sla_dag' retrieved from /home/airflow/.local/lib/python3.8/site-packages/airflow/example_dags/example_sla_dag.py
[2024-04-12T09:10:27.109+0000] {logging_mixin.py:188} INFO - [2024-04-12T09:10:27.108+0000] {dag.py:3047} INFO - Sync 1 DAGs
[2024-04-12T09:10:27.245+0000] {logging_mixin.py:188} INFO - [2024-04-12T09:10:27.243+0000] {dag.py:3834} INFO - Setting next_dagrun for example_sla_dag to 2024-04-12 09:08:00+00:00, run_after=2024-04-12 09:10:00+00:00
[2024-04-12T09:10:27.359+0000] {processor.py:183} INFO - Processing /home/airflow/.local/lib/python3.8/site-packages/airflow/example_dags/example_sla_dag.py took 0.451 seconds
[2024-04-12T09:10:57.782+0000] {processor.py:161} INFO - Started process (PID=1068) to work on /home/airflow/.local/lib/python3.8/site-packages/airflow/example_dags/example_sla_dag.py
[2024-04-12T09:10:57.783+0000] {processor.py:830} INFO - Processing file /home/airflow/.local/lib/python3.8/site-packages/airflow/example_dags/example_sla_dag.py for tasks to queue
[2024-04-12T09:10:57.786+0000] {logging_mixin.py:188} INFO - [2024-04-12T09:10:57.785+0000] {dagbag.py:540} INFO - Filling up the DagBag from /home/airflow/.local/lib/python3.8/site-packages/airflow/example_dags/example_sla_dag.py
[2024-04-12T09:10:57.809+0000] {processor.py:840} INFO - DAG(s) 'example_sla_dag' retrieved from /home/airflow/.local/lib/python3.8/site-packages/airflow/example_dags/example_sla_dag.py
[2024-04-12T09:10:57.855+0000] {logging_mixin.py:188} INFO - [2024-04-12T09:10:57.855+0000] {dag.py:3047} INFO - Sync 1 DAGs
[2024-04-12T09:10:57.921+0000] {logging_mixin.py:188} INFO - [2024-04-12T09:10:57.920+0000] {dag.py:3834} INFO - Setting next_dagrun for example_sla_dag to 2024-04-12 09:08:00+00:00, run_after=2024-04-12 09:10:00+00:00
[2024-04-12T09:10:57.983+0000] {processor.py:183} INFO - Processing /home/airflow/.local/lib/python3.8/site-packages/airflow/example_dags/example_sla_dag.py took 0.206 seconds
[2024-04-12T09:11:28.739+0000] {processor.py:161} INFO - Started process (PID=1125) to work on /home/airflow/.local/lib/python3.8/site-packages/airflow/example_dags/example_sla_dag.py
[2024-04-12T09:11:28.742+0000] {processor.py:830} INFO - Processing file /home/airflow/.local/lib/python3.8/site-packages/airflow/example_dags/example_sla_dag.py for tasks to queue
[2024-04-12T09:11:28.745+0000] {logging_mixin.py:188} INFO - [2024-04-12T09:11:28.744+0000] {dagbag.py:540} INFO - Filling up the DagBag from /home/airflow/.local/lib/python3.8/site-packages/airflow/example_dags/example_sla_dag.py
[2024-04-12T09:11:28.761+0000] {processor.py:840} INFO - DAG(s) 'example_sla_dag' retrieved from /home/airflow/.local/lib/python3.8/site-packages/airflow/example_dags/example_sla_dag.py
[2024-04-12T09:11:28.791+0000] {logging_mixin.py:188} INFO - [2024-04-12T09:11:28.791+0000] {dag.py:3047} INFO - Sync 1 DAGs
[2024-04-12T09:11:28.842+0000] {logging_mixin.py:188} INFO - [2024-04-12T09:11:28.842+0000] {dag.py:3834} INFO - Setting next_dagrun for example_sla_dag to 2024-04-12 09:08:00+00:00, run_after=2024-04-12 09:10:00+00:00
[2024-04-12T09:11:28.898+0000] {processor.py:183} INFO - Processing /home/airflow/.local/lib/python3.8/site-packages/airflow/example_dags/example_sla_dag.py took 0.162 seconds
[2024-04-12T09:11:59.763+0000] {processor.py:161} INFO - Started process (PID=1183) to work on /home/airflow/.local/lib/python3.8/site-packages/airflow/example_dags/example_sla_dag.py
[2024-04-12T09:11:59.767+0000] {processor.py:830} INFO - Processing file /home/airflow/.local/lib/python3.8/site-packages/airflow/example_dags/example_sla_dag.py for tasks to queue
[2024-04-12T09:11:59.769+0000] {logging_mixin.py:188} INFO - [2024-04-12T09:11:59.768+0000] {dagbag.py:540} INFO - Filling up the DagBag from /home/airflow/.local/lib/python3.8/site-packages/airflow/example_dags/example_sla_dag.py
[2024-04-12T09:11:59.782+0000] {processor.py:840} INFO - DAG(s) 'example_sla_dag' retrieved from /home/airflow/.local/lib/python3.8/site-packages/airflow/example_dags/example_sla_dag.py
[2024-04-12T09:11:59.838+0000] {logging_mixin.py:188} INFO - [2024-04-12T09:11:59.838+0000] {dag.py:3047} INFO - Sync 1 DAGs
[2024-04-12T09:11:59.883+0000] {logging_mixin.py:188} INFO - [2024-04-12T09:11:59.882+0000] {dag.py:3834} INFO - Setting next_dagrun for example_sla_dag to 2024-04-12 09:08:00+00:00, run_after=2024-04-12 09:10:00+00:00
[2024-04-12T09:11:59.943+0000] {processor.py:183} INFO - Processing /home/airflow/.local/lib/python3.8/site-packages/airflow/example_dags/example_sla_dag.py took 0.186 seconds
[2024-04-12T09:12:30.547+0000] {processor.py:161} INFO - Started process (PID=1241) to work on /home/airflow/.local/lib/python3.8/site-packages/airflow/example_dags/example_sla_dag.py
[2024-04-12T09:12:30.549+0000] {processor.py:830} INFO - Processing file /home/airflow/.local/lib/python3.8/site-packages/airflow/example_dags/example_sla_dag.py for tasks to queue
[2024-04-12T09:12:30.551+0000] {logging_mixin.py:188} INFO - [2024-04-12T09:12:30.551+0000] {dagbag.py:540} INFO - Filling up the DagBag from /home/airflow/.local/lib/python3.8/site-packages/airflow/example_dags/example_sla_dag.py
[2024-04-12T09:12:30.562+0000] {processor.py:840} INFO - DAG(s) 'example_sla_dag' retrieved from /home/airflow/.local/lib/python3.8/site-packages/airflow/example_dags/example_sla_dag.py
[2024-04-12T09:12:30.592+0000] {logging_mixin.py:188} INFO - [2024-04-12T09:12:30.592+0000] {dag.py:3047} INFO - Sync 1 DAGs
[2024-04-12T09:12:30.629+0000] {logging_mixin.py:188} INFO - [2024-04-12T09:12:30.629+0000] {dag.py:3834} INFO - Setting next_dagrun for example_sla_dag to 2024-04-12 09:10:00+00:00, run_after=2024-04-12 09:12:00+00:00
[2024-04-12T09:12:30.665+0000] {processor.py:183} INFO - Processing /home/airflow/.local/lib/python3.8/site-packages/airflow/example_dags/example_sla_dag.py took 0.124 seconds
[2024-04-12T09:13:01.145+0000] {processor.py:161} INFO - Started process (PID=1299) to work on /home/airflow/.local/lib/python3.8/site-packages/airflow/example_dags/example_sla_dag.py
[2024-04-12T09:13:01.147+0000] {processor.py:830} INFO - Processing file /home/airflow/.local/lib/python3.8/site-packages/airflow/example_dags/example_sla_dag.py for tasks to queue
[2024-04-12T09:13:01.148+0000] {logging_mixin.py:188} INFO - [2024-04-12T09:13:01.148+0000] {dagbag.py:540} INFO - Filling up the DagBag from /home/airflow/.local/lib/python3.8/site-packages/airflow/example_dags/example_sla_dag.py
[2024-04-12T09:13:01.156+0000] {processor.py:840} INFO - DAG(s) 'example_sla_dag' retrieved from /home/airflow/.local/lib/python3.8/site-packages/airflow/example_dags/example_sla_dag.py
[2024-04-12T09:13:01.178+0000] {logging_mixin.py:188} INFO - [2024-04-12T09:13:01.178+0000] {dag.py:3047} INFO - Sync 1 DAGs
[2024-04-12T09:13:01.204+0000] {logging_mixin.py:188} INFO - [2024-04-12T09:13:01.204+0000] {dag.py:3834} INFO - Setting next_dagrun for example_sla_dag to 2024-04-12 09:10:00+00:00, run_after=2024-04-12 09:12:00+00:00
[2024-04-12T09:13:01.233+0000] {processor.py:183} INFO - Processing /home/airflow/.local/lib/python3.8/site-packages/airflow/example_dags/example_sla_dag.py took 0.090 seconds
[2024-04-12T09:13:32.123+0000] {processor.py:161} INFO - Started process (PID=1355) to work on /home/airflow/.local/lib/python3.8/site-packages/airflow/example_dags/example_sla_dag.py
[2024-04-12T09:13:32.127+0000] {processor.py:830} INFO - Processing file /home/airflow/.local/lib/python3.8/site-packages/airflow/example_dags/example_sla_dag.py for tasks to queue
[2024-04-12T09:13:32.134+0000] {logging_mixin.py:188} INFO - [2024-04-12T09:13:32.129+0000] {dagbag.py:540} INFO - Filling up the DagBag from /home/airflow/.local/lib/python3.8/site-packages/airflow/example_dags/example_sla_dag.py
[2024-04-12T09:13:32.199+0000] {processor.py:840} INFO - DAG(s) 'example_sla_dag' retrieved from /home/airflow/.local/lib/python3.8/site-packages/airflow/example_dags/example_sla_dag.py
[2024-04-12T09:13:32.306+0000] {logging_mixin.py:188} INFO - [2024-04-12T09:13:32.305+0000] {dag.py:3047} INFO - Sync 1 DAGs
[2024-04-12T09:13:32.416+0000] {logging_mixin.py:188} INFO - [2024-04-12T09:13:32.416+0000] {dag.py:3834} INFO - Setting next_dagrun for example_sla_dag to 2024-04-12 09:10:00+00:00, run_after=2024-04-12 09:12:00+00:00
[2024-04-12T09:13:32.544+0000] {processor.py:183} INFO - Processing /home/airflow/.local/lib/python3.8/site-packages/airflow/example_dags/example_sla_dag.py took 0.429 seconds
[2024-04-12T09:14:02.917+0000] {processor.py:161} INFO - Started process (PID=1413) to work on /home/airflow/.local/lib/python3.8/site-packages/airflow/example_dags/example_sla_dag.py
[2024-04-12T09:14:02.918+0000] {processor.py:830} INFO - Processing file /home/airflow/.local/lib/python3.8/site-packages/airflow/example_dags/example_sla_dag.py for tasks to queue
[2024-04-12T09:14:02.919+0000] {logging_mixin.py:188} INFO - [2024-04-12T09:14:02.919+0000] {dagbag.py:540} INFO - Filling up the DagBag from /home/airflow/.local/lib/python3.8/site-packages/airflow/example_dags/example_sla_dag.py
[2024-04-12T09:14:02.927+0000] {processor.py:840} INFO - DAG(s) 'example_sla_dag' retrieved from /home/airflow/.local/lib/python3.8/site-packages/airflow/example_dags/example_sla_dag.py
[2024-04-12T09:14:02.946+0000] {logging_mixin.py:188} INFO - [2024-04-12T09:14:02.946+0000] {dag.py:3047} INFO - Sync 1 DAGs
[2024-04-12T09:14:02.970+0000] {logging_mixin.py:188} INFO - [2024-04-12T09:14:02.970+0000] {dag.py:3834} INFO - Setting next_dagrun for example_sla_dag to 2024-04-12 09:12:00+00:00, run_after=2024-04-12 09:14:00+00:00
[2024-04-12T09:14:02.991+0000] {processor.py:183} INFO - Processing /home/airflow/.local/lib/python3.8/site-packages/airflow/example_dags/example_sla_dag.py took 0.077 seconds
[2024-04-12T09:14:33.142+0000] {processor.py:161} INFO - Started process (PID=1471) to work on /home/airflow/.local/lib/python3.8/site-packages/airflow/example_dags/example_sla_dag.py
[2024-04-12T09:14:33.143+0000] {processor.py:830} INFO - Processing file /home/airflow/.local/lib/python3.8/site-packages/airflow/example_dags/example_sla_dag.py for tasks to queue
[2024-04-12T09:14:33.146+0000] {logging_mixin.py:188} INFO - [2024-04-12T09:14:33.145+0000] {dagbag.py:540} INFO - Filling up the DagBag from /home/airflow/.local/lib/python3.8/site-packages/airflow/example_dags/example_sla_dag.py
[2024-04-12T09:14:33.161+0000] {processor.py:840} INFO - DAG(s) 'example_sla_dag' retrieved from /home/airflow/.local/lib/python3.8/site-packages/airflow/example_dags/example_sla_dag.py
[2024-04-12T09:14:33.200+0000] {logging_mixin.py:188} INFO - [2024-04-12T09:14:33.199+0000] {dag.py:3047} INFO - Sync 1 DAGs
[2024-04-12T09:14:33.235+0000] {logging_mixin.py:188} INFO - [2024-04-12T09:14:33.234+0000] {dag.py:3834} INFO - Setting next_dagrun for example_sla_dag to 2024-04-12 09:12:00+00:00, run_after=2024-04-12 09:14:00+00:00
[2024-04-12T09:14:33.268+0000] {processor.py:183} INFO - Processing /home/airflow/.local/lib/python3.8/site-packages/airflow/example_dags/example_sla_dag.py took 0.131 seconds
[2024-04-12T09:15:03.855+0000] {processor.py:161} INFO - Started process (PID=1527) to work on /home/airflow/.local/lib/python3.8/site-packages/airflow/example_dags/example_sla_dag.py
[2024-04-12T09:15:03.856+0000] {processor.py:830} INFO - Processing file /home/airflow/.local/lib/python3.8/site-packages/airflow/example_dags/example_sla_dag.py for tasks to queue
[2024-04-12T09:15:03.858+0000] {logging_mixin.py:188} INFO - [2024-04-12T09:15:03.857+0000] {dagbag.py:540} INFO - Filling up the DagBag from /home/airflow/.local/lib/python3.8/site-packages/airflow/example_dags/example_sla_dag.py
[2024-04-12T09:15:03.869+0000] {processor.py:840} INFO - DAG(s) 'example_sla_dag' retrieved from /home/airflow/.local/lib/python3.8/site-packages/airflow/example_dags/example_sla_dag.py
[2024-04-12T09:15:03.893+0000] {logging_mixin.py:188} INFO - [2024-04-12T09:15:03.893+0000] {dag.py:3047} INFO - Sync 1 DAGs
[2024-04-12T09:15:03.926+0000] {logging_mixin.py:188} INFO - [2024-04-12T09:15:03.926+0000] {dag.py:3834} INFO - Setting next_dagrun for example_sla_dag to 2024-04-12 09:12:00+00:00, run_after=2024-04-12 09:14:00+00:00
[2024-04-12T09:15:03.956+0000] {processor.py:183} INFO - Processing /home/airflow/.local/lib/python3.8/site-packages/airflow/example_dags/example_sla_dag.py took 0.105 seconds
[2024-04-12T09:15:34.623+0000] {processor.py:161} INFO - Started process (PID=1585) to work on /home/airflow/.local/lib/python3.8/site-packages/airflow/example_dags/example_sla_dag.py
[2024-04-12T09:15:34.630+0000] {processor.py:830} INFO - Processing file /home/airflow/.local/lib/python3.8/site-packages/airflow/example_dags/example_sla_dag.py for tasks to queue
[2024-04-12T09:15:34.633+0000] {logging_mixin.py:188} INFO - [2024-04-12T09:15:34.632+0000] {dagbag.py:540} INFO - Filling up the DagBag from /home/airflow/.local/lib/python3.8/site-packages/airflow/example_dags/example_sla_dag.py
[2024-04-12T09:15:34.653+0000] {processor.py:840} INFO - DAG(s) 'example_sla_dag' retrieved from /home/airflow/.local/lib/python3.8/site-packages/airflow/example_dags/example_sla_dag.py
[2024-04-12T09:15:34.705+0000] {logging_mixin.py:188} INFO - [2024-04-12T09:15:34.704+0000] {dag.py:3047} INFO - Sync 1 DAGs
[2024-04-12T09:15:34.741+0000] {logging_mixin.py:188} INFO - [2024-04-12T09:15:34.740+0000] {dag.py:3834} INFO - Setting next_dagrun for example_sla_dag to 2024-04-12 09:12:00+00:00, run_after=2024-04-12 09:14:00+00:00
[2024-04-12T09:15:34.777+0000] {processor.py:183} INFO - Processing /home/airflow/.local/lib/python3.8/site-packages/airflow/example_dags/example_sla_dag.py took 0.161 seconds
[2024-04-12T09:16:05.340+0000] {processor.py:161} INFO - Started process (PID=1642) to work on /home/airflow/.local/lib/python3.8/site-packages/airflow/example_dags/example_sla_dag.py
[2024-04-12T09:16:05.343+0000] {processor.py:830} INFO - Processing file /home/airflow/.local/lib/python3.8/site-packages/airflow/example_dags/example_sla_dag.py for tasks to queue
[2024-04-12T09:16:05.345+0000] {logging_mixin.py:188} INFO - [2024-04-12T09:16:05.344+0000] {dagbag.py:540} INFO - Filling up the DagBag from /home/airflow/.local/lib/python3.8/site-packages/airflow/example_dags/example_sla_dag.py
[2024-04-12T09:16:05.356+0000] {processor.py:840} INFO - DAG(s) 'example_sla_dag' retrieved from /home/airflow/.local/lib/python3.8/site-packages/airflow/example_dags/example_sla_dag.py
[2024-04-12T09:16:05.390+0000] {logging_mixin.py:188} INFO - [2024-04-12T09:16:05.389+0000] {dag.py:3047} INFO - Sync 1 DAGs
[2024-04-12T09:16:05.426+0000] {logging_mixin.py:188} INFO - [2024-04-12T09:16:05.425+0000] {dag.py:3834} INFO - Setting next_dagrun for example_sla_dag to 2024-04-12 09:14:00+00:00, run_after=2024-04-12 09:16:00+00:00
[2024-04-12T09:16:05.462+0000] {processor.py:183} INFO - Processing /home/airflow/.local/lib/python3.8/site-packages/airflow/example_dags/example_sla_dag.py took 0.129 seconds
