[2024-04-12T09:01:22.242+0000] {processor.py:161} INFO - Started process (PID=52) to work on /home/airflow/.local/lib/python3.8/site-packages/airflow/example_dags/example_latest_only_with_trigger.py
[2024-04-12T09:01:22.248+0000] {processor.py:830} INFO - Processing file /home/airflow/.local/lib/python3.8/site-packages/airflow/example_dags/example_latest_only_with_trigger.py for tasks to queue
[2024-04-12T09:01:22.262+0000] {logging_mixin.py:188} INFO - [2024-04-12T09:01:22.260+0000] {dagbag.py:540} INFO - Filling up the DagBag from /home/airflow/.local/lib/python3.8/site-packages/airflow/example_dags/example_latest_only_with_trigger.py
[2024-04-12T09:01:22.653+0000] {processor.py:840} INFO - DAG(s) 'latest_only_with_trigger' retrieved from /home/airflow/.local/lib/python3.8/site-packages/airflow/example_dags/example_latest_only_with_trigger.py
[2024-04-12T09:01:23.039+0000] {logging_mixin.py:188} INFO - [2024-04-12T09:01:23.038+0000] {override.py:1769} INFO - Created Permission View: can read on DAG:latest_only_with_trigger
[2024-04-12T09:01:23.078+0000] {logging_mixin.py:188} INFO - [2024-04-12T09:01:23.077+0000] {override.py:1769} INFO - Created Permission View: can edit on DAG:latest_only_with_trigger
[2024-04-12T09:01:23.102+0000] {logging_mixin.py:188} INFO - [2024-04-12T09:01:23.101+0000] {override.py:1769} INFO - Created Permission View: can delete on DAG:latest_only_with_trigger
[2024-04-12T09:01:23.104+0000] {logging_mixin.py:188} INFO - [2024-04-12T09:01:23.104+0000] {dag.py:3047} INFO - Sync 1 DAGs
[2024-04-12T09:01:23.156+0000] {logging_mixin.py:188} INFO - [2024-04-12T09:01:23.155+0000] {dag.py:3069} INFO - Creating ORM DAG for latest_only_with_trigger
[2024-04-12T09:01:23.190+0000] {logging_mixin.py:188} INFO - [2024-04-12T09:01:23.189+0000] {dag.py:3834} INFO - Setting next_dagrun for latest_only_with_trigger to 2024-04-12 04:00:00+00:00, run_after=2024-04-12 08:00:00+00:00
[2024-04-12T09:01:23.318+0000] {processor.py:183} INFO - Processing /home/airflow/.local/lib/python3.8/site-packages/airflow/example_dags/example_latest_only_with_trigger.py took 1.126 seconds
[2024-04-12T09:01:54.276+0000] {processor.py:161} INFO - Started process (PID=110) to work on /home/airflow/.local/lib/python3.8/site-packages/airflow/example_dags/example_latest_only_with_trigger.py
[2024-04-12T09:01:54.279+0000] {processor.py:830} INFO - Processing file /home/airflow/.local/lib/python3.8/site-packages/airflow/example_dags/example_latest_only_with_trigger.py for tasks to queue
[2024-04-12T09:01:54.285+0000] {logging_mixin.py:188} INFO - [2024-04-12T09:01:54.284+0000] {dagbag.py:540} INFO - Filling up the DagBag from /home/airflow/.local/lib/python3.8/site-packages/airflow/example_dags/example_latest_only_with_trigger.py
[2024-04-12T09:01:54.297+0000] {processor.py:840} INFO - DAG(s) 'latest_only_with_trigger' retrieved from /home/airflow/.local/lib/python3.8/site-packages/airflow/example_dags/example_latest_only_with_trigger.py
[2024-04-12T09:01:54.363+0000] {logging_mixin.py:188} INFO - [2024-04-12T09:01:54.362+0000] {dag.py:3047} INFO - Sync 1 DAGs
[2024-04-12T09:01:54.470+0000] {logging_mixin.py:188} INFO - [2024-04-12T09:01:54.469+0000] {dag.py:3834} INFO - Setting next_dagrun for latest_only_with_trigger to 2024-04-12 04:00:00+00:00, run_after=2024-04-12 08:00:00+00:00
[2024-04-12T09:01:54.538+0000] {processor.py:183} INFO - Processing /home/airflow/.local/lib/python3.8/site-packages/airflow/example_dags/example_latest_only_with_trigger.py took 0.269 seconds
[2024-04-12T09:02:24.914+0000] {processor.py:161} INFO - Started process (PID=167) to work on /home/airflow/.local/lib/python3.8/site-packages/airflow/example_dags/example_latest_only_with_trigger.py
[2024-04-12T09:02:24.917+0000] {processor.py:830} INFO - Processing file /home/airflow/.local/lib/python3.8/site-packages/airflow/example_dags/example_latest_only_with_trigger.py for tasks to queue
[2024-04-12T09:02:24.923+0000] {logging_mixin.py:188} INFO - [2024-04-12T09:02:24.922+0000] {dagbag.py:540} INFO - Filling up the DagBag from /home/airflow/.local/lib/python3.8/site-packages/airflow/example_dags/example_latest_only_with_trigger.py
[2024-04-12T09:02:24.953+0000] {processor.py:840} INFO - DAG(s) 'latest_only_with_trigger' retrieved from /home/airflow/.local/lib/python3.8/site-packages/airflow/example_dags/example_latest_only_with_trigger.py
[2024-04-12T09:02:25.051+0000] {logging_mixin.py:188} INFO - [2024-04-12T09:02:25.050+0000] {dag.py:3047} INFO - Sync 1 DAGs
[2024-04-12T09:02:25.117+0000] {logging_mixin.py:188} INFO - [2024-04-12T09:02:25.116+0000] {dag.py:3834} INFO - Setting next_dagrun for latest_only_with_trigger to 2024-04-12 04:00:00+00:00, run_after=2024-04-12 08:00:00+00:00
[2024-04-12T09:02:25.174+0000] {processor.py:183} INFO - Processing /home/airflow/.local/lib/python3.8/site-packages/airflow/example_dags/example_latest_only_with_trigger.py took 0.272 seconds
[2024-04-12T09:02:55.529+0000] {processor.py:161} INFO - Started process (PID=228) to work on /home/airflow/.local/lib/python3.8/site-packages/airflow/example_dags/example_latest_only_with_trigger.py
[2024-04-12T09:02:55.531+0000] {processor.py:830} INFO - Processing file /home/airflow/.local/lib/python3.8/site-packages/airflow/example_dags/example_latest_only_with_trigger.py for tasks to queue
[2024-04-12T09:02:55.534+0000] {logging_mixin.py:188} INFO - [2024-04-12T09:02:55.533+0000] {dagbag.py:540} INFO - Filling up the DagBag from /home/airflow/.local/lib/python3.8/site-packages/airflow/example_dags/example_latest_only_with_trigger.py
[2024-04-12T09:02:55.542+0000] {processor.py:840} INFO - DAG(s) 'latest_only_with_trigger' retrieved from /home/airflow/.local/lib/python3.8/site-packages/airflow/example_dags/example_latest_only_with_trigger.py
[2024-04-12T09:02:55.575+0000] {logging_mixin.py:188} INFO - [2024-04-12T09:02:55.575+0000] {dag.py:3047} INFO - Sync 1 DAGs
[2024-04-12T09:02:55.606+0000] {logging_mixin.py:188} INFO - [2024-04-12T09:02:55.606+0000] {dag.py:3834} INFO - Setting next_dagrun for latest_only_with_trigger to 2024-04-12 04:00:00+00:00, run_after=2024-04-12 08:00:00+00:00
[2024-04-12T09:02:55.639+0000] {processor.py:183} INFO - Processing /home/airflow/.local/lib/python3.8/site-packages/airflow/example_dags/example_latest_only_with_trigger.py took 0.116 seconds
[2024-04-12T09:03:26.471+0000] {processor.py:161} INFO - Started process (PID=286) to work on /home/airflow/.local/lib/python3.8/site-packages/airflow/example_dags/example_latest_only_with_trigger.py
[2024-04-12T09:03:26.475+0000] {processor.py:830} INFO - Processing file /home/airflow/.local/lib/python3.8/site-packages/airflow/example_dags/example_latest_only_with_trigger.py for tasks to queue
[2024-04-12T09:03:26.479+0000] {logging_mixin.py:188} INFO - [2024-04-12T09:03:26.479+0000] {dagbag.py:540} INFO - Filling up the DagBag from /home/airflow/.local/lib/python3.8/site-packages/airflow/example_dags/example_latest_only_with_trigger.py
[2024-04-12T09:03:26.486+0000] {processor.py:840} INFO - DAG(s) 'latest_only_with_trigger' retrieved from /home/airflow/.local/lib/python3.8/site-packages/airflow/example_dags/example_latest_only_with_trigger.py
[2024-04-12T09:03:26.515+0000] {logging_mixin.py:188} INFO - [2024-04-12T09:03:26.514+0000] {dag.py:3047} INFO - Sync 1 DAGs
[2024-04-12T09:03:26.563+0000] {logging_mixin.py:188} INFO - [2024-04-12T09:03:26.562+0000] {dag.py:3834} INFO - Setting next_dagrun for latest_only_with_trigger to 2024-04-12 04:00:00+00:00, run_after=2024-04-12 08:00:00+00:00
[2024-04-12T09:03:26.606+0000] {processor.py:183} INFO - Processing /home/airflow/.local/lib/python3.8/site-packages/airflow/example_dags/example_latest_only_with_trigger.py took 0.138 seconds
[2024-04-12T09:03:56.835+0000] {processor.py:161} INFO - Started process (PID=342) to work on /home/airflow/.local/lib/python3.8/site-packages/airflow/example_dags/example_latest_only_with_trigger.py
[2024-04-12T09:03:56.838+0000] {processor.py:830} INFO - Processing file /home/airflow/.local/lib/python3.8/site-packages/airflow/example_dags/example_latest_only_with_trigger.py for tasks to queue
[2024-04-12T09:03:56.841+0000] {logging_mixin.py:188} INFO - [2024-04-12T09:03:56.841+0000] {dagbag.py:540} INFO - Filling up the DagBag from /home/airflow/.local/lib/python3.8/site-packages/airflow/example_dags/example_latest_only_with_trigger.py
[2024-04-12T09:03:56.851+0000] {processor.py:840} INFO - DAG(s) 'latest_only_with_trigger' retrieved from /home/airflow/.local/lib/python3.8/site-packages/airflow/example_dags/example_latest_only_with_trigger.py
[2024-04-12T09:03:56.899+0000] {logging_mixin.py:188} INFO - [2024-04-12T09:03:56.898+0000] {dag.py:3047} INFO - Sync 1 DAGs
[2024-04-12T09:03:56.933+0000] {logging_mixin.py:188} INFO - [2024-04-12T09:03:56.933+0000] {dag.py:3834} INFO - Setting next_dagrun for latest_only_with_trigger to 2024-04-12 04:00:00+00:00, run_after=2024-04-12 08:00:00+00:00
[2024-04-12T09:03:56.973+0000] {processor.py:183} INFO - Processing /home/airflow/.local/lib/python3.8/site-packages/airflow/example_dags/example_latest_only_with_trigger.py took 0.143 seconds
[2024-04-12T09:04:27.159+0000] {processor.py:161} INFO - Started process (PID=399) to work on /home/airflow/.local/lib/python3.8/site-packages/airflow/example_dags/example_latest_only_with_trigger.py
[2024-04-12T09:04:27.161+0000] {processor.py:830} INFO - Processing file /home/airflow/.local/lib/python3.8/site-packages/airflow/example_dags/example_latest_only_with_trigger.py for tasks to queue
[2024-04-12T09:04:27.166+0000] {logging_mixin.py:188} INFO - [2024-04-12T09:04:27.165+0000] {dagbag.py:540} INFO - Filling up the DagBag from /home/airflow/.local/lib/python3.8/site-packages/airflow/example_dags/example_latest_only_with_trigger.py
[2024-04-12T09:04:27.183+0000] {processor.py:840} INFO - DAG(s) 'latest_only_with_trigger' retrieved from /home/airflow/.local/lib/python3.8/site-packages/airflow/example_dags/example_latest_only_with_trigger.py
[2024-04-12T09:04:27.222+0000] {logging_mixin.py:188} INFO - [2024-04-12T09:04:27.222+0000] {dag.py:3047} INFO - Sync 1 DAGs
[2024-04-12T09:04:27.275+0000] {logging_mixin.py:188} INFO - [2024-04-12T09:04:27.274+0000] {dag.py:3834} INFO - Setting next_dagrun for latest_only_with_trigger to 2024-04-12 04:00:00+00:00, run_after=2024-04-12 08:00:00+00:00
[2024-04-12T09:04:27.353+0000] {processor.py:183} INFO - Processing /home/airflow/.local/lib/python3.8/site-packages/airflow/example_dags/example_latest_only_with_trigger.py took 0.198 seconds
[2024-04-12T09:05:13.018+0000] {processor.py:161} INFO - Started process (PID=416) to work on /home/airflow/.local/lib/python3.8/site-packages/airflow/example_dags/example_latest_only_with_trigger.py
[2024-04-12T09:05:13.021+0000] {processor.py:830} INFO - Processing file /home/airflow/.local/lib/python3.8/site-packages/airflow/example_dags/example_latest_only_with_trigger.py for tasks to queue
[2024-04-12T09:05:13.025+0000] {logging_mixin.py:188} INFO - [2024-04-12T09:05:13.023+0000] {dagbag.py:540} INFO - Filling up the DagBag from /home/airflow/.local/lib/python3.8/site-packages/airflow/example_dags/example_latest_only_with_trigger.py
[2024-04-12T09:05:13.041+0000] {processor.py:840} INFO - DAG(s) 'latest_only_with_trigger' retrieved from /home/airflow/.local/lib/python3.8/site-packages/airflow/example_dags/example_latest_only_with_trigger.py
[2024-04-12T09:05:13.074+0000] {logging_mixin.py:188} INFO - [2024-04-12T09:05:13.074+0000] {dag.py:3047} INFO - Sync 1 DAGs
[2024-04-12T09:05:13.109+0000] {logging_mixin.py:188} INFO - [2024-04-12T09:05:13.108+0000] {dag.py:3834} INFO - Setting next_dagrun for latest_only_with_trigger to 2024-04-12 04:00:00+00:00, run_after=2024-04-12 08:00:00+00:00
[2024-04-12T09:05:13.145+0000] {processor.py:183} INFO - Processing /home/airflow/.local/lib/python3.8/site-packages/airflow/example_dags/example_latest_only_with_trigger.py took 0.134 seconds
[2024-04-12T09:05:43.346+0000] {processor.py:161} INFO - Started process (PID=474) to work on /home/airflow/.local/lib/python3.8/site-packages/airflow/example_dags/example_latest_only_with_trigger.py
[2024-04-12T09:05:43.349+0000] {processor.py:830} INFO - Processing file /home/airflow/.local/lib/python3.8/site-packages/airflow/example_dags/example_latest_only_with_trigger.py for tasks to queue
[2024-04-12T09:05:43.353+0000] {logging_mixin.py:188} INFO - [2024-04-12T09:05:43.352+0000] {dagbag.py:540} INFO - Filling up the DagBag from /home/airflow/.local/lib/python3.8/site-packages/airflow/example_dags/example_latest_only_with_trigger.py
[2024-04-12T09:05:43.371+0000] {processor.py:840} INFO - DAG(s) 'latest_only_with_trigger' retrieved from /home/airflow/.local/lib/python3.8/site-packages/airflow/example_dags/example_latest_only_with_trigger.py
[2024-04-12T09:05:43.429+0000] {logging_mixin.py:188} INFO - [2024-04-12T09:05:43.428+0000] {dag.py:3047} INFO - Sync 1 DAGs
[2024-04-12T09:05:43.475+0000] {logging_mixin.py:188} INFO - [2024-04-12T09:05:43.474+0000] {dag.py:3834} INFO - Setting next_dagrun for latest_only_with_trigger to 2024-04-12 04:00:00+00:00, run_after=2024-04-12 08:00:00+00:00
[2024-04-12T09:05:43.516+0000] {processor.py:183} INFO - Processing /home/airflow/.local/lib/python3.8/site-packages/airflow/example_dags/example_latest_only_with_trigger.py took 0.175 seconds
[2024-04-12T09:06:13.760+0000] {processor.py:161} INFO - Started process (PID=533) to work on /home/airflow/.local/lib/python3.8/site-packages/airflow/example_dags/example_latest_only_with_trigger.py
[2024-04-12T09:06:13.762+0000] {processor.py:830} INFO - Processing file /home/airflow/.local/lib/python3.8/site-packages/airflow/example_dags/example_latest_only_with_trigger.py for tasks to queue
[2024-04-12T09:06:13.763+0000] {logging_mixin.py:188} INFO - [2024-04-12T09:06:13.763+0000] {dagbag.py:540} INFO - Filling up the DagBag from /home/airflow/.local/lib/python3.8/site-packages/airflow/example_dags/example_latest_only_with_trigger.py
[2024-04-12T09:06:13.770+0000] {processor.py:840} INFO - DAG(s) 'latest_only_with_trigger' retrieved from /home/airflow/.local/lib/python3.8/site-packages/airflow/example_dags/example_latest_only_with_trigger.py
[2024-04-12T09:06:13.805+0000] {logging_mixin.py:188} INFO - [2024-04-12T09:06:13.804+0000] {dag.py:3047} INFO - Sync 1 DAGs
[2024-04-12T09:06:13.837+0000] {logging_mixin.py:188} INFO - [2024-04-12T09:06:13.837+0000] {dag.py:3834} INFO - Setting next_dagrun for latest_only_with_trigger to 2024-04-12 04:00:00+00:00, run_after=2024-04-12 08:00:00+00:00
[2024-04-12T09:06:13.875+0000] {processor.py:183} INFO - Processing /home/airflow/.local/lib/python3.8/site-packages/airflow/example_dags/example_latest_only_with_trigger.py took 0.118 seconds
[2024-04-12T09:06:44.453+0000] {processor.py:161} INFO - Started process (PID=589) to work on /home/airflow/.local/lib/python3.8/site-packages/airflow/example_dags/example_latest_only_with_trigger.py
[2024-04-12T09:06:44.455+0000] {processor.py:830} INFO - Processing file /home/airflow/.local/lib/python3.8/site-packages/airflow/example_dags/example_latest_only_with_trigger.py for tasks to queue
[2024-04-12T09:06:44.456+0000] {logging_mixin.py:188} INFO - [2024-04-12T09:06:44.455+0000] {dagbag.py:540} INFO - Filling up the DagBag from /home/airflow/.local/lib/python3.8/site-packages/airflow/example_dags/example_latest_only_with_trigger.py
[2024-04-12T09:06:44.462+0000] {processor.py:840} INFO - DAG(s) 'latest_only_with_trigger' retrieved from /home/airflow/.local/lib/python3.8/site-packages/airflow/example_dags/example_latest_only_with_trigger.py
[2024-04-12T09:06:44.486+0000] {logging_mixin.py:188} INFO - [2024-04-12T09:06:44.486+0000] {dag.py:3047} INFO - Sync 1 DAGs
[2024-04-12T09:06:44.511+0000] {logging_mixin.py:188} INFO - [2024-04-12T09:06:44.510+0000] {dag.py:3834} INFO - Setting next_dagrun for latest_only_with_trigger to 2024-04-12 04:00:00+00:00, run_after=2024-04-12 08:00:00+00:00
[2024-04-12T09:06:44.540+0000] {processor.py:183} INFO - Processing /home/airflow/.local/lib/python3.8/site-packages/airflow/example_dags/example_latest_only_with_trigger.py took 0.091 seconds
[2024-04-12T09:07:14.661+0000] {processor.py:161} INFO - Started process (PID=646) to work on /home/airflow/.local/lib/python3.8/site-packages/airflow/example_dags/example_latest_only_with_trigger.py
[2024-04-12T09:07:14.663+0000] {processor.py:830} INFO - Processing file /home/airflow/.local/lib/python3.8/site-packages/airflow/example_dags/example_latest_only_with_trigger.py for tasks to queue
[2024-04-12T09:07:14.664+0000] {logging_mixin.py:188} INFO - [2024-04-12T09:07:14.664+0000] {dagbag.py:540} INFO - Filling up the DagBag from /home/airflow/.local/lib/python3.8/site-packages/airflow/example_dags/example_latest_only_with_trigger.py
[2024-04-12T09:07:14.670+0000] {processor.py:840} INFO - DAG(s) 'latest_only_with_trigger' retrieved from /home/airflow/.local/lib/python3.8/site-packages/airflow/example_dags/example_latest_only_with_trigger.py
[2024-04-12T09:07:14.695+0000] {logging_mixin.py:188} INFO - [2024-04-12T09:07:14.695+0000] {dag.py:3047} INFO - Sync 1 DAGs
[2024-04-12T09:07:14.722+0000] {logging_mixin.py:188} INFO - [2024-04-12T09:07:14.722+0000] {dag.py:3834} INFO - Setting next_dagrun for latest_only_with_trigger to 2024-04-12 04:00:00+00:00, run_after=2024-04-12 08:00:00+00:00
[2024-04-12T09:07:14.768+0000] {processor.py:183} INFO - Processing /home/airflow/.local/lib/python3.8/site-packages/airflow/example_dags/example_latest_only_with_trigger.py took 0.110 seconds
[2024-04-12T09:07:44.832+0000] {processor.py:161} INFO - Started process (PID=704) to work on /home/airflow/.local/lib/python3.8/site-packages/airflow/example_dags/example_latest_only_with_trigger.py
[2024-04-12T09:07:44.833+0000] {processor.py:830} INFO - Processing file /home/airflow/.local/lib/python3.8/site-packages/airflow/example_dags/example_latest_only_with_trigger.py for tasks to queue
[2024-04-12T09:07:44.835+0000] {logging_mixin.py:188} INFO - [2024-04-12T09:07:44.835+0000] {dagbag.py:540} INFO - Filling up the DagBag from /home/airflow/.local/lib/python3.8/site-packages/airflow/example_dags/example_latest_only_with_trigger.py
[2024-04-12T09:07:44.841+0000] {processor.py:840} INFO - DAG(s) 'latest_only_with_trigger' retrieved from /home/airflow/.local/lib/python3.8/site-packages/airflow/example_dags/example_latest_only_with_trigger.py
[2024-04-12T09:07:44.863+0000] {logging_mixin.py:188} INFO - [2024-04-12T09:07:44.863+0000] {dag.py:3047} INFO - Sync 1 DAGs
[2024-04-12T09:07:44.887+0000] {logging_mixin.py:188} INFO - [2024-04-12T09:07:44.887+0000] {dag.py:3834} INFO - Setting next_dagrun for latest_only_with_trigger to 2024-04-12 04:00:00+00:00, run_after=2024-04-12 08:00:00+00:00
[2024-04-12T09:07:44.915+0000] {processor.py:183} INFO - Processing /home/airflow/.local/lib/python3.8/site-packages/airflow/example_dags/example_latest_only_with_trigger.py took 0.087 seconds
[2024-04-12T09:08:15.187+0000] {processor.py:161} INFO - Started process (PID=762) to work on /home/airflow/.local/lib/python3.8/site-packages/airflow/example_dags/example_latest_only_with_trigger.py
[2024-04-12T09:08:15.188+0000] {processor.py:830} INFO - Processing file /home/airflow/.local/lib/python3.8/site-packages/airflow/example_dags/example_latest_only_with_trigger.py for tasks to queue
[2024-04-12T09:08:15.189+0000] {logging_mixin.py:188} INFO - [2024-04-12T09:08:15.189+0000] {dagbag.py:540} INFO - Filling up the DagBag from /home/airflow/.local/lib/python3.8/site-packages/airflow/example_dags/example_latest_only_with_trigger.py
[2024-04-12T09:08:15.197+0000] {processor.py:840} INFO - DAG(s) 'latest_only_with_trigger' retrieved from /home/airflow/.local/lib/python3.8/site-packages/airflow/example_dags/example_latest_only_with_trigger.py
[2024-04-12T09:08:15.220+0000] {logging_mixin.py:188} INFO - [2024-04-12T09:08:15.220+0000] {dag.py:3047} INFO - Sync 1 DAGs
[2024-04-12T09:08:15.245+0000] {logging_mixin.py:188} INFO - [2024-04-12T09:08:15.245+0000] {dag.py:3834} INFO - Setting next_dagrun for latest_only_with_trigger to 2024-04-12 04:00:00+00:00, run_after=2024-04-12 08:00:00+00:00
[2024-04-12T09:08:15.281+0000] {processor.py:183} INFO - Processing /home/airflow/.local/lib/python3.8/site-packages/airflow/example_dags/example_latest_only_with_trigger.py took 0.097 seconds
[2024-04-12T09:08:45.652+0000] {processor.py:161} INFO - Started process (PID=820) to work on /home/airflow/.local/lib/python3.8/site-packages/airflow/example_dags/example_latest_only_with_trigger.py
[2024-04-12T09:08:45.654+0000] {processor.py:830} INFO - Processing file /home/airflow/.local/lib/python3.8/site-packages/airflow/example_dags/example_latest_only_with_trigger.py for tasks to queue
[2024-04-12T09:08:45.655+0000] {logging_mixin.py:188} INFO - [2024-04-12T09:08:45.655+0000] {dagbag.py:540} INFO - Filling up the DagBag from /home/airflow/.local/lib/python3.8/site-packages/airflow/example_dags/example_latest_only_with_trigger.py
[2024-04-12T09:08:45.664+0000] {processor.py:840} INFO - DAG(s) 'latest_only_with_trigger' retrieved from /home/airflow/.local/lib/python3.8/site-packages/airflow/example_dags/example_latest_only_with_trigger.py
[2024-04-12T09:08:45.691+0000] {logging_mixin.py:188} INFO - [2024-04-12T09:08:45.690+0000] {dag.py:3047} INFO - Sync 1 DAGs
[2024-04-12T09:08:45.715+0000] {logging_mixin.py:188} INFO - [2024-04-12T09:08:45.715+0000] {dag.py:3834} INFO - Setting next_dagrun for latest_only_with_trigger to 2024-04-12 04:00:00+00:00, run_after=2024-04-12 08:00:00+00:00
[2024-04-12T09:08:45.749+0000] {processor.py:183} INFO - Processing /home/airflow/.local/lib/python3.8/site-packages/airflow/example_dags/example_latest_only_with_trigger.py took 0.102 seconds
[2024-04-12T09:09:16.118+0000] {processor.py:161} INFO - Started process (PID=878) to work on /home/airflow/.local/lib/python3.8/site-packages/airflow/example_dags/example_latest_only_with_trigger.py
[2024-04-12T09:09:16.120+0000] {processor.py:830} INFO - Processing file /home/airflow/.local/lib/python3.8/site-packages/airflow/example_dags/example_latest_only_with_trigger.py for tasks to queue
[2024-04-12T09:09:16.122+0000] {logging_mixin.py:188} INFO - [2024-04-12T09:09:16.122+0000] {dagbag.py:540} INFO - Filling up the DagBag from /home/airflow/.local/lib/python3.8/site-packages/airflow/example_dags/example_latest_only_with_trigger.py
[2024-04-12T09:09:16.128+0000] {processor.py:840} INFO - DAG(s) 'latest_only_with_trigger' retrieved from /home/airflow/.local/lib/python3.8/site-packages/airflow/example_dags/example_latest_only_with_trigger.py
[2024-04-12T09:09:16.150+0000] {logging_mixin.py:188} INFO - [2024-04-12T09:09:16.150+0000] {dag.py:3047} INFO - Sync 1 DAGs
[2024-04-12T09:09:16.172+0000] {logging_mixin.py:188} INFO - [2024-04-12T09:09:16.172+0000] {dag.py:3834} INFO - Setting next_dagrun for latest_only_with_trigger to 2024-04-12 04:00:00+00:00, run_after=2024-04-12 08:00:00+00:00
[2024-04-12T09:09:16.199+0000] {processor.py:183} INFO - Processing /home/airflow/.local/lib/python3.8/site-packages/airflow/example_dags/example_latest_only_with_trigger.py took 0.084 seconds
[2024-04-12T09:09:47.355+0000] {processor.py:161} INFO - Started process (PID=936) to work on /home/airflow/.local/lib/python3.8/site-packages/airflow/example_dags/example_latest_only_with_trigger.py
[2024-04-12T09:09:47.357+0000] {processor.py:830} INFO - Processing file /home/airflow/.local/lib/python3.8/site-packages/airflow/example_dags/example_latest_only_with_trigger.py for tasks to queue
[2024-04-12T09:09:47.359+0000] {logging_mixin.py:188} INFO - [2024-04-12T09:09:47.358+0000] {dagbag.py:540} INFO - Filling up the DagBag from /home/airflow/.local/lib/python3.8/site-packages/airflow/example_dags/example_latest_only_with_trigger.py
[2024-04-12T09:09:47.367+0000] {processor.py:840} INFO - DAG(s) 'latest_only_with_trigger' retrieved from /home/airflow/.local/lib/python3.8/site-packages/airflow/example_dags/example_latest_only_with_trigger.py
[2024-04-12T09:09:47.399+0000] {logging_mixin.py:188} INFO - [2024-04-12T09:09:47.399+0000] {dag.py:3047} INFO - Sync 1 DAGs
[2024-04-12T09:09:47.428+0000] {logging_mixin.py:188} INFO - [2024-04-12T09:09:47.427+0000] {dag.py:3834} INFO - Setting next_dagrun for latest_only_with_trigger to 2024-04-12 04:00:00+00:00, run_after=2024-04-12 08:00:00+00:00
[2024-04-12T09:09:47.473+0000] {processor.py:183} INFO - Processing /home/airflow/.local/lib/python3.8/site-packages/airflow/example_dags/example_latest_only_with_trigger.py took 0.121 seconds
[2024-04-12T09:10:19.998+0000] {processor.py:161} INFO - Started process (PID=994) to work on /home/airflow/.local/lib/python3.8/site-packages/airflow/example_dags/example_latest_only_with_trigger.py
[2024-04-12T09:10:20.008+0000] {processor.py:830} INFO - Processing file /home/airflow/.local/lib/python3.8/site-packages/airflow/example_dags/example_latest_only_with_trigger.py for tasks to queue
[2024-04-12T09:10:20.013+0000] {logging_mixin.py:188} INFO - [2024-04-12T09:10:20.011+0000] {dagbag.py:540} INFO - Filling up the DagBag from /home/airflow/.local/lib/python3.8/site-packages/airflow/example_dags/example_latest_only_with_trigger.py
[2024-04-12T09:10:20.066+0000] {processor.py:840} INFO - DAG(s) 'latest_only_with_trigger' retrieved from /home/airflow/.local/lib/python3.8/site-packages/airflow/example_dags/example_latest_only_with_trigger.py
[2024-04-12T09:10:20.204+0000] {logging_mixin.py:188} INFO - [2024-04-12T09:10:20.202+0000] {dag.py:3047} INFO - Sync 1 DAGs
[2024-04-12T09:10:20.353+0000] {logging_mixin.py:188} INFO - [2024-04-12T09:10:20.351+0000] {dag.py:3834} INFO - Setting next_dagrun for latest_only_with_trigger to 2024-04-12 04:00:00+00:00, run_after=2024-04-12 08:00:00+00:00
[2024-04-12T09:10:20.474+0000] {processor.py:183} INFO - Processing /home/airflow/.local/lib/python3.8/site-packages/airflow/example_dags/example_latest_only_with_trigger.py took 0.503 seconds
[2024-04-12T09:10:50.833+0000] {processor.py:161} INFO - Started process (PID=1052) to work on /home/airflow/.local/lib/python3.8/site-packages/airflow/example_dags/example_latest_only_with_trigger.py
[2024-04-12T09:10:50.835+0000] {processor.py:830} INFO - Processing file /home/airflow/.local/lib/python3.8/site-packages/airflow/example_dags/example_latest_only_with_trigger.py for tasks to queue
[2024-04-12T09:10:50.836+0000] {logging_mixin.py:188} INFO - [2024-04-12T09:10:50.836+0000] {dagbag.py:540} INFO - Filling up the DagBag from /home/airflow/.local/lib/python3.8/site-packages/airflow/example_dags/example_latest_only_with_trigger.py
[2024-04-12T09:10:50.842+0000] {processor.py:840} INFO - DAG(s) 'latest_only_with_trigger' retrieved from /home/airflow/.local/lib/python3.8/site-packages/airflow/example_dags/example_latest_only_with_trigger.py
[2024-04-12T09:10:50.870+0000] {logging_mixin.py:188} INFO - [2024-04-12T09:10:50.869+0000] {dag.py:3047} INFO - Sync 1 DAGs
[2024-04-12T09:10:50.898+0000] {logging_mixin.py:188} INFO - [2024-04-12T09:10:50.897+0000] {dag.py:3834} INFO - Setting next_dagrun for latest_only_with_trigger to 2024-04-12 04:00:00+00:00, run_after=2024-04-12 08:00:00+00:00
[2024-04-12T09:10:50.930+0000] {processor.py:183} INFO - Processing /home/airflow/.local/lib/python3.8/site-packages/airflow/example_dags/example_latest_only_with_trigger.py took 0.099 seconds
[2024-04-12T09:11:22.740+0000] {processor.py:161} INFO - Started process (PID=1107) to work on /home/airflow/.local/lib/python3.8/site-packages/airflow/example_dags/example_latest_only_with_trigger.py
[2024-04-12T09:11:22.741+0000] {processor.py:830} INFO - Processing file /home/airflow/.local/lib/python3.8/site-packages/airflow/example_dags/example_latest_only_with_trigger.py for tasks to queue
[2024-04-12T09:11:22.742+0000] {logging_mixin.py:188} INFO - [2024-04-12T09:11:22.742+0000] {dagbag.py:540} INFO - Filling up the DagBag from /home/airflow/.local/lib/python3.8/site-packages/airflow/example_dags/example_latest_only_with_trigger.py
[2024-04-12T09:11:22.749+0000] {processor.py:840} INFO - DAG(s) 'latest_only_with_trigger' retrieved from /home/airflow/.local/lib/python3.8/site-packages/airflow/example_dags/example_latest_only_with_trigger.py
[2024-04-12T09:11:22.779+0000] {logging_mixin.py:188} INFO - [2024-04-12T09:11:22.779+0000] {dag.py:3047} INFO - Sync 1 DAGs
[2024-04-12T09:11:22.808+0000] {logging_mixin.py:188} INFO - [2024-04-12T09:11:22.808+0000] {dag.py:3834} INFO - Setting next_dagrun for latest_only_with_trigger to 2024-04-12 04:00:00+00:00, run_after=2024-04-12 08:00:00+00:00
[2024-04-12T09:11:22.844+0000] {processor.py:183} INFO - Processing /home/airflow/.local/lib/python3.8/site-packages/airflow/example_dags/example_latest_only_with_trigger.py took 0.107 seconds
[2024-04-12T09:11:52.998+0000] {processor.py:161} INFO - Started process (PID=1164) to work on /home/airflow/.local/lib/python3.8/site-packages/airflow/example_dags/example_latest_only_with_trigger.py
[2024-04-12T09:11:53.000+0000] {processor.py:830} INFO - Processing file /home/airflow/.local/lib/python3.8/site-packages/airflow/example_dags/example_latest_only_with_trigger.py for tasks to queue
[2024-04-12T09:11:53.003+0000] {logging_mixin.py:188} INFO - [2024-04-12T09:11:53.002+0000] {dagbag.py:540} INFO - Filling up the DagBag from /home/airflow/.local/lib/python3.8/site-packages/airflow/example_dags/example_latest_only_with_trigger.py
[2024-04-12T09:11:53.014+0000] {processor.py:840} INFO - DAG(s) 'latest_only_with_trigger' retrieved from /home/airflow/.local/lib/python3.8/site-packages/airflow/example_dags/example_latest_only_with_trigger.py
[2024-04-12T09:11:53.050+0000] {logging_mixin.py:188} INFO - [2024-04-12T09:11:53.049+0000] {dag.py:3047} INFO - Sync 1 DAGs
[2024-04-12T09:11:53.082+0000] {logging_mixin.py:188} INFO - [2024-04-12T09:11:53.081+0000] {dag.py:3834} INFO - Setting next_dagrun for latest_only_with_trigger to 2024-04-12 04:00:00+00:00, run_after=2024-04-12 08:00:00+00:00
[2024-04-12T09:11:53.129+0000] {processor.py:183} INFO - Processing /home/airflow/.local/lib/python3.8/site-packages/airflow/example_dags/example_latest_only_with_trigger.py took 0.135 seconds
[2024-04-12T09:12:23.602+0000] {processor.py:161} INFO - Started process (PID=1218) to work on /home/airflow/.local/lib/python3.8/site-packages/airflow/example_dags/example_latest_only_with_trigger.py
[2024-04-12T09:12:23.603+0000] {processor.py:830} INFO - Processing file /home/airflow/.local/lib/python3.8/site-packages/airflow/example_dags/example_latest_only_with_trigger.py for tasks to queue
[2024-04-12T09:12:23.605+0000] {logging_mixin.py:188} INFO - [2024-04-12T09:12:23.605+0000] {dagbag.py:540} INFO - Filling up the DagBag from /home/airflow/.local/lib/python3.8/site-packages/airflow/example_dags/example_latest_only_with_trigger.py
[2024-04-12T09:12:23.610+0000] {processor.py:840} INFO - DAG(s) 'latest_only_with_trigger' retrieved from /home/airflow/.local/lib/python3.8/site-packages/airflow/example_dags/example_latest_only_with_trigger.py
[2024-04-12T09:12:23.634+0000] {logging_mixin.py:188} INFO - [2024-04-12T09:12:23.633+0000] {dag.py:3047} INFO - Sync 1 DAGs
[2024-04-12T09:12:23.657+0000] {logging_mixin.py:188} INFO - [2024-04-12T09:12:23.657+0000] {dag.py:3834} INFO - Setting next_dagrun for latest_only_with_trigger to 2024-04-12 04:00:00+00:00, run_after=2024-04-12 08:00:00+00:00
[2024-04-12T09:12:23.686+0000] {processor.py:183} INFO - Processing /home/airflow/.local/lib/python3.8/site-packages/airflow/example_dags/example_latest_only_with_trigger.py took 0.086 seconds
[2024-04-12T09:12:54.704+0000] {processor.py:161} INFO - Started process (PID=1276) to work on /home/airflow/.local/lib/python3.8/site-packages/airflow/example_dags/example_latest_only_with_trigger.py
[2024-04-12T09:12:54.707+0000] {processor.py:830} INFO - Processing file /home/airflow/.local/lib/python3.8/site-packages/airflow/example_dags/example_latest_only_with_trigger.py for tasks to queue
[2024-04-12T09:12:54.710+0000] {logging_mixin.py:188} INFO - [2024-04-12T09:12:54.709+0000] {dagbag.py:540} INFO - Filling up the DagBag from /home/airflow/.local/lib/python3.8/site-packages/airflow/example_dags/example_latest_only_with_trigger.py
[2024-04-12T09:12:54.719+0000] {processor.py:840} INFO - DAG(s) 'latest_only_with_trigger' retrieved from /home/airflow/.local/lib/python3.8/site-packages/airflow/example_dags/example_latest_only_with_trigger.py
[2024-04-12T09:12:54.754+0000] {logging_mixin.py:188} INFO - [2024-04-12T09:12:54.753+0000] {dag.py:3047} INFO - Sync 1 DAGs
[2024-04-12T09:12:54.786+0000] {logging_mixin.py:188} INFO - [2024-04-12T09:12:54.785+0000] {dag.py:3834} INFO - Setting next_dagrun for latest_only_with_trigger to 2024-04-12 04:00:00+00:00, run_after=2024-04-12 08:00:00+00:00
[2024-04-12T09:12:54.828+0000] {processor.py:183} INFO - Processing /home/airflow/.local/lib/python3.8/site-packages/airflow/example_dags/example_latest_only_with_trigger.py took 0.129 seconds
[2024-04-12T09:13:25.184+0000] {processor.py:161} INFO - Started process (PID=1334) to work on /home/airflow/.local/lib/python3.8/site-packages/airflow/example_dags/example_latest_only_with_trigger.py
[2024-04-12T09:13:25.185+0000] {processor.py:830} INFO - Processing file /home/airflow/.local/lib/python3.8/site-packages/airflow/example_dags/example_latest_only_with_trigger.py for tasks to queue
[2024-04-12T09:13:25.187+0000] {logging_mixin.py:188} INFO - [2024-04-12T09:13:25.186+0000] {dagbag.py:540} INFO - Filling up the DagBag from /home/airflow/.local/lib/python3.8/site-packages/airflow/example_dags/example_latest_only_with_trigger.py
[2024-04-12T09:13:25.192+0000] {processor.py:840} INFO - DAG(s) 'latest_only_with_trigger' retrieved from /home/airflow/.local/lib/python3.8/site-packages/airflow/example_dags/example_latest_only_with_trigger.py
[2024-04-12T09:13:25.222+0000] {logging_mixin.py:188} INFO - [2024-04-12T09:13:25.221+0000] {dag.py:3047} INFO - Sync 1 DAGs
[2024-04-12T09:13:25.252+0000] {logging_mixin.py:188} INFO - [2024-04-12T09:13:25.251+0000] {dag.py:3834} INFO - Setting next_dagrun for latest_only_with_trigger to 2024-04-12 04:00:00+00:00, run_after=2024-04-12 08:00:00+00:00
[2024-04-12T09:13:25.290+0000] {processor.py:183} INFO - Processing /home/airflow/.local/lib/python3.8/site-packages/airflow/example_dags/example_latest_only_with_trigger.py took 0.110 seconds
[2024-04-12T09:13:56.011+0000] {processor.py:161} INFO - Started process (PID=1393) to work on /home/airflow/.local/lib/python3.8/site-packages/airflow/example_dags/example_latest_only_with_trigger.py
[2024-04-12T09:13:56.012+0000] {processor.py:830} INFO - Processing file /home/airflow/.local/lib/python3.8/site-packages/airflow/example_dags/example_latest_only_with_trigger.py for tasks to queue
[2024-04-12T09:13:56.014+0000] {logging_mixin.py:188} INFO - [2024-04-12T09:13:56.013+0000] {dagbag.py:540} INFO - Filling up the DagBag from /home/airflow/.local/lib/python3.8/site-packages/airflow/example_dags/example_latest_only_with_trigger.py
[2024-04-12T09:13:56.021+0000] {processor.py:840} INFO - DAG(s) 'latest_only_with_trigger' retrieved from /home/airflow/.local/lib/python3.8/site-packages/airflow/example_dags/example_latest_only_with_trigger.py
[2024-04-12T09:13:56.049+0000] {logging_mixin.py:188} INFO - [2024-04-12T09:13:56.049+0000] {dag.py:3047} INFO - Sync 1 DAGs
[2024-04-12T09:13:56.076+0000] {logging_mixin.py:188} INFO - [2024-04-12T09:13:56.075+0000] {dag.py:3834} INFO - Setting next_dagrun for latest_only_with_trigger to 2024-04-12 04:00:00+00:00, run_after=2024-04-12 08:00:00+00:00
[2024-04-12T09:13:56.104+0000] {processor.py:183} INFO - Processing /home/airflow/.local/lib/python3.8/site-packages/airflow/example_dags/example_latest_only_with_trigger.py took 0.096 seconds
[2024-04-12T09:14:26.481+0000] {processor.py:161} INFO - Started process (PID=1451) to work on /home/airflow/.local/lib/python3.8/site-packages/airflow/example_dags/example_latest_only_with_trigger.py
[2024-04-12T09:14:26.483+0000] {processor.py:830} INFO - Processing file /home/airflow/.local/lib/python3.8/site-packages/airflow/example_dags/example_latest_only_with_trigger.py for tasks to queue
[2024-04-12T09:14:26.485+0000] {logging_mixin.py:188} INFO - [2024-04-12T09:14:26.484+0000] {dagbag.py:540} INFO - Filling up the DagBag from /home/airflow/.local/lib/python3.8/site-packages/airflow/example_dags/example_latest_only_with_trigger.py
[2024-04-12T09:14:26.492+0000] {processor.py:840} INFO - DAG(s) 'latest_only_with_trigger' retrieved from /home/airflow/.local/lib/python3.8/site-packages/airflow/example_dags/example_latest_only_with_trigger.py
[2024-04-12T09:14:26.525+0000] {logging_mixin.py:188} INFO - [2024-04-12T09:14:26.524+0000] {dag.py:3047} INFO - Sync 1 DAGs
[2024-04-12T09:14:26.555+0000] {logging_mixin.py:188} INFO - [2024-04-12T09:14:26.555+0000] {dag.py:3834} INFO - Setting next_dagrun for latest_only_with_trigger to 2024-04-12 04:00:00+00:00, run_after=2024-04-12 08:00:00+00:00
[2024-04-12T09:14:26.584+0000] {processor.py:183} INFO - Processing /home/airflow/.local/lib/python3.8/site-packages/airflow/example_dags/example_latest_only_with_trigger.py took 0.106 seconds
[2024-04-12T09:14:56.740+0000] {processor.py:161} INFO - Started process (PID=1509) to work on /home/airflow/.local/lib/python3.8/site-packages/airflow/example_dags/example_latest_only_with_trigger.py
[2024-04-12T09:14:56.742+0000] {processor.py:830} INFO - Processing file /home/airflow/.local/lib/python3.8/site-packages/airflow/example_dags/example_latest_only_with_trigger.py for tasks to queue
[2024-04-12T09:14:56.743+0000] {logging_mixin.py:188} INFO - [2024-04-12T09:14:56.743+0000] {dagbag.py:540} INFO - Filling up the DagBag from /home/airflow/.local/lib/python3.8/site-packages/airflow/example_dags/example_latest_only_with_trigger.py
[2024-04-12T09:14:56.752+0000] {processor.py:840} INFO - DAG(s) 'latest_only_with_trigger' retrieved from /home/airflow/.local/lib/python3.8/site-packages/airflow/example_dags/example_latest_only_with_trigger.py
[2024-04-12T09:14:56.781+0000] {logging_mixin.py:188} INFO - [2024-04-12T09:14:56.781+0000] {dag.py:3047} INFO - Sync 1 DAGs
[2024-04-12T09:14:56.808+0000] {logging_mixin.py:188} INFO - [2024-04-12T09:14:56.807+0000] {dag.py:3834} INFO - Setting next_dagrun for latest_only_with_trigger to 2024-04-12 04:00:00+00:00, run_after=2024-04-12 08:00:00+00:00
[2024-04-12T09:14:56.834+0000] {processor.py:183} INFO - Processing /home/airflow/.local/lib/python3.8/site-packages/airflow/example_dags/example_latest_only_with_trigger.py took 0.099 seconds
[2024-04-12T09:15:27.794+0000] {processor.py:161} INFO - Started process (PID=1567) to work on /home/airflow/.local/lib/python3.8/site-packages/airflow/example_dags/example_latest_only_with_trigger.py
[2024-04-12T09:15:27.798+0000] {processor.py:830} INFO - Processing file /home/airflow/.local/lib/python3.8/site-packages/airflow/example_dags/example_latest_only_with_trigger.py for tasks to queue
[2024-04-12T09:15:27.801+0000] {logging_mixin.py:188} INFO - [2024-04-12T09:15:27.800+0000] {dagbag.py:540} INFO - Filling up the DagBag from /home/airflow/.local/lib/python3.8/site-packages/airflow/example_dags/example_latest_only_with_trigger.py
[2024-04-12T09:15:27.809+0000] {processor.py:840} INFO - DAG(s) 'latest_only_with_trigger' retrieved from /home/airflow/.local/lib/python3.8/site-packages/airflow/example_dags/example_latest_only_with_trigger.py
[2024-04-12T09:15:27.847+0000] {logging_mixin.py:188} INFO - [2024-04-12T09:15:27.847+0000] {dag.py:3047} INFO - Sync 1 DAGs
[2024-04-12T09:15:27.895+0000] {logging_mixin.py:188} INFO - [2024-04-12T09:15:27.894+0000] {dag.py:3834} INFO - Setting next_dagrun for latest_only_with_trigger to 2024-04-12 04:00:00+00:00, run_after=2024-04-12 08:00:00+00:00
[2024-04-12T09:15:27.947+0000] {processor.py:183} INFO - Processing /home/airflow/.local/lib/python3.8/site-packages/airflow/example_dags/example_latest_only_with_trigger.py took 0.161 seconds
[2024-04-12T09:15:58.098+0000] {processor.py:161} INFO - Started process (PID=1625) to work on /home/airflow/.local/lib/python3.8/site-packages/airflow/example_dags/example_latest_only_with_trigger.py
[2024-04-12T09:15:58.100+0000] {processor.py:830} INFO - Processing file /home/airflow/.local/lib/python3.8/site-packages/airflow/example_dags/example_latest_only_with_trigger.py for tasks to queue
[2024-04-12T09:15:58.101+0000] {logging_mixin.py:188} INFO - [2024-04-12T09:15:58.100+0000] {dagbag.py:540} INFO - Filling up the DagBag from /home/airflow/.local/lib/python3.8/site-packages/airflow/example_dags/example_latest_only_with_trigger.py
[2024-04-12T09:15:58.106+0000] {processor.py:840} INFO - DAG(s) 'latest_only_with_trigger' retrieved from /home/airflow/.local/lib/python3.8/site-packages/airflow/example_dags/example_latest_only_with_trigger.py
[2024-04-12T09:15:58.131+0000] {logging_mixin.py:188} INFO - [2024-04-12T09:15:58.131+0000] {dag.py:3047} INFO - Sync 1 DAGs
[2024-04-12T09:15:58.155+0000] {logging_mixin.py:188} INFO - [2024-04-12T09:15:58.155+0000] {dag.py:3834} INFO - Setting next_dagrun for latest_only_with_trigger to 2024-04-12 04:00:00+00:00, run_after=2024-04-12 08:00:00+00:00
[2024-04-12T09:15:58.180+0000] {processor.py:183} INFO - Processing /home/airflow/.local/lib/python3.8/site-packages/airflow/example_dags/example_latest_only_with_trigger.py took 0.084 seconds
