[2024-04-12T09:01:33.348+0000] {processor.py:161} INFO - Started process (PID=79) to work on /home/airflow/.local/lib/python3.8/site-packages/airflow/example_dags/example_branch_python_dop_operator_3.py
[2024-04-12T09:01:33.352+0000] {processor.py:830} INFO - Processing file /home/airflow/.local/lib/python3.8/site-packages/airflow/example_dags/example_branch_python_dop_operator_3.py for tasks to queue
[2024-04-12T09:01:33.355+0000] {logging_mixin.py:188} INFO - [2024-04-12T09:01:33.354+0000] {dagbag.py:540} INFO - Filling up the DagBag from /home/airflow/.local/lib/python3.8/site-packages/airflow/example_dags/example_branch_python_dop_operator_3.py
[2024-04-12T09:01:33.378+0000] {processor.py:840} INFO - DAG(s) 'example_branch_dop_operator_v3' retrieved from /home/airflow/.local/lib/python3.8/site-packages/airflow/example_dags/example_branch_python_dop_operator_3.py
[2024-04-12T09:01:33.708+0000] {logging_mixin.py:188} INFO - [2024-04-12T09:01:33.706+0000] {override.py:1769} INFO - Created Permission View: can read on DAG:example_branch_dop_operator_v3
[2024-04-12T09:01:33.727+0000] {logging_mixin.py:188} INFO - [2024-04-12T09:01:33.727+0000] {override.py:1769} INFO - Created Permission View: can edit on DAG:example_branch_dop_operator_v3
[2024-04-12T09:01:33.742+0000] {logging_mixin.py:188} INFO - [2024-04-12T09:01:33.741+0000] {override.py:1769} INFO - Created Permission View: can delete on DAG:example_branch_dop_operator_v3
[2024-04-12T09:01:33.743+0000] {logging_mixin.py:188} INFO - [2024-04-12T09:01:33.743+0000] {dag.py:3047} INFO - Sync 1 DAGs
[2024-04-12T09:01:33.761+0000] {logging_mixin.py:188} INFO - [2024-04-12T09:01:33.761+0000] {dag.py:3069} INFO - Creating ORM DAG for example_branch_dop_operator_v3
[2024-04-12T09:01:33.782+0000] {logging_mixin.py:188} INFO - [2024-04-12T09:01:33.782+0000] {dag.py:3834} INFO - Setting next_dagrun for example_branch_dop_operator_v3 to 2024-04-12 09:00:00+00:00, run_after=2024-04-12 09:01:00+00:00
[2024-04-12T09:01:33.814+0000] {processor.py:183} INFO - Processing /home/airflow/.local/lib/python3.8/site-packages/airflow/example_dags/example_branch_python_dop_operator_3.py took 0.469 seconds
[2024-04-12T09:02:05.694+0000] {processor.py:161} INFO - Started process (PID=137) to work on /home/airflow/.local/lib/python3.8/site-packages/airflow/example_dags/example_branch_python_dop_operator_3.py
[2024-04-12T09:02:05.702+0000] {processor.py:830} INFO - Processing file /home/airflow/.local/lib/python3.8/site-packages/airflow/example_dags/example_branch_python_dop_operator_3.py for tasks to queue
[2024-04-12T09:02:05.709+0000] {logging_mixin.py:188} INFO - [2024-04-12T09:02:05.707+0000] {dagbag.py:540} INFO - Filling up the DagBag from /home/airflow/.local/lib/python3.8/site-packages/airflow/example_dags/example_branch_python_dop_operator_3.py
[2024-04-12T09:02:05.748+0000] {processor.py:840} INFO - DAG(s) 'example_branch_dop_operator_v3' retrieved from /home/airflow/.local/lib/python3.8/site-packages/airflow/example_dags/example_branch_python_dop_operator_3.py
[2024-04-12T09:02:05.829+0000] {logging_mixin.py:188} INFO - [2024-04-12T09:02:05.828+0000] {dag.py:3047} INFO - Sync 1 DAGs
[2024-04-12T09:02:05.917+0000] {logging_mixin.py:188} INFO - [2024-04-12T09:02:05.916+0000] {dag.py:3834} INFO - Setting next_dagrun for example_branch_dop_operator_v3 to 2024-04-12 09:01:00+00:00, run_after=2024-04-12 09:02:00+00:00
[2024-04-12T09:02:06.056+0000] {processor.py:183} INFO - Processing /home/airflow/.local/lib/python3.8/site-packages/airflow/example_dags/example_branch_python_dop_operator_3.py took 0.369 seconds
[2024-04-12T09:02:45.861+0000] {processor.py:161} INFO - Started process (PID=201) to work on /home/airflow/.local/lib/python3.8/site-packages/airflow/example_dags/example_branch_python_dop_operator_3.py
[2024-04-12T09:02:45.862+0000] {processor.py:830} INFO - Processing file /home/airflow/.local/lib/python3.8/site-packages/airflow/example_dags/example_branch_python_dop_operator_3.py for tasks to queue
[2024-04-12T09:02:45.864+0000] {logging_mixin.py:188} INFO - [2024-04-12T09:02:45.864+0000] {dagbag.py:540} INFO - Filling up the DagBag from /home/airflow/.local/lib/python3.8/site-packages/airflow/example_dags/example_branch_python_dop_operator_3.py
[2024-04-12T09:02:45.876+0000] {processor.py:840} INFO - DAG(s) 'example_branch_dop_operator_v3' retrieved from /home/airflow/.local/lib/python3.8/site-packages/airflow/example_dags/example_branch_python_dop_operator_3.py
[2024-04-12T09:02:45.905+0000] {logging_mixin.py:188} INFO - [2024-04-12T09:02:45.904+0000] {dag.py:3047} INFO - Sync 1 DAGs
[2024-04-12T09:02:45.942+0000] {logging_mixin.py:188} INFO - [2024-04-12T09:02:45.942+0000] {dag.py:3834} INFO - Setting next_dagrun for example_branch_dop_operator_v3 to 2024-04-12 09:01:00+00:00, run_after=2024-04-12 09:02:00+00:00
[2024-04-12T09:02:45.980+0000] {processor.py:183} INFO - Processing /home/airflow/.local/lib/python3.8/site-packages/airflow/example_dags/example_branch_python_dop_operator_3.py took 0.123 seconds
[2024-04-12T09:03:16.790+0000] {processor.py:161} INFO - Started process (PID=259) to work on /home/airflow/.local/lib/python3.8/site-packages/airflow/example_dags/example_branch_python_dop_operator_3.py
[2024-04-12T09:03:16.794+0000] {processor.py:830} INFO - Processing file /home/airflow/.local/lib/python3.8/site-packages/airflow/example_dags/example_branch_python_dop_operator_3.py for tasks to queue
[2024-04-12T09:03:16.801+0000] {logging_mixin.py:188} INFO - [2024-04-12T09:03:16.799+0000] {dagbag.py:540} INFO - Filling up the DagBag from /home/airflow/.local/lib/python3.8/site-packages/airflow/example_dags/example_branch_python_dop_operator_3.py
[2024-04-12T09:03:16.824+0000] {processor.py:840} INFO - DAG(s) 'example_branch_dop_operator_v3' retrieved from /home/airflow/.local/lib/python3.8/site-packages/airflow/example_dags/example_branch_python_dop_operator_3.py
[2024-04-12T09:03:16.875+0000] {logging_mixin.py:188} INFO - [2024-04-12T09:03:16.874+0000] {dag.py:3047} INFO - Sync 1 DAGs
[2024-04-12T09:03:16.930+0000] {logging_mixin.py:188} INFO - [2024-04-12T09:03:16.930+0000] {dag.py:3834} INFO - Setting next_dagrun for example_branch_dop_operator_v3 to 2024-04-12 09:02:00+00:00, run_after=2024-04-12 09:03:00+00:00
[2024-04-12T09:03:16.991+0000] {processor.py:183} INFO - Processing /home/airflow/.local/lib/python3.8/site-packages/airflow/example_dags/example_branch_python_dop_operator_3.py took 0.211 seconds
[2024-04-12T09:03:47.806+0000] {processor.py:161} INFO - Started process (PID=317) to work on /home/airflow/.local/lib/python3.8/site-packages/airflow/example_dags/example_branch_python_dop_operator_3.py
[2024-04-12T09:03:47.808+0000] {processor.py:830} INFO - Processing file /home/airflow/.local/lib/python3.8/site-packages/airflow/example_dags/example_branch_python_dop_operator_3.py for tasks to queue
[2024-04-12T09:03:47.812+0000] {logging_mixin.py:188} INFO - [2024-04-12T09:03:47.811+0000] {dagbag.py:540} INFO - Filling up the DagBag from /home/airflow/.local/lib/python3.8/site-packages/airflow/example_dags/example_branch_python_dop_operator_3.py
[2024-04-12T09:03:47.821+0000] {processor.py:840} INFO - DAG(s) 'example_branch_dop_operator_v3' retrieved from /home/airflow/.local/lib/python3.8/site-packages/airflow/example_dags/example_branch_python_dop_operator_3.py
[2024-04-12T09:03:47.855+0000] {logging_mixin.py:188} INFO - [2024-04-12T09:03:47.855+0000] {dag.py:3047} INFO - Sync 1 DAGs
[2024-04-12T09:03:47.894+0000] {logging_mixin.py:188} INFO - [2024-04-12T09:03:47.893+0000] {dag.py:3834} INFO - Setting next_dagrun for example_branch_dop_operator_v3 to 2024-04-12 09:02:00+00:00, run_after=2024-04-12 09:03:00+00:00
[2024-04-12T09:03:47.930+0000] {processor.py:183} INFO - Processing /home/airflow/.local/lib/python3.8/site-packages/airflow/example_dags/example_branch_python_dop_operator_3.py took 0.129 seconds
[2024-04-12T09:04:18.583+0000] {processor.py:161} INFO - Started process (PID=375) to work on /home/airflow/.local/lib/python3.8/site-packages/airflow/example_dags/example_branch_python_dop_operator_3.py
[2024-04-12T09:04:18.584+0000] {processor.py:830} INFO - Processing file /home/airflow/.local/lib/python3.8/site-packages/airflow/example_dags/example_branch_python_dop_operator_3.py for tasks to queue
[2024-04-12T09:04:18.587+0000] {logging_mixin.py:188} INFO - [2024-04-12T09:04:18.586+0000] {dagbag.py:540} INFO - Filling up the DagBag from /home/airflow/.local/lib/python3.8/site-packages/airflow/example_dags/example_branch_python_dop_operator_3.py
[2024-04-12T09:04:18.599+0000] {processor.py:840} INFO - DAG(s) 'example_branch_dop_operator_v3' retrieved from /home/airflow/.local/lib/python3.8/site-packages/airflow/example_dags/example_branch_python_dop_operator_3.py
[2024-04-12T09:04:18.630+0000] {logging_mixin.py:188} INFO - [2024-04-12T09:04:18.630+0000] {dag.py:3047} INFO - Sync 1 DAGs
[2024-04-12T09:04:18.676+0000] {logging_mixin.py:188} INFO - [2024-04-12T09:04:18.675+0000] {dag.py:3834} INFO - Setting next_dagrun for example_branch_dop_operator_v3 to 2024-04-12 09:03:00+00:00, run_after=2024-04-12 09:04:00+00:00
[2024-04-12T09:04:18.708+0000] {processor.py:183} INFO - Processing /home/airflow/.local/lib/python3.8/site-packages/airflow/example_dags/example_branch_python_dop_operator_3.py took 0.129 seconds
[2024-04-12T09:05:15.404+0000] {processor.py:161} INFO - Started process (PID=439) to work on /home/airflow/.local/lib/python3.8/site-packages/airflow/example_dags/example_branch_python_dop_operator_3.py
[2024-04-12T09:05:15.406+0000] {processor.py:830} INFO - Processing file /home/airflow/.local/lib/python3.8/site-packages/airflow/example_dags/example_branch_python_dop_operator_3.py for tasks to queue
[2024-04-12T09:05:15.407+0000] {logging_mixin.py:188} INFO - [2024-04-12T09:05:15.407+0000] {dagbag.py:540} INFO - Filling up the DagBag from /home/airflow/.local/lib/python3.8/site-packages/airflow/example_dags/example_branch_python_dop_operator_3.py
[2024-04-12T09:05:15.423+0000] {processor.py:840} INFO - DAG(s) 'example_branch_dop_operator_v3' retrieved from /home/airflow/.local/lib/python3.8/site-packages/airflow/example_dags/example_branch_python_dop_operator_3.py
[2024-04-12T09:05:15.460+0000] {logging_mixin.py:188} INFO - [2024-04-12T09:05:15.459+0000] {dag.py:3047} INFO - Sync 1 DAGs
[2024-04-12T09:05:15.503+0000] {logging_mixin.py:188} INFO - [2024-04-12T09:05:15.503+0000] {dag.py:3834} INFO - Setting next_dagrun for example_branch_dop_operator_v3 to 2024-04-12 09:04:00+00:00, run_after=2024-04-12 09:05:00+00:00
[2024-04-12T09:05:15.569+0000] {processor.py:183} INFO - Processing /home/airflow/.local/lib/python3.8/site-packages/airflow/example_dags/example_branch_python_dop_operator_3.py took 0.169 seconds
[2024-04-12T09:05:46.318+0000] {processor.py:161} INFO - Started process (PID=497) to work on /home/airflow/.local/lib/python3.8/site-packages/airflow/example_dags/example_branch_python_dop_operator_3.py
[2024-04-12T09:05:46.319+0000] {processor.py:830} INFO - Processing file /home/airflow/.local/lib/python3.8/site-packages/airflow/example_dags/example_branch_python_dop_operator_3.py for tasks to queue
[2024-04-12T09:05:46.320+0000] {logging_mixin.py:188} INFO - [2024-04-12T09:05:46.320+0000] {dagbag.py:540} INFO - Filling up the DagBag from /home/airflow/.local/lib/python3.8/site-packages/airflow/example_dags/example_branch_python_dop_operator_3.py
[2024-04-12T09:05:46.334+0000] {processor.py:840} INFO - DAG(s) 'example_branch_dop_operator_v3' retrieved from /home/airflow/.local/lib/python3.8/site-packages/airflow/example_dags/example_branch_python_dop_operator_3.py
[2024-04-12T09:05:46.361+0000] {logging_mixin.py:188} INFO - [2024-04-12T09:05:46.360+0000] {dag.py:3047} INFO - Sync 1 DAGs
[2024-04-12T09:05:46.389+0000] {logging_mixin.py:188} INFO - [2024-04-12T09:05:46.389+0000] {dag.py:3834} INFO - Setting next_dagrun for example_branch_dop_operator_v3 to 2024-04-12 09:04:00+00:00, run_after=2024-04-12 09:05:00+00:00
[2024-04-12T09:05:46.423+0000] {processor.py:183} INFO - Processing /home/airflow/.local/lib/python3.8/site-packages/airflow/example_dags/example_branch_python_dop_operator_3.py took 0.109 seconds
[2024-04-12T09:06:17.326+0000] {processor.py:161} INFO - Started process (PID=556) to work on /home/airflow/.local/lib/python3.8/site-packages/airflow/example_dags/example_branch_python_dop_operator_3.py
[2024-04-12T09:06:17.327+0000] {processor.py:830} INFO - Processing file /home/airflow/.local/lib/python3.8/site-packages/airflow/example_dags/example_branch_python_dop_operator_3.py for tasks to queue
[2024-04-12T09:06:17.329+0000] {logging_mixin.py:188} INFO - [2024-04-12T09:06:17.328+0000] {dagbag.py:540} INFO - Filling up the DagBag from /home/airflow/.local/lib/python3.8/site-packages/airflow/example_dags/example_branch_python_dop_operator_3.py
[2024-04-12T09:06:17.338+0000] {processor.py:840} INFO - DAG(s) 'example_branch_dop_operator_v3' retrieved from /home/airflow/.local/lib/python3.8/site-packages/airflow/example_dags/example_branch_python_dop_operator_3.py
[2024-04-12T09:06:17.361+0000] {logging_mixin.py:188} INFO - [2024-04-12T09:06:17.361+0000] {dag.py:3047} INFO - Sync 1 DAGs
[2024-04-12T09:06:17.391+0000] {logging_mixin.py:188} INFO - [2024-04-12T09:06:17.391+0000] {dag.py:3834} INFO - Setting next_dagrun for example_branch_dop_operator_v3 to 2024-04-12 09:05:00+00:00, run_after=2024-04-12 09:06:00+00:00
[2024-04-12T09:06:17.422+0000] {processor.py:183} INFO - Processing /home/airflow/.local/lib/python3.8/site-packages/airflow/example_dags/example_branch_python_dop_operator_3.py took 0.099 seconds
[2024-04-12T09:06:48.220+0000] {processor.py:161} INFO - Started process (PID=614) to work on /home/airflow/.local/lib/python3.8/site-packages/airflow/example_dags/example_branch_python_dop_operator_3.py
[2024-04-12T09:06:48.222+0000] {processor.py:830} INFO - Processing file /home/airflow/.local/lib/python3.8/site-packages/airflow/example_dags/example_branch_python_dop_operator_3.py for tasks to queue
[2024-04-12T09:06:48.224+0000] {logging_mixin.py:188} INFO - [2024-04-12T09:06:48.224+0000] {dagbag.py:540} INFO - Filling up the DagBag from /home/airflow/.local/lib/python3.8/site-packages/airflow/example_dags/example_branch_python_dop_operator_3.py
[2024-04-12T09:06:48.235+0000] {processor.py:840} INFO - DAG(s) 'example_branch_dop_operator_v3' retrieved from /home/airflow/.local/lib/python3.8/site-packages/airflow/example_dags/example_branch_python_dop_operator_3.py
[2024-04-12T09:06:48.262+0000] {logging_mixin.py:188} INFO - [2024-04-12T09:06:48.262+0000] {dag.py:3047} INFO - Sync 1 DAGs
[2024-04-12T09:06:48.297+0000] {logging_mixin.py:188} INFO - [2024-04-12T09:06:48.297+0000] {dag.py:3834} INFO - Setting next_dagrun for example_branch_dop_operator_v3 to 2024-04-12 09:05:00+00:00, run_after=2024-04-12 09:06:00+00:00
[2024-04-12T09:06:48.332+0000] {processor.py:183} INFO - Processing /home/airflow/.local/lib/python3.8/site-packages/airflow/example_dags/example_branch_python_dop_operator_3.py took 0.116 seconds
[2024-04-12T09:07:19.323+0000] {processor.py:161} INFO - Started process (PID=672) to work on /home/airflow/.local/lib/python3.8/site-packages/airflow/example_dags/example_branch_python_dop_operator_3.py
[2024-04-12T09:07:19.327+0000] {processor.py:830} INFO - Processing file /home/airflow/.local/lib/python3.8/site-packages/airflow/example_dags/example_branch_python_dop_operator_3.py for tasks to queue
[2024-04-12T09:07:19.330+0000] {logging_mixin.py:188} INFO - [2024-04-12T09:07:19.329+0000] {dagbag.py:540} INFO - Filling up the DagBag from /home/airflow/.local/lib/python3.8/site-packages/airflow/example_dags/example_branch_python_dop_operator_3.py
[2024-04-12T09:07:19.346+0000] {processor.py:840} INFO - DAG(s) 'example_branch_dop_operator_v3' retrieved from /home/airflow/.local/lib/python3.8/site-packages/airflow/example_dags/example_branch_python_dop_operator_3.py
[2024-04-12T09:07:19.415+0000] {logging_mixin.py:188} INFO - [2024-04-12T09:07:19.414+0000] {dag.py:3047} INFO - Sync 1 DAGs
[2024-04-12T09:07:19.474+0000] {logging_mixin.py:188} INFO - [2024-04-12T09:07:19.474+0000] {dag.py:3834} INFO - Setting next_dagrun for example_branch_dop_operator_v3 to 2024-04-12 09:06:00+00:00, run_after=2024-04-12 09:07:00+00:00
[2024-04-12T09:07:19.536+0000] {processor.py:183} INFO - Processing /home/airflow/.local/lib/python3.8/site-packages/airflow/example_dags/example_branch_python_dop_operator_3.py took 0.221 seconds
[2024-04-12T09:07:50.049+0000] {processor.py:161} INFO - Started process (PID=728) to work on /home/airflow/.local/lib/python3.8/site-packages/airflow/example_dags/example_branch_python_dop_operator_3.py
[2024-04-12T09:07:50.051+0000] {processor.py:830} INFO - Processing file /home/airflow/.local/lib/python3.8/site-packages/airflow/example_dags/example_branch_python_dop_operator_3.py for tasks to queue
[2024-04-12T09:07:50.052+0000] {logging_mixin.py:188} INFO - [2024-04-12T09:07:50.052+0000] {dagbag.py:540} INFO - Filling up the DagBag from /home/airflow/.local/lib/python3.8/site-packages/airflow/example_dags/example_branch_python_dop_operator_3.py
[2024-04-12T09:07:50.061+0000] {processor.py:840} INFO - DAG(s) 'example_branch_dop_operator_v3' retrieved from /home/airflow/.local/lib/python3.8/site-packages/airflow/example_dags/example_branch_python_dop_operator_3.py
[2024-04-12T09:07:50.089+0000] {logging_mixin.py:188} INFO - [2024-04-12T09:07:50.089+0000] {dag.py:3047} INFO - Sync 1 DAGs
[2024-04-12T09:07:50.124+0000] {logging_mixin.py:188} INFO - [2024-04-12T09:07:50.124+0000] {dag.py:3834} INFO - Setting next_dagrun for example_branch_dop_operator_v3 to 2024-04-12 09:06:00+00:00, run_after=2024-04-12 09:07:00+00:00
[2024-04-12T09:07:50.160+0000] {processor.py:183} INFO - Processing /home/airflow/.local/lib/python3.8/site-packages/airflow/example_dags/example_branch_python_dop_operator_3.py took 0.113 seconds
[2024-04-12T09:08:20.263+0000] {processor.py:161} INFO - Started process (PID=785) to work on /home/airflow/.local/lib/python3.8/site-packages/airflow/example_dags/example_branch_python_dop_operator_3.py
[2024-04-12T09:08:20.264+0000] {processor.py:830} INFO - Processing file /home/airflow/.local/lib/python3.8/site-packages/airflow/example_dags/example_branch_python_dop_operator_3.py for tasks to queue
[2024-04-12T09:08:20.265+0000] {logging_mixin.py:188} INFO - [2024-04-12T09:08:20.264+0000] {dagbag.py:540} INFO - Filling up the DagBag from /home/airflow/.local/lib/python3.8/site-packages/airflow/example_dags/example_branch_python_dop_operator_3.py
[2024-04-12T09:08:20.272+0000] {processor.py:840} INFO - DAG(s) 'example_branch_dop_operator_v3' retrieved from /home/airflow/.local/lib/python3.8/site-packages/airflow/example_dags/example_branch_python_dop_operator_3.py
[2024-04-12T09:08:20.295+0000] {logging_mixin.py:188} INFO - [2024-04-12T09:08:20.294+0000] {dag.py:3047} INFO - Sync 1 DAGs
[2024-04-12T09:08:20.329+0000] {logging_mixin.py:188} INFO - [2024-04-12T09:08:20.328+0000] {dag.py:3834} INFO - Setting next_dagrun for example_branch_dop_operator_v3 to 2024-04-12 09:07:00+00:00, run_after=2024-04-12 09:08:00+00:00
[2024-04-12T09:08:20.357+0000] {processor.py:183} INFO - Processing /home/airflow/.local/lib/python3.8/site-packages/airflow/example_dags/example_branch_python_dop_operator_3.py took 0.097 seconds
[2024-04-12T09:08:50.597+0000] {processor.py:161} INFO - Started process (PID=843) to work on /home/airflow/.local/lib/python3.8/site-packages/airflow/example_dags/example_branch_python_dop_operator_3.py
[2024-04-12T09:08:50.604+0000] {processor.py:830} INFO - Processing file /home/airflow/.local/lib/python3.8/site-packages/airflow/example_dags/example_branch_python_dop_operator_3.py for tasks to queue
[2024-04-12T09:08:50.611+0000] {logging_mixin.py:188} INFO - [2024-04-12T09:08:50.610+0000] {dagbag.py:540} INFO - Filling up the DagBag from /home/airflow/.local/lib/python3.8/site-packages/airflow/example_dags/example_branch_python_dop_operator_3.py
[2024-04-12T09:08:50.652+0000] {processor.py:840} INFO - DAG(s) 'example_branch_dop_operator_v3' retrieved from /home/airflow/.local/lib/python3.8/site-packages/airflow/example_dags/example_branch_python_dop_operator_3.py
[2024-04-12T09:08:50.720+0000] {logging_mixin.py:188} INFO - [2024-04-12T09:08:50.720+0000] {dag.py:3047} INFO - Sync 1 DAGs
[2024-04-12T09:08:50.771+0000] {logging_mixin.py:188} INFO - [2024-04-12T09:08:50.771+0000] {dag.py:3834} INFO - Setting next_dagrun for example_branch_dop_operator_v3 to 2024-04-12 09:07:00+00:00, run_after=2024-04-12 09:08:00+00:00
[2024-04-12T09:08:50.819+0000] {processor.py:183} INFO - Processing /home/airflow/.local/lib/python3.8/site-packages/airflow/example_dags/example_branch_python_dop_operator_3.py took 0.231 seconds
[2024-04-12T09:09:21.652+0000] {processor.py:161} INFO - Started process (PID=901) to work on /home/airflow/.local/lib/python3.8/site-packages/airflow/example_dags/example_branch_python_dop_operator_3.py
[2024-04-12T09:09:21.655+0000] {processor.py:830} INFO - Processing file /home/airflow/.local/lib/python3.8/site-packages/airflow/example_dags/example_branch_python_dop_operator_3.py for tasks to queue
[2024-04-12T09:09:21.657+0000] {logging_mixin.py:188} INFO - [2024-04-12T09:09:21.656+0000] {dagbag.py:540} INFO - Filling up the DagBag from /home/airflow/.local/lib/python3.8/site-packages/airflow/example_dags/example_branch_python_dop_operator_3.py
[2024-04-12T09:09:21.668+0000] {processor.py:840} INFO - DAG(s) 'example_branch_dop_operator_v3' retrieved from /home/airflow/.local/lib/python3.8/site-packages/airflow/example_dags/example_branch_python_dop_operator_3.py
[2024-04-12T09:09:21.705+0000] {logging_mixin.py:188} INFO - [2024-04-12T09:09:21.704+0000] {dag.py:3047} INFO - Sync 1 DAGs
[2024-04-12T09:09:21.743+0000] {logging_mixin.py:188} INFO - [2024-04-12T09:09:21.743+0000] {dag.py:3834} INFO - Setting next_dagrun for example_branch_dop_operator_v3 to 2024-04-12 09:08:00+00:00, run_after=2024-04-12 09:09:00+00:00
[2024-04-12T09:09:21.780+0000] {processor.py:183} INFO - Processing /home/airflow/.local/lib/python3.8/site-packages/airflow/example_dags/example_branch_python_dop_operator_3.py took 0.135 seconds
[2024-04-12T09:09:52.060+0000] {processor.py:161} INFO - Started process (PID=959) to work on /home/airflow/.local/lib/python3.8/site-packages/airflow/example_dags/example_branch_python_dop_operator_3.py
[2024-04-12T09:09:52.061+0000] {processor.py:830} INFO - Processing file /home/airflow/.local/lib/python3.8/site-packages/airflow/example_dags/example_branch_python_dop_operator_3.py for tasks to queue
[2024-04-12T09:09:52.062+0000] {logging_mixin.py:188} INFO - [2024-04-12T09:09:52.062+0000] {dagbag.py:540} INFO - Filling up the DagBag from /home/airflow/.local/lib/python3.8/site-packages/airflow/example_dags/example_branch_python_dop_operator_3.py
[2024-04-12T09:09:52.079+0000] {processor.py:840} INFO - DAG(s) 'example_branch_dop_operator_v3' retrieved from /home/airflow/.local/lib/python3.8/site-packages/airflow/example_dags/example_branch_python_dop_operator_3.py
[2024-04-12T09:09:52.119+0000] {logging_mixin.py:188} INFO - [2024-04-12T09:09:52.119+0000] {dag.py:3047} INFO - Sync 1 DAGs
[2024-04-12T09:09:52.156+0000] {logging_mixin.py:188} INFO - [2024-04-12T09:09:52.156+0000] {dag.py:3834} INFO - Setting next_dagrun for example_branch_dop_operator_v3 to 2024-04-12 09:08:00+00:00, run_after=2024-04-12 09:09:00+00:00
[2024-04-12T09:09:52.196+0000] {processor.py:183} INFO - Processing /home/airflow/.local/lib/python3.8/site-packages/airflow/example_dags/example_branch_python_dop_operator_3.py took 0.139 seconds
[2024-04-12T09:10:29.073+0000] {processor.py:161} INFO - Started process (PID=1017) to work on /home/airflow/.local/lib/python3.8/site-packages/airflow/example_dags/example_branch_python_dop_operator_3.py
[2024-04-12T09:10:29.077+0000] {processor.py:830} INFO - Processing file /home/airflow/.local/lib/python3.8/site-packages/airflow/example_dags/example_branch_python_dop_operator_3.py for tasks to queue
[2024-04-12T09:10:29.083+0000] {logging_mixin.py:188} INFO - [2024-04-12T09:10:29.082+0000] {dagbag.py:540} INFO - Filling up the DagBag from /home/airflow/.local/lib/python3.8/site-packages/airflow/example_dags/example_branch_python_dop_operator_3.py
[2024-04-12T09:10:29.123+0000] {processor.py:840} INFO - DAG(s) 'example_branch_dop_operator_v3' retrieved from /home/airflow/.local/lib/python3.8/site-packages/airflow/example_dags/example_branch_python_dop_operator_3.py
[2024-04-12T09:10:29.214+0000] {logging_mixin.py:188} INFO - [2024-04-12T09:10:29.213+0000] {dag.py:3047} INFO - Sync 1 DAGs
[2024-04-12T09:10:29.327+0000] {logging_mixin.py:188} INFO - [2024-04-12T09:10:29.326+0000] {dag.py:3834} INFO - Setting next_dagrun for example_branch_dop_operator_v3 to 2024-04-12 09:09:00+00:00, run_after=2024-04-12 09:10:00+00:00
[2024-04-12T09:10:29.428+0000] {processor.py:183} INFO - Processing /home/airflow/.local/lib/python3.8/site-packages/airflow/example_dags/example_branch_python_dop_operator_3.py took 0.366 seconds
[2024-04-12T09:10:59.801+0000] {processor.py:161} INFO - Started process (PID=1075) to work on /home/airflow/.local/lib/python3.8/site-packages/airflow/example_dags/example_branch_python_dop_operator_3.py
[2024-04-12T09:10:59.804+0000] {processor.py:830} INFO - Processing file /home/airflow/.local/lib/python3.8/site-packages/airflow/example_dags/example_branch_python_dop_operator_3.py for tasks to queue
[2024-04-12T09:10:59.807+0000] {logging_mixin.py:188} INFO - [2024-04-12T09:10:59.805+0000] {dagbag.py:540} INFO - Filling up the DagBag from /home/airflow/.local/lib/python3.8/site-packages/airflow/example_dags/example_branch_python_dop_operator_3.py
[2024-04-12T09:10:59.825+0000] {processor.py:840} INFO - DAG(s) 'example_branch_dop_operator_v3' retrieved from /home/airflow/.local/lib/python3.8/site-packages/airflow/example_dags/example_branch_python_dop_operator_3.py
[2024-04-12T09:10:59.873+0000] {logging_mixin.py:188} INFO - [2024-04-12T09:10:59.872+0000] {dag.py:3047} INFO - Sync 1 DAGs
[2024-04-12T09:10:59.909+0000] {logging_mixin.py:188} INFO - [2024-04-12T09:10:59.908+0000] {dag.py:3834} INFO - Setting next_dagrun for example_branch_dop_operator_v3 to 2024-04-12 09:09:00+00:00, run_after=2024-04-12 09:10:00+00:00
[2024-04-12T09:10:59.950+0000] {processor.py:183} INFO - Processing /home/airflow/.local/lib/python3.8/site-packages/airflow/example_dags/example_branch_python_dop_operator_3.py took 0.154 seconds
[2024-04-12T09:11:30.495+0000] {processor.py:161} INFO - Started process (PID=1132) to work on /home/airflow/.local/lib/python3.8/site-packages/airflow/example_dags/example_branch_python_dop_operator_3.py
[2024-04-12T09:11:30.503+0000] {processor.py:830} INFO - Processing file /home/airflow/.local/lib/python3.8/site-packages/airflow/example_dags/example_branch_python_dop_operator_3.py for tasks to queue
[2024-04-12T09:11:30.508+0000] {logging_mixin.py:188} INFO - [2024-04-12T09:11:30.506+0000] {dagbag.py:540} INFO - Filling up the DagBag from /home/airflow/.local/lib/python3.8/site-packages/airflow/example_dags/example_branch_python_dop_operator_3.py
[2024-04-12T09:11:30.540+0000] {processor.py:840} INFO - DAG(s) 'example_branch_dop_operator_v3' retrieved from /home/airflow/.local/lib/python3.8/site-packages/airflow/example_dags/example_branch_python_dop_operator_3.py
[2024-04-12T09:11:30.606+0000] {logging_mixin.py:188} INFO - [2024-04-12T09:11:30.606+0000] {dag.py:3047} INFO - Sync 1 DAGs
[2024-04-12T09:11:30.651+0000] {logging_mixin.py:188} INFO - [2024-04-12T09:11:30.650+0000] {dag.py:3834} INFO - Setting next_dagrun for example_branch_dop_operator_v3 to 2024-04-12 09:10:00+00:00, run_after=2024-04-12 09:11:00+00:00
[2024-04-12T09:11:30.690+0000] {processor.py:183} INFO - Processing /home/airflow/.local/lib/python3.8/site-packages/airflow/example_dags/example_branch_python_dop_operator_3.py took 0.207 seconds
[2024-04-12T09:12:00.983+0000] {processor.py:161} INFO - Started process (PID=1190) to work on /home/airflow/.local/lib/python3.8/site-packages/airflow/example_dags/example_branch_python_dop_operator_3.py
[2024-04-12T09:12:00.986+0000] {processor.py:830} INFO - Processing file /home/airflow/.local/lib/python3.8/site-packages/airflow/example_dags/example_branch_python_dop_operator_3.py for tasks to queue
[2024-04-12T09:12:00.990+0000] {logging_mixin.py:188} INFO - [2024-04-12T09:12:00.989+0000] {dagbag.py:540} INFO - Filling up the DagBag from /home/airflow/.local/lib/python3.8/site-packages/airflow/example_dags/example_branch_python_dop_operator_3.py
[2024-04-12T09:12:01.038+0000] {processor.py:840} INFO - DAG(s) 'example_branch_dop_operator_v3' retrieved from /home/airflow/.local/lib/python3.8/site-packages/airflow/example_dags/example_branch_python_dop_operator_3.py
[2024-04-12T09:12:01.135+0000] {logging_mixin.py:188} INFO - [2024-04-12T09:12:01.134+0000] {dag.py:3047} INFO - Sync 1 DAGs
[2024-04-12T09:12:01.225+0000] {logging_mixin.py:188} INFO - [2024-04-12T09:12:01.224+0000] {dag.py:3834} INFO - Setting next_dagrun for example_branch_dop_operator_v3 to 2024-04-12 09:11:00+00:00, run_after=2024-04-12 09:12:00+00:00
[2024-04-12T09:12:01.319+0000] {processor.py:183} INFO - Processing /home/airflow/.local/lib/python3.8/site-packages/airflow/example_dags/example_branch_python_dop_operator_3.py took 0.344 seconds
[2024-04-12T09:12:31.501+0000] {processor.py:161} INFO - Started process (PID=1248) to work on /home/airflow/.local/lib/python3.8/site-packages/airflow/example_dags/example_branch_python_dop_operator_3.py
[2024-04-12T09:12:31.504+0000] {processor.py:830} INFO - Processing file /home/airflow/.local/lib/python3.8/site-packages/airflow/example_dags/example_branch_python_dop_operator_3.py for tasks to queue
[2024-04-12T09:12:31.508+0000] {logging_mixin.py:188} INFO - [2024-04-12T09:12:31.507+0000] {dagbag.py:540} INFO - Filling up the DagBag from /home/airflow/.local/lib/python3.8/site-packages/airflow/example_dags/example_branch_python_dop_operator_3.py
[2024-04-12T09:12:31.550+0000] {processor.py:840} INFO - DAG(s) 'example_branch_dop_operator_v3' retrieved from /home/airflow/.local/lib/python3.8/site-packages/airflow/example_dags/example_branch_python_dop_operator_3.py
[2024-04-12T09:12:31.620+0000] {logging_mixin.py:188} INFO - [2024-04-12T09:12:31.620+0000] {dag.py:3047} INFO - Sync 1 DAGs
[2024-04-12T09:12:31.652+0000] {logging_mixin.py:188} INFO - [2024-04-12T09:12:31.652+0000] {dag.py:3834} INFO - Setting next_dagrun for example_branch_dop_operator_v3 to 2024-04-12 09:11:00+00:00, run_after=2024-04-12 09:12:00+00:00
[2024-04-12T09:12:31.679+0000] {processor.py:183} INFO - Processing /home/airflow/.local/lib/python3.8/site-packages/airflow/example_dags/example_branch_python_dop_operator_3.py took 0.184 seconds
[2024-04-12T09:13:01.742+0000] {processor.py:161} INFO - Started process (PID=1306) to work on /home/airflow/.local/lib/python3.8/site-packages/airflow/example_dags/example_branch_python_dop_operator_3.py
[2024-04-12T09:13:01.744+0000] {processor.py:830} INFO - Processing file /home/airflow/.local/lib/python3.8/site-packages/airflow/example_dags/example_branch_python_dop_operator_3.py for tasks to queue
[2024-04-12T09:13:01.745+0000] {logging_mixin.py:188} INFO - [2024-04-12T09:13:01.744+0000] {dagbag.py:540} INFO - Filling up the DagBag from /home/airflow/.local/lib/python3.8/site-packages/airflow/example_dags/example_branch_python_dop_operator_3.py
[2024-04-12T09:13:01.753+0000] {processor.py:840} INFO - DAG(s) 'example_branch_dop_operator_v3' retrieved from /home/airflow/.local/lib/python3.8/site-packages/airflow/example_dags/example_branch_python_dop_operator_3.py
[2024-04-12T09:13:01.772+0000] {logging_mixin.py:188} INFO - [2024-04-12T09:13:01.772+0000] {dag.py:3047} INFO - Sync 1 DAGs
[2024-04-12T09:13:01.801+0000] {logging_mixin.py:188} INFO - [2024-04-12T09:13:01.801+0000] {dag.py:3834} INFO - Setting next_dagrun for example_branch_dop_operator_v3 to 2024-04-12 09:12:00+00:00, run_after=2024-04-12 09:13:00+00:00
[2024-04-12T09:13:01.833+0000] {processor.py:183} INFO - Processing /home/airflow/.local/lib/python3.8/site-packages/airflow/example_dags/example_branch_python_dop_operator_3.py took 0.093 seconds
[2024-04-12T09:13:34.175+0000] {processor.py:161} INFO - Started process (PID=1362) to work on /home/airflow/.local/lib/python3.8/site-packages/airflow/example_dags/example_branch_python_dop_operator_3.py
[2024-04-12T09:13:34.178+0000] {processor.py:830} INFO - Processing file /home/airflow/.local/lib/python3.8/site-packages/airflow/example_dags/example_branch_python_dop_operator_3.py for tasks to queue
[2024-04-12T09:13:34.180+0000] {logging_mixin.py:188} INFO - [2024-04-12T09:13:34.179+0000] {dagbag.py:540} INFO - Filling up the DagBag from /home/airflow/.local/lib/python3.8/site-packages/airflow/example_dags/example_branch_python_dop_operator_3.py
[2024-04-12T09:13:34.201+0000] {processor.py:840} INFO - DAG(s) 'example_branch_dop_operator_v3' retrieved from /home/airflow/.local/lib/python3.8/site-packages/airflow/example_dags/example_branch_python_dop_operator_3.py
[2024-04-12T09:13:34.242+0000] {logging_mixin.py:188} INFO - [2024-04-12T09:13:34.241+0000] {dag.py:3047} INFO - Sync 1 DAGs
[2024-04-12T09:13:34.290+0000] {logging_mixin.py:188} INFO - [2024-04-12T09:13:34.290+0000] {dag.py:3834} INFO - Setting next_dagrun for example_branch_dop_operator_v3 to 2024-04-12 09:12:00+00:00, run_after=2024-04-12 09:13:00+00:00
[2024-04-12T09:13:34.340+0000] {processor.py:183} INFO - Processing /home/airflow/.local/lib/python3.8/site-packages/airflow/example_dags/example_branch_python_dop_operator_3.py took 0.171 seconds
[2024-04-12T09:14:04.446+0000] {processor.py:161} INFO - Started process (PID=1420) to work on /home/airflow/.local/lib/python3.8/site-packages/airflow/example_dags/example_branch_python_dop_operator_3.py
[2024-04-12T09:14:04.449+0000] {processor.py:830} INFO - Processing file /home/airflow/.local/lib/python3.8/site-packages/airflow/example_dags/example_branch_python_dop_operator_3.py for tasks to queue
[2024-04-12T09:14:04.452+0000] {logging_mixin.py:188} INFO - [2024-04-12T09:14:04.451+0000] {dagbag.py:540} INFO - Filling up the DagBag from /home/airflow/.local/lib/python3.8/site-packages/airflow/example_dags/example_branch_python_dop_operator_3.py
[2024-04-12T09:14:04.468+0000] {processor.py:840} INFO - DAG(s) 'example_branch_dop_operator_v3' retrieved from /home/airflow/.local/lib/python3.8/site-packages/airflow/example_dags/example_branch_python_dop_operator_3.py
[2024-04-12T09:14:04.500+0000] {logging_mixin.py:188} INFO - [2024-04-12T09:14:04.500+0000] {dag.py:3047} INFO - Sync 1 DAGs
[2024-04-12T09:14:04.525+0000] {logging_mixin.py:188} INFO - [2024-04-12T09:14:04.525+0000] {dag.py:3834} INFO - Setting next_dagrun for example_branch_dop_operator_v3 to 2024-04-12 09:13:00+00:00, run_after=2024-04-12 09:14:00+00:00
[2024-04-12T09:14:04.549+0000] {processor.py:183} INFO - Processing /home/airflow/.local/lib/python3.8/site-packages/airflow/example_dags/example_branch_python_dop_operator_3.py took 0.114 seconds
[2024-04-12T09:14:34.876+0000] {processor.py:161} INFO - Started process (PID=1478) to work on /home/airflow/.local/lib/python3.8/site-packages/airflow/example_dags/example_branch_python_dop_operator_3.py
[2024-04-12T09:14:34.878+0000] {processor.py:830} INFO - Processing file /home/airflow/.local/lib/python3.8/site-packages/airflow/example_dags/example_branch_python_dop_operator_3.py for tasks to queue
[2024-04-12T09:14:34.880+0000] {logging_mixin.py:188} INFO - [2024-04-12T09:14:34.879+0000] {dagbag.py:540} INFO - Filling up the DagBag from /home/airflow/.local/lib/python3.8/site-packages/airflow/example_dags/example_branch_python_dop_operator_3.py
[2024-04-12T09:14:34.892+0000] {processor.py:840} INFO - DAG(s) 'example_branch_dop_operator_v3' retrieved from /home/airflow/.local/lib/python3.8/site-packages/airflow/example_dags/example_branch_python_dop_operator_3.py
[2024-04-12T09:14:34.917+0000] {logging_mixin.py:188} INFO - [2024-04-12T09:14:34.917+0000] {dag.py:3047} INFO - Sync 1 DAGs
[2024-04-12T09:14:34.948+0000] {logging_mixin.py:188} INFO - [2024-04-12T09:14:34.947+0000] {dag.py:3834} INFO - Setting next_dagrun for example_branch_dop_operator_v3 to 2024-04-12 09:13:00+00:00, run_after=2024-04-12 09:14:00+00:00
[2024-04-12T09:14:34.978+0000] {processor.py:183} INFO - Processing /home/airflow/.local/lib/python3.8/site-packages/airflow/example_dags/example_branch_python_dop_operator_3.py took 0.107 seconds
[2024-04-12T09:15:05.556+0000] {processor.py:161} INFO - Started process (PID=1536) to work on /home/airflow/.local/lib/python3.8/site-packages/airflow/example_dags/example_branch_python_dop_operator_3.py
[2024-04-12T09:15:05.558+0000] {processor.py:830} INFO - Processing file /home/airflow/.local/lib/python3.8/site-packages/airflow/example_dags/example_branch_python_dop_operator_3.py for tasks to queue
[2024-04-12T09:15:05.559+0000] {logging_mixin.py:188} INFO - [2024-04-12T09:15:05.559+0000] {dagbag.py:540} INFO - Filling up the DagBag from /home/airflow/.local/lib/python3.8/site-packages/airflow/example_dags/example_branch_python_dop_operator_3.py
[2024-04-12T09:15:05.569+0000] {processor.py:840} INFO - DAG(s) 'example_branch_dop_operator_v3' retrieved from /home/airflow/.local/lib/python3.8/site-packages/airflow/example_dags/example_branch_python_dop_operator_3.py
[2024-04-12T09:15:05.591+0000] {logging_mixin.py:188} INFO - [2024-04-12T09:15:05.591+0000] {dag.py:3047} INFO - Sync 1 DAGs
[2024-04-12T09:15:05.619+0000] {logging_mixin.py:188} INFO - [2024-04-12T09:15:05.619+0000] {dag.py:3834} INFO - Setting next_dagrun for example_branch_dop_operator_v3 to 2024-04-12 09:14:00+00:00, run_after=2024-04-12 09:15:00+00:00
[2024-04-12T09:15:05.649+0000] {processor.py:183} INFO - Processing /home/airflow/.local/lib/python3.8/site-packages/airflow/example_dags/example_branch_python_dop_operator_3.py took 0.095 seconds
[2024-04-12T09:15:37.757+0000] {processor.py:161} INFO - Started process (PID=1594) to work on /home/airflow/.local/lib/python3.8/site-packages/airflow/example_dags/example_branch_python_dop_operator_3.py
[2024-04-12T09:15:37.760+0000] {processor.py:830} INFO - Processing file /home/airflow/.local/lib/python3.8/site-packages/airflow/example_dags/example_branch_python_dop_operator_3.py for tasks to queue
[2024-04-12T09:15:37.764+0000] {logging_mixin.py:188} INFO - [2024-04-12T09:15:37.763+0000] {dagbag.py:540} INFO - Filling up the DagBag from /home/airflow/.local/lib/python3.8/site-packages/airflow/example_dags/example_branch_python_dop_operator_3.py
[2024-04-12T09:15:37.780+0000] {processor.py:840} INFO - DAG(s) 'example_branch_dop_operator_v3' retrieved from /home/airflow/.local/lib/python3.8/site-packages/airflow/example_dags/example_branch_python_dop_operator_3.py
[2024-04-12T09:15:37.877+0000] {logging_mixin.py:188} INFO - [2024-04-12T09:15:37.876+0000] {dag.py:3047} INFO - Sync 1 DAGs
[2024-04-12T09:15:37.979+0000] {logging_mixin.py:188} INFO - [2024-04-12T09:15:37.978+0000] {dag.py:3834} INFO - Setting next_dagrun for example_branch_dop_operator_v3 to 2024-04-12 09:14:00+00:00, run_after=2024-04-12 09:15:00+00:00
[2024-04-12T09:15:38.107+0000] {processor.py:183} INFO - Processing /home/airflow/.local/lib/python3.8/site-packages/airflow/example_dags/example_branch_python_dop_operator_3.py took 0.367 seconds
[2024-04-12T09:16:08.259+0000] {processor.py:161} INFO - Started process (PID=1650) to work on /home/airflow/.local/lib/python3.8/site-packages/airflow/example_dags/example_branch_python_dop_operator_3.py
[2024-04-12T09:16:08.260+0000] {processor.py:830} INFO - Processing file /home/airflow/.local/lib/python3.8/site-packages/airflow/example_dags/example_branch_python_dop_operator_3.py for tasks to queue
[2024-04-12T09:16:08.263+0000] {logging_mixin.py:188} INFO - [2024-04-12T09:16:08.261+0000] {dagbag.py:540} INFO - Filling up the DagBag from /home/airflow/.local/lib/python3.8/site-packages/airflow/example_dags/example_branch_python_dop_operator_3.py
[2024-04-12T09:16:08.272+0000] {processor.py:840} INFO - DAG(s) 'example_branch_dop_operator_v3' retrieved from /home/airflow/.local/lib/python3.8/site-packages/airflow/example_dags/example_branch_python_dop_operator_3.py
[2024-04-12T09:16:08.300+0000] {logging_mixin.py:188} INFO - [2024-04-12T09:16:08.300+0000] {dag.py:3047} INFO - Sync 1 DAGs
[2024-04-12T09:16:08.334+0000] {logging_mixin.py:188} INFO - [2024-04-12T09:16:08.333+0000] {dag.py:3834} INFO - Setting next_dagrun for example_branch_dop_operator_v3 to 2024-04-12 09:15:00+00:00, run_after=2024-04-12 09:16:00+00:00
[2024-04-12T09:16:08.365+0000] {processor.py:183} INFO - Processing /home/airflow/.local/lib/python3.8/site-packages/airflow/example_dags/example_branch_python_dop_operator_3.py took 0.110 seconds
