[2024-04-12T09:01:24.460+0000] {processor.py:161} INFO - Started process (PID=58) to work on /home/airflow/.local/lib/python3.8/site-packages/airflow/example_dags/example_task_group_decorator.py
[2024-04-12T09:01:24.463+0000] {processor.py:830} INFO - Processing file /home/airflow/.local/lib/python3.8/site-packages/airflow/example_dags/example_task_group_decorator.py for tasks to queue
[2024-04-12T09:01:24.467+0000] {logging_mixin.py:188} INFO - [2024-04-12T09:01:24.466+0000] {dagbag.py:540} INFO - Filling up the DagBag from /home/airflow/.local/lib/python3.8/site-packages/airflow/example_dags/example_task_group_decorator.py
[2024-04-12T09:01:24.521+0000] {processor.py:840} INFO - DAG(s) 'example_task_group_decorator' retrieved from /home/airflow/.local/lib/python3.8/site-packages/airflow/example_dags/example_task_group_decorator.py
[2024-04-12T09:01:24.856+0000] {logging_mixin.py:188} INFO - [2024-04-12T09:01:24.854+0000] {override.py:1769} INFO - Created Permission View: can read on DAG:example_task_group_decorator
[2024-04-12T09:01:24.887+0000] {logging_mixin.py:188} INFO - [2024-04-12T09:01:24.886+0000] {override.py:1769} INFO - Created Permission View: can edit on DAG:example_task_group_decorator
[2024-04-12T09:01:24.917+0000] {logging_mixin.py:188} INFO - [2024-04-12T09:01:24.916+0000] {override.py:1769} INFO - Created Permission View: can delete on DAG:example_task_group_decorator
[2024-04-12T09:01:24.919+0000] {logging_mixin.py:188} INFO - [2024-04-12T09:01:24.918+0000] {dag.py:3047} INFO - Sync 1 DAGs
[2024-04-12T09:01:24.953+0000] {logging_mixin.py:188} INFO - [2024-04-12T09:01:24.952+0000] {dag.py:3069} INFO - Creating ORM DAG for example_task_group_decorator
[2024-04-12T09:01:24.980+0000] {logging_mixin.py:188} INFO - [2024-04-12T09:01:24.979+0000] {dag.py:3834} INFO - Setting next_dagrun for example_task_group_decorator to 2024-04-11 00:00:00+00:00, run_after=2024-04-12 00:00:00+00:00
[2024-04-12T09:01:25.041+0000] {processor.py:183} INFO - Processing /home/airflow/.local/lib/python3.8/site-packages/airflow/example_dags/example_task_group_decorator.py took 0.586 seconds
[2024-04-12T09:01:55.444+0000] {processor.py:161} INFO - Started process (PID=114) to work on /home/airflow/.local/lib/python3.8/site-packages/airflow/example_dags/example_task_group_decorator.py
[2024-04-12T09:01:55.446+0000] {processor.py:830} INFO - Processing file /home/airflow/.local/lib/python3.8/site-packages/airflow/example_dags/example_task_group_decorator.py for tasks to queue
[2024-04-12T09:01:55.449+0000] {logging_mixin.py:188} INFO - [2024-04-12T09:01:55.448+0000] {dagbag.py:540} INFO - Filling up the DagBag from /home/airflow/.local/lib/python3.8/site-packages/airflow/example_dags/example_task_group_decorator.py
[2024-04-12T09:01:55.481+0000] {processor.py:840} INFO - DAG(s) 'example_task_group_decorator' retrieved from /home/airflow/.local/lib/python3.8/site-packages/airflow/example_dags/example_task_group_decorator.py
[2024-04-12T09:01:55.528+0000] {logging_mixin.py:188} INFO - [2024-04-12T09:01:55.527+0000] {dag.py:3047} INFO - Sync 1 DAGs
[2024-04-12T09:01:55.571+0000] {logging_mixin.py:188} INFO - [2024-04-12T09:01:55.570+0000] {dag.py:3834} INFO - Setting next_dagrun for example_task_group_decorator to 2024-04-11 00:00:00+00:00, run_after=2024-04-12 00:00:00+00:00
[2024-04-12T09:01:55.625+0000] {processor.py:183} INFO - Processing /home/airflow/.local/lib/python3.8/site-packages/airflow/example_dags/example_task_group_decorator.py took 0.184 seconds
[2024-04-12T09:02:40.356+0000] {processor.py:161} INFO - Started process (PID=171) to work on /home/airflow/.local/lib/python3.8/site-packages/airflow/example_dags/example_task_group_decorator.py
[2024-04-12T09:02:40.360+0000] {processor.py:830} INFO - Processing file /home/airflow/.local/lib/python3.8/site-packages/airflow/example_dags/example_task_group_decorator.py for tasks to queue
[2024-04-12T09:02:40.369+0000] {logging_mixin.py:188} INFO - [2024-04-12T09:02:40.368+0000] {dagbag.py:540} INFO - Filling up the DagBag from /home/airflow/.local/lib/python3.8/site-packages/airflow/example_dags/example_task_group_decorator.py
[2024-04-12T09:02:40.418+0000] {processor.py:840} INFO - DAG(s) 'example_task_group_decorator' retrieved from /home/airflow/.local/lib/python3.8/site-packages/airflow/example_dags/example_task_group_decorator.py
[2024-04-12T09:02:41.455+0000] {logging_mixin.py:188} INFO - [2024-04-12T09:02:41.453+0000] {dag.py:3047} INFO - Sync 1 DAGs
[2024-04-12T09:02:41.592+0000] {logging_mixin.py:188} INFO - [2024-04-12T09:02:41.591+0000] {dag.py:3834} INFO - Setting next_dagrun for example_task_group_decorator to 2024-04-11 00:00:00+00:00, run_after=2024-04-12 00:00:00+00:00
[2024-04-12T09:02:41.680+0000] {processor.py:183} INFO - Processing /home/airflow/.local/lib/python3.8/site-packages/airflow/example_dags/example_task_group_decorator.py took 1.330 seconds
[2024-04-12T09:03:11.974+0000] {processor.py:161} INFO - Started process (PID=232) to work on /home/airflow/.local/lib/python3.8/site-packages/airflow/example_dags/example_task_group_decorator.py
[2024-04-12T09:03:11.976+0000] {processor.py:830} INFO - Processing file /home/airflow/.local/lib/python3.8/site-packages/airflow/example_dags/example_task_group_decorator.py for tasks to queue
[2024-04-12T09:03:11.978+0000] {logging_mixin.py:188} INFO - [2024-04-12T09:03:11.977+0000] {dagbag.py:540} INFO - Filling up the DagBag from /home/airflow/.local/lib/python3.8/site-packages/airflow/example_dags/example_task_group_decorator.py
[2024-04-12T09:03:11.997+0000] {processor.py:840} INFO - DAG(s) 'example_task_group_decorator' retrieved from /home/airflow/.local/lib/python3.8/site-packages/airflow/example_dags/example_task_group_decorator.py
[2024-04-12T09:03:12.032+0000] {logging_mixin.py:188} INFO - [2024-04-12T09:03:12.032+0000] {dag.py:3047} INFO - Sync 1 DAGs
[2024-04-12T09:03:12.059+0000] {logging_mixin.py:188} INFO - [2024-04-12T09:03:12.059+0000] {dag.py:3834} INFO - Setting next_dagrun for example_task_group_decorator to 2024-04-11 00:00:00+00:00, run_after=2024-04-12 00:00:00+00:00
[2024-04-12T09:03:12.098+0000] {processor.py:183} INFO - Processing /home/airflow/.local/lib/python3.8/site-packages/airflow/example_dags/example_task_group_decorator.py took 0.132 seconds
[2024-04-12T09:03:42.948+0000] {processor.py:161} INFO - Started process (PID=296) to work on /home/airflow/.local/lib/python3.8/site-packages/airflow/example_dags/example_task_group_decorator.py
[2024-04-12T09:03:42.949+0000] {processor.py:830} INFO - Processing file /home/airflow/.local/lib/python3.8/site-packages/airflow/example_dags/example_task_group_decorator.py for tasks to queue
[2024-04-12T09:03:42.952+0000] {logging_mixin.py:188} INFO - [2024-04-12T09:03:42.951+0000] {dagbag.py:540} INFO - Filling up the DagBag from /home/airflow/.local/lib/python3.8/site-packages/airflow/example_dags/example_task_group_decorator.py
[2024-04-12T09:03:42.966+0000] {processor.py:840} INFO - DAG(s) 'example_task_group_decorator' retrieved from /home/airflow/.local/lib/python3.8/site-packages/airflow/example_dags/example_task_group_decorator.py
[2024-04-12T09:03:42.994+0000] {logging_mixin.py:188} INFO - [2024-04-12T09:03:42.994+0000] {dag.py:3047} INFO - Sync 1 DAGs
[2024-04-12T09:03:43.021+0000] {logging_mixin.py:188} INFO - [2024-04-12T09:03:43.021+0000] {dag.py:3834} INFO - Setting next_dagrun for example_task_group_decorator to 2024-04-11 00:00:00+00:00, run_after=2024-04-12 00:00:00+00:00
[2024-04-12T09:03:43.052+0000] {processor.py:183} INFO - Processing /home/airflow/.local/lib/python3.8/site-packages/airflow/example_dags/example_task_group_decorator.py took 0.114 seconds
[2024-04-12T09:04:13.189+0000] {processor.py:161} INFO - Started process (PID=354) to work on /home/airflow/.local/lib/python3.8/site-packages/airflow/example_dags/example_task_group_decorator.py
[2024-04-12T09:04:13.190+0000] {processor.py:830} INFO - Processing file /home/airflow/.local/lib/python3.8/site-packages/airflow/example_dags/example_task_group_decorator.py for tasks to queue
[2024-04-12T09:04:13.193+0000] {logging_mixin.py:188} INFO - [2024-04-12T09:04:13.192+0000] {dagbag.py:540} INFO - Filling up the DagBag from /home/airflow/.local/lib/python3.8/site-packages/airflow/example_dags/example_task_group_decorator.py
[2024-04-12T09:04:13.226+0000] {processor.py:840} INFO - DAG(s) 'example_task_group_decorator' retrieved from /home/airflow/.local/lib/python3.8/site-packages/airflow/example_dags/example_task_group_decorator.py
[2024-04-12T09:04:13.290+0000] {logging_mixin.py:188} INFO - [2024-04-12T09:04:13.289+0000] {dag.py:3047} INFO - Sync 1 DAGs
[2024-04-12T09:04:13.350+0000] {logging_mixin.py:188} INFO - [2024-04-12T09:04:13.350+0000] {dag.py:3834} INFO - Setting next_dagrun for example_task_group_decorator to 2024-04-11 00:00:00+00:00, run_after=2024-04-12 00:00:00+00:00
[2024-04-12T09:04:13.388+0000] {processor.py:183} INFO - Processing /home/airflow/.local/lib/python3.8/site-packages/airflow/example_dags/example_task_group_decorator.py took 0.202 seconds
[2024-04-12T09:05:13.189+0000] {processor.py:161} INFO - Started process (PID=418) to work on /home/airflow/.local/lib/python3.8/site-packages/airflow/example_dags/example_task_group_decorator.py
[2024-04-12T09:05:13.192+0000] {processor.py:830} INFO - Processing file /home/airflow/.local/lib/python3.8/site-packages/airflow/example_dags/example_task_group_decorator.py for tasks to queue
[2024-04-12T09:05:13.194+0000] {logging_mixin.py:188} INFO - [2024-04-12T09:05:13.193+0000] {dagbag.py:540} INFO - Filling up the DagBag from /home/airflow/.local/lib/python3.8/site-packages/airflow/example_dags/example_task_group_decorator.py
[2024-04-12T09:05:13.221+0000] {processor.py:840} INFO - DAG(s) 'example_task_group_decorator' retrieved from /home/airflow/.local/lib/python3.8/site-packages/airflow/example_dags/example_task_group_decorator.py
[2024-04-12T09:05:13.265+0000] {logging_mixin.py:188} INFO - [2024-04-12T09:05:13.264+0000] {dag.py:3047} INFO - Sync 1 DAGs
[2024-04-12T09:05:13.300+0000] {logging_mixin.py:188} INFO - [2024-04-12T09:05:13.299+0000] {dag.py:3834} INFO - Setting next_dagrun for example_task_group_decorator to 2024-04-11 00:00:00+00:00, run_after=2024-04-12 00:00:00+00:00
[2024-04-12T09:05:13.335+0000] {processor.py:183} INFO - Processing /home/airflow/.local/lib/python3.8/site-packages/airflow/example_dags/example_task_group_decorator.py took 0.150 seconds
[2024-04-12T09:05:43.740+0000] {processor.py:161} INFO - Started process (PID=476) to work on /home/airflow/.local/lib/python3.8/site-packages/airflow/example_dags/example_task_group_decorator.py
[2024-04-12T09:05:43.741+0000] {processor.py:830} INFO - Processing file /home/airflow/.local/lib/python3.8/site-packages/airflow/example_dags/example_task_group_decorator.py for tasks to queue
[2024-04-12T09:05:43.743+0000] {logging_mixin.py:188} INFO - [2024-04-12T09:05:43.743+0000] {dagbag.py:540} INFO - Filling up the DagBag from /home/airflow/.local/lib/python3.8/site-packages/airflow/example_dags/example_task_group_decorator.py
[2024-04-12T09:05:43.759+0000] {processor.py:840} INFO - DAG(s) 'example_task_group_decorator' retrieved from /home/airflow/.local/lib/python3.8/site-packages/airflow/example_dags/example_task_group_decorator.py
[2024-04-12T09:05:43.793+0000] {logging_mixin.py:188} INFO - [2024-04-12T09:05:43.792+0000] {dag.py:3047} INFO - Sync 1 DAGs
[2024-04-12T09:05:43.824+0000] {logging_mixin.py:188} INFO - [2024-04-12T09:05:43.823+0000] {dag.py:3834} INFO - Setting next_dagrun for example_task_group_decorator to 2024-04-11 00:00:00+00:00, run_after=2024-04-12 00:00:00+00:00
[2024-04-12T09:05:43.858+0000] {processor.py:183} INFO - Processing /home/airflow/.local/lib/python3.8/site-packages/airflow/example_dags/example_task_group_decorator.py took 0.121 seconds
[2024-04-12T09:06:13.911+0000] {processor.py:161} INFO - Started process (PID=535) to work on /home/airflow/.local/lib/python3.8/site-packages/airflow/example_dags/example_task_group_decorator.py
[2024-04-12T09:06:13.913+0000] {processor.py:830} INFO - Processing file /home/airflow/.local/lib/python3.8/site-packages/airflow/example_dags/example_task_group_decorator.py for tasks to queue
[2024-04-12T09:06:13.914+0000] {logging_mixin.py:188} INFO - [2024-04-12T09:06:13.914+0000] {dagbag.py:540} INFO - Filling up the DagBag from /home/airflow/.local/lib/python3.8/site-packages/airflow/example_dags/example_task_group_decorator.py
[2024-04-12T09:06:13.933+0000] {processor.py:840} INFO - DAG(s) 'example_task_group_decorator' retrieved from /home/airflow/.local/lib/python3.8/site-packages/airflow/example_dags/example_task_group_decorator.py
[2024-04-12T09:06:13.962+0000] {logging_mixin.py:188} INFO - [2024-04-12T09:06:13.961+0000] {dag.py:3047} INFO - Sync 1 DAGs
[2024-04-12T09:06:13.990+0000] {logging_mixin.py:188} INFO - [2024-04-12T09:06:13.990+0000] {dag.py:3834} INFO - Setting next_dagrun for example_task_group_decorator to 2024-04-11 00:00:00+00:00, run_after=2024-04-12 00:00:00+00:00
[2024-04-12T09:06:14.019+0000] {processor.py:183} INFO - Processing /home/airflow/.local/lib/python3.8/site-packages/airflow/example_dags/example_task_group_decorator.py took 0.111 seconds
[2024-04-12T09:06:44.723+0000] {processor.py:161} INFO - Started process (PID=591) to work on /home/airflow/.local/lib/python3.8/site-packages/airflow/example_dags/example_task_group_decorator.py
[2024-04-12T09:06:44.725+0000] {processor.py:830} INFO - Processing file /home/airflow/.local/lib/python3.8/site-packages/airflow/example_dags/example_task_group_decorator.py for tasks to queue
[2024-04-12T09:06:44.726+0000] {logging_mixin.py:188} INFO - [2024-04-12T09:06:44.726+0000] {dagbag.py:540} INFO - Filling up the DagBag from /home/airflow/.local/lib/python3.8/site-packages/airflow/example_dags/example_task_group_decorator.py
[2024-04-12T09:06:44.741+0000] {processor.py:840} INFO - DAG(s) 'example_task_group_decorator' retrieved from /home/airflow/.local/lib/python3.8/site-packages/airflow/example_dags/example_task_group_decorator.py
[2024-04-12T09:06:44.768+0000] {logging_mixin.py:188} INFO - [2024-04-12T09:06:44.768+0000] {dag.py:3047} INFO - Sync 1 DAGs
[2024-04-12T09:06:44.793+0000] {logging_mixin.py:188} INFO - [2024-04-12T09:06:44.792+0000] {dag.py:3834} INFO - Setting next_dagrun for example_task_group_decorator to 2024-04-11 00:00:00+00:00, run_after=2024-04-12 00:00:00+00:00
[2024-04-12T09:06:44.824+0000] {processor.py:183} INFO - Processing /home/airflow/.local/lib/python3.8/site-packages/airflow/example_dags/example_task_group_decorator.py took 0.104 seconds
[2024-04-12T09:07:14.962+0000] {processor.py:161} INFO - Started process (PID=648) to work on /home/airflow/.local/lib/python3.8/site-packages/airflow/example_dags/example_task_group_decorator.py
[2024-04-12T09:07:14.964+0000] {processor.py:830} INFO - Processing file /home/airflow/.local/lib/python3.8/site-packages/airflow/example_dags/example_task_group_decorator.py for tasks to queue
[2024-04-12T09:07:14.965+0000] {logging_mixin.py:188} INFO - [2024-04-12T09:07:14.965+0000] {dagbag.py:540} INFO - Filling up the DagBag from /home/airflow/.local/lib/python3.8/site-packages/airflow/example_dags/example_task_group_decorator.py
[2024-04-12T09:07:14.979+0000] {processor.py:840} INFO - DAG(s) 'example_task_group_decorator' retrieved from /home/airflow/.local/lib/python3.8/site-packages/airflow/example_dags/example_task_group_decorator.py
[2024-04-12T09:07:15.012+0000] {logging_mixin.py:188} INFO - [2024-04-12T09:07:15.012+0000] {dag.py:3047} INFO - Sync 1 DAGs
[2024-04-12T09:07:15.049+0000] {logging_mixin.py:188} INFO - [2024-04-12T09:07:15.048+0000] {dag.py:3834} INFO - Setting next_dagrun for example_task_group_decorator to 2024-04-11 00:00:00+00:00, run_after=2024-04-12 00:00:00+00:00
[2024-04-12T09:07:15.085+0000] {processor.py:183} INFO - Processing /home/airflow/.local/lib/python3.8/site-packages/airflow/example_dags/example_task_group_decorator.py took 0.127 seconds
[2024-04-12T09:07:45.846+0000] {processor.py:161} INFO - Started process (PID=706) to work on /home/airflow/.local/lib/python3.8/site-packages/airflow/example_dags/example_task_group_decorator.py
[2024-04-12T09:07:45.847+0000] {processor.py:830} INFO - Processing file /home/airflow/.local/lib/python3.8/site-packages/airflow/example_dags/example_task_group_decorator.py for tasks to queue
[2024-04-12T09:07:45.848+0000] {logging_mixin.py:188} INFO - [2024-04-12T09:07:45.847+0000] {dagbag.py:540} INFO - Filling up the DagBag from /home/airflow/.local/lib/python3.8/site-packages/airflow/example_dags/example_task_group_decorator.py
[2024-04-12T09:07:45.865+0000] {processor.py:840} INFO - DAG(s) 'example_task_group_decorator' retrieved from /home/airflow/.local/lib/python3.8/site-packages/airflow/example_dags/example_task_group_decorator.py
[2024-04-12T09:07:45.895+0000] {logging_mixin.py:188} INFO - [2024-04-12T09:07:45.894+0000] {dag.py:3047} INFO - Sync 1 DAGs
[2024-04-12T09:07:45.920+0000] {logging_mixin.py:188} INFO - [2024-04-12T09:07:45.919+0000] {dag.py:3834} INFO - Setting next_dagrun for example_task_group_decorator to 2024-04-11 00:00:00+00:00, run_after=2024-04-12 00:00:00+00:00
[2024-04-12T09:07:45.956+0000] {processor.py:183} INFO - Processing /home/airflow/.local/lib/python3.8/site-packages/airflow/example_dags/example_task_group_decorator.py took 0.113 seconds
[2024-04-12T09:08:16.234+0000] {processor.py:161} INFO - Started process (PID=764) to work on /home/airflow/.local/lib/python3.8/site-packages/airflow/example_dags/example_task_group_decorator.py
[2024-04-12T09:08:16.235+0000] {processor.py:830} INFO - Processing file /home/airflow/.local/lib/python3.8/site-packages/airflow/example_dags/example_task_group_decorator.py for tasks to queue
[2024-04-12T09:08:16.237+0000] {logging_mixin.py:188} INFO - [2024-04-12T09:08:16.236+0000] {dagbag.py:540} INFO - Filling up the DagBag from /home/airflow/.local/lib/python3.8/site-packages/airflow/example_dags/example_task_group_decorator.py
[2024-04-12T09:08:16.265+0000] {processor.py:840} INFO - DAG(s) 'example_task_group_decorator' retrieved from /home/airflow/.local/lib/python3.8/site-packages/airflow/example_dags/example_task_group_decorator.py
[2024-04-12T09:08:16.309+0000] {logging_mixin.py:188} INFO - [2024-04-12T09:08:16.308+0000] {dag.py:3047} INFO - Sync 1 DAGs
[2024-04-12T09:08:16.346+0000] {logging_mixin.py:188} INFO - [2024-04-12T09:08:16.346+0000] {dag.py:3834} INFO - Setting next_dagrun for example_task_group_decorator to 2024-04-11 00:00:00+00:00, run_after=2024-04-12 00:00:00+00:00
[2024-04-12T09:08:16.398+0000] {processor.py:183} INFO - Processing /home/airflow/.local/lib/python3.8/site-packages/airflow/example_dags/example_task_group_decorator.py took 0.169 seconds
[2024-04-12T09:08:46.668+0000] {processor.py:161} INFO - Started process (PID=822) to work on /home/airflow/.local/lib/python3.8/site-packages/airflow/example_dags/example_task_group_decorator.py
[2024-04-12T09:08:46.669+0000] {processor.py:830} INFO - Processing file /home/airflow/.local/lib/python3.8/site-packages/airflow/example_dags/example_task_group_decorator.py for tasks to queue
[2024-04-12T09:08:46.670+0000] {logging_mixin.py:188} INFO - [2024-04-12T09:08:46.670+0000] {dagbag.py:540} INFO - Filling up the DagBag from /home/airflow/.local/lib/python3.8/site-packages/airflow/example_dags/example_task_group_decorator.py
[2024-04-12T09:08:46.692+0000] {processor.py:840} INFO - DAG(s) 'example_task_group_decorator' retrieved from /home/airflow/.local/lib/python3.8/site-packages/airflow/example_dags/example_task_group_decorator.py
[2024-04-12T09:08:46.721+0000] {logging_mixin.py:188} INFO - [2024-04-12T09:08:46.721+0000] {dag.py:3047} INFO - Sync 1 DAGs
[2024-04-12T09:08:46.749+0000] {logging_mixin.py:188} INFO - [2024-04-12T09:08:46.748+0000] {dag.py:3834} INFO - Setting next_dagrun for example_task_group_decorator to 2024-04-11 00:00:00+00:00, run_after=2024-04-12 00:00:00+00:00
[2024-04-12T09:08:46.794+0000] {processor.py:183} INFO - Processing /home/airflow/.local/lib/python3.8/site-packages/airflow/example_dags/example_task_group_decorator.py took 0.130 seconds
[2024-04-12T09:09:17.154+0000] {processor.py:161} INFO - Started process (PID=880) to work on /home/airflow/.local/lib/python3.8/site-packages/airflow/example_dags/example_task_group_decorator.py
[2024-04-12T09:09:17.155+0000] {processor.py:830} INFO - Processing file /home/airflow/.local/lib/python3.8/site-packages/airflow/example_dags/example_task_group_decorator.py for tasks to queue
[2024-04-12T09:09:17.156+0000] {logging_mixin.py:188} INFO - [2024-04-12T09:09:17.156+0000] {dagbag.py:540} INFO - Filling up the DagBag from /home/airflow/.local/lib/python3.8/site-packages/airflow/example_dags/example_task_group_decorator.py
[2024-04-12T09:09:17.170+0000] {processor.py:840} INFO - DAG(s) 'example_task_group_decorator' retrieved from /home/airflow/.local/lib/python3.8/site-packages/airflow/example_dags/example_task_group_decorator.py
[2024-04-12T09:09:17.198+0000] {logging_mixin.py:188} INFO - [2024-04-12T09:09:17.197+0000] {dag.py:3047} INFO - Sync 1 DAGs
[2024-04-12T09:09:17.226+0000] {logging_mixin.py:188} INFO - [2024-04-12T09:09:17.226+0000] {dag.py:3834} INFO - Setting next_dagrun for example_task_group_decorator to 2024-04-11 00:00:00+00:00, run_after=2024-04-12 00:00:00+00:00
[2024-04-12T09:09:17.254+0000] {processor.py:183} INFO - Processing /home/airflow/.local/lib/python3.8/site-packages/airflow/example_dags/example_task_group_decorator.py took 0.103 seconds
[2024-04-12T09:09:47.515+0000] {processor.py:161} INFO - Started process (PID=938) to work on /home/airflow/.local/lib/python3.8/site-packages/airflow/example_dags/example_task_group_decorator.py
[2024-04-12T09:09:47.517+0000] {processor.py:830} INFO - Processing file /home/airflow/.local/lib/python3.8/site-packages/airflow/example_dags/example_task_group_decorator.py for tasks to queue
[2024-04-12T09:09:47.519+0000] {logging_mixin.py:188} INFO - [2024-04-12T09:09:47.518+0000] {dagbag.py:540} INFO - Filling up the DagBag from /home/airflow/.local/lib/python3.8/site-packages/airflow/example_dags/example_task_group_decorator.py
[2024-04-12T09:09:47.539+0000] {processor.py:840} INFO - DAG(s) 'example_task_group_decorator' retrieved from /home/airflow/.local/lib/python3.8/site-packages/airflow/example_dags/example_task_group_decorator.py
[2024-04-12T09:09:47.573+0000] {logging_mixin.py:188} INFO - [2024-04-12T09:09:47.572+0000] {dag.py:3047} INFO - Sync 1 DAGs
[2024-04-12T09:09:47.605+0000] {logging_mixin.py:188} INFO - [2024-04-12T09:09:47.604+0000] {dag.py:3834} INFO - Setting next_dagrun for example_task_group_decorator to 2024-04-11 00:00:00+00:00, run_after=2024-04-12 00:00:00+00:00
[2024-04-12T09:09:47.643+0000] {processor.py:183} INFO - Processing /home/airflow/.local/lib/python3.8/site-packages/airflow/example_dags/example_task_group_decorator.py took 0.132 seconds
[2024-04-12T09:10:20.615+0000] {processor.py:161} INFO - Started process (PID=996) to work on /home/airflow/.local/lib/python3.8/site-packages/airflow/example_dags/example_task_group_decorator.py
[2024-04-12T09:10:20.620+0000] {processor.py:830} INFO - Processing file /home/airflow/.local/lib/python3.8/site-packages/airflow/example_dags/example_task_group_decorator.py for tasks to queue
[2024-04-12T09:10:20.625+0000] {logging_mixin.py:188} INFO - [2024-04-12T09:10:20.623+0000] {dagbag.py:540} INFO - Filling up the DagBag from /home/airflow/.local/lib/python3.8/site-packages/airflow/example_dags/example_task_group_decorator.py
[2024-04-12T09:10:20.726+0000] {processor.py:840} INFO - DAG(s) 'example_task_group_decorator' retrieved from /home/airflow/.local/lib/python3.8/site-packages/airflow/example_dags/example_task_group_decorator.py
[2024-04-12T09:10:20.862+0000] {logging_mixin.py:188} INFO - [2024-04-12T09:10:20.861+0000] {dag.py:3047} INFO - Sync 1 DAGs
[2024-04-12T09:10:20.982+0000] {logging_mixin.py:188} INFO - [2024-04-12T09:10:20.979+0000] {dag.py:3834} INFO - Setting next_dagrun for example_task_group_decorator to 2024-04-11 00:00:00+00:00, run_after=2024-04-12 00:00:00+00:00
[2024-04-12T09:10:21.131+0000] {processor.py:183} INFO - Processing /home/airflow/.local/lib/python3.8/site-packages/airflow/example_dags/example_task_group_decorator.py took 0.532 seconds
[2024-04-12T09:10:51.976+0000] {processor.py:161} INFO - Started process (PID=1054) to work on /home/airflow/.local/lib/python3.8/site-packages/airflow/example_dags/example_task_group_decorator.py
[2024-04-12T09:10:51.978+0000] {processor.py:830} INFO - Processing file /home/airflow/.local/lib/python3.8/site-packages/airflow/example_dags/example_task_group_decorator.py for tasks to queue
[2024-04-12T09:10:51.979+0000] {logging_mixin.py:188} INFO - [2024-04-12T09:10:51.979+0000] {dagbag.py:540} INFO - Filling up the DagBag from /home/airflow/.local/lib/python3.8/site-packages/airflow/example_dags/example_task_group_decorator.py
[2024-04-12T09:10:51.998+0000] {processor.py:840} INFO - DAG(s) 'example_task_group_decorator' retrieved from /home/airflow/.local/lib/python3.8/site-packages/airflow/example_dags/example_task_group_decorator.py
[2024-04-12T09:10:52.026+0000] {logging_mixin.py:188} INFO - [2024-04-12T09:10:52.025+0000] {dag.py:3047} INFO - Sync 1 DAGs
[2024-04-12T09:10:52.061+0000] {logging_mixin.py:188} INFO - [2024-04-12T09:10:52.061+0000] {dag.py:3834} INFO - Setting next_dagrun for example_task_group_decorator to 2024-04-11 00:00:00+00:00, run_after=2024-04-12 00:00:00+00:00
[2024-04-12T09:10:52.111+0000] {processor.py:183} INFO - Processing /home/airflow/.local/lib/python3.8/site-packages/airflow/example_dags/example_task_group_decorator.py took 0.137 seconds
[2024-04-12T09:11:23.042+0000] {processor.py:161} INFO - Started process (PID=1109) to work on /home/airflow/.local/lib/python3.8/site-packages/airflow/example_dags/example_task_group_decorator.py
[2024-04-12T09:11:23.044+0000] {processor.py:830} INFO - Processing file /home/airflow/.local/lib/python3.8/site-packages/airflow/example_dags/example_task_group_decorator.py for tasks to queue
[2024-04-12T09:11:23.046+0000] {logging_mixin.py:188} INFO - [2024-04-12T09:11:23.045+0000] {dagbag.py:540} INFO - Filling up the DagBag from /home/airflow/.local/lib/python3.8/site-packages/airflow/example_dags/example_task_group_decorator.py
[2024-04-12T09:11:23.060+0000] {processor.py:840} INFO - DAG(s) 'example_task_group_decorator' retrieved from /home/airflow/.local/lib/python3.8/site-packages/airflow/example_dags/example_task_group_decorator.py
[2024-04-12T09:11:23.089+0000] {logging_mixin.py:188} INFO - [2024-04-12T09:11:23.088+0000] {dag.py:3047} INFO - Sync 1 DAGs
[2024-04-12T09:11:23.119+0000] {logging_mixin.py:188} INFO - [2024-04-12T09:11:23.119+0000] {dag.py:3834} INFO - Setting next_dagrun for example_task_group_decorator to 2024-04-11 00:00:00+00:00, run_after=2024-04-12 00:00:00+00:00
[2024-04-12T09:11:23.151+0000] {processor.py:183} INFO - Processing /home/airflow/.local/lib/python3.8/site-packages/airflow/example_dags/example_task_group_decorator.py took 0.111 seconds
[2024-04-12T09:11:53.273+0000] {processor.py:161} INFO - Started process (PID=1166) to work on /home/airflow/.local/lib/python3.8/site-packages/airflow/example_dags/example_task_group_decorator.py
[2024-04-12T09:11:53.283+0000] {processor.py:830} INFO - Processing file /home/airflow/.local/lib/python3.8/site-packages/airflow/example_dags/example_task_group_decorator.py for tasks to queue
[2024-04-12T09:11:53.286+0000] {logging_mixin.py:188} INFO - [2024-04-12T09:11:53.285+0000] {dagbag.py:540} INFO - Filling up the DagBag from /home/airflow/.local/lib/python3.8/site-packages/airflow/example_dags/example_task_group_decorator.py
[2024-04-12T09:11:53.312+0000] {processor.py:840} INFO - DAG(s) 'example_task_group_decorator' retrieved from /home/airflow/.local/lib/python3.8/site-packages/airflow/example_dags/example_task_group_decorator.py
[2024-04-12T09:11:53.387+0000] {logging_mixin.py:188} INFO - [2024-04-12T09:11:53.386+0000] {dag.py:3047} INFO - Sync 1 DAGs
[2024-04-12T09:11:53.447+0000] {logging_mixin.py:188} INFO - [2024-04-12T09:11:53.446+0000] {dag.py:3834} INFO - Setting next_dagrun for example_task_group_decorator to 2024-04-11 00:00:00+00:00, run_after=2024-04-12 00:00:00+00:00
[2024-04-12T09:11:53.502+0000] {processor.py:183} INFO - Processing /home/airflow/.local/lib/python3.8/site-packages/airflow/example_dags/example_task_group_decorator.py took 0.233 seconds
[2024-04-12T09:12:23.955+0000] {processor.py:161} INFO - Started process (PID=1223) to work on /home/airflow/.local/lib/python3.8/site-packages/airflow/example_dags/example_task_group_decorator.py
[2024-04-12T09:12:23.956+0000] {processor.py:830} INFO - Processing file /home/airflow/.local/lib/python3.8/site-packages/airflow/example_dags/example_task_group_decorator.py for tasks to queue
[2024-04-12T09:12:23.958+0000] {logging_mixin.py:188} INFO - [2024-04-12T09:12:23.957+0000] {dagbag.py:540} INFO - Filling up the DagBag from /home/airflow/.local/lib/python3.8/site-packages/airflow/example_dags/example_task_group_decorator.py
[2024-04-12T09:12:23.972+0000] {processor.py:840} INFO - DAG(s) 'example_task_group_decorator' retrieved from /home/airflow/.local/lib/python3.8/site-packages/airflow/example_dags/example_task_group_decorator.py
[2024-04-12T09:12:23.997+0000] {logging_mixin.py:188} INFO - [2024-04-12T09:12:23.997+0000] {dag.py:3047} INFO - Sync 1 DAGs
[2024-04-12T09:12:24.020+0000] {logging_mixin.py:188} INFO - [2024-04-12T09:12:24.020+0000] {dag.py:3834} INFO - Setting next_dagrun for example_task_group_decorator to 2024-04-11 00:00:00+00:00, run_after=2024-04-12 00:00:00+00:00
[2024-04-12T09:12:24.045+0000] {processor.py:183} INFO - Processing /home/airflow/.local/lib/python3.8/site-packages/airflow/example_dags/example_task_group_decorator.py took 0.093 seconds
[2024-04-12T09:12:55.209+0000] {processor.py:161} INFO - Started process (PID=1280) to work on /home/airflow/.local/lib/python3.8/site-packages/airflow/example_dags/example_task_group_decorator.py
[2024-04-12T09:12:55.215+0000] {processor.py:830} INFO - Processing file /home/airflow/.local/lib/python3.8/site-packages/airflow/example_dags/example_task_group_decorator.py for tasks to queue
[2024-04-12T09:12:55.220+0000] {logging_mixin.py:188} INFO - [2024-04-12T09:12:55.218+0000] {dagbag.py:540} INFO - Filling up the DagBag from /home/airflow/.local/lib/python3.8/site-packages/airflow/example_dags/example_task_group_decorator.py
[2024-04-12T09:12:55.274+0000] {processor.py:840} INFO - DAG(s) 'example_task_group_decorator' retrieved from /home/airflow/.local/lib/python3.8/site-packages/airflow/example_dags/example_task_group_decorator.py
[2024-04-12T09:12:55.390+0000] {logging_mixin.py:188} INFO - [2024-04-12T09:12:55.389+0000] {dag.py:3047} INFO - Sync 1 DAGs
[2024-04-12T09:12:55.484+0000] {logging_mixin.py:188} INFO - [2024-04-12T09:12:55.484+0000] {dag.py:3834} INFO - Setting next_dagrun for example_task_group_decorator to 2024-04-11 00:00:00+00:00, run_after=2024-04-12 00:00:00+00:00
[2024-04-12T09:12:55.600+0000] {processor.py:183} INFO - Processing /home/airflow/.local/lib/python3.8/site-packages/airflow/example_dags/example_task_group_decorator.py took 0.407 seconds
[2024-04-12T09:13:26.427+0000] {processor.py:161} INFO - Started process (PID=1338) to work on /home/airflow/.local/lib/python3.8/site-packages/airflow/example_dags/example_task_group_decorator.py
[2024-04-12T09:13:26.428+0000] {processor.py:830} INFO - Processing file /home/airflow/.local/lib/python3.8/site-packages/airflow/example_dags/example_task_group_decorator.py for tasks to queue
[2024-04-12T09:13:26.429+0000] {logging_mixin.py:188} INFO - [2024-04-12T09:13:26.429+0000] {dagbag.py:540} INFO - Filling up the DagBag from /home/airflow/.local/lib/python3.8/site-packages/airflow/example_dags/example_task_group_decorator.py
[2024-04-12T09:13:26.448+0000] {processor.py:840} INFO - DAG(s) 'example_task_group_decorator' retrieved from /home/airflow/.local/lib/python3.8/site-packages/airflow/example_dags/example_task_group_decorator.py
[2024-04-12T09:13:26.477+0000] {logging_mixin.py:188} INFO - [2024-04-12T09:13:26.476+0000] {dag.py:3047} INFO - Sync 1 DAGs
[2024-04-12T09:13:26.501+0000] {logging_mixin.py:188} INFO - [2024-04-12T09:13:26.500+0000] {dag.py:3834} INFO - Setting next_dagrun for example_task_group_decorator to 2024-04-11 00:00:00+00:00, run_after=2024-04-12 00:00:00+00:00
[2024-04-12T09:13:26.533+0000] {processor.py:183} INFO - Processing /home/airflow/.local/lib/python3.8/site-packages/airflow/example_dags/example_task_group_decorator.py took 0.109 seconds
[2024-04-12T09:13:57.226+0000] {processor.py:161} INFO - Started process (PID=1397) to work on /home/airflow/.local/lib/python3.8/site-packages/airflow/example_dags/example_task_group_decorator.py
[2024-04-12T09:13:57.227+0000] {processor.py:830} INFO - Processing file /home/airflow/.local/lib/python3.8/site-packages/airflow/example_dags/example_task_group_decorator.py for tasks to queue
[2024-04-12T09:13:57.229+0000] {logging_mixin.py:188} INFO - [2024-04-12T09:13:57.228+0000] {dagbag.py:540} INFO - Filling up the DagBag from /home/airflow/.local/lib/python3.8/site-packages/airflow/example_dags/example_task_group_decorator.py
[2024-04-12T09:13:57.247+0000] {processor.py:840} INFO - DAG(s) 'example_task_group_decorator' retrieved from /home/airflow/.local/lib/python3.8/site-packages/airflow/example_dags/example_task_group_decorator.py
[2024-04-12T09:13:57.277+0000] {logging_mixin.py:188} INFO - [2024-04-12T09:13:57.277+0000] {dag.py:3047} INFO - Sync 1 DAGs
[2024-04-12T09:13:57.304+0000] {logging_mixin.py:188} INFO - [2024-04-12T09:13:57.303+0000] {dag.py:3834} INFO - Setting next_dagrun for example_task_group_decorator to 2024-04-11 00:00:00+00:00, run_after=2024-04-12 00:00:00+00:00
[2024-04-12T09:13:57.340+0000] {processor.py:183} INFO - Processing /home/airflow/.local/lib/python3.8/site-packages/airflow/example_dags/example_task_group_decorator.py took 0.117 seconds
[2024-04-12T09:14:27.708+0000] {processor.py:161} INFO - Started process (PID=1455) to work on /home/airflow/.local/lib/python3.8/site-packages/airflow/example_dags/example_task_group_decorator.py
[2024-04-12T09:14:27.710+0000] {processor.py:830} INFO - Processing file /home/airflow/.local/lib/python3.8/site-packages/airflow/example_dags/example_task_group_decorator.py for tasks to queue
[2024-04-12T09:14:27.712+0000] {logging_mixin.py:188} INFO - [2024-04-12T09:14:27.711+0000] {dagbag.py:540} INFO - Filling up the DagBag from /home/airflow/.local/lib/python3.8/site-packages/airflow/example_dags/example_task_group_decorator.py
[2024-04-12T09:14:27.728+0000] {processor.py:840} INFO - DAG(s) 'example_task_group_decorator' retrieved from /home/airflow/.local/lib/python3.8/site-packages/airflow/example_dags/example_task_group_decorator.py
[2024-04-12T09:14:27.759+0000] {logging_mixin.py:188} INFO - [2024-04-12T09:14:27.759+0000] {dag.py:3047} INFO - Sync 1 DAGs
[2024-04-12T09:14:27.785+0000] {logging_mixin.py:188} INFO - [2024-04-12T09:14:27.784+0000] {dag.py:3834} INFO - Setting next_dagrun for example_task_group_decorator to 2024-04-11 00:00:00+00:00, run_after=2024-04-12 00:00:00+00:00
[2024-04-12T09:14:27.816+0000] {processor.py:183} INFO - Processing /home/airflow/.local/lib/python3.8/site-packages/airflow/example_dags/example_task_group_decorator.py took 0.111 seconds
[2024-04-12T09:14:57.964+0000] {processor.py:161} INFO - Started process (PID=1513) to work on /home/airflow/.local/lib/python3.8/site-packages/airflow/example_dags/example_task_group_decorator.py
[2024-04-12T09:14:57.966+0000] {processor.py:830} INFO - Processing file /home/airflow/.local/lib/python3.8/site-packages/airflow/example_dags/example_task_group_decorator.py for tasks to queue
[2024-04-12T09:14:57.968+0000] {logging_mixin.py:188} INFO - [2024-04-12T09:14:57.968+0000] {dagbag.py:540} INFO - Filling up the DagBag from /home/airflow/.local/lib/python3.8/site-packages/airflow/example_dags/example_task_group_decorator.py
[2024-04-12T09:14:57.996+0000] {processor.py:840} INFO - DAG(s) 'example_task_group_decorator' retrieved from /home/airflow/.local/lib/python3.8/site-packages/airflow/example_dags/example_task_group_decorator.py
[2024-04-12T09:14:58.025+0000] {logging_mixin.py:188} INFO - [2024-04-12T09:14:58.024+0000] {dag.py:3047} INFO - Sync 1 DAGs
[2024-04-12T09:14:58.054+0000] {logging_mixin.py:188} INFO - [2024-04-12T09:14:58.054+0000] {dag.py:3834} INFO - Setting next_dagrun for example_task_group_decorator to 2024-04-11 00:00:00+00:00, run_after=2024-04-12 00:00:00+00:00
[2024-04-12T09:14:58.085+0000] {processor.py:183} INFO - Processing /home/airflow/.local/lib/python3.8/site-packages/airflow/example_dags/example_task_group_decorator.py took 0.129 seconds
[2024-04-12T09:15:28.272+0000] {processor.py:161} INFO - Started process (PID=1571) to work on /home/airflow/.local/lib/python3.8/site-packages/airflow/example_dags/example_task_group_decorator.py
[2024-04-12T09:15:28.273+0000] {processor.py:830} INFO - Processing file /home/airflow/.local/lib/python3.8/site-packages/airflow/example_dags/example_task_group_decorator.py for tasks to queue
[2024-04-12T09:15:28.277+0000] {logging_mixin.py:188} INFO - [2024-04-12T09:15:28.276+0000] {dagbag.py:540} INFO - Filling up the DagBag from /home/airflow/.local/lib/python3.8/site-packages/airflow/example_dags/example_task_group_decorator.py
[2024-04-12T09:15:28.307+0000] {processor.py:840} INFO - DAG(s) 'example_task_group_decorator' retrieved from /home/airflow/.local/lib/python3.8/site-packages/airflow/example_dags/example_task_group_decorator.py
[2024-04-12T09:15:28.348+0000] {logging_mixin.py:188} INFO - [2024-04-12T09:15:28.348+0000] {dag.py:3047} INFO - Sync 1 DAGs
[2024-04-12T09:15:28.390+0000] {logging_mixin.py:188} INFO - [2024-04-12T09:15:28.390+0000] {dag.py:3834} INFO - Setting next_dagrun for example_task_group_decorator to 2024-04-11 00:00:00+00:00, run_after=2024-04-12 00:00:00+00:00
[2024-04-12T09:15:28.448+0000] {processor.py:183} INFO - Processing /home/airflow/.local/lib/python3.8/site-packages/airflow/example_dags/example_task_group_decorator.py took 0.186 seconds
[2024-04-12T09:15:58.611+0000] {processor.py:161} INFO - Started process (PID=1629) to work on /home/airflow/.local/lib/python3.8/site-packages/airflow/example_dags/example_task_group_decorator.py
[2024-04-12T09:15:58.612+0000] {processor.py:830} INFO - Processing file /home/airflow/.local/lib/python3.8/site-packages/airflow/example_dags/example_task_group_decorator.py for tasks to queue
[2024-04-12T09:15:58.613+0000] {logging_mixin.py:188} INFO - [2024-04-12T09:15:58.613+0000] {dagbag.py:540} INFO - Filling up the DagBag from /home/airflow/.local/lib/python3.8/site-packages/airflow/example_dags/example_task_group_decorator.py
[2024-04-12T09:15:58.629+0000] {processor.py:840} INFO - DAG(s) 'example_task_group_decorator' retrieved from /home/airflow/.local/lib/python3.8/site-packages/airflow/example_dags/example_task_group_decorator.py
[2024-04-12T09:15:58.655+0000] {logging_mixin.py:188} INFO - [2024-04-12T09:15:58.654+0000] {dag.py:3047} INFO - Sync 1 DAGs
[2024-04-12T09:15:58.680+0000] {logging_mixin.py:188} INFO - [2024-04-12T09:15:58.679+0000] {dag.py:3834} INFO - Setting next_dagrun for example_task_group_decorator to 2024-04-11 00:00:00+00:00, run_after=2024-04-12 00:00:00+00:00
[2024-04-12T09:15:58.709+0000] {processor.py:183} INFO - Processing /home/airflow/.local/lib/python3.8/site-packages/airflow/example_dags/example_task_group_decorator.py took 0.101 seconds
