[2024-04-12T09:01:34.342+0000] {processor.py:161} INFO - Started process (PID=84) to work on /home/airflow/.local/lib/python3.8/site-packages/airflow/example_dags/example_skip_dag.py
[2024-04-12T09:01:34.344+0000] {processor.py:830} INFO - Processing file /home/airflow/.local/lib/python3.8/site-packages/airflow/example_dags/example_skip_dag.py for tasks to queue
[2024-04-12T09:01:34.347+0000] {logging_mixin.py:188} INFO - [2024-04-12T09:01:34.346+0000] {dagbag.py:540} INFO - Filling up the DagBag from /home/airflow/.local/lib/python3.8/site-packages/airflow/example_dags/example_skip_dag.py
[2024-04-12T09:01:34.355+0000] {processor.py:840} INFO - DAG(s) 'example_skip_dag' retrieved from /home/airflow/.local/lib/python3.8/site-packages/airflow/example_dags/example_skip_dag.py
[2024-04-12T09:01:34.524+0000] {logging_mixin.py:188} INFO - [2024-04-12T09:01:34.523+0000] {override.py:1769} INFO - Created Permission View: can read on DAG:example_skip_dag
[2024-04-12T09:01:34.559+0000] {logging_mixin.py:188} INFO - [2024-04-12T09:01:34.559+0000] {override.py:1769} INFO - Created Permission View: can edit on DAG:example_skip_dag
[2024-04-12T09:01:34.577+0000] {logging_mixin.py:188} INFO - [2024-04-12T09:01:34.577+0000] {override.py:1769} INFO - Created Permission View: can delete on DAG:example_skip_dag
[2024-04-12T09:01:34.578+0000] {logging_mixin.py:188} INFO - [2024-04-12T09:01:34.578+0000] {dag.py:3047} INFO - Sync 1 DAGs
[2024-04-12T09:01:34.595+0000] {logging_mixin.py:188} INFO - [2024-04-12T09:01:34.595+0000] {dag.py:3069} INFO - Creating ORM DAG for example_skip_dag
[2024-04-12T09:01:34.612+0000] {logging_mixin.py:188} INFO - [2024-04-12T09:01:34.611+0000] {dag.py:3834} INFO - Setting next_dagrun for example_skip_dag to 2024-04-11 00:00:00+00:00, run_after=2024-04-12 00:00:00+00:00
[2024-04-12T09:01:34.646+0000] {processor.py:183} INFO - Processing /home/airflow/.local/lib/python3.8/site-packages/airflow/example_dags/example_skip_dag.py took 0.308 seconds
[2024-04-12T09:02:06.712+0000] {processor.py:161} INFO - Started process (PID=142) to work on /home/airflow/.local/lib/python3.8/site-packages/airflow/example_dags/example_skip_dag.py
[2024-04-12T09:02:06.718+0000] {processor.py:830} INFO - Processing file /home/airflow/.local/lib/python3.8/site-packages/airflow/example_dags/example_skip_dag.py for tasks to queue
[2024-04-12T09:02:06.725+0000] {logging_mixin.py:188} INFO - [2024-04-12T09:02:06.724+0000] {dagbag.py:540} INFO - Filling up the DagBag from /home/airflow/.local/lib/python3.8/site-packages/airflow/example_dags/example_skip_dag.py
[2024-04-12T09:02:06.743+0000] {processor.py:840} INFO - DAG(s) 'example_skip_dag' retrieved from /home/airflow/.local/lib/python3.8/site-packages/airflow/example_dags/example_skip_dag.py
[2024-04-12T09:02:06.843+0000] {logging_mixin.py:188} INFO - [2024-04-12T09:02:06.842+0000] {dag.py:3047} INFO - Sync 1 DAGs
[2024-04-12T09:02:06.949+0000] {logging_mixin.py:188} INFO - [2024-04-12T09:02:06.949+0000] {dag.py:3834} INFO - Setting next_dagrun for example_skip_dag to 2024-04-11 00:00:00+00:00, run_after=2024-04-12 00:00:00+00:00
[2024-04-12T09:02:07.049+0000] {processor.py:183} INFO - Processing /home/airflow/.local/lib/python3.8/site-packages/airflow/example_dags/example_skip_dag.py took 0.354 seconds
[2024-04-12T09:02:46.307+0000] {processor.py:161} INFO - Started process (PID=206) to work on /home/airflow/.local/lib/python3.8/site-packages/airflow/example_dags/example_skip_dag.py
[2024-04-12T09:02:46.312+0000] {processor.py:830} INFO - Processing file /home/airflow/.local/lib/python3.8/site-packages/airflow/example_dags/example_skip_dag.py for tasks to queue
[2024-04-12T09:02:46.315+0000] {logging_mixin.py:188} INFO - [2024-04-12T09:02:46.315+0000] {dagbag.py:540} INFO - Filling up the DagBag from /home/airflow/.local/lib/python3.8/site-packages/airflow/example_dags/example_skip_dag.py
[2024-04-12T09:02:46.327+0000] {processor.py:840} INFO - DAG(s) 'example_skip_dag' retrieved from /home/airflow/.local/lib/python3.8/site-packages/airflow/example_dags/example_skip_dag.py
[2024-04-12T09:02:46.355+0000] {logging_mixin.py:188} INFO - [2024-04-12T09:02:46.355+0000] {dag.py:3047} INFO - Sync 1 DAGs
[2024-04-12T09:02:46.389+0000] {logging_mixin.py:188} INFO - [2024-04-12T09:02:46.389+0000] {dag.py:3834} INFO - Setting next_dagrun for example_skip_dag to 2024-04-11 00:00:00+00:00, run_after=2024-04-12 00:00:00+00:00
[2024-04-12T09:02:46.430+0000] {processor.py:183} INFO - Processing /home/airflow/.local/lib/python3.8/site-packages/airflow/example_dags/example_skip_dag.py took 0.127 seconds
[2024-04-12T09:03:17.593+0000] {processor.py:161} INFO - Started process (PID=264) to work on /home/airflow/.local/lib/python3.8/site-packages/airflow/example_dags/example_skip_dag.py
[2024-04-12T09:03:17.595+0000] {processor.py:830} INFO - Processing file /home/airflow/.local/lib/python3.8/site-packages/airflow/example_dags/example_skip_dag.py for tasks to queue
[2024-04-12T09:03:17.600+0000] {logging_mixin.py:188} INFO - [2024-04-12T09:03:17.599+0000] {dagbag.py:540} INFO - Filling up the DagBag from /home/airflow/.local/lib/python3.8/site-packages/airflow/example_dags/example_skip_dag.py
[2024-04-12T09:03:17.611+0000] {processor.py:840} INFO - DAG(s) 'example_skip_dag' retrieved from /home/airflow/.local/lib/python3.8/site-packages/airflow/example_dags/example_skip_dag.py
[2024-04-12T09:03:17.652+0000] {logging_mixin.py:188} INFO - [2024-04-12T09:03:17.651+0000] {dag.py:3047} INFO - Sync 1 DAGs
[2024-04-12T09:03:17.705+0000] {logging_mixin.py:188} INFO - [2024-04-12T09:03:17.705+0000] {dag.py:3834} INFO - Setting next_dagrun for example_skip_dag to 2024-04-11 00:00:00+00:00, run_after=2024-04-12 00:00:00+00:00
[2024-04-12T09:03:17.754+0000] {processor.py:183} INFO - Processing /home/airflow/.local/lib/python3.8/site-packages/airflow/example_dags/example_skip_dag.py took 0.168 seconds
[2024-04-12T09:03:48.266+0000] {processor.py:161} INFO - Started process (PID=322) to work on /home/airflow/.local/lib/python3.8/site-packages/airflow/example_dags/example_skip_dag.py
[2024-04-12T09:03:48.269+0000] {processor.py:830} INFO - Processing file /home/airflow/.local/lib/python3.8/site-packages/airflow/example_dags/example_skip_dag.py for tasks to queue
[2024-04-12T09:03:48.275+0000] {logging_mixin.py:188} INFO - [2024-04-12T09:03:48.274+0000] {dagbag.py:540} INFO - Filling up the DagBag from /home/airflow/.local/lib/python3.8/site-packages/airflow/example_dags/example_skip_dag.py
[2024-04-12T09:03:48.287+0000] {processor.py:840} INFO - DAG(s) 'example_skip_dag' retrieved from /home/airflow/.local/lib/python3.8/site-packages/airflow/example_dags/example_skip_dag.py
[2024-04-12T09:03:48.329+0000] {logging_mixin.py:188} INFO - [2024-04-12T09:03:48.328+0000] {dag.py:3047} INFO - Sync 1 DAGs
[2024-04-12T09:03:48.368+0000] {logging_mixin.py:188} INFO - [2024-04-12T09:03:48.367+0000] {dag.py:3834} INFO - Setting next_dagrun for example_skip_dag to 2024-04-11 00:00:00+00:00, run_after=2024-04-12 00:00:00+00:00
[2024-04-12T09:03:48.403+0000] {processor.py:183} INFO - Processing /home/airflow/.local/lib/python3.8/site-packages/airflow/example_dags/example_skip_dag.py took 0.143 seconds
[2024-04-12T09:04:19.032+0000] {processor.py:161} INFO - Started process (PID=380) to work on /home/airflow/.local/lib/python3.8/site-packages/airflow/example_dags/example_skip_dag.py
[2024-04-12T09:04:19.033+0000] {processor.py:830} INFO - Processing file /home/airflow/.local/lib/python3.8/site-packages/airflow/example_dags/example_skip_dag.py for tasks to queue
[2024-04-12T09:04:19.035+0000] {logging_mixin.py:188} INFO - [2024-04-12T09:04:19.035+0000] {dagbag.py:540} INFO - Filling up the DagBag from /home/airflow/.local/lib/python3.8/site-packages/airflow/example_dags/example_skip_dag.py
[2024-04-12T09:04:19.043+0000] {processor.py:840} INFO - DAG(s) 'example_skip_dag' retrieved from /home/airflow/.local/lib/python3.8/site-packages/airflow/example_dags/example_skip_dag.py
[2024-04-12T09:04:19.078+0000] {logging_mixin.py:188} INFO - [2024-04-12T09:04:19.078+0000] {dag.py:3047} INFO - Sync 1 DAGs
[2024-04-12T09:04:19.109+0000] {logging_mixin.py:188} INFO - [2024-04-12T09:04:19.108+0000] {dag.py:3834} INFO - Setting next_dagrun for example_skip_dag to 2024-04-11 00:00:00+00:00, run_after=2024-04-12 00:00:00+00:00
[2024-04-12T09:04:19.146+0000] {processor.py:183} INFO - Processing /home/airflow/.local/lib/python3.8/site-packages/airflow/example_dags/example_skip_dag.py took 0.118 seconds
[2024-04-12T09:05:15.817+0000] {processor.py:161} INFO - Started process (PID=444) to work on /home/airflow/.local/lib/python3.8/site-packages/airflow/example_dags/example_skip_dag.py
[2024-04-12T09:05:15.819+0000] {processor.py:830} INFO - Processing file /home/airflow/.local/lib/python3.8/site-packages/airflow/example_dags/example_skip_dag.py for tasks to queue
[2024-04-12T09:05:15.820+0000] {logging_mixin.py:188} INFO - [2024-04-12T09:05:15.820+0000] {dagbag.py:540} INFO - Filling up the DagBag from /home/airflow/.local/lib/python3.8/site-packages/airflow/example_dags/example_skip_dag.py
[2024-04-12T09:05:15.831+0000] {processor.py:840} INFO - DAG(s) 'example_skip_dag' retrieved from /home/airflow/.local/lib/python3.8/site-packages/airflow/example_dags/example_skip_dag.py
[2024-04-12T09:05:15.864+0000] {logging_mixin.py:188} INFO - [2024-04-12T09:05:15.863+0000] {dag.py:3047} INFO - Sync 1 DAGs
[2024-04-12T09:05:15.894+0000] {logging_mixin.py:188} INFO - [2024-04-12T09:05:15.894+0000] {dag.py:3834} INFO - Setting next_dagrun for example_skip_dag to 2024-04-11 00:00:00+00:00, run_after=2024-04-12 00:00:00+00:00
[2024-04-12T09:05:15.926+0000] {processor.py:183} INFO - Processing /home/airflow/.local/lib/python3.8/site-packages/airflow/example_dags/example_skip_dag.py took 0.111 seconds
[2024-04-12T09:05:46.952+0000] {processor.py:161} INFO - Started process (PID=502) to work on /home/airflow/.local/lib/python3.8/site-packages/airflow/example_dags/example_skip_dag.py
[2024-04-12T09:05:46.955+0000] {processor.py:830} INFO - Processing file /home/airflow/.local/lib/python3.8/site-packages/airflow/example_dags/example_skip_dag.py for tasks to queue
[2024-04-12T09:05:46.958+0000] {logging_mixin.py:188} INFO - [2024-04-12T09:05:46.957+0000] {dagbag.py:540} INFO - Filling up the DagBag from /home/airflow/.local/lib/python3.8/site-packages/airflow/example_dags/example_skip_dag.py
[2024-04-12T09:05:46.971+0000] {processor.py:840} INFO - DAG(s) 'example_skip_dag' retrieved from /home/airflow/.local/lib/python3.8/site-packages/airflow/example_dags/example_skip_dag.py
[2024-04-12T09:05:47.015+0000] {logging_mixin.py:188} INFO - [2024-04-12T09:05:47.015+0000] {dag.py:3047} INFO - Sync 1 DAGs
[2024-04-12T09:05:47.057+0000] {logging_mixin.py:188} INFO - [2024-04-12T09:05:47.056+0000] {dag.py:3834} INFO - Setting next_dagrun for example_skip_dag to 2024-04-11 00:00:00+00:00, run_after=2024-04-12 00:00:00+00:00
[2024-04-12T09:05:47.114+0000] {processor.py:183} INFO - Processing /home/airflow/.local/lib/python3.8/site-packages/airflow/example_dags/example_skip_dag.py took 0.168 seconds
[2024-04-12T09:06:17.683+0000] {processor.py:161} INFO - Started process (PID=561) to work on /home/airflow/.local/lib/python3.8/site-packages/airflow/example_dags/example_skip_dag.py
[2024-04-12T09:06:17.684+0000] {processor.py:830} INFO - Processing file /home/airflow/.local/lib/python3.8/site-packages/airflow/example_dags/example_skip_dag.py for tasks to queue
[2024-04-12T09:06:17.685+0000] {logging_mixin.py:188} INFO - [2024-04-12T09:06:17.684+0000] {dagbag.py:540} INFO - Filling up the DagBag from /home/airflow/.local/lib/python3.8/site-packages/airflow/example_dags/example_skip_dag.py
[2024-04-12T09:06:17.692+0000] {processor.py:840} INFO - DAG(s) 'example_skip_dag' retrieved from /home/airflow/.local/lib/python3.8/site-packages/airflow/example_dags/example_skip_dag.py
[2024-04-12T09:06:17.719+0000] {logging_mixin.py:188} INFO - [2024-04-12T09:06:17.718+0000] {dag.py:3047} INFO - Sync 1 DAGs
[2024-04-12T09:06:17.743+0000] {logging_mixin.py:188} INFO - [2024-04-12T09:06:17.743+0000] {dag.py:3834} INFO - Setting next_dagrun for example_skip_dag to 2024-04-11 00:00:00+00:00, run_after=2024-04-12 00:00:00+00:00
[2024-04-12T09:06:17.772+0000] {processor.py:183} INFO - Processing /home/airflow/.local/lib/python3.8/site-packages/airflow/example_dags/example_skip_dag.py took 0.094 seconds
[2024-04-12T09:06:48.620+0000] {processor.py:161} INFO - Started process (PID=619) to work on /home/airflow/.local/lib/python3.8/site-packages/airflow/example_dags/example_skip_dag.py
[2024-04-12T09:06:48.621+0000] {processor.py:830} INFO - Processing file /home/airflow/.local/lib/python3.8/site-packages/airflow/example_dags/example_skip_dag.py for tasks to queue
[2024-04-12T09:06:48.623+0000] {logging_mixin.py:188} INFO - [2024-04-12T09:06:48.622+0000] {dagbag.py:540} INFO - Filling up the DagBag from /home/airflow/.local/lib/python3.8/site-packages/airflow/example_dags/example_skip_dag.py
[2024-04-12T09:06:48.632+0000] {processor.py:840} INFO - DAG(s) 'example_skip_dag' retrieved from /home/airflow/.local/lib/python3.8/site-packages/airflow/example_dags/example_skip_dag.py
[2024-04-12T09:06:48.659+0000] {logging_mixin.py:188} INFO - [2024-04-12T09:06:48.659+0000] {dag.py:3047} INFO - Sync 1 DAGs
[2024-04-12T09:06:48.683+0000] {logging_mixin.py:188} INFO - [2024-04-12T09:06:48.683+0000] {dag.py:3834} INFO - Setting next_dagrun for example_skip_dag to 2024-04-11 00:00:00+00:00, run_after=2024-04-12 00:00:00+00:00
[2024-04-12T09:06:48.722+0000] {processor.py:183} INFO - Processing /home/airflow/.local/lib/python3.8/site-packages/airflow/example_dags/example_skip_dag.py took 0.105 seconds
[2024-04-12T09:07:19.957+0000] {processor.py:161} INFO - Started process (PID=677) to work on /home/airflow/.local/lib/python3.8/site-packages/airflow/example_dags/example_skip_dag.py
[2024-04-12T09:07:19.959+0000] {processor.py:830} INFO - Processing file /home/airflow/.local/lib/python3.8/site-packages/airflow/example_dags/example_skip_dag.py for tasks to queue
[2024-04-12T09:07:19.963+0000] {logging_mixin.py:188} INFO - [2024-04-12T09:07:19.962+0000] {dagbag.py:540} INFO - Filling up the DagBag from /home/airflow/.local/lib/python3.8/site-packages/airflow/example_dags/example_skip_dag.py
[2024-04-12T09:07:19.975+0000] {processor.py:840} INFO - DAG(s) 'example_skip_dag' retrieved from /home/airflow/.local/lib/python3.8/site-packages/airflow/example_dags/example_skip_dag.py
[2024-04-12T09:07:20.018+0000] {logging_mixin.py:188} INFO - [2024-04-12T09:07:20.018+0000] {dag.py:3047} INFO - Sync 1 DAGs
[2024-04-12T09:07:20.061+0000] {logging_mixin.py:188} INFO - [2024-04-12T09:07:20.060+0000] {dag.py:3834} INFO - Setting next_dagrun for example_skip_dag to 2024-04-11 00:00:00+00:00, run_after=2024-04-12 00:00:00+00:00
[2024-04-12T09:07:20.107+0000] {processor.py:183} INFO - Processing /home/airflow/.local/lib/python3.8/site-packages/airflow/example_dags/example_skip_dag.py took 0.159 seconds
[2024-04-12T09:07:50.796+0000] {processor.py:161} INFO - Started process (PID=733) to work on /home/airflow/.local/lib/python3.8/site-packages/airflow/example_dags/example_skip_dag.py
[2024-04-12T09:07:50.798+0000] {processor.py:830} INFO - Processing file /home/airflow/.local/lib/python3.8/site-packages/airflow/example_dags/example_skip_dag.py for tasks to queue
[2024-04-12T09:07:50.799+0000] {logging_mixin.py:188} INFO - [2024-04-12T09:07:50.799+0000] {dagbag.py:540} INFO - Filling up the DagBag from /home/airflow/.local/lib/python3.8/site-packages/airflow/example_dags/example_skip_dag.py
[2024-04-12T09:07:50.806+0000] {processor.py:840} INFO - DAG(s) 'example_skip_dag' retrieved from /home/airflow/.local/lib/python3.8/site-packages/airflow/example_dags/example_skip_dag.py
[2024-04-12T09:07:50.839+0000] {logging_mixin.py:188} INFO - [2024-04-12T09:07:50.839+0000] {dag.py:3047} INFO - Sync 1 DAGs
[2024-04-12T09:07:50.872+0000] {logging_mixin.py:188} INFO - [2024-04-12T09:07:50.872+0000] {dag.py:3834} INFO - Setting next_dagrun for example_skip_dag to 2024-04-11 00:00:00+00:00, run_after=2024-04-12 00:00:00+00:00
[2024-04-12T09:07:50.907+0000] {processor.py:183} INFO - Processing /home/airflow/.local/lib/python3.8/site-packages/airflow/example_dags/example_skip_dag.py took 0.113 seconds
[2024-04-12T09:08:23.503+0000] {processor.py:161} INFO - Started process (PID=793) to work on /home/airflow/.local/lib/python3.8/site-packages/airflow/example_dags/example_skip_dag.py
[2024-04-12T09:08:23.505+0000] {processor.py:830} INFO - Processing file /home/airflow/.local/lib/python3.8/site-packages/airflow/example_dags/example_skip_dag.py for tasks to queue
[2024-04-12T09:08:23.507+0000] {logging_mixin.py:188} INFO - [2024-04-12T09:08:23.506+0000] {dagbag.py:540} INFO - Filling up the DagBag from /home/airflow/.local/lib/python3.8/site-packages/airflow/example_dags/example_skip_dag.py
[2024-04-12T09:08:23.515+0000] {processor.py:840} INFO - DAG(s) 'example_skip_dag' retrieved from /home/airflow/.local/lib/python3.8/site-packages/airflow/example_dags/example_skip_dag.py
[2024-04-12T09:08:23.548+0000] {logging_mixin.py:188} INFO - [2024-04-12T09:08:23.548+0000] {dag.py:3047} INFO - Sync 1 DAGs
[2024-04-12T09:08:23.578+0000] {logging_mixin.py:188} INFO - [2024-04-12T09:08:23.578+0000] {dag.py:3834} INFO - Setting next_dagrun for example_skip_dag to 2024-04-11 00:00:00+00:00, run_after=2024-04-12 00:00:00+00:00
[2024-04-12T09:08:23.607+0000] {processor.py:183} INFO - Processing /home/airflow/.local/lib/python3.8/site-packages/airflow/example_dags/example_skip_dag.py took 0.107 seconds
[2024-04-12T09:08:54.240+0000] {processor.py:161} INFO - Started process (PID=849) to work on /home/airflow/.local/lib/python3.8/site-packages/airflow/example_dags/example_skip_dag.py
[2024-04-12T09:08:54.242+0000] {processor.py:830} INFO - Processing file /home/airflow/.local/lib/python3.8/site-packages/airflow/example_dags/example_skip_dag.py for tasks to queue
[2024-04-12T09:08:54.243+0000] {logging_mixin.py:188} INFO - [2024-04-12T09:08:54.243+0000] {dagbag.py:540} INFO - Filling up the DagBag from /home/airflow/.local/lib/python3.8/site-packages/airflow/example_dags/example_skip_dag.py
[2024-04-12T09:08:54.252+0000] {processor.py:840} INFO - DAG(s) 'example_skip_dag' retrieved from /home/airflow/.local/lib/python3.8/site-packages/airflow/example_dags/example_skip_dag.py
[2024-04-12T09:08:54.281+0000] {logging_mixin.py:188} INFO - [2024-04-12T09:08:54.280+0000] {dag.py:3047} INFO - Sync 1 DAGs
[2024-04-12T09:08:54.333+0000] {logging_mixin.py:188} INFO - [2024-04-12T09:08:54.332+0000] {dag.py:3834} INFO - Setting next_dagrun for example_skip_dag to 2024-04-11 00:00:00+00:00, run_after=2024-04-12 00:00:00+00:00
[2024-04-12T09:08:54.427+0000] {processor.py:183} INFO - Processing /home/airflow/.local/lib/python3.8/site-packages/airflow/example_dags/example_skip_dag.py took 0.191 seconds
[2024-04-12T09:09:25.101+0000] {processor.py:161} INFO - Started process (PID=906) to work on /home/airflow/.local/lib/python3.8/site-packages/airflow/example_dags/example_skip_dag.py
[2024-04-12T09:09:25.104+0000] {processor.py:830} INFO - Processing file /home/airflow/.local/lib/python3.8/site-packages/airflow/example_dags/example_skip_dag.py for tasks to queue
[2024-04-12T09:09:25.106+0000] {logging_mixin.py:188} INFO - [2024-04-12T09:09:25.106+0000] {dagbag.py:540} INFO - Filling up the DagBag from /home/airflow/.local/lib/python3.8/site-packages/airflow/example_dags/example_skip_dag.py
[2024-04-12T09:09:25.119+0000] {processor.py:840} INFO - DAG(s) 'example_skip_dag' retrieved from /home/airflow/.local/lib/python3.8/site-packages/airflow/example_dags/example_skip_dag.py
[2024-04-12T09:09:25.143+0000] {logging_mixin.py:188} INFO - [2024-04-12T09:09:25.143+0000] {dag.py:3047} INFO - Sync 1 DAGs
[2024-04-12T09:09:25.173+0000] {logging_mixin.py:188} INFO - [2024-04-12T09:09:25.172+0000] {dag.py:3834} INFO - Setting next_dagrun for example_skip_dag to 2024-04-11 00:00:00+00:00, run_after=2024-04-12 00:00:00+00:00
[2024-04-12T09:09:25.207+0000] {processor.py:183} INFO - Processing /home/airflow/.local/lib/python3.8/site-packages/airflow/example_dags/example_skip_dag.py took 0.109 seconds
[2024-04-12T09:09:55.583+0000] {processor.py:161} INFO - Started process (PID=964) to work on /home/airflow/.local/lib/python3.8/site-packages/airflow/example_dags/example_skip_dag.py
[2024-04-12T09:09:55.585+0000] {processor.py:830} INFO - Processing file /home/airflow/.local/lib/python3.8/site-packages/airflow/example_dags/example_skip_dag.py for tasks to queue
[2024-04-12T09:09:55.586+0000] {logging_mixin.py:188} INFO - [2024-04-12T09:09:55.586+0000] {dagbag.py:540} INFO - Filling up the DagBag from /home/airflow/.local/lib/python3.8/site-packages/airflow/example_dags/example_skip_dag.py
[2024-04-12T09:09:55.594+0000] {processor.py:840} INFO - DAG(s) 'example_skip_dag' retrieved from /home/airflow/.local/lib/python3.8/site-packages/airflow/example_dags/example_skip_dag.py
[2024-04-12T09:09:55.619+0000] {logging_mixin.py:188} INFO - [2024-04-12T09:09:55.619+0000] {dag.py:3047} INFO - Sync 1 DAGs
[2024-04-12T09:09:55.644+0000] {logging_mixin.py:188} INFO - [2024-04-12T09:09:55.644+0000] {dag.py:3834} INFO - Setting next_dagrun for example_skip_dag to 2024-04-11 00:00:00+00:00, run_after=2024-04-12 00:00:00+00:00
[2024-04-12T09:09:55.675+0000] {processor.py:183} INFO - Processing /home/airflow/.local/lib/python3.8/site-packages/airflow/example_dags/example_skip_dag.py took 0.095 seconds
[2024-04-12T09:10:30.903+0000] {processor.py:161} INFO - Started process (PID=1022) to work on /home/airflow/.local/lib/python3.8/site-packages/airflow/example_dags/example_skip_dag.py
[2024-04-12T09:10:30.909+0000] {processor.py:830} INFO - Processing file /home/airflow/.local/lib/python3.8/site-packages/airflow/example_dags/example_skip_dag.py for tasks to queue
[2024-04-12T09:10:30.919+0000] {logging_mixin.py:188} INFO - [2024-04-12T09:10:30.917+0000] {dagbag.py:540} INFO - Filling up the DagBag from /home/airflow/.local/lib/python3.8/site-packages/airflow/example_dags/example_skip_dag.py
[2024-04-12T09:10:30.950+0000] {processor.py:840} INFO - DAG(s) 'example_skip_dag' retrieved from /home/airflow/.local/lib/python3.8/site-packages/airflow/example_dags/example_skip_dag.py
[2024-04-12T09:10:31.040+0000] {logging_mixin.py:188} INFO - [2024-04-12T09:10:31.039+0000] {dag.py:3047} INFO - Sync 1 DAGs
[2024-04-12T09:10:31.160+0000] {logging_mixin.py:188} INFO - [2024-04-12T09:10:31.159+0000] {dag.py:3834} INFO - Setting next_dagrun for example_skip_dag to 2024-04-11 00:00:00+00:00, run_after=2024-04-12 00:00:00+00:00
[2024-04-12T09:10:31.293+0000] {processor.py:183} INFO - Processing /home/airflow/.local/lib/python3.8/site-packages/airflow/example_dags/example_skip_dag.py took 0.408 seconds
[2024-04-12T09:11:01.840+0000] {processor.py:161} INFO - Started process (PID=1080) to work on /home/airflow/.local/lib/python3.8/site-packages/airflow/example_dags/example_skip_dag.py
[2024-04-12T09:11:01.846+0000] {processor.py:830} INFO - Processing file /home/airflow/.local/lib/python3.8/site-packages/airflow/example_dags/example_skip_dag.py for tasks to queue
[2024-04-12T09:11:01.864+0000] {logging_mixin.py:188} INFO - [2024-04-12T09:11:01.862+0000] {dagbag.py:540} INFO - Filling up the DagBag from /home/airflow/.local/lib/python3.8/site-packages/airflow/example_dags/example_skip_dag.py
[2024-04-12T09:11:01.902+0000] {processor.py:840} INFO - DAG(s) 'example_skip_dag' retrieved from /home/airflow/.local/lib/python3.8/site-packages/airflow/example_dags/example_skip_dag.py
[2024-04-12T09:11:02.029+0000] {logging_mixin.py:188} INFO - [2024-04-12T09:11:02.025+0000] {dag.py:3047} INFO - Sync 1 DAGs
[2024-04-12T09:11:02.150+0000] {logging_mixin.py:188} INFO - [2024-04-12T09:11:02.149+0000] {dag.py:3834} INFO - Setting next_dagrun for example_skip_dag to 2024-04-11 00:00:00+00:00, run_after=2024-04-12 00:00:00+00:00
[2024-04-12T09:11:02.246+0000] {processor.py:183} INFO - Processing /home/airflow/.local/lib/python3.8/site-packages/airflow/example_dags/example_skip_dag.py took 0.421 seconds
[2024-04-12T09:11:33.121+0000] {processor.py:161} INFO - Started process (PID=1137) to work on /home/airflow/.local/lib/python3.8/site-packages/airflow/example_dags/example_skip_dag.py
[2024-04-12T09:11:33.128+0000] {processor.py:830} INFO - Processing file /home/airflow/.local/lib/python3.8/site-packages/airflow/example_dags/example_skip_dag.py for tasks to queue
[2024-04-12T09:11:33.131+0000] {logging_mixin.py:188} INFO - [2024-04-12T09:11:33.130+0000] {dagbag.py:540} INFO - Filling up the DagBag from /home/airflow/.local/lib/python3.8/site-packages/airflow/example_dags/example_skip_dag.py
[2024-04-12T09:11:33.175+0000] {processor.py:840} INFO - DAG(s) 'example_skip_dag' retrieved from /home/airflow/.local/lib/python3.8/site-packages/airflow/example_dags/example_skip_dag.py
[2024-04-12T09:11:33.319+0000] {logging_mixin.py:188} INFO - [2024-04-12T09:11:33.318+0000] {dag.py:3047} INFO - Sync 1 DAGs
[2024-04-12T09:11:33.446+0000] {logging_mixin.py:188} INFO - [2024-04-12T09:11:33.445+0000] {dag.py:3834} INFO - Setting next_dagrun for example_skip_dag to 2024-04-11 00:00:00+00:00, run_after=2024-04-12 00:00:00+00:00
[2024-04-12T09:11:33.560+0000] {processor.py:183} INFO - Processing /home/airflow/.local/lib/python3.8/site-packages/airflow/example_dags/example_skip_dag.py took 0.450 seconds
[2024-04-12T09:12:04.401+0000] {processor.py:161} INFO - Started process (PID=1195) to work on /home/airflow/.local/lib/python3.8/site-packages/airflow/example_dags/example_skip_dag.py
[2024-04-12T09:12:04.403+0000] {processor.py:830} INFO - Processing file /home/airflow/.local/lib/python3.8/site-packages/airflow/example_dags/example_skip_dag.py for tasks to queue
[2024-04-12T09:12:04.406+0000] {logging_mixin.py:188} INFO - [2024-04-12T09:12:04.405+0000] {dagbag.py:540} INFO - Filling up the DagBag from /home/airflow/.local/lib/python3.8/site-packages/airflow/example_dags/example_skip_dag.py
[2024-04-12T09:12:04.416+0000] {processor.py:840} INFO - DAG(s) 'example_skip_dag' retrieved from /home/airflow/.local/lib/python3.8/site-packages/airflow/example_dags/example_skip_dag.py
[2024-04-12T09:12:04.442+0000] {logging_mixin.py:188} INFO - [2024-04-12T09:12:04.441+0000] {dag.py:3047} INFO - Sync 1 DAGs
[2024-04-12T09:12:04.482+0000] {logging_mixin.py:188} INFO - [2024-04-12T09:12:04.481+0000] {dag.py:3834} INFO - Setting next_dagrun for example_skip_dag to 2024-04-11 00:00:00+00:00, run_after=2024-04-12 00:00:00+00:00
[2024-04-12T09:12:04.516+0000] {processor.py:183} INFO - Processing /home/airflow/.local/lib/python3.8/site-packages/airflow/example_dags/example_skip_dag.py took 0.119 seconds
[2024-04-12T09:12:35.120+0000] {processor.py:161} INFO - Started process (PID=1253) to work on /home/airflow/.local/lib/python3.8/site-packages/airflow/example_dags/example_skip_dag.py
[2024-04-12T09:12:35.122+0000] {processor.py:830} INFO - Processing file /home/airflow/.local/lib/python3.8/site-packages/airflow/example_dags/example_skip_dag.py for tasks to queue
[2024-04-12T09:12:35.123+0000] {logging_mixin.py:188} INFO - [2024-04-12T09:12:35.123+0000] {dagbag.py:540} INFO - Filling up the DagBag from /home/airflow/.local/lib/python3.8/site-packages/airflow/example_dags/example_skip_dag.py
[2024-04-12T09:12:35.138+0000] {processor.py:840} INFO - DAG(s) 'example_skip_dag' retrieved from /home/airflow/.local/lib/python3.8/site-packages/airflow/example_dags/example_skip_dag.py
[2024-04-12T09:12:35.166+0000] {logging_mixin.py:188} INFO - [2024-04-12T09:12:35.165+0000] {dag.py:3047} INFO - Sync 1 DAGs
[2024-04-12T09:12:35.197+0000] {logging_mixin.py:188} INFO - [2024-04-12T09:12:35.197+0000] {dag.py:3834} INFO - Setting next_dagrun for example_skip_dag to 2024-04-11 00:00:00+00:00, run_after=2024-04-12 00:00:00+00:00
[2024-04-12T09:12:35.235+0000] {processor.py:183} INFO - Processing /home/airflow/.local/lib/python3.8/site-packages/airflow/example_dags/example_skip_dag.py took 0.120 seconds
[2024-04-12T09:13:05.993+0000] {processor.py:161} INFO - Started process (PID=1311) to work on /home/airflow/.local/lib/python3.8/site-packages/airflow/example_dags/example_skip_dag.py
[2024-04-12T09:13:05.994+0000] {processor.py:830} INFO - Processing file /home/airflow/.local/lib/python3.8/site-packages/airflow/example_dags/example_skip_dag.py for tasks to queue
[2024-04-12T09:13:05.996+0000] {logging_mixin.py:188} INFO - [2024-04-12T09:13:05.995+0000] {dagbag.py:540} INFO - Filling up the DagBag from /home/airflow/.local/lib/python3.8/site-packages/airflow/example_dags/example_skip_dag.py
[2024-04-12T09:13:06.003+0000] {processor.py:840} INFO - DAG(s) 'example_skip_dag' retrieved from /home/airflow/.local/lib/python3.8/site-packages/airflow/example_dags/example_skip_dag.py
[2024-04-12T09:13:06.030+0000] {logging_mixin.py:188} INFO - [2024-04-12T09:13:06.029+0000] {dag.py:3047} INFO - Sync 1 DAGs
[2024-04-12T09:13:06.056+0000] {logging_mixin.py:188} INFO - [2024-04-12T09:13:06.055+0000] {dag.py:3834} INFO - Setting next_dagrun for example_skip_dag to 2024-04-11 00:00:00+00:00, run_after=2024-04-12 00:00:00+00:00
[2024-04-12T09:13:06.090+0000] {processor.py:183} INFO - Processing /home/airflow/.local/lib/python3.8/site-packages/airflow/example_dags/example_skip_dag.py took 0.100 seconds
[2024-04-12T09:13:36.797+0000] {processor.py:161} INFO - Started process (PID=1369) to work on /home/airflow/.local/lib/python3.8/site-packages/airflow/example_dags/example_skip_dag.py
[2024-04-12T09:13:36.799+0000] {processor.py:830} INFO - Processing file /home/airflow/.local/lib/python3.8/site-packages/airflow/example_dags/example_skip_dag.py for tasks to queue
[2024-04-12T09:13:36.800+0000] {logging_mixin.py:188} INFO - [2024-04-12T09:13:36.800+0000] {dagbag.py:540} INFO - Filling up the DagBag from /home/airflow/.local/lib/python3.8/site-packages/airflow/example_dags/example_skip_dag.py
[2024-04-12T09:13:36.809+0000] {processor.py:840} INFO - DAG(s) 'example_skip_dag' retrieved from /home/airflow/.local/lib/python3.8/site-packages/airflow/example_dags/example_skip_dag.py
[2024-04-12T09:13:36.835+0000] {logging_mixin.py:188} INFO - [2024-04-12T09:13:36.834+0000] {dag.py:3047} INFO - Sync 1 DAGs
[2024-04-12T09:13:36.860+0000] {logging_mixin.py:188} INFO - [2024-04-12T09:13:36.859+0000] {dag.py:3834} INFO - Setting next_dagrun for example_skip_dag to 2024-04-11 00:00:00+00:00, run_after=2024-04-12 00:00:00+00:00
[2024-04-12T09:13:36.887+0000] {processor.py:183} INFO - Processing /home/airflow/.local/lib/python3.8/site-packages/airflow/example_dags/example_skip_dag.py took 0.095 seconds
[2024-04-12T09:14:07.761+0000] {processor.py:161} INFO - Started process (PID=1426) to work on /home/airflow/.local/lib/python3.8/site-packages/airflow/example_dags/example_skip_dag.py
[2024-04-12T09:14:07.763+0000] {processor.py:830} INFO - Processing file /home/airflow/.local/lib/python3.8/site-packages/airflow/example_dags/example_skip_dag.py for tasks to queue
[2024-04-12T09:14:07.764+0000] {logging_mixin.py:188} INFO - [2024-04-12T09:14:07.763+0000] {dagbag.py:540} INFO - Filling up the DagBag from /home/airflow/.local/lib/python3.8/site-packages/airflow/example_dags/example_skip_dag.py
[2024-04-12T09:14:07.771+0000] {processor.py:840} INFO - DAG(s) 'example_skip_dag' retrieved from /home/airflow/.local/lib/python3.8/site-packages/airflow/example_dags/example_skip_dag.py
[2024-04-12T09:14:07.809+0000] {logging_mixin.py:188} INFO - [2024-04-12T09:14:07.808+0000] {dag.py:3047} INFO - Sync 1 DAGs
[2024-04-12T09:14:07.836+0000] {logging_mixin.py:188} INFO - [2024-04-12T09:14:07.836+0000] {dag.py:3834} INFO - Setting next_dagrun for example_skip_dag to 2024-04-11 00:00:00+00:00, run_after=2024-04-12 00:00:00+00:00
[2024-04-12T09:14:07.864+0000] {processor.py:183} INFO - Processing /home/airflow/.local/lib/python3.8/site-packages/airflow/example_dags/example_skip_dag.py took 0.105 seconds
[2024-04-12T09:14:38.212+0000] {processor.py:161} INFO - Started process (PID=1483) to work on /home/airflow/.local/lib/python3.8/site-packages/airflow/example_dags/example_skip_dag.py
[2024-04-12T09:14:38.213+0000] {processor.py:830} INFO - Processing file /home/airflow/.local/lib/python3.8/site-packages/airflow/example_dags/example_skip_dag.py for tasks to queue
[2024-04-12T09:14:38.214+0000] {logging_mixin.py:188} INFO - [2024-04-12T09:14:38.214+0000] {dagbag.py:540} INFO - Filling up the DagBag from /home/airflow/.local/lib/python3.8/site-packages/airflow/example_dags/example_skip_dag.py
[2024-04-12T09:14:38.222+0000] {processor.py:840} INFO - DAG(s) 'example_skip_dag' retrieved from /home/airflow/.local/lib/python3.8/site-packages/airflow/example_dags/example_skip_dag.py
[2024-04-12T09:14:38.250+0000] {logging_mixin.py:188} INFO - [2024-04-12T09:14:38.250+0000] {dag.py:3047} INFO - Sync 1 DAGs
[2024-04-12T09:14:38.277+0000] {logging_mixin.py:188} INFO - [2024-04-12T09:14:38.277+0000] {dag.py:3834} INFO - Setting next_dagrun for example_skip_dag to 2024-04-11 00:00:00+00:00, run_after=2024-04-12 00:00:00+00:00
[2024-04-12T09:14:38.307+0000] {processor.py:183} INFO - Processing /home/airflow/.local/lib/python3.8/site-packages/airflow/example_dags/example_skip_dag.py took 0.100 seconds
[2024-04-12T09:15:09.046+0000] {processor.py:161} INFO - Started process (PID=1541) to work on /home/airflow/.local/lib/python3.8/site-packages/airflow/example_dags/example_skip_dag.py
[2024-04-12T09:15:09.049+0000] {processor.py:830} INFO - Processing file /home/airflow/.local/lib/python3.8/site-packages/airflow/example_dags/example_skip_dag.py for tasks to queue
[2024-04-12T09:15:09.052+0000] {logging_mixin.py:188} INFO - [2024-04-12T09:15:09.052+0000] {dagbag.py:540} INFO - Filling up the DagBag from /home/airflow/.local/lib/python3.8/site-packages/airflow/example_dags/example_skip_dag.py
[2024-04-12T09:15:09.063+0000] {processor.py:840} INFO - DAG(s) 'example_skip_dag' retrieved from /home/airflow/.local/lib/python3.8/site-packages/airflow/example_dags/example_skip_dag.py
[2024-04-12T09:15:09.102+0000] {logging_mixin.py:188} INFO - [2024-04-12T09:15:09.101+0000] {dag.py:3047} INFO - Sync 1 DAGs
[2024-04-12T09:15:09.138+0000] {logging_mixin.py:188} INFO - [2024-04-12T09:15:09.138+0000] {dag.py:3834} INFO - Setting next_dagrun for example_skip_dag to 2024-04-11 00:00:00+00:00, run_after=2024-04-12 00:00:00+00:00
[2024-04-12T09:15:09.176+0000] {processor.py:183} INFO - Processing /home/airflow/.local/lib/python3.8/site-packages/airflow/example_dags/example_skip_dag.py took 0.138 seconds
[2024-04-12T09:15:40.827+0000] {processor.py:161} INFO - Started process (PID=1599) to work on /home/airflow/.local/lib/python3.8/site-packages/airflow/example_dags/example_skip_dag.py
[2024-04-12T09:15:40.837+0000] {processor.py:830} INFO - Processing file /home/airflow/.local/lib/python3.8/site-packages/airflow/example_dags/example_skip_dag.py for tasks to queue
[2024-04-12T09:15:40.848+0000] {logging_mixin.py:188} INFO - [2024-04-12T09:15:40.846+0000] {dagbag.py:540} INFO - Filling up the DagBag from /home/airflow/.local/lib/python3.8/site-packages/airflow/example_dags/example_skip_dag.py
[2024-04-12T09:15:40.915+0000] {processor.py:840} INFO - DAG(s) 'example_skip_dag' retrieved from /home/airflow/.local/lib/python3.8/site-packages/airflow/example_dags/example_skip_dag.py
[2024-04-12T09:15:41.035+0000] {logging_mixin.py:188} INFO - [2024-04-12T09:15:41.033+0000] {dag.py:3047} INFO - Sync 1 DAGs
[2024-04-12T09:15:41.123+0000] {logging_mixin.py:188} INFO - [2024-04-12T09:15:41.122+0000] {dag.py:3834} INFO - Setting next_dagrun for example_skip_dag to 2024-04-11 00:00:00+00:00, run_after=2024-04-12 00:00:00+00:00
[2024-04-12T09:15:41.187+0000] {processor.py:183} INFO - Processing /home/airflow/.local/lib/python3.8/site-packages/airflow/example_dags/example_skip_dag.py took 0.391 seconds
[2024-04-12T09:16:11.940+0000] {processor.py:161} INFO - Started process (PID=1655) to work on /home/airflow/.local/lib/python3.8/site-packages/airflow/example_dags/example_skip_dag.py
[2024-04-12T09:16:11.942+0000] {processor.py:830} INFO - Processing file /home/airflow/.local/lib/python3.8/site-packages/airflow/example_dags/example_skip_dag.py for tasks to queue
[2024-04-12T09:16:11.943+0000] {logging_mixin.py:188} INFO - [2024-04-12T09:16:11.943+0000] {dagbag.py:540} INFO - Filling up the DagBag from /home/airflow/.local/lib/python3.8/site-packages/airflow/example_dags/example_skip_dag.py
[2024-04-12T09:16:11.950+0000] {processor.py:840} INFO - DAG(s) 'example_skip_dag' retrieved from /home/airflow/.local/lib/python3.8/site-packages/airflow/example_dags/example_skip_dag.py
[2024-04-12T09:16:11.980+0000] {logging_mixin.py:188} INFO - [2024-04-12T09:16:11.980+0000] {dag.py:3047} INFO - Sync 1 DAGs
[2024-04-12T09:16:12.010+0000] {logging_mixin.py:188} INFO - [2024-04-12T09:16:12.009+0000] {dag.py:3834} INFO - Setting next_dagrun for example_skip_dag to 2024-04-11 00:00:00+00:00, run_after=2024-04-12 00:00:00+00:00
[2024-04-12T09:16:12.042+0000] {processor.py:183} INFO - Processing /home/airflow/.local/lib/python3.8/site-packages/airflow/example_dags/example_skip_dag.py took 0.105 seconds
