[2024-04-12T09:01:31.602+0000] {processor.py:161} INFO - Started process (PID=71) to work on /home/airflow/.local/lib/python3.8/site-packages/airflow/example_dags/example_latest_only.py
[2024-04-12T09:01:31.604+0000] {processor.py:830} INFO - Processing file /home/airflow/.local/lib/python3.8/site-packages/airflow/example_dags/example_latest_only.py for tasks to queue
[2024-04-12T09:01:31.606+0000] {logging_mixin.py:188} INFO - [2024-04-12T09:01:31.606+0000] {dagbag.py:540} INFO - Filling up the DagBag from /home/airflow/.local/lib/python3.8/site-packages/airflow/example_dags/example_latest_only.py
[2024-04-12T09:01:31.614+0000] {processor.py:840} INFO - DAG(s) 'latest_only' retrieved from /home/airflow/.local/lib/python3.8/site-packages/airflow/example_dags/example_latest_only.py
[2024-04-12T09:01:31.792+0000] {logging_mixin.py:188} INFO - [2024-04-12T09:01:31.791+0000] {override.py:1769} INFO - Created Permission View: can read on DAG:latest_only
[2024-04-12T09:01:31.814+0000] {logging_mixin.py:188} INFO - [2024-04-12T09:01:31.813+0000] {override.py:1769} INFO - Created Permission View: can edit on DAG:latest_only
[2024-04-12T09:01:31.854+0000] {logging_mixin.py:188} INFO - [2024-04-12T09:01:31.854+0000] {override.py:1769} INFO - Created Permission View: can delete on DAG:latest_only
[2024-04-12T09:01:31.856+0000] {logging_mixin.py:188} INFO - [2024-04-12T09:01:31.855+0000] {dag.py:3047} INFO - Sync 1 DAGs
[2024-04-12T09:01:31.875+0000] {logging_mixin.py:188} INFO - [2024-04-12T09:01:31.874+0000] {dag.py:3069} INFO - Creating ORM DAG for latest_only
[2024-04-12T09:01:31.903+0000] {logging_mixin.py:188} INFO - [2024-04-12T09:01:31.903+0000] {dag.py:3834} INFO - Setting next_dagrun for latest_only to 2024-04-12 04:00:00+00:00, run_after=2024-04-12 08:00:00+00:00
[2024-04-12T09:01:31.956+0000] {processor.py:183} INFO - Processing /home/airflow/.local/lib/python3.8/site-packages/airflow/example_dags/example_latest_only.py took 0.357 seconds
[2024-04-12T09:02:02.187+0000] {processor.py:161} INFO - Started process (PID=129) to work on /home/airflow/.local/lib/python3.8/site-packages/airflow/example_dags/example_latest_only.py
[2024-04-12T09:02:02.192+0000] {processor.py:830} INFO - Processing file /home/airflow/.local/lib/python3.8/site-packages/airflow/example_dags/example_latest_only.py for tasks to queue
[2024-04-12T09:02:02.194+0000] {logging_mixin.py:188} INFO - [2024-04-12T09:02:02.194+0000] {dagbag.py:540} INFO - Filling up the DagBag from /home/airflow/.local/lib/python3.8/site-packages/airflow/example_dags/example_latest_only.py
[2024-04-12T09:02:02.204+0000] {processor.py:840} INFO - DAG(s) 'latest_only' retrieved from /home/airflow/.local/lib/python3.8/site-packages/airflow/example_dags/example_latest_only.py
[2024-04-12T09:02:02.245+0000] {logging_mixin.py:188} INFO - [2024-04-12T09:02:02.244+0000] {dag.py:3047} INFO - Sync 1 DAGs
[2024-04-12T09:02:02.324+0000] {logging_mixin.py:188} INFO - [2024-04-12T09:02:02.323+0000] {dag.py:3834} INFO - Setting next_dagrun for latest_only to 2024-04-12 04:00:00+00:00, run_after=2024-04-12 08:00:00+00:00
[2024-04-12T09:02:02.367+0000] {processor.py:183} INFO - Processing /home/airflow/.local/lib/python3.8/site-packages/airflow/example_dags/example_latest_only.py took 0.183 seconds
[2024-04-12T09:02:44.896+0000] {processor.py:161} INFO - Started process (PID=191) to work on /home/airflow/.local/lib/python3.8/site-packages/airflow/example_dags/example_latest_only.py
[2024-04-12T09:02:44.898+0000] {processor.py:830} INFO - Processing file /home/airflow/.local/lib/python3.8/site-packages/airflow/example_dags/example_latest_only.py for tasks to queue
[2024-04-12T09:02:44.901+0000] {logging_mixin.py:188} INFO - [2024-04-12T09:02:44.900+0000] {dagbag.py:540} INFO - Filling up the DagBag from /home/airflow/.local/lib/python3.8/site-packages/airflow/example_dags/example_latest_only.py
[2024-04-12T09:02:44.908+0000] {processor.py:840} INFO - DAG(s) 'latest_only' retrieved from /home/airflow/.local/lib/python3.8/site-packages/airflow/example_dags/example_latest_only.py
[2024-04-12T09:02:44.938+0000] {logging_mixin.py:188} INFO - [2024-04-12T09:02:44.937+0000] {dag.py:3047} INFO - Sync 1 DAGs
[2024-04-12T09:02:44.967+0000] {logging_mixin.py:188} INFO - [2024-04-12T09:02:44.967+0000] {dag.py:3834} INFO - Setting next_dagrun for latest_only to 2024-04-12 04:00:00+00:00, run_after=2024-04-12 08:00:00+00:00
[2024-04-12T09:02:45.001+0000] {processor.py:183} INFO - Processing /home/airflow/.local/lib/python3.8/site-packages/airflow/example_dags/example_latest_only.py took 0.107 seconds
[2024-04-12T09:03:15.186+0000] {processor.py:161} INFO - Started process (PID=251) to work on /home/airflow/.local/lib/python3.8/site-packages/airflow/example_dags/example_latest_only.py
[2024-04-12T09:03:15.188+0000] {processor.py:830} INFO - Processing file /home/airflow/.local/lib/python3.8/site-packages/airflow/example_dags/example_latest_only.py for tasks to queue
[2024-04-12T09:03:15.191+0000] {logging_mixin.py:188} INFO - [2024-04-12T09:03:15.190+0000] {dagbag.py:540} INFO - Filling up the DagBag from /home/airflow/.local/lib/python3.8/site-packages/airflow/example_dags/example_latest_only.py
[2024-04-12T09:03:15.211+0000] {processor.py:840} INFO - DAG(s) 'latest_only' retrieved from /home/airflow/.local/lib/python3.8/site-packages/airflow/example_dags/example_latest_only.py
[2024-04-12T09:03:15.243+0000] {logging_mixin.py:188} INFO - [2024-04-12T09:03:15.242+0000] {dag.py:3047} INFO - Sync 1 DAGs
[2024-04-12T09:03:15.277+0000] {logging_mixin.py:188} INFO - [2024-04-12T09:03:15.277+0000] {dag.py:3834} INFO - Setting next_dagrun for latest_only to 2024-04-12 04:00:00+00:00, run_after=2024-04-12 08:00:00+00:00
[2024-04-12T09:03:15.335+0000] {processor.py:183} INFO - Processing /home/airflow/.local/lib/python3.8/site-packages/airflow/example_dags/example_latest_only.py took 0.152 seconds
[2024-04-12T09:03:46.050+0000] {processor.py:161} INFO - Started process (PID=309) to work on /home/airflow/.local/lib/python3.8/site-packages/airflow/example_dags/example_latest_only.py
[2024-04-12T09:03:46.051+0000] {processor.py:830} INFO - Processing file /home/airflow/.local/lib/python3.8/site-packages/airflow/example_dags/example_latest_only.py for tasks to queue
[2024-04-12T09:03:46.054+0000] {logging_mixin.py:188} INFO - [2024-04-12T09:03:46.054+0000] {dagbag.py:540} INFO - Filling up the DagBag from /home/airflow/.local/lib/python3.8/site-packages/airflow/example_dags/example_latest_only.py
[2024-04-12T09:03:46.063+0000] {processor.py:840} INFO - DAG(s) 'latest_only' retrieved from /home/airflow/.local/lib/python3.8/site-packages/airflow/example_dags/example_latest_only.py
[2024-04-12T09:03:46.094+0000] {logging_mixin.py:188} INFO - [2024-04-12T09:03:46.094+0000] {dag.py:3047} INFO - Sync 1 DAGs
[2024-04-12T09:03:46.124+0000] {logging_mixin.py:188} INFO - [2024-04-12T09:03:46.123+0000] {dag.py:3834} INFO - Setting next_dagrun for latest_only to 2024-04-12 04:00:00+00:00, run_after=2024-04-12 08:00:00+00:00
[2024-04-12T09:03:46.156+0000] {processor.py:183} INFO - Processing /home/airflow/.local/lib/python3.8/site-packages/airflow/example_dags/example_latest_only.py took 0.110 seconds
[2024-04-12T09:04:16.402+0000] {processor.py:161} INFO - Started process (PID=367) to work on /home/airflow/.local/lib/python3.8/site-packages/airflow/example_dags/example_latest_only.py
[2024-04-12T09:04:16.403+0000] {processor.py:830} INFO - Processing file /home/airflow/.local/lib/python3.8/site-packages/airflow/example_dags/example_latest_only.py for tasks to queue
[2024-04-12T09:04:16.407+0000] {logging_mixin.py:188} INFO - [2024-04-12T09:04:16.406+0000] {dagbag.py:540} INFO - Filling up the DagBag from /home/airflow/.local/lib/python3.8/site-packages/airflow/example_dags/example_latest_only.py
[2024-04-12T09:04:16.418+0000] {processor.py:840} INFO - DAG(s) 'latest_only' retrieved from /home/airflow/.local/lib/python3.8/site-packages/airflow/example_dags/example_latest_only.py
[2024-04-12T09:04:16.456+0000] {logging_mixin.py:188} INFO - [2024-04-12T09:04:16.455+0000] {dag.py:3047} INFO - Sync 1 DAGs
[2024-04-12T09:04:16.496+0000] {logging_mixin.py:188} INFO - [2024-04-12T09:04:16.495+0000] {dag.py:3834} INFO - Setting next_dagrun for latest_only to 2024-04-12 04:00:00+00:00, run_after=2024-04-12 08:00:00+00:00
[2024-04-12T09:04:16.552+0000] {processor.py:183} INFO - Processing /home/airflow/.local/lib/python3.8/site-packages/airflow/example_dags/example_latest_only.py took 0.153 seconds
[2024-04-12T09:05:14.836+0000] {processor.py:161} INFO - Started process (PID=431) to work on /home/airflow/.local/lib/python3.8/site-packages/airflow/example_dags/example_latest_only.py
[2024-04-12T09:05:14.838+0000] {processor.py:830} INFO - Processing file /home/airflow/.local/lib/python3.8/site-packages/airflow/example_dags/example_latest_only.py for tasks to queue
[2024-04-12T09:05:14.840+0000] {logging_mixin.py:188} INFO - [2024-04-12T09:05:14.839+0000] {dagbag.py:540} INFO - Filling up the DagBag from /home/airflow/.local/lib/python3.8/site-packages/airflow/example_dags/example_latest_only.py
[2024-04-12T09:05:14.848+0000] {processor.py:840} INFO - DAG(s) 'latest_only' retrieved from /home/airflow/.local/lib/python3.8/site-packages/airflow/example_dags/example_latest_only.py
[2024-04-12T09:05:14.881+0000] {logging_mixin.py:188} INFO - [2024-04-12T09:05:14.880+0000] {dag.py:3047} INFO - Sync 1 DAGs
[2024-04-12T09:05:14.915+0000] {logging_mixin.py:188} INFO - [2024-04-12T09:05:14.915+0000] {dag.py:3834} INFO - Setting next_dagrun for latest_only to 2024-04-12 04:00:00+00:00, run_after=2024-04-12 08:00:00+00:00
[2024-04-12T09:05:14.950+0000] {processor.py:183} INFO - Processing /home/airflow/.local/lib/python3.8/site-packages/airflow/example_dags/example_latest_only.py took 0.119 seconds
[2024-04-12T09:05:45.719+0000] {processor.py:161} INFO - Started process (PID=489) to work on /home/airflow/.local/lib/python3.8/site-packages/airflow/example_dags/example_latest_only.py
[2024-04-12T09:05:45.722+0000] {processor.py:830} INFO - Processing file /home/airflow/.local/lib/python3.8/site-packages/airflow/example_dags/example_latest_only.py for tasks to queue
[2024-04-12T09:05:45.725+0000] {logging_mixin.py:188} INFO - [2024-04-12T09:05:45.724+0000] {dagbag.py:540} INFO - Filling up the DagBag from /home/airflow/.local/lib/python3.8/site-packages/airflow/example_dags/example_latest_only.py
[2024-04-12T09:05:45.738+0000] {processor.py:840} INFO - DAG(s) 'latest_only' retrieved from /home/airflow/.local/lib/python3.8/site-packages/airflow/example_dags/example_latest_only.py
[2024-04-12T09:05:45.780+0000] {logging_mixin.py:188} INFO - [2024-04-12T09:05:45.780+0000] {dag.py:3047} INFO - Sync 1 DAGs
[2024-04-12T09:05:45.817+0000] {logging_mixin.py:188} INFO - [2024-04-12T09:05:45.817+0000] {dag.py:3834} INFO - Setting next_dagrun for latest_only to 2024-04-12 04:00:00+00:00, run_after=2024-04-12 08:00:00+00:00
[2024-04-12T09:05:45.854+0000] {processor.py:183} INFO - Processing /home/airflow/.local/lib/python3.8/site-packages/airflow/example_dags/example_latest_only.py took 0.139 seconds
[2024-04-12T09:06:16.822+0000] {processor.py:161} INFO - Started process (PID=548) to work on /home/airflow/.local/lib/python3.8/site-packages/airflow/example_dags/example_latest_only.py
[2024-04-12T09:06:16.824+0000] {processor.py:830} INFO - Processing file /home/airflow/.local/lib/python3.8/site-packages/airflow/example_dags/example_latest_only.py for tasks to queue
[2024-04-12T09:06:16.825+0000] {logging_mixin.py:188} INFO - [2024-04-12T09:06:16.824+0000] {dagbag.py:540} INFO - Filling up the DagBag from /home/airflow/.local/lib/python3.8/site-packages/airflow/example_dags/example_latest_only.py
[2024-04-12T09:06:16.830+0000] {processor.py:840} INFO - DAG(s) 'latest_only' retrieved from /home/airflow/.local/lib/python3.8/site-packages/airflow/example_dags/example_latest_only.py
[2024-04-12T09:06:16.855+0000] {logging_mixin.py:188} INFO - [2024-04-12T09:06:16.854+0000] {dag.py:3047} INFO - Sync 1 DAGs
[2024-04-12T09:06:16.880+0000] {logging_mixin.py:188} INFO - [2024-04-12T09:06:16.880+0000] {dag.py:3834} INFO - Setting next_dagrun for latest_only to 2024-04-12 04:00:00+00:00, run_after=2024-04-12 08:00:00+00:00
[2024-04-12T09:06:16.907+0000] {processor.py:183} INFO - Processing /home/airflow/.local/lib/python3.8/site-packages/airflow/example_dags/example_latest_only.py took 0.088 seconds
[2024-04-12T09:06:47.681+0000] {processor.py:161} INFO - Started process (PID=606) to work on /home/airflow/.local/lib/python3.8/site-packages/airflow/example_dags/example_latest_only.py
[2024-04-12T09:06:47.683+0000] {processor.py:830} INFO - Processing file /home/airflow/.local/lib/python3.8/site-packages/airflow/example_dags/example_latest_only.py for tasks to queue
[2024-04-12T09:06:47.684+0000] {logging_mixin.py:188} INFO - [2024-04-12T09:06:47.684+0000] {dagbag.py:540} INFO - Filling up the DagBag from /home/airflow/.local/lib/python3.8/site-packages/airflow/example_dags/example_latest_only.py
[2024-04-12T09:06:47.689+0000] {processor.py:840} INFO - DAG(s) 'latest_only' retrieved from /home/airflow/.local/lib/python3.8/site-packages/airflow/example_dags/example_latest_only.py
[2024-04-12T09:06:47.716+0000] {logging_mixin.py:188} INFO - [2024-04-12T09:06:47.715+0000] {dag.py:3047} INFO - Sync 1 DAGs
[2024-04-12T09:06:47.742+0000] {logging_mixin.py:188} INFO - [2024-04-12T09:06:47.742+0000] {dag.py:3834} INFO - Setting next_dagrun for latest_only to 2024-04-12 04:00:00+00:00, run_after=2024-04-12 08:00:00+00:00
[2024-04-12T09:06:47.770+0000] {processor.py:183} INFO - Processing /home/airflow/.local/lib/python3.8/site-packages/airflow/example_dags/example_latest_only.py took 0.091 seconds
[2024-04-12T09:07:17.966+0000] {processor.py:161} INFO - Started process (PID=662) to work on /home/airflow/.local/lib/python3.8/site-packages/airflow/example_dags/example_latest_only.py
[2024-04-12T09:07:17.967+0000] {processor.py:830} INFO - Processing file /home/airflow/.local/lib/python3.8/site-packages/airflow/example_dags/example_latest_only.py for tasks to queue
[2024-04-12T09:07:17.968+0000] {logging_mixin.py:188} INFO - [2024-04-12T09:07:17.968+0000] {dagbag.py:540} INFO - Filling up the DagBag from /home/airflow/.local/lib/python3.8/site-packages/airflow/example_dags/example_latest_only.py
[2024-04-12T09:07:17.976+0000] {processor.py:840} INFO - DAG(s) 'latest_only' retrieved from /home/airflow/.local/lib/python3.8/site-packages/airflow/example_dags/example_latest_only.py
[2024-04-12T09:07:17.999+0000] {logging_mixin.py:188} INFO - [2024-04-12T09:07:17.999+0000] {dag.py:3047} INFO - Sync 1 DAGs
[2024-04-12T09:07:18.029+0000] {logging_mixin.py:188} INFO - [2024-04-12T09:07:18.029+0000] {dag.py:3834} INFO - Setting next_dagrun for latest_only to 2024-04-12 04:00:00+00:00, run_after=2024-04-12 08:00:00+00:00
[2024-04-12T09:07:18.058+0000] {processor.py:183} INFO - Processing /home/airflow/.local/lib/python3.8/site-packages/airflow/example_dags/example_latest_only.py took 0.094 seconds
[2024-04-12T09:07:48.100+0000] {processor.py:161} INFO - Started process (PID=719) to work on /home/airflow/.local/lib/python3.8/site-packages/airflow/example_dags/example_latest_only.py
[2024-04-12T09:07:48.101+0000] {processor.py:830} INFO - Processing file /home/airflow/.local/lib/python3.8/site-packages/airflow/example_dags/example_latest_only.py for tasks to queue
[2024-04-12T09:07:48.102+0000] {logging_mixin.py:188} INFO - [2024-04-12T09:07:48.102+0000] {dagbag.py:540} INFO - Filling up the DagBag from /home/airflow/.local/lib/python3.8/site-packages/airflow/example_dags/example_latest_only.py
[2024-04-12T09:07:48.107+0000] {processor.py:840} INFO - DAG(s) 'latest_only' retrieved from /home/airflow/.local/lib/python3.8/site-packages/airflow/example_dags/example_latest_only.py
[2024-04-12T09:07:48.128+0000] {logging_mixin.py:188} INFO - [2024-04-12T09:07:48.128+0000] {dag.py:3047} INFO - Sync 1 DAGs
[2024-04-12T09:07:48.152+0000] {logging_mixin.py:188} INFO - [2024-04-12T09:07:48.152+0000] {dag.py:3834} INFO - Setting next_dagrun for latest_only to 2024-04-12 04:00:00+00:00, run_after=2024-04-12 08:00:00+00:00
[2024-04-12T09:07:48.181+0000] {processor.py:183} INFO - Processing /home/airflow/.local/lib/python3.8/site-packages/airflow/example_dags/example_latest_only.py took 0.083 seconds
[2024-04-12T09:08:18.432+0000] {processor.py:161} INFO - Started process (PID=777) to work on /home/airflow/.local/lib/python3.8/site-packages/airflow/example_dags/example_latest_only.py
[2024-04-12T09:08:18.434+0000] {processor.py:830} INFO - Processing file /home/airflow/.local/lib/python3.8/site-packages/airflow/example_dags/example_latest_only.py for tasks to queue
[2024-04-12T09:08:18.435+0000] {logging_mixin.py:188} INFO - [2024-04-12T09:08:18.435+0000] {dagbag.py:540} INFO - Filling up the DagBag from /home/airflow/.local/lib/python3.8/site-packages/airflow/example_dags/example_latest_only.py
[2024-04-12T09:08:18.440+0000] {processor.py:840} INFO - DAG(s) 'latest_only' retrieved from /home/airflow/.local/lib/python3.8/site-packages/airflow/example_dags/example_latest_only.py
[2024-04-12T09:08:18.465+0000] {logging_mixin.py:188} INFO - [2024-04-12T09:08:18.464+0000] {dag.py:3047} INFO - Sync 1 DAGs
[2024-04-12T09:08:18.489+0000] {logging_mixin.py:188} INFO - [2024-04-12T09:08:18.489+0000] {dag.py:3834} INFO - Setting next_dagrun for latest_only to 2024-04-12 04:00:00+00:00, run_after=2024-04-12 08:00:00+00:00
[2024-04-12T09:08:18.521+0000] {processor.py:183} INFO - Processing /home/airflow/.local/lib/python3.8/site-packages/airflow/example_dags/example_latest_only.py took 0.093 seconds
[2024-04-12T09:08:48.678+0000] {processor.py:161} INFO - Started process (PID=835) to work on /home/airflow/.local/lib/python3.8/site-packages/airflow/example_dags/example_latest_only.py
[2024-04-12T09:08:48.679+0000] {processor.py:830} INFO - Processing file /home/airflow/.local/lib/python3.8/site-packages/airflow/example_dags/example_latest_only.py for tasks to queue
[2024-04-12T09:08:48.681+0000] {logging_mixin.py:188} INFO - [2024-04-12T09:08:48.680+0000] {dagbag.py:540} INFO - Filling up the DagBag from /home/airflow/.local/lib/python3.8/site-packages/airflow/example_dags/example_latest_only.py
[2024-04-12T09:08:48.686+0000] {processor.py:840} INFO - DAG(s) 'latest_only' retrieved from /home/airflow/.local/lib/python3.8/site-packages/airflow/example_dags/example_latest_only.py
[2024-04-12T09:08:48.717+0000] {logging_mixin.py:188} INFO - [2024-04-12T09:08:48.716+0000] {dag.py:3047} INFO - Sync 1 DAGs
[2024-04-12T09:08:48.752+0000] {logging_mixin.py:188} INFO - [2024-04-12T09:08:48.751+0000] {dag.py:3834} INFO - Setting next_dagrun for latest_only to 2024-04-12 04:00:00+00:00, run_after=2024-04-12 08:00:00+00:00
[2024-04-12T09:08:48.787+0000] {processor.py:183} INFO - Processing /home/airflow/.local/lib/python3.8/site-packages/airflow/example_dags/example_latest_only.py took 0.112 seconds
[2024-04-12T09:09:19.166+0000] {processor.py:161} INFO - Started process (PID=893) to work on /home/airflow/.local/lib/python3.8/site-packages/airflow/example_dags/example_latest_only.py
[2024-04-12T09:09:19.168+0000] {processor.py:830} INFO - Processing file /home/airflow/.local/lib/python3.8/site-packages/airflow/example_dags/example_latest_only.py for tasks to queue
[2024-04-12T09:09:19.169+0000] {logging_mixin.py:188} INFO - [2024-04-12T09:09:19.169+0000] {dagbag.py:540} INFO - Filling up the DagBag from /home/airflow/.local/lib/python3.8/site-packages/airflow/example_dags/example_latest_only.py
[2024-04-12T09:09:19.174+0000] {processor.py:840} INFO - DAG(s) 'latest_only' retrieved from /home/airflow/.local/lib/python3.8/site-packages/airflow/example_dags/example_latest_only.py
[2024-04-12T09:09:19.195+0000] {logging_mixin.py:188} INFO - [2024-04-12T09:09:19.195+0000] {dag.py:3047} INFO - Sync 1 DAGs
[2024-04-12T09:09:19.223+0000] {logging_mixin.py:188} INFO - [2024-04-12T09:09:19.223+0000] {dag.py:3834} INFO - Setting next_dagrun for latest_only to 2024-04-12 04:00:00+00:00, run_after=2024-04-12 08:00:00+00:00
[2024-04-12T09:09:19.252+0000] {processor.py:183} INFO - Processing /home/airflow/.local/lib/python3.8/site-packages/airflow/example_dags/example_latest_only.py took 0.089 seconds
[2024-04-12T09:09:50.377+0000] {processor.py:161} INFO - Started process (PID=951) to work on /home/airflow/.local/lib/python3.8/site-packages/airflow/example_dags/example_latest_only.py
[2024-04-12T09:09:50.379+0000] {processor.py:830} INFO - Processing file /home/airflow/.local/lib/python3.8/site-packages/airflow/example_dags/example_latest_only.py for tasks to queue
[2024-04-12T09:09:50.380+0000] {logging_mixin.py:188} INFO - [2024-04-12T09:09:50.380+0000] {dagbag.py:540} INFO - Filling up the DagBag from /home/airflow/.local/lib/python3.8/site-packages/airflow/example_dags/example_latest_only.py
[2024-04-12T09:09:50.386+0000] {processor.py:840} INFO - DAG(s) 'latest_only' retrieved from /home/airflow/.local/lib/python3.8/site-packages/airflow/example_dags/example_latest_only.py
[2024-04-12T09:09:50.419+0000] {logging_mixin.py:188} INFO - [2024-04-12T09:09:50.419+0000] {dag.py:3047} INFO - Sync 1 DAGs
[2024-04-12T09:09:50.448+0000] {logging_mixin.py:188} INFO - [2024-04-12T09:09:50.448+0000] {dag.py:3834} INFO - Setting next_dagrun for latest_only to 2024-04-12 04:00:00+00:00, run_after=2024-04-12 08:00:00+00:00
[2024-04-12T09:09:50.493+0000] {processor.py:183} INFO - Processing /home/airflow/.local/lib/python3.8/site-packages/airflow/example_dags/example_latest_only.py took 0.119 seconds
[2024-04-12T09:10:26.880+0000] {processor.py:161} INFO - Started process (PID=1009) to work on /home/airflow/.local/lib/python3.8/site-packages/airflow/example_dags/example_latest_only.py
[2024-04-12T09:10:26.884+0000] {processor.py:830} INFO - Processing file /home/airflow/.local/lib/python3.8/site-packages/airflow/example_dags/example_latest_only.py for tasks to queue
[2024-04-12T09:10:26.889+0000] {logging_mixin.py:188} INFO - [2024-04-12T09:10:26.887+0000] {dagbag.py:540} INFO - Filling up the DagBag from /home/airflow/.local/lib/python3.8/site-packages/airflow/example_dags/example_latest_only.py
[2024-04-12T09:10:26.914+0000] {processor.py:840} INFO - DAG(s) 'latest_only' retrieved from /home/airflow/.local/lib/python3.8/site-packages/airflow/example_dags/example_latest_only.py
[2024-04-12T09:10:27.023+0000] {logging_mixin.py:188} INFO - [2024-04-12T09:10:27.021+0000] {dag.py:3047} INFO - Sync 1 DAGs
[2024-04-12T09:10:27.147+0000] {logging_mixin.py:188} INFO - [2024-04-12T09:10:27.144+0000] {dag.py:3834} INFO - Setting next_dagrun for latest_only to 2024-04-12 04:00:00+00:00, run_after=2024-04-12 08:00:00+00:00
[2024-04-12T09:10:27.263+0000] {processor.py:183} INFO - Processing /home/airflow/.local/lib/python3.8/site-packages/airflow/example_dags/example_latest_only.py took 0.397 seconds
[2024-04-12T09:10:57.711+0000] {processor.py:161} INFO - Started process (PID=1067) to work on /home/airflow/.local/lib/python3.8/site-packages/airflow/example_dags/example_latest_only.py
[2024-04-12T09:10:57.714+0000] {processor.py:830} INFO - Processing file /home/airflow/.local/lib/python3.8/site-packages/airflow/example_dags/example_latest_only.py for tasks to queue
[2024-04-12T09:10:57.718+0000] {logging_mixin.py:188} INFO - [2024-04-12T09:10:57.717+0000] {dagbag.py:540} INFO - Filling up the DagBag from /home/airflow/.local/lib/python3.8/site-packages/airflow/example_dags/example_latest_only.py
[2024-04-12T09:10:57.731+0000] {processor.py:840} INFO - DAG(s) 'latest_only' retrieved from /home/airflow/.local/lib/python3.8/site-packages/airflow/example_dags/example_latest_only.py
[2024-04-12T09:10:57.782+0000] {logging_mixin.py:188} INFO - [2024-04-12T09:10:57.782+0000] {dag.py:3047} INFO - Sync 1 DAGs
[2024-04-12T09:10:57.839+0000] {logging_mixin.py:188} INFO - [2024-04-12T09:10:57.839+0000] {dag.py:3834} INFO - Setting next_dagrun for latest_only to 2024-04-12 04:00:00+00:00, run_after=2024-04-12 08:00:00+00:00
[2024-04-12T09:10:57.894+0000] {processor.py:183} INFO - Processing /home/airflow/.local/lib/python3.8/site-packages/airflow/example_dags/example_latest_only.py took 0.193 seconds
[2024-04-12T09:11:28.607+0000] {processor.py:161} INFO - Started process (PID=1124) to work on /home/airflow/.local/lib/python3.8/site-packages/airflow/example_dags/example_latest_only.py
[2024-04-12T09:11:28.609+0000] {processor.py:830} INFO - Processing file /home/airflow/.local/lib/python3.8/site-packages/airflow/example_dags/example_latest_only.py for tasks to queue
[2024-04-12T09:11:28.611+0000] {logging_mixin.py:188} INFO - [2024-04-12T09:11:28.610+0000] {dagbag.py:540} INFO - Filling up the DagBag from /home/airflow/.local/lib/python3.8/site-packages/airflow/example_dags/example_latest_only.py
[2024-04-12T09:11:28.618+0000] {processor.py:840} INFO - DAG(s) 'latest_only' retrieved from /home/airflow/.local/lib/python3.8/site-packages/airflow/example_dags/example_latest_only.py
[2024-04-12T09:11:28.644+0000] {logging_mixin.py:188} INFO - [2024-04-12T09:11:28.643+0000] {dag.py:3047} INFO - Sync 1 DAGs
[2024-04-12T09:11:28.671+0000] {logging_mixin.py:188} INFO - [2024-04-12T09:11:28.670+0000] {dag.py:3834} INFO - Setting next_dagrun for latest_only to 2024-04-12 04:00:00+00:00, run_after=2024-04-12 08:00:00+00:00
[2024-04-12T09:11:28.700+0000] {processor.py:183} INFO - Processing /home/airflow/.local/lib/python3.8/site-packages/airflow/example_dags/example_latest_only.py took 0.098 seconds
[2024-04-12T09:11:58.738+0000] {processor.py:161} INFO - Started process (PID=1182) to work on /home/airflow/.local/lib/python3.8/site-packages/airflow/example_dags/example_latest_only.py
[2024-04-12T09:11:58.741+0000] {processor.py:830} INFO - Processing file /home/airflow/.local/lib/python3.8/site-packages/airflow/example_dags/example_latest_only.py for tasks to queue
[2024-04-12T09:11:58.743+0000] {logging_mixin.py:188} INFO - [2024-04-12T09:11:58.742+0000] {dagbag.py:540} INFO - Filling up the DagBag from /home/airflow/.local/lib/python3.8/site-packages/airflow/example_dags/example_latest_only.py
[2024-04-12T09:11:58.749+0000] {processor.py:840} INFO - DAG(s) 'latest_only' retrieved from /home/airflow/.local/lib/python3.8/site-packages/airflow/example_dags/example_latest_only.py
[2024-04-12T09:11:58.775+0000] {logging_mixin.py:188} INFO - [2024-04-12T09:11:58.775+0000] {dag.py:3047} INFO - Sync 1 DAGs
[2024-04-12T09:11:58.808+0000] {logging_mixin.py:188} INFO - [2024-04-12T09:11:58.808+0000] {dag.py:3834} INFO - Setting next_dagrun for latest_only to 2024-04-12 04:00:00+00:00, run_after=2024-04-12 08:00:00+00:00
[2024-04-12T09:11:58.847+0000] {processor.py:183} INFO - Processing /home/airflow/.local/lib/python3.8/site-packages/airflow/example_dags/example_latest_only.py took 0.113 seconds
[2024-04-12T09:12:29.404+0000] {processor.py:161} INFO - Started process (PID=1240) to work on /home/airflow/.local/lib/python3.8/site-packages/airflow/example_dags/example_latest_only.py
[2024-04-12T09:12:29.405+0000] {processor.py:830} INFO - Processing file /home/airflow/.local/lib/python3.8/site-packages/airflow/example_dags/example_latest_only.py for tasks to queue
[2024-04-12T09:12:29.406+0000] {logging_mixin.py:188} INFO - [2024-04-12T09:12:29.406+0000] {dagbag.py:540} INFO - Filling up the DagBag from /home/airflow/.local/lib/python3.8/site-packages/airflow/example_dags/example_latest_only.py
[2024-04-12T09:12:29.417+0000] {processor.py:840} INFO - DAG(s) 'latest_only' retrieved from /home/airflow/.local/lib/python3.8/site-packages/airflow/example_dags/example_latest_only.py
[2024-04-12T09:12:29.440+0000] {logging_mixin.py:188} INFO - [2024-04-12T09:12:29.440+0000] {dag.py:3047} INFO - Sync 1 DAGs
[2024-04-12T09:12:29.473+0000] {logging_mixin.py:188} INFO - [2024-04-12T09:12:29.472+0000] {dag.py:3834} INFO - Setting next_dagrun for latest_only to 2024-04-12 04:00:00+00:00, run_after=2024-04-12 08:00:00+00:00
[2024-04-12T09:12:29.504+0000] {processor.py:183} INFO - Processing /home/airflow/.local/lib/python3.8/site-packages/airflow/example_dags/example_latest_only.py took 0.104 seconds
[2024-04-12T09:13:00.137+0000] {processor.py:161} INFO - Started process (PID=1296) to work on /home/airflow/.local/lib/python3.8/site-packages/airflow/example_dags/example_latest_only.py
[2024-04-12T09:13:00.138+0000] {processor.py:830} INFO - Processing file /home/airflow/.local/lib/python3.8/site-packages/airflow/example_dags/example_latest_only.py for tasks to queue
[2024-04-12T09:13:00.140+0000] {logging_mixin.py:188} INFO - [2024-04-12T09:13:00.139+0000] {dagbag.py:540} INFO - Filling up the DagBag from /home/airflow/.local/lib/python3.8/site-packages/airflow/example_dags/example_latest_only.py
[2024-04-12T09:13:00.146+0000] {processor.py:840} INFO - DAG(s) 'latest_only' retrieved from /home/airflow/.local/lib/python3.8/site-packages/airflow/example_dags/example_latest_only.py
[2024-04-12T09:13:00.169+0000] {logging_mixin.py:188} INFO - [2024-04-12T09:13:00.169+0000] {dag.py:3047} INFO - Sync 1 DAGs
[2024-04-12T09:13:00.197+0000] {logging_mixin.py:188} INFO - [2024-04-12T09:13:00.197+0000] {dag.py:3834} INFO - Setting next_dagrun for latest_only to 2024-04-12 04:00:00+00:00, run_after=2024-04-12 08:00:00+00:00
[2024-04-12T09:13:00.229+0000] {processor.py:183} INFO - Processing /home/airflow/.local/lib/python3.8/site-packages/airflow/example_dags/example_latest_only.py took 0.096 seconds
[2024-04-12T09:13:30.923+0000] {processor.py:161} INFO - Started process (PID=1353) to work on /home/airflow/.local/lib/python3.8/site-packages/airflow/example_dags/example_latest_only.py
[2024-04-12T09:13:30.924+0000] {processor.py:830} INFO - Processing file /home/airflow/.local/lib/python3.8/site-packages/airflow/example_dags/example_latest_only.py for tasks to queue
[2024-04-12T09:13:30.925+0000] {logging_mixin.py:188} INFO - [2024-04-12T09:13:30.925+0000] {dagbag.py:540} INFO - Filling up the DagBag from /home/airflow/.local/lib/python3.8/site-packages/airflow/example_dags/example_latest_only.py
[2024-04-12T09:13:30.934+0000] {processor.py:840} INFO - DAG(s) 'latest_only' retrieved from /home/airflow/.local/lib/python3.8/site-packages/airflow/example_dags/example_latest_only.py
[2024-04-12T09:13:30.960+0000] {logging_mixin.py:188} INFO - [2024-04-12T09:13:30.959+0000] {dag.py:3047} INFO - Sync 1 DAGs
[2024-04-12T09:13:30.988+0000] {logging_mixin.py:188} INFO - [2024-04-12T09:13:30.988+0000] {dag.py:3834} INFO - Setting next_dagrun for latest_only to 2024-04-12 04:00:00+00:00, run_after=2024-04-12 08:00:00+00:00
[2024-04-12T09:13:31.018+0000] {processor.py:183} INFO - Processing /home/airflow/.local/lib/python3.8/site-packages/airflow/example_dags/example_latest_only.py took 0.098 seconds
[2024-04-12T09:14:01.778+0000] {processor.py:161} INFO - Started process (PID=1412) to work on /home/airflow/.local/lib/python3.8/site-packages/airflow/example_dags/example_latest_only.py
[2024-04-12T09:14:01.780+0000] {processor.py:830} INFO - Processing file /home/airflow/.local/lib/python3.8/site-packages/airflow/example_dags/example_latest_only.py for tasks to queue
[2024-04-12T09:14:01.781+0000] {logging_mixin.py:188} INFO - [2024-04-12T09:14:01.781+0000] {dagbag.py:540} INFO - Filling up the DagBag from /home/airflow/.local/lib/python3.8/site-packages/airflow/example_dags/example_latest_only.py
[2024-04-12T09:14:01.787+0000] {processor.py:840} INFO - DAG(s) 'latest_only' retrieved from /home/airflow/.local/lib/python3.8/site-packages/airflow/example_dags/example_latest_only.py
[2024-04-12T09:14:01.816+0000] {logging_mixin.py:188} INFO - [2024-04-12T09:14:01.816+0000] {dag.py:3047} INFO - Sync 1 DAGs
[2024-04-12T09:14:01.843+0000] {logging_mixin.py:188} INFO - [2024-04-12T09:14:01.843+0000] {dag.py:3834} INFO - Setting next_dagrun for latest_only to 2024-04-12 04:00:00+00:00, run_after=2024-04-12 08:00:00+00:00
[2024-04-12T09:14:01.876+0000] {processor.py:183} INFO - Processing /home/airflow/.local/lib/python3.8/site-packages/airflow/example_dags/example_latest_only.py took 0.100 seconds
[2024-04-12T09:14:32.522+0000] {processor.py:161} INFO - Started process (PID=1468) to work on /home/airflow/.local/lib/python3.8/site-packages/airflow/example_dags/example_latest_only.py
[2024-04-12T09:14:32.523+0000] {processor.py:830} INFO - Processing file /home/airflow/.local/lib/python3.8/site-packages/airflow/example_dags/example_latest_only.py for tasks to queue
[2024-04-12T09:14:32.524+0000] {logging_mixin.py:188} INFO - [2024-04-12T09:14:32.524+0000] {dagbag.py:540} INFO - Filling up the DagBag from /home/airflow/.local/lib/python3.8/site-packages/airflow/example_dags/example_latest_only.py
[2024-04-12T09:14:32.531+0000] {processor.py:840} INFO - DAG(s) 'latest_only' retrieved from /home/airflow/.local/lib/python3.8/site-packages/airflow/example_dags/example_latest_only.py
[2024-04-12T09:14:32.558+0000] {logging_mixin.py:188} INFO - [2024-04-12T09:14:32.557+0000] {dag.py:3047} INFO - Sync 1 DAGs
[2024-04-12T09:14:32.587+0000] {logging_mixin.py:188} INFO - [2024-04-12T09:14:32.586+0000] {dag.py:3834} INFO - Setting next_dagrun for latest_only to 2024-04-12 04:00:00+00:00, run_after=2024-04-12 08:00:00+00:00
[2024-04-12T09:14:32.640+0000] {processor.py:183} INFO - Processing /home/airflow/.local/lib/python3.8/site-packages/airflow/example_dags/example_latest_only.py took 0.122 seconds
[2024-04-12T09:15:02.753+0000] {processor.py:161} INFO - Started process (PID=1525) to work on /home/airflow/.local/lib/python3.8/site-packages/airflow/example_dags/example_latest_only.py
[2024-04-12T09:15:02.754+0000] {processor.py:830} INFO - Processing file /home/airflow/.local/lib/python3.8/site-packages/airflow/example_dags/example_latest_only.py for tasks to queue
[2024-04-12T09:15:02.755+0000] {logging_mixin.py:188} INFO - [2024-04-12T09:15:02.754+0000] {dagbag.py:540} INFO - Filling up the DagBag from /home/airflow/.local/lib/python3.8/site-packages/airflow/example_dags/example_latest_only.py
[2024-04-12T09:15:02.761+0000] {processor.py:840} INFO - DAG(s) 'latest_only' retrieved from /home/airflow/.local/lib/python3.8/site-packages/airflow/example_dags/example_latest_only.py
[2024-04-12T09:15:02.785+0000] {logging_mixin.py:188} INFO - [2024-04-12T09:15:02.785+0000] {dag.py:3047} INFO - Sync 1 DAGs
[2024-04-12T09:15:02.810+0000] {logging_mixin.py:188} INFO - [2024-04-12T09:15:02.810+0000] {dag.py:3834} INFO - Setting next_dagrun for latest_only to 2024-04-12 04:00:00+00:00, run_after=2024-04-12 08:00:00+00:00
[2024-04-12T09:15:02.840+0000] {processor.py:183} INFO - Processing /home/airflow/.local/lib/python3.8/site-packages/airflow/example_dags/example_latest_only.py took 0.091 seconds
[2024-04-12T09:15:33.504+0000] {processor.py:161} INFO - Started process (PID=1583) to work on /home/airflow/.local/lib/python3.8/site-packages/airflow/example_dags/example_latest_only.py
[2024-04-12T09:15:33.513+0000] {processor.py:830} INFO - Processing file /home/airflow/.local/lib/python3.8/site-packages/airflow/example_dags/example_latest_only.py for tasks to queue
[2024-04-12T09:15:33.527+0000] {logging_mixin.py:188} INFO - [2024-04-12T09:15:33.522+0000] {dagbag.py:540} INFO - Filling up the DagBag from /home/airflow/.local/lib/python3.8/site-packages/airflow/example_dags/example_latest_only.py
[2024-04-12T09:15:33.548+0000] {processor.py:840} INFO - DAG(s) 'latest_only' retrieved from /home/airflow/.local/lib/python3.8/site-packages/airflow/example_dags/example_latest_only.py
[2024-04-12T09:15:33.597+0000] {logging_mixin.py:188} INFO - [2024-04-12T09:15:33.596+0000] {dag.py:3047} INFO - Sync 1 DAGs
[2024-04-12T09:15:33.641+0000] {logging_mixin.py:188} INFO - [2024-04-12T09:15:33.641+0000] {dag.py:3834} INFO - Setting next_dagrun for latest_only to 2024-04-12 04:00:00+00:00, run_after=2024-04-12 08:00:00+00:00
[2024-04-12T09:15:33.697+0000] {processor.py:183} INFO - Processing /home/airflow/.local/lib/python3.8/site-packages/airflow/example_dags/example_latest_only.py took 0.209 seconds
[2024-04-12T09:16:04.231+0000] {processor.py:161} INFO - Started process (PID=1641) to work on /home/airflow/.local/lib/python3.8/site-packages/airflow/example_dags/example_latest_only.py
[2024-04-12T09:16:04.233+0000] {processor.py:830} INFO - Processing file /home/airflow/.local/lib/python3.8/site-packages/airflow/example_dags/example_latest_only.py for tasks to queue
[2024-04-12T09:16:04.234+0000] {logging_mixin.py:188} INFO - [2024-04-12T09:16:04.234+0000] {dagbag.py:540} INFO - Filling up the DagBag from /home/airflow/.local/lib/python3.8/site-packages/airflow/example_dags/example_latest_only.py
[2024-04-12T09:16:04.241+0000] {processor.py:840} INFO - DAG(s) 'latest_only' retrieved from /home/airflow/.local/lib/python3.8/site-packages/airflow/example_dags/example_latest_only.py
[2024-04-12T09:16:04.270+0000] {logging_mixin.py:188} INFO - [2024-04-12T09:16:04.269+0000] {dag.py:3047} INFO - Sync 1 DAGs
[2024-04-12T09:16:04.301+0000] {logging_mixin.py:188} INFO - [2024-04-12T09:16:04.300+0000] {dag.py:3834} INFO - Setting next_dagrun for latest_only to 2024-04-12 04:00:00+00:00, run_after=2024-04-12 08:00:00+00:00
[2024-04-12T09:16:04.332+0000] {processor.py:183} INFO - Processing /home/airflow/.local/lib/python3.8/site-packages/airflow/example_dags/example_latest_only.py took 0.106 seconds
