[2024-04-12T09:01:17.817+0000] {processor.py:161} INFO - Started process (PID=49) to work on /home/airflow/.local/lib/python3.8/site-packages/airflow/example_dags/example_trigger_controller_dag.py
[2024-04-12T09:01:17.829+0000] {processor.py:830} INFO - Processing file /home/airflow/.local/lib/python3.8/site-packages/airflow/example_dags/example_trigger_controller_dag.py for tasks to queue
[2024-04-12T09:01:17.844+0000] {logging_mixin.py:188} INFO - [2024-04-12T09:01:17.842+0000] {dagbag.py:540} INFO - Filling up the DagBag from /home/airflow/.local/lib/python3.8/site-packages/airflow/example_dags/example_trigger_controller_dag.py
[2024-04-12T09:01:17.900+0000] {processor.py:840} INFO - DAG(s) 'example_trigger_controller_dag' retrieved from /home/airflow/.local/lib/python3.8/site-packages/airflow/example_dags/example_trigger_controller_dag.py
[2024-04-12T09:01:18.947+0000] {logging_mixin.py:188} INFO - [2024-04-12T09:01:18.943+0000] {override.py:1769} INFO - Created Permission View: can read on DAG:example_trigger_controller_dag
[2024-04-12T09:01:18.994+0000] {logging_mixin.py:188} INFO - [2024-04-12T09:01:18.993+0000] {override.py:1769} INFO - Created Permission View: can edit on DAG:example_trigger_controller_dag
[2024-04-12T09:01:19.021+0000] {logging_mixin.py:188} INFO - [2024-04-12T09:01:19.020+0000] {override.py:1769} INFO - Created Permission View: can delete on DAG:example_trigger_controller_dag
[2024-04-12T09:01:19.023+0000] {logging_mixin.py:188} INFO - [2024-04-12T09:01:19.022+0000] {dag.py:3047} INFO - Sync 1 DAGs
[2024-04-12T09:01:19.075+0000] {logging_mixin.py:188} INFO - [2024-04-12T09:01:19.074+0000] {dag.py:3069} INFO - Creating ORM DAG for example_trigger_controller_dag
[2024-04-12T09:01:19.144+0000] {logging_mixin.py:188} INFO - [2024-04-12T09:01:19.143+0000] {dag.py:3834} INFO - Setting next_dagrun for example_trigger_controller_dag to 2021-01-01 00:00:00+00:00, run_after=2021-01-01 00:00:00+00:00
[2024-04-12T09:01:19.220+0000] {processor.py:183} INFO - Processing /home/airflow/.local/lib/python3.8/site-packages/airflow/example_dags/example_trigger_controller_dag.py took 1.495 seconds
[2024-04-12T09:01:49.873+0000] {processor.py:161} INFO - Started process (PID=106) to work on /home/airflow/.local/lib/python3.8/site-packages/airflow/example_dags/example_trigger_controller_dag.py
[2024-04-12T09:01:49.876+0000] {processor.py:830} INFO - Processing file /home/airflow/.local/lib/python3.8/site-packages/airflow/example_dags/example_trigger_controller_dag.py for tasks to queue
[2024-04-12T09:01:49.883+0000] {logging_mixin.py:188} INFO - [2024-04-12T09:01:49.882+0000] {dagbag.py:540} INFO - Filling up the DagBag from /home/airflow/.local/lib/python3.8/site-packages/airflow/example_dags/example_trigger_controller_dag.py
[2024-04-12T09:01:49.909+0000] {processor.py:840} INFO - DAG(s) 'example_trigger_controller_dag' retrieved from /home/airflow/.local/lib/python3.8/site-packages/airflow/example_dags/example_trigger_controller_dag.py
[2024-04-12T09:01:49.972+0000] {logging_mixin.py:188} INFO - [2024-04-12T09:01:49.972+0000] {dag.py:3047} INFO - Sync 1 DAGs
[2024-04-12T09:01:50.027+0000] {logging_mixin.py:188} INFO - [2024-04-12T09:01:50.027+0000] {dag.py:3834} INFO - Setting next_dagrun for example_trigger_controller_dag to 2021-01-01 00:00:00+00:00, run_after=2021-01-01 00:00:00+00:00
[2024-04-12T09:01:50.062+0000] {processor.py:183} INFO - Processing /home/airflow/.local/lib/python3.8/site-packages/airflow/example_dags/example_trigger_controller_dag.py took 0.200 seconds
[2024-04-12T09:02:20.203+0000] {processor.py:161} INFO - Started process (PID=164) to work on /home/airflow/.local/lib/python3.8/site-packages/airflow/example_dags/example_trigger_controller_dag.py
[2024-04-12T09:02:20.212+0000] {processor.py:830} INFO - Processing file /home/airflow/.local/lib/python3.8/site-packages/airflow/example_dags/example_trigger_controller_dag.py for tasks to queue
[2024-04-12T09:02:20.234+0000] {logging_mixin.py:188} INFO - [2024-04-12T09:02:20.232+0000] {dagbag.py:540} INFO - Filling up the DagBag from /home/airflow/.local/lib/python3.8/site-packages/airflow/example_dags/example_trigger_controller_dag.py
[2024-04-12T09:02:20.280+0000] {processor.py:840} INFO - DAG(s) 'example_trigger_controller_dag' retrieved from /home/airflow/.local/lib/python3.8/site-packages/airflow/example_dags/example_trigger_controller_dag.py
[2024-04-12T09:02:20.355+0000] {logging_mixin.py:188} INFO - [2024-04-12T09:02:20.355+0000] {dag.py:3047} INFO - Sync 1 DAGs
[2024-04-12T09:02:20.395+0000] {logging_mixin.py:188} INFO - [2024-04-12T09:02:20.395+0000] {dag.py:3834} INFO - Setting next_dagrun for example_trigger_controller_dag to 2021-01-01 00:00:00+00:00, run_after=2021-01-01 00:00:00+00:00
[2024-04-12T09:02:20.446+0000] {processor.py:183} INFO - Processing /home/airflow/.local/lib/python3.8/site-packages/airflow/example_dags/example_trigger_controller_dag.py took 0.278 seconds
[2024-04-12T09:02:50.635+0000] {processor.py:161} INFO - Started process (PID=223) to work on /home/airflow/.local/lib/python3.8/site-packages/airflow/example_dags/example_trigger_controller_dag.py
[2024-04-12T09:02:50.637+0000] {processor.py:830} INFO - Processing file /home/airflow/.local/lib/python3.8/site-packages/airflow/example_dags/example_trigger_controller_dag.py for tasks to queue
[2024-04-12T09:02:50.639+0000] {logging_mixin.py:188} INFO - [2024-04-12T09:02:50.639+0000] {dagbag.py:540} INFO - Filling up the DagBag from /home/airflow/.local/lib/python3.8/site-packages/airflow/example_dags/example_trigger_controller_dag.py
[2024-04-12T09:02:50.644+0000] {processor.py:840} INFO - DAG(s) 'example_trigger_controller_dag' retrieved from /home/airflow/.local/lib/python3.8/site-packages/airflow/example_dags/example_trigger_controller_dag.py
[2024-04-12T09:02:50.673+0000] {logging_mixin.py:188} INFO - [2024-04-12T09:02:50.673+0000] {dag.py:3047} INFO - Sync 1 DAGs
[2024-04-12T09:02:50.703+0000] {logging_mixin.py:188} INFO - [2024-04-12T09:02:50.703+0000] {dag.py:3834} INFO - Setting next_dagrun for example_trigger_controller_dag to 2021-01-01 00:00:00+00:00, run_after=2021-01-01 00:00:00+00:00
[2024-04-12T09:02:50.743+0000] {processor.py:183} INFO - Processing /home/airflow/.local/lib/python3.8/site-packages/airflow/example_dags/example_trigger_controller_dag.py took 0.111 seconds
[2024-04-12T09:03:21.161+0000] {processor.py:161} INFO - Started process (PID=280) to work on /home/airflow/.local/lib/python3.8/site-packages/airflow/example_dags/example_trigger_controller_dag.py
[2024-04-12T09:03:21.163+0000] {processor.py:830} INFO - Processing file /home/airflow/.local/lib/python3.8/site-packages/airflow/example_dags/example_trigger_controller_dag.py for tasks to queue
[2024-04-12T09:03:21.166+0000] {logging_mixin.py:188} INFO - [2024-04-12T09:03:21.165+0000] {dagbag.py:540} INFO - Filling up the DagBag from /home/airflow/.local/lib/python3.8/site-packages/airflow/example_dags/example_trigger_controller_dag.py
[2024-04-12T09:03:21.170+0000] {processor.py:840} INFO - DAG(s) 'example_trigger_controller_dag' retrieved from /home/airflow/.local/lib/python3.8/site-packages/airflow/example_dags/example_trigger_controller_dag.py
[2024-04-12T09:03:21.194+0000] {logging_mixin.py:188} INFO - [2024-04-12T09:03:21.194+0000] {dag.py:3047} INFO - Sync 1 DAGs
[2024-04-12T09:03:21.222+0000] {logging_mixin.py:188} INFO - [2024-04-12T09:03:21.221+0000] {dag.py:3834} INFO - Setting next_dagrun for example_trigger_controller_dag to 2021-01-01 00:00:00+00:00, run_after=2021-01-01 00:00:00+00:00
[2024-04-12T09:03:21.253+0000] {processor.py:183} INFO - Processing /home/airflow/.local/lib/python3.8/site-packages/airflow/example_dags/example_trigger_controller_dag.py took 0.097 seconds
[2024-04-12T09:03:51.361+0000] {processor.py:161} INFO - Started process (PID=338) to work on /home/airflow/.local/lib/python3.8/site-packages/airflow/example_dags/example_trigger_controller_dag.py
[2024-04-12T09:03:51.363+0000] {processor.py:830} INFO - Processing file /home/airflow/.local/lib/python3.8/site-packages/airflow/example_dags/example_trigger_controller_dag.py for tasks to queue
[2024-04-12T09:03:51.367+0000] {logging_mixin.py:188} INFO - [2024-04-12T09:03:51.366+0000] {dagbag.py:540} INFO - Filling up the DagBag from /home/airflow/.local/lib/python3.8/site-packages/airflow/example_dags/example_trigger_controller_dag.py
[2024-04-12T09:03:51.373+0000] {processor.py:840} INFO - DAG(s) 'example_trigger_controller_dag' retrieved from /home/airflow/.local/lib/python3.8/site-packages/airflow/example_dags/example_trigger_controller_dag.py
[2024-04-12T09:03:51.408+0000] {logging_mixin.py:188} INFO - [2024-04-12T09:03:51.407+0000] {dag.py:3047} INFO - Sync 1 DAGs
[2024-04-12T09:03:51.444+0000] {logging_mixin.py:188} INFO - [2024-04-12T09:03:51.444+0000] {dag.py:3834} INFO - Setting next_dagrun for example_trigger_controller_dag to 2021-01-01 00:00:00+00:00, run_after=2021-01-01 00:00:00+00:00
[2024-04-12T09:03:51.483+0000] {processor.py:183} INFO - Processing /home/airflow/.local/lib/python3.8/site-packages/airflow/example_dags/example_trigger_controller_dag.py took 0.127 seconds
[2024-04-12T09:04:21.593+0000] {processor.py:161} INFO - Started process (PID=395) to work on /home/airflow/.local/lib/python3.8/site-packages/airflow/example_dags/example_trigger_controller_dag.py
[2024-04-12T09:04:21.594+0000] {processor.py:830} INFO - Processing file /home/airflow/.local/lib/python3.8/site-packages/airflow/example_dags/example_trigger_controller_dag.py for tasks to queue
[2024-04-12T09:04:21.597+0000] {logging_mixin.py:188} INFO - [2024-04-12T09:04:21.597+0000] {dagbag.py:540} INFO - Filling up the DagBag from /home/airflow/.local/lib/python3.8/site-packages/airflow/example_dags/example_trigger_controller_dag.py
[2024-04-12T09:04:21.604+0000] {processor.py:840} INFO - DAG(s) 'example_trigger_controller_dag' retrieved from /home/airflow/.local/lib/python3.8/site-packages/airflow/example_dags/example_trigger_controller_dag.py
[2024-04-12T09:04:21.638+0000] {logging_mixin.py:188} INFO - [2024-04-12T09:04:21.638+0000] {dag.py:3047} INFO - Sync 1 DAGs
[2024-04-12T09:04:21.684+0000] {logging_mixin.py:188} INFO - [2024-04-12T09:04:21.683+0000] {dag.py:3834} INFO - Setting next_dagrun for example_trigger_controller_dag to 2021-01-01 00:00:00+00:00, run_after=2021-01-01 00:00:00+00:00
[2024-04-12T09:04:21.736+0000] {processor.py:183} INFO - Processing /home/airflow/.local/lib/python3.8/site-packages/airflow/example_dags/example_trigger_controller_dag.py took 0.150 seconds
[2024-04-12T09:05:12.194+0000] {processor.py:161} INFO - Started process (PID=407) to work on /home/airflow/.local/lib/python3.8/site-packages/airflow/example_dags/example_trigger_controller_dag.py
[2024-04-12T09:05:12.201+0000] {processor.py:830} INFO - Processing file /home/airflow/.local/lib/python3.8/site-packages/airflow/example_dags/example_trigger_controller_dag.py for tasks to queue
[2024-04-12T09:05:12.213+0000] {logging_mixin.py:188} INFO - [2024-04-12T09:05:12.212+0000] {dagbag.py:540} INFO - Filling up the DagBag from /home/airflow/.local/lib/python3.8/site-packages/airflow/example_dags/example_trigger_controller_dag.py
[2024-04-12T09:05:12.250+0000] {processor.py:840} INFO - DAG(s) 'example_trigger_controller_dag' retrieved from /home/airflow/.local/lib/python3.8/site-packages/airflow/example_dags/example_trigger_controller_dag.py
[2024-04-12T09:05:12.380+0000] {logging_mixin.py:188} INFO - [2024-04-12T09:05:12.379+0000] {dag.py:3047} INFO - Sync 1 DAGs
[2024-04-12T09:05:12.511+0000] {logging_mixin.py:188} INFO - [2024-04-12T09:05:12.510+0000] {dag.py:3834} INFO - Setting next_dagrun for example_trigger_controller_dag to 2021-01-01 00:00:00+00:00, run_after=2021-01-01 00:00:00+00:00
[2024-04-12T09:05:12.630+0000] {processor.py:183} INFO - Processing /home/airflow/.local/lib/python3.8/site-packages/airflow/example_dags/example_trigger_controller_dag.py took 0.473 seconds
[2024-04-12T09:05:42.927+0000] {processor.py:161} INFO - Started process (PID=471) to work on /home/airflow/.local/lib/python3.8/site-packages/airflow/example_dags/example_trigger_controller_dag.py
[2024-04-12T09:05:42.930+0000] {processor.py:830} INFO - Processing file /home/airflow/.local/lib/python3.8/site-packages/airflow/example_dags/example_trigger_controller_dag.py for tasks to queue
[2024-04-12T09:05:42.934+0000] {logging_mixin.py:188} INFO - [2024-04-12T09:05:42.934+0000] {dagbag.py:540} INFO - Filling up the DagBag from /home/airflow/.local/lib/python3.8/site-packages/airflow/example_dags/example_trigger_controller_dag.py
[2024-04-12T09:05:42.946+0000] {processor.py:840} INFO - DAG(s) 'example_trigger_controller_dag' retrieved from /home/airflow/.local/lib/python3.8/site-packages/airflow/example_dags/example_trigger_controller_dag.py
[2024-04-12T09:05:42.987+0000] {logging_mixin.py:188} INFO - [2024-04-12T09:05:42.986+0000] {dag.py:3047} INFO - Sync 1 DAGs
[2024-04-12T09:05:43.033+0000] {logging_mixin.py:188} INFO - [2024-04-12T09:05:43.033+0000] {dag.py:3834} INFO - Setting next_dagrun for example_trigger_controller_dag to 2021-01-01 00:00:00+00:00, run_after=2021-01-01 00:00:00+00:00
[2024-04-12T09:05:43.081+0000] {processor.py:183} INFO - Processing /home/airflow/.local/lib/python3.8/site-packages/airflow/example_dags/example_trigger_controller_dag.py took 0.162 seconds
[2024-04-12T09:06:13.483+0000] {processor.py:161} INFO - Started process (PID=530) to work on /home/airflow/.local/lib/python3.8/site-packages/airflow/example_dags/example_trigger_controller_dag.py
[2024-04-12T09:06:13.484+0000] {processor.py:830} INFO - Processing file /home/airflow/.local/lib/python3.8/site-packages/airflow/example_dags/example_trigger_controller_dag.py for tasks to queue
[2024-04-12T09:06:13.485+0000] {logging_mixin.py:188} INFO - [2024-04-12T09:06:13.485+0000] {dagbag.py:540} INFO - Filling up the DagBag from /home/airflow/.local/lib/python3.8/site-packages/airflow/example_dags/example_trigger_controller_dag.py
[2024-04-12T09:06:13.490+0000] {processor.py:840} INFO - DAG(s) 'example_trigger_controller_dag' retrieved from /home/airflow/.local/lib/python3.8/site-packages/airflow/example_dags/example_trigger_controller_dag.py
[2024-04-12T09:06:13.511+0000] {logging_mixin.py:188} INFO - [2024-04-12T09:06:13.511+0000] {dag.py:3047} INFO - Sync 1 DAGs
[2024-04-12T09:06:13.535+0000] {logging_mixin.py:188} INFO - [2024-04-12T09:06:13.535+0000] {dag.py:3834} INFO - Setting next_dagrun for example_trigger_controller_dag to 2021-01-01 00:00:00+00:00, run_after=2021-01-01 00:00:00+00:00
[2024-04-12T09:06:13.579+0000] {processor.py:183} INFO - Processing /home/airflow/.local/lib/python3.8/site-packages/airflow/example_dags/example_trigger_controller_dag.py took 0.099 seconds
[2024-04-12T09:06:43.882+0000] {processor.py:161} INFO - Started process (PID=585) to work on /home/airflow/.local/lib/python3.8/site-packages/airflow/example_dags/example_trigger_controller_dag.py
[2024-04-12T09:06:43.883+0000] {processor.py:830} INFO - Processing file /home/airflow/.local/lib/python3.8/site-packages/airflow/example_dags/example_trigger_controller_dag.py for tasks to queue
[2024-04-12T09:06:43.885+0000] {logging_mixin.py:188} INFO - [2024-04-12T09:06:43.884+0000] {dagbag.py:540} INFO - Filling up the DagBag from /home/airflow/.local/lib/python3.8/site-packages/airflow/example_dags/example_trigger_controller_dag.py
[2024-04-12T09:06:43.890+0000] {processor.py:840} INFO - DAG(s) 'example_trigger_controller_dag' retrieved from /home/airflow/.local/lib/python3.8/site-packages/airflow/example_dags/example_trigger_controller_dag.py
[2024-04-12T09:06:43.911+0000] {logging_mixin.py:188} INFO - [2024-04-12T09:06:43.911+0000] {dag.py:3047} INFO - Sync 1 DAGs
[2024-04-12T09:06:43.937+0000] {logging_mixin.py:188} INFO - [2024-04-12T09:06:43.937+0000] {dag.py:3834} INFO - Setting next_dagrun for example_trigger_controller_dag to 2021-01-01 00:00:00+00:00, run_after=2021-01-01 00:00:00+00:00
[2024-04-12T09:06:43.972+0000] {processor.py:183} INFO - Processing /home/airflow/.local/lib/python3.8/site-packages/airflow/example_dags/example_trigger_controller_dag.py took 0.093 seconds
[2024-04-12T09:07:14.115+0000] {processor.py:161} INFO - Started process (PID=642) to work on /home/airflow/.local/lib/python3.8/site-packages/airflow/example_dags/example_trigger_controller_dag.py
[2024-04-12T09:07:14.117+0000] {processor.py:830} INFO - Processing file /home/airflow/.local/lib/python3.8/site-packages/airflow/example_dags/example_trigger_controller_dag.py for tasks to queue
[2024-04-12T09:07:14.119+0000] {logging_mixin.py:188} INFO - [2024-04-12T09:07:14.118+0000] {dagbag.py:540} INFO - Filling up the DagBag from /home/airflow/.local/lib/python3.8/site-packages/airflow/example_dags/example_trigger_controller_dag.py
[2024-04-12T09:07:14.124+0000] {processor.py:840} INFO - DAG(s) 'example_trigger_controller_dag' retrieved from /home/airflow/.local/lib/python3.8/site-packages/airflow/example_dags/example_trigger_controller_dag.py
[2024-04-12T09:07:14.149+0000] {logging_mixin.py:188} INFO - [2024-04-12T09:07:14.149+0000] {dag.py:3047} INFO - Sync 1 DAGs
[2024-04-12T09:07:14.174+0000] {logging_mixin.py:188} INFO - [2024-04-12T09:07:14.174+0000] {dag.py:3834} INFO - Setting next_dagrun for example_trigger_controller_dag to 2021-01-01 00:00:00+00:00, run_after=2021-01-01 00:00:00+00:00
[2024-04-12T09:07:14.200+0000] {processor.py:183} INFO - Processing /home/airflow/.local/lib/python3.8/site-packages/airflow/example_dags/example_trigger_controller_dag.py took 0.089 seconds
[2024-04-12T09:07:44.564+0000] {processor.py:161} INFO - Started process (PID=701) to work on /home/airflow/.local/lib/python3.8/site-packages/airflow/example_dags/example_trigger_controller_dag.py
[2024-04-12T09:07:44.566+0000] {processor.py:830} INFO - Processing file /home/airflow/.local/lib/python3.8/site-packages/airflow/example_dags/example_trigger_controller_dag.py for tasks to queue
[2024-04-12T09:07:44.569+0000] {logging_mixin.py:188} INFO - [2024-04-12T09:07:44.568+0000] {dagbag.py:540} INFO - Filling up the DagBag from /home/airflow/.local/lib/python3.8/site-packages/airflow/example_dags/example_trigger_controller_dag.py
[2024-04-12T09:07:44.574+0000] {processor.py:840} INFO - DAG(s) 'example_trigger_controller_dag' retrieved from /home/airflow/.local/lib/python3.8/site-packages/airflow/example_dags/example_trigger_controller_dag.py
[2024-04-12T09:07:44.599+0000] {logging_mixin.py:188} INFO - [2024-04-12T09:07:44.599+0000] {dag.py:3047} INFO - Sync 1 DAGs
[2024-04-12T09:07:44.622+0000] {logging_mixin.py:188} INFO - [2024-04-12T09:07:44.622+0000] {dag.py:3834} INFO - Setting next_dagrun for example_trigger_controller_dag to 2021-01-01 00:00:00+00:00, run_after=2021-01-01 00:00:00+00:00
[2024-04-12T09:07:44.651+0000] {processor.py:183} INFO - Processing /home/airflow/.local/lib/python3.8/site-packages/airflow/example_dags/example_trigger_controller_dag.py took 0.091 seconds
[2024-04-12T09:08:14.894+0000] {processor.py:161} INFO - Started process (PID=759) to work on /home/airflow/.local/lib/python3.8/site-packages/airflow/example_dags/example_trigger_controller_dag.py
[2024-04-12T09:08:14.896+0000] {processor.py:830} INFO - Processing file /home/airflow/.local/lib/python3.8/site-packages/airflow/example_dags/example_trigger_controller_dag.py for tasks to queue
[2024-04-12T09:08:14.897+0000] {logging_mixin.py:188} INFO - [2024-04-12T09:08:14.897+0000] {dagbag.py:540} INFO - Filling up the DagBag from /home/airflow/.local/lib/python3.8/site-packages/airflow/example_dags/example_trigger_controller_dag.py
[2024-04-12T09:08:14.902+0000] {processor.py:840} INFO - DAG(s) 'example_trigger_controller_dag' retrieved from /home/airflow/.local/lib/python3.8/site-packages/airflow/example_dags/example_trigger_controller_dag.py
[2024-04-12T09:08:14.932+0000] {logging_mixin.py:188} INFO - [2024-04-12T09:08:14.932+0000] {dag.py:3047} INFO - Sync 1 DAGs
[2024-04-12T09:08:14.960+0000] {logging_mixin.py:188} INFO - [2024-04-12T09:08:14.960+0000] {dag.py:3834} INFO - Setting next_dagrun for example_trigger_controller_dag to 2021-01-01 00:00:00+00:00, run_after=2021-01-01 00:00:00+00:00
[2024-04-12T09:08:14.995+0000] {processor.py:183} INFO - Processing /home/airflow/.local/lib/python3.8/site-packages/airflow/example_dags/example_trigger_controller_dag.py took 0.104 seconds
[2024-04-12T09:08:45.194+0000] {processor.py:161} INFO - Started process (PID=817) to work on /home/airflow/.local/lib/python3.8/site-packages/airflow/example_dags/example_trigger_controller_dag.py
[2024-04-12T09:08:45.196+0000] {processor.py:830} INFO - Processing file /home/airflow/.local/lib/python3.8/site-packages/airflow/example_dags/example_trigger_controller_dag.py for tasks to queue
[2024-04-12T09:08:45.198+0000] {logging_mixin.py:188} INFO - [2024-04-12T09:08:45.198+0000] {dagbag.py:540} INFO - Filling up the DagBag from /home/airflow/.local/lib/python3.8/site-packages/airflow/example_dags/example_trigger_controller_dag.py
[2024-04-12T09:08:45.205+0000] {processor.py:840} INFO - DAG(s) 'example_trigger_controller_dag' retrieved from /home/airflow/.local/lib/python3.8/site-packages/airflow/example_dags/example_trigger_controller_dag.py
[2024-04-12T09:08:45.227+0000] {logging_mixin.py:188} INFO - [2024-04-12T09:08:45.227+0000] {dag.py:3047} INFO - Sync 1 DAGs
[2024-04-12T09:08:45.256+0000] {logging_mixin.py:188} INFO - [2024-04-12T09:08:45.255+0000] {dag.py:3834} INFO - Setting next_dagrun for example_trigger_controller_dag to 2021-01-01 00:00:00+00:00, run_after=2021-01-01 00:00:00+00:00
[2024-04-12T09:08:45.291+0000] {processor.py:183} INFO - Processing /home/airflow/.local/lib/python3.8/site-packages/airflow/example_dags/example_trigger_controller_dag.py took 0.100 seconds
[2024-04-12T09:09:15.875+0000] {processor.py:161} INFO - Started process (PID=875) to work on /home/airflow/.local/lib/python3.8/site-packages/airflow/example_dags/example_trigger_controller_dag.py
[2024-04-12T09:09:15.877+0000] {processor.py:830} INFO - Processing file /home/airflow/.local/lib/python3.8/site-packages/airflow/example_dags/example_trigger_controller_dag.py for tasks to queue
[2024-04-12T09:09:15.878+0000] {logging_mixin.py:188} INFO - [2024-04-12T09:09:15.878+0000] {dagbag.py:540} INFO - Filling up the DagBag from /home/airflow/.local/lib/python3.8/site-packages/airflow/example_dags/example_trigger_controller_dag.py
[2024-04-12T09:09:15.882+0000] {processor.py:840} INFO - DAG(s) 'example_trigger_controller_dag' retrieved from /home/airflow/.local/lib/python3.8/site-packages/airflow/example_dags/example_trigger_controller_dag.py
[2024-04-12T09:09:15.911+0000] {logging_mixin.py:188} INFO - [2024-04-12T09:09:15.910+0000] {dag.py:3047} INFO - Sync 1 DAGs
[2024-04-12T09:09:15.932+0000] {logging_mixin.py:188} INFO - [2024-04-12T09:09:15.932+0000] {dag.py:3834} INFO - Setting next_dagrun for example_trigger_controller_dag to 2021-01-01 00:00:00+00:00, run_after=2021-01-01 00:00:00+00:00
[2024-04-12T09:09:15.958+0000] {processor.py:183} INFO - Processing /home/airflow/.local/lib/python3.8/site-packages/airflow/example_dags/example_trigger_controller_dag.py took 0.086 seconds
[2024-04-12T09:09:47.155+0000] {processor.py:161} INFO - Started process (PID=933) to work on /home/airflow/.local/lib/python3.8/site-packages/airflow/example_dags/example_trigger_controller_dag.py
[2024-04-12T09:09:47.156+0000] {processor.py:830} INFO - Processing file /home/airflow/.local/lib/python3.8/site-packages/airflow/example_dags/example_trigger_controller_dag.py for tasks to queue
[2024-04-12T09:09:47.158+0000] {logging_mixin.py:188} INFO - [2024-04-12T09:09:47.158+0000] {dagbag.py:540} INFO - Filling up the DagBag from /home/airflow/.local/lib/python3.8/site-packages/airflow/example_dags/example_trigger_controller_dag.py
[2024-04-12T09:09:47.164+0000] {processor.py:840} INFO - DAG(s) 'example_trigger_controller_dag' retrieved from /home/airflow/.local/lib/python3.8/site-packages/airflow/example_dags/example_trigger_controller_dag.py
[2024-04-12T09:09:47.195+0000] {logging_mixin.py:188} INFO - [2024-04-12T09:09:47.195+0000] {dag.py:3047} INFO - Sync 1 DAGs
[2024-04-12T09:09:47.225+0000] {logging_mixin.py:188} INFO - [2024-04-12T09:09:47.225+0000] {dag.py:3834} INFO - Setting next_dagrun for example_trigger_controller_dag to 2021-01-01 00:00:00+00:00, run_after=2021-01-01 00:00:00+00:00
[2024-04-12T09:09:47.261+0000] {processor.py:183} INFO - Processing /home/airflow/.local/lib/python3.8/site-packages/airflow/example_dags/example_trigger_controller_dag.py took 0.110 seconds
[2024-04-12T09:10:18.499+0000] {processor.py:161} INFO - Started process (PID=991) to work on /home/airflow/.local/lib/python3.8/site-packages/airflow/example_dags/example_trigger_controller_dag.py
[2024-04-12T09:10:18.512+0000] {processor.py:830} INFO - Processing file /home/airflow/.local/lib/python3.8/site-packages/airflow/example_dags/example_trigger_controller_dag.py for tasks to queue
[2024-04-12T09:10:18.516+0000] {logging_mixin.py:188} INFO - [2024-04-12T09:10:18.515+0000] {dagbag.py:540} INFO - Filling up the DagBag from /home/airflow/.local/lib/python3.8/site-packages/airflow/example_dags/example_trigger_controller_dag.py
[2024-04-12T09:10:18.547+0000] {processor.py:840} INFO - DAG(s) 'example_trigger_controller_dag' retrieved from /home/airflow/.local/lib/python3.8/site-packages/airflow/example_dags/example_trigger_controller_dag.py
[2024-04-12T09:10:18.650+0000] {logging_mixin.py:188} INFO - [2024-04-12T09:10:18.647+0000] {dag.py:3047} INFO - Sync 1 DAGs
[2024-04-12T09:10:18.780+0000] {logging_mixin.py:188} INFO - [2024-04-12T09:10:18.779+0000] {dag.py:3834} INFO - Setting next_dagrun for example_trigger_controller_dag to 2021-01-01 00:00:00+00:00, run_after=2021-01-01 00:00:00+00:00
[2024-04-12T09:10:18.898+0000] {processor.py:183} INFO - Processing /home/airflow/.local/lib/python3.8/site-packages/airflow/example_dags/example_trigger_controller_dag.py took 0.412 seconds
[2024-04-12T09:10:50.517+0000] {processor.py:161} INFO - Started process (PID=1049) to work on /home/airflow/.local/lib/python3.8/site-packages/airflow/example_dags/example_trigger_controller_dag.py
[2024-04-12T09:10:50.519+0000] {processor.py:830} INFO - Processing file /home/airflow/.local/lib/python3.8/site-packages/airflow/example_dags/example_trigger_controller_dag.py for tasks to queue
[2024-04-12T09:10:50.520+0000] {logging_mixin.py:188} INFO - [2024-04-12T09:10:50.520+0000] {dagbag.py:540} INFO - Filling up the DagBag from /home/airflow/.local/lib/python3.8/site-packages/airflow/example_dags/example_trigger_controller_dag.py
[2024-04-12T09:10:50.528+0000] {processor.py:840} INFO - DAG(s) 'example_trigger_controller_dag' retrieved from /home/airflow/.local/lib/python3.8/site-packages/airflow/example_dags/example_trigger_controller_dag.py
[2024-04-12T09:10:50.554+0000] {logging_mixin.py:188} INFO - [2024-04-12T09:10:50.553+0000] {dag.py:3047} INFO - Sync 1 DAGs
[2024-04-12T09:10:50.581+0000] {logging_mixin.py:188} INFO - [2024-04-12T09:10:50.580+0000] {dag.py:3834} INFO - Setting next_dagrun for example_trigger_controller_dag to 2021-01-01 00:00:00+00:00, run_after=2021-01-01 00:00:00+00:00
[2024-04-12T09:10:50.614+0000] {processor.py:183} INFO - Processing /home/airflow/.local/lib/python3.8/site-packages/airflow/example_dags/example_trigger_controller_dag.py took 0.102 seconds
[2024-04-12T09:11:22.233+0000] {processor.py:161} INFO - Started process (PID=1104) to work on /home/airflow/.local/lib/python3.8/site-packages/airflow/example_dags/example_trigger_controller_dag.py
[2024-04-12T09:11:22.235+0000] {processor.py:830} INFO - Processing file /home/airflow/.local/lib/python3.8/site-packages/airflow/example_dags/example_trigger_controller_dag.py for tasks to queue
[2024-04-12T09:11:22.237+0000] {logging_mixin.py:188} INFO - [2024-04-12T09:11:22.237+0000] {dagbag.py:540} INFO - Filling up the DagBag from /home/airflow/.local/lib/python3.8/site-packages/airflow/example_dags/example_trigger_controller_dag.py
[2024-04-12T09:11:22.249+0000] {processor.py:840} INFO - DAG(s) 'example_trigger_controller_dag' retrieved from /home/airflow/.local/lib/python3.8/site-packages/airflow/example_dags/example_trigger_controller_dag.py
[2024-04-12T09:11:22.275+0000] {logging_mixin.py:188} INFO - [2024-04-12T09:11:22.274+0000] {dag.py:3047} INFO - Sync 1 DAGs
[2024-04-12T09:11:22.300+0000] {logging_mixin.py:188} INFO - [2024-04-12T09:11:22.299+0000] {dag.py:3834} INFO - Setting next_dagrun for example_trigger_controller_dag to 2021-01-01 00:00:00+00:00, run_after=2021-01-01 00:00:00+00:00
[2024-04-12T09:11:22.329+0000] {processor.py:183} INFO - Processing /home/airflow/.local/lib/python3.8/site-packages/airflow/example_dags/example_trigger_controller_dag.py took 0.101 seconds
[2024-04-12T09:11:52.515+0000] {processor.py:161} INFO - Started process (PID=1159) to work on /home/airflow/.local/lib/python3.8/site-packages/airflow/example_dags/example_trigger_controller_dag.py
[2024-04-12T09:11:52.517+0000] {processor.py:830} INFO - Processing file /home/airflow/.local/lib/python3.8/site-packages/airflow/example_dags/example_trigger_controller_dag.py for tasks to queue
[2024-04-12T09:11:52.518+0000] {logging_mixin.py:188} INFO - [2024-04-12T09:11:52.517+0000] {dagbag.py:540} INFO - Filling up the DagBag from /home/airflow/.local/lib/python3.8/site-packages/airflow/example_dags/example_trigger_controller_dag.py
[2024-04-12T09:11:52.522+0000] {processor.py:840} INFO - DAG(s) 'example_trigger_controller_dag' retrieved from /home/airflow/.local/lib/python3.8/site-packages/airflow/example_dags/example_trigger_controller_dag.py
[2024-04-12T09:11:52.544+0000] {logging_mixin.py:188} INFO - [2024-04-12T09:11:52.543+0000] {dag.py:3047} INFO - Sync 1 DAGs
[2024-04-12T09:11:52.569+0000] {logging_mixin.py:188} INFO - [2024-04-12T09:11:52.569+0000] {dag.py:3834} INFO - Setting next_dagrun for example_trigger_controller_dag to 2021-01-01 00:00:00+00:00, run_after=2021-01-01 00:00:00+00:00
[2024-04-12T09:11:52.598+0000] {processor.py:183} INFO - Processing /home/airflow/.local/lib/python3.8/site-packages/airflow/example_dags/example_trigger_controller_dag.py took 0.086 seconds
[2024-04-12T09:12:23.453+0000] {processor.py:161} INFO - Started process (PID=1215) to work on /home/airflow/.local/lib/python3.8/site-packages/airflow/example_dags/example_trigger_controller_dag.py
[2024-04-12T09:12:23.455+0000] {processor.py:830} INFO - Processing file /home/airflow/.local/lib/python3.8/site-packages/airflow/example_dags/example_trigger_controller_dag.py for tasks to queue
[2024-04-12T09:12:23.457+0000] {logging_mixin.py:188} INFO - [2024-04-12T09:12:23.456+0000] {dagbag.py:540} INFO - Filling up the DagBag from /home/airflow/.local/lib/python3.8/site-packages/airflow/example_dags/example_trigger_controller_dag.py
[2024-04-12T09:12:23.463+0000] {processor.py:840} INFO - DAG(s) 'example_trigger_controller_dag' retrieved from /home/airflow/.local/lib/python3.8/site-packages/airflow/example_dags/example_trigger_controller_dag.py
[2024-04-12T09:12:23.485+0000] {logging_mixin.py:188} INFO - [2024-04-12T09:12:23.484+0000] {dag.py:3047} INFO - Sync 1 DAGs
[2024-04-12T09:12:23.509+0000] {logging_mixin.py:188} INFO - [2024-04-12T09:12:23.509+0000] {dag.py:3834} INFO - Setting next_dagrun for example_trigger_controller_dag to 2021-01-01 00:00:00+00:00, run_after=2021-01-01 00:00:00+00:00
[2024-04-12T09:12:23.537+0000] {processor.py:183} INFO - Processing /home/airflow/.local/lib/python3.8/site-packages/airflow/example_dags/example_trigger_controller_dag.py took 0.088 seconds
[2024-04-12T09:12:54.314+0000] {processor.py:161} INFO - Started process (PID=1273) to work on /home/airflow/.local/lib/python3.8/site-packages/airflow/example_dags/example_trigger_controller_dag.py
[2024-04-12T09:12:54.317+0000] {processor.py:830} INFO - Processing file /home/airflow/.local/lib/python3.8/site-packages/airflow/example_dags/example_trigger_controller_dag.py for tasks to queue
[2024-04-12T09:12:54.322+0000] {logging_mixin.py:188} INFO - [2024-04-12T09:12:54.320+0000] {dagbag.py:540} INFO - Filling up the DagBag from /home/airflow/.local/lib/python3.8/site-packages/airflow/example_dags/example_trigger_controller_dag.py
[2024-04-12T09:12:54.338+0000] {processor.py:840} INFO - DAG(s) 'example_trigger_controller_dag' retrieved from /home/airflow/.local/lib/python3.8/site-packages/airflow/example_dags/example_trigger_controller_dag.py
[2024-04-12T09:12:54.411+0000] {logging_mixin.py:188} INFO - [2024-04-12T09:12:54.410+0000] {dag.py:3047} INFO - Sync 1 DAGs
[2024-04-12T09:12:54.467+0000] {logging_mixin.py:188} INFO - [2024-04-12T09:12:54.466+0000] {dag.py:3834} INFO - Setting next_dagrun for example_trigger_controller_dag to 2021-01-01 00:00:00+00:00, run_after=2021-01-01 00:00:00+00:00
[2024-04-12T09:12:54.534+0000] {processor.py:183} INFO - Processing /home/airflow/.local/lib/python3.8/site-packages/airflow/example_dags/example_trigger_controller_dag.py took 0.228 seconds
[2024-04-12T09:13:24.960+0000] {processor.py:161} INFO - Started process (PID=1331) to work on /home/airflow/.local/lib/python3.8/site-packages/airflow/example_dags/example_trigger_controller_dag.py
[2024-04-12T09:13:24.962+0000] {processor.py:830} INFO - Processing file /home/airflow/.local/lib/python3.8/site-packages/airflow/example_dags/example_trigger_controller_dag.py for tasks to queue
[2024-04-12T09:13:24.963+0000] {logging_mixin.py:188} INFO - [2024-04-12T09:13:24.963+0000] {dagbag.py:540} INFO - Filling up the DagBag from /home/airflow/.local/lib/python3.8/site-packages/airflow/example_dags/example_trigger_controller_dag.py
[2024-04-12T09:13:24.968+0000] {processor.py:840} INFO - DAG(s) 'example_trigger_controller_dag' retrieved from /home/airflow/.local/lib/python3.8/site-packages/airflow/example_dags/example_trigger_controller_dag.py
[2024-04-12T09:13:24.990+0000] {logging_mixin.py:188} INFO - [2024-04-12T09:13:24.990+0000] {dag.py:3047} INFO - Sync 1 DAGs
[2024-04-12T09:13:25.015+0000] {logging_mixin.py:188} INFO - [2024-04-12T09:13:25.014+0000] {dag.py:3834} INFO - Setting next_dagrun for example_trigger_controller_dag to 2021-01-01 00:00:00+00:00, run_after=2021-01-01 00:00:00+00:00
[2024-04-12T09:13:25.055+0000] {processor.py:183} INFO - Processing /home/airflow/.local/lib/python3.8/site-packages/airflow/example_dags/example_trigger_controller_dag.py took 0.097 seconds
[2024-04-12T09:13:55.803+0000] {processor.py:161} INFO - Started process (PID=1390) to work on /home/airflow/.local/lib/python3.8/site-packages/airflow/example_dags/example_trigger_controller_dag.py
[2024-04-12T09:13:55.804+0000] {processor.py:830} INFO - Processing file /home/airflow/.local/lib/python3.8/site-packages/airflow/example_dags/example_trigger_controller_dag.py for tasks to queue
[2024-04-12T09:13:55.806+0000] {logging_mixin.py:188} INFO - [2024-04-12T09:13:55.805+0000] {dagbag.py:540} INFO - Filling up the DagBag from /home/airflow/.local/lib/python3.8/site-packages/airflow/example_dags/example_trigger_controller_dag.py
[2024-04-12T09:13:55.811+0000] {processor.py:840} INFO - DAG(s) 'example_trigger_controller_dag' retrieved from /home/airflow/.local/lib/python3.8/site-packages/airflow/example_dags/example_trigger_controller_dag.py
[2024-04-12T09:13:55.835+0000] {logging_mixin.py:188} INFO - [2024-04-12T09:13:55.835+0000] {dag.py:3047} INFO - Sync 1 DAGs
[2024-04-12T09:13:55.859+0000] {logging_mixin.py:188} INFO - [2024-04-12T09:13:55.859+0000] {dag.py:3834} INFO - Setting next_dagrun for example_trigger_controller_dag to 2021-01-01 00:00:00+00:00, run_after=2021-01-01 00:00:00+00:00
[2024-04-12T09:13:55.884+0000] {processor.py:183} INFO - Processing /home/airflow/.local/lib/python3.8/site-packages/airflow/example_dags/example_trigger_controller_dag.py took 0.083 seconds
[2024-04-12T09:14:26.240+0000] {processor.py:161} INFO - Started process (PID=1448) to work on /home/airflow/.local/lib/python3.8/site-packages/airflow/example_dags/example_trigger_controller_dag.py
[2024-04-12T09:14:26.242+0000] {processor.py:830} INFO - Processing file /home/airflow/.local/lib/python3.8/site-packages/airflow/example_dags/example_trigger_controller_dag.py for tasks to queue
[2024-04-12T09:14:26.244+0000] {logging_mixin.py:188} INFO - [2024-04-12T09:14:26.243+0000] {dagbag.py:540} INFO - Filling up the DagBag from /home/airflow/.local/lib/python3.8/site-packages/airflow/example_dags/example_trigger_controller_dag.py
[2024-04-12T09:14:26.255+0000] {processor.py:840} INFO - DAG(s) 'example_trigger_controller_dag' retrieved from /home/airflow/.local/lib/python3.8/site-packages/airflow/example_dags/example_trigger_controller_dag.py
[2024-04-12T09:14:26.286+0000] {logging_mixin.py:188} INFO - [2024-04-12T09:14:26.285+0000] {dag.py:3047} INFO - Sync 1 DAGs
[2024-04-12T09:14:26.322+0000] {logging_mixin.py:188} INFO - [2024-04-12T09:14:26.321+0000] {dag.py:3834} INFO - Setting next_dagrun for example_trigger_controller_dag to 2021-01-01 00:00:00+00:00, run_after=2021-01-01 00:00:00+00:00
[2024-04-12T09:14:26.359+0000] {processor.py:183} INFO - Processing /home/airflow/.local/lib/python3.8/site-packages/airflow/example_dags/example_trigger_controller_dag.py took 0.122 seconds
[2024-04-12T09:14:56.496+0000] {processor.py:161} INFO - Started process (PID=1506) to work on /home/airflow/.local/lib/python3.8/site-packages/airflow/example_dags/example_trigger_controller_dag.py
[2024-04-12T09:14:56.499+0000] {processor.py:830} INFO - Processing file /home/airflow/.local/lib/python3.8/site-packages/airflow/example_dags/example_trigger_controller_dag.py for tasks to queue
[2024-04-12T09:14:56.501+0000] {logging_mixin.py:188} INFO - [2024-04-12T09:14:56.500+0000] {dagbag.py:540} INFO - Filling up the DagBag from /home/airflow/.local/lib/python3.8/site-packages/airflow/example_dags/example_trigger_controller_dag.py
[2024-04-12T09:14:56.507+0000] {processor.py:840} INFO - DAG(s) 'example_trigger_controller_dag' retrieved from /home/airflow/.local/lib/python3.8/site-packages/airflow/example_dags/example_trigger_controller_dag.py
[2024-04-12T09:14:56.538+0000] {logging_mixin.py:188} INFO - [2024-04-12T09:14:56.538+0000] {dag.py:3047} INFO - Sync 1 DAGs
[2024-04-12T09:14:56.571+0000] {logging_mixin.py:188} INFO - [2024-04-12T09:14:56.570+0000] {dag.py:3834} INFO - Setting next_dagrun for example_trigger_controller_dag to 2021-01-01 00:00:00+00:00, run_after=2021-01-01 00:00:00+00:00
[2024-04-12T09:14:56.603+0000] {processor.py:183} INFO - Processing /home/airflow/.local/lib/python3.8/site-packages/airflow/example_dags/example_trigger_controller_dag.py took 0.110 seconds
[2024-04-12T09:15:27.470+0000] {processor.py:161} INFO - Started process (PID=1564) to work on /home/airflow/.local/lib/python3.8/site-packages/airflow/example_dags/example_trigger_controller_dag.py
[2024-04-12T09:15:27.472+0000] {processor.py:830} INFO - Processing file /home/airflow/.local/lib/python3.8/site-packages/airflow/example_dags/example_trigger_controller_dag.py for tasks to queue
[2024-04-12T09:15:27.474+0000] {logging_mixin.py:188} INFO - [2024-04-12T09:15:27.474+0000] {dagbag.py:540} INFO - Filling up the DagBag from /home/airflow/.local/lib/python3.8/site-packages/airflow/example_dags/example_trigger_controller_dag.py
[2024-04-12T09:15:27.480+0000] {processor.py:840} INFO - DAG(s) 'example_trigger_controller_dag' retrieved from /home/airflow/.local/lib/python3.8/site-packages/airflow/example_dags/example_trigger_controller_dag.py
[2024-04-12T09:15:27.518+0000] {logging_mixin.py:188} INFO - [2024-04-12T09:15:27.515+0000] {dag.py:3047} INFO - Sync 1 DAGs
[2024-04-12T09:15:27.558+0000] {logging_mixin.py:188} INFO - [2024-04-12T09:15:27.557+0000] {dag.py:3834} INFO - Setting next_dagrun for example_trigger_controller_dag to 2021-01-01 00:00:00+00:00, run_after=2021-01-01 00:00:00+00:00
[2024-04-12T09:15:27.610+0000] {processor.py:183} INFO - Processing /home/airflow/.local/lib/python3.8/site-packages/airflow/example_dags/example_trigger_controller_dag.py took 0.149 seconds
[2024-04-12T09:15:57.713+0000] {processor.py:161} INFO - Started process (PID=1622) to work on /home/airflow/.local/lib/python3.8/site-packages/airflow/example_dags/example_trigger_controller_dag.py
[2024-04-12T09:15:57.714+0000] {processor.py:830} INFO - Processing file /home/airflow/.local/lib/python3.8/site-packages/airflow/example_dags/example_trigger_controller_dag.py for tasks to queue
[2024-04-12T09:15:57.716+0000] {logging_mixin.py:188} INFO - [2024-04-12T09:15:57.715+0000] {dagbag.py:540} INFO - Filling up the DagBag from /home/airflow/.local/lib/python3.8/site-packages/airflow/example_dags/example_trigger_controller_dag.py
[2024-04-12T09:15:57.721+0000] {processor.py:840} INFO - DAG(s) 'example_trigger_controller_dag' retrieved from /home/airflow/.local/lib/python3.8/site-packages/airflow/example_dags/example_trigger_controller_dag.py
[2024-04-12T09:15:57.744+0000] {logging_mixin.py:188} INFO - [2024-04-12T09:15:57.743+0000] {dag.py:3047} INFO - Sync 1 DAGs
[2024-04-12T09:15:57.767+0000] {logging_mixin.py:188} INFO - [2024-04-12T09:15:57.767+0000] {dag.py:3834} INFO - Setting next_dagrun for example_trigger_controller_dag to 2021-01-01 00:00:00+00:00, run_after=2021-01-01 00:00:00+00:00
[2024-04-12T09:15:57.794+0000] {processor.py:183} INFO - Processing /home/airflow/.local/lib/python3.8/site-packages/airflow/example_dags/example_trigger_controller_dag.py took 0.084 seconds
