[2024-04-12T09:01:30.544+0000] {processor.py:161} INFO - Started process (PID=68) to work on /home/airflow/.local/lib/python3.8/site-packages/airflow/example_dags/example_sensors.py
[2024-04-12T09:01:30.549+0000] {processor.py:830} INFO - Processing file /home/airflow/.local/lib/python3.8/site-packages/airflow/example_dags/example_sensors.py for tasks to queue
[2024-04-12T09:01:30.553+0000] {logging_mixin.py:188} INFO - [2024-04-12T09:01:30.551+0000] {dagbag.py:540} INFO - Filling up the DagBag from /home/airflow/.local/lib/python3.8/site-packages/airflow/example_dags/example_sensors.py
[2024-04-12T09:01:30.595+0000] {processor.py:840} INFO - DAG(s) 'example_sensors' retrieved from /home/airflow/.local/lib/python3.8/site-packages/airflow/example_dags/example_sensors.py
[2024-04-12T09:01:31.122+0000] {logging_mixin.py:188} INFO - [2024-04-12T09:01:31.120+0000] {override.py:1769} INFO - Created Permission View: can read on DAG:example_sensors
[2024-04-12T09:01:31.173+0000] {logging_mixin.py:188} INFO - [2024-04-12T09:01:31.173+0000] {override.py:1769} INFO - Created Permission View: can edit on DAG:example_sensors
[2024-04-12T09:01:31.230+0000] {logging_mixin.py:188} INFO - [2024-04-12T09:01:31.228+0000] {override.py:1769} INFO - Created Permission View: can delete on DAG:example_sensors
[2024-04-12T09:01:31.236+0000] {logging_mixin.py:188} INFO - [2024-04-12T09:01:31.234+0000] {dag.py:3047} INFO - Sync 1 DAGs
[2024-04-12T09:01:31.318+0000] {logging_mixin.py:188} INFO - [2024-04-12T09:01:31.318+0000] {dag.py:3069} INFO - Creating ORM DAG for example_sensors
[2024-04-12T09:01:31.321+0000] {logging_mixin.py:188} INFO - [2024-04-12T09:01:31.321+0000] {dag.py:3834} INFO - Setting next_dagrun for example_sensors to None, run_after=None
[2024-04-12T09:01:31.391+0000] {processor.py:183} INFO - Processing /home/airflow/.local/lib/python3.8/site-packages/airflow/example_dags/example_sensors.py took 0.865 seconds
[2024-04-12T09:02:02.002+0000] {processor.py:161} INFO - Started process (PID=126) to work on /home/airflow/.local/lib/python3.8/site-packages/airflow/example_dags/example_sensors.py
[2024-04-12T09:02:02.012+0000] {processor.py:830} INFO - Processing file /home/airflow/.local/lib/python3.8/site-packages/airflow/example_dags/example_sensors.py for tasks to queue
[2024-04-12T09:02:02.017+0000] {logging_mixin.py:188} INFO - [2024-04-12T09:02:02.016+0000] {dagbag.py:540} INFO - Filling up the DagBag from /home/airflow/.local/lib/python3.8/site-packages/airflow/example_dags/example_sensors.py
[2024-04-12T09:02:02.033+0000] {processor.py:840} INFO - DAG(s) 'example_sensors' retrieved from /home/airflow/.local/lib/python3.8/site-packages/airflow/example_dags/example_sensors.py
[2024-04-12T09:02:02.076+0000] {logging_mixin.py:188} INFO - [2024-04-12T09:02:02.075+0000] {dag.py:3047} INFO - Sync 1 DAGs
[2024-04-12T09:02:02.096+0000] {logging_mixin.py:188} INFO - [2024-04-12T09:02:02.096+0000] {dag.py:3834} INFO - Setting next_dagrun for example_sensors to None, run_after=None
[2024-04-12T09:02:02.129+0000] {processor.py:183} INFO - Processing /home/airflow/.local/lib/python3.8/site-packages/airflow/example_dags/example_sensors.py took 0.132 seconds
[2024-04-12T09:02:44.467+0000] {processor.py:161} INFO - Started process (PID=188) to work on /home/airflow/.local/lib/python3.8/site-packages/airflow/example_dags/example_sensors.py
[2024-04-12T09:02:44.470+0000] {processor.py:830} INFO - Processing file /home/airflow/.local/lib/python3.8/site-packages/airflow/example_dags/example_sensors.py for tasks to queue
[2024-04-12T09:02:44.474+0000] {logging_mixin.py:188} INFO - [2024-04-12T09:02:44.474+0000] {dagbag.py:540} INFO - Filling up the DagBag from /home/airflow/.local/lib/python3.8/site-packages/airflow/example_dags/example_sensors.py
[2024-04-12T09:02:44.486+0000] {processor.py:840} INFO - DAG(s) 'example_sensors' retrieved from /home/airflow/.local/lib/python3.8/site-packages/airflow/example_dags/example_sensors.py
[2024-04-12T09:02:44.523+0000] {logging_mixin.py:188} INFO - [2024-04-12T09:02:44.523+0000] {dag.py:3047} INFO - Sync 1 DAGs
[2024-04-12T09:02:44.540+0000] {logging_mixin.py:188} INFO - [2024-04-12T09:02:44.539+0000] {dag.py:3834} INFO - Setting next_dagrun for example_sensors to None, run_after=None
[2024-04-12T09:02:44.575+0000] {processor.py:183} INFO - Processing /home/airflow/.local/lib/python3.8/site-packages/airflow/example_dags/example_sensors.py took 0.111 seconds
[2024-04-12T09:03:14.788+0000] {processor.py:161} INFO - Started process (PID=248) to work on /home/airflow/.local/lib/python3.8/site-packages/airflow/example_dags/example_sensors.py
[2024-04-12T09:03:14.791+0000] {processor.py:830} INFO - Processing file /home/airflow/.local/lib/python3.8/site-packages/airflow/example_dags/example_sensors.py for tasks to queue
[2024-04-12T09:03:14.794+0000] {logging_mixin.py:188} INFO - [2024-04-12T09:03:14.794+0000] {dagbag.py:540} INFO - Filling up the DagBag from /home/airflow/.local/lib/python3.8/site-packages/airflow/example_dags/example_sensors.py
[2024-04-12T09:03:14.821+0000] {processor.py:840} INFO - DAG(s) 'example_sensors' retrieved from /home/airflow/.local/lib/python3.8/site-packages/airflow/example_dags/example_sensors.py
[2024-04-12T09:03:14.874+0000] {logging_mixin.py:188} INFO - [2024-04-12T09:03:14.874+0000] {dag.py:3047} INFO - Sync 1 DAGs
[2024-04-12T09:03:14.902+0000] {logging_mixin.py:188} INFO - [2024-04-12T09:03:14.901+0000] {dag.py:3834} INFO - Setting next_dagrun for example_sensors to None, run_after=None
[2024-04-12T09:03:14.957+0000] {processor.py:183} INFO - Processing /home/airflow/.local/lib/python3.8/site-packages/airflow/example_dags/example_sensors.py took 0.175 seconds
[2024-04-12T09:03:45.026+0000] {processor.py:161} INFO - Started process (PID=306) to work on /home/airflow/.local/lib/python3.8/site-packages/airflow/example_dags/example_sensors.py
[2024-04-12T09:03:45.027+0000] {processor.py:830} INFO - Processing file /home/airflow/.local/lib/python3.8/site-packages/airflow/example_dags/example_sensors.py for tasks to queue
[2024-04-12T09:03:45.029+0000] {logging_mixin.py:188} INFO - [2024-04-12T09:03:45.029+0000] {dagbag.py:540} INFO - Filling up the DagBag from /home/airflow/.local/lib/python3.8/site-packages/airflow/example_dags/example_sensors.py
[2024-04-12T09:03:45.042+0000] {processor.py:840} INFO - DAG(s) 'example_sensors' retrieved from /home/airflow/.local/lib/python3.8/site-packages/airflow/example_dags/example_sensors.py
[2024-04-12T09:03:45.075+0000] {logging_mixin.py:188} INFO - [2024-04-12T09:03:45.075+0000] {dag.py:3047} INFO - Sync 1 DAGs
[2024-04-12T09:03:45.090+0000] {logging_mixin.py:188} INFO - [2024-04-12T09:03:45.089+0000] {dag.py:3834} INFO - Setting next_dagrun for example_sensors to None, run_after=None
[2024-04-12T09:03:45.124+0000] {processor.py:183} INFO - Processing /home/airflow/.local/lib/python3.8/site-packages/airflow/example_dags/example_sensors.py took 0.101 seconds
[2024-04-12T09:04:16.020+0000] {processor.py:161} INFO - Started process (PID=364) to work on /home/airflow/.local/lib/python3.8/site-packages/airflow/example_dags/example_sensors.py
[2024-04-12T09:04:16.024+0000] {processor.py:830} INFO - Processing file /home/airflow/.local/lib/python3.8/site-packages/airflow/example_dags/example_sensors.py for tasks to queue
[2024-04-12T09:04:16.028+0000] {logging_mixin.py:188} INFO - [2024-04-12T09:04:16.027+0000] {dagbag.py:540} INFO - Filling up the DagBag from /home/airflow/.local/lib/python3.8/site-packages/airflow/example_dags/example_sensors.py
[2024-04-12T09:04:16.043+0000] {processor.py:840} INFO - DAG(s) 'example_sensors' retrieved from /home/airflow/.local/lib/python3.8/site-packages/airflow/example_dags/example_sensors.py
[2024-04-12T09:04:16.118+0000] {logging_mixin.py:188} INFO - [2024-04-12T09:04:16.117+0000] {dag.py:3047} INFO - Sync 1 DAGs
[2024-04-12T09:04:16.175+0000] {logging_mixin.py:188} INFO - [2024-04-12T09:04:16.172+0000] {dag.py:3834} INFO - Setting next_dagrun for example_sensors to None, run_after=None
[2024-04-12T09:04:16.264+0000] {processor.py:183} INFO - Processing /home/airflow/.local/lib/python3.8/site-packages/airflow/example_dags/example_sensors.py took 0.254 seconds
[2024-04-12T09:05:14.487+0000] {processor.py:161} INFO - Started process (PID=428) to work on /home/airflow/.local/lib/python3.8/site-packages/airflow/example_dags/example_sensors.py
[2024-04-12T09:05:14.491+0000] {processor.py:830} INFO - Processing file /home/airflow/.local/lib/python3.8/site-packages/airflow/example_dags/example_sensors.py for tasks to queue
[2024-04-12T09:05:14.493+0000] {logging_mixin.py:188} INFO - [2024-04-12T09:05:14.492+0000] {dagbag.py:540} INFO - Filling up the DagBag from /home/airflow/.local/lib/python3.8/site-packages/airflow/example_dags/example_sensors.py
[2024-04-12T09:05:14.512+0000] {processor.py:840} INFO - DAG(s) 'example_sensors' retrieved from /home/airflow/.local/lib/python3.8/site-packages/airflow/example_dags/example_sensors.py
[2024-04-12T09:05:14.552+0000] {logging_mixin.py:188} INFO - [2024-04-12T09:05:14.552+0000] {dag.py:3047} INFO - Sync 1 DAGs
[2024-04-12T09:05:14.582+0000] {logging_mixin.py:188} INFO - [2024-04-12T09:05:14.582+0000] {dag.py:3834} INFO - Setting next_dagrun for example_sensors to None, run_after=None
[2024-04-12T09:05:14.640+0000] {processor.py:183} INFO - Processing /home/airflow/.local/lib/python3.8/site-packages/airflow/example_dags/example_sensors.py took 0.160 seconds
[2024-04-12T09:05:44.938+0000] {processor.py:161} INFO - Started process (PID=486) to work on /home/airflow/.local/lib/python3.8/site-packages/airflow/example_dags/example_sensors.py
[2024-04-12T09:05:44.943+0000] {processor.py:830} INFO - Processing file /home/airflow/.local/lib/python3.8/site-packages/airflow/example_dags/example_sensors.py for tasks to queue
[2024-04-12T09:05:44.950+0000] {logging_mixin.py:188} INFO - [2024-04-12T09:05:44.948+0000] {dagbag.py:540} INFO - Filling up the DagBag from /home/airflow/.local/lib/python3.8/site-packages/airflow/example_dags/example_sensors.py
[2024-04-12T09:05:44.989+0000] {processor.py:840} INFO - DAG(s) 'example_sensors' retrieved from /home/airflow/.local/lib/python3.8/site-packages/airflow/example_dags/example_sensors.py
[2024-04-12T09:05:45.128+0000] {logging_mixin.py:188} INFO - [2024-04-12T09:05:45.127+0000] {dag.py:3047} INFO - Sync 1 DAGs
[2024-04-12T09:05:45.187+0000] {logging_mixin.py:188} INFO - [2024-04-12T09:05:45.186+0000] {dag.py:3834} INFO - Setting next_dagrun for example_sensors to None, run_after=None
[2024-04-12T09:05:45.313+0000] {processor.py:183} INFO - Processing /home/airflow/.local/lib/python3.8/site-packages/airflow/example_dags/example_sensors.py took 0.388 seconds
[2024-04-12T09:06:15.636+0000] {processor.py:161} INFO - Started process (PID=545) to work on /home/airflow/.local/lib/python3.8/site-packages/airflow/example_dags/example_sensors.py
[2024-04-12T09:06:15.638+0000] {processor.py:830} INFO - Processing file /home/airflow/.local/lib/python3.8/site-packages/airflow/example_dags/example_sensors.py for tasks to queue
[2024-04-12T09:06:15.641+0000] {logging_mixin.py:188} INFO - [2024-04-12T09:06:15.640+0000] {dagbag.py:540} INFO - Filling up the DagBag from /home/airflow/.local/lib/python3.8/site-packages/airflow/example_dags/example_sensors.py
[2024-04-12T09:06:15.650+0000] {processor.py:840} INFO - DAG(s) 'example_sensors' retrieved from /home/airflow/.local/lib/python3.8/site-packages/airflow/example_dags/example_sensors.py
[2024-04-12T09:06:15.681+0000] {logging_mixin.py:188} INFO - [2024-04-12T09:06:15.681+0000] {dag.py:3047} INFO - Sync 1 DAGs
[2024-04-12T09:06:15.696+0000] {logging_mixin.py:188} INFO - [2024-04-12T09:06:15.695+0000] {dag.py:3834} INFO - Setting next_dagrun for example_sensors to None, run_after=None
[2024-04-12T09:06:15.726+0000] {processor.py:183} INFO - Processing /home/airflow/.local/lib/python3.8/site-packages/airflow/example_dags/example_sensors.py took 0.092 seconds
[2024-04-12T09:06:46.417+0000] {processor.py:161} INFO - Started process (PID=603) to work on /home/airflow/.local/lib/python3.8/site-packages/airflow/example_dags/example_sensors.py
[2024-04-12T09:06:46.418+0000] {processor.py:830} INFO - Processing file /home/airflow/.local/lib/python3.8/site-packages/airflow/example_dags/example_sensors.py for tasks to queue
[2024-04-12T09:06:46.421+0000] {logging_mixin.py:188} INFO - [2024-04-12T09:06:46.420+0000] {dagbag.py:540} INFO - Filling up the DagBag from /home/airflow/.local/lib/python3.8/site-packages/airflow/example_dags/example_sensors.py
[2024-04-12T09:06:46.439+0000] {processor.py:840} INFO - DAG(s) 'example_sensors' retrieved from /home/airflow/.local/lib/python3.8/site-packages/airflow/example_dags/example_sensors.py
[2024-04-12T09:06:46.492+0000] {logging_mixin.py:188} INFO - [2024-04-12T09:06:46.492+0000] {dag.py:3047} INFO - Sync 1 DAGs
[2024-04-12T09:06:46.517+0000] {logging_mixin.py:188} INFO - [2024-04-12T09:06:46.516+0000] {dag.py:3834} INFO - Setting next_dagrun for example_sensors to None, run_after=None
[2024-04-12T09:06:46.558+0000] {processor.py:183} INFO - Processing /home/airflow/.local/lib/python3.8/site-packages/airflow/example_dags/example_sensors.py took 0.144 seconds
[2024-04-12T09:07:17.627+0000] {processor.py:161} INFO - Started process (PID=659) to work on /home/airflow/.local/lib/python3.8/site-packages/airflow/example_dags/example_sensors.py
[2024-04-12T09:07:17.629+0000] {processor.py:830} INFO - Processing file /home/airflow/.local/lib/python3.8/site-packages/airflow/example_dags/example_sensors.py for tasks to queue
[2024-04-12T09:07:17.632+0000] {logging_mixin.py:188} INFO - [2024-04-12T09:07:17.631+0000] {dagbag.py:540} INFO - Filling up the DagBag from /home/airflow/.local/lib/python3.8/site-packages/airflow/example_dags/example_sensors.py
[2024-04-12T09:07:17.642+0000] {processor.py:840} INFO - DAG(s) 'example_sensors' retrieved from /home/airflow/.local/lib/python3.8/site-packages/airflow/example_dags/example_sensors.py
[2024-04-12T09:07:17.671+0000] {logging_mixin.py:188} INFO - [2024-04-12T09:07:17.671+0000] {dag.py:3047} INFO - Sync 1 DAGs
[2024-04-12T09:07:17.685+0000] {logging_mixin.py:188} INFO - [2024-04-12T09:07:17.685+0000] {dag.py:3834} INFO - Setting next_dagrun for example_sensors to None, run_after=None
[2024-04-12T09:07:17.714+0000] {processor.py:183} INFO - Processing /home/airflow/.local/lib/python3.8/site-packages/airflow/example_dags/example_sensors.py took 0.092 seconds
[2024-04-12T09:07:47.786+0000] {processor.py:161} INFO - Started process (PID=716) to work on /home/airflow/.local/lib/python3.8/site-packages/airflow/example_dags/example_sensors.py
[2024-04-12T09:07:47.787+0000] {processor.py:830} INFO - Processing file /home/airflow/.local/lib/python3.8/site-packages/airflow/example_dags/example_sensors.py for tasks to queue
[2024-04-12T09:07:47.788+0000] {logging_mixin.py:188} INFO - [2024-04-12T09:07:47.787+0000] {dagbag.py:540} INFO - Filling up the DagBag from /home/airflow/.local/lib/python3.8/site-packages/airflow/example_dags/example_sensors.py
[2024-04-12T09:07:47.798+0000] {processor.py:840} INFO - DAG(s) 'example_sensors' retrieved from /home/airflow/.local/lib/python3.8/site-packages/airflow/example_dags/example_sensors.py
[2024-04-12T09:07:47.831+0000] {logging_mixin.py:188} INFO - [2024-04-12T09:07:47.830+0000] {dag.py:3047} INFO - Sync 1 DAGs
[2024-04-12T09:07:47.850+0000] {logging_mixin.py:188} INFO - [2024-04-12T09:07:47.850+0000] {dag.py:3834} INFO - Setting next_dagrun for example_sensors to None, run_after=None
[2024-04-12T09:07:47.889+0000] {processor.py:183} INFO - Processing /home/airflow/.local/lib/python3.8/site-packages/airflow/example_dags/example_sensors.py took 0.106 seconds
[2024-04-12T09:08:18.280+0000] {processor.py:161} INFO - Started process (PID=774) to work on /home/airflow/.local/lib/python3.8/site-packages/airflow/example_dags/example_sensors.py
[2024-04-12T09:08:18.281+0000] {processor.py:830} INFO - Processing file /home/airflow/.local/lib/python3.8/site-packages/airflow/example_dags/example_sensors.py for tasks to queue
[2024-04-12T09:08:18.282+0000] {logging_mixin.py:188} INFO - [2024-04-12T09:08:18.282+0000] {dagbag.py:540} INFO - Filling up the DagBag from /home/airflow/.local/lib/python3.8/site-packages/airflow/example_dags/example_sensors.py
[2024-04-12T09:08:18.295+0000] {processor.py:840} INFO - DAG(s) 'example_sensors' retrieved from /home/airflow/.local/lib/python3.8/site-packages/airflow/example_dags/example_sensors.py
[2024-04-12T09:08:18.328+0000] {logging_mixin.py:188} INFO - [2024-04-12T09:08:18.328+0000] {dag.py:3047} INFO - Sync 1 DAGs
[2024-04-12T09:08:18.344+0000] {logging_mixin.py:188} INFO - [2024-04-12T09:08:18.344+0000] {dag.py:3834} INFO - Setting next_dagrun for example_sensors to None, run_after=None
[2024-04-12T09:08:18.375+0000] {processor.py:183} INFO - Processing /home/airflow/.local/lib/python3.8/site-packages/airflow/example_dags/example_sensors.py took 0.098 seconds
[2024-04-12T09:08:48.527+0000] {processor.py:161} INFO - Started process (PID=832) to work on /home/airflow/.local/lib/python3.8/site-packages/airflow/example_dags/example_sensors.py
[2024-04-12T09:08:48.529+0000] {processor.py:830} INFO - Processing file /home/airflow/.local/lib/python3.8/site-packages/airflow/example_dags/example_sensors.py for tasks to queue
[2024-04-12T09:08:48.530+0000] {logging_mixin.py:188} INFO - [2024-04-12T09:08:48.530+0000] {dagbag.py:540} INFO - Filling up the DagBag from /home/airflow/.local/lib/python3.8/site-packages/airflow/example_dags/example_sensors.py
[2024-04-12T09:08:48.540+0000] {processor.py:840} INFO - DAG(s) 'example_sensors' retrieved from /home/airflow/.local/lib/python3.8/site-packages/airflow/example_dags/example_sensors.py
[2024-04-12T09:08:48.572+0000] {logging_mixin.py:188} INFO - [2024-04-12T09:08:48.572+0000] {dag.py:3047} INFO - Sync 1 DAGs
[2024-04-12T09:08:48.589+0000] {logging_mixin.py:188} INFO - [2024-04-12T09:08:48.588+0000] {dag.py:3834} INFO - Setting next_dagrun for example_sensors to None, run_after=None
[2024-04-12T09:08:48.619+0000] {processor.py:183} INFO - Processing /home/airflow/.local/lib/python3.8/site-packages/airflow/example_dags/example_sensors.py took 0.096 seconds
[2024-04-12T09:09:18.998+0000] {processor.py:161} INFO - Started process (PID=890) to work on /home/airflow/.local/lib/python3.8/site-packages/airflow/example_dags/example_sensors.py
[2024-04-12T09:09:19.000+0000] {processor.py:830} INFO - Processing file /home/airflow/.local/lib/python3.8/site-packages/airflow/example_dags/example_sensors.py for tasks to queue
[2024-04-12T09:09:19.001+0000] {logging_mixin.py:188} INFO - [2024-04-12T09:09:19.000+0000] {dagbag.py:540} INFO - Filling up the DagBag from /home/airflow/.local/lib/python3.8/site-packages/airflow/example_dags/example_sensors.py
[2024-04-12T09:09:19.011+0000] {processor.py:840} INFO - DAG(s) 'example_sensors' retrieved from /home/airflow/.local/lib/python3.8/site-packages/airflow/example_dags/example_sensors.py
[2024-04-12T09:09:19.043+0000] {logging_mixin.py:188} INFO - [2024-04-12T09:09:19.043+0000] {dag.py:3047} INFO - Sync 1 DAGs
[2024-04-12T09:09:19.057+0000] {logging_mixin.py:188} INFO - [2024-04-12T09:09:19.057+0000] {dag.py:3834} INFO - Setting next_dagrun for example_sensors to None, run_after=None
[2024-04-12T09:09:19.090+0000] {processor.py:183} INFO - Processing /home/airflow/.local/lib/python3.8/site-packages/airflow/example_dags/example_sensors.py took 0.094 seconds
[2024-04-12T09:09:50.138+0000] {processor.py:161} INFO - Started process (PID=948) to work on /home/airflow/.local/lib/python3.8/site-packages/airflow/example_dags/example_sensors.py
[2024-04-12T09:09:50.139+0000] {processor.py:830} INFO - Processing file /home/airflow/.local/lib/python3.8/site-packages/airflow/example_dags/example_sensors.py for tasks to queue
[2024-04-12T09:09:50.140+0000] {logging_mixin.py:188} INFO - [2024-04-12T09:09:50.140+0000] {dagbag.py:540} INFO - Filling up the DagBag from /home/airflow/.local/lib/python3.8/site-packages/airflow/example_dags/example_sensors.py
[2024-04-12T09:09:50.156+0000] {processor.py:840} INFO - DAG(s) 'example_sensors' retrieved from /home/airflow/.local/lib/python3.8/site-packages/airflow/example_dags/example_sensors.py
[2024-04-12T09:09:50.208+0000] {logging_mixin.py:188} INFO - [2024-04-12T09:09:50.208+0000] {dag.py:3047} INFO - Sync 1 DAGs
[2024-04-12T09:09:50.243+0000] {logging_mixin.py:188} INFO - [2024-04-12T09:09:50.243+0000] {dag.py:3834} INFO - Setting next_dagrun for example_sensors to None, run_after=None
[2024-04-12T09:09:50.286+0000] {processor.py:183} INFO - Processing /home/airflow/.local/lib/python3.8/site-packages/airflow/example_dags/example_sensors.py took 0.154 seconds
[2024-04-12T09:10:25.749+0000] {processor.py:161} INFO - Started process (PID=1006) to work on /home/airflow/.local/lib/python3.8/site-packages/airflow/example_dags/example_sensors.py
[2024-04-12T09:10:25.753+0000] {processor.py:830} INFO - Processing file /home/airflow/.local/lib/python3.8/site-packages/airflow/example_dags/example_sensors.py for tasks to queue
[2024-04-12T09:10:25.758+0000] {logging_mixin.py:188} INFO - [2024-04-12T09:10:25.757+0000] {dagbag.py:540} INFO - Filling up the DagBag from /home/airflow/.local/lib/python3.8/site-packages/airflow/example_dags/example_sensors.py
[2024-04-12T09:10:25.812+0000] {processor.py:840} INFO - DAG(s) 'example_sensors' retrieved from /home/airflow/.local/lib/python3.8/site-packages/airflow/example_dags/example_sensors.py
[2024-04-12T09:10:25.961+0000] {logging_mixin.py:188} INFO - [2024-04-12T09:10:25.960+0000] {dag.py:3047} INFO - Sync 1 DAGs
[2024-04-12T09:10:26.038+0000] {logging_mixin.py:188} INFO - [2024-04-12T09:10:26.037+0000] {dag.py:3834} INFO - Setting next_dagrun for example_sensors to None, run_after=None
[2024-04-12T09:10:26.174+0000] {processor.py:183} INFO - Processing /home/airflow/.local/lib/python3.8/site-packages/airflow/example_dags/example_sensors.py took 0.441 seconds
[2024-04-12T09:10:56.932+0000] {processor.py:161} INFO - Started process (PID=1064) to work on /home/airflow/.local/lib/python3.8/site-packages/airflow/example_dags/example_sensors.py
[2024-04-12T09:10:56.936+0000] {processor.py:830} INFO - Processing file /home/airflow/.local/lib/python3.8/site-packages/airflow/example_dags/example_sensors.py for tasks to queue
[2024-04-12T09:10:56.939+0000] {logging_mixin.py:188} INFO - [2024-04-12T09:10:56.938+0000] {dagbag.py:540} INFO - Filling up the DagBag from /home/airflow/.local/lib/python3.8/site-packages/airflow/example_dags/example_sensors.py
[2024-04-12T09:10:56.964+0000] {processor.py:840} INFO - DAG(s) 'example_sensors' retrieved from /home/airflow/.local/lib/python3.8/site-packages/airflow/example_dags/example_sensors.py
[2024-04-12T09:10:57.076+0000] {logging_mixin.py:188} INFO - [2024-04-12T09:10:57.070+0000] {dag.py:3047} INFO - Sync 1 DAGs
[2024-04-12T09:10:57.112+0000] {logging_mixin.py:188} INFO - [2024-04-12T09:10:57.112+0000] {dag.py:3834} INFO - Setting next_dagrun for example_sensors to None, run_after=None
[2024-04-12T09:10:57.197+0000] {processor.py:183} INFO - Processing /home/airflow/.local/lib/python3.8/site-packages/airflow/example_dags/example_sensors.py took 0.271 seconds
[2024-04-12T09:11:27.285+0000] {processor.py:161} INFO - Started process (PID=1120) to work on /home/airflow/.local/lib/python3.8/site-packages/airflow/example_dags/example_sensors.py
[2024-04-12T09:11:27.286+0000] {processor.py:830} INFO - Processing file /home/airflow/.local/lib/python3.8/site-packages/airflow/example_dags/example_sensors.py for tasks to queue
[2024-04-12T09:11:27.287+0000] {logging_mixin.py:188} INFO - [2024-04-12T09:11:27.287+0000] {dagbag.py:540} INFO - Filling up the DagBag from /home/airflow/.local/lib/python3.8/site-packages/airflow/example_dags/example_sensors.py
[2024-04-12T09:11:27.298+0000] {processor.py:840} INFO - DAG(s) 'example_sensors' retrieved from /home/airflow/.local/lib/python3.8/site-packages/airflow/example_dags/example_sensors.py
[2024-04-12T09:11:27.325+0000] {logging_mixin.py:188} INFO - [2024-04-12T09:11:27.324+0000] {dag.py:3047} INFO - Sync 1 DAGs
[2024-04-12T09:11:27.339+0000] {logging_mixin.py:188} INFO - [2024-04-12T09:11:27.339+0000] {dag.py:3834} INFO - Setting next_dagrun for example_sensors to None, run_after=None
[2024-04-12T09:11:27.370+0000] {processor.py:183} INFO - Processing /home/airflow/.local/lib/python3.8/site-packages/airflow/example_dags/example_sensors.py took 0.088 seconds
[2024-04-12T09:11:57.429+0000] {processor.py:161} INFO - Started process (PID=1178) to work on /home/airflow/.local/lib/python3.8/site-packages/airflow/example_dags/example_sensors.py
[2024-04-12T09:11:57.430+0000] {processor.py:830} INFO - Processing file /home/airflow/.local/lib/python3.8/site-packages/airflow/example_dags/example_sensors.py for tasks to queue
[2024-04-12T09:11:57.431+0000] {logging_mixin.py:188} INFO - [2024-04-12T09:11:57.431+0000] {dagbag.py:540} INFO - Filling up the DagBag from /home/airflow/.local/lib/python3.8/site-packages/airflow/example_dags/example_sensors.py
[2024-04-12T09:11:57.439+0000] {processor.py:840} INFO - DAG(s) 'example_sensors' retrieved from /home/airflow/.local/lib/python3.8/site-packages/airflow/example_dags/example_sensors.py
[2024-04-12T09:11:57.465+0000] {logging_mixin.py:188} INFO - [2024-04-12T09:11:57.465+0000] {dag.py:3047} INFO - Sync 1 DAGs
[2024-04-12T09:11:57.478+0000] {logging_mixin.py:188} INFO - [2024-04-12T09:11:57.478+0000] {dag.py:3834} INFO - Setting next_dagrun for example_sensors to None, run_after=None
[2024-04-12T09:11:57.502+0000] {processor.py:183} INFO - Processing /home/airflow/.local/lib/python3.8/site-packages/airflow/example_dags/example_sensors.py took 0.075 seconds
[2024-04-12T09:12:28.108+0000] {processor.py:161} INFO - Started process (PID=1234) to work on /home/airflow/.local/lib/python3.8/site-packages/airflow/example_dags/example_sensors.py
[2024-04-12T09:12:28.110+0000] {processor.py:830} INFO - Processing file /home/airflow/.local/lib/python3.8/site-packages/airflow/example_dags/example_sensors.py for tasks to queue
[2024-04-12T09:12:28.111+0000] {logging_mixin.py:188} INFO - [2024-04-12T09:12:28.111+0000] {dagbag.py:540} INFO - Filling up the DagBag from /home/airflow/.local/lib/python3.8/site-packages/airflow/example_dags/example_sensors.py
[2024-04-12T09:12:28.122+0000] {processor.py:840} INFO - DAG(s) 'example_sensors' retrieved from /home/airflow/.local/lib/python3.8/site-packages/airflow/example_dags/example_sensors.py
[2024-04-12T09:12:28.149+0000] {logging_mixin.py:188} INFO - [2024-04-12T09:12:28.148+0000] {dag.py:3047} INFO - Sync 1 DAGs
[2024-04-12T09:12:28.163+0000] {logging_mixin.py:188} INFO - [2024-04-12T09:12:28.162+0000] {dag.py:3834} INFO - Setting next_dagrun for example_sensors to None, run_after=None
[2024-04-12T09:12:28.187+0000] {processor.py:183} INFO - Processing /home/airflow/.local/lib/python3.8/site-packages/airflow/example_dags/example_sensors.py took 0.081 seconds
[2024-04-12T09:12:58.589+0000] {processor.py:161} INFO - Started process (PID=1291) to work on /home/airflow/.local/lib/python3.8/site-packages/airflow/example_dags/example_sensors.py
[2024-04-12T09:12:58.590+0000] {processor.py:830} INFO - Processing file /home/airflow/.local/lib/python3.8/site-packages/airflow/example_dags/example_sensors.py for tasks to queue
[2024-04-12T09:12:58.591+0000] {logging_mixin.py:188} INFO - [2024-04-12T09:12:58.591+0000] {dagbag.py:540} INFO - Filling up the DagBag from /home/airflow/.local/lib/python3.8/site-packages/airflow/example_dags/example_sensors.py
[2024-04-12T09:12:58.603+0000] {processor.py:840} INFO - DAG(s) 'example_sensors' retrieved from /home/airflow/.local/lib/python3.8/site-packages/airflow/example_dags/example_sensors.py
[2024-04-12T09:12:58.633+0000] {logging_mixin.py:188} INFO - [2024-04-12T09:12:58.633+0000] {dag.py:3047} INFO - Sync 1 DAGs
[2024-04-12T09:12:58.646+0000] {logging_mixin.py:188} INFO - [2024-04-12T09:12:58.646+0000] {dag.py:3834} INFO - Setting next_dagrun for example_sensors to None, run_after=None
[2024-04-12T09:12:58.690+0000] {processor.py:183} INFO - Processing /home/airflow/.local/lib/python3.8/site-packages/airflow/example_dags/example_sensors.py took 0.103 seconds
[2024-04-12T09:13:29.145+0000] {processor.py:161} INFO - Started process (PID=1346) to work on /home/airflow/.local/lib/python3.8/site-packages/airflow/example_dags/example_sensors.py
[2024-04-12T09:13:29.147+0000] {processor.py:830} INFO - Processing file /home/airflow/.local/lib/python3.8/site-packages/airflow/example_dags/example_sensors.py for tasks to queue
[2024-04-12T09:13:29.148+0000] {logging_mixin.py:188} INFO - [2024-04-12T09:13:29.148+0000] {dagbag.py:540} INFO - Filling up the DagBag from /home/airflow/.local/lib/python3.8/site-packages/airflow/example_dags/example_sensors.py
[2024-04-12T09:13:29.163+0000] {processor.py:840} INFO - DAG(s) 'example_sensors' retrieved from /home/airflow/.local/lib/python3.8/site-packages/airflow/example_dags/example_sensors.py
[2024-04-12T09:13:29.194+0000] {logging_mixin.py:188} INFO - [2024-04-12T09:13:29.193+0000] {dag.py:3047} INFO - Sync 1 DAGs
[2024-04-12T09:13:29.212+0000] {logging_mixin.py:188} INFO - [2024-04-12T09:13:29.211+0000] {dag.py:3834} INFO - Setting next_dagrun for example_sensors to None, run_after=None
[2024-04-12T09:13:29.251+0000] {processor.py:183} INFO - Processing /home/airflow/.local/lib/python3.8/site-packages/airflow/example_dags/example_sensors.py took 0.110 seconds
[2024-04-12T09:13:59.806+0000] {processor.py:161} INFO - Started process (PID=1405) to work on /home/airflow/.local/lib/python3.8/site-packages/airflow/example_dags/example_sensors.py
[2024-04-12T09:13:59.807+0000] {processor.py:830} INFO - Processing file /home/airflow/.local/lib/python3.8/site-packages/airflow/example_dags/example_sensors.py for tasks to queue
[2024-04-12T09:13:59.808+0000] {logging_mixin.py:188} INFO - [2024-04-12T09:13:59.808+0000] {dagbag.py:540} INFO - Filling up the DagBag from /home/airflow/.local/lib/python3.8/site-packages/airflow/example_dags/example_sensors.py
[2024-04-12T09:13:59.818+0000] {processor.py:840} INFO - DAG(s) 'example_sensors' retrieved from /home/airflow/.local/lib/python3.8/site-packages/airflow/example_dags/example_sensors.py
[2024-04-12T09:13:59.846+0000] {logging_mixin.py:188} INFO - [2024-04-12T09:13:59.846+0000] {dag.py:3047} INFO - Sync 1 DAGs
[2024-04-12T09:13:59.859+0000] {logging_mixin.py:188} INFO - [2024-04-12T09:13:59.859+0000] {dag.py:3834} INFO - Setting next_dagrun for example_sensors to None, run_after=None
[2024-04-12T09:13:59.886+0000] {processor.py:183} INFO - Processing /home/airflow/.local/lib/python3.8/site-packages/airflow/example_dags/example_sensors.py took 0.085 seconds
[2024-04-12T09:14:30.273+0000] {processor.py:161} INFO - Started process (PID=1463) to work on /home/airflow/.local/lib/python3.8/site-packages/airflow/example_dags/example_sensors.py
[2024-04-12T09:14:30.275+0000] {processor.py:830} INFO - Processing file /home/airflow/.local/lib/python3.8/site-packages/airflow/example_dags/example_sensors.py for tasks to queue
[2024-04-12T09:14:30.277+0000] {logging_mixin.py:188} INFO - [2024-04-12T09:14:30.276+0000] {dagbag.py:540} INFO - Filling up the DagBag from /home/airflow/.local/lib/python3.8/site-packages/airflow/example_dags/example_sensors.py
[2024-04-12T09:14:30.289+0000] {processor.py:840} INFO - DAG(s) 'example_sensors' retrieved from /home/airflow/.local/lib/python3.8/site-packages/airflow/example_dags/example_sensors.py
[2024-04-12T09:14:30.324+0000] {logging_mixin.py:188} INFO - [2024-04-12T09:14:30.324+0000] {dag.py:3047} INFO - Sync 1 DAGs
[2024-04-12T09:14:30.339+0000] {logging_mixin.py:188} INFO - [2024-04-12T09:14:30.339+0000] {dag.py:3834} INFO - Setting next_dagrun for example_sensors to None, run_after=None
[2024-04-12T09:14:30.372+0000] {processor.py:183} INFO - Processing /home/airflow/.local/lib/python3.8/site-packages/airflow/example_dags/example_sensors.py took 0.103 seconds
[2024-04-12T09:15:00.477+0000] {processor.py:161} INFO - Started process (PID=1521) to work on /home/airflow/.local/lib/python3.8/site-packages/airflow/example_dags/example_sensors.py
[2024-04-12T09:15:00.479+0000] {processor.py:830} INFO - Processing file /home/airflow/.local/lib/python3.8/site-packages/airflow/example_dags/example_sensors.py for tasks to queue
[2024-04-12T09:15:00.480+0000] {logging_mixin.py:188} INFO - [2024-04-12T09:15:00.480+0000] {dagbag.py:540} INFO - Filling up the DagBag from /home/airflow/.local/lib/python3.8/site-packages/airflow/example_dags/example_sensors.py
[2024-04-12T09:15:00.491+0000] {processor.py:840} INFO - DAG(s) 'example_sensors' retrieved from /home/airflow/.local/lib/python3.8/site-packages/airflow/example_dags/example_sensors.py
[2024-04-12T09:15:00.521+0000] {logging_mixin.py:188} INFO - [2024-04-12T09:15:00.521+0000] {dag.py:3047} INFO - Sync 1 DAGs
[2024-04-12T09:15:00.535+0000] {logging_mixin.py:188} INFO - [2024-04-12T09:15:00.535+0000] {dag.py:3834} INFO - Setting next_dagrun for example_sensors to None, run_after=None
[2024-04-12T09:15:00.566+0000] {processor.py:183} INFO - Processing /home/airflow/.local/lib/python3.8/site-packages/airflow/example_dags/example_sensors.py took 0.093 seconds
[2024-04-12T09:15:31.052+0000] {processor.py:161} INFO - Started process (PID=1579) to work on /home/airflow/.local/lib/python3.8/site-packages/airflow/example_dags/example_sensors.py
[2024-04-12T09:15:31.053+0000] {processor.py:830} INFO - Processing file /home/airflow/.local/lib/python3.8/site-packages/airflow/example_dags/example_sensors.py for tasks to queue
[2024-04-12T09:15:31.056+0000] {logging_mixin.py:188} INFO - [2024-04-12T09:15:31.055+0000] {dagbag.py:540} INFO - Filling up the DagBag from /home/airflow/.local/lib/python3.8/site-packages/airflow/example_dags/example_sensors.py
[2024-04-12T09:15:31.078+0000] {processor.py:840} INFO - DAG(s) 'example_sensors' retrieved from /home/airflow/.local/lib/python3.8/site-packages/airflow/example_dags/example_sensors.py
[2024-04-12T09:15:31.138+0000] {logging_mixin.py:188} INFO - [2024-04-12T09:15:31.137+0000] {dag.py:3047} INFO - Sync 1 DAGs
[2024-04-12T09:15:31.161+0000] {logging_mixin.py:188} INFO - [2024-04-12T09:15:31.160+0000] {dag.py:3834} INFO - Setting next_dagrun for example_sensors to None, run_after=None
[2024-04-12T09:15:31.210+0000] {processor.py:183} INFO - Processing /home/airflow/.local/lib/python3.8/site-packages/airflow/example_dags/example_sensors.py took 0.162 seconds
[2024-04-12T09:16:01.981+0000] {processor.py:161} INFO - Started process (PID=1637) to work on /home/airflow/.local/lib/python3.8/site-packages/airflow/example_dags/example_sensors.py
[2024-04-12T09:16:01.983+0000] {processor.py:830} INFO - Processing file /home/airflow/.local/lib/python3.8/site-packages/airflow/example_dags/example_sensors.py for tasks to queue
[2024-04-12T09:16:01.985+0000] {logging_mixin.py:188} INFO - [2024-04-12T09:16:01.984+0000] {dagbag.py:540} INFO - Filling up the DagBag from /home/airflow/.local/lib/python3.8/site-packages/airflow/example_dags/example_sensors.py
[2024-04-12T09:16:02.001+0000] {processor.py:840} INFO - DAG(s) 'example_sensors' retrieved from /home/airflow/.local/lib/python3.8/site-packages/airflow/example_dags/example_sensors.py
[2024-04-12T09:16:02.041+0000] {logging_mixin.py:188} INFO - [2024-04-12T09:16:02.040+0000] {dag.py:3047} INFO - Sync 1 DAGs
[2024-04-12T09:16:02.058+0000] {logging_mixin.py:188} INFO - [2024-04-12T09:16:02.058+0000] {dag.py:3834} INFO - Setting next_dagrun for example_sensors to None, run_after=None
[2024-04-12T09:16:02.099+0000] {processor.py:183} INFO - Processing /home/airflow/.local/lib/python3.8/site-packages/airflow/example_dags/example_sensors.py took 0.122 seconds
