[2024-04-12T09:01:35.538+0000] {processor.py:161} INFO - Started process (PID=91) to work on /home/airflow/.local/lib/python3.8/site-packages/airflow/example_dags/example_datasets.py
[2024-04-12T09:01:35.539+0000] {processor.py:830} INFO - Processing file /home/airflow/.local/lib/python3.8/site-packages/airflow/example_dags/example_datasets.py for tasks to queue
[2024-04-12T09:01:35.541+0000] {logging_mixin.py:188} INFO - [2024-04-12T09:01:35.541+0000] {dagbag.py:540} INFO - Filling up the DagBag from /home/airflow/.local/lib/python3.8/site-packages/airflow/example_dags/example_datasets.py
[2024-04-12T09:01:35.552+0000] {processor.py:840} INFO - DAG(s) 'dataset_consumes_unknown_never_scheduled', 'dataset_produces_1', 'dataset_consumes_1_and_2', 'dataset_consumes_1', 'dataset_consumes_1_never_scheduled', 'dataset_produces_2' retrieved from /home/airflow/.local/lib/python3.8/site-packages/airflow/example_dags/example_datasets.py
[2024-04-12T09:01:35.693+0000] {logging_mixin.py:188} INFO - [2024-04-12T09:01:35.691+0000] {override.py:1769} INFO - Created Permission View: can read on DAG:dataset_consumes_unknown_never_scheduled
[2024-04-12T09:01:35.740+0000] {logging_mixin.py:188} INFO - [2024-04-12T09:01:35.739+0000] {override.py:1769} INFO - Created Permission View: can edit on DAG:dataset_consumes_unknown_never_scheduled
[2024-04-12T09:01:35.756+0000] {logging_mixin.py:188} INFO - [2024-04-12T09:01:35.756+0000] {override.py:1769} INFO - Created Permission View: can delete on DAG:dataset_consumes_unknown_never_scheduled
[2024-04-12T09:01:35.787+0000] {logging_mixin.py:188} INFO - [2024-04-12T09:01:35.787+0000] {override.py:1769} INFO - Created Permission View: can read on DAG:dataset_produces_1
[2024-04-12T09:01:35.805+0000] {logging_mixin.py:188} INFO - [2024-04-12T09:01:35.804+0000] {override.py:1769} INFO - Created Permission View: can edit on DAG:dataset_produces_1
[2024-04-12T09:01:35.819+0000] {logging_mixin.py:188} INFO - [2024-04-12T09:01:35.818+0000] {override.py:1769} INFO - Created Permission View: can delete on DAG:dataset_produces_1
[2024-04-12T09:01:35.849+0000] {logging_mixin.py:188} INFO - [2024-04-12T09:01:35.848+0000] {override.py:1769} INFO - Created Permission View: can read on DAG:dataset_consumes_1_and_2
[2024-04-12T09:01:35.864+0000] {logging_mixin.py:188} INFO - [2024-04-12T09:01:35.864+0000] {override.py:1769} INFO - Created Permission View: can edit on DAG:dataset_consumes_1_and_2
[2024-04-12T09:01:35.880+0000] {logging_mixin.py:188} INFO - [2024-04-12T09:01:35.880+0000] {override.py:1769} INFO - Created Permission View: can delete on DAG:dataset_consumes_1_and_2
[2024-04-12T09:01:35.909+0000] {logging_mixin.py:188} INFO - [2024-04-12T09:01:35.908+0000] {override.py:1769} INFO - Created Permission View: can read on DAG:dataset_consumes_1
[2024-04-12T09:01:35.926+0000] {logging_mixin.py:188} INFO - [2024-04-12T09:01:35.926+0000] {override.py:1769} INFO - Created Permission View: can edit on DAG:dataset_consumes_1
[2024-04-12T09:01:35.947+0000] {logging_mixin.py:188} INFO - [2024-04-12T09:01:35.946+0000] {override.py:1769} INFO - Created Permission View: can delete on DAG:dataset_consumes_1
[2024-04-12T09:01:35.986+0000] {logging_mixin.py:188} INFO - [2024-04-12T09:01:35.985+0000] {override.py:1769} INFO - Created Permission View: can read on DAG:dataset_consumes_1_never_scheduled
[2024-04-12T09:01:36.004+0000] {logging_mixin.py:188} INFO - [2024-04-12T09:01:36.004+0000] {override.py:1769} INFO - Created Permission View: can edit on DAG:dataset_consumes_1_never_scheduled
[2024-04-12T09:01:36.023+0000] {logging_mixin.py:188} INFO - [2024-04-12T09:01:36.022+0000] {override.py:1769} INFO - Created Permission View: can delete on DAG:dataset_consumes_1_never_scheduled
[2024-04-12T09:01:36.053+0000] {logging_mixin.py:188} INFO - [2024-04-12T09:01:36.052+0000] {override.py:1769} INFO - Created Permission View: can read on DAG:dataset_produces_2
[2024-04-12T09:01:36.071+0000] {logging_mixin.py:188} INFO - [2024-04-12T09:01:36.070+0000] {override.py:1769} INFO - Created Permission View: can edit on DAG:dataset_produces_2
[2024-04-12T09:01:36.094+0000] {logging_mixin.py:188} INFO - [2024-04-12T09:01:36.093+0000] {override.py:1769} INFO - Created Permission View: can delete on DAG:dataset_produces_2
[2024-04-12T09:01:36.095+0000] {logging_mixin.py:188} INFO - [2024-04-12T09:01:36.095+0000] {dag.py:3047} INFO - Sync 6 DAGs
[2024-04-12T09:01:36.112+0000] {logging_mixin.py:188} INFO - [2024-04-12T09:01:36.112+0000] {dag.py:3069} INFO - Creating ORM DAG for dataset_consumes_1_and_2
[2024-04-12T09:01:36.115+0000] {logging_mixin.py:188} INFO - [2024-04-12T09:01:36.114+0000] {dag.py:3069} INFO - Creating ORM DAG for dataset_produces_2
[2024-04-12T09:01:36.116+0000] {logging_mixin.py:188} INFO - [2024-04-12T09:01:36.115+0000] {dag.py:3069} INFO - Creating ORM DAG for dataset_consumes_unknown_never_scheduled
[2024-04-12T09:01:36.117+0000] {logging_mixin.py:188} INFO - [2024-04-12T09:01:36.117+0000] {dag.py:3069} INFO - Creating ORM DAG for dataset_consumes_1_never_scheduled
[2024-04-12T09:01:36.118+0000] {logging_mixin.py:188} INFO - [2024-04-12T09:01:36.118+0000] {dag.py:3069} INFO - Creating ORM DAG for dataset_consumes_1
[2024-04-12T09:01:36.119+0000] {logging_mixin.py:188} INFO - [2024-04-12T09:01:36.119+0000] {dag.py:3069} INFO - Creating ORM DAG for dataset_produces_1
[2024-04-12T09:01:36.131+0000] {logging_mixin.py:188} INFO - [2024-04-12T09:01:36.131+0000] {dag.py:3834} INFO - Setting next_dagrun for dataset_consumes_1 to None, run_after=None
[2024-04-12T09:01:36.133+0000] {logging_mixin.py:188} INFO - [2024-04-12T09:01:36.133+0000] {dag.py:3834} INFO - Setting next_dagrun for dataset_consumes_1_and_2 to None, run_after=None
[2024-04-12T09:01:36.134+0000] {logging_mixin.py:188} INFO - [2024-04-12T09:01:36.134+0000] {dag.py:3834} INFO - Setting next_dagrun for dataset_consumes_1_never_scheduled to None, run_after=None
[2024-04-12T09:01:36.136+0000] {logging_mixin.py:188} INFO - [2024-04-12T09:01:36.135+0000] {dag.py:3834} INFO - Setting next_dagrun for dataset_consumes_unknown_never_scheduled to None, run_after=None
[2024-04-12T09:01:36.139+0000] {logging_mixin.py:188} INFO - [2024-04-12T09:01:36.139+0000] {dag.py:3834} INFO - Setting next_dagrun for dataset_produces_1 to 2024-04-11 00:00:00+00:00, run_after=2024-04-12 00:00:00+00:00
[2024-04-12T09:01:36.141+0000] {logging_mixin.py:188} INFO - [2024-04-12T09:01:36.140+0000] {dag.py:3834} INFO - Setting next_dagrun for dataset_produces_2 to None, run_after=None
[2024-04-12T09:01:36.251+0000] {processor.py:183} INFO - Processing /home/airflow/.local/lib/python3.8/site-packages/airflow/example_dags/example_datasets.py took 0.716 seconds
[2024-04-12T09:02:08.148+0000] {processor.py:161} INFO - Started process (PID=155) to work on /home/airflow/.local/lib/python3.8/site-packages/airflow/example_dags/example_datasets.py
[2024-04-12T09:02:08.154+0000] {processor.py:830} INFO - Processing file /home/airflow/.local/lib/python3.8/site-packages/airflow/example_dags/example_datasets.py for tasks to queue
[2024-04-12T09:02:08.164+0000] {logging_mixin.py:188} INFO - [2024-04-12T09:02:08.163+0000] {dagbag.py:540} INFO - Filling up the DagBag from /home/airflow/.local/lib/python3.8/site-packages/airflow/example_dags/example_datasets.py
[2024-04-12T09:02:08.205+0000] {processor.py:840} INFO - DAG(s) 'dataset_produces_2', 'dataset_consumes_1_and_2', 'dataset_consumes_unknown_never_scheduled', 'dataset_consumes_1', 'dataset_consumes_1_never_scheduled', 'dataset_produces_1' retrieved from /home/airflow/.local/lib/python3.8/site-packages/airflow/example_dags/example_datasets.py
[2024-04-12T09:02:08.364+0000] {logging_mixin.py:188} INFO - [2024-04-12T09:02:08.363+0000] {dag.py:3047} INFO - Sync 6 DAGs
[2024-04-12T09:02:08.457+0000] {logging_mixin.py:188} INFO - [2024-04-12T09:02:08.456+0000] {dag.py:3834} INFO - Setting next_dagrun for dataset_consumes_1 to None, run_after=None
[2024-04-12T09:02:08.473+0000] {logging_mixin.py:188} INFO - [2024-04-12T09:02:08.472+0000] {dag.py:3834} INFO - Setting next_dagrun for dataset_consumes_1_and_2 to None, run_after=None
[2024-04-12T09:02:08.481+0000] {logging_mixin.py:188} INFO - [2024-04-12T09:02:08.481+0000] {dag.py:3834} INFO - Setting next_dagrun for dataset_consumes_1_never_scheduled to None, run_after=None
[2024-04-12T09:02:08.492+0000] {logging_mixin.py:188} INFO - [2024-04-12T09:02:08.489+0000] {dag.py:3834} INFO - Setting next_dagrun for dataset_consumes_unknown_never_scheduled to None, run_after=None
[2024-04-12T09:02:08.508+0000] {logging_mixin.py:188} INFO - [2024-04-12T09:02:08.508+0000] {dag.py:3834} INFO - Setting next_dagrun for dataset_produces_1 to 2024-04-11 00:00:00+00:00, run_after=2024-04-12 00:00:00+00:00
[2024-04-12T09:02:08.516+0000] {logging_mixin.py:188} INFO - [2024-04-12T09:02:08.515+0000] {dag.py:3834} INFO - Setting next_dagrun for dataset_produces_2 to None, run_after=None
[2024-04-12T09:02:08.648+0000] {processor.py:183} INFO - Processing /home/airflow/.local/lib/python3.8/site-packages/airflow/example_dags/example_datasets.py took 0.506 seconds
[2024-04-12T09:02:46.921+0000] {processor.py:161} INFO - Started process (PID=213) to work on /home/airflow/.local/lib/python3.8/site-packages/airflow/example_dags/example_datasets.py
[2024-04-12T09:02:46.923+0000] {processor.py:830} INFO - Processing file /home/airflow/.local/lib/python3.8/site-packages/airflow/example_dags/example_datasets.py for tasks to queue
[2024-04-12T09:02:46.925+0000] {logging_mixin.py:188} INFO - [2024-04-12T09:02:46.925+0000] {dagbag.py:540} INFO - Filling up the DagBag from /home/airflow/.local/lib/python3.8/site-packages/airflow/example_dags/example_datasets.py
[2024-04-12T09:02:46.943+0000] {processor.py:840} INFO - DAG(s) 'dataset_consumes_unknown_never_scheduled', 'dataset_consumes_1_and_2', 'dataset_produces_2', 'dataset_consumes_1', 'dataset_consumes_1_never_scheduled', 'dataset_produces_1' retrieved from /home/airflow/.local/lib/python3.8/site-packages/airflow/example_dags/example_datasets.py
[2024-04-12T09:02:46.997+0000] {logging_mixin.py:188} INFO - [2024-04-12T09:02:46.997+0000] {dag.py:3047} INFO - Sync 6 DAGs
[2024-04-12T09:02:47.029+0000] {logging_mixin.py:188} INFO - [2024-04-12T09:02:47.028+0000] {dag.py:3834} INFO - Setting next_dagrun for dataset_consumes_1 to None, run_after=None
[2024-04-12T09:02:47.039+0000] {logging_mixin.py:188} INFO - [2024-04-12T09:02:47.038+0000] {dag.py:3834} INFO - Setting next_dagrun for dataset_consumes_1_and_2 to None, run_after=None
[2024-04-12T09:02:47.043+0000] {logging_mixin.py:188} INFO - [2024-04-12T09:02:47.043+0000] {dag.py:3834} INFO - Setting next_dagrun for dataset_consumes_1_never_scheduled to None, run_after=None
[2024-04-12T09:02:47.046+0000] {logging_mixin.py:188} INFO - [2024-04-12T09:02:47.045+0000] {dag.py:3834} INFO - Setting next_dagrun for dataset_consumes_unknown_never_scheduled to None, run_after=None
[2024-04-12T09:02:47.050+0000] {logging_mixin.py:188} INFO - [2024-04-12T09:02:47.049+0000] {dag.py:3834} INFO - Setting next_dagrun for dataset_produces_1 to 2024-04-11 00:00:00+00:00, run_after=2024-04-12 00:00:00+00:00
[2024-04-12T09:02:47.053+0000] {logging_mixin.py:188} INFO - [2024-04-12T09:02:47.053+0000] {dag.py:3834} INFO - Setting next_dagrun for dataset_produces_2 to None, run_after=None
[2024-04-12T09:02:47.119+0000] {processor.py:183} INFO - Processing /home/airflow/.local/lib/python3.8/site-packages/airflow/example_dags/example_datasets.py took 0.202 seconds
[2024-04-12T09:03:18.603+0000] {processor.py:161} INFO - Started process (PID=274) to work on /home/airflow/.local/lib/python3.8/site-packages/airflow/example_dags/example_datasets.py
[2024-04-12T09:03:18.605+0000] {processor.py:830} INFO - Processing file /home/airflow/.local/lib/python3.8/site-packages/airflow/example_dags/example_datasets.py for tasks to queue
[2024-04-12T09:03:18.607+0000] {logging_mixin.py:188} INFO - [2024-04-12T09:03:18.606+0000] {dagbag.py:540} INFO - Filling up the DagBag from /home/airflow/.local/lib/python3.8/site-packages/airflow/example_dags/example_datasets.py
[2024-04-12T09:03:18.631+0000] {processor.py:840} INFO - DAG(s) 'dataset_produces_2', 'dataset_consumes_unknown_never_scheduled', 'dataset_consumes_1_and_2', 'dataset_consumes_1', 'dataset_consumes_1_never_scheduled', 'dataset_produces_1' retrieved from /home/airflow/.local/lib/python3.8/site-packages/airflow/example_dags/example_datasets.py
[2024-04-12T09:03:18.702+0000] {logging_mixin.py:188} INFO - [2024-04-12T09:03:18.702+0000] {dag.py:3047} INFO - Sync 6 DAGs
[2024-04-12T09:03:18.756+0000] {logging_mixin.py:188} INFO - [2024-04-12T09:03:18.755+0000] {dag.py:3834} INFO - Setting next_dagrun for dataset_consumes_1 to None, run_after=None
[2024-04-12T09:03:18.767+0000] {logging_mixin.py:188} INFO - [2024-04-12T09:03:18.767+0000] {dag.py:3834} INFO - Setting next_dagrun for dataset_consumes_1_and_2 to None, run_after=None
[2024-04-12T09:03:18.772+0000] {logging_mixin.py:188} INFO - [2024-04-12T09:03:18.772+0000] {dag.py:3834} INFO - Setting next_dagrun for dataset_consumes_1_never_scheduled to None, run_after=None
[2024-04-12T09:03:18.775+0000] {logging_mixin.py:188} INFO - [2024-04-12T09:03:18.775+0000] {dag.py:3834} INFO - Setting next_dagrun for dataset_consumes_unknown_never_scheduled to None, run_after=None
[2024-04-12T09:03:18.781+0000] {logging_mixin.py:188} INFO - [2024-04-12T09:03:18.781+0000] {dag.py:3834} INFO - Setting next_dagrun for dataset_produces_1 to 2024-04-11 00:00:00+00:00, run_after=2024-04-12 00:00:00+00:00
[2024-04-12T09:03:18.787+0000] {logging_mixin.py:188} INFO - [2024-04-12T09:03:18.787+0000] {dag.py:3834} INFO - Setting next_dagrun for dataset_produces_2 to None, run_after=None
[2024-04-12T09:03:18.874+0000] {processor.py:183} INFO - Processing /home/airflow/.local/lib/python3.8/site-packages/airflow/example_dags/example_datasets.py took 0.276 seconds
[2024-04-12T09:03:49.283+0000] {processor.py:161} INFO - Started process (PID=332) to work on /home/airflow/.local/lib/python3.8/site-packages/airflow/example_dags/example_datasets.py
[2024-04-12T09:03:49.286+0000] {processor.py:830} INFO - Processing file /home/airflow/.local/lib/python3.8/site-packages/airflow/example_dags/example_datasets.py for tasks to queue
[2024-04-12T09:03:49.291+0000] {logging_mixin.py:188} INFO - [2024-04-12T09:03:49.290+0000] {dagbag.py:540} INFO - Filling up the DagBag from /home/airflow/.local/lib/python3.8/site-packages/airflow/example_dags/example_datasets.py
[2024-04-12T09:03:49.314+0000] {processor.py:840} INFO - DAG(s) 'dataset_consumes_1', 'dataset_consumes_unknown_never_scheduled', 'dataset_consumes_1_never_scheduled', 'dataset_produces_1', 'dataset_consumes_1_and_2', 'dataset_produces_2' retrieved from /home/airflow/.local/lib/python3.8/site-packages/airflow/example_dags/example_datasets.py
[2024-04-12T09:03:49.424+0000] {logging_mixin.py:188} INFO - [2024-04-12T09:03:49.423+0000] {dag.py:3047} INFO - Sync 6 DAGs
[2024-04-12T09:03:49.486+0000] {logging_mixin.py:188} INFO - [2024-04-12T09:03:49.485+0000] {dag.py:3834} INFO - Setting next_dagrun for dataset_consumes_1 to None, run_after=None
[2024-04-12T09:03:49.498+0000] {logging_mixin.py:188} INFO - [2024-04-12T09:03:49.498+0000] {dag.py:3834} INFO - Setting next_dagrun for dataset_consumes_1_and_2 to None, run_after=None
[2024-04-12T09:03:49.503+0000] {logging_mixin.py:188} INFO - [2024-04-12T09:03:49.502+0000] {dag.py:3834} INFO - Setting next_dagrun for dataset_consumes_1_never_scheduled to None, run_after=None
[2024-04-12T09:03:49.507+0000] {logging_mixin.py:188} INFO - [2024-04-12T09:03:49.507+0000] {dag.py:3834} INFO - Setting next_dagrun for dataset_consumes_unknown_never_scheduled to None, run_after=None
[2024-04-12T09:03:49.514+0000] {logging_mixin.py:188} INFO - [2024-04-12T09:03:49.513+0000] {dag.py:3834} INFO - Setting next_dagrun for dataset_produces_1 to 2024-04-11 00:00:00+00:00, run_after=2024-04-12 00:00:00+00:00
[2024-04-12T09:03:49.517+0000] {logging_mixin.py:188} INFO - [2024-04-12T09:03:49.517+0000] {dag.py:3834} INFO - Setting next_dagrun for dataset_produces_2 to None, run_after=None
[2024-04-12T09:03:49.590+0000] {processor.py:183} INFO - Processing /home/airflow/.local/lib/python3.8/site-packages/airflow/example_dags/example_datasets.py took 0.314 seconds
[2024-04-12T09:04:20.057+0000] {processor.py:161} INFO - Started process (PID=390) to work on /home/airflow/.local/lib/python3.8/site-packages/airflow/example_dags/example_datasets.py
[2024-04-12T09:04:20.060+0000] {processor.py:830} INFO - Processing file /home/airflow/.local/lib/python3.8/site-packages/airflow/example_dags/example_datasets.py for tasks to queue
[2024-04-12T09:04:20.066+0000] {logging_mixin.py:188} INFO - [2024-04-12T09:04:20.065+0000] {dagbag.py:540} INFO - Filling up the DagBag from /home/airflow/.local/lib/python3.8/site-packages/airflow/example_dags/example_datasets.py
[2024-04-12T09:04:20.102+0000] {processor.py:840} INFO - DAG(s) 'dataset_produces_2', 'dataset_consumes_1_and_2', 'dataset_consumes_unknown_never_scheduled', 'dataset_consumes_1_never_scheduled', 'dataset_consumes_1', 'dataset_produces_1' retrieved from /home/airflow/.local/lib/python3.8/site-packages/airflow/example_dags/example_datasets.py
[2024-04-12T09:04:20.186+0000] {logging_mixin.py:188} INFO - [2024-04-12T09:04:20.185+0000] {dag.py:3047} INFO - Sync 6 DAGs
[2024-04-12T09:04:20.229+0000] {logging_mixin.py:188} INFO - [2024-04-12T09:04:20.228+0000] {dag.py:3834} INFO - Setting next_dagrun for dataset_consumes_1 to None, run_after=None
[2024-04-12T09:04:20.235+0000] {logging_mixin.py:188} INFO - [2024-04-12T09:04:20.234+0000] {dag.py:3834} INFO - Setting next_dagrun for dataset_consumes_1_and_2 to None, run_after=None
[2024-04-12T09:04:20.237+0000] {logging_mixin.py:188} INFO - [2024-04-12T09:04:20.237+0000] {dag.py:3834} INFO - Setting next_dagrun for dataset_consumes_1_never_scheduled to None, run_after=None
[2024-04-12T09:04:20.242+0000] {logging_mixin.py:188} INFO - [2024-04-12T09:04:20.241+0000] {dag.py:3834} INFO - Setting next_dagrun for dataset_consumes_unknown_never_scheduled to None, run_after=None
[2024-04-12T09:04:20.252+0000] {logging_mixin.py:188} INFO - [2024-04-12T09:04:20.252+0000] {dag.py:3834} INFO - Setting next_dagrun for dataset_produces_1 to 2024-04-11 00:00:00+00:00, run_after=2024-04-12 00:00:00+00:00
[2024-04-12T09:04:20.259+0000] {logging_mixin.py:188} INFO - [2024-04-12T09:04:20.258+0000] {dag.py:3834} INFO - Setting next_dagrun for dataset_produces_2 to None, run_after=None
[2024-04-12T09:04:20.339+0000] {processor.py:183} INFO - Processing /home/airflow/.local/lib/python3.8/site-packages/airflow/example_dags/example_datasets.py took 0.290 seconds
[2024-04-12T09:05:16.694+0000] {processor.py:161} INFO - Started process (PID=451) to work on /home/airflow/.local/lib/python3.8/site-packages/airflow/example_dags/example_datasets.py
[2024-04-12T09:05:16.698+0000] {processor.py:830} INFO - Processing file /home/airflow/.local/lib/python3.8/site-packages/airflow/example_dags/example_datasets.py for tasks to queue
[2024-04-12T09:05:16.701+0000] {logging_mixin.py:188} INFO - [2024-04-12T09:05:16.700+0000] {dagbag.py:540} INFO - Filling up the DagBag from /home/airflow/.local/lib/python3.8/site-packages/airflow/example_dags/example_datasets.py
[2024-04-12T09:05:16.726+0000] {processor.py:840} INFO - DAG(s) 'dataset_consumes_1_never_scheduled', 'dataset_consumes_1_and_2', 'dataset_consumes_1', 'dataset_produces_2', 'dataset_consumes_unknown_never_scheduled', 'dataset_produces_1' retrieved from /home/airflow/.local/lib/python3.8/site-packages/airflow/example_dags/example_datasets.py
[2024-04-12T09:05:16.796+0000] {logging_mixin.py:188} INFO - [2024-04-12T09:05:16.796+0000] {dag.py:3047} INFO - Sync 6 DAGs
[2024-04-12T09:05:16.860+0000] {logging_mixin.py:188} INFO - [2024-04-12T09:05:16.859+0000] {dag.py:3834} INFO - Setting next_dagrun for dataset_consumes_1 to None, run_after=None
[2024-04-12T09:05:16.872+0000] {logging_mixin.py:188} INFO - [2024-04-12T09:05:16.871+0000] {dag.py:3834} INFO - Setting next_dagrun for dataset_consumes_1_and_2 to None, run_after=None
[2024-04-12T09:05:16.880+0000] {logging_mixin.py:188} INFO - [2024-04-12T09:05:16.879+0000] {dag.py:3834} INFO - Setting next_dagrun for dataset_consumes_1_never_scheduled to None, run_after=None
[2024-04-12T09:05:16.884+0000] {logging_mixin.py:188} INFO - [2024-04-12T09:05:16.884+0000] {dag.py:3834} INFO - Setting next_dagrun for dataset_consumes_unknown_never_scheduled to None, run_after=None
[2024-04-12T09:05:16.889+0000] {logging_mixin.py:188} INFO - [2024-04-12T09:05:16.888+0000] {dag.py:3834} INFO - Setting next_dagrun for dataset_produces_1 to 2024-04-11 00:00:00+00:00, run_after=2024-04-12 00:00:00+00:00
[2024-04-12T09:05:16.892+0000] {logging_mixin.py:188} INFO - [2024-04-12T09:05:16.891+0000] {dag.py:3834} INFO - Setting next_dagrun for dataset_produces_2 to None, run_after=None
[2024-04-12T09:05:17.030+0000] {processor.py:183} INFO - Processing /home/airflow/.local/lib/python3.8/site-packages/airflow/example_dags/example_datasets.py took 0.344 seconds
[2024-04-12T09:05:47.859+0000] {processor.py:161} INFO - Started process (PID=509) to work on /home/airflow/.local/lib/python3.8/site-packages/airflow/example_dags/example_datasets.py
[2024-04-12T09:05:47.861+0000] {processor.py:830} INFO - Processing file /home/airflow/.local/lib/python3.8/site-packages/airflow/example_dags/example_datasets.py for tasks to queue
[2024-04-12T09:05:47.862+0000] {logging_mixin.py:188} INFO - [2024-04-12T09:05:47.861+0000] {dagbag.py:540} INFO - Filling up the DagBag from /home/airflow/.local/lib/python3.8/site-packages/airflow/example_dags/example_datasets.py
[2024-04-12T09:05:47.872+0000] {processor.py:840} INFO - DAG(s) 'dataset_produces_1', 'dataset_consumes_unknown_never_scheduled', 'dataset_consumes_1_and_2', 'dataset_consumes_1', 'dataset_produces_2', 'dataset_consumes_1_never_scheduled' retrieved from /home/airflow/.local/lib/python3.8/site-packages/airflow/example_dags/example_datasets.py
[2024-04-12T09:05:47.935+0000] {logging_mixin.py:188} INFO - [2024-04-12T09:05:47.934+0000] {dag.py:3047} INFO - Sync 6 DAGs
[2024-04-12T09:05:47.964+0000] {logging_mixin.py:188} INFO - [2024-04-12T09:05:47.963+0000] {dag.py:3834} INFO - Setting next_dagrun for dataset_consumes_1 to None, run_after=None
[2024-04-12T09:05:47.968+0000] {logging_mixin.py:188} INFO - [2024-04-12T09:05:47.968+0000] {dag.py:3834} INFO - Setting next_dagrun for dataset_consumes_1_and_2 to None, run_after=None
[2024-04-12T09:05:47.972+0000] {logging_mixin.py:188} INFO - [2024-04-12T09:05:47.972+0000] {dag.py:3834} INFO - Setting next_dagrun for dataset_consumes_1_never_scheduled to None, run_after=None
[2024-04-12T09:05:47.976+0000] {logging_mixin.py:188} INFO - [2024-04-12T09:05:47.976+0000] {dag.py:3834} INFO - Setting next_dagrun for dataset_consumes_unknown_never_scheduled to None, run_after=None
[2024-04-12T09:05:47.981+0000] {logging_mixin.py:188} INFO - [2024-04-12T09:05:47.981+0000] {dag.py:3834} INFO - Setting next_dagrun for dataset_produces_1 to 2024-04-11 00:00:00+00:00, run_after=2024-04-12 00:00:00+00:00
[2024-04-12T09:05:47.984+0000] {logging_mixin.py:188} INFO - [2024-04-12T09:05:47.984+0000] {dag.py:3834} INFO - Setting next_dagrun for dataset_produces_2 to None, run_after=None
[2024-04-12T09:05:48.053+0000] {processor.py:183} INFO - Processing /home/airflow/.local/lib/python3.8/site-packages/airflow/example_dags/example_datasets.py took 0.198 seconds
[2024-04-12T09:06:18.129+0000] {processor.py:161} INFO - Started process (PID=568) to work on /home/airflow/.local/lib/python3.8/site-packages/airflow/example_dags/example_datasets.py
[2024-04-12T09:06:18.130+0000] {processor.py:830} INFO - Processing file /home/airflow/.local/lib/python3.8/site-packages/airflow/example_dags/example_datasets.py for tasks to queue
[2024-04-12T09:06:18.132+0000] {logging_mixin.py:188} INFO - [2024-04-12T09:06:18.131+0000] {dagbag.py:540} INFO - Filling up the DagBag from /home/airflow/.local/lib/python3.8/site-packages/airflow/example_dags/example_datasets.py
[2024-04-12T09:06:18.146+0000] {processor.py:840} INFO - DAG(s) 'dataset_consumes_1_and_2', 'dataset_consumes_1', 'dataset_produces_1', 'dataset_consumes_1_never_scheduled', 'dataset_produces_2', 'dataset_consumes_unknown_never_scheduled' retrieved from /home/airflow/.local/lib/python3.8/site-packages/airflow/example_dags/example_datasets.py
[2024-04-12T09:06:18.193+0000] {logging_mixin.py:188} INFO - [2024-04-12T09:06:18.193+0000] {dag.py:3047} INFO - Sync 6 DAGs
[2024-04-12T09:06:18.222+0000] {logging_mixin.py:188} INFO - [2024-04-12T09:06:18.221+0000] {dag.py:3834} INFO - Setting next_dagrun for dataset_consumes_1 to None, run_after=None
[2024-04-12T09:06:18.226+0000] {logging_mixin.py:188} INFO - [2024-04-12T09:06:18.226+0000] {dag.py:3834} INFO - Setting next_dagrun for dataset_consumes_1_and_2 to None, run_after=None
[2024-04-12T09:06:18.229+0000] {logging_mixin.py:188} INFO - [2024-04-12T09:06:18.229+0000] {dag.py:3834} INFO - Setting next_dagrun for dataset_consumes_1_never_scheduled to None, run_after=None
[2024-04-12T09:06:18.232+0000] {logging_mixin.py:188} INFO - [2024-04-12T09:06:18.231+0000] {dag.py:3834} INFO - Setting next_dagrun for dataset_consumes_unknown_never_scheduled to None, run_after=None
[2024-04-12T09:06:18.235+0000] {logging_mixin.py:188} INFO - [2024-04-12T09:06:18.235+0000] {dag.py:3834} INFO - Setting next_dagrun for dataset_produces_1 to 2024-04-11 00:00:00+00:00, run_after=2024-04-12 00:00:00+00:00
[2024-04-12T09:06:18.238+0000] {logging_mixin.py:188} INFO - [2024-04-12T09:06:18.238+0000] {dag.py:3834} INFO - Setting next_dagrun for dataset_produces_2 to None, run_after=None
[2024-04-12T09:06:18.288+0000] {processor.py:183} INFO - Processing /home/airflow/.local/lib/python3.8/site-packages/airflow/example_dags/example_datasets.py took 0.162 seconds
[2024-04-12T09:06:49.299+0000] {processor.py:161} INFO - Started process (PID=626) to work on /home/airflow/.local/lib/python3.8/site-packages/airflow/example_dags/example_datasets.py
[2024-04-12T09:06:49.301+0000] {processor.py:830} INFO - Processing file /home/airflow/.local/lib/python3.8/site-packages/airflow/example_dags/example_datasets.py for tasks to queue
[2024-04-12T09:06:49.302+0000] {logging_mixin.py:188} INFO - [2024-04-12T09:06:49.301+0000] {dagbag.py:540} INFO - Filling up the DagBag from /home/airflow/.local/lib/python3.8/site-packages/airflow/example_dags/example_datasets.py
[2024-04-12T09:06:49.312+0000] {processor.py:840} INFO - DAG(s) 'dataset_consumes_1_never_scheduled', 'dataset_produces_2', 'dataset_produces_1', 'dataset_consumes_1_and_2', 'dataset_consumes_unknown_never_scheduled', 'dataset_consumes_1' retrieved from /home/airflow/.local/lib/python3.8/site-packages/airflow/example_dags/example_datasets.py
[2024-04-12T09:06:49.363+0000] {logging_mixin.py:188} INFO - [2024-04-12T09:06:49.362+0000] {dag.py:3047} INFO - Sync 6 DAGs
[2024-04-12T09:06:49.393+0000] {logging_mixin.py:188} INFO - [2024-04-12T09:06:49.392+0000] {dag.py:3834} INFO - Setting next_dagrun for dataset_consumes_1 to None, run_after=None
[2024-04-12T09:06:49.399+0000] {logging_mixin.py:188} INFO - [2024-04-12T09:06:49.398+0000] {dag.py:3834} INFO - Setting next_dagrun for dataset_consumes_1_and_2 to None, run_after=None
[2024-04-12T09:06:49.402+0000] {logging_mixin.py:188} INFO - [2024-04-12T09:06:49.402+0000] {dag.py:3834} INFO - Setting next_dagrun for dataset_consumes_1_never_scheduled to None, run_after=None
[2024-04-12T09:06:49.405+0000] {logging_mixin.py:188} INFO - [2024-04-12T09:06:49.405+0000] {dag.py:3834} INFO - Setting next_dagrun for dataset_consumes_unknown_never_scheduled to None, run_after=None
[2024-04-12T09:06:49.411+0000] {logging_mixin.py:188} INFO - [2024-04-12T09:06:49.411+0000] {dag.py:3834} INFO - Setting next_dagrun for dataset_produces_1 to 2024-04-11 00:00:00+00:00, run_after=2024-04-12 00:00:00+00:00
[2024-04-12T09:06:49.415+0000] {logging_mixin.py:188} INFO - [2024-04-12T09:06:49.415+0000] {dag.py:3834} INFO - Setting next_dagrun for dataset_produces_2 to None, run_after=None
[2024-04-12T09:06:49.474+0000] {processor.py:183} INFO - Processing /home/airflow/.local/lib/python3.8/site-packages/airflow/example_dags/example_datasets.py took 0.177 seconds
[2024-04-12T09:07:20.554+0000] {processor.py:161} INFO - Started process (PID=684) to work on /home/airflow/.local/lib/python3.8/site-packages/airflow/example_dags/example_datasets.py
[2024-04-12T09:07:20.555+0000] {processor.py:830} INFO - Processing file /home/airflow/.local/lib/python3.8/site-packages/airflow/example_dags/example_datasets.py for tasks to queue
[2024-04-12T09:07:20.556+0000] {logging_mixin.py:188} INFO - [2024-04-12T09:07:20.556+0000] {dagbag.py:540} INFO - Filling up the DagBag from /home/airflow/.local/lib/python3.8/site-packages/airflow/example_dags/example_datasets.py
[2024-04-12T09:07:20.565+0000] {processor.py:840} INFO - DAG(s) 'dataset_consumes_1_and_2', 'dataset_consumes_1', 'dataset_produces_1', 'dataset_consumes_unknown_never_scheduled', 'dataset_produces_2', 'dataset_consumes_1_never_scheduled' retrieved from /home/airflow/.local/lib/python3.8/site-packages/airflow/example_dags/example_datasets.py
[2024-04-12T09:07:20.626+0000] {logging_mixin.py:188} INFO - [2024-04-12T09:07:20.626+0000] {dag.py:3047} INFO - Sync 6 DAGs
[2024-04-12T09:07:20.676+0000] {logging_mixin.py:188} INFO - [2024-04-12T09:07:20.676+0000] {dag.py:3834} INFO - Setting next_dagrun for dataset_consumes_1 to None, run_after=None
[2024-04-12T09:07:20.687+0000] {logging_mixin.py:188} INFO - [2024-04-12T09:07:20.686+0000] {dag.py:3834} INFO - Setting next_dagrun for dataset_consumes_1_and_2 to None, run_after=None
[2024-04-12T09:07:20.694+0000] {logging_mixin.py:188} INFO - [2024-04-12T09:07:20.693+0000] {dag.py:3834} INFO - Setting next_dagrun for dataset_consumes_1_never_scheduled to None, run_after=None
[2024-04-12T09:07:20.702+0000] {logging_mixin.py:188} INFO - [2024-04-12T09:07:20.701+0000] {dag.py:3834} INFO - Setting next_dagrun for dataset_consumes_unknown_never_scheduled to None, run_after=None
[2024-04-12T09:07:20.709+0000] {logging_mixin.py:188} INFO - [2024-04-12T09:07:20.708+0000] {dag.py:3834} INFO - Setting next_dagrun for dataset_produces_1 to 2024-04-11 00:00:00+00:00, run_after=2024-04-12 00:00:00+00:00
[2024-04-12T09:07:20.712+0000] {logging_mixin.py:188} INFO - [2024-04-12T09:07:20.711+0000] {dag.py:3834} INFO - Setting next_dagrun for dataset_produces_2 to None, run_after=None
[2024-04-12T09:07:20.819+0000] {processor.py:183} INFO - Processing /home/airflow/.local/lib/python3.8/site-packages/airflow/example_dags/example_datasets.py took 0.269 seconds
[2024-04-12T09:07:51.628+0000] {processor.py:161} INFO - Started process (PID=742) to work on /home/airflow/.local/lib/python3.8/site-packages/airflow/example_dags/example_datasets.py
[2024-04-12T09:07:51.630+0000] {processor.py:830} INFO - Processing file /home/airflow/.local/lib/python3.8/site-packages/airflow/example_dags/example_datasets.py for tasks to queue
[2024-04-12T09:07:51.633+0000] {logging_mixin.py:188} INFO - [2024-04-12T09:07:51.632+0000] {dagbag.py:540} INFO - Filling up the DagBag from /home/airflow/.local/lib/python3.8/site-packages/airflow/example_dags/example_datasets.py
[2024-04-12T09:07:51.647+0000] {processor.py:840} INFO - DAG(s) 'dataset_consumes_unknown_never_scheduled', 'dataset_consumes_1_never_scheduled', 'dataset_produces_2', 'dataset_consumes_1_and_2', 'dataset_produces_1', 'dataset_consumes_1' retrieved from /home/airflow/.local/lib/python3.8/site-packages/airflow/example_dags/example_datasets.py
[2024-04-12T09:07:51.717+0000] {logging_mixin.py:188} INFO - [2024-04-12T09:07:51.716+0000] {dag.py:3047} INFO - Sync 6 DAGs
[2024-04-12T09:07:51.780+0000] {logging_mixin.py:188} INFO - [2024-04-12T09:07:51.780+0000] {dag.py:3834} INFO - Setting next_dagrun for dataset_consumes_1 to None, run_after=None
[2024-04-12T09:07:51.804+0000] {logging_mixin.py:188} INFO - [2024-04-12T09:07:51.803+0000] {dag.py:3834} INFO - Setting next_dagrun for dataset_consumes_1_and_2 to None, run_after=None
[2024-04-12T09:07:51.818+0000] {logging_mixin.py:188} INFO - [2024-04-12T09:07:51.817+0000] {dag.py:3834} INFO - Setting next_dagrun for dataset_consumes_1_never_scheduled to None, run_after=None
[2024-04-12T09:07:51.823+0000] {logging_mixin.py:188} INFO - [2024-04-12T09:07:51.823+0000] {dag.py:3834} INFO - Setting next_dagrun for dataset_consumes_unknown_never_scheduled to None, run_after=None
[2024-04-12T09:07:51.830+0000] {logging_mixin.py:188} INFO - [2024-04-12T09:07:51.829+0000] {dag.py:3834} INFO - Setting next_dagrun for dataset_produces_1 to 2024-04-11 00:00:00+00:00, run_after=2024-04-12 00:00:00+00:00
[2024-04-12T09:07:51.842+0000] {logging_mixin.py:188} INFO - [2024-04-12T09:07:51.841+0000] {dag.py:3834} INFO - Setting next_dagrun for dataset_produces_2 to None, run_after=None
[2024-04-12T09:07:51.981+0000] {processor.py:183} INFO - Processing /home/airflow/.local/lib/python3.8/site-packages/airflow/example_dags/example_datasets.py took 0.357 seconds
[2024-04-12T09:08:24.035+0000] {processor.py:161} INFO - Started process (PID=800) to work on /home/airflow/.local/lib/python3.8/site-packages/airflow/example_dags/example_datasets.py
[2024-04-12T09:08:24.037+0000] {processor.py:830} INFO - Processing file /home/airflow/.local/lib/python3.8/site-packages/airflow/example_dags/example_datasets.py for tasks to queue
[2024-04-12T09:08:24.040+0000] {logging_mixin.py:188} INFO - [2024-04-12T09:08:24.039+0000] {dagbag.py:540} INFO - Filling up the DagBag from /home/airflow/.local/lib/python3.8/site-packages/airflow/example_dags/example_datasets.py
[2024-04-12T09:08:24.053+0000] {processor.py:840} INFO - DAG(s) 'dataset_consumes_unknown_never_scheduled', 'dataset_produces_2', 'dataset_consumes_1_never_scheduled', 'dataset_consumes_1', 'dataset_produces_1', 'dataset_consumes_1_and_2' retrieved from /home/airflow/.local/lib/python3.8/site-packages/airflow/example_dags/example_datasets.py
[2024-04-12T09:08:24.110+0000] {logging_mixin.py:188} INFO - [2024-04-12T09:08:24.110+0000] {dag.py:3047} INFO - Sync 6 DAGs
[2024-04-12T09:08:24.138+0000] {logging_mixin.py:188} INFO - [2024-04-12T09:08:24.138+0000] {dag.py:3834} INFO - Setting next_dagrun for dataset_consumes_1 to None, run_after=None
[2024-04-12T09:08:24.143+0000] {logging_mixin.py:188} INFO - [2024-04-12T09:08:24.142+0000] {dag.py:3834} INFO - Setting next_dagrun for dataset_consumes_1_and_2 to None, run_after=None
[2024-04-12T09:08:24.146+0000] {logging_mixin.py:188} INFO - [2024-04-12T09:08:24.146+0000] {dag.py:3834} INFO - Setting next_dagrun for dataset_consumes_1_never_scheduled to None, run_after=None
[2024-04-12T09:08:24.150+0000] {logging_mixin.py:188} INFO - [2024-04-12T09:08:24.149+0000] {dag.py:3834} INFO - Setting next_dagrun for dataset_consumes_unknown_never_scheduled to None, run_after=None
[2024-04-12T09:08:24.155+0000] {logging_mixin.py:188} INFO - [2024-04-12T09:08:24.154+0000] {dag.py:3834} INFO - Setting next_dagrun for dataset_produces_1 to 2024-04-11 00:00:00+00:00, run_after=2024-04-12 00:00:00+00:00
[2024-04-12T09:08:24.158+0000] {logging_mixin.py:188} INFO - [2024-04-12T09:08:24.157+0000] {dag.py:3834} INFO - Setting next_dagrun for dataset_produces_2 to None, run_after=None
[2024-04-12T09:08:24.213+0000] {processor.py:183} INFO - Processing /home/airflow/.local/lib/python3.8/site-packages/airflow/example_dags/example_datasets.py took 0.182 seconds
[2024-04-12T09:08:55.693+0000] {processor.py:161} INFO - Started process (PID=859) to work on /home/airflow/.local/lib/python3.8/site-packages/airflow/example_dags/example_datasets.py
[2024-04-12T09:08:55.695+0000] {processor.py:830} INFO - Processing file /home/airflow/.local/lib/python3.8/site-packages/airflow/example_dags/example_datasets.py for tasks to queue
[2024-04-12T09:08:55.697+0000] {logging_mixin.py:188} INFO - [2024-04-12T09:08:55.696+0000] {dagbag.py:540} INFO - Filling up the DagBag from /home/airflow/.local/lib/python3.8/site-packages/airflow/example_dags/example_datasets.py
[2024-04-12T09:08:55.710+0000] {processor.py:840} INFO - DAG(s) 'dataset_produces_1', 'dataset_consumes_1_and_2', 'dataset_consumes_1_never_scheduled', 'dataset_consumes_1', 'dataset_consumes_unknown_never_scheduled', 'dataset_produces_2' retrieved from /home/airflow/.local/lib/python3.8/site-packages/airflow/example_dags/example_datasets.py
[2024-04-12T09:08:55.756+0000] {logging_mixin.py:188} INFO - [2024-04-12T09:08:55.756+0000] {dag.py:3047} INFO - Sync 6 DAGs
[2024-04-12T09:08:55.783+0000] {logging_mixin.py:188} INFO - [2024-04-12T09:08:55.783+0000] {dag.py:3834} INFO - Setting next_dagrun for dataset_consumes_1 to None, run_after=None
[2024-04-12T09:08:55.788+0000] {logging_mixin.py:188} INFO - [2024-04-12T09:08:55.788+0000] {dag.py:3834} INFO - Setting next_dagrun for dataset_consumes_1_and_2 to None, run_after=None
[2024-04-12T09:08:55.790+0000] {logging_mixin.py:188} INFO - [2024-04-12T09:08:55.790+0000] {dag.py:3834} INFO - Setting next_dagrun for dataset_consumes_1_never_scheduled to None, run_after=None
[2024-04-12T09:08:55.793+0000] {logging_mixin.py:188} INFO - [2024-04-12T09:08:55.792+0000] {dag.py:3834} INFO - Setting next_dagrun for dataset_consumes_unknown_never_scheduled to None, run_after=None
[2024-04-12T09:08:55.797+0000] {logging_mixin.py:188} INFO - [2024-04-12T09:08:55.796+0000] {dag.py:3834} INFO - Setting next_dagrun for dataset_produces_1 to 2024-04-11 00:00:00+00:00, run_after=2024-04-12 00:00:00+00:00
[2024-04-12T09:08:55.800+0000] {logging_mixin.py:188} INFO - [2024-04-12T09:08:55.800+0000] {dag.py:3834} INFO - Setting next_dagrun for dataset_produces_2 to None, run_after=None
[2024-04-12T09:08:55.851+0000] {processor.py:183} INFO - Processing /home/airflow/.local/lib/python3.8/site-packages/airflow/example_dags/example_datasets.py took 0.161 seconds
[2024-04-12T09:09:26.006+0000] {processor.py:161} INFO - Started process (PID=916) to work on /home/airflow/.local/lib/python3.8/site-packages/airflow/example_dags/example_datasets.py
[2024-04-12T09:09:26.008+0000] {processor.py:830} INFO - Processing file /home/airflow/.local/lib/python3.8/site-packages/airflow/example_dags/example_datasets.py for tasks to queue
[2024-04-12T09:09:26.009+0000] {logging_mixin.py:188} INFO - [2024-04-12T09:09:26.009+0000] {dagbag.py:540} INFO - Filling up the DagBag from /home/airflow/.local/lib/python3.8/site-packages/airflow/example_dags/example_datasets.py
[2024-04-12T09:09:26.020+0000] {processor.py:840} INFO - DAG(s) 'dataset_consumes_1_and_2', 'dataset_consumes_1', 'dataset_produces_1', 'dataset_consumes_1_never_scheduled', 'dataset_produces_2', 'dataset_consumes_unknown_never_scheduled' retrieved from /home/airflow/.local/lib/python3.8/site-packages/airflow/example_dags/example_datasets.py
[2024-04-12T09:09:26.069+0000] {logging_mixin.py:188} INFO - [2024-04-12T09:09:26.069+0000] {dag.py:3047} INFO - Sync 6 DAGs
[2024-04-12T09:09:26.096+0000] {logging_mixin.py:188} INFO - [2024-04-12T09:09:26.095+0000] {dag.py:3834} INFO - Setting next_dagrun for dataset_consumes_1 to None, run_after=None
[2024-04-12T09:09:26.103+0000] {logging_mixin.py:188} INFO - [2024-04-12T09:09:26.102+0000] {dag.py:3834} INFO - Setting next_dagrun for dataset_consumes_1_and_2 to None, run_after=None
[2024-04-12T09:09:26.106+0000] {logging_mixin.py:188} INFO - [2024-04-12T09:09:26.106+0000] {dag.py:3834} INFO - Setting next_dagrun for dataset_consumes_1_never_scheduled to None, run_after=None
[2024-04-12T09:09:26.109+0000] {logging_mixin.py:188} INFO - [2024-04-12T09:09:26.109+0000] {dag.py:3834} INFO - Setting next_dagrun for dataset_consumes_unknown_never_scheduled to None, run_after=None
[2024-04-12T09:09:26.112+0000] {logging_mixin.py:188} INFO - [2024-04-12T09:09:26.112+0000] {dag.py:3834} INFO - Setting next_dagrun for dataset_produces_1 to 2024-04-11 00:00:00+00:00, run_after=2024-04-12 00:00:00+00:00
[2024-04-12T09:09:26.116+0000] {logging_mixin.py:188} INFO - [2024-04-12T09:09:26.116+0000] {dag.py:3834} INFO - Setting next_dagrun for dataset_produces_2 to None, run_after=None
[2024-04-12T09:09:26.207+0000] {processor.py:183} INFO - Processing /home/airflow/.local/lib/python3.8/site-packages/airflow/example_dags/example_datasets.py took 0.209 seconds
[2024-04-12T09:09:56.281+0000] {processor.py:161} INFO - Started process (PID=974) to work on /home/airflow/.local/lib/python3.8/site-packages/airflow/example_dags/example_datasets.py
[2024-04-12T09:09:56.282+0000] {processor.py:830} INFO - Processing file /home/airflow/.local/lib/python3.8/site-packages/airflow/example_dags/example_datasets.py for tasks to queue
[2024-04-12T09:09:56.284+0000] {logging_mixin.py:188} INFO - [2024-04-12T09:09:56.283+0000] {dagbag.py:540} INFO - Filling up the DagBag from /home/airflow/.local/lib/python3.8/site-packages/airflow/example_dags/example_datasets.py
[2024-04-12T09:09:56.294+0000] {processor.py:840} INFO - DAG(s) 'dataset_consumes_1_never_scheduled', 'dataset_produces_2', 'dataset_consumes_unknown_never_scheduled', 'dataset_consumes_1', 'dataset_produces_1', 'dataset_consumes_1_and_2' retrieved from /home/airflow/.local/lib/python3.8/site-packages/airflow/example_dags/example_datasets.py
[2024-04-12T09:09:56.342+0000] {logging_mixin.py:188} INFO - [2024-04-12T09:09:56.342+0000] {dag.py:3047} INFO - Sync 6 DAGs
[2024-04-12T09:09:56.365+0000] {logging_mixin.py:188} INFO - [2024-04-12T09:09:56.365+0000] {dag.py:3834} INFO - Setting next_dagrun for dataset_consumes_1 to None, run_after=None
[2024-04-12T09:09:56.369+0000] {logging_mixin.py:188} INFO - [2024-04-12T09:09:56.369+0000] {dag.py:3834} INFO - Setting next_dagrun for dataset_consumes_1_and_2 to None, run_after=None
[2024-04-12T09:09:56.372+0000] {logging_mixin.py:188} INFO - [2024-04-12T09:09:56.371+0000] {dag.py:3834} INFO - Setting next_dagrun for dataset_consumes_1_never_scheduled to None, run_after=None
[2024-04-12T09:09:56.375+0000] {logging_mixin.py:188} INFO - [2024-04-12T09:09:56.374+0000] {dag.py:3834} INFO - Setting next_dagrun for dataset_consumes_unknown_never_scheduled to None, run_after=None
[2024-04-12T09:09:56.379+0000] {logging_mixin.py:188} INFO - [2024-04-12T09:09:56.379+0000] {dag.py:3834} INFO - Setting next_dagrun for dataset_produces_1 to 2024-04-11 00:00:00+00:00, run_after=2024-04-12 00:00:00+00:00
[2024-04-12T09:09:56.381+0000] {logging_mixin.py:188} INFO - [2024-04-12T09:09:56.381+0000] {dag.py:3834} INFO - Setting next_dagrun for dataset_produces_2 to None, run_after=None
[2024-04-12T09:09:56.430+0000] {processor.py:183} INFO - Processing /home/airflow/.local/lib/python3.8/site-packages/airflow/example_dags/example_datasets.py took 0.152 seconds
[2024-04-12T09:10:32.828+0000] {processor.py:161} INFO - Started process (PID=1029) to work on /home/airflow/.local/lib/python3.8/site-packages/airflow/example_dags/example_datasets.py
[2024-04-12T09:10:32.842+0000] {processor.py:830} INFO - Processing file /home/airflow/.local/lib/python3.8/site-packages/airflow/example_dags/example_datasets.py for tasks to queue
[2024-04-12T09:10:32.849+0000] {logging_mixin.py:188} INFO - [2024-04-12T09:10:32.847+0000] {dagbag.py:540} INFO - Filling up the DagBag from /home/airflow/.local/lib/python3.8/site-packages/airflow/example_dags/example_datasets.py
[2024-04-12T09:10:32.909+0000] {processor.py:840} INFO - DAG(s) 'dataset_consumes_1_and_2', 'dataset_consumes_unknown_never_scheduled', 'dataset_produces_1', 'dataset_consumes_1', 'dataset_consumes_1_never_scheduled', 'dataset_produces_2' retrieved from /home/airflow/.local/lib/python3.8/site-packages/airflow/example_dags/example_datasets.py
[2024-04-12T09:10:33.140+0000] {logging_mixin.py:188} INFO - [2024-04-12T09:10:33.139+0000] {dag.py:3047} INFO - Sync 6 DAGs
[2024-04-12T09:10:33.284+0000] {logging_mixin.py:188} INFO - [2024-04-12T09:10:33.283+0000] {dag.py:3834} INFO - Setting next_dagrun for dataset_consumes_1 to None, run_after=None
[2024-04-12T09:10:33.306+0000] {logging_mixin.py:188} INFO - [2024-04-12T09:10:33.305+0000] {dag.py:3834} INFO - Setting next_dagrun for dataset_consumes_1_and_2 to None, run_after=None
[2024-04-12T09:10:33.317+0000] {logging_mixin.py:188} INFO - [2024-04-12T09:10:33.314+0000] {dag.py:3834} INFO - Setting next_dagrun for dataset_consumes_1_never_scheduled to None, run_after=None
[2024-04-12T09:10:33.325+0000] {logging_mixin.py:188} INFO - [2024-04-12T09:10:33.324+0000] {dag.py:3834} INFO - Setting next_dagrun for dataset_consumes_unknown_never_scheduled to None, run_after=None
[2024-04-12T09:10:33.347+0000] {logging_mixin.py:188} INFO - [2024-04-12T09:10:33.346+0000] {dag.py:3834} INFO - Setting next_dagrun for dataset_produces_1 to 2024-04-11 00:00:00+00:00, run_after=2024-04-12 00:00:00+00:00
[2024-04-12T09:10:33.356+0000] {logging_mixin.py:188} INFO - [2024-04-12T09:10:33.355+0000] {dag.py:3834} INFO - Setting next_dagrun for dataset_produces_2 to None, run_after=None
[2024-04-12T09:10:33.540+0000] {processor.py:183} INFO - Processing /home/airflow/.local/lib/python3.8/site-packages/airflow/example_dags/example_datasets.py took 0.736 seconds
[2024-04-12T09:11:04.056+0000] {processor.py:161} INFO - Started process (PID=1089) to work on /home/airflow/.local/lib/python3.8/site-packages/airflow/example_dags/example_datasets.py
[2024-04-12T09:11:04.060+0000] {processor.py:830} INFO - Processing file /home/airflow/.local/lib/python3.8/site-packages/airflow/example_dags/example_datasets.py for tasks to queue
[2024-04-12T09:11:04.065+0000] {logging_mixin.py:188} INFO - [2024-04-12T09:11:04.063+0000] {dagbag.py:540} INFO - Filling up the DagBag from /home/airflow/.local/lib/python3.8/site-packages/airflow/example_dags/example_datasets.py
[2024-04-12T09:11:04.112+0000] {processor.py:840} INFO - DAG(s) 'dataset_consumes_1_never_scheduled', 'dataset_consumes_1', 'dataset_consumes_1_and_2', 'dataset_produces_2', 'dataset_consumes_unknown_never_scheduled', 'dataset_produces_1' retrieved from /home/airflow/.local/lib/python3.8/site-packages/airflow/example_dags/example_datasets.py
[2024-04-12T09:11:04.359+0000] {logging_mixin.py:188} INFO - [2024-04-12T09:11:04.357+0000] {dag.py:3047} INFO - Sync 6 DAGs
[2024-04-12T09:11:04.441+0000] {logging_mixin.py:188} INFO - [2024-04-12T09:11:04.439+0000] {dag.py:3834} INFO - Setting next_dagrun for dataset_consumes_1 to None, run_after=None
[2024-04-12T09:11:04.463+0000] {logging_mixin.py:188} INFO - [2024-04-12T09:11:04.461+0000] {dag.py:3834} INFO - Setting next_dagrun for dataset_consumes_1_and_2 to None, run_after=None
[2024-04-12T09:11:04.483+0000] {logging_mixin.py:188} INFO - [2024-04-12T09:11:04.482+0000] {dag.py:3834} INFO - Setting next_dagrun for dataset_consumes_1_never_scheduled to None, run_after=None
[2024-04-12T09:11:04.493+0000] {logging_mixin.py:188} INFO - [2024-04-12T09:11:04.492+0000] {dag.py:3834} INFO - Setting next_dagrun for dataset_consumes_unknown_never_scheduled to None, run_after=None
[2024-04-12T09:11:04.508+0000] {logging_mixin.py:188} INFO - [2024-04-12T09:11:04.507+0000] {dag.py:3834} INFO - Setting next_dagrun for dataset_produces_1 to 2024-04-11 00:00:00+00:00, run_after=2024-04-12 00:00:00+00:00
[2024-04-12T09:11:04.521+0000] {logging_mixin.py:188} INFO - [2024-04-12T09:11:04.519+0000] {dag.py:3834} INFO - Setting next_dagrun for dataset_produces_2 to None, run_after=None
[2024-04-12T09:11:04.740+0000] {processor.py:183} INFO - Processing /home/airflow/.local/lib/python3.8/site-packages/airflow/example_dags/example_datasets.py took 0.690 seconds
[2024-04-12T09:11:34.876+0000] {processor.py:161} INFO - Started process (PID=1146) to work on /home/airflow/.local/lib/python3.8/site-packages/airflow/example_dags/example_datasets.py
[2024-04-12T09:11:34.881+0000] {processor.py:830} INFO - Processing file /home/airflow/.local/lib/python3.8/site-packages/airflow/example_dags/example_datasets.py for tasks to queue
[2024-04-12T09:11:34.893+0000] {logging_mixin.py:188} INFO - [2024-04-12T09:11:34.892+0000] {dagbag.py:540} INFO - Filling up the DagBag from /home/airflow/.local/lib/python3.8/site-packages/airflow/example_dags/example_datasets.py
[2024-04-12T09:11:34.933+0000] {processor.py:840} INFO - DAG(s) 'dataset_produces_2', 'dataset_consumes_1_never_scheduled', 'dataset_consumes_1_and_2', 'dataset_produces_1', 'dataset_consumes_1', 'dataset_consumes_unknown_never_scheduled' retrieved from /home/airflow/.local/lib/python3.8/site-packages/airflow/example_dags/example_datasets.py
[2024-04-12T09:11:35.063+0000] {logging_mixin.py:188} INFO - [2024-04-12T09:11:35.062+0000] {dag.py:3047} INFO - Sync 6 DAGs
[2024-04-12T09:11:35.134+0000] {logging_mixin.py:188} INFO - [2024-04-12T09:11:35.130+0000] {dag.py:3834} INFO - Setting next_dagrun for dataset_consumes_1 to None, run_after=None
[2024-04-12T09:11:35.147+0000] {logging_mixin.py:188} INFO - [2024-04-12T09:11:35.147+0000] {dag.py:3834} INFO - Setting next_dagrun for dataset_consumes_1_and_2 to None, run_after=None
[2024-04-12T09:11:35.153+0000] {logging_mixin.py:188} INFO - [2024-04-12T09:11:35.152+0000] {dag.py:3834} INFO - Setting next_dagrun for dataset_consumes_1_never_scheduled to None, run_after=None
[2024-04-12T09:11:35.158+0000] {logging_mixin.py:188} INFO - [2024-04-12T09:11:35.157+0000] {dag.py:3834} INFO - Setting next_dagrun for dataset_consumes_unknown_never_scheduled to None, run_after=None
[2024-04-12T09:11:35.164+0000] {logging_mixin.py:188} INFO - [2024-04-12T09:11:35.163+0000] {dag.py:3834} INFO - Setting next_dagrun for dataset_produces_1 to 2024-04-11 00:00:00+00:00, run_after=2024-04-12 00:00:00+00:00
[2024-04-12T09:11:35.169+0000] {logging_mixin.py:188} INFO - [2024-04-12T09:11:35.168+0000] {dag.py:3834} INFO - Setting next_dagrun for dataset_produces_2 to None, run_after=None
[2024-04-12T09:11:35.283+0000] {processor.py:183} INFO - Processing /home/airflow/.local/lib/python3.8/site-packages/airflow/example_dags/example_datasets.py took 0.423 seconds
[2024-04-12T09:12:06.086+0000] {processor.py:161} INFO - Started process (PID=1204) to work on /home/airflow/.local/lib/python3.8/site-packages/airflow/example_dags/example_datasets.py
[2024-04-12T09:12:06.088+0000] {processor.py:830} INFO - Processing file /home/airflow/.local/lib/python3.8/site-packages/airflow/example_dags/example_datasets.py for tasks to queue
[2024-04-12T09:12:06.091+0000] {logging_mixin.py:188} INFO - [2024-04-12T09:12:06.090+0000] {dagbag.py:540} INFO - Filling up the DagBag from /home/airflow/.local/lib/python3.8/site-packages/airflow/example_dags/example_datasets.py
[2024-04-12T09:12:06.104+0000] {processor.py:840} INFO - DAG(s) 'dataset_consumes_1', 'dataset_consumes_1_never_scheduled', 'dataset_consumes_unknown_never_scheduled', 'dataset_consumes_1_and_2', 'dataset_produces_1', 'dataset_produces_2' retrieved from /home/airflow/.local/lib/python3.8/site-packages/airflow/example_dags/example_datasets.py
[2024-04-12T09:12:06.169+0000] {logging_mixin.py:188} INFO - [2024-04-12T09:12:06.169+0000] {dag.py:3047} INFO - Sync 6 DAGs
[2024-04-12T09:12:06.195+0000] {logging_mixin.py:188} INFO - [2024-04-12T09:12:06.195+0000] {dag.py:3834} INFO - Setting next_dagrun for dataset_consumes_1 to None, run_after=None
[2024-04-12T09:12:06.201+0000] {logging_mixin.py:188} INFO - [2024-04-12T09:12:06.201+0000] {dag.py:3834} INFO - Setting next_dagrun for dataset_consumes_1_and_2 to None, run_after=None
[2024-04-12T09:12:06.204+0000] {logging_mixin.py:188} INFO - [2024-04-12T09:12:06.203+0000] {dag.py:3834} INFO - Setting next_dagrun for dataset_consumes_1_never_scheduled to None, run_after=None
[2024-04-12T09:12:06.206+0000] {logging_mixin.py:188} INFO - [2024-04-12T09:12:06.206+0000] {dag.py:3834} INFO - Setting next_dagrun for dataset_consumes_unknown_never_scheduled to None, run_after=None
[2024-04-12T09:12:06.211+0000] {logging_mixin.py:188} INFO - [2024-04-12T09:12:06.211+0000] {dag.py:3834} INFO - Setting next_dagrun for dataset_produces_1 to 2024-04-11 00:00:00+00:00, run_after=2024-04-12 00:00:00+00:00
[2024-04-12T09:12:06.213+0000] {logging_mixin.py:188} INFO - [2024-04-12T09:12:06.213+0000] {dag.py:3834} INFO - Setting next_dagrun for dataset_produces_2 to None, run_after=None
[2024-04-12T09:12:06.287+0000] {processor.py:183} INFO - Processing /home/airflow/.local/lib/python3.8/site-packages/airflow/example_dags/example_datasets.py took 0.206 seconds
[2024-04-12T09:12:36.792+0000] {processor.py:161} INFO - Started process (PID=1262) to work on /home/airflow/.local/lib/python3.8/site-packages/airflow/example_dags/example_datasets.py
[2024-04-12T09:12:36.793+0000] {processor.py:830} INFO - Processing file /home/airflow/.local/lib/python3.8/site-packages/airflow/example_dags/example_datasets.py for tasks to queue
[2024-04-12T09:12:36.794+0000] {logging_mixin.py:188} INFO - [2024-04-12T09:12:36.794+0000] {dagbag.py:540} INFO - Filling up the DagBag from /home/airflow/.local/lib/python3.8/site-packages/airflow/example_dags/example_datasets.py
[2024-04-12T09:12:36.805+0000] {processor.py:840} INFO - DAG(s) 'dataset_produces_2', 'dataset_consumes_1_never_scheduled', 'dataset_consumes_1', 'dataset_consumes_unknown_never_scheduled', 'dataset_consumes_1_and_2', 'dataset_produces_1' retrieved from /home/airflow/.local/lib/python3.8/site-packages/airflow/example_dags/example_datasets.py
[2024-04-12T09:12:36.856+0000] {logging_mixin.py:188} INFO - [2024-04-12T09:12:36.855+0000] {dag.py:3047} INFO - Sync 6 DAGs
[2024-04-12T09:12:36.882+0000] {logging_mixin.py:188} INFO - [2024-04-12T09:12:36.882+0000] {dag.py:3834} INFO - Setting next_dagrun for dataset_consumes_1 to None, run_after=None
[2024-04-12T09:12:36.887+0000] {logging_mixin.py:188} INFO - [2024-04-12T09:12:36.887+0000] {dag.py:3834} INFO - Setting next_dagrun for dataset_consumes_1_and_2 to None, run_after=None
[2024-04-12T09:12:36.889+0000] {logging_mixin.py:188} INFO - [2024-04-12T09:12:36.889+0000] {dag.py:3834} INFO - Setting next_dagrun for dataset_consumes_1_never_scheduled to None, run_after=None
[2024-04-12T09:12:36.891+0000] {logging_mixin.py:188} INFO - [2024-04-12T09:12:36.890+0000] {dag.py:3834} INFO - Setting next_dagrun for dataset_consumes_unknown_never_scheduled to None, run_after=None
[2024-04-12T09:12:36.894+0000] {logging_mixin.py:188} INFO - [2024-04-12T09:12:36.894+0000] {dag.py:3834} INFO - Setting next_dagrun for dataset_produces_1 to 2024-04-11 00:00:00+00:00, run_after=2024-04-12 00:00:00+00:00
[2024-04-12T09:12:36.897+0000] {logging_mixin.py:188} INFO - [2024-04-12T09:12:36.897+0000] {dag.py:3834} INFO - Setting next_dagrun for dataset_produces_2 to None, run_after=None
[2024-04-12T09:12:36.934+0000] {processor.py:183} INFO - Processing /home/airflow/.local/lib/python3.8/site-packages/airflow/example_dags/example_datasets.py took 0.146 seconds
[2024-04-12T09:13:07.580+0000] {processor.py:161} INFO - Started process (PID=1320) to work on /home/airflow/.local/lib/python3.8/site-packages/airflow/example_dags/example_datasets.py
[2024-04-12T09:13:07.581+0000] {processor.py:830} INFO - Processing file /home/airflow/.local/lib/python3.8/site-packages/airflow/example_dags/example_datasets.py for tasks to queue
[2024-04-12T09:13:07.583+0000] {logging_mixin.py:188} INFO - [2024-04-12T09:13:07.582+0000] {dagbag.py:540} INFO - Filling up the DagBag from /home/airflow/.local/lib/python3.8/site-packages/airflow/example_dags/example_datasets.py
[2024-04-12T09:13:07.591+0000] {processor.py:840} INFO - DAG(s) 'dataset_consumes_1', 'dataset_produces_1', 'dataset_consumes_1_and_2', 'dataset_consumes_1_never_scheduled', 'dataset_produces_2', 'dataset_consumes_unknown_never_scheduled' retrieved from /home/airflow/.local/lib/python3.8/site-packages/airflow/example_dags/example_datasets.py
[2024-04-12T09:13:07.641+0000] {logging_mixin.py:188} INFO - [2024-04-12T09:13:07.641+0000] {dag.py:3047} INFO - Sync 6 DAGs
[2024-04-12T09:13:07.667+0000] {logging_mixin.py:188} INFO - [2024-04-12T09:13:07.666+0000] {dag.py:3834} INFO - Setting next_dagrun for dataset_consumes_1 to None, run_after=None
[2024-04-12T09:13:07.672+0000] {logging_mixin.py:188} INFO - [2024-04-12T09:13:07.672+0000] {dag.py:3834} INFO - Setting next_dagrun for dataset_consumes_1_and_2 to None, run_after=None
[2024-04-12T09:13:07.674+0000] {logging_mixin.py:188} INFO - [2024-04-12T09:13:07.674+0000] {dag.py:3834} INFO - Setting next_dagrun for dataset_consumes_1_never_scheduled to None, run_after=None
[2024-04-12T09:13:07.677+0000] {logging_mixin.py:188} INFO - [2024-04-12T09:13:07.677+0000] {dag.py:3834} INFO - Setting next_dagrun for dataset_consumes_unknown_never_scheduled to None, run_after=None
[2024-04-12T09:13:07.681+0000] {logging_mixin.py:188} INFO - [2024-04-12T09:13:07.681+0000] {dag.py:3834} INFO - Setting next_dagrun for dataset_produces_1 to 2024-04-11 00:00:00+00:00, run_after=2024-04-12 00:00:00+00:00
[2024-04-12T09:13:07.684+0000] {logging_mixin.py:188} INFO - [2024-04-12T09:13:07.683+0000] {dag.py:3834} INFO - Setting next_dagrun for dataset_produces_2 to None, run_after=None
[2024-04-12T09:13:07.730+0000] {processor.py:183} INFO - Processing /home/airflow/.local/lib/python3.8/site-packages/airflow/example_dags/example_datasets.py took 0.154 seconds
[2024-04-12T09:13:38.396+0000] {processor.py:161} INFO - Started process (PID=1378) to work on /home/airflow/.local/lib/python3.8/site-packages/airflow/example_dags/example_datasets.py
[2024-04-12T09:13:38.399+0000] {processor.py:830} INFO - Processing file /home/airflow/.local/lib/python3.8/site-packages/airflow/example_dags/example_datasets.py for tasks to queue
[2024-04-12T09:13:38.402+0000] {logging_mixin.py:188} INFO - [2024-04-12T09:13:38.401+0000] {dagbag.py:540} INFO - Filling up the DagBag from /home/airflow/.local/lib/python3.8/site-packages/airflow/example_dags/example_datasets.py
[2024-04-12T09:13:38.414+0000] {processor.py:840} INFO - DAG(s) 'dataset_produces_1', 'dataset_consumes_1_and_2', 'dataset_consumes_1', 'dataset_consumes_1_never_scheduled', 'dataset_produces_2', 'dataset_consumes_unknown_never_scheduled' retrieved from /home/airflow/.local/lib/python3.8/site-packages/airflow/example_dags/example_datasets.py
[2024-04-12T09:13:38.463+0000] {logging_mixin.py:188} INFO - [2024-04-12T09:13:38.462+0000] {dag.py:3047} INFO - Sync 6 DAGs
[2024-04-12T09:13:38.488+0000] {logging_mixin.py:188} INFO - [2024-04-12T09:13:38.488+0000] {dag.py:3834} INFO - Setting next_dagrun for dataset_consumes_1 to None, run_after=None
[2024-04-12T09:13:38.492+0000] {logging_mixin.py:188} INFO - [2024-04-12T09:13:38.492+0000] {dag.py:3834} INFO - Setting next_dagrun for dataset_consumes_1_and_2 to None, run_after=None
[2024-04-12T09:13:38.494+0000] {logging_mixin.py:188} INFO - [2024-04-12T09:13:38.494+0000] {dag.py:3834} INFO - Setting next_dagrun for dataset_consumes_1_never_scheduled to None, run_after=None
[2024-04-12T09:13:38.497+0000] {logging_mixin.py:188} INFO - [2024-04-12T09:13:38.496+0000] {dag.py:3834} INFO - Setting next_dagrun for dataset_consumes_unknown_never_scheduled to None, run_after=None
[2024-04-12T09:13:38.502+0000] {logging_mixin.py:188} INFO - [2024-04-12T09:13:38.502+0000] {dag.py:3834} INFO - Setting next_dagrun for dataset_produces_1 to 2024-04-11 00:00:00+00:00, run_after=2024-04-12 00:00:00+00:00
[2024-04-12T09:13:38.506+0000] {logging_mixin.py:188} INFO - [2024-04-12T09:13:38.505+0000] {dag.py:3834} INFO - Setting next_dagrun for dataset_produces_2 to None, run_after=None
[2024-04-12T09:13:38.553+0000] {processor.py:183} INFO - Processing /home/airflow/.local/lib/python3.8/site-packages/airflow/example_dags/example_datasets.py took 0.161 seconds
[2024-04-12T09:14:08.705+0000] {processor.py:161} INFO - Started process (PID=1437) to work on /home/airflow/.local/lib/python3.8/site-packages/airflow/example_dags/example_datasets.py
[2024-04-12T09:14:08.706+0000] {processor.py:830} INFO - Processing file /home/airflow/.local/lib/python3.8/site-packages/airflow/example_dags/example_datasets.py for tasks to queue
[2024-04-12T09:14:08.707+0000] {logging_mixin.py:188} INFO - [2024-04-12T09:14:08.707+0000] {dagbag.py:540} INFO - Filling up the DagBag from /home/airflow/.local/lib/python3.8/site-packages/airflow/example_dags/example_datasets.py
[2024-04-12T09:14:08.717+0000] {processor.py:840} INFO - DAG(s) 'dataset_consumes_1', 'dataset_consumes_unknown_never_scheduled', 'dataset_consumes_1_and_2', 'dataset_consumes_1_never_scheduled', 'dataset_produces_2', 'dataset_produces_1' retrieved from /home/airflow/.local/lib/python3.8/site-packages/airflow/example_dags/example_datasets.py
[2024-04-12T09:14:08.774+0000] {logging_mixin.py:188} INFO - [2024-04-12T09:14:08.773+0000] {dag.py:3047} INFO - Sync 6 DAGs
[2024-04-12T09:14:08.808+0000] {logging_mixin.py:188} INFO - [2024-04-12T09:14:08.808+0000] {dag.py:3834} INFO - Setting next_dagrun for dataset_consumes_1 to None, run_after=None
[2024-04-12T09:14:08.814+0000] {logging_mixin.py:188} INFO - [2024-04-12T09:14:08.814+0000] {dag.py:3834} INFO - Setting next_dagrun for dataset_consumes_1_and_2 to None, run_after=None
[2024-04-12T09:14:08.817+0000] {logging_mixin.py:188} INFO - [2024-04-12T09:14:08.816+0000] {dag.py:3834} INFO - Setting next_dagrun for dataset_consumes_1_never_scheduled to None, run_after=None
[2024-04-12T09:14:08.819+0000] {logging_mixin.py:188} INFO - [2024-04-12T09:14:08.819+0000] {dag.py:3834} INFO - Setting next_dagrun for dataset_consumes_unknown_never_scheduled to None, run_after=None
[2024-04-12T09:14:08.824+0000] {logging_mixin.py:188} INFO - [2024-04-12T09:14:08.823+0000] {dag.py:3834} INFO - Setting next_dagrun for dataset_produces_1 to 2024-04-11 00:00:00+00:00, run_after=2024-04-12 00:00:00+00:00
[2024-04-12T09:14:08.826+0000] {logging_mixin.py:188} INFO - [2024-04-12T09:14:08.826+0000] {dag.py:3834} INFO - Setting next_dagrun for dataset_produces_2 to None, run_after=None
[2024-04-12T09:14:08.880+0000] {processor.py:183} INFO - Processing /home/airflow/.local/lib/python3.8/site-packages/airflow/example_dags/example_datasets.py took 0.178 seconds
[2024-04-12T09:14:39.918+0000] {processor.py:161} INFO - Started process (PID=1493) to work on /home/airflow/.local/lib/python3.8/site-packages/airflow/example_dags/example_datasets.py
[2024-04-12T09:14:39.920+0000] {processor.py:830} INFO - Processing file /home/airflow/.local/lib/python3.8/site-packages/airflow/example_dags/example_datasets.py for tasks to queue
[2024-04-12T09:14:39.921+0000] {logging_mixin.py:188} INFO - [2024-04-12T09:14:39.921+0000] {dagbag.py:540} INFO - Filling up the DagBag from /home/airflow/.local/lib/python3.8/site-packages/airflow/example_dags/example_datasets.py
[2024-04-12T09:14:39.935+0000] {processor.py:840} INFO - DAG(s) 'dataset_produces_1', 'dataset_produces_2', 'dataset_consumes_1_and_2', 'dataset_consumes_unknown_never_scheduled', 'dataset_consumes_1_never_scheduled', 'dataset_consumes_1' retrieved from /home/airflow/.local/lib/python3.8/site-packages/airflow/example_dags/example_datasets.py
[2024-04-12T09:14:40.009+0000] {logging_mixin.py:188} INFO - [2024-04-12T09:14:40.009+0000] {dag.py:3047} INFO - Sync 6 DAGs
[2024-04-12T09:14:40.046+0000] {logging_mixin.py:188} INFO - [2024-04-12T09:14:40.046+0000] {dag.py:3834} INFO - Setting next_dagrun for dataset_consumes_1 to None, run_after=None
[2024-04-12T09:14:40.053+0000] {logging_mixin.py:188} INFO - [2024-04-12T09:14:40.053+0000] {dag.py:3834} INFO - Setting next_dagrun for dataset_consumes_1_and_2 to None, run_after=None
[2024-04-12T09:14:40.056+0000] {logging_mixin.py:188} INFO - [2024-04-12T09:14:40.056+0000] {dag.py:3834} INFO - Setting next_dagrun for dataset_consumes_1_never_scheduled to None, run_after=None
[2024-04-12T09:14:40.060+0000] {logging_mixin.py:188} INFO - [2024-04-12T09:14:40.060+0000] {dag.py:3834} INFO - Setting next_dagrun for dataset_consumes_unknown_never_scheduled to None, run_after=None
[2024-04-12T09:14:40.065+0000] {logging_mixin.py:188} INFO - [2024-04-12T09:14:40.065+0000] {dag.py:3834} INFO - Setting next_dagrun for dataset_produces_1 to 2024-04-11 00:00:00+00:00, run_after=2024-04-12 00:00:00+00:00
[2024-04-12T09:14:40.069+0000] {logging_mixin.py:188} INFO - [2024-04-12T09:14:40.069+0000] {dag.py:3834} INFO - Setting next_dagrun for dataset_produces_2 to None, run_after=None
[2024-04-12T09:14:40.135+0000] {processor.py:183} INFO - Processing /home/airflow/.local/lib/python3.8/site-packages/airflow/example_dags/example_datasets.py took 0.221 seconds
[2024-04-12T09:15:10.947+0000] {processor.py:161} INFO - Started process (PID=1550) to work on /home/airflow/.local/lib/python3.8/site-packages/airflow/example_dags/example_datasets.py
[2024-04-12T09:15:10.948+0000] {processor.py:830} INFO - Processing file /home/airflow/.local/lib/python3.8/site-packages/airflow/example_dags/example_datasets.py for tasks to queue
[2024-04-12T09:15:10.949+0000] {logging_mixin.py:188} INFO - [2024-04-12T09:15:10.949+0000] {dagbag.py:540} INFO - Filling up the DagBag from /home/airflow/.local/lib/python3.8/site-packages/airflow/example_dags/example_datasets.py
[2024-04-12T09:15:10.959+0000] {processor.py:840} INFO - DAG(s) 'dataset_consumes_1', 'dataset_consumes_1_and_2', 'dataset_produces_2', 'dataset_consumes_1_never_scheduled', 'dataset_consumes_unknown_never_scheduled', 'dataset_produces_1' retrieved from /home/airflow/.local/lib/python3.8/site-packages/airflow/example_dags/example_datasets.py
[2024-04-12T09:15:11.005+0000] {logging_mixin.py:188} INFO - [2024-04-12T09:15:11.005+0000] {dag.py:3047} INFO - Sync 6 DAGs
[2024-04-12T09:15:11.027+0000] {logging_mixin.py:188} INFO - [2024-04-12T09:15:11.027+0000] {dag.py:3834} INFO - Setting next_dagrun for dataset_consumes_1 to None, run_after=None
[2024-04-12T09:15:11.033+0000] {logging_mixin.py:188} INFO - [2024-04-12T09:15:11.033+0000] {dag.py:3834} INFO - Setting next_dagrun for dataset_consumes_1_and_2 to None, run_after=None
[2024-04-12T09:15:11.035+0000] {logging_mixin.py:188} INFO - [2024-04-12T09:15:11.035+0000] {dag.py:3834} INFO - Setting next_dagrun for dataset_consumes_1_never_scheduled to None, run_after=None
[2024-04-12T09:15:11.038+0000] {logging_mixin.py:188} INFO - [2024-04-12T09:15:11.037+0000] {dag.py:3834} INFO - Setting next_dagrun for dataset_consumes_unknown_never_scheduled to None, run_after=None
[2024-04-12T09:15:11.041+0000] {logging_mixin.py:188} INFO - [2024-04-12T09:15:11.041+0000] {dag.py:3834} INFO - Setting next_dagrun for dataset_produces_1 to 2024-04-11 00:00:00+00:00, run_after=2024-04-12 00:00:00+00:00
[2024-04-12T09:15:11.044+0000] {logging_mixin.py:188} INFO - [2024-04-12T09:15:11.043+0000] {dag.py:3834} INFO - Setting next_dagrun for dataset_produces_2 to None, run_after=None
[2024-04-12T09:15:11.088+0000] {processor.py:183} INFO - Processing /home/airflow/.local/lib/python3.8/site-packages/airflow/example_dags/example_datasets.py took 0.143 seconds
[2024-04-12T09:15:42.199+0000] {processor.py:161} INFO - Started process (PID=1608) to work on /home/airflow/.local/lib/python3.8/site-packages/airflow/example_dags/example_datasets.py
[2024-04-12T09:15:42.200+0000] {processor.py:830} INFO - Processing file /home/airflow/.local/lib/python3.8/site-packages/airflow/example_dags/example_datasets.py for tasks to queue
[2024-04-12T09:15:42.201+0000] {logging_mixin.py:188} INFO - [2024-04-12T09:15:42.201+0000] {dagbag.py:540} INFO - Filling up the DagBag from /home/airflow/.local/lib/python3.8/site-packages/airflow/example_dags/example_datasets.py
[2024-04-12T09:15:42.215+0000] {processor.py:840} INFO - DAG(s) 'dataset_consumes_unknown_never_scheduled', 'dataset_produces_1', 'dataset_produces_2', 'dataset_consumes_1_and_2', 'dataset_consumes_1_never_scheduled', 'dataset_consumes_1' retrieved from /home/airflow/.local/lib/python3.8/site-packages/airflow/example_dags/example_datasets.py
[2024-04-12T09:15:42.290+0000] {logging_mixin.py:188} INFO - [2024-04-12T09:15:42.289+0000] {dag.py:3047} INFO - Sync 6 DAGs
[2024-04-12T09:15:42.324+0000] {logging_mixin.py:188} INFO - [2024-04-12T09:15:42.323+0000] {dag.py:3834} INFO - Setting next_dagrun for dataset_consumes_1 to None, run_after=None
[2024-04-12T09:15:42.330+0000] {logging_mixin.py:188} INFO - [2024-04-12T09:15:42.330+0000] {dag.py:3834} INFO - Setting next_dagrun for dataset_consumes_1_and_2 to None, run_after=None
[2024-04-12T09:15:42.333+0000] {logging_mixin.py:188} INFO - [2024-04-12T09:15:42.333+0000] {dag.py:3834} INFO - Setting next_dagrun for dataset_consumes_1_never_scheduled to None, run_after=None
[2024-04-12T09:15:42.336+0000] {logging_mixin.py:188} INFO - [2024-04-12T09:15:42.336+0000] {dag.py:3834} INFO - Setting next_dagrun for dataset_consumes_unknown_never_scheduled to None, run_after=None
[2024-04-12T09:15:42.341+0000] {logging_mixin.py:188} INFO - [2024-04-12T09:15:42.341+0000] {dag.py:3834} INFO - Setting next_dagrun for dataset_produces_1 to 2024-04-11 00:00:00+00:00, run_after=2024-04-12 00:00:00+00:00
[2024-04-12T09:15:42.344+0000] {logging_mixin.py:188} INFO - [2024-04-12T09:15:42.343+0000] {dag.py:3834} INFO - Setting next_dagrun for dataset_produces_2 to None, run_after=None
[2024-04-12T09:15:42.398+0000] {processor.py:183} INFO - Processing /home/airflow/.local/lib/python3.8/site-packages/airflow/example_dags/example_datasets.py took 0.203 seconds
[2024-04-12T09:16:16.546+0000] {processor.py:161} INFO - Started process (PID=1664) to work on /home/airflow/.local/lib/python3.8/site-packages/airflow/example_dags/example_datasets.py
[2024-04-12T09:16:16.549+0000] {processor.py:830} INFO - Processing file /home/airflow/.local/lib/python3.8/site-packages/airflow/example_dags/example_datasets.py for tasks to queue
[2024-04-12T09:16:16.553+0000] {logging_mixin.py:188} INFO - [2024-04-12T09:16:16.552+0000] {dagbag.py:540} INFO - Filling up the DagBag from /home/airflow/.local/lib/python3.8/site-packages/airflow/example_dags/example_datasets.py
[2024-04-12T09:16:16.568+0000] {processor.py:840} INFO - DAG(s) 'dataset_consumes_1', 'dataset_produces_2', 'dataset_consumes_1_and_2', 'dataset_consumes_unknown_never_scheduled', 'dataset_produces_1', 'dataset_consumes_1_never_scheduled' retrieved from /home/airflow/.local/lib/python3.8/site-packages/airflow/example_dags/example_datasets.py
[2024-04-12T09:16:16.652+0000] {logging_mixin.py:188} INFO - [2024-04-12T09:16:16.651+0000] {dag.py:3047} INFO - Sync 6 DAGs
[2024-04-12T09:16:16.702+0000] {logging_mixin.py:188} INFO - [2024-04-12T09:16:16.701+0000] {dag.py:3834} INFO - Setting next_dagrun for dataset_consumes_1 to None, run_after=None
[2024-04-12T09:16:16.708+0000] {logging_mixin.py:188} INFO - [2024-04-12T09:16:16.708+0000] {dag.py:3834} INFO - Setting next_dagrun for dataset_consumes_1_and_2 to None, run_after=None
[2024-04-12T09:16:16.711+0000] {logging_mixin.py:188} INFO - [2024-04-12T09:16:16.711+0000] {dag.py:3834} INFO - Setting next_dagrun for dataset_consumes_1_never_scheduled to None, run_after=None
[2024-04-12T09:16:16.714+0000] {logging_mixin.py:188} INFO - [2024-04-12T09:16:16.714+0000] {dag.py:3834} INFO - Setting next_dagrun for dataset_consumes_unknown_never_scheduled to None, run_after=None
[2024-04-12T09:16:16.719+0000] {logging_mixin.py:188} INFO - [2024-04-12T09:16:16.718+0000] {dag.py:3834} INFO - Setting next_dagrun for dataset_produces_1 to 2024-04-11 00:00:00+00:00, run_after=2024-04-12 00:00:00+00:00
[2024-04-12T09:16:16.721+0000] {logging_mixin.py:188} INFO - [2024-04-12T09:16:16.721+0000] {dag.py:3834} INFO - Setting next_dagrun for dataset_produces_2 to None, run_after=None
[2024-04-12T09:16:16.809+0000] {processor.py:183} INFO - Processing /home/airflow/.local/lib/python3.8/site-packages/airflow/example_dags/example_datasets.py took 0.268 seconds
