[2024-04-12T09:01:32.215+0000] {processor.py:161} INFO - Started process (PID=74) to work on /home/airflow/.local/lib/python3.8/site-packages/airflow/example_dags/example_task_group.py
[2024-04-12T09:01:32.216+0000] {processor.py:830} INFO - Processing file /home/airflow/.local/lib/python3.8/site-packages/airflow/example_dags/example_task_group.py for tasks to queue
[2024-04-12T09:01:32.219+0000] {logging_mixin.py:188} INFO - [2024-04-12T09:01:32.218+0000] {dagbag.py:540} INFO - Filling up the DagBag from /home/airflow/.local/lib/python3.8/site-packages/airflow/example_dags/example_task_group.py
[2024-04-12T09:01:32.228+0000] {processor.py:840} INFO - DAG(s) 'example_task_group' retrieved from /home/airflow/.local/lib/python3.8/site-packages/airflow/example_dags/example_task_group.py
[2024-04-12T09:01:32.438+0000] {logging_mixin.py:188} INFO - [2024-04-12T09:01:32.436+0000] {override.py:1769} INFO - Created Permission View: can read on DAG:example_task_group
[2024-04-12T09:01:32.465+0000] {logging_mixin.py:188} INFO - [2024-04-12T09:01:32.464+0000] {override.py:1769} INFO - Created Permission View: can edit on DAG:example_task_group
[2024-04-12T09:01:32.488+0000] {logging_mixin.py:188} INFO - [2024-04-12T09:01:32.487+0000] {override.py:1769} INFO - Created Permission View: can delete on DAG:example_task_group
[2024-04-12T09:01:32.489+0000] {logging_mixin.py:188} INFO - [2024-04-12T09:01:32.488+0000] {dag.py:3047} INFO - Sync 1 DAGs
[2024-04-12T09:01:32.512+0000] {logging_mixin.py:188} INFO - [2024-04-12T09:01:32.511+0000] {dag.py:3069} INFO - Creating ORM DAG for example_task_group
[2024-04-12T09:01:32.531+0000] {logging_mixin.py:188} INFO - [2024-04-12T09:01:32.530+0000] {dag.py:3834} INFO - Setting next_dagrun for example_task_group to 2024-04-11 00:00:00+00:00, run_after=2024-04-12 00:00:00+00:00
[2024-04-12T09:01:32.629+0000] {processor.py:183} INFO - Processing /home/airflow/.local/lib/python3.8/site-packages/airflow/example_dags/example_task_group.py took 0.416 seconds
[2024-04-12T09:02:03.644+0000] {processor.py:161} INFO - Started process (PID=132) to work on /home/airflow/.local/lib/python3.8/site-packages/airflow/example_dags/example_task_group.py
[2024-04-12T09:02:03.646+0000] {processor.py:830} INFO - Processing file /home/airflow/.local/lib/python3.8/site-packages/airflow/example_dags/example_task_group.py for tasks to queue
[2024-04-12T09:02:03.649+0000] {logging_mixin.py:188} INFO - [2024-04-12T09:02:03.648+0000] {dagbag.py:540} INFO - Filling up the DagBag from /home/airflow/.local/lib/python3.8/site-packages/airflow/example_dags/example_task_group.py
[2024-04-12T09:02:03.684+0000] {processor.py:840} INFO - DAG(s) 'example_task_group' retrieved from /home/airflow/.local/lib/python3.8/site-packages/airflow/example_dags/example_task_group.py
[2024-04-12T09:02:03.767+0000] {logging_mixin.py:188} INFO - [2024-04-12T09:02:03.766+0000] {dag.py:3047} INFO - Sync 1 DAGs
[2024-04-12T09:02:03.808+0000] {logging_mixin.py:188} INFO - [2024-04-12T09:02:03.808+0000] {dag.py:3834} INFO - Setting next_dagrun for example_task_group to 2024-04-11 00:00:00+00:00, run_after=2024-04-12 00:00:00+00:00
[2024-04-12T09:02:03.947+0000] {processor.py:183} INFO - Processing /home/airflow/.local/lib/python3.8/site-packages/airflow/example_dags/example_task_group.py took 0.311 seconds
[2024-04-12T09:02:45.409+0000] {processor.py:161} INFO - Started process (PID=196) to work on /home/airflow/.local/lib/python3.8/site-packages/airflow/example_dags/example_task_group.py
[2024-04-12T09:02:45.413+0000] {processor.py:830} INFO - Processing file /home/airflow/.local/lib/python3.8/site-packages/airflow/example_dags/example_task_group.py for tasks to queue
[2024-04-12T09:02:45.418+0000] {logging_mixin.py:188} INFO - [2024-04-12T09:02:45.417+0000] {dagbag.py:540} INFO - Filling up the DagBag from /home/airflow/.local/lib/python3.8/site-packages/airflow/example_dags/example_task_group.py
[2024-04-12T09:02:45.447+0000] {processor.py:840} INFO - DAG(s) 'example_task_group' retrieved from /home/airflow/.local/lib/python3.8/site-packages/airflow/example_dags/example_task_group.py
[2024-04-12T09:02:45.519+0000] {logging_mixin.py:188} INFO - [2024-04-12T09:02:45.519+0000] {dag.py:3047} INFO - Sync 1 DAGs
[2024-04-12T09:02:45.566+0000] {logging_mixin.py:188} INFO - [2024-04-12T09:02:45.565+0000] {dag.py:3834} INFO - Setting next_dagrun for example_task_group to 2024-04-11 00:00:00+00:00, run_after=2024-04-12 00:00:00+00:00
[2024-04-12T09:02:45.617+0000] {processor.py:183} INFO - Processing /home/airflow/.local/lib/python3.8/site-packages/airflow/example_dags/example_task_group.py took 0.217 seconds
[2024-04-12T09:03:15.732+0000] {processor.py:161} INFO - Started process (PID=254) to work on /home/airflow/.local/lib/python3.8/site-packages/airflow/example_dags/example_task_group.py
[2024-04-12T09:03:15.737+0000] {processor.py:830} INFO - Processing file /home/airflow/.local/lib/python3.8/site-packages/airflow/example_dags/example_task_group.py for tasks to queue
[2024-04-12T09:03:15.745+0000] {logging_mixin.py:188} INFO - [2024-04-12T09:03:15.743+0000] {dagbag.py:540} INFO - Filling up the DagBag from /home/airflow/.local/lib/python3.8/site-packages/airflow/example_dags/example_task_group.py
[2024-04-12T09:03:15.773+0000] {processor.py:840} INFO - DAG(s) 'example_task_group' retrieved from /home/airflow/.local/lib/python3.8/site-packages/airflow/example_dags/example_task_group.py
[2024-04-12T09:03:15.840+0000] {logging_mixin.py:188} INFO - [2024-04-12T09:03:15.839+0000] {dag.py:3047} INFO - Sync 1 DAGs
[2024-04-12T09:03:15.910+0000] {logging_mixin.py:188} INFO - [2024-04-12T09:03:15.909+0000] {dag.py:3834} INFO - Setting next_dagrun for example_task_group to 2024-04-11 00:00:00+00:00, run_after=2024-04-12 00:00:00+00:00
[2024-04-12T09:03:15.986+0000] {processor.py:183} INFO - Processing /home/airflow/.local/lib/python3.8/site-packages/airflow/example_dags/example_task_group.py took 0.264 seconds
[2024-04-12T09:03:46.348+0000] {processor.py:161} INFO - Started process (PID=312) to work on /home/airflow/.local/lib/python3.8/site-packages/airflow/example_dags/example_task_group.py
[2024-04-12T09:03:46.349+0000] {processor.py:830} INFO - Processing file /home/airflow/.local/lib/python3.8/site-packages/airflow/example_dags/example_task_group.py for tasks to queue
[2024-04-12T09:03:46.352+0000] {logging_mixin.py:188} INFO - [2024-04-12T09:03:46.351+0000] {dagbag.py:540} INFO - Filling up the DagBag from /home/airflow/.local/lib/python3.8/site-packages/airflow/example_dags/example_task_group.py
[2024-04-12T09:03:46.358+0000] {processor.py:840} INFO - DAG(s) 'example_task_group' retrieved from /home/airflow/.local/lib/python3.8/site-packages/airflow/example_dags/example_task_group.py
[2024-04-12T09:03:46.385+0000] {logging_mixin.py:188} INFO - [2024-04-12T09:03:46.385+0000] {dag.py:3047} INFO - Sync 1 DAGs
[2024-04-12T09:03:46.412+0000] {logging_mixin.py:188} INFO - [2024-04-12T09:03:46.412+0000] {dag.py:3834} INFO - Setting next_dagrun for example_task_group to 2024-04-11 00:00:00+00:00, run_after=2024-04-12 00:00:00+00:00
[2024-04-12T09:03:46.445+0000] {processor.py:183} INFO - Processing /home/airflow/.local/lib/python3.8/site-packages/airflow/example_dags/example_task_group.py took 0.100 seconds
[2024-04-12T09:04:16.822+0000] {processor.py:161} INFO - Started process (PID=370) to work on /home/airflow/.local/lib/python3.8/site-packages/airflow/example_dags/example_task_group.py
[2024-04-12T09:04:16.825+0000] {processor.py:830} INFO - Processing file /home/airflow/.local/lib/python3.8/site-packages/airflow/example_dags/example_task_group.py for tasks to queue
[2024-04-12T09:04:16.829+0000] {logging_mixin.py:188} INFO - [2024-04-12T09:04:16.828+0000] {dagbag.py:540} INFO - Filling up the DagBag from /home/airflow/.local/lib/python3.8/site-packages/airflow/example_dags/example_task_group.py
[2024-04-12T09:04:16.843+0000] {processor.py:840} INFO - DAG(s) 'example_task_group' retrieved from /home/airflow/.local/lib/python3.8/site-packages/airflow/example_dags/example_task_group.py
[2024-04-12T09:04:16.894+0000] {logging_mixin.py:188} INFO - [2024-04-12T09:04:16.893+0000] {dag.py:3047} INFO - Sync 1 DAGs
[2024-04-12T09:04:16.942+0000] {logging_mixin.py:188} INFO - [2024-04-12T09:04:16.941+0000] {dag.py:3834} INFO - Setting next_dagrun for example_task_group to 2024-04-11 00:00:00+00:00, run_after=2024-04-12 00:00:00+00:00
[2024-04-12T09:04:16.993+0000] {processor.py:183} INFO - Processing /home/airflow/.local/lib/python3.8/site-packages/airflow/example_dags/example_task_group.py took 0.177 seconds
[2024-04-12T09:05:15.041+0000] {processor.py:161} INFO - Started process (PID=434) to work on /home/airflow/.local/lib/python3.8/site-packages/airflow/example_dags/example_task_group.py
[2024-04-12T09:05:15.042+0000] {processor.py:830} INFO - Processing file /home/airflow/.local/lib/python3.8/site-packages/airflow/example_dags/example_task_group.py for tasks to queue
[2024-04-12T09:05:15.044+0000] {logging_mixin.py:188} INFO - [2024-04-12T09:05:15.043+0000] {dagbag.py:540} INFO - Filling up the DagBag from /home/airflow/.local/lib/python3.8/site-packages/airflow/example_dags/example_task_group.py
[2024-04-12T09:05:15.057+0000] {processor.py:840} INFO - DAG(s) 'example_task_group' retrieved from /home/airflow/.local/lib/python3.8/site-packages/airflow/example_dags/example_task_group.py
[2024-04-12T09:05:15.082+0000] {logging_mixin.py:188} INFO - [2024-04-12T09:05:15.082+0000] {dag.py:3047} INFO - Sync 1 DAGs
[2024-04-12T09:05:15.110+0000] {logging_mixin.py:188} INFO - [2024-04-12T09:05:15.110+0000] {dag.py:3834} INFO - Setting next_dagrun for example_task_group to 2024-04-11 00:00:00+00:00, run_after=2024-04-12 00:00:00+00:00
[2024-04-12T09:05:15.143+0000] {processor.py:183} INFO - Processing /home/airflow/.local/lib/python3.8/site-packages/airflow/example_dags/example_task_group.py took 0.105 seconds
[2024-04-12T09:05:46.031+0000] {processor.py:161} INFO - Started process (PID=492) to work on /home/airflow/.local/lib/python3.8/site-packages/airflow/example_dags/example_task_group.py
[2024-04-12T09:05:46.032+0000] {processor.py:830} INFO - Processing file /home/airflow/.local/lib/python3.8/site-packages/airflow/example_dags/example_task_group.py for tasks to queue
[2024-04-12T09:05:46.034+0000] {logging_mixin.py:188} INFO - [2024-04-12T09:05:46.033+0000] {dagbag.py:540} INFO - Filling up the DagBag from /home/airflow/.local/lib/python3.8/site-packages/airflow/example_dags/example_task_group.py
[2024-04-12T09:05:46.042+0000] {processor.py:840} INFO - DAG(s) 'example_task_group' retrieved from /home/airflow/.local/lib/python3.8/site-packages/airflow/example_dags/example_task_group.py
[2024-04-12T09:05:46.068+0000] {logging_mixin.py:188} INFO - [2024-04-12T09:05:46.068+0000] {dag.py:3047} INFO - Sync 1 DAGs
[2024-04-12T09:05:46.097+0000] {logging_mixin.py:188} INFO - [2024-04-12T09:05:46.097+0000] {dag.py:3834} INFO - Setting next_dagrun for example_task_group to 2024-04-11 00:00:00+00:00, run_after=2024-04-12 00:00:00+00:00
[2024-04-12T09:05:46.131+0000] {processor.py:183} INFO - Processing /home/airflow/.local/lib/python3.8/site-packages/airflow/example_dags/example_task_group.py took 0.102 seconds
[2024-04-12T09:06:17.057+0000] {processor.py:161} INFO - Started process (PID=551) to work on /home/airflow/.local/lib/python3.8/site-packages/airflow/example_dags/example_task_group.py
[2024-04-12T09:06:17.059+0000] {processor.py:830} INFO - Processing file /home/airflow/.local/lib/python3.8/site-packages/airflow/example_dags/example_task_group.py for tasks to queue
[2024-04-12T09:06:17.060+0000] {logging_mixin.py:188} INFO - [2024-04-12T09:06:17.059+0000] {dagbag.py:540} INFO - Filling up the DagBag from /home/airflow/.local/lib/python3.8/site-packages/airflow/example_dags/example_task_group.py
[2024-04-12T09:06:17.067+0000] {processor.py:840} INFO - DAG(s) 'example_task_group' retrieved from /home/airflow/.local/lib/python3.8/site-packages/airflow/example_dags/example_task_group.py
[2024-04-12T09:06:17.098+0000] {logging_mixin.py:188} INFO - [2024-04-12T09:06:17.098+0000] {dag.py:3047} INFO - Sync 1 DAGs
[2024-04-12T09:06:17.123+0000] {logging_mixin.py:188} INFO - [2024-04-12T09:06:17.122+0000] {dag.py:3834} INFO - Setting next_dagrun for example_task_group to 2024-04-11 00:00:00+00:00, run_after=2024-04-12 00:00:00+00:00
[2024-04-12T09:06:17.154+0000] {processor.py:183} INFO - Processing /home/airflow/.local/lib/python3.8/site-packages/airflow/example_dags/example_task_group.py took 0.100 seconds
[2024-04-12T09:06:47.818+0000] {processor.py:161} INFO - Started process (PID=609) to work on /home/airflow/.local/lib/python3.8/site-packages/airflow/example_dags/example_task_group.py
[2024-04-12T09:06:47.819+0000] {processor.py:830} INFO - Processing file /home/airflow/.local/lib/python3.8/site-packages/airflow/example_dags/example_task_group.py for tasks to queue
[2024-04-12T09:06:47.820+0000] {logging_mixin.py:188} INFO - [2024-04-12T09:06:47.820+0000] {dagbag.py:540} INFO - Filling up the DagBag from /home/airflow/.local/lib/python3.8/site-packages/airflow/example_dags/example_task_group.py
[2024-04-12T09:06:47.828+0000] {processor.py:840} INFO - DAG(s) 'example_task_group' retrieved from /home/airflow/.local/lib/python3.8/site-packages/airflow/example_dags/example_task_group.py
[2024-04-12T09:06:47.854+0000] {logging_mixin.py:188} INFO - [2024-04-12T09:06:47.854+0000] {dag.py:3047} INFO - Sync 1 DAGs
[2024-04-12T09:06:47.880+0000] {logging_mixin.py:188} INFO - [2024-04-12T09:06:47.879+0000] {dag.py:3834} INFO - Setting next_dagrun for example_task_group to 2024-04-11 00:00:00+00:00, run_after=2024-04-12 00:00:00+00:00
[2024-04-12T09:06:47.912+0000] {processor.py:183} INFO - Processing /home/airflow/.local/lib/python3.8/site-packages/airflow/example_dags/example_task_group.py took 0.097 seconds
[2024-04-12T09:07:18.564+0000] {processor.py:161} INFO - Started process (PID=665) to work on /home/airflow/.local/lib/python3.8/site-packages/airflow/example_dags/example_task_group.py
[2024-04-12T09:07:18.568+0000] {processor.py:830} INFO - Processing file /home/airflow/.local/lib/python3.8/site-packages/airflow/example_dags/example_task_group.py for tasks to queue
[2024-04-12T09:07:18.572+0000] {logging_mixin.py:188} INFO - [2024-04-12T09:07:18.571+0000] {dagbag.py:540} INFO - Filling up the DagBag from /home/airflow/.local/lib/python3.8/site-packages/airflow/example_dags/example_task_group.py
[2024-04-12T09:07:18.589+0000] {processor.py:840} INFO - DAG(s) 'example_task_group' retrieved from /home/airflow/.local/lib/python3.8/site-packages/airflow/example_dags/example_task_group.py
[2024-04-12T09:07:18.647+0000] {logging_mixin.py:188} INFO - [2024-04-12T09:07:18.646+0000] {dag.py:3047} INFO - Sync 1 DAGs
[2024-04-12T09:07:18.698+0000] {logging_mixin.py:188} INFO - [2024-04-12T09:07:18.697+0000] {dag.py:3834} INFO - Setting next_dagrun for example_task_group to 2024-04-11 00:00:00+00:00, run_after=2024-04-12 00:00:00+00:00
[2024-04-12T09:07:18.754+0000] {processor.py:183} INFO - Processing /home/airflow/.local/lib/python3.8/site-packages/airflow/example_dags/example_task_group.py took 0.208 seconds
[2024-04-12T09:07:49.402+0000] {processor.py:161} INFO - Started process (PID=723) to work on /home/airflow/.local/lib/python3.8/site-packages/airflow/example_dags/example_task_group.py
[2024-04-12T09:07:49.404+0000] {processor.py:830} INFO - Processing file /home/airflow/.local/lib/python3.8/site-packages/airflow/example_dags/example_task_group.py for tasks to queue
[2024-04-12T09:07:49.406+0000] {logging_mixin.py:188} INFO - [2024-04-12T09:07:49.405+0000] {dagbag.py:540} INFO - Filling up the DagBag from /home/airflow/.local/lib/python3.8/site-packages/airflow/example_dags/example_task_group.py
[2024-04-12T09:07:49.418+0000] {processor.py:840} INFO - DAG(s) 'example_task_group' retrieved from /home/airflow/.local/lib/python3.8/site-packages/airflow/example_dags/example_task_group.py
[2024-04-12T09:07:49.469+0000] {logging_mixin.py:188} INFO - [2024-04-12T09:07:49.469+0000] {dag.py:3047} INFO - Sync 1 DAGs
[2024-04-12T09:07:49.501+0000] {logging_mixin.py:188} INFO - [2024-04-12T09:07:49.500+0000] {dag.py:3834} INFO - Setting next_dagrun for example_task_group to 2024-04-11 00:00:00+00:00, run_after=2024-04-12 00:00:00+00:00
[2024-04-12T09:07:49.537+0000] {processor.py:183} INFO - Processing /home/airflow/.local/lib/python3.8/site-packages/airflow/example_dags/example_task_group.py took 0.142 seconds
[2024-04-12T09:08:19.653+0000] {processor.py:161} INFO - Started process (PID=780) to work on /home/airflow/.local/lib/python3.8/site-packages/airflow/example_dags/example_task_group.py
[2024-04-12T09:08:19.654+0000] {processor.py:830} INFO - Processing file /home/airflow/.local/lib/python3.8/site-packages/airflow/example_dags/example_task_group.py for tasks to queue
[2024-04-12T09:08:19.656+0000] {logging_mixin.py:188} INFO - [2024-04-12T09:08:19.655+0000] {dagbag.py:540} INFO - Filling up the DagBag from /home/airflow/.local/lib/python3.8/site-packages/airflow/example_dags/example_task_group.py
[2024-04-12T09:08:19.662+0000] {processor.py:840} INFO - DAG(s) 'example_task_group' retrieved from /home/airflow/.local/lib/python3.8/site-packages/airflow/example_dags/example_task_group.py
[2024-04-12T09:08:19.684+0000] {logging_mixin.py:188} INFO - [2024-04-12T09:08:19.683+0000] {dag.py:3047} INFO - Sync 1 DAGs
[2024-04-12T09:08:19.707+0000] {logging_mixin.py:188} INFO - [2024-04-12T09:08:19.707+0000] {dag.py:3834} INFO - Setting next_dagrun for example_task_group to 2024-04-11 00:00:00+00:00, run_after=2024-04-12 00:00:00+00:00
[2024-04-12T09:08:19.730+0000] {processor.py:183} INFO - Processing /home/airflow/.local/lib/python3.8/site-packages/airflow/example_dags/example_task_group.py took 0.079 seconds
[2024-04-12T09:08:50.082+0000] {processor.py:161} INFO - Started process (PID=838) to work on /home/airflow/.local/lib/python3.8/site-packages/airflow/example_dags/example_task_group.py
[2024-04-12T09:08:50.087+0000] {processor.py:830} INFO - Processing file /home/airflow/.local/lib/python3.8/site-packages/airflow/example_dags/example_task_group.py for tasks to queue
[2024-04-12T09:08:50.089+0000] {logging_mixin.py:188} INFO - [2024-04-12T09:08:50.089+0000] {dagbag.py:540} INFO - Filling up the DagBag from /home/airflow/.local/lib/python3.8/site-packages/airflow/example_dags/example_task_group.py
[2024-04-12T09:08:50.105+0000] {processor.py:840} INFO - DAG(s) 'example_task_group' retrieved from /home/airflow/.local/lib/python3.8/site-packages/airflow/example_dags/example_task_group.py
[2024-04-12T09:08:50.152+0000] {logging_mixin.py:188} INFO - [2024-04-12T09:08:50.151+0000] {dag.py:3047} INFO - Sync 1 DAGs
[2024-04-12T09:08:50.197+0000] {logging_mixin.py:188} INFO - [2024-04-12T09:08:50.197+0000] {dag.py:3834} INFO - Setting next_dagrun for example_task_group to 2024-04-11 00:00:00+00:00, run_after=2024-04-12 00:00:00+00:00
[2024-04-12T09:08:50.246+0000] {processor.py:183} INFO - Processing /home/airflow/.local/lib/python3.8/site-packages/airflow/example_dags/example_task_group.py took 0.169 seconds
[2024-04-12T09:09:20.367+0000] {processor.py:161} INFO - Started process (PID=896) to work on /home/airflow/.local/lib/python3.8/site-packages/airflow/example_dags/example_task_group.py
[2024-04-12T09:09:20.368+0000] {processor.py:830} INFO - Processing file /home/airflow/.local/lib/python3.8/site-packages/airflow/example_dags/example_task_group.py for tasks to queue
[2024-04-12T09:09:20.369+0000] {logging_mixin.py:188} INFO - [2024-04-12T09:09:20.369+0000] {dagbag.py:540} INFO - Filling up the DagBag from /home/airflow/.local/lib/python3.8/site-packages/airflow/example_dags/example_task_group.py
[2024-04-12T09:09:20.376+0000] {processor.py:840} INFO - DAG(s) 'example_task_group' retrieved from /home/airflow/.local/lib/python3.8/site-packages/airflow/example_dags/example_task_group.py
[2024-04-12T09:09:20.397+0000] {logging_mixin.py:188} INFO - [2024-04-12T09:09:20.397+0000] {dag.py:3047} INFO - Sync 1 DAGs
[2024-04-12T09:09:20.422+0000] {logging_mixin.py:188} INFO - [2024-04-12T09:09:20.422+0000] {dag.py:3834} INFO - Setting next_dagrun for example_task_group to 2024-04-11 00:00:00+00:00, run_after=2024-04-12 00:00:00+00:00
[2024-04-12T09:09:20.447+0000] {processor.py:183} INFO - Processing /home/airflow/.local/lib/python3.8/site-packages/airflow/example_dags/example_task_group.py took 0.083 seconds
[2024-04-12T09:09:50.723+0000] {processor.py:161} INFO - Started process (PID=954) to work on /home/airflow/.local/lib/python3.8/site-packages/airflow/example_dags/example_task_group.py
[2024-04-12T09:09:50.724+0000] {processor.py:830} INFO - Processing file /home/airflow/.local/lib/python3.8/site-packages/airflow/example_dags/example_task_group.py for tasks to queue
[2024-04-12T09:09:50.726+0000] {logging_mixin.py:188} INFO - [2024-04-12T09:09:50.725+0000] {dagbag.py:540} INFO - Filling up the DagBag from /home/airflow/.local/lib/python3.8/site-packages/airflow/example_dags/example_task_group.py
[2024-04-12T09:09:50.735+0000] {processor.py:840} INFO - DAG(s) 'example_task_group' retrieved from /home/airflow/.local/lib/python3.8/site-packages/airflow/example_dags/example_task_group.py
[2024-04-12T09:09:50.761+0000] {logging_mixin.py:188} INFO - [2024-04-12T09:09:50.760+0000] {dag.py:3047} INFO - Sync 1 DAGs
[2024-04-12T09:09:50.788+0000] {logging_mixin.py:188} INFO - [2024-04-12T09:09:50.788+0000] {dag.py:3834} INFO - Setting next_dagrun for example_task_group to 2024-04-11 00:00:00+00:00, run_after=2024-04-12 00:00:00+00:00
[2024-04-12T09:09:50.848+0000] {processor.py:183} INFO - Processing /home/airflow/.local/lib/python3.8/site-packages/airflow/example_dags/example_task_group.py took 0.128 seconds
[2024-04-12T09:10:27.504+0000] {processor.py:161} INFO - Started process (PID=1012) to work on /home/airflow/.local/lib/python3.8/site-packages/airflow/example_dags/example_task_group.py
[2024-04-12T09:10:27.510+0000] {processor.py:830} INFO - Processing file /home/airflow/.local/lib/python3.8/site-packages/airflow/example_dags/example_task_group.py for tasks to queue
[2024-04-12T09:10:27.516+0000] {logging_mixin.py:188} INFO - [2024-04-12T09:10:27.515+0000] {dagbag.py:540} INFO - Filling up the DagBag from /home/airflow/.local/lib/python3.8/site-packages/airflow/example_dags/example_task_group.py
[2024-04-12T09:10:27.550+0000] {processor.py:840} INFO - DAG(s) 'example_task_group' retrieved from /home/airflow/.local/lib/python3.8/site-packages/airflow/example_dags/example_task_group.py
[2024-04-12T09:10:27.679+0000] {logging_mixin.py:188} INFO - [2024-04-12T09:10:27.677+0000] {dag.py:3047} INFO - Sync 1 DAGs
[2024-04-12T09:10:27.815+0000] {logging_mixin.py:188} INFO - [2024-04-12T09:10:27.810+0000] {dag.py:3834} INFO - Setting next_dagrun for example_task_group to 2024-04-11 00:00:00+00:00, run_after=2024-04-12 00:00:00+00:00
[2024-04-12T09:10:27.943+0000] {processor.py:183} INFO - Processing /home/airflow/.local/lib/python3.8/site-packages/airflow/example_dags/example_task_group.py took 0.465 seconds
[2024-04-12T09:10:58.116+0000] {processor.py:161} INFO - Started process (PID=1070) to work on /home/airflow/.local/lib/python3.8/site-packages/airflow/example_dags/example_task_group.py
[2024-04-12T09:10:58.122+0000] {processor.py:830} INFO - Processing file /home/airflow/.local/lib/python3.8/site-packages/airflow/example_dags/example_task_group.py for tasks to queue
[2024-04-12T09:10:58.130+0000] {logging_mixin.py:188} INFO - [2024-04-12T09:10:58.128+0000] {dagbag.py:540} INFO - Filling up the DagBag from /home/airflow/.local/lib/python3.8/site-packages/airflow/example_dags/example_task_group.py
[2024-04-12T09:10:58.174+0000] {processor.py:840} INFO - DAG(s) 'example_task_group' retrieved from /home/airflow/.local/lib/python3.8/site-packages/airflow/example_dags/example_task_group.py
[2024-04-12T09:10:58.271+0000] {logging_mixin.py:188} INFO - [2024-04-12T09:10:58.271+0000] {dag.py:3047} INFO - Sync 1 DAGs
[2024-04-12T09:10:58.323+0000] {logging_mixin.py:188} INFO - [2024-04-12T09:10:58.322+0000] {dag.py:3834} INFO - Setting next_dagrun for example_task_group to 2024-04-11 00:00:00+00:00, run_after=2024-04-12 00:00:00+00:00
[2024-04-12T09:10:58.364+0000] {processor.py:183} INFO - Processing /home/airflow/.local/lib/python3.8/site-packages/airflow/example_dags/example_task_group.py took 0.265 seconds
[2024-04-12T09:11:29.016+0000] {processor.py:161} INFO - Started process (PID=1127) to work on /home/airflow/.local/lib/python3.8/site-packages/airflow/example_dags/example_task_group.py
[2024-04-12T09:11:29.018+0000] {processor.py:830} INFO - Processing file /home/airflow/.local/lib/python3.8/site-packages/airflow/example_dags/example_task_group.py for tasks to queue
[2024-04-12T09:11:29.021+0000] {logging_mixin.py:188} INFO - [2024-04-12T09:11:29.020+0000] {dagbag.py:540} INFO - Filling up the DagBag from /home/airflow/.local/lib/python3.8/site-packages/airflow/example_dags/example_task_group.py
[2024-04-12T09:11:29.047+0000] {processor.py:840} INFO - DAG(s) 'example_task_group' retrieved from /home/airflow/.local/lib/python3.8/site-packages/airflow/example_dags/example_task_group.py
[2024-04-12T09:11:29.149+0000] {logging_mixin.py:188} INFO - [2024-04-12T09:11:29.148+0000] {dag.py:3047} INFO - Sync 1 DAGs
[2024-04-12T09:11:29.187+0000] {logging_mixin.py:188} INFO - [2024-04-12T09:11:29.186+0000] {dag.py:3834} INFO - Setting next_dagrun for example_task_group to 2024-04-11 00:00:00+00:00, run_after=2024-04-12 00:00:00+00:00
[2024-04-12T09:11:29.243+0000] {processor.py:183} INFO - Processing /home/airflow/.local/lib/python3.8/site-packages/airflow/example_dags/example_task_group.py took 0.231 seconds
[2024-04-12T09:12:00.040+0000] {processor.py:161} INFO - Started process (PID=1185) to work on /home/airflow/.local/lib/python3.8/site-packages/airflow/example_dags/example_task_group.py
[2024-04-12T09:12:00.043+0000] {processor.py:830} INFO - Processing file /home/airflow/.local/lib/python3.8/site-packages/airflow/example_dags/example_task_group.py for tasks to queue
[2024-04-12T09:12:00.046+0000] {logging_mixin.py:188} INFO - [2024-04-12T09:12:00.044+0000] {dagbag.py:540} INFO - Filling up the DagBag from /home/airflow/.local/lib/python3.8/site-packages/airflow/example_dags/example_task_group.py
[2024-04-12T09:12:00.064+0000] {processor.py:840} INFO - DAG(s) 'example_task_group' retrieved from /home/airflow/.local/lib/python3.8/site-packages/airflow/example_dags/example_task_group.py
[2024-04-12T09:12:00.117+0000] {logging_mixin.py:188} INFO - [2024-04-12T09:12:00.116+0000] {dag.py:3047} INFO - Sync 1 DAGs
[2024-04-12T09:12:00.180+0000] {logging_mixin.py:188} INFO - [2024-04-12T09:12:00.180+0000] {dag.py:3834} INFO - Setting next_dagrun for example_task_group to 2024-04-11 00:00:00+00:00, run_after=2024-04-12 00:00:00+00:00
[2024-04-12T09:12:00.268+0000] {processor.py:183} INFO - Processing /home/airflow/.local/lib/python3.8/site-packages/airflow/example_dags/example_task_group.py took 0.237 seconds
[2024-04-12T09:12:30.718+0000] {processor.py:161} INFO - Started process (PID=1243) to work on /home/airflow/.local/lib/python3.8/site-packages/airflow/example_dags/example_task_group.py
[2024-04-12T09:12:30.719+0000] {processor.py:830} INFO - Processing file /home/airflow/.local/lib/python3.8/site-packages/airflow/example_dags/example_task_group.py for tasks to queue
[2024-04-12T09:12:30.721+0000] {logging_mixin.py:188} INFO - [2024-04-12T09:12:30.721+0000] {dagbag.py:540} INFO - Filling up the DagBag from /home/airflow/.local/lib/python3.8/site-packages/airflow/example_dags/example_task_group.py
[2024-04-12T09:12:30.732+0000] {processor.py:840} INFO - DAG(s) 'example_task_group' retrieved from /home/airflow/.local/lib/python3.8/site-packages/airflow/example_dags/example_task_group.py
[2024-04-12T09:12:30.769+0000] {logging_mixin.py:188} INFO - [2024-04-12T09:12:30.768+0000] {dag.py:3047} INFO - Sync 1 DAGs
[2024-04-12T09:12:30.814+0000] {logging_mixin.py:188} INFO - [2024-04-12T09:12:30.813+0000] {dag.py:3834} INFO - Setting next_dagrun for example_task_group to 2024-04-11 00:00:00+00:00, run_after=2024-04-12 00:00:00+00:00
[2024-04-12T09:12:30.886+0000] {processor.py:183} INFO - Processing /home/airflow/.local/lib/python3.8/site-packages/airflow/example_dags/example_task_group.py took 0.171 seconds
[2024-04-12T09:13:01.328+0000] {processor.py:161} INFO - Started process (PID=1301) to work on /home/airflow/.local/lib/python3.8/site-packages/airflow/example_dags/example_task_group.py
[2024-04-12T09:13:01.330+0000] {processor.py:830} INFO - Processing file /home/airflow/.local/lib/python3.8/site-packages/airflow/example_dags/example_task_group.py for tasks to queue
[2024-04-12T09:13:01.331+0000] {logging_mixin.py:188} INFO - [2024-04-12T09:13:01.331+0000] {dagbag.py:540} INFO - Filling up the DagBag from /home/airflow/.local/lib/python3.8/site-packages/airflow/example_dags/example_task_group.py
[2024-04-12T09:13:01.342+0000] {processor.py:840} INFO - DAG(s) 'example_task_group' retrieved from /home/airflow/.local/lib/python3.8/site-packages/airflow/example_dags/example_task_group.py
[2024-04-12T09:13:01.376+0000] {logging_mixin.py:188} INFO - [2024-04-12T09:13:01.376+0000] {dag.py:3047} INFO - Sync 1 DAGs
[2024-04-12T09:13:01.404+0000] {logging_mixin.py:188} INFO - [2024-04-12T09:13:01.404+0000] {dag.py:3834} INFO - Setting next_dagrun for example_task_group to 2024-04-11 00:00:00+00:00, run_after=2024-04-12 00:00:00+00:00
[2024-04-12T09:13:01.448+0000] {processor.py:183} INFO - Processing /home/airflow/.local/lib/python3.8/site-packages/airflow/example_dags/example_task_group.py took 0.123 seconds
[2024-04-12T09:13:33.183+0000] {processor.py:161} INFO - Started process (PID=1357) to work on /home/airflow/.local/lib/python3.8/site-packages/airflow/example_dags/example_task_group.py
[2024-04-12T09:13:33.185+0000] {processor.py:830} INFO - Processing file /home/airflow/.local/lib/python3.8/site-packages/airflow/example_dags/example_task_group.py for tasks to queue
[2024-04-12T09:13:33.189+0000] {logging_mixin.py:188} INFO - [2024-04-12T09:13:33.188+0000] {dagbag.py:540} INFO - Filling up the DagBag from /home/airflow/.local/lib/python3.8/site-packages/airflow/example_dags/example_task_group.py
[2024-04-12T09:13:33.209+0000] {processor.py:840} INFO - DAG(s) 'example_task_group' retrieved from /home/airflow/.local/lib/python3.8/site-packages/airflow/example_dags/example_task_group.py
[2024-04-12T09:13:33.272+0000] {logging_mixin.py:188} INFO - [2024-04-12T09:13:33.271+0000] {dag.py:3047} INFO - Sync 1 DAGs
[2024-04-12T09:13:33.335+0000] {logging_mixin.py:188} INFO - [2024-04-12T09:13:33.334+0000] {dag.py:3834} INFO - Setting next_dagrun for example_task_group to 2024-04-11 00:00:00+00:00, run_after=2024-04-12 00:00:00+00:00
[2024-04-12T09:13:33.398+0000] {processor.py:183} INFO - Processing /home/airflow/.local/lib/python3.8/site-packages/airflow/example_dags/example_task_group.py took 0.226 seconds
[2024-04-12T09:14:03.928+0000] {processor.py:161} INFO - Started process (PID=1415) to work on /home/airflow/.local/lib/python3.8/site-packages/airflow/example_dags/example_task_group.py
[2024-04-12T09:14:03.929+0000] {processor.py:830} INFO - Processing file /home/airflow/.local/lib/python3.8/site-packages/airflow/example_dags/example_task_group.py for tasks to queue
[2024-04-12T09:14:03.930+0000] {logging_mixin.py:188} INFO - [2024-04-12T09:14:03.930+0000] {dagbag.py:540} INFO - Filling up the DagBag from /home/airflow/.local/lib/python3.8/site-packages/airflow/example_dags/example_task_group.py
[2024-04-12T09:14:03.940+0000] {processor.py:840} INFO - DAG(s) 'example_task_group' retrieved from /home/airflow/.local/lib/python3.8/site-packages/airflow/example_dags/example_task_group.py
[2024-04-12T09:14:03.964+0000] {logging_mixin.py:188} INFO - [2024-04-12T09:14:03.964+0000] {dag.py:3047} INFO - Sync 1 DAGs
[2024-04-12T09:14:03.986+0000] {logging_mixin.py:188} INFO - [2024-04-12T09:14:03.986+0000] {dag.py:3834} INFO - Setting next_dagrun for example_task_group to 2024-04-11 00:00:00+00:00, run_after=2024-04-12 00:00:00+00:00
[2024-04-12T09:14:04.014+0000] {processor.py:183} INFO - Processing /home/airflow/.local/lib/python3.8/site-packages/airflow/example_dags/example_task_group.py took 0.089 seconds
[2024-04-12T09:14:34.314+0000] {processor.py:161} INFO - Started process (PID=1473) to work on /home/airflow/.local/lib/python3.8/site-packages/airflow/example_dags/example_task_group.py
[2024-04-12T09:14:34.315+0000] {processor.py:830} INFO - Processing file /home/airflow/.local/lib/python3.8/site-packages/airflow/example_dags/example_task_group.py for tasks to queue
[2024-04-12T09:14:34.316+0000] {logging_mixin.py:188} INFO - [2024-04-12T09:14:34.316+0000] {dagbag.py:540} INFO - Filling up the DagBag from /home/airflow/.local/lib/python3.8/site-packages/airflow/example_dags/example_task_group.py
[2024-04-12T09:14:34.325+0000] {processor.py:840} INFO - DAG(s) 'example_task_group' retrieved from /home/airflow/.local/lib/python3.8/site-packages/airflow/example_dags/example_task_group.py
[2024-04-12T09:14:34.353+0000] {logging_mixin.py:188} INFO - [2024-04-12T09:14:34.353+0000] {dag.py:3047} INFO - Sync 1 DAGs
[2024-04-12T09:14:34.380+0000] {logging_mixin.py:188} INFO - [2024-04-12T09:14:34.379+0000] {dag.py:3834} INFO - Setting next_dagrun for example_task_group to 2024-04-11 00:00:00+00:00, run_after=2024-04-12 00:00:00+00:00
[2024-04-12T09:14:34.409+0000] {processor.py:183} INFO - Processing /home/airflow/.local/lib/python3.8/site-packages/airflow/example_dags/example_task_group.py took 0.099 seconds
[2024-04-12T09:15:05.040+0000] {processor.py:161} INFO - Started process (PID=1531) to work on /home/airflow/.local/lib/python3.8/site-packages/airflow/example_dags/example_task_group.py
[2024-04-12T09:15:05.042+0000] {processor.py:830} INFO - Processing file /home/airflow/.local/lib/python3.8/site-packages/airflow/example_dags/example_task_group.py for tasks to queue
[2024-04-12T09:15:05.044+0000] {logging_mixin.py:188} INFO - [2024-04-12T09:15:05.043+0000] {dagbag.py:540} INFO - Filling up the DagBag from /home/airflow/.local/lib/python3.8/site-packages/airflow/example_dags/example_task_group.py
[2024-04-12T09:15:05.053+0000] {processor.py:840} INFO - DAG(s) 'example_task_group' retrieved from /home/airflow/.local/lib/python3.8/site-packages/airflow/example_dags/example_task_group.py
[2024-04-12T09:15:05.080+0000] {logging_mixin.py:188} INFO - [2024-04-12T09:15:05.079+0000] {dag.py:3047} INFO - Sync 1 DAGs
[2024-04-12T09:15:05.106+0000] {logging_mixin.py:188} INFO - [2024-04-12T09:15:05.106+0000] {dag.py:3834} INFO - Setting next_dagrun for example_task_group to 2024-04-11 00:00:00+00:00, run_after=2024-04-12 00:00:00+00:00
[2024-04-12T09:15:05.141+0000] {processor.py:183} INFO - Processing /home/airflow/.local/lib/python3.8/site-packages/airflow/example_dags/example_task_group.py took 0.104 seconds
[2024-04-12T09:15:35.622+0000] {processor.py:161} INFO - Started process (PID=1587) to work on /home/airflow/.local/lib/python3.8/site-packages/airflow/example_dags/example_task_group.py
[2024-04-12T09:15:35.626+0000] {processor.py:830} INFO - Processing file /home/airflow/.local/lib/python3.8/site-packages/airflow/example_dags/example_task_group.py for tasks to queue
[2024-04-12T09:15:35.630+0000] {logging_mixin.py:188} INFO - [2024-04-12T09:15:35.629+0000] {dagbag.py:540} INFO - Filling up the DagBag from /home/airflow/.local/lib/python3.8/site-packages/airflow/example_dags/example_task_group.py
[2024-04-12T09:15:35.653+0000] {processor.py:840} INFO - DAG(s) 'example_task_group' retrieved from /home/airflow/.local/lib/python3.8/site-packages/airflow/example_dags/example_task_group.py
[2024-04-12T09:15:35.721+0000] {logging_mixin.py:188} INFO - [2024-04-12T09:15:35.721+0000] {dag.py:3047} INFO - Sync 1 DAGs
[2024-04-12T09:15:35.789+0000] {logging_mixin.py:188} INFO - [2024-04-12T09:15:35.788+0000] {dag.py:3834} INFO - Setting next_dagrun for example_task_group to 2024-04-11 00:00:00+00:00, run_after=2024-04-12 00:00:00+00:00
[2024-04-12T09:15:35.856+0000] {processor.py:183} INFO - Processing /home/airflow/.local/lib/python3.8/site-packages/airflow/example_dags/example_task_group.py took 0.241 seconds
[2024-04-12T09:16:06.583+0000] {processor.py:161} INFO - Started process (PID=1645) to work on /home/airflow/.local/lib/python3.8/site-packages/airflow/example_dags/example_task_group.py
[2024-04-12T09:16:06.585+0000] {processor.py:830} INFO - Processing file /home/airflow/.local/lib/python3.8/site-packages/airflow/example_dags/example_task_group.py for tasks to queue
[2024-04-12T09:16:06.587+0000] {logging_mixin.py:188} INFO - [2024-04-12T09:16:06.586+0000] {dagbag.py:540} INFO - Filling up the DagBag from /home/airflow/.local/lib/python3.8/site-packages/airflow/example_dags/example_task_group.py
[2024-04-12T09:16:06.596+0000] {processor.py:840} INFO - DAG(s) 'example_task_group' retrieved from /home/airflow/.local/lib/python3.8/site-packages/airflow/example_dags/example_task_group.py
[2024-04-12T09:16:06.630+0000] {logging_mixin.py:188} INFO - [2024-04-12T09:16:06.630+0000] {dag.py:3047} INFO - Sync 1 DAGs
[2024-04-12T09:16:06.660+0000] {logging_mixin.py:188} INFO - [2024-04-12T09:16:06.660+0000] {dag.py:3834} INFO - Setting next_dagrun for example_task_group to 2024-04-11 00:00:00+00:00, run_after=2024-04-12 00:00:00+00:00
[2024-04-12T09:16:06.702+0000] {processor.py:183} INFO - Processing /home/airflow/.local/lib/python3.8/site-packages/airflow/example_dags/example_task_group.py took 0.123 seconds
