[2024-04-12T09:01:35.078+0000] {processor.py:161} INFO - Started process (PID=89) to work on /home/airflow/.local/lib/python3.8/site-packages/airflow/example_dags/example_external_task_marker_dag.py
[2024-04-12T09:01:35.081+0000] {processor.py:830} INFO - Processing file /home/airflow/.local/lib/python3.8/site-packages/airflow/example_dags/example_external_task_marker_dag.py for tasks to queue
[2024-04-12T09:01:35.085+0000] {logging_mixin.py:188} INFO - [2024-04-12T09:01:35.084+0000] {dagbag.py:540} INFO - Filling up the DagBag from /home/airflow/.local/lib/python3.8/site-packages/airflow/example_dags/example_external_task_marker_dag.py
[2024-04-12T09:01:35.093+0000] {processor.py:840} INFO - DAG(s) 'example_external_task_marker_parent', 'example_external_task_marker_child' retrieved from /home/airflow/.local/lib/python3.8/site-packages/airflow/example_dags/example_external_task_marker_dag.py
[2024-04-12T09:01:35.313+0000] {logging_mixin.py:188} INFO - [2024-04-12T09:01:35.310+0000] {override.py:1769} INFO - Created Permission View: can read on DAG:example_external_task_marker_parent
[2024-04-12T09:01:35.347+0000] {logging_mixin.py:188} INFO - [2024-04-12T09:01:35.346+0000] {override.py:1769} INFO - Created Permission View: can edit on DAG:example_external_task_marker_parent
[2024-04-12T09:01:35.368+0000] {logging_mixin.py:188} INFO - [2024-04-12T09:01:35.368+0000] {override.py:1769} INFO - Created Permission View: can delete on DAG:example_external_task_marker_parent
[2024-04-12T09:01:35.404+0000] {logging_mixin.py:188} INFO - [2024-04-12T09:01:35.403+0000] {override.py:1769} INFO - Created Permission View: can read on DAG:example_external_task_marker_child
[2024-04-12T09:01:35.426+0000] {logging_mixin.py:188} INFO - [2024-04-12T09:01:35.425+0000] {override.py:1769} INFO - Created Permission View: can edit on DAG:example_external_task_marker_child
[2024-04-12T09:01:35.444+0000] {logging_mixin.py:188} INFO - [2024-04-12T09:01:35.444+0000] {override.py:1769} INFO - Created Permission View: can delete on DAG:example_external_task_marker_child
[2024-04-12T09:01:35.445+0000] {logging_mixin.py:188} INFO - [2024-04-12T09:01:35.445+0000] {dag.py:3047} INFO - Sync 2 DAGs
[2024-04-12T09:01:35.466+0000] {logging_mixin.py:188} INFO - [2024-04-12T09:01:35.466+0000] {dag.py:3069} INFO - Creating ORM DAG for example_external_task_marker_parent
[2024-04-12T09:01:35.468+0000] {logging_mixin.py:188} INFO - [2024-04-12T09:01:35.467+0000] {dag.py:3069} INFO - Creating ORM DAG for example_external_task_marker_child
[2024-04-12T09:01:35.468+0000] {logging_mixin.py:188} INFO - [2024-04-12T09:01:35.468+0000] {dag.py:3834} INFO - Setting next_dagrun for example_external_task_marker_child to None, run_after=None
[2024-04-12T09:01:35.469+0000] {logging_mixin.py:188} INFO - [2024-04-12T09:01:35.469+0000] {dag.py:3834} INFO - Setting next_dagrun for example_external_task_marker_parent to None, run_after=None
[2024-04-12T09:01:35.499+0000] {processor.py:183} INFO - Processing /home/airflow/.local/lib/python3.8/site-packages/airflow/example_dags/example_external_task_marker_dag.py took 0.425 seconds
[2024-04-12T09:02:07.775+0000] {processor.py:161} INFO - Started process (PID=153) to work on /home/airflow/.local/lib/python3.8/site-packages/airflow/example_dags/example_external_task_marker_dag.py
[2024-04-12T09:02:07.780+0000] {processor.py:830} INFO - Processing file /home/airflow/.local/lib/python3.8/site-packages/airflow/example_dags/example_external_task_marker_dag.py for tasks to queue
[2024-04-12T09:02:07.785+0000] {logging_mixin.py:188} INFO - [2024-04-12T09:02:07.784+0000] {dagbag.py:540} INFO - Filling up the DagBag from /home/airflow/.local/lib/python3.8/site-packages/airflow/example_dags/example_external_task_marker_dag.py
[2024-04-12T09:02:07.803+0000] {processor.py:840} INFO - DAG(s) 'example_external_task_marker_child', 'example_external_task_marker_parent' retrieved from /home/airflow/.local/lib/python3.8/site-packages/airflow/example_dags/example_external_task_marker_dag.py
[2024-04-12T09:02:07.920+0000] {logging_mixin.py:188} INFO - [2024-04-12T09:02:07.919+0000] {dag.py:3047} INFO - Sync 2 DAGs
[2024-04-12T09:02:07.967+0000] {logging_mixin.py:188} INFO - [2024-04-12T09:02:07.966+0000] {dag.py:3834} INFO - Setting next_dagrun for example_external_task_marker_child to None, run_after=None
[2024-04-12T09:02:07.983+0000] {logging_mixin.py:188} INFO - [2024-04-12T09:02:07.982+0000] {dag.py:3834} INFO - Setting next_dagrun for example_external_task_marker_parent to None, run_after=None
[2024-04-12T09:02:08.072+0000] {processor.py:183} INFO - Processing /home/airflow/.local/lib/python3.8/site-packages/airflow/example_dags/example_external_task_marker_dag.py took 0.308 seconds
[2024-04-12T09:02:46.776+0000] {processor.py:161} INFO - Started process (PID=211) to work on /home/airflow/.local/lib/python3.8/site-packages/airflow/example_dags/example_external_task_marker_dag.py
[2024-04-12T09:02:46.778+0000] {processor.py:830} INFO - Processing file /home/airflow/.local/lib/python3.8/site-packages/airflow/example_dags/example_external_task_marker_dag.py for tasks to queue
[2024-04-12T09:02:46.781+0000] {logging_mixin.py:188} INFO - [2024-04-12T09:02:46.781+0000] {dagbag.py:540} INFO - Filling up the DagBag from /home/airflow/.local/lib/python3.8/site-packages/airflow/example_dags/example_external_task_marker_dag.py
[2024-04-12T09:02:46.790+0000] {processor.py:840} INFO - DAG(s) 'example_external_task_marker_child', 'example_external_task_marker_parent' retrieved from /home/airflow/.local/lib/python3.8/site-packages/airflow/example_dags/example_external_task_marker_dag.py
[2024-04-12T09:02:46.826+0000] {logging_mixin.py:188} INFO - [2024-04-12T09:02:46.825+0000] {dag.py:3047} INFO - Sync 2 DAGs
[2024-04-12T09:02:46.843+0000] {logging_mixin.py:188} INFO - [2024-04-12T09:02:46.843+0000] {dag.py:3834} INFO - Setting next_dagrun for example_external_task_marker_child to None, run_after=None
[2024-04-12T09:02:46.848+0000] {logging_mixin.py:188} INFO - [2024-04-12T09:02:46.847+0000] {dag.py:3834} INFO - Setting next_dagrun for example_external_task_marker_parent to None, run_after=None
[2024-04-12T09:02:46.880+0000] {processor.py:183} INFO - Processing /home/airflow/.local/lib/python3.8/site-packages/airflow/example_dags/example_external_task_marker_dag.py took 0.106 seconds
[2024-04-12T09:03:18.118+0000] {processor.py:161} INFO - Started process (PID=269) to work on /home/airflow/.local/lib/python3.8/site-packages/airflow/example_dags/example_external_task_marker_dag.py
[2024-04-12T09:03:18.123+0000] {processor.py:830} INFO - Processing file /home/airflow/.local/lib/python3.8/site-packages/airflow/example_dags/example_external_task_marker_dag.py for tasks to queue
[2024-04-12T09:03:18.126+0000] {logging_mixin.py:188} INFO - [2024-04-12T09:03:18.126+0000] {dagbag.py:540} INFO - Filling up the DagBag from /home/airflow/.local/lib/python3.8/site-packages/airflow/example_dags/example_external_task_marker_dag.py
[2024-04-12T09:03:18.139+0000] {processor.py:840} INFO - DAG(s) 'example_external_task_marker_parent', 'example_external_task_marker_child' retrieved from /home/airflow/.local/lib/python3.8/site-packages/airflow/example_dags/example_external_task_marker_dag.py
[2024-04-12T09:03:18.197+0000] {logging_mixin.py:188} INFO - [2024-04-12T09:03:18.197+0000] {dag.py:3047} INFO - Sync 2 DAGs
[2024-04-12T09:03:18.224+0000] {logging_mixin.py:188} INFO - [2024-04-12T09:03:18.223+0000] {dag.py:3834} INFO - Setting next_dagrun for example_external_task_marker_child to None, run_after=None
[2024-04-12T09:03:18.231+0000] {logging_mixin.py:188} INFO - [2024-04-12T09:03:18.231+0000] {dag.py:3834} INFO - Setting next_dagrun for example_external_task_marker_parent to None, run_after=None
[2024-04-12T09:03:18.279+0000] {processor.py:183} INFO - Processing /home/airflow/.local/lib/python3.8/site-packages/airflow/example_dags/example_external_task_marker_dag.py took 0.164 seconds
[2024-04-12T09:03:48.756+0000] {processor.py:161} INFO - Started process (PID=327) to work on /home/airflow/.local/lib/python3.8/site-packages/airflow/example_dags/example_external_task_marker_dag.py
[2024-04-12T09:03:48.757+0000] {processor.py:830} INFO - Processing file /home/airflow/.local/lib/python3.8/site-packages/airflow/example_dags/example_external_task_marker_dag.py for tasks to queue
[2024-04-12T09:03:48.762+0000] {logging_mixin.py:188} INFO - [2024-04-12T09:03:48.761+0000] {dagbag.py:540} INFO - Filling up the DagBag from /home/airflow/.local/lib/python3.8/site-packages/airflow/example_dags/example_external_task_marker_dag.py
[2024-04-12T09:03:48.771+0000] {processor.py:840} INFO - DAG(s) 'example_external_task_marker_child', 'example_external_task_marker_parent' retrieved from /home/airflow/.local/lib/python3.8/site-packages/airflow/example_dags/example_external_task_marker_dag.py
[2024-04-12T09:03:48.803+0000] {logging_mixin.py:188} INFO - [2024-04-12T09:03:48.803+0000] {dag.py:3047} INFO - Sync 2 DAGs
[2024-04-12T09:03:48.818+0000] {logging_mixin.py:188} INFO - [2024-04-12T09:03:48.818+0000] {dag.py:3834} INFO - Setting next_dagrun for example_external_task_marker_child to None, run_after=None
[2024-04-12T09:03:48.824+0000] {logging_mixin.py:188} INFO - [2024-04-12T09:03:48.824+0000] {dag.py:3834} INFO - Setting next_dagrun for example_external_task_marker_parent to None, run_after=None
[2024-04-12T09:03:48.864+0000] {processor.py:183} INFO - Processing /home/airflow/.local/lib/python3.8/site-packages/airflow/example_dags/example_external_task_marker_dag.py took 0.111 seconds
[2024-04-12T09:04:19.809+0000] {processor.py:161} INFO - Started process (PID=387) to work on /home/airflow/.local/lib/python3.8/site-packages/airflow/example_dags/example_external_task_marker_dag.py
[2024-04-12T09:04:19.814+0000] {processor.py:830} INFO - Processing file /home/airflow/.local/lib/python3.8/site-packages/airflow/example_dags/example_external_task_marker_dag.py for tasks to queue
[2024-04-12T09:04:19.816+0000] {logging_mixin.py:188} INFO - [2024-04-12T09:04:19.816+0000] {dagbag.py:540} INFO - Filling up the DagBag from /home/airflow/.local/lib/python3.8/site-packages/airflow/example_dags/example_external_task_marker_dag.py
[2024-04-12T09:04:19.828+0000] {processor.py:840} INFO - DAG(s) 'example_external_task_marker_child', 'example_external_task_marker_parent' retrieved from /home/airflow/.local/lib/python3.8/site-packages/airflow/example_dags/example_external_task_marker_dag.py
[2024-04-12T09:04:19.879+0000] {logging_mixin.py:188} INFO - [2024-04-12T09:04:19.879+0000] {dag.py:3047} INFO - Sync 2 DAGs
[2024-04-12T09:04:19.896+0000] {logging_mixin.py:188} INFO - [2024-04-12T09:04:19.896+0000] {dag.py:3834} INFO - Setting next_dagrun for example_external_task_marker_child to None, run_after=None
[2024-04-12T09:04:19.906+0000] {logging_mixin.py:188} INFO - [2024-04-12T09:04:19.905+0000] {dag.py:3834} INFO - Setting next_dagrun for example_external_task_marker_parent to None, run_after=None
[2024-04-12T09:04:19.952+0000] {processor.py:183} INFO - Processing /home/airflow/.local/lib/python3.8/site-packages/airflow/example_dags/example_external_task_marker_dag.py took 0.152 seconds
[2024-04-12T09:05:16.360+0000] {processor.py:161} INFO - Started process (PID=449) to work on /home/airflow/.local/lib/python3.8/site-packages/airflow/example_dags/example_external_task_marker_dag.py
[2024-04-12T09:05:16.365+0000] {processor.py:830} INFO - Processing file /home/airflow/.local/lib/python3.8/site-packages/airflow/example_dags/example_external_task_marker_dag.py for tasks to queue
[2024-04-12T09:05:16.370+0000] {logging_mixin.py:188} INFO - [2024-04-12T09:05:16.369+0000] {dagbag.py:540} INFO - Filling up the DagBag from /home/airflow/.local/lib/python3.8/site-packages/airflow/example_dags/example_external_task_marker_dag.py
[2024-04-12T09:05:16.391+0000] {processor.py:840} INFO - DAG(s) 'example_external_task_marker_child', 'example_external_task_marker_parent' retrieved from /home/airflow/.local/lib/python3.8/site-packages/airflow/example_dags/example_external_task_marker_dag.py
[2024-04-12T09:05:16.472+0000] {logging_mixin.py:188} INFO - [2024-04-12T09:05:16.471+0000] {dag.py:3047} INFO - Sync 2 DAGs
[2024-04-12T09:05:16.517+0000] {logging_mixin.py:188} INFO - [2024-04-12T09:05:16.517+0000] {dag.py:3834} INFO - Setting next_dagrun for example_external_task_marker_child to None, run_after=None
[2024-04-12T09:05:16.526+0000] {logging_mixin.py:188} INFO - [2024-04-12T09:05:16.525+0000] {dag.py:3834} INFO - Setting next_dagrun for example_external_task_marker_parent to None, run_after=None
[2024-04-12T09:05:16.602+0000] {processor.py:183} INFO - Processing /home/airflow/.local/lib/python3.8/site-packages/airflow/example_dags/example_external_task_marker_dag.py took 0.251 seconds
[2024-04-12T09:05:47.622+0000] {processor.py:161} INFO - Started process (PID=507) to work on /home/airflow/.local/lib/python3.8/site-packages/airflow/example_dags/example_external_task_marker_dag.py
[2024-04-12T09:05:47.627+0000] {processor.py:830} INFO - Processing file /home/airflow/.local/lib/python3.8/site-packages/airflow/example_dags/example_external_task_marker_dag.py for tasks to queue
[2024-04-12T09:05:47.631+0000] {logging_mixin.py:188} INFO - [2024-04-12T09:05:47.630+0000] {dagbag.py:540} INFO - Filling up the DagBag from /home/airflow/.local/lib/python3.8/site-packages/airflow/example_dags/example_external_task_marker_dag.py
[2024-04-12T09:05:47.648+0000] {processor.py:840} INFO - DAG(s) 'example_external_task_marker_parent', 'example_external_task_marker_child' retrieved from /home/airflow/.local/lib/python3.8/site-packages/airflow/example_dags/example_external_task_marker_dag.py
[2024-04-12T09:05:47.697+0000] {logging_mixin.py:188} INFO - [2024-04-12T09:05:47.696+0000] {dag.py:3047} INFO - Sync 2 DAGs
[2024-04-12T09:05:47.720+0000] {logging_mixin.py:188} INFO - [2024-04-12T09:05:47.720+0000] {dag.py:3834} INFO - Setting next_dagrun for example_external_task_marker_child to None, run_after=None
[2024-04-12T09:05:47.728+0000] {logging_mixin.py:188} INFO - [2024-04-12T09:05:47.728+0000] {dag.py:3834} INFO - Setting next_dagrun for example_external_task_marker_parent to None, run_after=None
[2024-04-12T09:05:47.782+0000] {processor.py:183} INFO - Processing /home/airflow/.local/lib/python3.8/site-packages/airflow/example_dags/example_external_task_marker_dag.py took 0.170 seconds
[2024-04-12T09:06:18.012+0000] {processor.py:161} INFO - Started process (PID=566) to work on /home/airflow/.local/lib/python3.8/site-packages/airflow/example_dags/example_external_task_marker_dag.py
[2024-04-12T09:06:18.013+0000] {processor.py:830} INFO - Processing file /home/airflow/.local/lib/python3.8/site-packages/airflow/example_dags/example_external_task_marker_dag.py for tasks to queue
[2024-04-12T09:06:18.015+0000] {logging_mixin.py:188} INFO - [2024-04-12T09:06:18.014+0000] {dagbag.py:540} INFO - Filling up the DagBag from /home/airflow/.local/lib/python3.8/site-packages/airflow/example_dags/example_external_task_marker_dag.py
[2024-04-12T09:06:18.020+0000] {processor.py:840} INFO - DAG(s) 'example_external_task_marker_parent', 'example_external_task_marker_child' retrieved from /home/airflow/.local/lib/python3.8/site-packages/airflow/example_dags/example_external_task_marker_dag.py
[2024-04-12T09:06:18.050+0000] {logging_mixin.py:188} INFO - [2024-04-12T09:06:18.049+0000] {dag.py:3047} INFO - Sync 2 DAGs
[2024-04-12T09:06:18.064+0000] {logging_mixin.py:188} INFO - [2024-04-12T09:06:18.063+0000] {dag.py:3834} INFO - Setting next_dagrun for example_external_task_marker_child to None, run_after=None
[2024-04-12T09:06:18.069+0000] {logging_mixin.py:188} INFO - [2024-04-12T09:06:18.068+0000] {dag.py:3834} INFO - Setting next_dagrun for example_external_task_marker_parent to None, run_after=None
[2024-04-12T09:06:18.097+0000] {processor.py:183} INFO - Processing /home/airflow/.local/lib/python3.8/site-packages/airflow/example_dags/example_external_task_marker_dag.py took 0.087 seconds
[2024-04-12T09:06:49.032+0000] {processor.py:161} INFO - Started process (PID=624) to work on /home/airflow/.local/lib/python3.8/site-packages/airflow/example_dags/example_external_task_marker_dag.py
[2024-04-12T09:06:49.034+0000] {processor.py:830} INFO - Processing file /home/airflow/.local/lib/python3.8/site-packages/airflow/example_dags/example_external_task_marker_dag.py for tasks to queue
[2024-04-12T09:06:49.037+0000] {logging_mixin.py:188} INFO - [2024-04-12T09:06:49.036+0000] {dagbag.py:540} INFO - Filling up the DagBag from /home/airflow/.local/lib/python3.8/site-packages/airflow/example_dags/example_external_task_marker_dag.py
[2024-04-12T09:06:49.045+0000] {processor.py:840} INFO - DAG(s) 'example_external_task_marker_child', 'example_external_task_marker_parent' retrieved from /home/airflow/.local/lib/python3.8/site-packages/airflow/example_dags/example_external_task_marker_dag.py
[2024-04-12T09:06:49.084+0000] {logging_mixin.py:188} INFO - [2024-04-12T09:06:49.084+0000] {dag.py:3047} INFO - Sync 2 DAGs
[2024-04-12T09:06:49.103+0000] {logging_mixin.py:188} INFO - [2024-04-12T09:06:49.103+0000] {dag.py:3834} INFO - Setting next_dagrun for example_external_task_marker_child to None, run_after=None
[2024-04-12T09:06:49.110+0000] {logging_mixin.py:188} INFO - [2024-04-12T09:06:49.109+0000] {dag.py:3834} INFO - Setting next_dagrun for example_external_task_marker_parent to None, run_after=None
[2024-04-12T09:06:49.143+0000] {processor.py:183} INFO - Processing /home/airflow/.local/lib/python3.8/site-packages/airflow/example_dags/example_external_task_marker_dag.py took 0.115 seconds
[2024-04-12T09:07:20.407+0000] {processor.py:161} INFO - Started process (PID=682) to work on /home/airflow/.local/lib/python3.8/site-packages/airflow/example_dags/example_external_task_marker_dag.py
[2024-04-12T09:07:20.410+0000] {processor.py:830} INFO - Processing file /home/airflow/.local/lib/python3.8/site-packages/airflow/example_dags/example_external_task_marker_dag.py for tasks to queue
[2024-04-12T09:07:20.412+0000] {logging_mixin.py:188} INFO - [2024-04-12T09:07:20.411+0000] {dagbag.py:540} INFO - Filling up the DagBag from /home/airflow/.local/lib/python3.8/site-packages/airflow/example_dags/example_external_task_marker_dag.py
[2024-04-12T09:07:20.422+0000] {processor.py:840} INFO - DAG(s) 'example_external_task_marker_child', 'example_external_task_marker_parent' retrieved from /home/airflow/.local/lib/python3.8/site-packages/airflow/example_dags/example_external_task_marker_dag.py
[2024-04-12T09:07:20.463+0000] {logging_mixin.py:188} INFO - [2024-04-12T09:07:20.463+0000] {dag.py:3047} INFO - Sync 2 DAGs
[2024-04-12T09:07:20.481+0000] {logging_mixin.py:188} INFO - [2024-04-12T09:07:20.481+0000] {dag.py:3834} INFO - Setting next_dagrun for example_external_task_marker_child to None, run_after=None
[2024-04-12T09:07:20.487+0000] {logging_mixin.py:188} INFO - [2024-04-12T09:07:20.487+0000] {dag.py:3834} INFO - Setting next_dagrun for example_external_task_marker_parent to None, run_after=None
[2024-04-12T09:07:20.520+0000] {processor.py:183} INFO - Processing /home/airflow/.local/lib/python3.8/site-packages/airflow/example_dags/example_external_task_marker_dag.py took 0.118 seconds
[2024-04-12T09:07:51.473+0000] {processor.py:161} INFO - Started process (PID=740) to work on /home/airflow/.local/lib/python3.8/site-packages/airflow/example_dags/example_external_task_marker_dag.py
[2024-04-12T09:07:51.475+0000] {processor.py:830} INFO - Processing file /home/airflow/.local/lib/python3.8/site-packages/airflow/example_dags/example_external_task_marker_dag.py for tasks to queue
[2024-04-12T09:07:51.479+0000] {logging_mixin.py:188} INFO - [2024-04-12T09:07:51.478+0000] {dagbag.py:540} INFO - Filling up the DagBag from /home/airflow/.local/lib/python3.8/site-packages/airflow/example_dags/example_external_task_marker_dag.py
[2024-04-12T09:07:51.496+0000] {processor.py:840} INFO - DAG(s) 'example_external_task_marker_parent', 'example_external_task_marker_child' retrieved from /home/airflow/.local/lib/python3.8/site-packages/airflow/example_dags/example_external_task_marker_dag.py
[2024-04-12T09:07:51.541+0000] {logging_mixin.py:188} INFO - [2024-04-12T09:07:51.540+0000] {dag.py:3047} INFO - Sync 2 DAGs
[2024-04-12T09:07:51.561+0000] {logging_mixin.py:188} INFO - [2024-04-12T09:07:51.561+0000] {dag.py:3834} INFO - Setting next_dagrun for example_external_task_marker_child to None, run_after=None
[2024-04-12T09:07:51.567+0000] {logging_mixin.py:188} INFO - [2024-04-12T09:07:51.566+0000] {dag.py:3834} INFO - Setting next_dagrun for example_external_task_marker_parent to None, run_after=None
[2024-04-12T09:07:51.595+0000] {processor.py:183} INFO - Processing /home/airflow/.local/lib/python3.8/site-packages/airflow/example_dags/example_external_task_marker_dag.py took 0.128 seconds
[2024-04-12T09:08:23.912+0000] {processor.py:161} INFO - Started process (PID=798) to work on /home/airflow/.local/lib/python3.8/site-packages/airflow/example_dags/example_external_task_marker_dag.py
[2024-04-12T09:08:23.913+0000] {processor.py:830} INFO - Processing file /home/airflow/.local/lib/python3.8/site-packages/airflow/example_dags/example_external_task_marker_dag.py for tasks to queue
[2024-04-12T09:08:23.915+0000] {logging_mixin.py:188} INFO - [2024-04-12T09:08:23.914+0000] {dagbag.py:540} INFO - Filling up the DagBag from /home/airflow/.local/lib/python3.8/site-packages/airflow/example_dags/example_external_task_marker_dag.py
[2024-04-12T09:08:23.920+0000] {processor.py:840} INFO - DAG(s) 'example_external_task_marker_parent', 'example_external_task_marker_child' retrieved from /home/airflow/.local/lib/python3.8/site-packages/airflow/example_dags/example_external_task_marker_dag.py
[2024-04-12T09:08:23.948+0000] {logging_mixin.py:188} INFO - [2024-04-12T09:08:23.948+0000] {dag.py:3047} INFO - Sync 2 DAGs
[2024-04-12T09:08:23.962+0000] {logging_mixin.py:188} INFO - [2024-04-12T09:08:23.962+0000] {dag.py:3834} INFO - Setting next_dagrun for example_external_task_marker_child to None, run_after=None
[2024-04-12T09:08:23.968+0000] {logging_mixin.py:188} INFO - [2024-04-12T09:08:23.967+0000] {dag.py:3834} INFO - Setting next_dagrun for example_external_task_marker_parent to None, run_after=None
[2024-04-12T09:08:23.993+0000] {processor.py:183} INFO - Processing /home/airflow/.local/lib/python3.8/site-packages/airflow/example_dags/example_external_task_marker_dag.py took 0.083 seconds
[2024-04-12T09:08:55.164+0000] {processor.py:161} INFO - Started process (PID=854) to work on /home/airflow/.local/lib/python3.8/site-packages/airflow/example_dags/example_external_task_marker_dag.py
[2024-04-12T09:08:55.165+0000] {processor.py:830} INFO - Processing file /home/airflow/.local/lib/python3.8/site-packages/airflow/example_dags/example_external_task_marker_dag.py for tasks to queue
[2024-04-12T09:08:55.167+0000] {logging_mixin.py:188} INFO - [2024-04-12T09:08:55.166+0000] {dagbag.py:540} INFO - Filling up the DagBag from /home/airflow/.local/lib/python3.8/site-packages/airflow/example_dags/example_external_task_marker_dag.py
[2024-04-12T09:08:55.173+0000] {processor.py:840} INFO - DAG(s) 'example_external_task_marker_child', 'example_external_task_marker_parent' retrieved from /home/airflow/.local/lib/python3.8/site-packages/airflow/example_dags/example_external_task_marker_dag.py
[2024-04-12T09:08:55.199+0000] {logging_mixin.py:188} INFO - [2024-04-12T09:08:55.199+0000] {dag.py:3047} INFO - Sync 2 DAGs
[2024-04-12T09:08:55.213+0000] {logging_mixin.py:188} INFO - [2024-04-12T09:08:55.213+0000] {dag.py:3834} INFO - Setting next_dagrun for example_external_task_marker_child to None, run_after=None
[2024-04-12T09:08:55.217+0000] {logging_mixin.py:188} INFO - [2024-04-12T09:08:55.217+0000] {dag.py:3834} INFO - Setting next_dagrun for example_external_task_marker_parent to None, run_after=None
[2024-04-12T09:08:55.247+0000] {processor.py:183} INFO - Processing /home/airflow/.local/lib/python3.8/site-packages/airflow/example_dags/example_external_task_marker_dag.py took 0.087 seconds
[2024-04-12T09:09:25.507+0000] {processor.py:161} INFO - Started process (PID=911) to work on /home/airflow/.local/lib/python3.8/site-packages/airflow/example_dags/example_external_task_marker_dag.py
[2024-04-12T09:09:25.508+0000] {processor.py:830} INFO - Processing file /home/airflow/.local/lib/python3.8/site-packages/airflow/example_dags/example_external_task_marker_dag.py for tasks to queue
[2024-04-12T09:09:25.509+0000] {logging_mixin.py:188} INFO - [2024-04-12T09:09:25.509+0000] {dagbag.py:540} INFO - Filling up the DagBag from /home/airflow/.local/lib/python3.8/site-packages/airflow/example_dags/example_external_task_marker_dag.py
[2024-04-12T09:09:25.519+0000] {processor.py:840} INFO - DAG(s) 'example_external_task_marker_child', 'example_external_task_marker_parent' retrieved from /home/airflow/.local/lib/python3.8/site-packages/airflow/example_dags/example_external_task_marker_dag.py
[2024-04-12T09:09:25.559+0000] {logging_mixin.py:188} INFO - [2024-04-12T09:09:25.559+0000] {dag.py:3047} INFO - Sync 2 DAGs
[2024-04-12T09:09:25.577+0000] {logging_mixin.py:188} INFO - [2024-04-12T09:09:25.577+0000] {dag.py:3834} INFO - Setting next_dagrun for example_external_task_marker_child to None, run_after=None
[2024-04-12T09:09:25.583+0000] {logging_mixin.py:188} INFO - [2024-04-12T09:09:25.583+0000] {dag.py:3834} INFO - Setting next_dagrun for example_external_task_marker_parent to None, run_after=None
[2024-04-12T09:09:25.631+0000] {processor.py:183} INFO - Processing /home/airflow/.local/lib/python3.8/site-packages/airflow/example_dags/example_external_task_marker_dag.py took 0.128 seconds
[2024-04-12T09:09:55.925+0000] {processor.py:161} INFO - Started process (PID=969) to work on /home/airflow/.local/lib/python3.8/site-packages/airflow/example_dags/example_external_task_marker_dag.py
[2024-04-12T09:09:55.926+0000] {processor.py:830} INFO - Processing file /home/airflow/.local/lib/python3.8/site-packages/airflow/example_dags/example_external_task_marker_dag.py for tasks to queue
[2024-04-12T09:09:55.927+0000] {logging_mixin.py:188} INFO - [2024-04-12T09:09:55.926+0000] {dagbag.py:540} INFO - Filling up the DagBag from /home/airflow/.local/lib/python3.8/site-packages/airflow/example_dags/example_external_task_marker_dag.py
[2024-04-12T09:09:55.933+0000] {processor.py:840} INFO - DAG(s) 'example_external_task_marker_parent', 'example_external_task_marker_child' retrieved from /home/airflow/.local/lib/python3.8/site-packages/airflow/example_dags/example_external_task_marker_dag.py
[2024-04-12T09:09:55.966+0000] {logging_mixin.py:188} INFO - [2024-04-12T09:09:55.966+0000] {dag.py:3047} INFO - Sync 2 DAGs
[2024-04-12T09:09:55.981+0000] {logging_mixin.py:188} INFO - [2024-04-12T09:09:55.981+0000] {dag.py:3834} INFO - Setting next_dagrun for example_external_task_marker_child to None, run_after=None
[2024-04-12T09:09:55.986+0000] {logging_mixin.py:188} INFO - [2024-04-12T09:09:55.986+0000] {dag.py:3834} INFO - Setting next_dagrun for example_external_task_marker_parent to None, run_after=None
[2024-04-12T09:09:56.012+0000] {processor.py:183} INFO - Processing /home/airflow/.local/lib/python3.8/site-packages/airflow/example_dags/example_external_task_marker_dag.py took 0.090 seconds
[2024-04-12T09:10:32.216+0000] {processor.py:161} INFO - Started process (PID=1027) to work on /home/airflow/.local/lib/python3.8/site-packages/airflow/example_dags/example_external_task_marker_dag.py
[2024-04-12T09:10:32.220+0000] {processor.py:830} INFO - Processing file /home/airflow/.local/lib/python3.8/site-packages/airflow/example_dags/example_external_task_marker_dag.py for tasks to queue
[2024-04-12T09:10:32.230+0000] {logging_mixin.py:188} INFO - [2024-04-12T09:10:32.228+0000] {dagbag.py:540} INFO - Filling up the DagBag from /home/airflow/.local/lib/python3.8/site-packages/airflow/example_dags/example_external_task_marker_dag.py
[2024-04-12T09:10:32.272+0000] {processor.py:840} INFO - DAG(s) 'example_external_task_marker_child', 'example_external_task_marker_parent' retrieved from /home/airflow/.local/lib/python3.8/site-packages/airflow/example_dags/example_external_task_marker_dag.py
[2024-04-12T09:10:32.418+0000] {logging_mixin.py:188} INFO - [2024-04-12T09:10:32.417+0000] {dag.py:3047} INFO - Sync 2 DAGs
[2024-04-12T09:10:32.507+0000] {logging_mixin.py:188} INFO - [2024-04-12T09:10:32.503+0000] {dag.py:3834} INFO - Setting next_dagrun for example_external_task_marker_child to None, run_after=None
[2024-04-12T09:10:32.538+0000] {logging_mixin.py:188} INFO - [2024-04-12T09:10:32.537+0000] {dag.py:3834} INFO - Setting next_dagrun for example_external_task_marker_parent to None, run_after=None
[2024-04-12T09:10:32.659+0000] {processor.py:183} INFO - Processing /home/airflow/.local/lib/python3.8/site-packages/airflow/example_dags/example_external_task_marker_dag.py took 0.460 seconds
[2024-04-12T09:11:03.032+0000] {processor.py:161} INFO - Started process (PID=1085) to work on /home/airflow/.local/lib/python3.8/site-packages/airflow/example_dags/example_external_task_marker_dag.py
[2024-04-12T09:11:03.035+0000] {processor.py:830} INFO - Processing file /home/airflow/.local/lib/python3.8/site-packages/airflow/example_dags/example_external_task_marker_dag.py for tasks to queue
[2024-04-12T09:11:03.040+0000] {logging_mixin.py:188} INFO - [2024-04-12T09:11:03.039+0000] {dagbag.py:540} INFO - Filling up the DagBag from /home/airflow/.local/lib/python3.8/site-packages/airflow/example_dags/example_external_task_marker_dag.py
[2024-04-12T09:11:03.058+0000] {processor.py:840} INFO - DAG(s) 'example_external_task_marker_parent', 'example_external_task_marker_child' retrieved from /home/airflow/.local/lib/python3.8/site-packages/airflow/example_dags/example_external_task_marker_dag.py
[2024-04-12T09:11:03.192+0000] {logging_mixin.py:188} INFO - [2024-04-12T09:11:03.190+0000] {dag.py:3047} INFO - Sync 2 DAGs
[2024-04-12T09:11:03.244+0000] {logging_mixin.py:188} INFO - [2024-04-12T09:11:03.243+0000] {dag.py:3834} INFO - Setting next_dagrun for example_external_task_marker_child to None, run_after=None
[2024-04-12T09:11:03.262+0000] {logging_mixin.py:188} INFO - [2024-04-12T09:11:03.261+0000] {dag.py:3834} INFO - Setting next_dagrun for example_external_task_marker_parent to None, run_after=None
[2024-04-12T09:11:03.353+0000] {processor.py:183} INFO - Processing /home/airflow/.local/lib/python3.8/site-packages/airflow/example_dags/example_external_task_marker_dag.py took 0.338 seconds
[2024-04-12T09:11:34.298+0000] {processor.py:161} INFO - Started process (PID=1142) to work on /home/airflow/.local/lib/python3.8/site-packages/airflow/example_dags/example_external_task_marker_dag.py
[2024-04-12T09:11:34.303+0000] {processor.py:830} INFO - Processing file /home/airflow/.local/lib/python3.8/site-packages/airflow/example_dags/example_external_task_marker_dag.py for tasks to queue
[2024-04-12T09:11:34.307+0000] {logging_mixin.py:188} INFO - [2024-04-12T09:11:34.306+0000] {dagbag.py:540} INFO - Filling up the DagBag from /home/airflow/.local/lib/python3.8/site-packages/airflow/example_dags/example_external_task_marker_dag.py
[2024-04-12T09:11:34.346+0000] {processor.py:840} INFO - DAG(s) 'example_external_task_marker_child', 'example_external_task_marker_parent' retrieved from /home/airflow/.local/lib/python3.8/site-packages/airflow/example_dags/example_external_task_marker_dag.py
[2024-04-12T09:11:34.450+0000] {logging_mixin.py:188} INFO - [2024-04-12T09:11:34.449+0000] {dag.py:3047} INFO - Sync 2 DAGs
[2024-04-12T09:11:34.490+0000] {logging_mixin.py:188} INFO - [2024-04-12T09:11:34.490+0000] {dag.py:3834} INFO - Setting next_dagrun for example_external_task_marker_child to None, run_after=None
[2024-04-12T09:11:34.498+0000] {logging_mixin.py:188} INFO - [2024-04-12T09:11:34.497+0000] {dag.py:3834} INFO - Setting next_dagrun for example_external_task_marker_parent to None, run_after=None
[2024-04-12T09:11:34.583+0000] {processor.py:183} INFO - Processing /home/airflow/.local/lib/python3.8/site-packages/airflow/example_dags/example_external_task_marker_dag.py took 0.297 seconds
[2024-04-12T09:12:04.823+0000] {processor.py:161} INFO - Started process (PID=1200) to work on /home/airflow/.local/lib/python3.8/site-packages/airflow/example_dags/example_external_task_marker_dag.py
[2024-04-12T09:12:04.827+0000] {processor.py:830} INFO - Processing file /home/airflow/.local/lib/python3.8/site-packages/airflow/example_dags/example_external_task_marker_dag.py for tasks to queue
[2024-04-12T09:12:04.830+0000] {logging_mixin.py:188} INFO - [2024-04-12T09:12:04.829+0000] {dagbag.py:540} INFO - Filling up the DagBag from /home/airflow/.local/lib/python3.8/site-packages/airflow/example_dags/example_external_task_marker_dag.py
[2024-04-12T09:12:04.839+0000] {processor.py:840} INFO - DAG(s) 'example_external_task_marker_parent', 'example_external_task_marker_child' retrieved from /home/airflow/.local/lib/python3.8/site-packages/airflow/example_dags/example_external_task_marker_dag.py
[2024-04-12T09:12:04.875+0000] {logging_mixin.py:188} INFO - [2024-04-12T09:12:04.875+0000] {dag.py:3047} INFO - Sync 2 DAGs
[2024-04-12T09:12:04.895+0000] {logging_mixin.py:188} INFO - [2024-04-12T09:12:04.894+0000] {dag.py:3834} INFO - Setting next_dagrun for example_external_task_marker_child to None, run_after=None
[2024-04-12T09:12:04.904+0000] {logging_mixin.py:188} INFO - [2024-04-12T09:12:04.904+0000] {dag.py:3834} INFO - Setting next_dagrun for example_external_task_marker_parent to None, run_after=None
[2024-04-12T09:12:04.939+0000] {processor.py:183} INFO - Processing /home/airflow/.local/lib/python3.8/site-packages/airflow/example_dags/example_external_task_marker_dag.py took 0.123 seconds
[2024-04-12T09:12:35.581+0000] {processor.py:161} INFO - Started process (PID=1258) to work on /home/airflow/.local/lib/python3.8/site-packages/airflow/example_dags/example_external_task_marker_dag.py
[2024-04-12T09:12:35.583+0000] {processor.py:830} INFO - Processing file /home/airflow/.local/lib/python3.8/site-packages/airflow/example_dags/example_external_task_marker_dag.py for tasks to queue
[2024-04-12T09:12:35.585+0000] {logging_mixin.py:188} INFO - [2024-04-12T09:12:35.584+0000] {dagbag.py:540} INFO - Filling up the DagBag from /home/airflow/.local/lib/python3.8/site-packages/airflow/example_dags/example_external_task_marker_dag.py
[2024-04-12T09:12:35.594+0000] {processor.py:840} INFO - DAG(s) 'example_external_task_marker_parent', 'example_external_task_marker_child' retrieved from /home/airflow/.local/lib/python3.8/site-packages/airflow/example_dags/example_external_task_marker_dag.py
[2024-04-12T09:12:35.627+0000] {logging_mixin.py:188} INFO - [2024-04-12T09:12:35.626+0000] {dag.py:3047} INFO - Sync 2 DAGs
[2024-04-12T09:12:35.644+0000] {logging_mixin.py:188} INFO - [2024-04-12T09:12:35.644+0000] {dag.py:3834} INFO - Setting next_dagrun for example_external_task_marker_child to None, run_after=None
[2024-04-12T09:12:35.649+0000] {logging_mixin.py:188} INFO - [2024-04-12T09:12:35.649+0000] {dag.py:3834} INFO - Setting next_dagrun for example_external_task_marker_parent to None, run_after=None
[2024-04-12T09:12:35.677+0000] {processor.py:183} INFO - Processing /home/airflow/.local/lib/python3.8/site-packages/airflow/example_dags/example_external_task_marker_dag.py took 0.099 seconds
[2024-04-12T09:13:06.384+0000] {processor.py:161} INFO - Started process (PID=1316) to work on /home/airflow/.local/lib/python3.8/site-packages/airflow/example_dags/example_external_task_marker_dag.py
[2024-04-12T09:13:06.385+0000] {processor.py:830} INFO - Processing file /home/airflow/.local/lib/python3.8/site-packages/airflow/example_dags/example_external_task_marker_dag.py for tasks to queue
[2024-04-12T09:13:06.387+0000] {logging_mixin.py:188} INFO - [2024-04-12T09:13:06.386+0000] {dagbag.py:540} INFO - Filling up the DagBag from /home/airflow/.local/lib/python3.8/site-packages/airflow/example_dags/example_external_task_marker_dag.py
[2024-04-12T09:13:06.392+0000] {processor.py:840} INFO - DAG(s) 'example_external_task_marker_parent', 'example_external_task_marker_child' retrieved from /home/airflow/.local/lib/python3.8/site-packages/airflow/example_dags/example_external_task_marker_dag.py
[2024-04-12T09:13:06.423+0000] {logging_mixin.py:188} INFO - [2024-04-12T09:13:06.422+0000] {dag.py:3047} INFO - Sync 2 DAGs
[2024-04-12T09:13:06.437+0000] {logging_mixin.py:188} INFO - [2024-04-12T09:13:06.436+0000] {dag.py:3834} INFO - Setting next_dagrun for example_external_task_marker_child to None, run_after=None
[2024-04-12T09:13:06.442+0000] {logging_mixin.py:188} INFO - [2024-04-12T09:13:06.441+0000] {dag.py:3834} INFO - Setting next_dagrun for example_external_task_marker_parent to None, run_after=None
[2024-04-12T09:13:06.476+0000] {processor.py:183} INFO - Processing /home/airflow/.local/lib/python3.8/site-packages/airflow/example_dags/example_external_task_marker_dag.py took 0.094 seconds
[2024-04-12T09:13:37.193+0000] {processor.py:161} INFO - Started process (PID=1374) to work on /home/airflow/.local/lib/python3.8/site-packages/airflow/example_dags/example_external_task_marker_dag.py
[2024-04-12T09:13:37.195+0000] {processor.py:830} INFO - Processing file /home/airflow/.local/lib/python3.8/site-packages/airflow/example_dags/example_external_task_marker_dag.py for tasks to queue
[2024-04-12T09:13:37.196+0000] {logging_mixin.py:188} INFO - [2024-04-12T09:13:37.196+0000] {dagbag.py:540} INFO - Filling up the DagBag from /home/airflow/.local/lib/python3.8/site-packages/airflow/example_dags/example_external_task_marker_dag.py
[2024-04-12T09:13:37.203+0000] {processor.py:840} INFO - DAG(s) 'example_external_task_marker_parent', 'example_external_task_marker_child' retrieved from /home/airflow/.local/lib/python3.8/site-packages/airflow/example_dags/example_external_task_marker_dag.py
[2024-04-12T09:13:37.233+0000] {logging_mixin.py:188} INFO - [2024-04-12T09:13:37.233+0000] {dag.py:3047} INFO - Sync 2 DAGs
[2024-04-12T09:13:37.249+0000] {logging_mixin.py:188} INFO - [2024-04-12T09:13:37.248+0000] {dag.py:3834} INFO - Setting next_dagrun for example_external_task_marker_child to None, run_after=None
[2024-04-12T09:13:37.253+0000] {logging_mixin.py:188} INFO - [2024-04-12T09:13:37.253+0000] {dag.py:3834} INFO - Setting next_dagrun for example_external_task_marker_parent to None, run_after=None
[2024-04-12T09:13:37.285+0000] {processor.py:183} INFO - Processing /home/airflow/.local/lib/python3.8/site-packages/airflow/example_dags/example_external_task_marker_dag.py took 0.095 seconds
[2024-04-12T09:14:08.365+0000] {processor.py:161} INFO - Started process (PID=1431) to work on /home/airflow/.local/lib/python3.8/site-packages/airflow/example_dags/example_external_task_marker_dag.py
[2024-04-12T09:14:08.366+0000] {processor.py:830} INFO - Processing file /home/airflow/.local/lib/python3.8/site-packages/airflow/example_dags/example_external_task_marker_dag.py for tasks to queue
[2024-04-12T09:14:08.368+0000] {logging_mixin.py:188} INFO - [2024-04-12T09:14:08.367+0000] {dagbag.py:540} INFO - Filling up the DagBag from /home/airflow/.local/lib/python3.8/site-packages/airflow/example_dags/example_external_task_marker_dag.py
[2024-04-12T09:14:08.374+0000] {processor.py:840} INFO - DAG(s) 'example_external_task_marker_child', 'example_external_task_marker_parent' retrieved from /home/airflow/.local/lib/python3.8/site-packages/airflow/example_dags/example_external_task_marker_dag.py
[2024-04-12T09:14:08.408+0000] {logging_mixin.py:188} INFO - [2024-04-12T09:14:08.408+0000] {dag.py:3047} INFO - Sync 2 DAGs
[2024-04-12T09:14:08.423+0000] {logging_mixin.py:188} INFO - [2024-04-12T09:14:08.422+0000] {dag.py:3834} INFO - Setting next_dagrun for example_external_task_marker_child to None, run_after=None
[2024-04-12T09:14:08.428+0000] {logging_mixin.py:188} INFO - [2024-04-12T09:14:08.428+0000] {dag.py:3834} INFO - Setting next_dagrun for example_external_task_marker_parent to None, run_after=None
[2024-04-12T09:14:08.453+0000] {processor.py:183} INFO - Processing /home/airflow/.local/lib/python3.8/site-packages/airflow/example_dags/example_external_task_marker_dag.py took 0.091 seconds
[2024-04-12T09:14:38.616+0000] {processor.py:161} INFO - Started process (PID=1488) to work on /home/airflow/.local/lib/python3.8/site-packages/airflow/example_dags/example_external_task_marker_dag.py
[2024-04-12T09:14:38.618+0000] {processor.py:830} INFO - Processing file /home/airflow/.local/lib/python3.8/site-packages/airflow/example_dags/example_external_task_marker_dag.py for tasks to queue
[2024-04-12T09:14:38.619+0000] {logging_mixin.py:188} INFO - [2024-04-12T09:14:38.619+0000] {dagbag.py:540} INFO - Filling up the DagBag from /home/airflow/.local/lib/python3.8/site-packages/airflow/example_dags/example_external_task_marker_dag.py
[2024-04-12T09:14:38.625+0000] {processor.py:840} INFO - DAG(s) 'example_external_task_marker_parent', 'example_external_task_marker_child' retrieved from /home/airflow/.local/lib/python3.8/site-packages/airflow/example_dags/example_external_task_marker_dag.py
[2024-04-12T09:14:38.655+0000] {logging_mixin.py:188} INFO - [2024-04-12T09:14:38.654+0000] {dag.py:3047} INFO - Sync 2 DAGs
[2024-04-12T09:14:38.674+0000] {logging_mixin.py:188} INFO - [2024-04-12T09:14:38.673+0000] {dag.py:3834} INFO - Setting next_dagrun for example_external_task_marker_child to None, run_after=None
[2024-04-12T09:14:38.680+0000] {logging_mixin.py:188} INFO - [2024-04-12T09:14:38.680+0000] {dag.py:3834} INFO - Setting next_dagrun for example_external_task_marker_parent to None, run_after=None
[2024-04-12T09:14:38.713+0000] {processor.py:183} INFO - Processing /home/airflow/.local/lib/python3.8/site-packages/airflow/example_dags/example_external_task_marker_dag.py took 0.100 seconds
[2024-04-12T09:15:09.630+0000] {processor.py:161} INFO - Started process (PID=1546) to work on /home/airflow/.local/lib/python3.8/site-packages/airflow/example_dags/example_external_task_marker_dag.py
[2024-04-12T09:15:09.632+0000] {processor.py:830} INFO - Processing file /home/airflow/.local/lib/python3.8/site-packages/airflow/example_dags/example_external_task_marker_dag.py for tasks to queue
[2024-04-12T09:15:09.635+0000] {logging_mixin.py:188} INFO - [2024-04-12T09:15:09.635+0000] {dagbag.py:540} INFO - Filling up the DagBag from /home/airflow/.local/lib/python3.8/site-packages/airflow/example_dags/example_external_task_marker_dag.py
[2024-04-12T09:15:09.650+0000] {processor.py:840} INFO - DAG(s) 'example_external_task_marker_child', 'example_external_task_marker_parent' retrieved from /home/airflow/.local/lib/python3.8/site-packages/airflow/example_dags/example_external_task_marker_dag.py
[2024-04-12T09:15:09.698+0000] {logging_mixin.py:188} INFO - [2024-04-12T09:15:09.697+0000] {dag.py:3047} INFO - Sync 2 DAGs
[2024-04-12T09:15:09.722+0000] {logging_mixin.py:188} INFO - [2024-04-12T09:15:09.721+0000] {dag.py:3834} INFO - Setting next_dagrun for example_external_task_marker_child to None, run_after=None
[2024-04-12T09:15:09.728+0000] {logging_mixin.py:188} INFO - [2024-04-12T09:15:09.728+0000] {dag.py:3834} INFO - Setting next_dagrun for example_external_task_marker_parent to None, run_after=None
[2024-04-12T09:15:09.763+0000] {processor.py:183} INFO - Processing /home/airflow/.local/lib/python3.8/site-packages/airflow/example_dags/example_external_task_marker_dag.py took 0.140 seconds
[2024-04-12T09:15:41.874+0000] {processor.py:161} INFO - Started process (PID=1604) to work on /home/airflow/.local/lib/python3.8/site-packages/airflow/example_dags/example_external_task_marker_dag.py
[2024-04-12T09:15:41.881+0000] {processor.py:830} INFO - Processing file /home/airflow/.local/lib/python3.8/site-packages/airflow/example_dags/example_external_task_marker_dag.py for tasks to queue
[2024-04-12T09:15:41.886+0000] {logging_mixin.py:188} INFO - [2024-04-12T09:15:41.884+0000] {dagbag.py:540} INFO - Filling up the DagBag from /home/airflow/.local/lib/python3.8/site-packages/airflow/example_dags/example_external_task_marker_dag.py
[2024-04-12T09:15:41.917+0000] {processor.py:840} INFO - DAG(s) 'example_external_task_marker_parent', 'example_external_task_marker_child' retrieved from /home/airflow/.local/lib/python3.8/site-packages/airflow/example_dags/example_external_task_marker_dag.py
[2024-04-12T09:15:41.982+0000] {logging_mixin.py:188} INFO - [2024-04-12T09:15:41.981+0000] {dag.py:3047} INFO - Sync 2 DAGs
[2024-04-12T09:15:42.018+0000] {logging_mixin.py:188} INFO - [2024-04-12T09:15:42.017+0000] {dag.py:3834} INFO - Setting next_dagrun for example_external_task_marker_child to None, run_after=None
[2024-04-12T09:15:42.027+0000] {logging_mixin.py:188} INFO - [2024-04-12T09:15:42.027+0000] {dag.py:3834} INFO - Setting next_dagrun for example_external_task_marker_parent to None, run_after=None
[2024-04-12T09:15:42.063+0000] {processor.py:183} INFO - Processing /home/airflow/.local/lib/python3.8/site-packages/airflow/example_dags/example_external_task_marker_dag.py took 0.206 seconds
[2024-04-12T09:16:15.773+0000] {processor.py:161} INFO - Started process (PID=1661) to work on /home/airflow/.local/lib/python3.8/site-packages/airflow/example_dags/example_external_task_marker_dag.py
[2024-04-12T09:16:15.775+0000] {processor.py:830} INFO - Processing file /home/airflow/.local/lib/python3.8/site-packages/airflow/example_dags/example_external_task_marker_dag.py for tasks to queue
[2024-04-12T09:16:15.777+0000] {logging_mixin.py:188} INFO - [2024-04-12T09:16:15.776+0000] {dagbag.py:540} INFO - Filling up the DagBag from /home/airflow/.local/lib/python3.8/site-packages/airflow/example_dags/example_external_task_marker_dag.py
[2024-04-12T09:16:15.790+0000] {processor.py:840} INFO - DAG(s) 'example_external_task_marker_child', 'example_external_task_marker_parent' retrieved from /home/airflow/.local/lib/python3.8/site-packages/airflow/example_dags/example_external_task_marker_dag.py
[2024-04-12T09:16:15.844+0000] {logging_mixin.py:188} INFO - [2024-04-12T09:16:15.841+0000] {dag.py:3047} INFO - Sync 2 DAGs
[2024-04-12T09:16:15.890+0000] {logging_mixin.py:188} INFO - [2024-04-12T09:16:15.889+0000] {dag.py:3834} INFO - Setting next_dagrun for example_external_task_marker_child to None, run_after=None
[2024-04-12T09:16:15.913+0000] {logging_mixin.py:188} INFO - [2024-04-12T09:16:15.912+0000] {dag.py:3834} INFO - Setting next_dagrun for example_external_task_marker_parent to None, run_after=None
[2024-04-12T09:16:15.978+0000] {processor.py:183} INFO - Processing /home/airflow/.local/lib/python3.8/site-packages/airflow/example_dags/example_external_task_marker_dag.py took 0.209 seconds
