[2024-04-12T09:01:32.005+0000] {processor.py:161} INFO - Started process (PID=73) to work on /home/airflow/.local/lib/python3.8/site-packages/airflow/example_dags/example_short_circuit_operator.py
[2024-04-12T09:01:32.006+0000] {processor.py:830} INFO - Processing file /home/airflow/.local/lib/python3.8/site-packages/airflow/example_dags/example_short_circuit_operator.py for tasks to queue
[2024-04-12T09:01:32.008+0000] {logging_mixin.py:188} INFO - [2024-04-12T09:01:32.008+0000] {dagbag.py:540} INFO - Filling up the DagBag from /home/airflow/.local/lib/python3.8/site-packages/airflow/example_dags/example_short_circuit_operator.py
[2024-04-12T09:01:32.021+0000] {processor.py:840} INFO - DAG(s) 'example_short_circuit_operator' retrieved from /home/airflow/.local/lib/python3.8/site-packages/airflow/example_dags/example_short_circuit_operator.py
[2024-04-12T09:01:32.180+0000] {logging_mixin.py:188} INFO - [2024-04-12T09:01:32.179+0000] {override.py:1769} INFO - Created Permission View: can read on DAG:example_short_circuit_operator
[2024-04-12T09:01:32.200+0000] {logging_mixin.py:188} INFO - [2024-04-12T09:01:32.199+0000] {override.py:1769} INFO - Created Permission View: can edit on DAG:example_short_circuit_operator
[2024-04-12T09:01:32.219+0000] {logging_mixin.py:188} INFO - [2024-04-12T09:01:32.218+0000] {override.py:1769} INFO - Created Permission View: can delete on DAG:example_short_circuit_operator
[2024-04-12T09:01:32.220+0000] {logging_mixin.py:188} INFO - [2024-04-12T09:01:32.220+0000] {dag.py:3047} INFO - Sync 1 DAGs
[2024-04-12T09:01:32.240+0000] {logging_mixin.py:188} INFO - [2024-04-12T09:01:32.240+0000] {dag.py:3069} INFO - Creating ORM DAG for example_short_circuit_operator
[2024-04-12T09:01:32.256+0000] {logging_mixin.py:188} INFO - [2024-04-12T09:01:32.256+0000] {dag.py:3834} INFO - Setting next_dagrun for example_short_circuit_operator to 2024-04-11 00:00:00+00:00, run_after=2024-04-12 00:00:00+00:00
[2024-04-12T09:01:32.302+0000] {processor.py:183} INFO - Processing /home/airflow/.local/lib/python3.8/site-packages/airflow/example_dags/example_short_circuit_operator.py took 0.299 seconds
[2024-04-12T09:02:02.413+0000] {processor.py:161} INFO - Started process (PID=131) to work on /home/airflow/.local/lib/python3.8/site-packages/airflow/example_dags/example_short_circuit_operator.py
[2024-04-12T09:02:02.415+0000] {processor.py:830} INFO - Processing file /home/airflow/.local/lib/python3.8/site-packages/airflow/example_dags/example_short_circuit_operator.py for tasks to queue
[2024-04-12T09:02:02.417+0000] {logging_mixin.py:188} INFO - [2024-04-12T09:02:02.417+0000] {dagbag.py:540} INFO - Filling up the DagBag from /home/airflow/.local/lib/python3.8/site-packages/airflow/example_dags/example_short_circuit_operator.py
[2024-04-12T09:02:02.426+0000] {processor.py:840} INFO - DAG(s) 'example_short_circuit_operator' retrieved from /home/airflow/.local/lib/python3.8/site-packages/airflow/example_dags/example_short_circuit_operator.py
[2024-04-12T09:02:02.459+0000] {logging_mixin.py:188} INFO - [2024-04-12T09:02:02.459+0000] {dag.py:3047} INFO - Sync 1 DAGs
[2024-04-12T09:02:02.489+0000] {logging_mixin.py:188} INFO - [2024-04-12T09:02:02.489+0000] {dag.py:3834} INFO - Setting next_dagrun for example_short_circuit_operator to 2024-04-11 00:00:00+00:00, run_after=2024-04-12 00:00:00+00:00
[2024-04-12T09:02:02.559+0000] {processor.py:183} INFO - Processing /home/airflow/.local/lib/python3.8/site-packages/airflow/example_dags/example_short_circuit_operator.py took 0.150 seconds
[2024-04-12T09:02:45.235+0000] {processor.py:161} INFO - Started process (PID=195) to work on /home/airflow/.local/lib/python3.8/site-packages/airflow/example_dags/example_short_circuit_operator.py
[2024-04-12T09:02:45.237+0000] {processor.py:830} INFO - Processing file /home/airflow/.local/lib/python3.8/site-packages/airflow/example_dags/example_short_circuit_operator.py for tasks to queue
[2024-04-12T09:02:45.240+0000] {logging_mixin.py:188} INFO - [2024-04-12T09:02:45.240+0000] {dagbag.py:540} INFO - Filling up the DagBag from /home/airflow/.local/lib/python3.8/site-packages/airflow/example_dags/example_short_circuit_operator.py
[2024-04-12T09:02:45.250+0000] {processor.py:840} INFO - DAG(s) 'example_short_circuit_operator' retrieved from /home/airflow/.local/lib/python3.8/site-packages/airflow/example_dags/example_short_circuit_operator.py
[2024-04-12T09:02:45.294+0000] {logging_mixin.py:188} INFO - [2024-04-12T09:02:45.294+0000] {dag.py:3047} INFO - Sync 1 DAGs
[2024-04-12T09:02:45.325+0000] {logging_mixin.py:188} INFO - [2024-04-12T09:02:45.325+0000] {dag.py:3834} INFO - Setting next_dagrun for example_short_circuit_operator to 2024-04-11 00:00:00+00:00, run_after=2024-04-12 00:00:00+00:00
[2024-04-12T09:02:45.358+0000] {processor.py:183} INFO - Processing /home/airflow/.local/lib/python3.8/site-packages/airflow/example_dags/example_short_circuit_operator.py took 0.127 seconds
[2024-04-12T09:03:15.729+0000] {processor.py:161} INFO - Started process (PID=253) to work on /home/airflow/.local/lib/python3.8/site-packages/airflow/example_dags/example_short_circuit_operator.py
[2024-04-12T09:03:15.734+0000] {processor.py:830} INFO - Processing file /home/airflow/.local/lib/python3.8/site-packages/airflow/example_dags/example_short_circuit_operator.py for tasks to queue
[2024-04-12T09:03:15.747+0000] {logging_mixin.py:188} INFO - [2024-04-12T09:03:15.745+0000] {dagbag.py:540} INFO - Filling up the DagBag from /home/airflow/.local/lib/python3.8/site-packages/airflow/example_dags/example_short_circuit_operator.py
[2024-04-12T09:03:15.772+0000] {processor.py:840} INFO - DAG(s) 'example_short_circuit_operator' retrieved from /home/airflow/.local/lib/python3.8/site-packages/airflow/example_dags/example_short_circuit_operator.py
[2024-04-12T09:03:15.845+0000] {logging_mixin.py:188} INFO - [2024-04-12T09:03:15.844+0000] {dag.py:3047} INFO - Sync 1 DAGs
[2024-04-12T09:03:15.910+0000] {logging_mixin.py:188} INFO - [2024-04-12T09:03:15.909+0000] {dag.py:3834} INFO - Setting next_dagrun for example_short_circuit_operator to 2024-04-11 00:00:00+00:00, run_after=2024-04-12 00:00:00+00:00
[2024-04-12T09:03:15.979+0000] {processor.py:183} INFO - Processing /home/airflow/.local/lib/python3.8/site-packages/airflow/example_dags/example_short_circuit_operator.py took 0.259 seconds
[2024-04-12T09:03:46.198+0000] {processor.py:161} INFO - Started process (PID=311) to work on /home/airflow/.local/lib/python3.8/site-packages/airflow/example_dags/example_short_circuit_operator.py
[2024-04-12T09:03:46.200+0000] {processor.py:830} INFO - Processing file /home/airflow/.local/lib/python3.8/site-packages/airflow/example_dags/example_short_circuit_operator.py for tasks to queue
[2024-04-12T09:03:46.203+0000] {logging_mixin.py:188} INFO - [2024-04-12T09:03:46.202+0000] {dagbag.py:540} INFO - Filling up the DagBag from /home/airflow/.local/lib/python3.8/site-packages/airflow/example_dags/example_short_circuit_operator.py
[2024-04-12T09:03:46.210+0000] {processor.py:840} INFO - DAG(s) 'example_short_circuit_operator' retrieved from /home/airflow/.local/lib/python3.8/site-packages/airflow/example_dags/example_short_circuit_operator.py
[2024-04-12T09:03:46.244+0000] {logging_mixin.py:188} INFO - [2024-04-12T09:03:46.244+0000] {dag.py:3047} INFO - Sync 1 DAGs
[2024-04-12T09:03:46.274+0000] {logging_mixin.py:188} INFO - [2024-04-12T09:03:46.273+0000] {dag.py:3834} INFO - Setting next_dagrun for example_short_circuit_operator to 2024-04-11 00:00:00+00:00, run_after=2024-04-12 00:00:00+00:00
[2024-04-12T09:03:46.309+0000] {processor.py:183} INFO - Processing /home/airflow/.local/lib/python3.8/site-packages/airflow/example_dags/example_short_circuit_operator.py took 0.116 seconds
[2024-04-12T09:04:16.598+0000] {processor.py:161} INFO - Started process (PID=369) to work on /home/airflow/.local/lib/python3.8/site-packages/airflow/example_dags/example_short_circuit_operator.py
[2024-04-12T09:04:16.599+0000] {processor.py:830} INFO - Processing file /home/airflow/.local/lib/python3.8/site-packages/airflow/example_dags/example_short_circuit_operator.py for tasks to queue
[2024-04-12T09:04:16.602+0000] {logging_mixin.py:188} INFO - [2024-04-12T09:04:16.601+0000] {dagbag.py:540} INFO - Filling up the DagBag from /home/airflow/.local/lib/python3.8/site-packages/airflow/example_dags/example_short_circuit_operator.py
[2024-04-12T09:04:16.612+0000] {processor.py:840} INFO - DAG(s) 'example_short_circuit_operator' retrieved from /home/airflow/.local/lib/python3.8/site-packages/airflow/example_dags/example_short_circuit_operator.py
[2024-04-12T09:04:16.675+0000] {logging_mixin.py:188} INFO - [2024-04-12T09:04:16.674+0000] {dag.py:3047} INFO - Sync 1 DAGs
[2024-04-12T09:04:16.756+0000] {logging_mixin.py:188} INFO - [2024-04-12T09:04:16.754+0000] {dag.py:3834} INFO - Setting next_dagrun for example_short_circuit_operator to 2024-04-11 00:00:00+00:00, run_after=2024-04-12 00:00:00+00:00
[2024-04-12T09:04:16.819+0000] {processor.py:183} INFO - Processing /home/airflow/.local/lib/python3.8/site-packages/airflow/example_dags/example_short_circuit_operator.py took 0.225 seconds
[2024-04-12T09:05:14.988+0000] {processor.py:161} INFO - Started process (PID=433) to work on /home/airflow/.local/lib/python3.8/site-packages/airflow/example_dags/example_short_circuit_operator.py
[2024-04-12T09:05:14.990+0000] {processor.py:830} INFO - Processing file /home/airflow/.local/lib/python3.8/site-packages/airflow/example_dags/example_short_circuit_operator.py for tasks to queue
[2024-04-12T09:05:14.992+0000] {logging_mixin.py:188} INFO - [2024-04-12T09:05:14.991+0000] {dagbag.py:540} INFO - Filling up the DagBag from /home/airflow/.local/lib/python3.8/site-packages/airflow/example_dags/example_short_circuit_operator.py
[2024-04-12T09:05:15.002+0000] {processor.py:840} INFO - DAG(s) 'example_short_circuit_operator' retrieved from /home/airflow/.local/lib/python3.8/site-packages/airflow/example_dags/example_short_circuit_operator.py
[2024-04-12T09:05:15.038+0000] {logging_mixin.py:188} INFO - [2024-04-12T09:05:15.037+0000] {dag.py:3047} INFO - Sync 1 DAGs
[2024-04-12T09:05:15.065+0000] {logging_mixin.py:188} INFO - [2024-04-12T09:05:15.065+0000] {dag.py:3834} INFO - Setting next_dagrun for example_short_circuit_operator to 2024-04-11 00:00:00+00:00, run_after=2024-04-12 00:00:00+00:00
[2024-04-12T09:05:15.096+0000] {processor.py:183} INFO - Processing /home/airflow/.local/lib/python3.8/site-packages/airflow/example_dags/example_short_circuit_operator.py took 0.111 seconds
[2024-04-12T09:05:45.899+0000] {processor.py:161} INFO - Started process (PID=491) to work on /home/airflow/.local/lib/python3.8/site-packages/airflow/example_dags/example_short_circuit_operator.py
[2024-04-12T09:05:45.900+0000] {processor.py:830} INFO - Processing file /home/airflow/.local/lib/python3.8/site-packages/airflow/example_dags/example_short_circuit_operator.py for tasks to queue
[2024-04-12T09:05:45.901+0000] {logging_mixin.py:188} INFO - [2024-04-12T09:05:45.900+0000] {dagbag.py:540} INFO - Filling up the DagBag from /home/airflow/.local/lib/python3.8/site-packages/airflow/example_dags/example_short_circuit_operator.py
[2024-04-12T09:05:45.909+0000] {processor.py:840} INFO - DAG(s) 'example_short_circuit_operator' retrieved from /home/airflow/.local/lib/python3.8/site-packages/airflow/example_dags/example_short_circuit_operator.py
[2024-04-12T09:05:45.942+0000] {logging_mixin.py:188} INFO - [2024-04-12T09:05:45.942+0000] {dag.py:3047} INFO - Sync 1 DAGs
[2024-04-12T09:05:45.968+0000] {logging_mixin.py:188} INFO - [2024-04-12T09:05:45.968+0000] {dag.py:3834} INFO - Setting next_dagrun for example_short_circuit_operator to 2024-04-11 00:00:00+00:00, run_after=2024-04-12 00:00:00+00:00
[2024-04-12T09:05:45.997+0000] {processor.py:183} INFO - Processing /home/airflow/.local/lib/python3.8/site-packages/airflow/example_dags/example_short_circuit_operator.py took 0.101 seconds
[2024-04-12T09:06:16.939+0000] {processor.py:161} INFO - Started process (PID=550) to work on /home/airflow/.local/lib/python3.8/site-packages/airflow/example_dags/example_short_circuit_operator.py
[2024-04-12T09:06:16.941+0000] {processor.py:830} INFO - Processing file /home/airflow/.local/lib/python3.8/site-packages/airflow/example_dags/example_short_circuit_operator.py for tasks to queue
[2024-04-12T09:06:16.942+0000] {logging_mixin.py:188} INFO - [2024-04-12T09:06:16.942+0000] {dagbag.py:540} INFO - Filling up the DagBag from /home/airflow/.local/lib/python3.8/site-packages/airflow/example_dags/example_short_circuit_operator.py
[2024-04-12T09:06:16.949+0000] {processor.py:840} INFO - DAG(s) 'example_short_circuit_operator' retrieved from /home/airflow/.local/lib/python3.8/site-packages/airflow/example_dags/example_short_circuit_operator.py
[2024-04-12T09:06:16.974+0000] {logging_mixin.py:188} INFO - [2024-04-12T09:06:16.974+0000] {dag.py:3047} INFO - Sync 1 DAGs
[2024-04-12T09:06:16.998+0000] {logging_mixin.py:188} INFO - [2024-04-12T09:06:16.998+0000] {dag.py:3834} INFO - Setting next_dagrun for example_short_circuit_operator to 2024-04-11 00:00:00+00:00, run_after=2024-04-12 00:00:00+00:00
[2024-04-12T09:06:17.024+0000] {processor.py:183} INFO - Processing /home/airflow/.local/lib/python3.8/site-packages/airflow/example_dags/example_short_circuit_operator.py took 0.087 seconds
[2024-04-12T09:06:47.805+0000] {processor.py:161} INFO - Started process (PID=608) to work on /home/airflow/.local/lib/python3.8/site-packages/airflow/example_dags/example_short_circuit_operator.py
[2024-04-12T09:06:47.806+0000] {processor.py:830} INFO - Processing file /home/airflow/.local/lib/python3.8/site-packages/airflow/example_dags/example_short_circuit_operator.py for tasks to queue
[2024-04-12T09:06:47.808+0000] {logging_mixin.py:188} INFO - [2024-04-12T09:06:47.807+0000] {dagbag.py:540} INFO - Filling up the DagBag from /home/airflow/.local/lib/python3.8/site-packages/airflow/example_dags/example_short_circuit_operator.py
[2024-04-12T09:06:47.816+0000] {processor.py:840} INFO - DAG(s) 'example_short_circuit_operator' retrieved from /home/airflow/.local/lib/python3.8/site-packages/airflow/example_dags/example_short_circuit_operator.py
[2024-04-12T09:06:47.844+0000] {logging_mixin.py:188} INFO - [2024-04-12T09:06:47.844+0000] {dag.py:3047} INFO - Sync 1 DAGs
[2024-04-12T09:06:47.870+0000] {logging_mixin.py:188} INFO - [2024-04-12T09:06:47.870+0000] {dag.py:3834} INFO - Setting next_dagrun for example_short_circuit_operator to 2024-04-11 00:00:00+00:00, run_after=2024-04-12 00:00:00+00:00
[2024-04-12T09:06:47.898+0000] {processor.py:183} INFO - Processing /home/airflow/.local/lib/python3.8/site-packages/airflow/example_dags/example_short_circuit_operator.py took 0.097 seconds
[2024-04-12T09:07:18.249+0000] {processor.py:161} INFO - Started process (PID=664) to work on /home/airflow/.local/lib/python3.8/site-packages/airflow/example_dags/example_short_circuit_operator.py
[2024-04-12T09:07:18.252+0000] {processor.py:830} INFO - Processing file /home/airflow/.local/lib/python3.8/site-packages/airflow/example_dags/example_short_circuit_operator.py for tasks to queue
[2024-04-12T09:07:18.254+0000] {logging_mixin.py:188} INFO - [2024-04-12T09:07:18.253+0000] {dagbag.py:540} INFO - Filling up the DagBag from /home/airflow/.local/lib/python3.8/site-packages/airflow/example_dags/example_short_circuit_operator.py
[2024-04-12T09:07:18.268+0000] {processor.py:840} INFO - DAG(s) 'example_short_circuit_operator' retrieved from /home/airflow/.local/lib/python3.8/site-packages/airflow/example_dags/example_short_circuit_operator.py
[2024-04-12T09:07:18.328+0000] {logging_mixin.py:188} INFO - [2024-04-12T09:07:18.327+0000] {dag.py:3047} INFO - Sync 1 DAGs
[2024-04-12T09:07:18.400+0000] {logging_mixin.py:188} INFO - [2024-04-12T09:07:18.399+0000] {dag.py:3834} INFO - Setting next_dagrun for example_short_circuit_operator to 2024-04-11 00:00:00+00:00, run_after=2024-04-12 00:00:00+00:00
[2024-04-12T09:07:18.467+0000] {processor.py:183} INFO - Processing /home/airflow/.local/lib/python3.8/site-packages/airflow/example_dags/example_short_circuit_operator.py took 0.223 seconds
[2024-04-12T09:07:49.258+0000] {processor.py:161} INFO - Started process (PID=722) to work on /home/airflow/.local/lib/python3.8/site-packages/airflow/example_dags/example_short_circuit_operator.py
[2024-04-12T09:07:49.260+0000] {processor.py:830} INFO - Processing file /home/airflow/.local/lib/python3.8/site-packages/airflow/example_dags/example_short_circuit_operator.py for tasks to queue
[2024-04-12T09:07:49.261+0000] {logging_mixin.py:188} INFO - [2024-04-12T09:07:49.260+0000] {dagbag.py:540} INFO - Filling up the DagBag from /home/airflow/.local/lib/python3.8/site-packages/airflow/example_dags/example_short_circuit_operator.py
[2024-04-12T09:07:49.268+0000] {processor.py:840} INFO - DAG(s) 'example_short_circuit_operator' retrieved from /home/airflow/.local/lib/python3.8/site-packages/airflow/example_dags/example_short_circuit_operator.py
[2024-04-12T09:07:49.297+0000] {logging_mixin.py:188} INFO - [2024-04-12T09:07:49.296+0000] {dag.py:3047} INFO - Sync 1 DAGs
[2024-04-12T09:07:49.323+0000] {logging_mixin.py:188} INFO - [2024-04-12T09:07:49.322+0000] {dag.py:3834} INFO - Setting next_dagrun for example_short_circuit_operator to 2024-04-11 00:00:00+00:00, run_after=2024-04-12 00:00:00+00:00
[2024-04-12T09:07:49.348+0000] {processor.py:183} INFO - Processing /home/airflow/.local/lib/python3.8/site-packages/airflow/example_dags/example_short_circuit_operator.py took 0.099 seconds
[2024-04-12T09:08:19.531+0000] {processor.py:161} INFO - Started process (PID=779) to work on /home/airflow/.local/lib/python3.8/site-packages/airflow/example_dags/example_short_circuit_operator.py
[2024-04-12T09:08:19.532+0000] {processor.py:830} INFO - Processing file /home/airflow/.local/lib/python3.8/site-packages/airflow/example_dags/example_short_circuit_operator.py for tasks to queue
[2024-04-12T09:08:19.534+0000] {logging_mixin.py:188} INFO - [2024-04-12T09:08:19.533+0000] {dagbag.py:540} INFO - Filling up the DagBag from /home/airflow/.local/lib/python3.8/site-packages/airflow/example_dags/example_short_circuit_operator.py
[2024-04-12T09:08:19.542+0000] {processor.py:840} INFO - DAG(s) 'example_short_circuit_operator' retrieved from /home/airflow/.local/lib/python3.8/site-packages/airflow/example_dags/example_short_circuit_operator.py
[2024-04-12T09:08:19.565+0000] {logging_mixin.py:188} INFO - [2024-04-12T09:08:19.565+0000] {dag.py:3047} INFO - Sync 1 DAGs
[2024-04-12T09:08:19.589+0000] {logging_mixin.py:188} INFO - [2024-04-12T09:08:19.589+0000] {dag.py:3834} INFO - Setting next_dagrun for example_short_circuit_operator to 2024-04-11 00:00:00+00:00, run_after=2024-04-12 00:00:00+00:00
[2024-04-12T09:08:19.618+0000] {processor.py:183} INFO - Processing /home/airflow/.local/lib/python3.8/site-packages/airflow/example_dags/example_short_circuit_operator.py took 0.091 seconds
[2024-04-12T09:08:49.856+0000] {processor.py:161} INFO - Started process (PID=837) to work on /home/airflow/.local/lib/python3.8/site-packages/airflow/example_dags/example_short_circuit_operator.py
[2024-04-12T09:08:49.858+0000] {processor.py:830} INFO - Processing file /home/airflow/.local/lib/python3.8/site-packages/airflow/example_dags/example_short_circuit_operator.py for tasks to queue
[2024-04-12T09:08:49.859+0000] {logging_mixin.py:188} INFO - [2024-04-12T09:08:49.859+0000] {dagbag.py:540} INFO - Filling up the DagBag from /home/airflow/.local/lib/python3.8/site-packages/airflow/example_dags/example_short_circuit_operator.py
[2024-04-12T09:08:49.871+0000] {processor.py:840} INFO - DAG(s) 'example_short_circuit_operator' retrieved from /home/airflow/.local/lib/python3.8/site-packages/airflow/example_dags/example_short_circuit_operator.py
[2024-04-12T09:08:49.925+0000] {logging_mixin.py:188} INFO - [2024-04-12T09:08:49.924+0000] {dag.py:3047} INFO - Sync 1 DAGs
[2024-04-12T09:08:49.966+0000] {logging_mixin.py:188} INFO - [2024-04-12T09:08:49.965+0000] {dag.py:3834} INFO - Setting next_dagrun for example_short_circuit_operator to 2024-04-11 00:00:00+00:00, run_after=2024-04-12 00:00:00+00:00
[2024-04-12T09:08:50.026+0000] {processor.py:183} INFO - Processing /home/airflow/.local/lib/python3.8/site-packages/airflow/example_dags/example_short_circuit_operator.py took 0.173 seconds
[2024-04-12T09:09:20.242+0000] {processor.py:161} INFO - Started process (PID=895) to work on /home/airflow/.local/lib/python3.8/site-packages/airflow/example_dags/example_short_circuit_operator.py
[2024-04-12T09:09:20.243+0000] {processor.py:830} INFO - Processing file /home/airflow/.local/lib/python3.8/site-packages/airflow/example_dags/example_short_circuit_operator.py for tasks to queue
[2024-04-12T09:09:20.245+0000] {logging_mixin.py:188} INFO - [2024-04-12T09:09:20.245+0000] {dagbag.py:540} INFO - Filling up the DagBag from /home/airflow/.local/lib/python3.8/site-packages/airflow/example_dags/example_short_circuit_operator.py
[2024-04-12T09:09:20.253+0000] {processor.py:840} INFO - DAG(s) 'example_short_circuit_operator' retrieved from /home/airflow/.local/lib/python3.8/site-packages/airflow/example_dags/example_short_circuit_operator.py
[2024-04-12T09:09:20.280+0000] {logging_mixin.py:188} INFO - [2024-04-12T09:09:20.279+0000] {dag.py:3047} INFO - Sync 1 DAGs
[2024-04-12T09:09:20.305+0000] {logging_mixin.py:188} INFO - [2024-04-12T09:09:20.305+0000] {dag.py:3834} INFO - Setting next_dagrun for example_short_circuit_operator to 2024-04-11 00:00:00+00:00, run_after=2024-04-12 00:00:00+00:00
[2024-04-12T09:09:20.338+0000] {processor.py:183} INFO - Processing /home/airflow/.local/lib/python3.8/site-packages/airflow/example_dags/example_short_circuit_operator.py took 0.099 seconds
[2024-04-12T09:09:50.561+0000] {processor.py:161} INFO - Started process (PID=953) to work on /home/airflow/.local/lib/python3.8/site-packages/airflow/example_dags/example_short_circuit_operator.py
[2024-04-12T09:09:50.564+0000] {processor.py:830} INFO - Processing file /home/airflow/.local/lib/python3.8/site-packages/airflow/example_dags/example_short_circuit_operator.py for tasks to queue
[2024-04-12T09:09:50.568+0000] {logging_mixin.py:188} INFO - [2024-04-12T09:09:50.567+0000] {dagbag.py:540} INFO - Filling up the DagBag from /home/airflow/.local/lib/python3.8/site-packages/airflow/example_dags/example_short_circuit_operator.py
[2024-04-12T09:09:50.584+0000] {processor.py:840} INFO - DAG(s) 'example_short_circuit_operator' retrieved from /home/airflow/.local/lib/python3.8/site-packages/airflow/example_dags/example_short_circuit_operator.py
[2024-04-12T09:09:50.627+0000] {logging_mixin.py:188} INFO - [2024-04-12T09:09:50.627+0000] {dag.py:3047} INFO - Sync 1 DAGs
[2024-04-12T09:09:50.659+0000] {logging_mixin.py:188} INFO - [2024-04-12T09:09:50.659+0000] {dag.py:3834} INFO - Setting next_dagrun for example_short_circuit_operator to 2024-04-11 00:00:00+00:00, run_after=2024-04-12 00:00:00+00:00
[2024-04-12T09:09:50.698+0000] {processor.py:183} INFO - Processing /home/airflow/.local/lib/python3.8/site-packages/airflow/example_dags/example_short_circuit_operator.py took 0.143 seconds
[2024-04-12T09:10:27.370+0000] {processor.py:161} INFO - Started process (PID=1011) to work on /home/airflow/.local/lib/python3.8/site-packages/airflow/example_dags/example_short_circuit_operator.py
[2024-04-12T09:10:27.375+0000] {processor.py:830} INFO - Processing file /home/airflow/.local/lib/python3.8/site-packages/airflow/example_dags/example_short_circuit_operator.py for tasks to queue
[2024-04-12T09:10:27.379+0000] {logging_mixin.py:188} INFO - [2024-04-12T09:10:27.378+0000] {dagbag.py:540} INFO - Filling up the DagBag from /home/airflow/.local/lib/python3.8/site-packages/airflow/example_dags/example_short_circuit_operator.py
[2024-04-12T09:10:27.425+0000] {processor.py:840} INFO - DAG(s) 'example_short_circuit_operator' retrieved from /home/airflow/.local/lib/python3.8/site-packages/airflow/example_dags/example_short_circuit_operator.py
[2024-04-12T09:10:27.555+0000] {logging_mixin.py:188} INFO - [2024-04-12T09:10:27.554+0000] {dag.py:3047} INFO - Sync 1 DAGs
[2024-04-12T09:10:27.692+0000] {logging_mixin.py:188} INFO - [2024-04-12T09:10:27.687+0000] {dag.py:3834} INFO - Setting next_dagrun for example_short_circuit_operator to 2024-04-11 00:00:00+00:00, run_after=2024-04-12 00:00:00+00:00
[2024-04-12T09:10:27.798+0000] {processor.py:183} INFO - Processing /home/airflow/.local/lib/python3.8/site-packages/airflow/example_dags/example_short_circuit_operator.py took 0.437 seconds
[2024-04-12T09:10:57.965+0000] {processor.py:161} INFO - Started process (PID=1069) to work on /home/airflow/.local/lib/python3.8/site-packages/airflow/example_dags/example_short_circuit_operator.py
[2024-04-12T09:10:57.968+0000] {processor.py:830} INFO - Processing file /home/airflow/.local/lib/python3.8/site-packages/airflow/example_dags/example_short_circuit_operator.py for tasks to queue
[2024-04-12T09:10:57.971+0000] {logging_mixin.py:188} INFO - [2024-04-12T09:10:57.970+0000] {dagbag.py:540} INFO - Filling up the DagBag from /home/airflow/.local/lib/python3.8/site-packages/airflow/example_dags/example_short_circuit_operator.py
[2024-04-12T09:10:58.002+0000] {processor.py:840} INFO - DAG(s) 'example_short_circuit_operator' retrieved from /home/airflow/.local/lib/python3.8/site-packages/airflow/example_dags/example_short_circuit_operator.py
[2024-04-12T09:10:58.127+0000] {logging_mixin.py:188} INFO - [2024-04-12T09:10:58.126+0000] {dag.py:3047} INFO - Sync 1 DAGs
[2024-04-12T09:10:58.250+0000] {logging_mixin.py:188} INFO - [2024-04-12T09:10:58.248+0000] {dag.py:3834} INFO - Setting next_dagrun for example_short_circuit_operator to 2024-04-11 00:00:00+00:00, run_after=2024-04-12 00:00:00+00:00
[2024-04-12T09:10:58.301+0000] {processor.py:183} INFO - Processing /home/airflow/.local/lib/python3.8/site-packages/airflow/example_dags/example_short_circuit_operator.py took 0.344 seconds
[2024-04-12T09:11:28.742+0000] {processor.py:161} INFO - Started process (PID=1126) to work on /home/airflow/.local/lib/python3.8/site-packages/airflow/example_dags/example_short_circuit_operator.py
[2024-04-12T09:11:28.744+0000] {processor.py:830} INFO - Processing file /home/airflow/.local/lib/python3.8/site-packages/airflow/example_dags/example_short_circuit_operator.py for tasks to queue
[2024-04-12T09:11:28.746+0000] {logging_mixin.py:188} INFO - [2024-04-12T09:11:28.745+0000] {dagbag.py:540} INFO - Filling up the DagBag from /home/airflow/.local/lib/python3.8/site-packages/airflow/example_dags/example_short_circuit_operator.py
[2024-04-12T09:11:28.763+0000] {processor.py:840} INFO - DAG(s) 'example_short_circuit_operator' retrieved from /home/airflow/.local/lib/python3.8/site-packages/airflow/example_dags/example_short_circuit_operator.py
[2024-04-12T09:11:28.795+0000] {logging_mixin.py:188} INFO - [2024-04-12T09:11:28.795+0000] {dag.py:3047} INFO - Sync 1 DAGs
[2024-04-12T09:11:28.836+0000] {logging_mixin.py:188} INFO - [2024-04-12T09:11:28.836+0000] {dag.py:3834} INFO - Setting next_dagrun for example_short_circuit_operator to 2024-04-11 00:00:00+00:00, run_after=2024-04-12 00:00:00+00:00
[2024-04-12T09:11:28.894+0000] {processor.py:183} INFO - Processing /home/airflow/.local/lib/python3.8/site-packages/airflow/example_dags/example_short_circuit_operator.py took 0.157 seconds
[2024-04-12T09:11:59.765+0000] {processor.py:161} INFO - Started process (PID=1184) to work on /home/airflow/.local/lib/python3.8/site-packages/airflow/example_dags/example_short_circuit_operator.py
[2024-04-12T09:11:59.768+0000] {processor.py:830} INFO - Processing file /home/airflow/.local/lib/python3.8/site-packages/airflow/example_dags/example_short_circuit_operator.py for tasks to queue
[2024-04-12T09:11:59.769+0000] {logging_mixin.py:188} INFO - [2024-04-12T09:11:59.769+0000] {dagbag.py:540} INFO - Filling up the DagBag from /home/airflow/.local/lib/python3.8/site-packages/airflow/example_dags/example_short_circuit_operator.py
[2024-04-12T09:11:59.781+0000] {processor.py:840} INFO - DAG(s) 'example_short_circuit_operator' retrieved from /home/airflow/.local/lib/python3.8/site-packages/airflow/example_dags/example_short_circuit_operator.py
[2024-04-12T09:11:59.843+0000] {logging_mixin.py:188} INFO - [2024-04-12T09:11:59.842+0000] {dag.py:3047} INFO - Sync 1 DAGs
[2024-04-12T09:11:59.886+0000] {logging_mixin.py:188} INFO - [2024-04-12T09:11:59.886+0000] {dag.py:3834} INFO - Setting next_dagrun for example_short_circuit_operator to 2024-04-11 00:00:00+00:00, run_after=2024-04-12 00:00:00+00:00
[2024-04-12T09:11:59.952+0000] {processor.py:183} INFO - Processing /home/airflow/.local/lib/python3.8/site-packages/airflow/example_dags/example_short_circuit_operator.py took 0.194 seconds
[2024-04-12T09:12:30.547+0000] {processor.py:161} INFO - Started process (PID=1242) to work on /home/airflow/.local/lib/python3.8/site-packages/airflow/example_dags/example_short_circuit_operator.py
[2024-04-12T09:12:30.549+0000] {processor.py:830} INFO - Processing file /home/airflow/.local/lib/python3.8/site-packages/airflow/example_dags/example_short_circuit_operator.py for tasks to queue
[2024-04-12T09:12:30.551+0000] {logging_mixin.py:188} INFO - [2024-04-12T09:12:30.551+0000] {dagbag.py:540} INFO - Filling up the DagBag from /home/airflow/.local/lib/python3.8/site-packages/airflow/example_dags/example_short_circuit_operator.py
[2024-04-12T09:12:30.561+0000] {processor.py:840} INFO - DAG(s) 'example_short_circuit_operator' retrieved from /home/airflow/.local/lib/python3.8/site-packages/airflow/example_dags/example_short_circuit_operator.py
[2024-04-12T09:12:30.595+0000] {logging_mixin.py:188} INFO - [2024-04-12T09:12:30.594+0000] {dag.py:3047} INFO - Sync 1 DAGs
[2024-04-12T09:12:30.628+0000] {logging_mixin.py:188} INFO - [2024-04-12T09:12:30.628+0000] {dag.py:3834} INFO - Setting next_dagrun for example_short_circuit_operator to 2024-04-11 00:00:00+00:00, run_after=2024-04-12 00:00:00+00:00
[2024-04-12T09:12:30.666+0000] {processor.py:183} INFO - Processing /home/airflow/.local/lib/python3.8/site-packages/airflow/example_dags/example_short_circuit_operator.py took 0.122 seconds
[2024-04-12T09:13:01.264+0000] {processor.py:161} INFO - Started process (PID=1300) to work on /home/airflow/.local/lib/python3.8/site-packages/airflow/example_dags/example_short_circuit_operator.py
[2024-04-12T09:13:01.266+0000] {processor.py:830} INFO - Processing file /home/airflow/.local/lib/python3.8/site-packages/airflow/example_dags/example_short_circuit_operator.py for tasks to queue
[2024-04-12T09:13:01.268+0000] {logging_mixin.py:188} INFO - [2024-04-12T09:13:01.267+0000] {dagbag.py:540} INFO - Filling up the DagBag from /home/airflow/.local/lib/python3.8/site-packages/airflow/example_dags/example_short_circuit_operator.py
[2024-04-12T09:13:01.276+0000] {processor.py:840} INFO - DAG(s) 'example_short_circuit_operator' retrieved from /home/airflow/.local/lib/python3.8/site-packages/airflow/example_dags/example_short_circuit_operator.py
[2024-04-12T09:13:01.306+0000] {logging_mixin.py:188} INFO - [2024-04-12T09:13:01.306+0000] {dag.py:3047} INFO - Sync 1 DAGs
[2024-04-12T09:13:01.338+0000] {logging_mixin.py:188} INFO - [2024-04-12T09:13:01.337+0000] {dag.py:3834} INFO - Setting next_dagrun for example_short_circuit_operator to 2024-04-11 00:00:00+00:00, run_after=2024-04-12 00:00:00+00:00
[2024-04-12T09:13:01.385+0000] {processor.py:183} INFO - Processing /home/airflow/.local/lib/python3.8/site-packages/airflow/example_dags/example_short_circuit_operator.py took 0.123 seconds
[2024-04-12T09:13:32.679+0000] {processor.py:161} INFO - Started process (PID=1356) to work on /home/airflow/.local/lib/python3.8/site-packages/airflow/example_dags/example_short_circuit_operator.py
[2024-04-12T09:13:32.686+0000] {processor.py:830} INFO - Processing file /home/airflow/.local/lib/python3.8/site-packages/airflow/example_dags/example_short_circuit_operator.py for tasks to queue
[2024-04-12T09:13:32.698+0000] {logging_mixin.py:188} INFO - [2024-04-12T09:13:32.696+0000] {dagbag.py:540} INFO - Filling up the DagBag from /home/airflow/.local/lib/python3.8/site-packages/airflow/example_dags/example_short_circuit_operator.py
[2024-04-12T09:13:32.755+0000] {processor.py:840} INFO - DAG(s) 'example_short_circuit_operator' retrieved from /home/airflow/.local/lib/python3.8/site-packages/airflow/example_dags/example_short_circuit_operator.py
[2024-04-12T09:13:32.865+0000] {logging_mixin.py:188} INFO - [2024-04-12T09:13:32.864+0000] {dag.py:3047} INFO - Sync 1 DAGs
[2024-04-12T09:13:32.957+0000] {logging_mixin.py:188} INFO - [2024-04-12T09:13:32.955+0000] {dag.py:3834} INFO - Setting next_dagrun for example_short_circuit_operator to 2024-04-11 00:00:00+00:00, run_after=2024-04-12 00:00:00+00:00
[2024-04-12T09:13:33.061+0000] {processor.py:183} INFO - Processing /home/airflow/.local/lib/python3.8/site-packages/airflow/example_dags/example_short_circuit_operator.py took 0.409 seconds
[2024-04-12T09:14:03.928+0000] {processor.py:161} INFO - Started process (PID=1414) to work on /home/airflow/.local/lib/python3.8/site-packages/airflow/example_dags/example_short_circuit_operator.py
[2024-04-12T09:14:03.929+0000] {processor.py:830} INFO - Processing file /home/airflow/.local/lib/python3.8/site-packages/airflow/example_dags/example_short_circuit_operator.py for tasks to queue
[2024-04-12T09:14:03.930+0000] {logging_mixin.py:188} INFO - [2024-04-12T09:14:03.930+0000] {dagbag.py:540} INFO - Filling up the DagBag from /home/airflow/.local/lib/python3.8/site-packages/airflow/example_dags/example_short_circuit_operator.py
[2024-04-12T09:14:03.938+0000] {processor.py:840} INFO - DAG(s) 'example_short_circuit_operator' retrieved from /home/airflow/.local/lib/python3.8/site-packages/airflow/example_dags/example_short_circuit_operator.py
[2024-04-12T09:14:03.964+0000] {logging_mixin.py:188} INFO - [2024-04-12T09:14:03.964+0000] {dag.py:3047} INFO - Sync 1 DAGs
[2024-04-12T09:14:03.986+0000] {logging_mixin.py:188} INFO - [2024-04-12T09:14:03.986+0000] {dag.py:3834} INFO - Setting next_dagrun for example_short_circuit_operator to 2024-04-11 00:00:00+00:00, run_after=2024-04-12 00:00:00+00:00
[2024-04-12T09:14:04.015+0000] {processor.py:183} INFO - Processing /home/airflow/.local/lib/python3.8/site-packages/airflow/example_dags/example_short_circuit_operator.py took 0.090 seconds
[2024-04-12T09:14:34.314+0000] {processor.py:161} INFO - Started process (PID=1472) to work on /home/airflow/.local/lib/python3.8/site-packages/airflow/example_dags/example_short_circuit_operator.py
[2024-04-12T09:14:34.315+0000] {processor.py:830} INFO - Processing file /home/airflow/.local/lib/python3.8/site-packages/airflow/example_dags/example_short_circuit_operator.py for tasks to queue
[2024-04-12T09:14:34.316+0000] {logging_mixin.py:188} INFO - [2024-04-12T09:14:34.316+0000] {dagbag.py:540} INFO - Filling up the DagBag from /home/airflow/.local/lib/python3.8/site-packages/airflow/example_dags/example_short_circuit_operator.py
[2024-04-12T09:14:34.325+0000] {processor.py:840} INFO - DAG(s) 'example_short_circuit_operator' retrieved from /home/airflow/.local/lib/python3.8/site-packages/airflow/example_dags/example_short_circuit_operator.py
[2024-04-12T09:14:34.354+0000] {logging_mixin.py:188} INFO - [2024-04-12T09:14:34.353+0000] {dag.py:3047} INFO - Sync 1 DAGs
[2024-04-12T09:14:34.380+0000] {logging_mixin.py:188} INFO - [2024-04-12T09:14:34.380+0000] {dag.py:3834} INFO - Setting next_dagrun for example_short_circuit_operator to 2024-04-11 00:00:00+00:00, run_after=2024-04-12 00:00:00+00:00
[2024-04-12T09:14:34.413+0000] {processor.py:183} INFO - Processing /home/airflow/.local/lib/python3.8/site-packages/airflow/example_dags/example_short_circuit_operator.py took 0.103 seconds
[2024-04-12T09:15:05.004+0000] {processor.py:161} INFO - Started process (PID=1530) to work on /home/airflow/.local/lib/python3.8/site-packages/airflow/example_dags/example_short_circuit_operator.py
[2024-04-12T09:15:05.006+0000] {processor.py:830} INFO - Processing file /home/airflow/.local/lib/python3.8/site-packages/airflow/example_dags/example_short_circuit_operator.py for tasks to queue
[2024-04-12T09:15:05.008+0000] {logging_mixin.py:188} INFO - [2024-04-12T09:15:05.008+0000] {dagbag.py:540} INFO - Filling up the DagBag from /home/airflow/.local/lib/python3.8/site-packages/airflow/example_dags/example_short_circuit_operator.py
[2024-04-12T09:15:05.019+0000] {processor.py:840} INFO - DAG(s) 'example_short_circuit_operator' retrieved from /home/airflow/.local/lib/python3.8/site-packages/airflow/example_dags/example_short_circuit_operator.py
[2024-04-12T09:15:05.052+0000] {logging_mixin.py:188} INFO - [2024-04-12T09:15:05.052+0000] {dag.py:3047} INFO - Sync 1 DAGs
[2024-04-12T09:15:05.080+0000] {logging_mixin.py:188} INFO - [2024-04-12T09:15:05.080+0000] {dag.py:3834} INFO - Setting next_dagrun for example_short_circuit_operator to 2024-04-11 00:00:00+00:00, run_after=2024-04-12 00:00:00+00:00
[2024-04-12T09:15:05.113+0000] {processor.py:183} INFO - Processing /home/airflow/.local/lib/python3.8/site-packages/airflow/example_dags/example_short_circuit_operator.py took 0.111 seconds
[2024-04-12T09:15:35.619+0000] {processor.py:161} INFO - Started process (PID=1586) to work on /home/airflow/.local/lib/python3.8/site-packages/airflow/example_dags/example_short_circuit_operator.py
[2024-04-12T09:15:35.622+0000] {processor.py:830} INFO - Processing file /home/airflow/.local/lib/python3.8/site-packages/airflow/example_dags/example_short_circuit_operator.py for tasks to queue
[2024-04-12T09:15:35.626+0000] {logging_mixin.py:188} INFO - [2024-04-12T09:15:35.625+0000] {dagbag.py:540} INFO - Filling up the DagBag from /home/airflow/.local/lib/python3.8/site-packages/airflow/example_dags/example_short_circuit_operator.py
[2024-04-12T09:15:35.651+0000] {processor.py:840} INFO - DAG(s) 'example_short_circuit_operator' retrieved from /home/airflow/.local/lib/python3.8/site-packages/airflow/example_dags/example_short_circuit_operator.py
[2024-04-12T09:15:35.721+0000] {logging_mixin.py:188} INFO - [2024-04-12T09:15:35.721+0000] {dag.py:3047} INFO - Sync 1 DAGs
[2024-04-12T09:15:35.783+0000] {logging_mixin.py:188} INFO - [2024-04-12T09:15:35.782+0000] {dag.py:3834} INFO - Setting next_dagrun for example_short_circuit_operator to 2024-04-11 00:00:00+00:00, run_after=2024-04-12 00:00:00+00:00
[2024-04-12T09:15:35.856+0000] {processor.py:183} INFO - Processing /home/airflow/.local/lib/python3.8/site-packages/airflow/example_dags/example_short_circuit_operator.py took 0.245 seconds
[2024-04-12T09:16:06.410+0000] {processor.py:161} INFO - Started process (PID=1644) to work on /home/airflow/.local/lib/python3.8/site-packages/airflow/example_dags/example_short_circuit_operator.py
[2024-04-12T09:16:06.413+0000] {processor.py:830} INFO - Processing file /home/airflow/.local/lib/python3.8/site-packages/airflow/example_dags/example_short_circuit_operator.py for tasks to queue
[2024-04-12T09:16:06.414+0000] {logging_mixin.py:188} INFO - [2024-04-12T09:16:06.414+0000] {dagbag.py:540} INFO - Filling up the DagBag from /home/airflow/.local/lib/python3.8/site-packages/airflow/example_dags/example_short_circuit_operator.py
[2024-04-12T09:16:06.426+0000] {processor.py:840} INFO - DAG(s) 'example_short_circuit_operator' retrieved from /home/airflow/.local/lib/python3.8/site-packages/airflow/example_dags/example_short_circuit_operator.py
[2024-04-12T09:16:06.468+0000] {logging_mixin.py:188} INFO - [2024-04-12T09:16:06.468+0000] {dag.py:3047} INFO - Sync 1 DAGs
[2024-04-12T09:16:06.501+0000] {logging_mixin.py:188} INFO - [2024-04-12T09:16:06.501+0000] {dag.py:3834} INFO - Setting next_dagrun for example_short_circuit_operator to 2024-04-11 00:00:00+00:00, run_after=2024-04-12 00:00:00+00:00
[2024-04-12T09:16:06.541+0000] {processor.py:183} INFO - Processing /home/airflow/.local/lib/python3.8/site-packages/airflow/example_dags/example_short_circuit_operator.py took 0.140 seconds
