[2024-04-12T09:01:35.045+0000] {processor.py:161} INFO - Started process (PID=88) to work on /home/airflow/.local/lib/python3.8/site-packages/airflow/example_dags/example_complex.py
[2024-04-12T09:01:35.048+0000] {processor.py:830} INFO - Processing file /home/airflow/.local/lib/python3.8/site-packages/airflow/example_dags/example_complex.py for tasks to queue
[2024-04-12T09:01:35.053+0000] {logging_mixin.py:188} INFO - [2024-04-12T09:01:35.052+0000] {dagbag.py:540} INFO - Filling up the DagBag from /home/airflow/.local/lib/python3.8/site-packages/airflow/example_dags/example_complex.py
[2024-04-12T09:01:35.070+0000] {processor.py:840} INFO - DAG(s) 'example_complex' retrieved from /home/airflow/.local/lib/python3.8/site-packages/airflow/example_dags/example_complex.py
[2024-04-12T09:01:35.291+0000] {logging_mixin.py:188} INFO - [2024-04-12T09:01:35.290+0000] {override.py:1769} INFO - Created Permission View: can read on DAG:example_complex
[2024-04-12T09:01:35.326+0000] {logging_mixin.py:188} INFO - [2024-04-12T09:01:35.325+0000] {override.py:1769} INFO - Created Permission View: can edit on DAG:example_complex
[2024-04-12T09:01:35.353+0000] {logging_mixin.py:188} INFO - [2024-04-12T09:01:35.352+0000] {override.py:1769} INFO - Created Permission View: can delete on DAG:example_complex
[2024-04-12T09:01:35.355+0000] {logging_mixin.py:188} INFO - [2024-04-12T09:01:35.355+0000] {dag.py:3047} INFO - Sync 1 DAGs
[2024-04-12T09:01:35.371+0000] {logging_mixin.py:188} INFO - [2024-04-12T09:01:35.371+0000] {dag.py:3069} INFO - Creating ORM DAG for example_complex
[2024-04-12T09:01:35.373+0000] {logging_mixin.py:188} INFO - [2024-04-12T09:01:35.372+0000] {dag.py:3834} INFO - Setting next_dagrun for example_complex to None, run_after=None
[2024-04-12T09:01:35.415+0000] {processor.py:183} INFO - Processing /home/airflow/.local/lib/python3.8/site-packages/airflow/example_dags/example_complex.py took 0.375 seconds
[2024-04-12T09:02:07.574+0000] {processor.py:161} INFO - Started process (PID=152) to work on /home/airflow/.local/lib/python3.8/site-packages/airflow/example_dags/example_complex.py
[2024-04-12T09:02:07.577+0000] {processor.py:830} INFO - Processing file /home/airflow/.local/lib/python3.8/site-packages/airflow/example_dags/example_complex.py for tasks to queue
[2024-04-12T09:02:07.589+0000] {logging_mixin.py:188} INFO - [2024-04-12T09:02:07.586+0000] {dagbag.py:540} INFO - Filling up the DagBag from /home/airflow/.local/lib/python3.8/site-packages/airflow/example_dags/example_complex.py
[2024-04-12T09:02:07.613+0000] {processor.py:840} INFO - DAG(s) 'example_complex' retrieved from /home/airflow/.local/lib/python3.8/site-packages/airflow/example_dags/example_complex.py
[2024-04-12T09:02:07.696+0000] {logging_mixin.py:188} INFO - [2024-04-12T09:02:07.695+0000] {dag.py:3047} INFO - Sync 1 DAGs
[2024-04-12T09:02:07.728+0000] {logging_mixin.py:188} INFO - [2024-04-12T09:02:07.727+0000] {dag.py:3834} INFO - Setting next_dagrun for example_complex to None, run_after=None
[2024-04-12T09:02:07.807+0000] {processor.py:183} INFO - Processing /home/airflow/.local/lib/python3.8/site-packages/airflow/example_dags/example_complex.py took 0.239 seconds
[2024-04-12T09:02:46.637+0000] {processor.py:161} INFO - Started process (PID=210) to work on /home/airflow/.local/lib/python3.8/site-packages/airflow/example_dags/example_complex.py
[2024-04-12T09:02:46.639+0000] {processor.py:830} INFO - Processing file /home/airflow/.local/lib/python3.8/site-packages/airflow/example_dags/example_complex.py for tasks to queue
[2024-04-12T09:02:46.642+0000] {logging_mixin.py:188} INFO - [2024-04-12T09:02:46.641+0000] {dagbag.py:540} INFO - Filling up the DagBag from /home/airflow/.local/lib/python3.8/site-packages/airflow/example_dags/example_complex.py
[2024-04-12T09:02:46.654+0000] {processor.py:840} INFO - DAG(s) 'example_complex' retrieved from /home/airflow/.local/lib/python3.8/site-packages/airflow/example_dags/example_complex.py
[2024-04-12T09:02:46.691+0000] {logging_mixin.py:188} INFO - [2024-04-12T09:02:46.690+0000] {dag.py:3047} INFO - Sync 1 DAGs
[2024-04-12T09:02:46.704+0000] {logging_mixin.py:188} INFO - [2024-04-12T09:02:46.704+0000] {dag.py:3834} INFO - Setting next_dagrun for example_complex to None, run_after=None
[2024-04-12T09:02:46.738+0000] {processor.py:183} INFO - Processing /home/airflow/.local/lib/python3.8/site-packages/airflow/example_dags/example_complex.py took 0.104 seconds
[2024-04-12T09:03:18.006+0000] {processor.py:161} INFO - Started process (PID=268) to work on /home/airflow/.local/lib/python3.8/site-packages/airflow/example_dags/example_complex.py
[2024-04-12T09:03:18.008+0000] {processor.py:830} INFO - Processing file /home/airflow/.local/lib/python3.8/site-packages/airflow/example_dags/example_complex.py for tasks to queue
[2024-04-12T09:03:18.012+0000] {logging_mixin.py:188} INFO - [2024-04-12T09:03:18.011+0000] {dagbag.py:540} INFO - Filling up the DagBag from /home/airflow/.local/lib/python3.8/site-packages/airflow/example_dags/example_complex.py
[2024-04-12T09:03:18.027+0000] {processor.py:840} INFO - DAG(s) 'example_complex' retrieved from /home/airflow/.local/lib/python3.8/site-packages/airflow/example_dags/example_complex.py
[2024-04-12T09:03:18.077+0000] {logging_mixin.py:188} INFO - [2024-04-12T09:03:18.076+0000] {dag.py:3047} INFO - Sync 1 DAGs
[2024-04-12T09:03:18.095+0000] {logging_mixin.py:188} INFO - [2024-04-12T09:03:18.094+0000] {dag.py:3834} INFO - Setting next_dagrun for example_complex to None, run_after=None
[2024-04-12T09:03:18.144+0000] {processor.py:183} INFO - Processing /home/airflow/.local/lib/python3.8/site-packages/airflow/example_dags/example_complex.py took 0.143 seconds
[2024-04-12T09:03:48.722+0000] {processor.py:161} INFO - Started process (PID=326) to work on /home/airflow/.local/lib/python3.8/site-packages/airflow/example_dags/example_complex.py
[2024-04-12T09:03:48.723+0000] {processor.py:830} INFO - Processing file /home/airflow/.local/lib/python3.8/site-packages/airflow/example_dags/example_complex.py for tasks to queue
[2024-04-12T09:03:48.728+0000] {logging_mixin.py:188} INFO - [2024-04-12T09:03:48.727+0000] {dagbag.py:540} INFO - Filling up the DagBag from /home/airflow/.local/lib/python3.8/site-packages/airflow/example_dags/example_complex.py
[2024-04-12T09:03:48.747+0000] {processor.py:840} INFO - DAG(s) 'example_complex' retrieved from /home/airflow/.local/lib/python3.8/site-packages/airflow/example_dags/example_complex.py
[2024-04-12T09:03:48.783+0000] {logging_mixin.py:188} INFO - [2024-04-12T09:03:48.783+0000] {dag.py:3047} INFO - Sync 1 DAGs
[2024-04-12T09:03:48.799+0000] {logging_mixin.py:188} INFO - [2024-04-12T09:03:48.798+0000] {dag.py:3834} INFO - Setting next_dagrun for example_complex to None, run_after=None
[2024-04-12T09:03:48.836+0000] {processor.py:183} INFO - Processing /home/airflow/.local/lib/python3.8/site-packages/airflow/example_dags/example_complex.py took 0.117 seconds
[2024-04-12T09:04:19.555+0000] {processor.py:161} INFO - Started process (PID=386) to work on /home/airflow/.local/lib/python3.8/site-packages/airflow/example_dags/example_complex.py
[2024-04-12T09:04:19.558+0000] {processor.py:830} INFO - Processing file /home/airflow/.local/lib/python3.8/site-packages/airflow/example_dags/example_complex.py for tasks to queue
[2024-04-12T09:04:19.568+0000] {logging_mixin.py:188} INFO - [2024-04-12T09:04:19.567+0000] {dagbag.py:540} INFO - Filling up the DagBag from /home/airflow/.local/lib/python3.8/site-packages/airflow/example_dags/example_complex.py
[2024-04-12T09:04:19.595+0000] {processor.py:840} INFO - DAG(s) 'example_complex' retrieved from /home/airflow/.local/lib/python3.8/site-packages/airflow/example_dags/example_complex.py
[2024-04-12T09:04:19.687+0000] {logging_mixin.py:188} INFO - [2024-04-12T09:04:19.686+0000] {dag.py:3047} INFO - Sync 1 DAGs
[2024-04-12T09:04:19.717+0000] {logging_mixin.py:188} INFO - [2024-04-12T09:04:19.717+0000] {dag.py:3834} INFO - Setting next_dagrun for example_complex to None, run_after=None
[2024-04-12T09:04:19.776+0000] {processor.py:183} INFO - Processing /home/airflow/.local/lib/python3.8/site-packages/airflow/example_dags/example_complex.py took 0.226 seconds
[2024-04-12T09:05:16.260+0000] {processor.py:161} INFO - Started process (PID=448) to work on /home/airflow/.local/lib/python3.8/site-packages/airflow/example_dags/example_complex.py
[2024-04-12T09:05:16.264+0000] {processor.py:830} INFO - Processing file /home/airflow/.local/lib/python3.8/site-packages/airflow/example_dags/example_complex.py for tasks to queue
[2024-04-12T09:05:16.268+0000] {logging_mixin.py:188} INFO - [2024-04-12T09:05:16.267+0000] {dagbag.py:540} INFO - Filling up the DagBag from /home/airflow/.local/lib/python3.8/site-packages/airflow/example_dags/example_complex.py
[2024-04-12T09:05:16.321+0000] {processor.py:840} INFO - DAG(s) 'example_complex' retrieved from /home/airflow/.local/lib/python3.8/site-packages/airflow/example_dags/example_complex.py
[2024-04-12T09:05:16.409+0000] {logging_mixin.py:188} INFO - [2024-04-12T09:05:16.408+0000] {dag.py:3047} INFO - Sync 1 DAGs
[2024-04-12T09:05:16.455+0000] {logging_mixin.py:188} INFO - [2024-04-12T09:05:16.454+0000] {dag.py:3834} INFO - Setting next_dagrun for example_complex to None, run_after=None
[2024-04-12T09:05:16.523+0000] {processor.py:183} INFO - Processing /home/airflow/.local/lib/python3.8/site-packages/airflow/example_dags/example_complex.py took 0.275 seconds
[2024-04-12T09:05:47.354+0000] {processor.py:161} INFO - Started process (PID=506) to work on /home/airflow/.local/lib/python3.8/site-packages/airflow/example_dags/example_complex.py
[2024-04-12T09:05:47.358+0000] {processor.py:830} INFO - Processing file /home/airflow/.local/lib/python3.8/site-packages/airflow/example_dags/example_complex.py for tasks to queue
[2024-04-12T09:05:47.362+0000] {logging_mixin.py:188} INFO - [2024-04-12T09:05:47.361+0000] {dagbag.py:540} INFO - Filling up the DagBag from /home/airflow/.local/lib/python3.8/site-packages/airflow/example_dags/example_complex.py
[2024-04-12T09:05:47.377+0000] {processor.py:840} INFO - DAG(s) 'example_complex' retrieved from /home/airflow/.local/lib/python3.8/site-packages/airflow/example_dags/example_complex.py
[2024-04-12T09:05:47.426+0000] {logging_mixin.py:188} INFO - [2024-04-12T09:05:47.425+0000] {dag.py:3047} INFO - Sync 1 DAGs
[2024-04-12T09:05:47.449+0000] {logging_mixin.py:188} INFO - [2024-04-12T09:05:47.448+0000] {dag.py:3834} INFO - Setting next_dagrun for example_complex to None, run_after=None
[2024-04-12T09:05:47.543+0000] {processor.py:183} INFO - Processing /home/airflow/.local/lib/python3.8/site-packages/airflow/example_dags/example_complex.py took 0.194 seconds
[2024-04-12T09:06:17.930+0000] {processor.py:161} INFO - Started process (PID=565) to work on /home/airflow/.local/lib/python3.8/site-packages/airflow/example_dags/example_complex.py
[2024-04-12T09:06:17.931+0000] {processor.py:830} INFO - Processing file /home/airflow/.local/lib/python3.8/site-packages/airflow/example_dags/example_complex.py for tasks to queue
[2024-04-12T09:06:17.933+0000] {logging_mixin.py:188} INFO - [2024-04-12T09:06:17.932+0000] {dagbag.py:540} INFO - Filling up the DagBag from /home/airflow/.local/lib/python3.8/site-packages/airflow/example_dags/example_complex.py
[2024-04-12T09:06:17.944+0000] {processor.py:840} INFO - DAG(s) 'example_complex' retrieved from /home/airflow/.local/lib/python3.8/site-packages/airflow/example_dags/example_complex.py
[2024-04-12T09:06:17.977+0000] {logging_mixin.py:188} INFO - [2024-04-12T09:06:17.976+0000] {dag.py:3047} INFO - Sync 1 DAGs
[2024-04-12T09:06:17.989+0000] {logging_mixin.py:188} INFO - [2024-04-12T09:06:17.989+0000] {dag.py:3834} INFO - Setting next_dagrun for example_complex to None, run_after=None
[2024-04-12T09:06:18.017+0000] {processor.py:183} INFO - Processing /home/airflow/.local/lib/python3.8/site-packages/airflow/example_dags/example_complex.py took 0.090 seconds
[2024-04-12T09:06:49.033+0000] {processor.py:161} INFO - Started process (PID=623) to work on /home/airflow/.local/lib/python3.8/site-packages/airflow/example_dags/example_complex.py
[2024-04-12T09:06:49.035+0000] {processor.py:830} INFO - Processing file /home/airflow/.local/lib/python3.8/site-packages/airflow/example_dags/example_complex.py for tasks to queue
[2024-04-12T09:06:49.037+0000] {logging_mixin.py:188} INFO - [2024-04-12T09:06:49.037+0000] {dagbag.py:540} INFO - Filling up the DagBag from /home/airflow/.local/lib/python3.8/site-packages/airflow/example_dags/example_complex.py
[2024-04-12T09:06:49.050+0000] {processor.py:840} INFO - DAG(s) 'example_complex' retrieved from /home/airflow/.local/lib/python3.8/site-packages/airflow/example_dags/example_complex.py
[2024-04-12T09:06:49.092+0000] {logging_mixin.py:188} INFO - [2024-04-12T09:06:49.091+0000] {dag.py:3047} INFO - Sync 1 DAGs
[2024-04-12T09:06:49.113+0000] {logging_mixin.py:188} INFO - [2024-04-12T09:06:49.112+0000] {dag.py:3834} INFO - Setting next_dagrun for example_complex to None, run_after=None
[2024-04-12T09:06:49.147+0000] {processor.py:183} INFO - Processing /home/airflow/.local/lib/python3.8/site-packages/airflow/example_dags/example_complex.py took 0.120 seconds
[2024-04-12T09:07:20.371+0000] {processor.py:161} INFO - Started process (PID=681) to work on /home/airflow/.local/lib/python3.8/site-packages/airflow/example_dags/example_complex.py
[2024-04-12T09:07:20.375+0000] {processor.py:830} INFO - Processing file /home/airflow/.local/lib/python3.8/site-packages/airflow/example_dags/example_complex.py for tasks to queue
[2024-04-12T09:07:20.377+0000] {logging_mixin.py:188} INFO - [2024-04-12T09:07:20.376+0000] {dagbag.py:540} INFO - Filling up the DagBag from /home/airflow/.local/lib/python3.8/site-packages/airflow/example_dags/example_complex.py
[2024-04-12T09:07:20.394+0000] {processor.py:840} INFO - DAG(s) 'example_complex' retrieved from /home/airflow/.local/lib/python3.8/site-packages/airflow/example_dags/example_complex.py
[2024-04-12T09:07:20.435+0000] {logging_mixin.py:188} INFO - [2024-04-12T09:07:20.435+0000] {dag.py:3047} INFO - Sync 1 DAGs
[2024-04-12T09:07:20.456+0000] {logging_mixin.py:188} INFO - [2024-04-12T09:07:20.455+0000] {dag.py:3834} INFO - Setting next_dagrun for example_complex to None, run_after=None
[2024-04-12T09:07:20.489+0000] {processor.py:183} INFO - Processing /home/airflow/.local/lib/python3.8/site-packages/airflow/example_dags/example_complex.py took 0.123 seconds
[2024-04-12T09:07:51.359+0000] {processor.py:161} INFO - Started process (PID=739) to work on /home/airflow/.local/lib/python3.8/site-packages/airflow/example_dags/example_complex.py
[2024-04-12T09:07:51.361+0000] {processor.py:830} INFO - Processing file /home/airflow/.local/lib/python3.8/site-packages/airflow/example_dags/example_complex.py for tasks to queue
[2024-04-12T09:07:51.362+0000] {logging_mixin.py:188} INFO - [2024-04-12T09:07:51.361+0000] {dagbag.py:540} INFO - Filling up the DagBag from /home/airflow/.local/lib/python3.8/site-packages/airflow/example_dags/example_complex.py
[2024-04-12T09:07:51.372+0000] {processor.py:840} INFO - DAG(s) 'example_complex' retrieved from /home/airflow/.local/lib/python3.8/site-packages/airflow/example_dags/example_complex.py
[2024-04-12T09:07:51.407+0000] {logging_mixin.py:188} INFO - [2024-04-12T09:07:51.407+0000] {dag.py:3047} INFO - Sync 1 DAGs
[2024-04-12T09:07:51.422+0000] {logging_mixin.py:188} INFO - [2024-04-12T09:07:51.422+0000] {dag.py:3834} INFO - Setting next_dagrun for example_complex to None, run_after=None
[2024-04-12T09:07:51.472+0000] {processor.py:183} INFO - Processing /home/airflow/.local/lib/python3.8/site-packages/airflow/example_dags/example_complex.py took 0.115 seconds
[2024-04-12T09:08:23.799+0000] {processor.py:161} INFO - Started process (PID=797) to work on /home/airflow/.local/lib/python3.8/site-packages/airflow/example_dags/example_complex.py
[2024-04-12T09:08:23.800+0000] {processor.py:830} INFO - Processing file /home/airflow/.local/lib/python3.8/site-packages/airflow/example_dags/example_complex.py for tasks to queue
[2024-04-12T09:08:23.802+0000] {logging_mixin.py:188} INFO - [2024-04-12T09:08:23.801+0000] {dagbag.py:540} INFO - Filling up the DagBag from /home/airflow/.local/lib/python3.8/site-packages/airflow/example_dags/example_complex.py
[2024-04-12T09:08:23.813+0000] {processor.py:840} INFO - DAG(s) 'example_complex' retrieved from /home/airflow/.local/lib/python3.8/site-packages/airflow/example_dags/example_complex.py
[2024-04-12T09:08:23.847+0000] {logging_mixin.py:188} INFO - [2024-04-12T09:08:23.847+0000] {dag.py:3047} INFO - Sync 1 DAGs
[2024-04-12T09:08:23.859+0000] {logging_mixin.py:188} INFO - [2024-04-12T09:08:23.859+0000] {dag.py:3834} INFO - Setting next_dagrun for example_complex to None, run_after=None
[2024-04-12T09:08:23.888+0000] {processor.py:183} INFO - Processing /home/airflow/.local/lib/python3.8/site-packages/airflow/example_dags/example_complex.py took 0.093 seconds
[2024-04-12T09:08:55.045+0000] {processor.py:161} INFO - Started process (PID=853) to work on /home/airflow/.local/lib/python3.8/site-packages/airflow/example_dags/example_complex.py
[2024-04-12T09:08:55.047+0000] {processor.py:830} INFO - Processing file /home/airflow/.local/lib/python3.8/site-packages/airflow/example_dags/example_complex.py for tasks to queue
[2024-04-12T09:08:55.048+0000] {logging_mixin.py:188} INFO - [2024-04-12T09:08:55.047+0000] {dagbag.py:540} INFO - Filling up the DagBag from /home/airflow/.local/lib/python3.8/site-packages/airflow/example_dags/example_complex.py
[2024-04-12T09:08:55.058+0000] {processor.py:840} INFO - DAG(s) 'example_complex' retrieved from /home/airflow/.local/lib/python3.8/site-packages/airflow/example_dags/example_complex.py
[2024-04-12T09:08:55.088+0000] {logging_mixin.py:188} INFO - [2024-04-12T09:08:55.088+0000] {dag.py:3047} INFO - Sync 1 DAGs
[2024-04-12T09:08:55.101+0000] {logging_mixin.py:188} INFO - [2024-04-12T09:08:55.100+0000] {dag.py:3834} INFO - Setting next_dagrun for example_complex to None, run_after=None
[2024-04-12T09:08:55.130+0000] {processor.py:183} INFO - Processing /home/airflow/.local/lib/python3.8/site-packages/airflow/example_dags/example_complex.py took 0.087 seconds
[2024-04-12T09:09:25.506+0000] {processor.py:161} INFO - Started process (PID=910) to work on /home/airflow/.local/lib/python3.8/site-packages/airflow/example_dags/example_complex.py
[2024-04-12T09:09:25.508+0000] {processor.py:830} INFO - Processing file /home/airflow/.local/lib/python3.8/site-packages/airflow/example_dags/example_complex.py for tasks to queue
[2024-04-12T09:09:25.510+0000] {logging_mixin.py:188} INFO - [2024-04-12T09:09:25.509+0000] {dagbag.py:540} INFO - Filling up the DagBag from /home/airflow/.local/lib/python3.8/site-packages/airflow/example_dags/example_complex.py
[2024-04-12T09:09:25.523+0000] {processor.py:840} INFO - DAG(s) 'example_complex' retrieved from /home/airflow/.local/lib/python3.8/site-packages/airflow/example_dags/example_complex.py
[2024-04-12T09:09:25.571+0000] {logging_mixin.py:188} INFO - [2024-04-12T09:09:25.570+0000] {dag.py:3047} INFO - Sync 1 DAGs
[2024-04-12T09:09:25.587+0000] {logging_mixin.py:188} INFO - [2024-04-12T09:09:25.587+0000] {dag.py:3834} INFO - Setting next_dagrun for example_complex to None, run_after=None
[2024-04-12T09:09:25.638+0000] {processor.py:183} INFO - Processing /home/airflow/.local/lib/python3.8/site-packages/airflow/example_dags/example_complex.py took 0.136 seconds
[2024-04-12T09:09:55.924+0000] {processor.py:161} INFO - Started process (PID=968) to work on /home/airflow/.local/lib/python3.8/site-packages/airflow/example_dags/example_complex.py
[2024-04-12T09:09:55.926+0000] {processor.py:830} INFO - Processing file /home/airflow/.local/lib/python3.8/site-packages/airflow/example_dags/example_complex.py for tasks to queue
[2024-04-12T09:09:55.927+0000] {logging_mixin.py:188} INFO - [2024-04-12T09:09:55.926+0000] {dagbag.py:540} INFO - Filling up the DagBag from /home/airflow/.local/lib/python3.8/site-packages/airflow/example_dags/example_complex.py
[2024-04-12T09:09:55.940+0000] {processor.py:840} INFO - DAG(s) 'example_complex' retrieved from /home/airflow/.local/lib/python3.8/site-packages/airflow/example_dags/example_complex.py
[2024-04-12T09:09:55.978+0000] {logging_mixin.py:188} INFO - [2024-04-12T09:09:55.977+0000] {dag.py:3047} INFO - Sync 1 DAGs
[2024-04-12T09:09:55.992+0000] {logging_mixin.py:188} INFO - [2024-04-12T09:09:55.991+0000] {dag.py:3834} INFO - Setting next_dagrun for example_complex to None, run_after=None
[2024-04-12T09:09:56.021+0000] {processor.py:183} INFO - Processing /home/airflow/.local/lib/python3.8/site-packages/airflow/example_dags/example_complex.py took 0.101 seconds
[2024-04-12T09:10:31.921+0000] {processor.py:161} INFO - Started process (PID=1026) to work on /home/airflow/.local/lib/python3.8/site-packages/airflow/example_dags/example_complex.py
[2024-04-12T09:10:31.929+0000] {processor.py:830} INFO - Processing file /home/airflow/.local/lib/python3.8/site-packages/airflow/example_dags/example_complex.py for tasks to queue
[2024-04-12T09:10:31.934+0000] {logging_mixin.py:188} INFO - [2024-04-12T09:10:31.931+0000] {dagbag.py:540} INFO - Filling up the DagBag from /home/airflow/.local/lib/python3.8/site-packages/airflow/example_dags/example_complex.py
[2024-04-12T09:10:31.985+0000] {processor.py:840} INFO - DAG(s) 'example_complex' retrieved from /home/airflow/.local/lib/python3.8/site-packages/airflow/example_dags/example_complex.py
[2024-04-12T09:10:32.111+0000] {logging_mixin.py:188} INFO - [2024-04-12T09:10:32.110+0000] {dag.py:3047} INFO - Sync 1 DAGs
[2024-04-12T09:10:32.175+0000] {logging_mixin.py:188} INFO - [2024-04-12T09:10:32.174+0000] {dag.py:3834} INFO - Setting next_dagrun for example_complex to None, run_after=None
[2024-04-12T09:10:32.295+0000] {processor.py:183} INFO - Processing /home/airflow/.local/lib/python3.8/site-packages/airflow/example_dags/example_complex.py took 0.385 seconds
[2024-04-12T09:11:02.755+0000] {processor.py:161} INFO - Started process (PID=1084) to work on /home/airflow/.local/lib/python3.8/site-packages/airflow/example_dags/example_complex.py
[2024-04-12T09:11:02.759+0000] {processor.py:830} INFO - Processing file /home/airflow/.local/lib/python3.8/site-packages/airflow/example_dags/example_complex.py for tasks to queue
[2024-04-12T09:11:02.762+0000] {logging_mixin.py:188} INFO - [2024-04-12T09:11:02.761+0000] {dagbag.py:540} INFO - Filling up the DagBag from /home/airflow/.local/lib/python3.8/site-packages/airflow/example_dags/example_complex.py
[2024-04-12T09:11:02.784+0000] {processor.py:840} INFO - DAG(s) 'example_complex' retrieved from /home/airflow/.local/lib/python3.8/site-packages/airflow/example_dags/example_complex.py
[2024-04-12T09:11:02.840+0000] {logging_mixin.py:188} INFO - [2024-04-12T09:11:02.839+0000] {dag.py:3047} INFO - Sync 1 DAGs
[2024-04-12T09:11:02.863+0000] {logging_mixin.py:188} INFO - [2024-04-12T09:11:02.862+0000] {dag.py:3834} INFO - Setting next_dagrun for example_complex to None, run_after=None
[2024-04-12T09:11:02.915+0000] {processor.py:183} INFO - Processing /home/airflow/.local/lib/python3.8/site-packages/airflow/example_dags/example_complex.py took 0.166 seconds
[2024-04-12T09:11:33.988+0000] {processor.py:161} INFO - Started process (PID=1141) to work on /home/airflow/.local/lib/python3.8/site-packages/airflow/example_dags/example_complex.py
[2024-04-12T09:11:33.996+0000] {processor.py:830} INFO - Processing file /home/airflow/.local/lib/python3.8/site-packages/airflow/example_dags/example_complex.py for tasks to queue
[2024-04-12T09:11:34.001+0000] {logging_mixin.py:188} INFO - [2024-04-12T09:11:33.999+0000] {dagbag.py:540} INFO - Filling up the DagBag from /home/airflow/.local/lib/python3.8/site-packages/airflow/example_dags/example_complex.py
[2024-04-12T09:11:34.047+0000] {processor.py:840} INFO - DAG(s) 'example_complex' retrieved from /home/airflow/.local/lib/python3.8/site-packages/airflow/example_dags/example_complex.py
[2024-04-12T09:11:34.133+0000] {logging_mixin.py:188} INFO - [2024-04-12T09:11:34.132+0000] {dag.py:3047} INFO - Sync 1 DAGs
[2024-04-12T09:11:34.165+0000] {logging_mixin.py:188} INFO - [2024-04-12T09:11:34.164+0000] {dag.py:3834} INFO - Setting next_dagrun for example_complex to None, run_after=None
[2024-04-12T09:11:34.255+0000] {processor.py:183} INFO - Processing /home/airflow/.local/lib/python3.8/site-packages/airflow/example_dags/example_complex.py took 0.273 seconds
[2024-04-12T09:12:04.687+0000] {processor.py:161} INFO - Started process (PID=1199) to work on /home/airflow/.local/lib/python3.8/site-packages/airflow/example_dags/example_complex.py
[2024-04-12T09:12:04.689+0000] {processor.py:830} INFO - Processing file /home/airflow/.local/lib/python3.8/site-packages/airflow/example_dags/example_complex.py for tasks to queue
[2024-04-12T09:12:04.690+0000] {logging_mixin.py:188} INFO - [2024-04-12T09:12:04.689+0000] {dagbag.py:540} INFO - Filling up the DagBag from /home/airflow/.local/lib/python3.8/site-packages/airflow/example_dags/example_complex.py
[2024-04-12T09:12:04.700+0000] {processor.py:840} INFO - DAG(s) 'example_complex' retrieved from /home/airflow/.local/lib/python3.8/site-packages/airflow/example_dags/example_complex.py
[2024-04-12T09:12:04.735+0000] {logging_mixin.py:188} INFO - [2024-04-12T09:12:04.734+0000] {dag.py:3047} INFO - Sync 1 DAGs
[2024-04-12T09:12:04.752+0000] {logging_mixin.py:188} INFO - [2024-04-12T09:12:04.751+0000] {dag.py:3834} INFO - Setting next_dagrun for example_complex to None, run_after=None
[2024-04-12T09:12:04.797+0000] {processor.py:183} INFO - Processing /home/airflow/.local/lib/python3.8/site-packages/airflow/example_dags/example_complex.py took 0.115 seconds
[2024-04-12T09:12:35.439+0000] {processor.py:161} INFO - Started process (PID=1257) to work on /home/airflow/.local/lib/python3.8/site-packages/airflow/example_dags/example_complex.py
[2024-04-12T09:12:35.440+0000] {processor.py:830} INFO - Processing file /home/airflow/.local/lib/python3.8/site-packages/airflow/example_dags/example_complex.py for tasks to queue
[2024-04-12T09:12:35.444+0000] {logging_mixin.py:188} INFO - [2024-04-12T09:12:35.442+0000] {dagbag.py:540} INFO - Filling up the DagBag from /home/airflow/.local/lib/python3.8/site-packages/airflow/example_dags/example_complex.py
[2024-04-12T09:12:35.461+0000] {processor.py:840} INFO - DAG(s) 'example_complex' retrieved from /home/airflow/.local/lib/python3.8/site-packages/airflow/example_dags/example_complex.py
[2024-04-12T09:12:35.520+0000] {logging_mixin.py:188} INFO - [2024-04-12T09:12:35.519+0000] {dag.py:3047} INFO - Sync 1 DAGs
[2024-04-12T09:12:35.536+0000] {logging_mixin.py:188} INFO - [2024-04-12T09:12:35.536+0000] {dag.py:3834} INFO - Setting next_dagrun for example_complex to None, run_after=None
[2024-04-12T09:12:35.566+0000] {processor.py:183} INFO - Processing /home/airflow/.local/lib/python3.8/site-packages/airflow/example_dags/example_complex.py took 0.131 seconds
[2024-04-12T09:13:06.264+0000] {processor.py:161} INFO - Started process (PID=1315) to work on /home/airflow/.local/lib/python3.8/site-packages/airflow/example_dags/example_complex.py
[2024-04-12T09:13:06.265+0000] {processor.py:830} INFO - Processing file /home/airflow/.local/lib/python3.8/site-packages/airflow/example_dags/example_complex.py for tasks to queue
[2024-04-12T09:13:06.267+0000] {logging_mixin.py:188} INFO - [2024-04-12T09:13:06.267+0000] {dagbag.py:540} INFO - Filling up the DagBag from /home/airflow/.local/lib/python3.8/site-packages/airflow/example_dags/example_complex.py
[2024-04-12T09:13:06.278+0000] {processor.py:840} INFO - DAG(s) 'example_complex' retrieved from /home/airflow/.local/lib/python3.8/site-packages/airflow/example_dags/example_complex.py
[2024-04-12T09:13:06.310+0000] {logging_mixin.py:188} INFO - [2024-04-12T09:13:06.310+0000] {dag.py:3047} INFO - Sync 1 DAGs
[2024-04-12T09:13:06.324+0000] {logging_mixin.py:188} INFO - [2024-04-12T09:13:06.324+0000] {dag.py:3834} INFO - Setting next_dagrun for example_complex to None, run_after=None
[2024-04-12T09:13:06.352+0000] {processor.py:183} INFO - Processing /home/airflow/.local/lib/python3.8/site-packages/airflow/example_dags/example_complex.py took 0.091 seconds
[2024-04-12T09:13:37.070+0000] {processor.py:161} INFO - Started process (PID=1373) to work on /home/airflow/.local/lib/python3.8/site-packages/airflow/example_dags/example_complex.py
[2024-04-12T09:13:37.072+0000] {processor.py:830} INFO - Processing file /home/airflow/.local/lib/python3.8/site-packages/airflow/example_dags/example_complex.py for tasks to queue
[2024-04-12T09:13:37.073+0000] {logging_mixin.py:188} INFO - [2024-04-12T09:13:37.073+0000] {dagbag.py:540} INFO - Filling up the DagBag from /home/airflow/.local/lib/python3.8/site-packages/airflow/example_dags/example_complex.py
[2024-04-12T09:13:37.086+0000] {processor.py:840} INFO - DAG(s) 'example_complex' retrieved from /home/airflow/.local/lib/python3.8/site-packages/airflow/example_dags/example_complex.py
[2024-04-12T09:13:37.117+0000] {logging_mixin.py:188} INFO - [2024-04-12T09:13:37.117+0000] {dag.py:3047} INFO - Sync 1 DAGs
[2024-04-12T09:13:37.130+0000] {logging_mixin.py:188} INFO - [2024-04-12T09:13:37.129+0000] {dag.py:3834} INFO - Setting next_dagrun for example_complex to None, run_after=None
[2024-04-12T09:13:37.158+0000] {processor.py:183} INFO - Processing /home/airflow/.local/lib/python3.8/site-packages/airflow/example_dags/example_complex.py took 0.092 seconds
[2024-04-12T09:14:08.246+0000] {processor.py:161} INFO - Started process (PID=1430) to work on /home/airflow/.local/lib/python3.8/site-packages/airflow/example_dags/example_complex.py
[2024-04-12T09:14:08.247+0000] {processor.py:830} INFO - Processing file /home/airflow/.local/lib/python3.8/site-packages/airflow/example_dags/example_complex.py for tasks to queue
[2024-04-12T09:14:08.248+0000] {logging_mixin.py:188} INFO - [2024-04-12T09:14:08.248+0000] {dagbag.py:540} INFO - Filling up the DagBag from /home/airflow/.local/lib/python3.8/site-packages/airflow/example_dags/example_complex.py
[2024-04-12T09:14:08.260+0000] {processor.py:840} INFO - DAG(s) 'example_complex' retrieved from /home/airflow/.local/lib/python3.8/site-packages/airflow/example_dags/example_complex.py
[2024-04-12T09:14:08.292+0000] {logging_mixin.py:188} INFO - [2024-04-12T09:14:08.292+0000] {dag.py:3047} INFO - Sync 1 DAGs
[2024-04-12T09:14:08.306+0000] {logging_mixin.py:188} INFO - [2024-04-12T09:14:08.306+0000] {dag.py:3834} INFO - Setting next_dagrun for example_complex to None, run_after=None
[2024-04-12T09:14:08.333+0000] {processor.py:183} INFO - Processing /home/airflow/.local/lib/python3.8/site-packages/airflow/example_dags/example_complex.py took 0.090 seconds
[2024-04-12T09:14:38.488+0000] {processor.py:161} INFO - Started process (PID=1487) to work on /home/airflow/.local/lib/python3.8/site-packages/airflow/example_dags/example_complex.py
[2024-04-12T09:14:38.489+0000] {processor.py:830} INFO - Processing file /home/airflow/.local/lib/python3.8/site-packages/airflow/example_dags/example_complex.py for tasks to queue
[2024-04-12T09:14:38.490+0000] {logging_mixin.py:188} INFO - [2024-04-12T09:14:38.490+0000] {dagbag.py:540} INFO - Filling up the DagBag from /home/airflow/.local/lib/python3.8/site-packages/airflow/example_dags/example_complex.py
[2024-04-12T09:14:38.501+0000] {processor.py:840} INFO - DAG(s) 'example_complex' retrieved from /home/airflow/.local/lib/python3.8/site-packages/airflow/example_dags/example_complex.py
[2024-04-12T09:14:38.535+0000] {logging_mixin.py:188} INFO - [2024-04-12T09:14:38.535+0000] {dag.py:3047} INFO - Sync 1 DAGs
[2024-04-12T09:14:38.550+0000] {logging_mixin.py:188} INFO - [2024-04-12T09:14:38.550+0000] {dag.py:3834} INFO - Setting next_dagrun for example_complex to None, run_after=None
[2024-04-12T09:14:38.580+0000] {processor.py:183} INFO - Processing /home/airflow/.local/lib/python3.8/site-packages/airflow/example_dags/example_complex.py took 0.095 seconds
[2024-04-12T09:15:09.436+0000] {processor.py:161} INFO - Started process (PID=1545) to work on /home/airflow/.local/lib/python3.8/site-packages/airflow/example_dags/example_complex.py
[2024-04-12T09:15:09.440+0000] {processor.py:830} INFO - Processing file /home/airflow/.local/lib/python3.8/site-packages/airflow/example_dags/example_complex.py for tasks to queue
[2024-04-12T09:15:09.444+0000] {logging_mixin.py:188} INFO - [2024-04-12T09:15:09.443+0000] {dagbag.py:540} INFO - Filling up the DagBag from /home/airflow/.local/lib/python3.8/site-packages/airflow/example_dags/example_complex.py
[2024-04-12T09:15:09.470+0000] {processor.py:840} INFO - DAG(s) 'example_complex' retrieved from /home/airflow/.local/lib/python3.8/site-packages/airflow/example_dags/example_complex.py
[2024-04-12T09:15:09.523+0000] {logging_mixin.py:188} INFO - [2024-04-12T09:15:09.523+0000] {dag.py:3047} INFO - Sync 1 DAGs
[2024-04-12T09:15:09.542+0000] {logging_mixin.py:188} INFO - [2024-04-12T09:15:09.541+0000] {dag.py:3834} INFO - Setting next_dagrun for example_complex to None, run_after=None
[2024-04-12T09:15:09.593+0000] {processor.py:183} INFO - Processing /home/airflow/.local/lib/python3.8/site-packages/airflow/example_dags/example_complex.py took 0.165 seconds
[2024-04-12T09:15:41.642+0000] {processor.py:161} INFO - Started process (PID=1603) to work on /home/airflow/.local/lib/python3.8/site-packages/airflow/example_dags/example_complex.py
[2024-04-12T09:15:41.646+0000] {processor.py:830} INFO - Processing file /home/airflow/.local/lib/python3.8/site-packages/airflow/example_dags/example_complex.py for tasks to queue
[2024-04-12T09:15:41.649+0000] {logging_mixin.py:188} INFO - [2024-04-12T09:15:41.648+0000] {dagbag.py:540} INFO - Filling up the DagBag from /home/airflow/.local/lib/python3.8/site-packages/airflow/example_dags/example_complex.py
[2024-04-12T09:15:41.693+0000] {processor.py:840} INFO - DAG(s) 'example_complex' retrieved from /home/airflow/.local/lib/python3.8/site-packages/airflow/example_dags/example_complex.py
[2024-04-12T09:15:41.831+0000] {logging_mixin.py:188} INFO - [2024-04-12T09:15:41.829+0000] {dag.py:3047} INFO - Sync 1 DAGs
[2024-04-12T09:15:41.893+0000] {logging_mixin.py:188} INFO - [2024-04-12T09:15:41.892+0000] {dag.py:3834} INFO - Setting next_dagrun for example_complex to None, run_after=None
[2024-04-12T09:15:41.965+0000] {processor.py:183} INFO - Processing /home/airflow/.local/lib/python3.8/site-packages/airflow/example_dags/example_complex.py took 0.337 seconds
[2024-04-12T09:16:15.491+0000] {processor.py:161} INFO - Started process (PID=1660) to work on /home/airflow/.local/lib/python3.8/site-packages/airflow/example_dags/example_complex.py
[2024-04-12T09:16:15.496+0000] {processor.py:830} INFO - Processing file /home/airflow/.local/lib/python3.8/site-packages/airflow/example_dags/example_complex.py for tasks to queue
[2024-04-12T09:16:15.499+0000] {logging_mixin.py:188} INFO - [2024-04-12T09:16:15.498+0000] {dagbag.py:540} INFO - Filling up the DagBag from /home/airflow/.local/lib/python3.8/site-packages/airflow/example_dags/example_complex.py
[2024-04-12T09:16:15.527+0000] {processor.py:840} INFO - DAG(s) 'example_complex' retrieved from /home/airflow/.local/lib/python3.8/site-packages/airflow/example_dags/example_complex.py
[2024-04-12T09:16:15.592+0000] {logging_mixin.py:188} INFO - [2024-04-12T09:16:15.591+0000] {dag.py:3047} INFO - Sync 1 DAGs
[2024-04-12T09:16:15.627+0000] {logging_mixin.py:188} INFO - [2024-04-12T09:16:15.626+0000] {dag.py:3834} INFO - Setting next_dagrun for example_complex to None, run_after=None
[2024-04-12T09:16:15.719+0000] {processor.py:183} INFO - Processing /home/airflow/.local/lib/python3.8/site-packages/airflow/example_dags/example_complex.py took 0.240 seconds
