[2024-04-12T09:01:35.454+0000] {processor.py:161} INFO - Started process (PID=90) to work on /home/airflow/.local/lib/python3.8/site-packages/airflow/example_dags/example_branch_labels.py
[2024-04-12T09:01:35.456+0000] {processor.py:830} INFO - Processing file /home/airflow/.local/lib/python3.8/site-packages/airflow/example_dags/example_branch_labels.py for tasks to queue
[2024-04-12T09:01:35.459+0000] {logging_mixin.py:188} INFO - [2024-04-12T09:01:35.458+0000] {dagbag.py:540} INFO - Filling up the DagBag from /home/airflow/.local/lib/python3.8/site-packages/airflow/example_dags/example_branch_labels.py
[2024-04-12T09:01:35.469+0000] {processor.py:840} INFO - DAG(s) 'example_branch_labels' retrieved from /home/airflow/.local/lib/python3.8/site-packages/airflow/example_dags/example_branch_labels.py
[2024-04-12T09:01:35.600+0000] {logging_mixin.py:188} INFO - [2024-04-12T09:01:35.598+0000] {override.py:1769} INFO - Created Permission View: can read on DAG:example_branch_labels
[2024-04-12T09:01:35.618+0000] {logging_mixin.py:188} INFO - [2024-04-12T09:01:35.617+0000] {override.py:1769} INFO - Created Permission View: can edit on DAG:example_branch_labels
[2024-04-12T09:01:35.635+0000] {logging_mixin.py:188} INFO - [2024-04-12T09:01:35.634+0000] {override.py:1769} INFO - Created Permission View: can delete on DAG:example_branch_labels
[2024-04-12T09:01:35.636+0000] {logging_mixin.py:188} INFO - [2024-04-12T09:01:35.636+0000] {dag.py:3047} INFO - Sync 1 DAGs
[2024-04-12T09:01:35.665+0000] {logging_mixin.py:188} INFO - [2024-04-12T09:01:35.665+0000] {dag.py:3069} INFO - Creating ORM DAG for example_branch_labels
[2024-04-12T09:01:35.698+0000] {logging_mixin.py:188} INFO - [2024-04-12T09:01:35.696+0000] {dag.py:3834} INFO - Setting next_dagrun for example_branch_labels to 2024-04-11 00:00:00+00:00, run_after=2024-04-12 00:00:00+00:00
[2024-04-12T09:01:35.753+0000] {processor.py:183} INFO - Processing /home/airflow/.local/lib/python3.8/site-packages/airflow/example_dags/example_branch_labels.py took 0.305 seconds
[2024-04-12T09:02:07.925+0000] {processor.py:161} INFO - Started process (PID=154) to work on /home/airflow/.local/lib/python3.8/site-packages/airflow/example_dags/example_branch_labels.py
[2024-04-12T09:02:07.931+0000] {processor.py:830} INFO - Processing file /home/airflow/.local/lib/python3.8/site-packages/airflow/example_dags/example_branch_labels.py for tasks to queue
[2024-04-12T09:02:07.941+0000] {logging_mixin.py:188} INFO - [2024-04-12T09:02:07.940+0000] {dagbag.py:540} INFO - Filling up the DagBag from /home/airflow/.local/lib/python3.8/site-packages/airflow/example_dags/example_branch_labels.py
[2024-04-12T09:02:07.965+0000] {processor.py:840} INFO - DAG(s) 'example_branch_labels' retrieved from /home/airflow/.local/lib/python3.8/site-packages/airflow/example_dags/example_branch_labels.py
[2024-04-12T09:02:08.022+0000] {logging_mixin.py:188} INFO - [2024-04-12T09:02:08.021+0000] {dag.py:3047} INFO - Sync 1 DAGs
[2024-04-12T09:02:08.132+0000] {logging_mixin.py:188} INFO - [2024-04-12T09:02:08.131+0000] {dag.py:3834} INFO - Setting next_dagrun for example_branch_labels to 2024-04-11 00:00:00+00:00, run_after=2024-04-12 00:00:00+00:00
[2024-04-12T09:02:08.226+0000] {processor.py:183} INFO - Processing /home/airflow/.local/lib/python3.8/site-packages/airflow/example_dags/example_branch_labels.py took 0.319 seconds
[2024-04-12T09:02:46.777+0000] {processor.py:161} INFO - Started process (PID=212) to work on /home/airflow/.local/lib/python3.8/site-packages/airflow/example_dags/example_branch_labels.py
[2024-04-12T09:02:46.779+0000] {processor.py:830} INFO - Processing file /home/airflow/.local/lib/python3.8/site-packages/airflow/example_dags/example_branch_labels.py for tasks to queue
[2024-04-12T09:02:46.781+0000] {logging_mixin.py:188} INFO - [2024-04-12T09:02:46.781+0000] {dagbag.py:540} INFO - Filling up the DagBag from /home/airflow/.local/lib/python3.8/site-packages/airflow/example_dags/example_branch_labels.py
[2024-04-12T09:02:46.794+0000] {processor.py:840} INFO - DAG(s) 'example_branch_labels' retrieved from /home/airflow/.local/lib/python3.8/site-packages/airflow/example_dags/example_branch_labels.py
[2024-04-12T09:02:46.828+0000] {logging_mixin.py:188} INFO - [2024-04-12T09:02:46.827+0000] {dag.py:3047} INFO - Sync 1 DAGs
[2024-04-12T09:02:46.855+0000] {logging_mixin.py:188} INFO - [2024-04-12T09:02:46.855+0000] {dag.py:3834} INFO - Setting next_dagrun for example_branch_labels to 2024-04-11 00:00:00+00:00, run_after=2024-04-12 00:00:00+00:00
[2024-04-12T09:02:46.896+0000] {processor.py:183} INFO - Processing /home/airflow/.local/lib/python3.8/site-packages/airflow/example_dags/example_branch_labels.py took 0.122 seconds
[2024-04-12T09:03:18.202+0000] {processor.py:161} INFO - Started process (PID=270) to work on /home/airflow/.local/lib/python3.8/site-packages/airflow/example_dags/example_branch_labels.py
[2024-04-12T09:03:18.206+0000] {processor.py:830} INFO - Processing file /home/airflow/.local/lib/python3.8/site-packages/airflow/example_dags/example_branch_labels.py for tasks to queue
[2024-04-12T09:03:18.211+0000] {logging_mixin.py:188} INFO - [2024-04-12T09:03:18.211+0000] {dagbag.py:540} INFO - Filling up the DagBag from /home/airflow/.local/lib/python3.8/site-packages/airflow/example_dags/example_branch_labels.py
[2024-04-12T09:03:18.226+0000] {processor.py:840} INFO - DAG(s) 'example_branch_labels' retrieved from /home/airflow/.local/lib/python3.8/site-packages/airflow/example_dags/example_branch_labels.py
[2024-04-12T09:03:18.273+0000] {logging_mixin.py:188} INFO - [2024-04-12T09:03:18.272+0000] {dag.py:3047} INFO - Sync 1 DAGs
[2024-04-12T09:03:18.323+0000] {logging_mixin.py:188} INFO - [2024-04-12T09:03:18.322+0000] {dag.py:3834} INFO - Setting next_dagrun for example_branch_labels to 2024-04-11 00:00:00+00:00, run_after=2024-04-12 00:00:00+00:00
[2024-04-12T09:03:18.363+0000] {processor.py:183} INFO - Processing /home/airflow/.local/lib/python3.8/site-packages/airflow/example_dags/example_branch_labels.py took 0.165 seconds
[2024-04-12T09:03:48.878+0000] {processor.py:161} INFO - Started process (PID=328) to work on /home/airflow/.local/lib/python3.8/site-packages/airflow/example_dags/example_branch_labels.py
[2024-04-12T09:03:48.881+0000] {processor.py:830} INFO - Processing file /home/airflow/.local/lib/python3.8/site-packages/airflow/example_dags/example_branch_labels.py for tasks to queue
[2024-04-12T09:03:48.884+0000] {logging_mixin.py:188} INFO - [2024-04-12T09:03:48.884+0000] {dagbag.py:540} INFO - Filling up the DagBag from /home/airflow/.local/lib/python3.8/site-packages/airflow/example_dags/example_branch_labels.py
[2024-04-12T09:03:48.897+0000] {processor.py:840} INFO - DAG(s) 'example_branch_labels' retrieved from /home/airflow/.local/lib/python3.8/site-packages/airflow/example_dags/example_branch_labels.py
[2024-04-12T09:03:48.944+0000] {logging_mixin.py:188} INFO - [2024-04-12T09:03:48.943+0000] {dag.py:3047} INFO - Sync 1 DAGs
[2024-04-12T09:03:48.987+0000] {logging_mixin.py:188} INFO - [2024-04-12T09:03:48.986+0000] {dag.py:3834} INFO - Setting next_dagrun for example_branch_labels to 2024-04-11 00:00:00+00:00, run_after=2024-04-12 00:00:00+00:00
[2024-04-12T09:03:49.034+0000] {processor.py:183} INFO - Processing /home/airflow/.local/lib/python3.8/site-packages/airflow/example_dags/example_branch_labels.py took 0.159 seconds
[2024-04-12T09:04:19.843+0000] {processor.py:161} INFO - Started process (PID=388) to work on /home/airflow/.local/lib/python3.8/site-packages/airflow/example_dags/example_branch_labels.py
[2024-04-12T09:04:19.845+0000] {processor.py:830} INFO - Processing file /home/airflow/.local/lib/python3.8/site-packages/airflow/example_dags/example_branch_labels.py for tasks to queue
[2024-04-12T09:04:19.851+0000] {logging_mixin.py:188} INFO - [2024-04-12T09:04:19.850+0000] {dagbag.py:540} INFO - Filling up the DagBag from /home/airflow/.local/lib/python3.8/site-packages/airflow/example_dags/example_branch_labels.py
[2024-04-12T09:04:19.865+0000] {processor.py:840} INFO - DAG(s) 'example_branch_labels' retrieved from /home/airflow/.local/lib/python3.8/site-packages/airflow/example_dags/example_branch_labels.py
[2024-04-12T09:04:19.900+0000] {logging_mixin.py:188} INFO - [2024-04-12T09:04:19.899+0000] {dag.py:3047} INFO - Sync 1 DAGs
[2024-04-12T09:04:19.947+0000] {logging_mixin.py:188} INFO - [2024-04-12T09:04:19.946+0000] {dag.py:3834} INFO - Setting next_dagrun for example_branch_labels to 2024-04-11 00:00:00+00:00, run_after=2024-04-12 00:00:00+00:00
[2024-04-12T09:04:19.992+0000] {processor.py:183} INFO - Processing /home/airflow/.local/lib/python3.8/site-packages/airflow/example_dags/example_branch_labels.py took 0.154 seconds
[2024-04-12T09:05:16.589+0000] {processor.py:161} INFO - Started process (PID=450) to work on /home/airflow/.local/lib/python3.8/site-packages/airflow/example_dags/example_branch_labels.py
[2024-04-12T09:05:16.596+0000] {processor.py:830} INFO - Processing file /home/airflow/.local/lib/python3.8/site-packages/airflow/example_dags/example_branch_labels.py for tasks to queue
[2024-04-12T09:05:16.601+0000] {logging_mixin.py:188} INFO - [2024-04-12T09:05:16.600+0000] {dagbag.py:540} INFO - Filling up the DagBag from /home/airflow/.local/lib/python3.8/site-packages/airflow/example_dags/example_branch_labels.py
[2024-04-12T09:05:16.626+0000] {processor.py:840} INFO - DAG(s) 'example_branch_labels' retrieved from /home/airflow/.local/lib/python3.8/site-packages/airflow/example_dags/example_branch_labels.py
[2024-04-12T09:05:16.703+0000] {logging_mixin.py:188} INFO - [2024-04-12T09:05:16.702+0000] {dag.py:3047} INFO - Sync 1 DAGs
[2024-04-12T09:05:16.747+0000] {logging_mixin.py:188} INFO - [2024-04-12T09:05:16.747+0000] {dag.py:3834} INFO - Setting next_dagrun for example_branch_labels to 2024-04-11 00:00:00+00:00, run_after=2024-04-12 00:00:00+00:00
[2024-04-12T09:05:16.789+0000] {processor.py:183} INFO - Processing /home/airflow/.local/lib/python3.8/site-packages/airflow/example_dags/example_branch_labels.py took 0.208 seconds
[2024-04-12T09:05:47.857+0000] {processor.py:161} INFO - Started process (PID=508) to work on /home/airflow/.local/lib/python3.8/site-packages/airflow/example_dags/example_branch_labels.py
[2024-04-12T09:05:47.859+0000] {processor.py:830} INFO - Processing file /home/airflow/.local/lib/python3.8/site-packages/airflow/example_dags/example_branch_labels.py for tasks to queue
[2024-04-12T09:05:47.860+0000] {logging_mixin.py:188} INFO - [2024-04-12T09:05:47.860+0000] {dagbag.py:540} INFO - Filling up the DagBag from /home/airflow/.local/lib/python3.8/site-packages/airflow/example_dags/example_branch_labels.py
[2024-04-12T09:05:47.869+0000] {processor.py:840} INFO - DAG(s) 'example_branch_labels' retrieved from /home/airflow/.local/lib/python3.8/site-packages/airflow/example_dags/example_branch_labels.py
[2024-04-12T09:05:47.901+0000] {logging_mixin.py:188} INFO - [2024-04-12T09:05:47.901+0000] {dag.py:3047} INFO - Sync 1 DAGs
[2024-04-12T09:05:47.940+0000] {logging_mixin.py:188} INFO - [2024-04-12T09:05:47.939+0000] {dag.py:3834} INFO - Setting next_dagrun for example_branch_labels to 2024-04-11 00:00:00+00:00, run_after=2024-04-12 00:00:00+00:00
[2024-04-12T09:05:47.975+0000] {processor.py:183} INFO - Processing /home/airflow/.local/lib/python3.8/site-packages/airflow/example_dags/example_branch_labels.py took 0.122 seconds
[2024-04-12T09:06:18.044+0000] {processor.py:161} INFO - Started process (PID=567) to work on /home/airflow/.local/lib/python3.8/site-packages/airflow/example_dags/example_branch_labels.py
[2024-04-12T09:06:18.046+0000] {processor.py:830} INFO - Processing file /home/airflow/.local/lib/python3.8/site-packages/airflow/example_dags/example_branch_labels.py for tasks to queue
[2024-04-12T09:06:18.047+0000] {logging_mixin.py:188} INFO - [2024-04-12T09:06:18.047+0000] {dagbag.py:540} INFO - Filling up the DagBag from /home/airflow/.local/lib/python3.8/site-packages/airflow/example_dags/example_branch_labels.py
[2024-04-12T09:06:18.054+0000] {processor.py:840} INFO - DAG(s) 'example_branch_labels' retrieved from /home/airflow/.local/lib/python3.8/site-packages/airflow/example_dags/example_branch_labels.py
[2024-04-12T09:06:18.082+0000] {logging_mixin.py:188} INFO - [2024-04-12T09:06:18.082+0000] {dag.py:3047} INFO - Sync 1 DAGs
[2024-04-12T09:06:18.110+0000] {logging_mixin.py:188} INFO - [2024-04-12T09:06:18.109+0000] {dag.py:3834} INFO - Setting next_dagrun for example_branch_labels to 2024-04-11 00:00:00+00:00, run_after=2024-04-12 00:00:00+00:00
[2024-04-12T09:06:18.140+0000] {processor.py:183} INFO - Processing /home/airflow/.local/lib/python3.8/site-packages/airflow/example_dags/example_branch_labels.py took 0.098 seconds
[2024-04-12T09:06:49.178+0000] {processor.py:161} INFO - Started process (PID=625) to work on /home/airflow/.local/lib/python3.8/site-packages/airflow/example_dags/example_branch_labels.py
[2024-04-12T09:06:49.179+0000] {processor.py:830} INFO - Processing file /home/airflow/.local/lib/python3.8/site-packages/airflow/example_dags/example_branch_labels.py for tasks to queue
[2024-04-12T09:06:49.180+0000] {logging_mixin.py:188} INFO - [2024-04-12T09:06:49.180+0000] {dagbag.py:540} INFO - Filling up the DagBag from /home/airflow/.local/lib/python3.8/site-packages/airflow/example_dags/example_branch_labels.py
[2024-04-12T09:06:49.187+0000] {processor.py:840} INFO - DAG(s) 'example_branch_labels' retrieved from /home/airflow/.local/lib/python3.8/site-packages/airflow/example_dags/example_branch_labels.py
[2024-04-12T09:06:49.210+0000] {logging_mixin.py:188} INFO - [2024-04-12T09:06:49.210+0000] {dag.py:3047} INFO - Sync 1 DAGs
[2024-04-12T09:06:49.235+0000] {logging_mixin.py:188} INFO - [2024-04-12T09:06:49.234+0000] {dag.py:3834} INFO - Setting next_dagrun for example_branch_labels to 2024-04-11 00:00:00+00:00, run_after=2024-04-12 00:00:00+00:00
[2024-04-12T09:06:49.259+0000] {processor.py:183} INFO - Processing /home/airflow/.local/lib/python3.8/site-packages/airflow/example_dags/example_branch_labels.py took 0.084 seconds
[2024-04-12T09:07:20.523+0000] {processor.py:161} INFO - Started process (PID=683) to work on /home/airflow/.local/lib/python3.8/site-packages/airflow/example_dags/example_branch_labels.py
[2024-04-12T09:07:20.525+0000] {processor.py:830} INFO - Processing file /home/airflow/.local/lib/python3.8/site-packages/airflow/example_dags/example_branch_labels.py for tasks to queue
[2024-04-12T09:07:20.526+0000] {logging_mixin.py:188} INFO - [2024-04-12T09:07:20.526+0000] {dagbag.py:540} INFO - Filling up the DagBag from /home/airflow/.local/lib/python3.8/site-packages/airflow/example_dags/example_branch_labels.py
[2024-04-12T09:07:20.535+0000] {processor.py:840} INFO - DAG(s) 'example_branch_labels' retrieved from /home/airflow/.local/lib/python3.8/site-packages/airflow/example_dags/example_branch_labels.py
[2024-04-12T09:07:20.566+0000] {logging_mixin.py:188} INFO - [2024-04-12T09:07:20.566+0000] {dag.py:3047} INFO - Sync 1 DAGs
[2024-04-12T09:07:20.592+0000] {logging_mixin.py:188} INFO - [2024-04-12T09:07:20.591+0000] {dag.py:3834} INFO - Setting next_dagrun for example_branch_labels to 2024-04-11 00:00:00+00:00, run_after=2024-04-12 00:00:00+00:00
[2024-04-12T09:07:20.634+0000] {processor.py:183} INFO - Processing /home/airflow/.local/lib/python3.8/site-packages/airflow/example_dags/example_branch_labels.py took 0.114 seconds
[2024-04-12T09:07:51.524+0000] {processor.py:161} INFO - Started process (PID=741) to work on /home/airflow/.local/lib/python3.8/site-packages/airflow/example_dags/example_branch_labels.py
[2024-04-12T09:07:51.526+0000] {processor.py:830} INFO - Processing file /home/airflow/.local/lib/python3.8/site-packages/airflow/example_dags/example_branch_labels.py for tasks to queue
[2024-04-12T09:07:51.527+0000] {logging_mixin.py:188} INFO - [2024-04-12T09:07:51.527+0000] {dagbag.py:540} INFO - Filling up the DagBag from /home/airflow/.local/lib/python3.8/site-packages/airflow/example_dags/example_branch_labels.py
[2024-04-12T09:07:51.537+0000] {processor.py:840} INFO - DAG(s) 'example_branch_labels' retrieved from /home/airflow/.local/lib/python3.8/site-packages/airflow/example_dags/example_branch_labels.py
[2024-04-12T09:07:51.572+0000] {logging_mixin.py:188} INFO - [2024-04-12T09:07:51.571+0000] {dag.py:3047} INFO - Sync 1 DAGs
[2024-04-12T09:07:51.601+0000] {logging_mixin.py:188} INFO - [2024-04-12T09:07:51.600+0000] {dag.py:3834} INFO - Setting next_dagrun for example_branch_labels to 2024-04-11 00:00:00+00:00, run_after=2024-04-12 00:00:00+00:00
[2024-04-12T09:07:51.639+0000] {processor.py:183} INFO - Processing /home/airflow/.local/lib/python3.8/site-packages/airflow/example_dags/example_branch_labels.py took 0.119 seconds
[2024-04-12T09:08:23.921+0000] {processor.py:161} INFO - Started process (PID=799) to work on /home/airflow/.local/lib/python3.8/site-packages/airflow/example_dags/example_branch_labels.py
[2024-04-12T09:08:23.922+0000] {processor.py:830} INFO - Processing file /home/airflow/.local/lib/python3.8/site-packages/airflow/example_dags/example_branch_labels.py for tasks to queue
[2024-04-12T09:08:23.924+0000] {logging_mixin.py:188} INFO - [2024-04-12T09:08:23.923+0000] {dagbag.py:540} INFO - Filling up the DagBag from /home/airflow/.local/lib/python3.8/site-packages/airflow/example_dags/example_branch_labels.py
[2024-04-12T09:08:23.932+0000] {processor.py:840} INFO - DAG(s) 'example_branch_labels' retrieved from /home/airflow/.local/lib/python3.8/site-packages/airflow/example_dags/example_branch_labels.py
[2024-04-12T09:08:23.955+0000] {logging_mixin.py:188} INFO - [2024-04-12T09:08:23.955+0000] {dag.py:3047} INFO - Sync 1 DAGs
[2024-04-12T09:08:23.981+0000] {logging_mixin.py:188} INFO - [2024-04-12T09:08:23.981+0000] {dag.py:3834} INFO - Setting next_dagrun for example_branch_labels to 2024-04-11 00:00:00+00:00, run_after=2024-04-12 00:00:00+00:00
[2024-04-12T09:08:24.019+0000] {processor.py:183} INFO - Processing /home/airflow/.local/lib/python3.8/site-packages/airflow/example_dags/example_branch_labels.py took 0.101 seconds
[2024-04-12T09:08:55.279+0000] {processor.py:161} INFO - Started process (PID=855) to work on /home/airflow/.local/lib/python3.8/site-packages/airflow/example_dags/example_branch_labels.py
[2024-04-12T09:08:55.280+0000] {processor.py:830} INFO - Processing file /home/airflow/.local/lib/python3.8/site-packages/airflow/example_dags/example_branch_labels.py for tasks to queue
[2024-04-12T09:08:55.281+0000] {logging_mixin.py:188} INFO - [2024-04-12T09:08:55.281+0000] {dagbag.py:540} INFO - Filling up the DagBag from /home/airflow/.local/lib/python3.8/site-packages/airflow/example_dags/example_branch_labels.py
[2024-04-12T09:08:55.289+0000] {processor.py:840} INFO - DAG(s) 'example_branch_labels' retrieved from /home/airflow/.local/lib/python3.8/site-packages/airflow/example_dags/example_branch_labels.py
[2024-04-12T09:08:55.332+0000] {logging_mixin.py:188} INFO - [2024-04-12T09:08:55.331+0000] {dag.py:3047} INFO - Sync 1 DAGs
[2024-04-12T09:08:55.379+0000] {logging_mixin.py:188} INFO - [2024-04-12T09:08:55.378+0000] {dag.py:3834} INFO - Setting next_dagrun for example_branch_labels to 2024-04-11 00:00:00+00:00, run_after=2024-04-12 00:00:00+00:00
[2024-04-12T09:08:55.440+0000] {processor.py:183} INFO - Processing /home/airflow/.local/lib/python3.8/site-packages/airflow/example_dags/example_branch_labels.py took 0.164 seconds
[2024-04-12T09:09:25.675+0000] {processor.py:161} INFO - Started process (PID=912) to work on /home/airflow/.local/lib/python3.8/site-packages/airflow/example_dags/example_branch_labels.py
[2024-04-12T09:09:25.677+0000] {processor.py:830} INFO - Processing file /home/airflow/.local/lib/python3.8/site-packages/airflow/example_dags/example_branch_labels.py for tasks to queue
[2024-04-12T09:09:25.678+0000] {logging_mixin.py:188} INFO - [2024-04-12T09:09:25.678+0000] {dagbag.py:540} INFO - Filling up the DagBag from /home/airflow/.local/lib/python3.8/site-packages/airflow/example_dags/example_branch_labels.py
[2024-04-12T09:09:25.687+0000] {processor.py:840} INFO - DAG(s) 'example_branch_labels' retrieved from /home/airflow/.local/lib/python3.8/site-packages/airflow/example_dags/example_branch_labels.py
[2024-04-12T09:09:25.715+0000] {logging_mixin.py:188} INFO - [2024-04-12T09:09:25.715+0000] {dag.py:3047} INFO - Sync 1 DAGs
[2024-04-12T09:09:25.747+0000] {logging_mixin.py:188} INFO - [2024-04-12T09:09:25.746+0000] {dag.py:3834} INFO - Setting next_dagrun for example_branch_labels to 2024-04-11 00:00:00+00:00, run_after=2024-04-12 00:00:00+00:00
[2024-04-12T09:09:25.799+0000] {processor.py:183} INFO - Processing /home/airflow/.local/lib/python3.8/site-packages/airflow/example_dags/example_branch_labels.py took 0.126 seconds
[2024-04-12T09:09:56.049+0000] {processor.py:161} INFO - Started process (PID=970) to work on /home/airflow/.local/lib/python3.8/site-packages/airflow/example_dags/example_branch_labels.py
[2024-04-12T09:09:56.051+0000] {processor.py:830} INFO - Processing file /home/airflow/.local/lib/python3.8/site-packages/airflow/example_dags/example_branch_labels.py for tasks to queue
[2024-04-12T09:09:56.052+0000] {logging_mixin.py:188} INFO - [2024-04-12T09:09:56.052+0000] {dagbag.py:540} INFO - Filling up the DagBag from /home/airflow/.local/lib/python3.8/site-packages/airflow/example_dags/example_branch_labels.py
[2024-04-12T09:09:56.060+0000] {processor.py:840} INFO - DAG(s) 'example_branch_labels' retrieved from /home/airflow/.local/lib/python3.8/site-packages/airflow/example_dags/example_branch_labels.py
[2024-04-12T09:09:56.082+0000] {logging_mixin.py:188} INFO - [2024-04-12T09:09:56.081+0000] {dag.py:3047} INFO - Sync 1 DAGs
[2024-04-12T09:09:56.106+0000] {logging_mixin.py:188} INFO - [2024-04-12T09:09:56.106+0000] {dag.py:3834} INFO - Setting next_dagrun for example_branch_labels to 2024-04-11 00:00:00+00:00, run_after=2024-04-12 00:00:00+00:00
[2024-04-12T09:09:56.130+0000] {processor.py:183} INFO - Processing /home/airflow/.local/lib/python3.8/site-packages/airflow/example_dags/example_branch_labels.py took 0.084 seconds
[2024-04-12T09:10:32.451+0000] {processor.py:161} INFO - Started process (PID=1028) to work on /home/airflow/.local/lib/python3.8/site-packages/airflow/example_dags/example_branch_labels.py
[2024-04-12T09:10:32.460+0000] {processor.py:830} INFO - Processing file /home/airflow/.local/lib/python3.8/site-packages/airflow/example_dags/example_branch_labels.py for tasks to queue
[2024-04-12T09:10:32.469+0000] {logging_mixin.py:188} INFO - [2024-04-12T09:10:32.468+0000] {dagbag.py:540} INFO - Filling up the DagBag from /home/airflow/.local/lib/python3.8/site-packages/airflow/example_dags/example_branch_labels.py
[2024-04-12T09:10:32.512+0000] {processor.py:840} INFO - DAG(s) 'example_branch_labels' retrieved from /home/airflow/.local/lib/python3.8/site-packages/airflow/example_dags/example_branch_labels.py
[2024-04-12T09:10:32.635+0000] {logging_mixin.py:188} INFO - [2024-04-12T09:10:32.634+0000] {dag.py:3047} INFO - Sync 1 DAGs
[2024-04-12T09:10:32.786+0000] {logging_mixin.py:188} INFO - [2024-04-12T09:10:32.784+0000] {dag.py:3834} INFO - Setting next_dagrun for example_branch_labels to 2024-04-11 00:00:00+00:00, run_after=2024-04-12 00:00:00+00:00
[2024-04-12T09:10:32.912+0000] {processor.py:183} INFO - Processing /home/airflow/.local/lib/python3.8/site-packages/airflow/example_dags/example_branch_labels.py took 0.473 seconds
[2024-04-12T09:11:03.536+0000] {processor.py:161} INFO - Started process (PID=1086) to work on /home/airflow/.local/lib/python3.8/site-packages/airflow/example_dags/example_branch_labels.py
[2024-04-12T09:11:03.542+0000] {processor.py:830} INFO - Processing file /home/airflow/.local/lib/python3.8/site-packages/airflow/example_dags/example_branch_labels.py for tasks to queue
[2024-04-12T09:11:03.549+0000] {logging_mixin.py:188} INFO - [2024-04-12T09:11:03.547+0000] {dagbag.py:540} INFO - Filling up the DagBag from /home/airflow/.local/lib/python3.8/site-packages/airflow/example_dags/example_branch_labels.py
[2024-04-12T09:11:03.584+0000] {processor.py:840} INFO - DAG(s) 'example_branch_labels' retrieved from /home/airflow/.local/lib/python3.8/site-packages/airflow/example_dags/example_branch_labels.py
[2024-04-12T09:11:03.680+0000] {logging_mixin.py:188} INFO - [2024-04-12T09:11:03.677+0000] {dag.py:3047} INFO - Sync 1 DAGs
[2024-04-12T09:11:03.816+0000] {logging_mixin.py:188} INFO - [2024-04-12T09:11:03.815+0000] {dag.py:3834} INFO - Setting next_dagrun for example_branch_labels to 2024-04-11 00:00:00+00:00, run_after=2024-04-12 00:00:00+00:00
[2024-04-12T09:11:03.912+0000] {processor.py:183} INFO - Processing /home/airflow/.local/lib/python3.8/site-packages/airflow/example_dags/example_branch_labels.py took 0.391 seconds
[2024-04-12T09:11:34.377+0000] {processor.py:161} INFO - Started process (PID=1143) to work on /home/airflow/.local/lib/python3.8/site-packages/airflow/example_dags/example_branch_labels.py
[2024-04-12T09:11:34.382+0000] {processor.py:830} INFO - Processing file /home/airflow/.local/lib/python3.8/site-packages/airflow/example_dags/example_branch_labels.py for tasks to queue
[2024-04-12T09:11:34.385+0000] {logging_mixin.py:188} INFO - [2024-04-12T09:11:34.384+0000] {dagbag.py:540} INFO - Filling up the DagBag from /home/airflow/.local/lib/python3.8/site-packages/airflow/example_dags/example_branch_labels.py
[2024-04-12T09:11:34.414+0000] {processor.py:840} INFO - DAG(s) 'example_branch_labels' retrieved from /home/airflow/.local/lib/python3.8/site-packages/airflow/example_dags/example_branch_labels.py
[2024-04-12T09:11:34.493+0000] {logging_mixin.py:188} INFO - [2024-04-12T09:11:34.493+0000] {dag.py:3047} INFO - Sync 1 DAGs
[2024-04-12T09:11:34.576+0000] {logging_mixin.py:188} INFO - [2024-04-12T09:11:34.576+0000] {dag.py:3834} INFO - Setting next_dagrun for example_branch_labels to 2024-04-11 00:00:00+00:00, run_after=2024-04-12 00:00:00+00:00
[2024-04-12T09:11:34.640+0000] {processor.py:183} INFO - Processing /home/airflow/.local/lib/python3.8/site-packages/airflow/example_dags/example_branch_labels.py took 0.273 seconds
[2024-04-12T09:12:04.842+0000] {processor.py:161} INFO - Started process (PID=1201) to work on /home/airflow/.local/lib/python3.8/site-packages/airflow/example_dags/example_branch_labels.py
[2024-04-12T09:12:04.844+0000] {processor.py:830} INFO - Processing file /home/airflow/.local/lib/python3.8/site-packages/airflow/example_dags/example_branch_labels.py for tasks to queue
[2024-04-12T09:12:04.845+0000] {logging_mixin.py:188} INFO - [2024-04-12T09:12:04.845+0000] {dagbag.py:540} INFO - Filling up the DagBag from /home/airflow/.local/lib/python3.8/site-packages/airflow/example_dags/example_branch_labels.py
[2024-04-12T09:12:04.854+0000] {processor.py:840} INFO - DAG(s) 'example_branch_labels' retrieved from /home/airflow/.local/lib/python3.8/site-packages/airflow/example_dags/example_branch_labels.py
[2024-04-12T09:12:04.889+0000] {logging_mixin.py:188} INFO - [2024-04-12T09:12:04.888+0000] {dag.py:3047} INFO - Sync 1 DAGs
[2024-04-12T09:12:04.930+0000] {logging_mixin.py:188} INFO - [2024-04-12T09:12:04.930+0000] {dag.py:3834} INFO - Setting next_dagrun for example_branch_labels to 2024-04-11 00:00:00+00:00, run_after=2024-04-12 00:00:00+00:00
[2024-04-12T09:12:04.977+0000] {processor.py:183} INFO - Processing /home/airflow/.local/lib/python3.8/site-packages/airflow/example_dags/example_branch_labels.py took 0.138 seconds
[2024-04-12T09:12:35.602+0000] {processor.py:161} INFO - Started process (PID=1259) to work on /home/airflow/.local/lib/python3.8/site-packages/airflow/example_dags/example_branch_labels.py
[2024-04-12T09:12:35.604+0000] {processor.py:830} INFO - Processing file /home/airflow/.local/lib/python3.8/site-packages/airflow/example_dags/example_branch_labels.py for tasks to queue
[2024-04-12T09:12:35.605+0000] {logging_mixin.py:188} INFO - [2024-04-12T09:12:35.605+0000] {dagbag.py:540} INFO - Filling up the DagBag from /home/airflow/.local/lib/python3.8/site-packages/airflow/example_dags/example_branch_labels.py
[2024-04-12T09:12:35.614+0000] {processor.py:840} INFO - DAG(s) 'example_branch_labels' retrieved from /home/airflow/.local/lib/python3.8/site-packages/airflow/example_dags/example_branch_labels.py
[2024-04-12T09:12:35.647+0000] {logging_mixin.py:188} INFO - [2024-04-12T09:12:35.646+0000] {dag.py:3047} INFO - Sync 1 DAGs
[2024-04-12T09:12:35.674+0000] {logging_mixin.py:188} INFO - [2024-04-12T09:12:35.674+0000] {dag.py:3834} INFO - Setting next_dagrun for example_branch_labels to 2024-04-11 00:00:00+00:00, run_after=2024-04-12 00:00:00+00:00
[2024-04-12T09:12:35.705+0000] {processor.py:183} INFO - Processing /home/airflow/.local/lib/python3.8/site-packages/airflow/example_dags/example_branch_labels.py took 0.105 seconds
[2024-04-12T09:13:06.384+0000] {processor.py:161} INFO - Started process (PID=1317) to work on /home/airflow/.local/lib/python3.8/site-packages/airflow/example_dags/example_branch_labels.py
[2024-04-12T09:13:06.385+0000] {processor.py:830} INFO - Processing file /home/airflow/.local/lib/python3.8/site-packages/airflow/example_dags/example_branch_labels.py for tasks to queue
[2024-04-12T09:13:06.386+0000] {logging_mixin.py:188} INFO - [2024-04-12T09:13:06.386+0000] {dagbag.py:540} INFO - Filling up the DagBag from /home/airflow/.local/lib/python3.8/site-packages/airflow/example_dags/example_branch_labels.py
[2024-04-12T09:13:06.394+0000] {processor.py:840} INFO - DAG(s) 'example_branch_labels' retrieved from /home/airflow/.local/lib/python3.8/site-packages/airflow/example_dags/example_branch_labels.py
[2024-04-12T09:13:06.420+0000] {logging_mixin.py:188} INFO - [2024-04-12T09:13:06.420+0000] {dag.py:3047} INFO - Sync 1 DAGs
[2024-04-12T09:13:06.447+0000] {logging_mixin.py:188} INFO - [2024-04-12T09:13:06.446+0000] {dag.py:3834} INFO - Setting next_dagrun for example_branch_labels to 2024-04-11 00:00:00+00:00, run_after=2024-04-12 00:00:00+00:00
[2024-04-12T09:13:06.482+0000] {processor.py:183} INFO - Processing /home/airflow/.local/lib/python3.8/site-packages/airflow/example_dags/example_branch_labels.py took 0.101 seconds
[2024-04-12T09:13:37.193+0000] {processor.py:161} INFO - Started process (PID=1375) to work on /home/airflow/.local/lib/python3.8/site-packages/airflow/example_dags/example_branch_labels.py
[2024-04-12T09:13:37.195+0000] {processor.py:830} INFO - Processing file /home/airflow/.local/lib/python3.8/site-packages/airflow/example_dags/example_branch_labels.py for tasks to queue
[2024-04-12T09:13:37.196+0000] {logging_mixin.py:188} INFO - [2024-04-12T09:13:37.196+0000] {dagbag.py:540} INFO - Filling up the DagBag from /home/airflow/.local/lib/python3.8/site-packages/airflow/example_dags/example_branch_labels.py
[2024-04-12T09:13:37.204+0000] {processor.py:840} INFO - DAG(s) 'example_branch_labels' retrieved from /home/airflow/.local/lib/python3.8/site-packages/airflow/example_dags/example_branch_labels.py
[2024-04-12T09:13:37.229+0000] {logging_mixin.py:188} INFO - [2024-04-12T09:13:37.228+0000] {dag.py:3047} INFO - Sync 1 DAGs
[2024-04-12T09:13:37.257+0000] {logging_mixin.py:188} INFO - [2024-04-12T09:13:37.257+0000] {dag.py:3834} INFO - Setting next_dagrun for example_branch_labels to 2024-04-11 00:00:00+00:00, run_after=2024-04-12 00:00:00+00:00
[2024-04-12T09:13:37.288+0000] {processor.py:183} INFO - Processing /home/airflow/.local/lib/python3.8/site-packages/airflow/example_dags/example_branch_labels.py took 0.097 seconds
[2024-04-12T09:14:08.483+0000] {processor.py:161} INFO - Started process (PID=1432) to work on /home/airflow/.local/lib/python3.8/site-packages/airflow/example_dags/example_branch_labels.py
[2024-04-12T09:14:08.485+0000] {processor.py:830} INFO - Processing file /home/airflow/.local/lib/python3.8/site-packages/airflow/example_dags/example_branch_labels.py for tasks to queue
[2024-04-12T09:14:08.486+0000] {logging_mixin.py:188} INFO - [2024-04-12T09:14:08.486+0000] {dagbag.py:540} INFO - Filling up the DagBag from /home/airflow/.local/lib/python3.8/site-packages/airflow/example_dags/example_branch_labels.py
[2024-04-12T09:14:08.495+0000] {processor.py:840} INFO - DAG(s) 'example_branch_labels' retrieved from /home/airflow/.local/lib/python3.8/site-packages/airflow/example_dags/example_branch_labels.py
[2024-04-12T09:14:08.516+0000] {logging_mixin.py:188} INFO - [2024-04-12T09:14:08.516+0000] {dag.py:3047} INFO - Sync 1 DAGs
[2024-04-12T09:14:08.541+0000] {logging_mixin.py:188} INFO - [2024-04-12T09:14:08.541+0000] {dag.py:3834} INFO - Setting next_dagrun for example_branch_labels to 2024-04-11 00:00:00+00:00, run_after=2024-04-12 00:00:00+00:00
[2024-04-12T09:14:08.565+0000] {processor.py:183} INFO - Processing /home/airflow/.local/lib/python3.8/site-packages/airflow/example_dags/example_branch_labels.py took 0.084 seconds
[2024-04-12T09:14:38.754+0000] {processor.py:161} INFO - Started process (PID=1489) to work on /home/airflow/.local/lib/python3.8/site-packages/airflow/example_dags/example_branch_labels.py
[2024-04-12T09:14:38.755+0000] {processor.py:830} INFO - Processing file /home/airflow/.local/lib/python3.8/site-packages/airflow/example_dags/example_branch_labels.py for tasks to queue
[2024-04-12T09:14:38.757+0000] {logging_mixin.py:188} INFO - [2024-04-12T09:14:38.756+0000] {dagbag.py:540} INFO - Filling up the DagBag from /home/airflow/.local/lib/python3.8/site-packages/airflow/example_dags/example_branch_labels.py
[2024-04-12T09:14:38.768+0000] {processor.py:840} INFO - DAG(s) 'example_branch_labels' retrieved from /home/airflow/.local/lib/python3.8/site-packages/airflow/example_dags/example_branch_labels.py
[2024-04-12T09:14:38.804+0000] {logging_mixin.py:188} INFO - [2024-04-12T09:14:38.804+0000] {dag.py:3047} INFO - Sync 1 DAGs
[2024-04-12T09:14:38.833+0000] {logging_mixin.py:188} INFO - [2024-04-12T09:14:38.833+0000] {dag.py:3834} INFO - Setting next_dagrun for example_branch_labels to 2024-04-11 00:00:00+00:00, run_after=2024-04-12 00:00:00+00:00
[2024-04-12T09:14:38.866+0000] {processor.py:183} INFO - Processing /home/airflow/.local/lib/python3.8/site-packages/airflow/example_dags/example_branch_labels.py took 0.116 seconds
[2024-04-12T09:15:09.659+0000] {processor.py:161} INFO - Started process (PID=1547) to work on /home/airflow/.local/lib/python3.8/site-packages/airflow/example_dags/example_branch_labels.py
[2024-04-12T09:15:09.664+0000] {processor.py:830} INFO - Processing file /home/airflow/.local/lib/python3.8/site-packages/airflow/example_dags/example_branch_labels.py for tasks to queue
[2024-04-12T09:15:09.667+0000] {logging_mixin.py:188} INFO - [2024-04-12T09:15:09.666+0000] {dagbag.py:540} INFO - Filling up the DagBag from /home/airflow/.local/lib/python3.8/site-packages/airflow/example_dags/example_branch_labels.py
[2024-04-12T09:15:09.681+0000] {processor.py:840} INFO - DAG(s) 'example_branch_labels' retrieved from /home/airflow/.local/lib/python3.8/site-packages/airflow/example_dags/example_branch_labels.py
[2024-04-12T09:15:09.719+0000] {logging_mixin.py:188} INFO - [2024-04-12T09:15:09.718+0000] {dag.py:3047} INFO - Sync 1 DAGs
[2024-04-12T09:15:09.754+0000] {logging_mixin.py:188} INFO - [2024-04-12T09:15:09.754+0000] {dag.py:3834} INFO - Setting next_dagrun for example_branch_labels to 2024-04-11 00:00:00+00:00, run_after=2024-04-12 00:00:00+00:00
[2024-04-12T09:15:09.813+0000] {processor.py:183} INFO - Processing /home/airflow/.local/lib/python3.8/site-packages/airflow/example_dags/example_branch_labels.py took 0.163 seconds
[2024-04-12T09:15:42.029+0000] {processor.py:161} INFO - Started process (PID=1605) to work on /home/airflow/.local/lib/python3.8/site-packages/airflow/example_dags/example_branch_labels.py
[2024-04-12T09:15:42.030+0000] {processor.py:830} INFO - Processing file /home/airflow/.local/lib/python3.8/site-packages/airflow/example_dags/example_branch_labels.py for tasks to queue
[2024-04-12T09:15:42.032+0000] {logging_mixin.py:188} INFO - [2024-04-12T09:15:42.031+0000] {dagbag.py:540} INFO - Filling up the DagBag from /home/airflow/.local/lib/python3.8/site-packages/airflow/example_dags/example_branch_labels.py
[2024-04-12T09:15:42.040+0000] {processor.py:840} INFO - DAG(s) 'example_branch_labels' retrieved from /home/airflow/.local/lib/python3.8/site-packages/airflow/example_dags/example_branch_labels.py
[2024-04-12T09:15:42.076+0000] {logging_mixin.py:188} INFO - [2024-04-12T09:15:42.076+0000] {dag.py:3047} INFO - Sync 1 DAGs
[2024-04-12T09:15:42.112+0000] {logging_mixin.py:188} INFO - [2024-04-12T09:15:42.111+0000] {dag.py:3834} INFO - Setting next_dagrun for example_branch_labels to 2024-04-11 00:00:00+00:00, run_after=2024-04-12 00:00:00+00:00
[2024-04-12T09:15:42.152+0000] {processor.py:183} INFO - Processing /home/airflow/.local/lib/python3.8/site-packages/airflow/example_dags/example_branch_labels.py took 0.126 seconds
[2024-04-12T09:16:16.042+0000] {processor.py:161} INFO - Started process (PID=1663) to work on /home/airflow/.local/lib/python3.8/site-packages/airflow/example_dags/example_branch_labels.py
[2024-04-12T09:16:16.047+0000] {processor.py:830} INFO - Processing file /home/airflow/.local/lib/python3.8/site-packages/airflow/example_dags/example_branch_labels.py for tasks to queue
[2024-04-12T09:16:16.054+0000] {logging_mixin.py:188} INFO - [2024-04-12T09:16:16.053+0000] {dagbag.py:540} INFO - Filling up the DagBag from /home/airflow/.local/lib/python3.8/site-packages/airflow/example_dags/example_branch_labels.py
[2024-04-12T09:16:16.078+0000] {processor.py:840} INFO - DAG(s) 'example_branch_labels' retrieved from /home/airflow/.local/lib/python3.8/site-packages/airflow/example_dags/example_branch_labels.py
[2024-04-12T09:16:16.198+0000] {logging_mixin.py:188} INFO - [2024-04-12T09:16:16.193+0000] {dag.py:3047} INFO - Sync 1 DAGs
[2024-04-12T09:16:16.315+0000] {logging_mixin.py:188} INFO - [2024-04-12T09:16:16.314+0000] {dag.py:3834} INFO - Setting next_dagrun for example_branch_labels to 2024-04-11 00:00:00+00:00, run_after=2024-04-12 00:00:00+00:00
[2024-04-12T09:16:16.452+0000] {processor.py:183} INFO - Processing /home/airflow/.local/lib/python3.8/site-packages/airflow/example_dags/example_branch_labels.py took 0.420 seconds
