[2024-04-12T09:01:25.125+0000] {processor.py:161} INFO - Started process (PID=60) to work on /home/airflow/.local/lib/python3.8/site-packages/airflow/example_dags/example_subdag_operator.py
[2024-04-12T09:01:25.128+0000] {processor.py:830} INFO - Processing file /home/airflow/.local/lib/python3.8/site-packages/airflow/example_dags/example_subdag_operator.py for tasks to queue
[2024-04-12T09:01:25.132+0000] {logging_mixin.py:188} INFO - [2024-04-12T09:01:25.131+0000] {dagbag.py:540} INFO - Filling up the DagBag from /home/airflow/.local/lib/python3.8/site-packages/airflow/example_dags/example_subdag_operator.py
[2024-04-12T09:01:25.190+0000] {processor.py:840} INFO - DAG(s) 'example_subdag_operator.section-1', 'example_subdag_operator.section-2', 'example_subdag_operator' retrieved from /home/airflow/.local/lib/python3.8/site-packages/airflow/example_dags/example_subdag_operator.py
[2024-04-12T09:01:25.533+0000] {logging_mixin.py:188} INFO - [2024-04-12T09:01:25.532+0000] {override.py:1769} INFO - Created Permission View: can read on DAG:example_subdag_operator
[2024-04-12T09:01:25.578+0000] {logging_mixin.py:188} INFO - [2024-04-12T09:01:25.577+0000] {override.py:1769} INFO - Created Permission View: can edit on DAG:example_subdag_operator
[2024-04-12T09:01:25.659+0000] {logging_mixin.py:188} INFO - [2024-04-12T09:01:25.657+0000] {override.py:1769} INFO - Created Permission View: can delete on DAG:example_subdag_operator
[2024-04-12T09:01:25.662+0000] {logging_mixin.py:188} INFO - [2024-04-12T09:01:25.661+0000] {dag.py:3047} INFO - Sync 3 DAGs
[2024-04-12T09:01:25.775+0000] {logging_mixin.py:188} INFO - [2024-04-12T09:01:25.774+0000] {dag.py:3069} INFO - Creating ORM DAG for example_subdag_operator
[2024-04-12T09:01:25.777+0000] {logging_mixin.py:188} INFO - [2024-04-12T09:01:25.776+0000] {dag.py:3069} INFO - Creating ORM DAG for example_subdag_operator.section-1
[2024-04-12T09:01:25.780+0000] {logging_mixin.py:188} INFO - [2024-04-12T09:01:25.779+0000] {dag.py:3069} INFO - Creating ORM DAG for example_subdag_operator.section-2
[2024-04-12T09:01:25.827+0000] {logging_mixin.py:188} INFO - [2024-04-12T09:01:25.826+0000] {dag.py:3834} INFO - Setting next_dagrun for example_subdag_operator to 2022-01-01 00:00:00+00:00, run_after=2022-01-01 00:00:00+00:00
[2024-04-12T09:01:25.837+0000] {logging_mixin.py:188} INFO - [2024-04-12T09:01:25.836+0000] {dag.py:3834} INFO - Setting next_dagrun for example_subdag_operator.section-1 to None, run_after=None
[2024-04-12T09:01:25.840+0000] {logging_mixin.py:188} INFO - [2024-04-12T09:01:25.839+0000] {dag.py:3834} INFO - Setting next_dagrun for example_subdag_operator.section-2 to None, run_after=None
[2024-04-12T09:01:25.869+0000] {logging_mixin.py:188} INFO - [2024-04-12T09:01:25.869+0000] {dag.py:3047} INFO - Sync 2 DAGs
[2024-04-12T09:01:25.887+0000] {logging_mixin.py:188} INFO - [2024-04-12T09:01:25.886+0000] {dag.py:3834} INFO - Setting next_dagrun for example_subdag_operator.section-1 to None, run_after=None
[2024-04-12T09:01:25.902+0000] {logging_mixin.py:188} INFO - [2024-04-12T09:01:25.901+0000] {dag.py:3834} INFO - Setting next_dagrun for example_subdag_operator.section-2 to None, run_after=None
[2024-04-12T09:01:25.989+0000] {processor.py:183} INFO - Processing /home/airflow/.local/lib/python3.8/site-packages/airflow/example_dags/example_subdag_operator.py took 0.872 seconds
[2024-04-12T09:01:56.910+0000] {processor.py:161} INFO - Started process (PID=116) to work on /home/airflow/.local/lib/python3.8/site-packages/airflow/example_dags/example_subdag_operator.py
[2024-04-12T09:01:56.912+0000] {processor.py:830} INFO - Processing file /home/airflow/.local/lib/python3.8/site-packages/airflow/example_dags/example_subdag_operator.py for tasks to queue
[2024-04-12T09:01:56.915+0000] {logging_mixin.py:188} INFO - [2024-04-12T09:01:56.914+0000] {dagbag.py:540} INFO - Filling up the DagBag from /home/airflow/.local/lib/python3.8/site-packages/airflow/example_dags/example_subdag_operator.py
[2024-04-12T09:01:56.956+0000] {processor.py:840} INFO - DAG(s) 'example_subdag_operator.section-1', 'example_subdag_operator.section-2', 'example_subdag_operator' retrieved from /home/airflow/.local/lib/python3.8/site-packages/airflow/example_dags/example_subdag_operator.py
[2024-04-12T09:01:56.977+0000] {logging_mixin.py:188} INFO - [2024-04-12T09:01:56.976+0000] {dag.py:3047} INFO - Sync 3 DAGs
[2024-04-12T09:01:57.002+0000] {logging_mixin.py:188} INFO - [2024-04-12T09:01:57.001+0000] {dag.py:3834} INFO - Setting next_dagrun for example_subdag_operator to 2022-01-01 00:00:00+00:00, run_after=2022-01-01 00:00:00+00:00
[2024-04-12T09:01:57.006+0000] {logging_mixin.py:188} INFO - [2024-04-12T09:01:57.006+0000] {dag.py:3834} INFO - Setting next_dagrun for example_subdag_operator.section-1 to None, run_after=None
[2024-04-12T09:01:57.010+0000] {logging_mixin.py:188} INFO - [2024-04-12T09:01:57.010+0000] {dag.py:3834} INFO - Setting next_dagrun for example_subdag_operator.section-2 to None, run_after=None
[2024-04-12T09:01:57.020+0000] {logging_mixin.py:188} INFO - [2024-04-12T09:01:57.019+0000] {dag.py:3047} INFO - Sync 2 DAGs
[2024-04-12T09:01:57.028+0000] {logging_mixin.py:188} INFO - [2024-04-12T09:01:57.028+0000] {dag.py:3834} INFO - Setting next_dagrun for example_subdag_operator.section-1 to None, run_after=None
[2024-04-12T09:01:57.029+0000] {logging_mixin.py:188} INFO - [2024-04-12T09:01:57.029+0000] {dag.py:3834} INFO - Setting next_dagrun for example_subdag_operator.section-2 to None, run_after=None
[2024-04-12T09:01:57.053+0000] {processor.py:183} INFO - Processing /home/airflow/.local/lib/python3.8/site-packages/airflow/example_dags/example_subdag_operator.py took 0.149 seconds
[2024-04-12T09:02:43.144+0000] {processor.py:161} INFO - Started process (PID=180) to work on /home/airflow/.local/lib/python3.8/site-packages/airflow/example_dags/example_subdag_operator.py
[2024-04-12T09:02:43.146+0000] {processor.py:830} INFO - Processing file /home/airflow/.local/lib/python3.8/site-packages/airflow/example_dags/example_subdag_operator.py for tasks to queue
[2024-04-12T09:02:43.149+0000] {logging_mixin.py:188} INFO - [2024-04-12T09:02:43.148+0000] {dagbag.py:540} INFO - Filling up the DagBag from /home/airflow/.local/lib/python3.8/site-packages/airflow/example_dags/example_subdag_operator.py
[2024-04-12T09:02:43.194+0000] {processor.py:840} INFO - DAG(s) 'example_subdag_operator.section-1', 'example_subdag_operator.section-2', 'example_subdag_operator' retrieved from /home/airflow/.local/lib/python3.8/site-packages/airflow/example_dags/example_subdag_operator.py
[2024-04-12T09:02:43.222+0000] {logging_mixin.py:188} INFO - [2024-04-12T09:02:43.221+0000] {dag.py:3047} INFO - Sync 3 DAGs
[2024-04-12T09:02:43.259+0000] {logging_mixin.py:188} INFO - [2024-04-12T09:02:43.259+0000] {dag.py:3834} INFO - Setting next_dagrun for example_subdag_operator to 2022-01-01 00:00:00+00:00, run_after=2022-01-01 00:00:00+00:00
[2024-04-12T09:02:43.267+0000] {logging_mixin.py:188} INFO - [2024-04-12T09:02:43.266+0000] {dag.py:3834} INFO - Setting next_dagrun for example_subdag_operator.section-1 to None, run_after=None
[2024-04-12T09:02:43.272+0000] {logging_mixin.py:188} INFO - [2024-04-12T09:02:43.271+0000] {dag.py:3834} INFO - Setting next_dagrun for example_subdag_operator.section-2 to None, run_after=None
[2024-04-12T09:02:43.287+0000] {logging_mixin.py:188} INFO - [2024-04-12T09:02:43.287+0000] {dag.py:3047} INFO - Sync 2 DAGs
[2024-04-12T09:02:43.297+0000] {logging_mixin.py:188} INFO - [2024-04-12T09:02:43.297+0000] {dag.py:3834} INFO - Setting next_dagrun for example_subdag_operator.section-1 to None, run_after=None
[2024-04-12T09:02:43.299+0000] {logging_mixin.py:188} INFO - [2024-04-12T09:02:43.299+0000] {dag.py:3834} INFO - Setting next_dagrun for example_subdag_operator.section-2 to None, run_after=None
[2024-04-12T09:02:43.328+0000] {processor.py:183} INFO - Processing /home/airflow/.local/lib/python3.8/site-packages/airflow/example_dags/example_subdag_operator.py took 0.187 seconds
[2024-04-12T09:03:13.672+0000] {processor.py:161} INFO - Started process (PID=240) to work on /home/airflow/.local/lib/python3.8/site-packages/airflow/example_dags/example_subdag_operator.py
[2024-04-12T09:03:13.674+0000] {processor.py:830} INFO - Processing file /home/airflow/.local/lib/python3.8/site-packages/airflow/example_dags/example_subdag_operator.py for tasks to queue
[2024-04-12T09:03:13.678+0000] {logging_mixin.py:188} INFO - [2024-04-12T09:03:13.677+0000] {dagbag.py:540} INFO - Filling up the DagBag from /home/airflow/.local/lib/python3.8/site-packages/airflow/example_dags/example_subdag_operator.py
[2024-04-12T09:03:13.719+0000] {processor.py:840} INFO - DAG(s) 'example_subdag_operator.section-1', 'example_subdag_operator.section-2', 'example_subdag_operator' retrieved from /home/airflow/.local/lib/python3.8/site-packages/airflow/example_dags/example_subdag_operator.py
[2024-04-12T09:03:13.748+0000] {logging_mixin.py:188} INFO - [2024-04-12T09:03:13.747+0000] {dag.py:3047} INFO - Sync 3 DAGs
[2024-04-12T09:03:13.784+0000] {logging_mixin.py:188} INFO - [2024-04-12T09:03:13.783+0000] {dag.py:3834} INFO - Setting next_dagrun for example_subdag_operator to 2022-01-01 00:00:00+00:00, run_after=2022-01-01 00:00:00+00:00
[2024-04-12T09:03:13.792+0000] {logging_mixin.py:188} INFO - [2024-04-12T09:03:13.792+0000] {dag.py:3834} INFO - Setting next_dagrun for example_subdag_operator.section-1 to None, run_after=None
[2024-04-12T09:03:13.797+0000] {logging_mixin.py:188} INFO - [2024-04-12T09:03:13.797+0000] {dag.py:3834} INFO - Setting next_dagrun for example_subdag_operator.section-2 to None, run_after=None
[2024-04-12T09:03:13.810+0000] {logging_mixin.py:188} INFO - [2024-04-12T09:03:13.810+0000] {dag.py:3047} INFO - Sync 2 DAGs
[2024-04-12T09:03:13.824+0000] {logging_mixin.py:188} INFO - [2024-04-12T09:03:13.823+0000] {dag.py:3834} INFO - Setting next_dagrun for example_subdag_operator.section-1 to None, run_after=None
[2024-04-12T09:03:13.828+0000] {logging_mixin.py:188} INFO - [2024-04-12T09:03:13.826+0000] {dag.py:3834} INFO - Setting next_dagrun for example_subdag_operator.section-2 to None, run_after=None
[2024-04-12T09:03:13.871+0000] {processor.py:183} INFO - Processing /home/airflow/.local/lib/python3.8/site-packages/airflow/example_dags/example_subdag_operator.py took 0.204 seconds
[2024-04-12T09:03:43.974+0000] {processor.py:161} INFO - Started process (PID=298) to work on /home/airflow/.local/lib/python3.8/site-packages/airflow/example_dags/example_subdag_operator.py
[2024-04-12T09:03:43.976+0000] {processor.py:830} INFO - Processing file /home/airflow/.local/lib/python3.8/site-packages/airflow/example_dags/example_subdag_operator.py for tasks to queue
[2024-04-12T09:03:43.978+0000] {logging_mixin.py:188} INFO - [2024-04-12T09:03:43.978+0000] {dagbag.py:540} INFO - Filling up the DagBag from /home/airflow/.local/lib/python3.8/site-packages/airflow/example_dags/example_subdag_operator.py
[2024-04-12T09:03:44.010+0000] {processor.py:840} INFO - DAG(s) 'example_subdag_operator.section-1', 'example_subdag_operator.section-2', 'example_subdag_operator' retrieved from /home/airflow/.local/lib/python3.8/site-packages/airflow/example_dags/example_subdag_operator.py
[2024-04-12T09:03:44.029+0000] {logging_mixin.py:188} INFO - [2024-04-12T09:03:44.029+0000] {dag.py:3047} INFO - Sync 3 DAGs
[2024-04-12T09:03:44.054+0000] {logging_mixin.py:188} INFO - [2024-04-12T09:03:44.053+0000] {dag.py:3834} INFO - Setting next_dagrun for example_subdag_operator to 2022-01-01 00:00:00+00:00, run_after=2022-01-01 00:00:00+00:00
[2024-04-12T09:03:44.061+0000] {logging_mixin.py:188} INFO - [2024-04-12T09:03:44.060+0000] {dag.py:3834} INFO - Setting next_dagrun for example_subdag_operator.section-1 to None, run_after=None
[2024-04-12T09:03:44.065+0000] {logging_mixin.py:188} INFO - [2024-04-12T09:03:44.065+0000] {dag.py:3834} INFO - Setting next_dagrun for example_subdag_operator.section-2 to None, run_after=None
[2024-04-12T09:03:44.080+0000] {logging_mixin.py:188} INFO - [2024-04-12T09:03:44.079+0000] {dag.py:3047} INFO - Sync 2 DAGs
[2024-04-12T09:03:44.089+0000] {logging_mixin.py:188} INFO - [2024-04-12T09:03:44.088+0000] {dag.py:3834} INFO - Setting next_dagrun for example_subdag_operator.section-1 to None, run_after=None
[2024-04-12T09:03:44.090+0000] {logging_mixin.py:188} INFO - [2024-04-12T09:03:44.090+0000] {dag.py:3834} INFO - Setting next_dagrun for example_subdag_operator.section-2 to None, run_after=None
[2024-04-12T09:03:44.136+0000] {processor.py:183} INFO - Processing /home/airflow/.local/lib/python3.8/site-packages/airflow/example_dags/example_subdag_operator.py took 0.165 seconds
[2024-04-12T09:04:14.384+0000] {processor.py:161} INFO - Started process (PID=355) to work on /home/airflow/.local/lib/python3.8/site-packages/airflow/example_dags/example_subdag_operator.py
[2024-04-12T09:04:14.386+0000] {processor.py:830} INFO - Processing file /home/airflow/.local/lib/python3.8/site-packages/airflow/example_dags/example_subdag_operator.py for tasks to queue
[2024-04-12T09:04:14.390+0000] {logging_mixin.py:188} INFO - [2024-04-12T09:04:14.389+0000] {dagbag.py:540} INFO - Filling up the DagBag from /home/airflow/.local/lib/python3.8/site-packages/airflow/example_dags/example_subdag_operator.py
[2024-04-12T09:04:14.444+0000] {processor.py:840} INFO - DAG(s) 'example_subdag_operator.section-1', 'example_subdag_operator.section-2', 'example_subdag_operator' retrieved from /home/airflow/.local/lib/python3.8/site-packages/airflow/example_dags/example_subdag_operator.py
[2024-04-12T09:04:14.485+0000] {logging_mixin.py:188} INFO - [2024-04-12T09:04:14.484+0000] {dag.py:3047} INFO - Sync 3 DAGs
[2024-04-12T09:04:14.565+0000] {logging_mixin.py:188} INFO - [2024-04-12T09:04:14.564+0000] {dag.py:3834} INFO - Setting next_dagrun for example_subdag_operator to 2022-01-01 00:00:00+00:00, run_after=2022-01-01 00:00:00+00:00
[2024-04-12T09:04:14.573+0000] {logging_mixin.py:188} INFO - [2024-04-12T09:04:14.572+0000] {dag.py:3834} INFO - Setting next_dagrun for example_subdag_operator.section-1 to None, run_after=None
[2024-04-12T09:04:14.581+0000] {logging_mixin.py:188} INFO - [2024-04-12T09:04:14.580+0000] {dag.py:3834} INFO - Setting next_dagrun for example_subdag_operator.section-2 to None, run_after=None
[2024-04-12T09:04:14.613+0000] {logging_mixin.py:188} INFO - [2024-04-12T09:04:14.611+0000] {dag.py:3047} INFO - Sync 2 DAGs
[2024-04-12T09:04:14.637+0000] {logging_mixin.py:188} INFO - [2024-04-12T09:04:14.637+0000] {dag.py:3834} INFO - Setting next_dagrun for example_subdag_operator.section-1 to None, run_after=None
[2024-04-12T09:04:14.639+0000] {logging_mixin.py:188} INFO - [2024-04-12T09:04:14.638+0000] {dag.py:3834} INFO - Setting next_dagrun for example_subdag_operator.section-2 to None, run_after=None
[2024-04-12T09:04:14.680+0000] {processor.py:183} INFO - Processing /home/airflow/.local/lib/python3.8/site-packages/airflow/example_dags/example_subdag_operator.py took 0.307 seconds
[2024-04-12T09:05:13.367+0000] {processor.py:161} INFO - Started process (PID=420) to work on /home/airflow/.local/lib/python3.8/site-packages/airflow/example_dags/example_subdag_operator.py
[2024-04-12T09:05:13.368+0000] {processor.py:830} INFO - Processing file /home/airflow/.local/lib/python3.8/site-packages/airflow/example_dags/example_subdag_operator.py for tasks to queue
[2024-04-12T09:05:13.370+0000] {logging_mixin.py:188} INFO - [2024-04-12T09:05:13.369+0000] {dagbag.py:540} INFO - Filling up the DagBag from /home/airflow/.local/lib/python3.8/site-packages/airflow/example_dags/example_subdag_operator.py
[2024-04-12T09:05:13.400+0000] {processor.py:840} INFO - DAG(s) 'example_subdag_operator.section-1', 'example_subdag_operator.section-2', 'example_subdag_operator' retrieved from /home/airflow/.local/lib/python3.8/site-packages/airflow/example_dags/example_subdag_operator.py
[2024-04-12T09:05:13.422+0000] {logging_mixin.py:188} INFO - [2024-04-12T09:05:13.421+0000] {dag.py:3047} INFO - Sync 3 DAGs
[2024-04-12T09:05:13.459+0000] {logging_mixin.py:188} INFO - [2024-04-12T09:05:13.458+0000] {dag.py:3834} INFO - Setting next_dagrun for example_subdag_operator to 2022-01-01 00:00:00+00:00, run_after=2022-01-01 00:00:00+00:00
[2024-04-12T09:05:13.466+0000] {logging_mixin.py:188} INFO - [2024-04-12T09:05:13.466+0000] {dag.py:3834} INFO - Setting next_dagrun for example_subdag_operator.section-1 to None, run_after=None
[2024-04-12T09:05:13.471+0000] {logging_mixin.py:188} INFO - [2024-04-12T09:05:13.471+0000] {dag.py:3834} INFO - Setting next_dagrun for example_subdag_operator.section-2 to None, run_after=None
[2024-04-12T09:05:13.485+0000] {logging_mixin.py:188} INFO - [2024-04-12T09:05:13.484+0000] {dag.py:3047} INFO - Sync 2 DAGs
[2024-04-12T09:05:13.497+0000] {logging_mixin.py:188} INFO - [2024-04-12T09:05:13.496+0000] {dag.py:3834} INFO - Setting next_dagrun for example_subdag_operator.section-1 to None, run_after=None
[2024-04-12T09:05:13.500+0000] {logging_mixin.py:188} INFO - [2024-04-12T09:05:13.498+0000] {dag.py:3834} INFO - Setting next_dagrun for example_subdag_operator.section-2 to None, run_after=None
[2024-04-12T09:05:13.526+0000] {processor.py:183} INFO - Processing /home/airflow/.local/lib/python3.8/site-packages/airflow/example_dags/example_subdag_operator.py took 0.162 seconds
[2024-04-12T09:05:43.743+0000] {processor.py:161} INFO - Started process (PID=477) to work on /home/airflow/.local/lib/python3.8/site-packages/airflow/example_dags/example_subdag_operator.py
[2024-04-12T09:05:43.745+0000] {processor.py:830} INFO - Processing file /home/airflow/.local/lib/python3.8/site-packages/airflow/example_dags/example_subdag_operator.py for tasks to queue
[2024-04-12T09:05:43.747+0000] {logging_mixin.py:188} INFO - [2024-04-12T09:05:43.746+0000] {dagbag.py:540} INFO - Filling up the DagBag from /home/airflow/.local/lib/python3.8/site-packages/airflow/example_dags/example_subdag_operator.py
[2024-04-12T09:05:43.784+0000] {processor.py:840} INFO - DAG(s) 'example_subdag_operator.section-1', 'example_subdag_operator.section-2', 'example_subdag_operator' retrieved from /home/airflow/.local/lib/python3.8/site-packages/airflow/example_dags/example_subdag_operator.py
[2024-04-12T09:05:43.804+0000] {logging_mixin.py:188} INFO - [2024-04-12T09:05:43.804+0000] {dag.py:3047} INFO - Sync 3 DAGs
[2024-04-12T09:05:43.833+0000] {logging_mixin.py:188} INFO - [2024-04-12T09:05:43.832+0000] {dag.py:3834} INFO - Setting next_dagrun for example_subdag_operator to 2022-01-01 00:00:00+00:00, run_after=2022-01-01 00:00:00+00:00
[2024-04-12T09:05:43.840+0000] {logging_mixin.py:188} INFO - [2024-04-12T09:05:43.840+0000] {dag.py:3834} INFO - Setting next_dagrun for example_subdag_operator.section-1 to None, run_after=None
[2024-04-12T09:05:43.842+0000] {logging_mixin.py:188} INFO - [2024-04-12T09:05:43.842+0000] {dag.py:3834} INFO - Setting next_dagrun for example_subdag_operator.section-2 to None, run_after=None
[2024-04-12T09:05:43.854+0000] {logging_mixin.py:188} INFO - [2024-04-12T09:05:43.853+0000] {dag.py:3047} INFO - Sync 2 DAGs
[2024-04-12T09:05:43.862+0000] {logging_mixin.py:188} INFO - [2024-04-12T09:05:43.862+0000] {dag.py:3834} INFO - Setting next_dagrun for example_subdag_operator.section-1 to None, run_after=None
[2024-04-12T09:05:43.863+0000] {logging_mixin.py:188} INFO - [2024-04-12T09:05:43.863+0000] {dag.py:3834} INFO - Setting next_dagrun for example_subdag_operator.section-2 to None, run_after=None
[2024-04-12T09:05:43.889+0000] {processor.py:183} INFO - Processing /home/airflow/.local/lib/python3.8/site-packages/airflow/example_dags/example_subdag_operator.py took 0.151 seconds
[2024-04-12T09:06:13.985+0000] {processor.py:161} INFO - Started process (PID=536) to work on /home/airflow/.local/lib/python3.8/site-packages/airflow/example_dags/example_subdag_operator.py
[2024-04-12T09:06:13.987+0000] {processor.py:830} INFO - Processing file /home/airflow/.local/lib/python3.8/site-packages/airflow/example_dags/example_subdag_operator.py for tasks to queue
[2024-04-12T09:06:13.989+0000] {logging_mixin.py:188} INFO - [2024-04-12T09:06:13.989+0000] {dagbag.py:540} INFO - Filling up the DagBag from /home/airflow/.local/lib/python3.8/site-packages/airflow/example_dags/example_subdag_operator.py
[2024-04-12T09:06:14.015+0000] {processor.py:840} INFO - DAG(s) 'example_subdag_operator.section-1', 'example_subdag_operator.section-2', 'example_subdag_operator' retrieved from /home/airflow/.local/lib/python3.8/site-packages/airflow/example_dags/example_subdag_operator.py
[2024-04-12T09:06:14.033+0000] {logging_mixin.py:188} INFO - [2024-04-12T09:06:14.033+0000] {dag.py:3047} INFO - Sync 3 DAGs
[2024-04-12T09:06:14.065+0000] {logging_mixin.py:188} INFO - [2024-04-12T09:06:14.064+0000] {dag.py:3834} INFO - Setting next_dagrun for example_subdag_operator to 2022-01-01 00:00:00+00:00, run_after=2022-01-01 00:00:00+00:00
[2024-04-12T09:06:14.071+0000] {logging_mixin.py:188} INFO - [2024-04-12T09:06:14.070+0000] {dag.py:3834} INFO - Setting next_dagrun for example_subdag_operator.section-1 to None, run_after=None
[2024-04-12T09:06:14.073+0000] {logging_mixin.py:188} INFO - [2024-04-12T09:06:14.073+0000] {dag.py:3834} INFO - Setting next_dagrun for example_subdag_operator.section-2 to None, run_after=None
[2024-04-12T09:06:14.082+0000] {logging_mixin.py:188} INFO - [2024-04-12T09:06:14.081+0000] {dag.py:3047} INFO - Sync 2 DAGs
[2024-04-12T09:06:14.089+0000] {logging_mixin.py:188} INFO - [2024-04-12T09:06:14.088+0000] {dag.py:3834} INFO - Setting next_dagrun for example_subdag_operator.section-1 to None, run_after=None
[2024-04-12T09:06:14.090+0000] {logging_mixin.py:188} INFO - [2024-04-12T09:06:14.090+0000] {dag.py:3834} INFO - Setting next_dagrun for example_subdag_operator.section-2 to None, run_after=None
[2024-04-12T09:06:14.111+0000] {processor.py:183} INFO - Processing /home/airflow/.local/lib/python3.8/site-packages/airflow/example_dags/example_subdag_operator.py took 0.128 seconds
[2024-04-12T09:06:44.852+0000] {processor.py:161} INFO - Started process (PID=592) to work on /home/airflow/.local/lib/python3.8/site-packages/airflow/example_dags/example_subdag_operator.py
[2024-04-12T09:06:44.854+0000] {processor.py:830} INFO - Processing file /home/airflow/.local/lib/python3.8/site-packages/airflow/example_dags/example_subdag_operator.py for tasks to queue
[2024-04-12T09:06:44.855+0000] {logging_mixin.py:188} INFO - [2024-04-12T09:06:44.854+0000] {dagbag.py:540} INFO - Filling up the DagBag from /home/airflow/.local/lib/python3.8/site-packages/airflow/example_dags/example_subdag_operator.py
[2024-04-12T09:06:44.880+0000] {processor.py:840} INFO - DAG(s) 'example_subdag_operator.section-1', 'example_subdag_operator.section-2', 'example_subdag_operator' retrieved from /home/airflow/.local/lib/python3.8/site-packages/airflow/example_dags/example_subdag_operator.py
[2024-04-12T09:06:44.899+0000] {logging_mixin.py:188} INFO - [2024-04-12T09:06:44.899+0000] {dag.py:3047} INFO - Sync 3 DAGs
[2024-04-12T09:06:44.925+0000] {logging_mixin.py:188} INFO - [2024-04-12T09:06:44.925+0000] {dag.py:3834} INFO - Setting next_dagrun for example_subdag_operator to 2022-01-01 00:00:00+00:00, run_after=2022-01-01 00:00:00+00:00
[2024-04-12T09:06:44.930+0000] {logging_mixin.py:188} INFO - [2024-04-12T09:06:44.930+0000] {dag.py:3834} INFO - Setting next_dagrun for example_subdag_operator.section-1 to None, run_after=None
[2024-04-12T09:06:44.933+0000] {logging_mixin.py:188} INFO - [2024-04-12T09:06:44.933+0000] {dag.py:3834} INFO - Setting next_dagrun for example_subdag_operator.section-2 to None, run_after=None
[2024-04-12T09:06:44.943+0000] {logging_mixin.py:188} INFO - [2024-04-12T09:06:44.943+0000] {dag.py:3047} INFO - Sync 2 DAGs
[2024-04-12T09:06:44.955+0000] {logging_mixin.py:188} INFO - [2024-04-12T09:06:44.954+0000] {dag.py:3834} INFO - Setting next_dagrun for example_subdag_operator.section-1 to None, run_after=None
[2024-04-12T09:06:44.957+0000] {logging_mixin.py:188} INFO - [2024-04-12T09:06:44.956+0000] {dag.py:3834} INFO - Setting next_dagrun for example_subdag_operator.section-2 to None, run_after=None
[2024-04-12T09:06:44.979+0000] {processor.py:183} INFO - Processing /home/airflow/.local/lib/python3.8/site-packages/airflow/example_dags/example_subdag_operator.py took 0.129 seconds
[2024-04-12T09:07:15.126+0000] {processor.py:161} INFO - Started process (PID=649) to work on /home/airflow/.local/lib/python3.8/site-packages/airflow/example_dags/example_subdag_operator.py
[2024-04-12T09:07:15.128+0000] {processor.py:830} INFO - Processing file /home/airflow/.local/lib/python3.8/site-packages/airflow/example_dags/example_subdag_operator.py for tasks to queue
[2024-04-12T09:07:15.131+0000] {logging_mixin.py:188} INFO - [2024-04-12T09:07:15.130+0000] {dagbag.py:540} INFO - Filling up the DagBag from /home/airflow/.local/lib/python3.8/site-packages/airflow/example_dags/example_subdag_operator.py
[2024-04-12T09:07:15.166+0000] {processor.py:840} INFO - DAG(s) 'example_subdag_operator.section-1', 'example_subdag_operator.section-2', 'example_subdag_operator' retrieved from /home/airflow/.local/lib/python3.8/site-packages/airflow/example_dags/example_subdag_operator.py
[2024-04-12T09:07:15.185+0000] {logging_mixin.py:188} INFO - [2024-04-12T09:07:15.184+0000] {dag.py:3047} INFO - Sync 3 DAGs
[2024-04-12T09:07:15.216+0000] {logging_mixin.py:188} INFO - [2024-04-12T09:07:15.215+0000] {dag.py:3834} INFO - Setting next_dagrun for example_subdag_operator to 2022-01-01 00:00:00+00:00, run_after=2022-01-01 00:00:00+00:00
[2024-04-12T09:07:15.222+0000] {logging_mixin.py:188} INFO - [2024-04-12T09:07:15.222+0000] {dag.py:3834} INFO - Setting next_dagrun for example_subdag_operator.section-1 to None, run_after=None
[2024-04-12T09:07:15.226+0000] {logging_mixin.py:188} INFO - [2024-04-12T09:07:15.226+0000] {dag.py:3834} INFO - Setting next_dagrun for example_subdag_operator.section-2 to None, run_after=None
[2024-04-12T09:07:15.241+0000] {logging_mixin.py:188} INFO - [2024-04-12T09:07:15.240+0000] {dag.py:3047} INFO - Sync 2 DAGs
[2024-04-12T09:07:15.247+0000] {logging_mixin.py:188} INFO - [2024-04-12T09:07:15.247+0000] {dag.py:3834} INFO - Setting next_dagrun for example_subdag_operator.section-1 to None, run_after=None
[2024-04-12T09:07:15.248+0000] {logging_mixin.py:188} INFO - [2024-04-12T09:07:15.248+0000] {dag.py:3834} INFO - Setting next_dagrun for example_subdag_operator.section-2 to None, run_after=None
[2024-04-12T09:07:15.266+0000] {processor.py:183} INFO - Processing /home/airflow/.local/lib/python3.8/site-packages/airflow/example_dags/example_subdag_operator.py took 0.143 seconds
[2024-04-12T09:07:45.998+0000] {processor.py:161} INFO - Started process (PID=707) to work on /home/airflow/.local/lib/python3.8/site-packages/airflow/example_dags/example_subdag_operator.py
[2024-04-12T09:07:46.000+0000] {processor.py:830} INFO - Processing file /home/airflow/.local/lib/python3.8/site-packages/airflow/example_dags/example_subdag_operator.py for tasks to queue
[2024-04-12T09:07:46.001+0000] {logging_mixin.py:188} INFO - [2024-04-12T09:07:46.001+0000] {dagbag.py:540} INFO - Filling up the DagBag from /home/airflow/.local/lib/python3.8/site-packages/airflow/example_dags/example_subdag_operator.py
[2024-04-12T09:07:46.025+0000] {processor.py:840} INFO - DAG(s) 'example_subdag_operator.section-1', 'example_subdag_operator.section-2', 'example_subdag_operator' retrieved from /home/airflow/.local/lib/python3.8/site-packages/airflow/example_dags/example_subdag_operator.py
[2024-04-12T09:07:46.046+0000] {logging_mixin.py:188} INFO - [2024-04-12T09:07:46.046+0000] {dag.py:3047} INFO - Sync 3 DAGs
[2024-04-12T09:07:46.069+0000] {logging_mixin.py:188} INFO - [2024-04-12T09:07:46.069+0000] {dag.py:3834} INFO - Setting next_dagrun for example_subdag_operator to 2022-01-01 00:00:00+00:00, run_after=2022-01-01 00:00:00+00:00
[2024-04-12T09:07:46.074+0000] {logging_mixin.py:188} INFO - [2024-04-12T09:07:46.074+0000] {dag.py:3834} INFO - Setting next_dagrun for example_subdag_operator.section-1 to None, run_after=None
[2024-04-12T09:07:46.077+0000] {logging_mixin.py:188} INFO - [2024-04-12T09:07:46.076+0000] {dag.py:3834} INFO - Setting next_dagrun for example_subdag_operator.section-2 to None, run_after=None
[2024-04-12T09:07:46.084+0000] {logging_mixin.py:188} INFO - [2024-04-12T09:07:46.084+0000] {dag.py:3047} INFO - Sync 2 DAGs
[2024-04-12T09:07:46.092+0000] {logging_mixin.py:188} INFO - [2024-04-12T09:07:46.091+0000] {dag.py:3834} INFO - Setting next_dagrun for example_subdag_operator.section-1 to None, run_after=None
[2024-04-12T09:07:46.093+0000] {logging_mixin.py:188} INFO - [2024-04-12T09:07:46.093+0000] {dag.py:3834} INFO - Setting next_dagrun for example_subdag_operator.section-2 to None, run_after=None
[2024-04-12T09:07:46.111+0000] {processor.py:183} INFO - Processing /home/airflow/.local/lib/python3.8/site-packages/airflow/example_dags/example_subdag_operator.py took 0.117 seconds
[2024-04-12T09:08:16.458+0000] {processor.py:161} INFO - Started process (PID=765) to work on /home/airflow/.local/lib/python3.8/site-packages/airflow/example_dags/example_subdag_operator.py
[2024-04-12T09:08:16.460+0000] {processor.py:830} INFO - Processing file /home/airflow/.local/lib/python3.8/site-packages/airflow/example_dags/example_subdag_operator.py for tasks to queue
[2024-04-12T09:08:16.461+0000] {logging_mixin.py:188} INFO - [2024-04-12T09:08:16.461+0000] {dagbag.py:540} INFO - Filling up the DagBag from /home/airflow/.local/lib/python3.8/site-packages/airflow/example_dags/example_subdag_operator.py
[2024-04-12T09:08:16.495+0000] {processor.py:840} INFO - DAG(s) 'example_subdag_operator.section-1', 'example_subdag_operator.section-2', 'example_subdag_operator' retrieved from /home/airflow/.local/lib/python3.8/site-packages/airflow/example_dags/example_subdag_operator.py
[2024-04-12T09:08:16.518+0000] {logging_mixin.py:188} INFO - [2024-04-12T09:08:16.517+0000] {dag.py:3047} INFO - Sync 3 DAGs
[2024-04-12T09:08:16.561+0000] {logging_mixin.py:188} INFO - [2024-04-12T09:08:16.560+0000] {dag.py:3834} INFO - Setting next_dagrun for example_subdag_operator to 2022-01-01 00:00:00+00:00, run_after=2022-01-01 00:00:00+00:00
[2024-04-12T09:08:16.573+0000] {logging_mixin.py:188} INFO - [2024-04-12T09:08:16.572+0000] {dag.py:3834} INFO - Setting next_dagrun for example_subdag_operator.section-1 to None, run_after=None
[2024-04-12T09:08:16.580+0000] {logging_mixin.py:188} INFO - [2024-04-12T09:08:16.579+0000] {dag.py:3834} INFO - Setting next_dagrun for example_subdag_operator.section-2 to None, run_after=None
[2024-04-12T09:08:16.599+0000] {logging_mixin.py:188} INFO - [2024-04-12T09:08:16.599+0000] {dag.py:3047} INFO - Sync 2 DAGs
[2024-04-12T09:08:16.619+0000] {logging_mixin.py:188} INFO - [2024-04-12T09:08:16.616+0000] {dag.py:3834} INFO - Setting next_dagrun for example_subdag_operator.section-1 to None, run_after=None
[2024-04-12T09:08:16.626+0000] {logging_mixin.py:188} INFO - [2024-04-12T09:08:16.626+0000] {dag.py:3834} INFO - Setting next_dagrun for example_subdag_operator.section-2 to None, run_after=None
[2024-04-12T09:08:16.682+0000] {processor.py:183} INFO - Processing /home/airflow/.local/lib/python3.8/site-packages/airflow/example_dags/example_subdag_operator.py took 0.227 seconds
[2024-04-12T09:08:46.848+0000] {processor.py:161} INFO - Started process (PID=823) to work on /home/airflow/.local/lib/python3.8/site-packages/airflow/example_dags/example_subdag_operator.py
[2024-04-12T09:08:46.850+0000] {processor.py:830} INFO - Processing file /home/airflow/.local/lib/python3.8/site-packages/airflow/example_dags/example_subdag_operator.py for tasks to queue
[2024-04-12T09:08:46.851+0000] {logging_mixin.py:188} INFO - [2024-04-12T09:08:46.851+0000] {dagbag.py:540} INFO - Filling up the DagBag from /home/airflow/.local/lib/python3.8/site-packages/airflow/example_dags/example_subdag_operator.py
[2024-04-12T09:08:46.880+0000] {processor.py:840} INFO - DAG(s) 'example_subdag_operator.section-1', 'example_subdag_operator.section-2', 'example_subdag_operator' retrieved from /home/airflow/.local/lib/python3.8/site-packages/airflow/example_dags/example_subdag_operator.py
[2024-04-12T09:08:46.901+0000] {logging_mixin.py:188} INFO - [2024-04-12T09:08:46.901+0000] {dag.py:3047} INFO - Sync 3 DAGs
[2024-04-12T09:08:46.929+0000] {logging_mixin.py:188} INFO - [2024-04-12T09:08:46.929+0000] {dag.py:3834} INFO - Setting next_dagrun for example_subdag_operator to 2022-01-01 00:00:00+00:00, run_after=2022-01-01 00:00:00+00:00
[2024-04-12T09:08:46.934+0000] {logging_mixin.py:188} INFO - [2024-04-12T09:08:46.933+0000] {dag.py:3834} INFO - Setting next_dagrun for example_subdag_operator.section-1 to None, run_after=None
[2024-04-12T09:08:46.936+0000] {logging_mixin.py:188} INFO - [2024-04-12T09:08:46.936+0000] {dag.py:3834} INFO - Setting next_dagrun for example_subdag_operator.section-2 to None, run_after=None
[2024-04-12T09:08:46.945+0000] {logging_mixin.py:188} INFO - [2024-04-12T09:08:46.945+0000] {dag.py:3047} INFO - Sync 2 DAGs
[2024-04-12T09:08:46.955+0000] {logging_mixin.py:188} INFO - [2024-04-12T09:08:46.954+0000] {dag.py:3834} INFO - Setting next_dagrun for example_subdag_operator.section-1 to None, run_after=None
[2024-04-12T09:08:46.956+0000] {logging_mixin.py:188} INFO - [2024-04-12T09:08:46.956+0000] {dag.py:3834} INFO - Setting next_dagrun for example_subdag_operator.section-2 to None, run_after=None
[2024-04-12T09:08:46.978+0000] {processor.py:183} INFO - Processing /home/airflow/.local/lib/python3.8/site-packages/airflow/example_dags/example_subdag_operator.py took 0.136 seconds
[2024-04-12T09:09:17.288+0000] {processor.py:161} INFO - Started process (PID=881) to work on /home/airflow/.local/lib/python3.8/site-packages/airflow/example_dags/example_subdag_operator.py
[2024-04-12T09:09:17.289+0000] {processor.py:830} INFO - Processing file /home/airflow/.local/lib/python3.8/site-packages/airflow/example_dags/example_subdag_operator.py for tasks to queue
[2024-04-12T09:09:17.291+0000] {logging_mixin.py:188} INFO - [2024-04-12T09:09:17.291+0000] {dagbag.py:540} INFO - Filling up the DagBag from /home/airflow/.local/lib/python3.8/site-packages/airflow/example_dags/example_subdag_operator.py
[2024-04-12T09:09:17.324+0000] {processor.py:840} INFO - DAG(s) 'example_subdag_operator.section-1', 'example_subdag_operator.section-2', 'example_subdag_operator' retrieved from /home/airflow/.local/lib/python3.8/site-packages/airflow/example_dags/example_subdag_operator.py
[2024-04-12T09:09:17.347+0000] {logging_mixin.py:188} INFO - [2024-04-12T09:09:17.346+0000] {dag.py:3047} INFO - Sync 3 DAGs
[2024-04-12T09:09:17.374+0000] {logging_mixin.py:188} INFO - [2024-04-12T09:09:17.374+0000] {dag.py:3834} INFO - Setting next_dagrun for example_subdag_operator to 2022-01-01 00:00:00+00:00, run_after=2022-01-01 00:00:00+00:00
[2024-04-12T09:09:17.379+0000] {logging_mixin.py:188} INFO - [2024-04-12T09:09:17.379+0000] {dag.py:3834} INFO - Setting next_dagrun for example_subdag_operator.section-1 to None, run_after=None
[2024-04-12T09:09:17.381+0000] {logging_mixin.py:188} INFO - [2024-04-12T09:09:17.381+0000] {dag.py:3834} INFO - Setting next_dagrun for example_subdag_operator.section-2 to None, run_after=None
[2024-04-12T09:09:17.390+0000] {logging_mixin.py:188} INFO - [2024-04-12T09:09:17.389+0000] {dag.py:3047} INFO - Sync 2 DAGs
[2024-04-12T09:09:17.401+0000] {logging_mixin.py:188} INFO - [2024-04-12T09:09:17.400+0000] {dag.py:3834} INFO - Setting next_dagrun for example_subdag_operator.section-1 to None, run_after=None
[2024-04-12T09:09:17.402+0000] {logging_mixin.py:188} INFO - [2024-04-12T09:09:17.401+0000] {dag.py:3834} INFO - Setting next_dagrun for example_subdag_operator.section-2 to None, run_after=None
[2024-04-12T09:09:17.422+0000] {processor.py:183} INFO - Processing /home/airflow/.local/lib/python3.8/site-packages/airflow/example_dags/example_subdag_operator.py took 0.138 seconds
[2024-04-12T09:09:47.698+0000] {processor.py:161} INFO - Started process (PID=939) to work on /home/airflow/.local/lib/python3.8/site-packages/airflow/example_dags/example_subdag_operator.py
[2024-04-12T09:09:47.701+0000] {processor.py:830} INFO - Processing file /home/airflow/.local/lib/python3.8/site-packages/airflow/example_dags/example_subdag_operator.py for tasks to queue
[2024-04-12T09:09:47.705+0000] {logging_mixin.py:188} INFO - [2024-04-12T09:09:47.704+0000] {dagbag.py:540} INFO - Filling up the DagBag from /home/airflow/.local/lib/python3.8/site-packages/airflow/example_dags/example_subdag_operator.py
[2024-04-12T09:09:47.753+0000] {processor.py:840} INFO - DAG(s) 'example_subdag_operator.section-1', 'example_subdag_operator.section-2', 'example_subdag_operator' retrieved from /home/airflow/.local/lib/python3.8/site-packages/airflow/example_dags/example_subdag_operator.py
[2024-04-12T09:09:47.782+0000] {logging_mixin.py:188} INFO - [2024-04-12T09:09:47.781+0000] {dag.py:3047} INFO - Sync 3 DAGs
[2024-04-12T09:09:47.826+0000] {logging_mixin.py:188} INFO - [2024-04-12T09:09:47.825+0000] {dag.py:3834} INFO - Setting next_dagrun for example_subdag_operator to 2022-01-01 00:00:00+00:00, run_after=2022-01-01 00:00:00+00:00
[2024-04-12T09:09:47.837+0000] {logging_mixin.py:188} INFO - [2024-04-12T09:09:47.836+0000] {dag.py:3834} INFO - Setting next_dagrun for example_subdag_operator.section-1 to None, run_after=None
[2024-04-12T09:09:47.844+0000] {logging_mixin.py:188} INFO - [2024-04-12T09:09:47.843+0000] {dag.py:3834} INFO - Setting next_dagrun for example_subdag_operator.section-2 to None, run_after=None
[2024-04-12T09:09:47.866+0000] {logging_mixin.py:188} INFO - [2024-04-12T09:09:47.865+0000] {dag.py:3047} INFO - Sync 2 DAGs
[2024-04-12T09:09:47.887+0000] {logging_mixin.py:188} INFO - [2024-04-12T09:09:47.886+0000] {dag.py:3834} INFO - Setting next_dagrun for example_subdag_operator.section-1 to None, run_after=None
[2024-04-12T09:09:47.890+0000] {logging_mixin.py:188} INFO - [2024-04-12T09:09:47.889+0000] {dag.py:3834} INFO - Setting next_dagrun for example_subdag_operator.section-2 to None, run_after=None
[2024-04-12T09:09:47.930+0000] {processor.py:183} INFO - Processing /home/airflow/.local/lib/python3.8/site-packages/airflow/example_dags/example_subdag_operator.py took 0.239 seconds
[2024-04-12T09:10:20.824+0000] {processor.py:161} INFO - Started process (PID=997) to work on /home/airflow/.local/lib/python3.8/site-packages/airflow/example_dags/example_subdag_operator.py
[2024-04-12T09:10:20.833+0000] {processor.py:830} INFO - Processing file /home/airflow/.local/lib/python3.8/site-packages/airflow/example_dags/example_subdag_operator.py for tasks to queue
[2024-04-12T09:10:20.837+0000] {logging_mixin.py:188} INFO - [2024-04-12T09:10:20.836+0000] {dagbag.py:540} INFO - Filling up the DagBag from /home/airflow/.local/lib/python3.8/site-packages/airflow/example_dags/example_subdag_operator.py
[2024-04-12T09:10:20.976+0000] {processor.py:840} INFO - DAG(s) 'example_subdag_operator.section-1', 'example_subdag_operator.section-2', 'example_subdag_operator' retrieved from /home/airflow/.local/lib/python3.8/site-packages/airflow/example_dags/example_subdag_operator.py
[2024-04-12T09:10:21.075+0000] {logging_mixin.py:188} INFO - [2024-04-12T09:10:21.072+0000] {dag.py:3047} INFO - Sync 3 DAGs
[2024-04-12T09:10:21.218+0000] {logging_mixin.py:188} INFO - [2024-04-12T09:10:21.212+0000] {dag.py:3834} INFO - Setting next_dagrun for example_subdag_operator to 2022-01-01 00:00:00+00:00, run_after=2022-01-01 00:00:00+00:00
[2024-04-12T09:10:21.238+0000] {logging_mixin.py:188} INFO - [2024-04-12T09:10:21.237+0000] {dag.py:3834} INFO - Setting next_dagrun for example_subdag_operator.section-1 to None, run_after=None
[2024-04-12T09:10:21.245+0000] {logging_mixin.py:188} INFO - [2024-04-12T09:10:21.244+0000] {dag.py:3834} INFO - Setting next_dagrun for example_subdag_operator.section-2 to None, run_after=None
[2024-04-12T09:10:21.288+0000] {logging_mixin.py:188} INFO - [2024-04-12T09:10:21.287+0000] {dag.py:3047} INFO - Sync 2 DAGs
[2024-04-12T09:10:21.337+0000] {logging_mixin.py:188} INFO - [2024-04-12T09:10:21.336+0000] {dag.py:3834} INFO - Setting next_dagrun for example_subdag_operator.section-1 to None, run_after=None
[2024-04-12T09:10:21.340+0000] {logging_mixin.py:188} INFO - [2024-04-12T09:10:21.339+0000] {dag.py:3834} INFO - Setting next_dagrun for example_subdag_operator.section-2 to None, run_after=None
[2024-04-12T09:10:21.711+0000] {processor.py:183} INFO - Processing /home/airflow/.local/lib/python3.8/site-packages/airflow/example_dags/example_subdag_operator.py took 0.902 seconds
[2024-04-12T09:10:51.976+0000] {processor.py:161} INFO - Started process (PID=1055) to work on /home/airflow/.local/lib/python3.8/site-packages/airflow/example_dags/example_subdag_operator.py
[2024-04-12T09:10:51.978+0000] {processor.py:830} INFO - Processing file /home/airflow/.local/lib/python3.8/site-packages/airflow/example_dags/example_subdag_operator.py for tasks to queue
[2024-04-12T09:10:51.979+0000] {logging_mixin.py:188} INFO - [2024-04-12T09:10:51.979+0000] {dagbag.py:540} INFO - Filling up the DagBag from /home/airflow/.local/lib/python3.8/site-packages/airflow/example_dags/example_subdag_operator.py
[2024-04-12T09:10:52.010+0000] {processor.py:840} INFO - DAG(s) 'example_subdag_operator.section-1', 'example_subdag_operator.section-2', 'example_subdag_operator' retrieved from /home/airflow/.local/lib/python3.8/site-packages/airflow/example_dags/example_subdag_operator.py
[2024-04-12T09:10:52.031+0000] {logging_mixin.py:188} INFO - [2024-04-12T09:10:52.031+0000] {dag.py:3047} INFO - Sync 3 DAGs
[2024-04-12T09:10:52.065+0000] {logging_mixin.py:188} INFO - [2024-04-12T09:10:52.065+0000] {dag.py:3834} INFO - Setting next_dagrun for example_subdag_operator to 2022-01-01 00:00:00+00:00, run_after=2022-01-01 00:00:00+00:00
[2024-04-12T09:10:52.073+0000] {logging_mixin.py:188} INFO - [2024-04-12T09:10:52.072+0000] {dag.py:3834} INFO - Setting next_dagrun for example_subdag_operator.section-1 to None, run_after=None
[2024-04-12T09:10:52.076+0000] {logging_mixin.py:188} INFO - [2024-04-12T09:10:52.076+0000] {dag.py:3834} INFO - Setting next_dagrun for example_subdag_operator.section-2 to None, run_after=None
[2024-04-12T09:10:52.102+0000] {logging_mixin.py:188} INFO - [2024-04-12T09:10:52.100+0000] {dag.py:3047} INFO - Sync 2 DAGs
[2024-04-12T09:10:52.112+0000] {logging_mixin.py:188} INFO - [2024-04-12T09:10:52.112+0000] {dag.py:3834} INFO - Setting next_dagrun for example_subdag_operator.section-1 to None, run_after=None
[2024-04-12T09:10:52.114+0000] {logging_mixin.py:188} INFO - [2024-04-12T09:10:52.113+0000] {dag.py:3834} INFO - Setting next_dagrun for example_subdag_operator.section-2 to None, run_after=None
[2024-04-12T09:10:52.148+0000] {processor.py:183} INFO - Processing /home/airflow/.local/lib/python3.8/site-packages/airflow/example_dags/example_subdag_operator.py took 0.174 seconds
[2024-04-12T09:11:23.190+0000] {processor.py:161} INFO - Started process (PID=1110) to work on /home/airflow/.local/lib/python3.8/site-packages/airflow/example_dags/example_subdag_operator.py
[2024-04-12T09:11:23.191+0000] {processor.py:830} INFO - Processing file /home/airflow/.local/lib/python3.8/site-packages/airflow/example_dags/example_subdag_operator.py for tasks to queue
[2024-04-12T09:11:23.193+0000] {logging_mixin.py:188} INFO - [2024-04-12T09:11:23.192+0000] {dagbag.py:540} INFO - Filling up the DagBag from /home/airflow/.local/lib/python3.8/site-packages/airflow/example_dags/example_subdag_operator.py
[2024-04-12T09:11:23.224+0000] {processor.py:840} INFO - DAG(s) 'example_subdag_operator.section-1', 'example_subdag_operator.section-2', 'example_subdag_operator' retrieved from /home/airflow/.local/lib/python3.8/site-packages/airflow/example_dags/example_subdag_operator.py
[2024-04-12T09:11:23.245+0000] {logging_mixin.py:188} INFO - [2024-04-12T09:11:23.245+0000] {dag.py:3047} INFO - Sync 3 DAGs
[2024-04-12T09:11:23.275+0000] {logging_mixin.py:188} INFO - [2024-04-12T09:11:23.275+0000] {dag.py:3834} INFO - Setting next_dagrun for example_subdag_operator to 2022-01-01 00:00:00+00:00, run_after=2022-01-01 00:00:00+00:00
[2024-04-12T09:11:23.284+0000] {logging_mixin.py:188} INFO - [2024-04-12T09:11:23.283+0000] {dag.py:3834} INFO - Setting next_dagrun for example_subdag_operator.section-1 to None, run_after=None
[2024-04-12T09:11:23.287+0000] {logging_mixin.py:188} INFO - [2024-04-12T09:11:23.286+0000] {dag.py:3834} INFO - Setting next_dagrun for example_subdag_operator.section-2 to None, run_after=None
[2024-04-12T09:11:23.296+0000] {logging_mixin.py:188} INFO - [2024-04-12T09:11:23.296+0000] {dag.py:3047} INFO - Sync 2 DAGs
[2024-04-12T09:11:23.310+0000] {logging_mixin.py:188} INFO - [2024-04-12T09:11:23.309+0000] {dag.py:3834} INFO - Setting next_dagrun for example_subdag_operator.section-1 to None, run_after=None
[2024-04-12T09:11:23.311+0000] {logging_mixin.py:188} INFO - [2024-04-12T09:11:23.310+0000] {dag.py:3834} INFO - Setting next_dagrun for example_subdag_operator.section-2 to None, run_after=None
[2024-04-12T09:11:23.335+0000] {processor.py:183} INFO - Processing /home/airflow/.local/lib/python3.8/site-packages/airflow/example_dags/example_subdag_operator.py took 0.147 seconds
[2024-04-12T09:11:53.579+0000] {processor.py:161} INFO - Started process (PID=1167) to work on /home/airflow/.local/lib/python3.8/site-packages/airflow/example_dags/example_subdag_operator.py
[2024-04-12T09:11:53.582+0000] {processor.py:830} INFO - Processing file /home/airflow/.local/lib/python3.8/site-packages/airflow/example_dags/example_subdag_operator.py for tasks to queue
[2024-04-12T09:11:53.585+0000] {logging_mixin.py:188} INFO - [2024-04-12T09:11:53.584+0000] {dagbag.py:540} INFO - Filling up the DagBag from /home/airflow/.local/lib/python3.8/site-packages/airflow/example_dags/example_subdag_operator.py
[2024-04-12T09:11:53.627+0000] {processor.py:840} INFO - DAG(s) 'example_subdag_operator.section-1', 'example_subdag_operator.section-2', 'example_subdag_operator' retrieved from /home/airflow/.local/lib/python3.8/site-packages/airflow/example_dags/example_subdag_operator.py
[2024-04-12T09:11:53.669+0000] {logging_mixin.py:188} INFO - [2024-04-12T09:11:53.668+0000] {dag.py:3047} INFO - Sync 3 DAGs
[2024-04-12T09:11:53.724+0000] {logging_mixin.py:188} INFO - [2024-04-12T09:11:53.723+0000] {dag.py:3834} INFO - Setting next_dagrun for example_subdag_operator to 2022-01-01 00:00:00+00:00, run_after=2022-01-01 00:00:00+00:00
[2024-04-12T09:11:53.743+0000] {logging_mixin.py:188} INFO - [2024-04-12T09:11:53.742+0000] {dag.py:3834} INFO - Setting next_dagrun for example_subdag_operator.section-1 to None, run_after=None
[2024-04-12T09:11:53.749+0000] {logging_mixin.py:188} INFO - [2024-04-12T09:11:53.748+0000] {dag.py:3834} INFO - Setting next_dagrun for example_subdag_operator.section-2 to None, run_after=None
[2024-04-12T09:11:53.760+0000] {logging_mixin.py:188} INFO - [2024-04-12T09:11:53.760+0000] {dag.py:3047} INFO - Sync 2 DAGs
[2024-04-12T09:11:53.774+0000] {logging_mixin.py:188} INFO - [2024-04-12T09:11:53.773+0000] {dag.py:3834} INFO - Setting next_dagrun for example_subdag_operator.section-1 to None, run_after=None
[2024-04-12T09:11:53.776+0000] {logging_mixin.py:188} INFO - [2024-04-12T09:11:53.775+0000] {dag.py:3834} INFO - Setting next_dagrun for example_subdag_operator.section-2 to None, run_after=None
[2024-04-12T09:11:53.820+0000] {processor.py:183} INFO - Processing /home/airflow/.local/lib/python3.8/site-packages/airflow/example_dags/example_subdag_operator.py took 0.247 seconds
[2024-04-12T09:12:24.071+0000] {processor.py:161} INFO - Started process (PID=1225) to work on /home/airflow/.local/lib/python3.8/site-packages/airflow/example_dags/example_subdag_operator.py
[2024-04-12T09:12:24.073+0000] {processor.py:830} INFO - Processing file /home/airflow/.local/lib/python3.8/site-packages/airflow/example_dags/example_subdag_operator.py for tasks to queue
[2024-04-12T09:12:24.074+0000] {logging_mixin.py:188} INFO - [2024-04-12T09:12:24.073+0000] {dagbag.py:540} INFO - Filling up the DagBag from /home/airflow/.local/lib/python3.8/site-packages/airflow/example_dags/example_subdag_operator.py
[2024-04-12T09:12:24.099+0000] {processor.py:840} INFO - DAG(s) 'example_subdag_operator.section-1', 'example_subdag_operator.section-2', 'example_subdag_operator' retrieved from /home/airflow/.local/lib/python3.8/site-packages/airflow/example_dags/example_subdag_operator.py
[2024-04-12T09:12:24.115+0000] {logging_mixin.py:188} INFO - [2024-04-12T09:12:24.115+0000] {dag.py:3047} INFO - Sync 3 DAGs
[2024-04-12T09:12:24.138+0000] {logging_mixin.py:188} INFO - [2024-04-12T09:12:24.137+0000] {dag.py:3834} INFO - Setting next_dagrun for example_subdag_operator to 2022-01-01 00:00:00+00:00, run_after=2022-01-01 00:00:00+00:00
[2024-04-12T09:12:24.142+0000] {logging_mixin.py:188} INFO - [2024-04-12T09:12:24.142+0000] {dag.py:3834} INFO - Setting next_dagrun for example_subdag_operator.section-1 to None, run_after=None
[2024-04-12T09:12:24.144+0000] {logging_mixin.py:188} INFO - [2024-04-12T09:12:24.144+0000] {dag.py:3834} INFO - Setting next_dagrun for example_subdag_operator.section-2 to None, run_after=None
[2024-04-12T09:12:24.152+0000] {logging_mixin.py:188} INFO - [2024-04-12T09:12:24.152+0000] {dag.py:3047} INFO - Sync 2 DAGs
[2024-04-12T09:12:24.159+0000] {logging_mixin.py:188} INFO - [2024-04-12T09:12:24.158+0000] {dag.py:3834} INFO - Setting next_dagrun for example_subdag_operator.section-1 to None, run_after=None
[2024-04-12T09:12:24.160+0000] {logging_mixin.py:188} INFO - [2024-04-12T09:12:24.159+0000] {dag.py:3834} INFO - Setting next_dagrun for example_subdag_operator.section-2 to None, run_after=None
[2024-04-12T09:12:24.177+0000] {processor.py:183} INFO - Processing /home/airflow/.local/lib/python3.8/site-packages/airflow/example_dags/example_subdag_operator.py took 0.108 seconds
[2024-04-12T09:12:55.550+0000] {processor.py:161} INFO - Started process (PID=1281) to work on /home/airflow/.local/lib/python3.8/site-packages/airflow/example_dags/example_subdag_operator.py
[2024-04-12T09:12:55.553+0000] {processor.py:830} INFO - Processing file /home/airflow/.local/lib/python3.8/site-packages/airflow/example_dags/example_subdag_operator.py for tasks to queue
[2024-04-12T09:12:55.597+0000] {logging_mixin.py:188} INFO - [2024-04-12T09:12:55.596+0000] {dagbag.py:540} INFO - Filling up the DagBag from /home/airflow/.local/lib/python3.8/site-packages/airflow/example_dags/example_subdag_operator.py
[2024-04-12T09:12:55.715+0000] {processor.py:840} INFO - DAG(s) 'example_subdag_operator.section-1', 'example_subdag_operator.section-2', 'example_subdag_operator' retrieved from /home/airflow/.local/lib/python3.8/site-packages/airflow/example_dags/example_subdag_operator.py
[2024-04-12T09:12:55.800+0000] {logging_mixin.py:188} INFO - [2024-04-12T09:12:55.799+0000] {dag.py:3047} INFO - Sync 3 DAGs
[2024-04-12T09:12:55.881+0000] {logging_mixin.py:188} INFO - [2024-04-12T09:12:55.880+0000] {dag.py:3834} INFO - Setting next_dagrun for example_subdag_operator to 2022-01-01 00:00:00+00:00, run_after=2022-01-01 00:00:00+00:00
[2024-04-12T09:12:55.898+0000] {logging_mixin.py:188} INFO - [2024-04-12T09:12:55.898+0000] {dag.py:3834} INFO - Setting next_dagrun for example_subdag_operator.section-1 to None, run_after=None
[2024-04-12T09:12:55.905+0000] {logging_mixin.py:188} INFO - [2024-04-12T09:12:55.904+0000] {dag.py:3834} INFO - Setting next_dagrun for example_subdag_operator.section-2 to None, run_after=None
[2024-04-12T09:12:55.939+0000] {logging_mixin.py:188} INFO - [2024-04-12T09:12:55.938+0000] {dag.py:3047} INFO - Sync 2 DAGs
[2024-04-12T09:12:55.964+0000] {logging_mixin.py:188} INFO - [2024-04-12T09:12:55.964+0000] {dag.py:3834} INFO - Setting next_dagrun for example_subdag_operator.section-1 to None, run_after=None
[2024-04-12T09:12:55.967+0000] {logging_mixin.py:188} INFO - [2024-04-12T09:12:55.966+0000] {dag.py:3834} INFO - Setting next_dagrun for example_subdag_operator.section-2 to None, run_after=None
[2024-04-12T09:12:56.032+0000] {processor.py:183} INFO - Processing /home/airflow/.local/lib/python3.8/site-packages/airflow/example_dags/example_subdag_operator.py took 0.487 seconds
[2024-04-12T09:13:26.579+0000] {processor.py:161} INFO - Started process (PID=1339) to work on /home/airflow/.local/lib/python3.8/site-packages/airflow/example_dags/example_subdag_operator.py
[2024-04-12T09:13:26.581+0000] {processor.py:830} INFO - Processing file /home/airflow/.local/lib/python3.8/site-packages/airflow/example_dags/example_subdag_operator.py for tasks to queue
[2024-04-12T09:13:26.582+0000] {logging_mixin.py:188} INFO - [2024-04-12T09:13:26.582+0000] {dagbag.py:540} INFO - Filling up the DagBag from /home/airflow/.local/lib/python3.8/site-packages/airflow/example_dags/example_subdag_operator.py
[2024-04-12T09:13:26.606+0000] {processor.py:840} INFO - DAG(s) 'example_subdag_operator.section-1', 'example_subdag_operator.section-2', 'example_subdag_operator' retrieved from /home/airflow/.local/lib/python3.8/site-packages/airflow/example_dags/example_subdag_operator.py
[2024-04-12T09:13:26.624+0000] {logging_mixin.py:188} INFO - [2024-04-12T09:13:26.624+0000] {dag.py:3047} INFO - Sync 3 DAGs
[2024-04-12T09:13:26.646+0000] {logging_mixin.py:188} INFO - [2024-04-12T09:13:26.646+0000] {dag.py:3834} INFO - Setting next_dagrun for example_subdag_operator to 2022-01-01 00:00:00+00:00, run_after=2022-01-01 00:00:00+00:00
[2024-04-12T09:13:26.650+0000] {logging_mixin.py:188} INFO - [2024-04-12T09:13:26.650+0000] {dag.py:3834} INFO - Setting next_dagrun for example_subdag_operator.section-1 to None, run_after=None
[2024-04-12T09:13:26.652+0000] {logging_mixin.py:188} INFO - [2024-04-12T09:13:26.652+0000] {dag.py:3834} INFO - Setting next_dagrun for example_subdag_operator.section-2 to None, run_after=None
[2024-04-12T09:13:26.662+0000] {logging_mixin.py:188} INFO - [2024-04-12T09:13:26.662+0000] {dag.py:3047} INFO - Sync 2 DAGs
[2024-04-12T09:13:26.669+0000] {logging_mixin.py:188} INFO - [2024-04-12T09:13:26.669+0000] {dag.py:3834} INFO - Setting next_dagrun for example_subdag_operator.section-1 to None, run_after=None
[2024-04-12T09:13:26.670+0000] {logging_mixin.py:188} INFO - [2024-04-12T09:13:26.670+0000] {dag.py:3834} INFO - Setting next_dagrun for example_subdag_operator.section-2 to None, run_after=None
[2024-04-12T09:13:26.694+0000] {processor.py:183} INFO - Processing /home/airflow/.local/lib/python3.8/site-packages/airflow/example_dags/example_subdag_operator.py took 0.117 seconds
[2024-04-12T09:13:57.378+0000] {processor.py:161} INFO - Started process (PID=1398) to work on /home/airflow/.local/lib/python3.8/site-packages/airflow/example_dags/example_subdag_operator.py
[2024-04-12T09:13:57.379+0000] {processor.py:830} INFO - Processing file /home/airflow/.local/lib/python3.8/site-packages/airflow/example_dags/example_subdag_operator.py for tasks to queue
[2024-04-12T09:13:57.380+0000] {logging_mixin.py:188} INFO - [2024-04-12T09:13:57.380+0000] {dagbag.py:540} INFO - Filling up the DagBag from /home/airflow/.local/lib/python3.8/site-packages/airflow/example_dags/example_subdag_operator.py
[2024-04-12T09:13:57.408+0000] {processor.py:840} INFO - DAG(s) 'example_subdag_operator.section-1', 'example_subdag_operator.section-2', 'example_subdag_operator' retrieved from /home/airflow/.local/lib/python3.8/site-packages/airflow/example_dags/example_subdag_operator.py
[2024-04-12T09:13:57.425+0000] {logging_mixin.py:188} INFO - [2024-04-12T09:13:57.424+0000] {dag.py:3047} INFO - Sync 3 DAGs
[2024-04-12T09:13:57.449+0000] {logging_mixin.py:188} INFO - [2024-04-12T09:13:57.449+0000] {dag.py:3834} INFO - Setting next_dagrun for example_subdag_operator to 2022-01-01 00:00:00+00:00, run_after=2022-01-01 00:00:00+00:00
[2024-04-12T09:13:57.454+0000] {logging_mixin.py:188} INFO - [2024-04-12T09:13:57.454+0000] {dag.py:3834} INFO - Setting next_dagrun for example_subdag_operator.section-1 to None, run_after=None
[2024-04-12T09:13:57.457+0000] {logging_mixin.py:188} INFO - [2024-04-12T09:13:57.457+0000] {dag.py:3834} INFO - Setting next_dagrun for example_subdag_operator.section-2 to None, run_after=None
[2024-04-12T09:13:57.468+0000] {logging_mixin.py:188} INFO - [2024-04-12T09:13:57.468+0000] {dag.py:3047} INFO - Sync 2 DAGs
[2024-04-12T09:13:57.476+0000] {logging_mixin.py:188} INFO - [2024-04-12T09:13:57.475+0000] {dag.py:3834} INFO - Setting next_dagrun for example_subdag_operator.section-1 to None, run_after=None
[2024-04-12T09:13:57.476+0000] {logging_mixin.py:188} INFO - [2024-04-12T09:13:57.476+0000] {dag.py:3834} INFO - Setting next_dagrun for example_subdag_operator.section-2 to None, run_after=None
[2024-04-12T09:13:57.494+0000] {processor.py:183} INFO - Processing /home/airflow/.local/lib/python3.8/site-packages/airflow/example_dags/example_subdag_operator.py took 0.118 seconds
[2024-04-12T09:14:27.853+0000] {processor.py:161} INFO - Started process (PID=1456) to work on /home/airflow/.local/lib/python3.8/site-packages/airflow/example_dags/example_subdag_operator.py
[2024-04-12T09:14:27.854+0000] {processor.py:830} INFO - Processing file /home/airflow/.local/lib/python3.8/site-packages/airflow/example_dags/example_subdag_operator.py for tasks to queue
[2024-04-12T09:14:27.855+0000] {logging_mixin.py:188} INFO - [2024-04-12T09:14:27.855+0000] {dagbag.py:540} INFO - Filling up the DagBag from /home/airflow/.local/lib/python3.8/site-packages/airflow/example_dags/example_subdag_operator.py
[2024-04-12T09:14:27.887+0000] {processor.py:840} INFO - DAG(s) 'example_subdag_operator.section-1', 'example_subdag_operator.section-2', 'example_subdag_operator' retrieved from /home/airflow/.local/lib/python3.8/site-packages/airflow/example_dags/example_subdag_operator.py
[2024-04-12T09:14:27.905+0000] {logging_mixin.py:188} INFO - [2024-04-12T09:14:27.905+0000] {dag.py:3047} INFO - Sync 3 DAGs
[2024-04-12T09:14:27.931+0000] {logging_mixin.py:188} INFO - [2024-04-12T09:14:27.931+0000] {dag.py:3834} INFO - Setting next_dagrun for example_subdag_operator to 2022-01-01 00:00:00+00:00, run_after=2022-01-01 00:00:00+00:00
[2024-04-12T09:14:27.937+0000] {logging_mixin.py:188} INFO - [2024-04-12T09:14:27.936+0000] {dag.py:3834} INFO - Setting next_dagrun for example_subdag_operator.section-1 to None, run_after=None
[2024-04-12T09:14:27.939+0000] {logging_mixin.py:188} INFO - [2024-04-12T09:14:27.938+0000] {dag.py:3834} INFO - Setting next_dagrun for example_subdag_operator.section-2 to None, run_after=None
[2024-04-12T09:14:27.949+0000] {logging_mixin.py:188} INFO - [2024-04-12T09:14:27.948+0000] {dag.py:3047} INFO - Sync 2 DAGs
[2024-04-12T09:14:27.957+0000] {logging_mixin.py:188} INFO - [2024-04-12T09:14:27.957+0000] {dag.py:3834} INFO - Setting next_dagrun for example_subdag_operator.section-1 to None, run_after=None
[2024-04-12T09:14:27.958+0000] {logging_mixin.py:188} INFO - [2024-04-12T09:14:27.958+0000] {dag.py:3834} INFO - Setting next_dagrun for example_subdag_operator.section-2 to None, run_after=None
[2024-04-12T09:14:28.016+0000] {processor.py:183} INFO - Processing /home/airflow/.local/lib/python3.8/site-packages/airflow/example_dags/example_subdag_operator.py took 0.167 seconds
[2024-04-12T09:14:58.126+0000] {processor.py:161} INFO - Started process (PID=1514) to work on /home/airflow/.local/lib/python3.8/site-packages/airflow/example_dags/example_subdag_operator.py
[2024-04-12T09:14:58.127+0000] {processor.py:830} INFO - Processing file /home/airflow/.local/lib/python3.8/site-packages/airflow/example_dags/example_subdag_operator.py for tasks to queue
[2024-04-12T09:14:58.129+0000] {logging_mixin.py:188} INFO - [2024-04-12T09:14:58.129+0000] {dagbag.py:540} INFO - Filling up the DagBag from /home/airflow/.local/lib/python3.8/site-packages/airflow/example_dags/example_subdag_operator.py
[2024-04-12T09:14:58.158+0000] {processor.py:840} INFO - DAG(s) 'example_subdag_operator.section-1', 'example_subdag_operator.section-2', 'example_subdag_operator' retrieved from /home/airflow/.local/lib/python3.8/site-packages/airflow/example_dags/example_subdag_operator.py
[2024-04-12T09:14:58.178+0000] {logging_mixin.py:188} INFO - [2024-04-12T09:14:58.178+0000] {dag.py:3047} INFO - Sync 3 DAGs
[2024-04-12T09:14:58.204+0000] {logging_mixin.py:188} INFO - [2024-04-12T09:14:58.203+0000] {dag.py:3834} INFO - Setting next_dagrun for example_subdag_operator to 2022-01-01 00:00:00+00:00, run_after=2022-01-01 00:00:00+00:00
[2024-04-12T09:14:58.209+0000] {logging_mixin.py:188} INFO - [2024-04-12T09:14:58.209+0000] {dag.py:3834} INFO - Setting next_dagrun for example_subdag_operator.section-1 to None, run_after=None
[2024-04-12T09:14:58.214+0000] {logging_mixin.py:188} INFO - [2024-04-12T09:14:58.213+0000] {dag.py:3834} INFO - Setting next_dagrun for example_subdag_operator.section-2 to None, run_after=None
[2024-04-12T09:14:58.223+0000] {logging_mixin.py:188} INFO - [2024-04-12T09:14:58.222+0000] {dag.py:3047} INFO - Sync 2 DAGs
[2024-04-12T09:14:58.231+0000] {logging_mixin.py:188} INFO - [2024-04-12T09:14:58.231+0000] {dag.py:3834} INFO - Setting next_dagrun for example_subdag_operator.section-1 to None, run_after=None
[2024-04-12T09:14:58.232+0000] {logging_mixin.py:188} INFO - [2024-04-12T09:14:58.232+0000] {dag.py:3834} INFO - Setting next_dagrun for example_subdag_operator.section-2 to None, run_after=None
[2024-04-12T09:14:58.250+0000] {processor.py:183} INFO - Processing /home/airflow/.local/lib/python3.8/site-packages/airflow/example_dags/example_subdag_operator.py took 0.128 seconds
[2024-04-12T09:15:28.437+0000] {processor.py:161} INFO - Started process (PID=1572) to work on /home/airflow/.local/lib/python3.8/site-packages/airflow/example_dags/example_subdag_operator.py
[2024-04-12T09:15:28.439+0000] {processor.py:830} INFO - Processing file /home/airflow/.local/lib/python3.8/site-packages/airflow/example_dags/example_subdag_operator.py for tasks to queue
[2024-04-12T09:15:28.441+0000] {logging_mixin.py:188} INFO - [2024-04-12T09:15:28.440+0000] {dagbag.py:540} INFO - Filling up the DagBag from /home/airflow/.local/lib/python3.8/site-packages/airflow/example_dags/example_subdag_operator.py
[2024-04-12T09:15:28.517+0000] {processor.py:840} INFO - DAG(s) 'example_subdag_operator.section-1', 'example_subdag_operator.section-2', 'example_subdag_operator' retrieved from /home/airflow/.local/lib/python3.8/site-packages/airflow/example_dags/example_subdag_operator.py
[2024-04-12T09:15:28.555+0000] {logging_mixin.py:188} INFO - [2024-04-12T09:15:28.555+0000] {dag.py:3047} INFO - Sync 3 DAGs
[2024-04-12T09:15:28.597+0000] {logging_mixin.py:188} INFO - [2024-04-12T09:15:28.596+0000] {dag.py:3834} INFO - Setting next_dagrun for example_subdag_operator to 2022-01-01 00:00:00+00:00, run_after=2022-01-01 00:00:00+00:00
[2024-04-12T09:15:28.605+0000] {logging_mixin.py:188} INFO - [2024-04-12T09:15:28.604+0000] {dag.py:3834} INFO - Setting next_dagrun for example_subdag_operator.section-1 to None, run_after=None
[2024-04-12T09:15:28.611+0000] {logging_mixin.py:188} INFO - [2024-04-12T09:15:28.610+0000] {dag.py:3834} INFO - Setting next_dagrun for example_subdag_operator.section-2 to None, run_after=None
[2024-04-12T09:15:28.632+0000] {logging_mixin.py:188} INFO - [2024-04-12T09:15:28.632+0000] {dag.py:3047} INFO - Sync 2 DAGs
[2024-04-12T09:15:28.653+0000] {logging_mixin.py:188} INFO - [2024-04-12T09:15:28.653+0000] {dag.py:3834} INFO - Setting next_dagrun for example_subdag_operator.section-1 to None, run_after=None
[2024-04-12T09:15:28.655+0000] {logging_mixin.py:188} INFO - [2024-04-12T09:15:28.655+0000] {dag.py:3834} INFO - Setting next_dagrun for example_subdag_operator.section-2 to None, run_after=None
[2024-04-12T09:15:28.710+0000] {processor.py:183} INFO - Processing /home/airflow/.local/lib/python3.8/site-packages/airflow/example_dags/example_subdag_operator.py took 0.282 seconds
[2024-04-12T09:15:59.623+0000] {processor.py:161} INFO - Started process (PID=1630) to work on /home/airflow/.local/lib/python3.8/site-packages/airflow/example_dags/example_subdag_operator.py
[2024-04-12T09:15:59.624+0000] {processor.py:830} INFO - Processing file /home/airflow/.local/lib/python3.8/site-packages/airflow/example_dags/example_subdag_operator.py for tasks to queue
[2024-04-12T09:15:59.625+0000] {logging_mixin.py:188} INFO - [2024-04-12T09:15:59.625+0000] {dagbag.py:540} INFO - Filling up the DagBag from /home/airflow/.local/lib/python3.8/site-packages/airflow/example_dags/example_subdag_operator.py
[2024-04-12T09:15:59.654+0000] {processor.py:840} INFO - DAG(s) 'example_subdag_operator.section-1', 'example_subdag_operator.section-2', 'example_subdag_operator' retrieved from /home/airflow/.local/lib/python3.8/site-packages/airflow/example_dags/example_subdag_operator.py
[2024-04-12T09:15:59.672+0000] {logging_mixin.py:188} INFO - [2024-04-12T09:15:59.672+0000] {dag.py:3047} INFO - Sync 3 DAGs
[2024-04-12T09:15:59.699+0000] {logging_mixin.py:188} INFO - [2024-04-12T09:15:59.699+0000] {dag.py:3834} INFO - Setting next_dagrun for example_subdag_operator to 2022-01-01 00:00:00+00:00, run_after=2022-01-01 00:00:00+00:00
[2024-04-12T09:15:59.704+0000] {logging_mixin.py:188} INFO - [2024-04-12T09:15:59.704+0000] {dag.py:3834} INFO - Setting next_dagrun for example_subdag_operator.section-1 to None, run_after=None
[2024-04-12T09:15:59.706+0000] {logging_mixin.py:188} INFO - [2024-04-12T09:15:59.706+0000] {dag.py:3834} INFO - Setting next_dagrun for example_subdag_operator.section-2 to None, run_after=None
[2024-04-12T09:15:59.718+0000] {logging_mixin.py:188} INFO - [2024-04-12T09:15:59.717+0000] {dag.py:3047} INFO - Sync 2 DAGs
[2024-04-12T09:15:59.729+0000] {logging_mixin.py:188} INFO - [2024-04-12T09:15:59.729+0000] {dag.py:3834} INFO - Setting next_dagrun for example_subdag_operator.section-1 to None, run_after=None
[2024-04-12T09:15:59.730+0000] {logging_mixin.py:188} INFO - [2024-04-12T09:15:59.730+0000] {dag.py:3834} INFO - Setting next_dagrun for example_subdag_operator.section-2 to None, run_after=None
[2024-04-12T09:15:59.752+0000] {processor.py:183} INFO - Processing /home/airflow/.local/lib/python3.8/site-packages/airflow/example_dags/example_subdag_operator.py took 0.132 seconds
