[2024-04-12T09:01:29.722+0000] {processor.py:161} INFO - Started process (PID=66) to work on /home/airflow/.local/lib/python3.8/site-packages/airflow/example_dags/example_xcom.py
[2024-04-12T09:01:29.728+0000] {processor.py:830} INFO - Processing file /home/airflow/.local/lib/python3.8/site-packages/airflow/example_dags/example_xcom.py for tasks to queue
[2024-04-12T09:01:29.736+0000] {logging_mixin.py:188} INFO - [2024-04-12T09:01:29.735+0000] {dagbag.py:540} INFO - Filling up the DagBag from /home/airflow/.local/lib/python3.8/site-packages/airflow/example_dags/example_xcom.py
[2024-04-12T09:01:29.772+0000] {processor.py:840} INFO - DAG(s) 'example_xcom' retrieved from /home/airflow/.local/lib/python3.8/site-packages/airflow/example_dags/example_xcom.py
[2024-04-12T09:01:30.320+0000] {logging_mixin.py:188} INFO - [2024-04-12T09:01:30.315+0000] {override.py:1769} INFO - Created Permission View: can read on DAG:example_xcom
[2024-04-12T09:01:30.338+0000] {logging_mixin.py:188} INFO - [2024-04-12T09:01:30.337+0000] {override.py:1769} INFO - Created Permission View: can edit on DAG:example_xcom
[2024-04-12T09:01:30.354+0000] {logging_mixin.py:188} INFO - [2024-04-12T09:01:30.353+0000] {override.py:1769} INFO - Created Permission View: can delete on DAG:example_xcom
[2024-04-12T09:01:30.355+0000] {logging_mixin.py:188} INFO - [2024-04-12T09:01:30.355+0000] {dag.py:3047} INFO - Sync 1 DAGs
[2024-04-12T09:01:30.384+0000] {logging_mixin.py:188} INFO - [2024-04-12T09:01:30.383+0000] {dag.py:3069} INFO - Creating ORM DAG for example_xcom
[2024-04-12T09:01:30.409+0000] {logging_mixin.py:188} INFO - [2024-04-12T09:01:30.408+0000] {dag.py:3834} INFO - Setting next_dagrun for example_xcom to 2021-01-01 00:00:00+00:00, run_after=2021-01-01 00:00:00+00:00
[2024-04-12T09:01:30.464+0000] {processor.py:183} INFO - Processing /home/airflow/.local/lib/python3.8/site-packages/airflow/example_dags/example_xcom.py took 0.753 seconds
[2024-04-12T09:02:00.819+0000] {processor.py:161} INFO - Started process (PID=124) to work on /home/airflow/.local/lib/python3.8/site-packages/airflow/example_dags/example_xcom.py
[2024-04-12T09:02:00.821+0000] {processor.py:830} INFO - Processing file /home/airflow/.local/lib/python3.8/site-packages/airflow/example_dags/example_xcom.py for tasks to queue
[2024-04-12T09:02:00.823+0000] {logging_mixin.py:188} INFO - [2024-04-12T09:02:00.823+0000] {dagbag.py:540} INFO - Filling up the DagBag from /home/airflow/.local/lib/python3.8/site-packages/airflow/example_dags/example_xcom.py
[2024-04-12T09:02:00.832+0000] {processor.py:840} INFO - DAG(s) 'example_xcom' retrieved from /home/airflow/.local/lib/python3.8/site-packages/airflow/example_dags/example_xcom.py
[2024-04-12T09:02:00.862+0000] {logging_mixin.py:188} INFO - [2024-04-12T09:02:00.861+0000] {dag.py:3047} INFO - Sync 1 DAGs
[2024-04-12T09:02:00.892+0000] {logging_mixin.py:188} INFO - [2024-04-12T09:02:00.891+0000] {dag.py:3834} INFO - Setting next_dagrun for example_xcom to 2021-01-01 00:00:00+00:00, run_after=2021-01-01 00:00:00+00:00
[2024-04-12T09:02:00.927+0000] {processor.py:183} INFO - Processing /home/airflow/.local/lib/python3.8/site-packages/airflow/example_dags/example_xcom.py took 0.112 seconds
[2024-04-12T09:02:44.150+0000] {processor.py:161} INFO - Started process (PID=186) to work on /home/airflow/.local/lib/python3.8/site-packages/airflow/example_dags/example_xcom.py
[2024-04-12T09:02:44.152+0000] {processor.py:830} INFO - Processing file /home/airflow/.local/lib/python3.8/site-packages/airflow/example_dags/example_xcom.py for tasks to queue
[2024-04-12T09:02:44.155+0000] {logging_mixin.py:188} INFO - [2024-04-12T09:02:44.155+0000] {dagbag.py:540} INFO - Filling up the DagBag from /home/airflow/.local/lib/python3.8/site-packages/airflow/example_dags/example_xcom.py
[2024-04-12T09:02:44.167+0000] {processor.py:840} INFO - DAG(s) 'example_xcom' retrieved from /home/airflow/.local/lib/python3.8/site-packages/airflow/example_dags/example_xcom.py
[2024-04-12T09:02:44.196+0000] {logging_mixin.py:188} INFO - [2024-04-12T09:02:44.195+0000] {dag.py:3047} INFO - Sync 1 DAGs
[2024-04-12T09:02:44.225+0000] {logging_mixin.py:188} INFO - [2024-04-12T09:02:44.224+0000] {dag.py:3834} INFO - Setting next_dagrun for example_xcom to 2021-01-01 00:00:00+00:00, run_after=2021-01-01 00:00:00+00:00
[2024-04-12T09:02:44.261+0000] {processor.py:183} INFO - Processing /home/airflow/.local/lib/python3.8/site-packages/airflow/example_dags/example_xcom.py took 0.114 seconds
[2024-04-12T09:03:14.432+0000] {processor.py:161} INFO - Started process (PID=246) to work on /home/airflow/.local/lib/python3.8/site-packages/airflow/example_dags/example_xcom.py
[2024-04-12T09:03:14.434+0000] {processor.py:830} INFO - Processing file /home/airflow/.local/lib/python3.8/site-packages/airflow/example_dags/example_xcom.py for tasks to queue
[2024-04-12T09:03:14.436+0000] {logging_mixin.py:188} INFO - [2024-04-12T09:03:14.436+0000] {dagbag.py:540} INFO - Filling up the DagBag from /home/airflow/.local/lib/python3.8/site-packages/airflow/example_dags/example_xcom.py
[2024-04-12T09:03:14.448+0000] {processor.py:840} INFO - DAG(s) 'example_xcom' retrieved from /home/airflow/.local/lib/python3.8/site-packages/airflow/example_dags/example_xcom.py
[2024-04-12T09:03:14.478+0000] {logging_mixin.py:188} INFO - [2024-04-12T09:03:14.477+0000] {dag.py:3047} INFO - Sync 1 DAGs
[2024-04-12T09:03:14.509+0000] {logging_mixin.py:188} INFO - [2024-04-12T09:03:14.509+0000] {dag.py:3834} INFO - Setting next_dagrun for example_xcom to 2021-01-01 00:00:00+00:00, run_after=2021-01-01 00:00:00+00:00
[2024-04-12T09:03:14.557+0000] {processor.py:183} INFO - Processing /home/airflow/.local/lib/python3.8/site-packages/airflow/example_dags/example_xcom.py took 0.128 seconds
[2024-04-12T09:03:44.730+0000] {processor.py:161} INFO - Started process (PID=304) to work on /home/airflow/.local/lib/python3.8/site-packages/airflow/example_dags/example_xcom.py
[2024-04-12T09:03:44.732+0000] {processor.py:830} INFO - Processing file /home/airflow/.local/lib/python3.8/site-packages/airflow/example_dags/example_xcom.py for tasks to queue
[2024-04-12T09:03:44.735+0000] {logging_mixin.py:188} INFO - [2024-04-12T09:03:44.734+0000] {dagbag.py:540} INFO - Filling up the DagBag from /home/airflow/.local/lib/python3.8/site-packages/airflow/example_dags/example_xcom.py
[2024-04-12T09:03:44.745+0000] {processor.py:840} INFO - DAG(s) 'example_xcom' retrieved from /home/airflow/.local/lib/python3.8/site-packages/airflow/example_dags/example_xcom.py
[2024-04-12T09:03:44.772+0000] {logging_mixin.py:188} INFO - [2024-04-12T09:03:44.771+0000] {dag.py:3047} INFO - Sync 1 DAGs
[2024-04-12T09:03:44.804+0000] {logging_mixin.py:188} INFO - [2024-04-12T09:03:44.804+0000] {dag.py:3834} INFO - Setting next_dagrun for example_xcom to 2021-01-01 00:00:00+00:00, run_after=2021-01-01 00:00:00+00:00
[2024-04-12T09:03:44.837+0000] {processor.py:183} INFO - Processing /home/airflow/.local/lib/python3.8/site-packages/airflow/example_dags/example_xcom.py took 0.112 seconds
[2024-04-12T09:04:15.785+0000] {processor.py:161} INFO - Started process (PID=362) to work on /home/airflow/.local/lib/python3.8/site-packages/airflow/example_dags/example_xcom.py
[2024-04-12T09:04:15.788+0000] {processor.py:830} INFO - Processing file /home/airflow/.local/lib/python3.8/site-packages/airflow/example_dags/example_xcom.py for tasks to queue
[2024-04-12T09:04:15.792+0000] {logging_mixin.py:188} INFO - [2024-04-12T09:04:15.791+0000] {dagbag.py:540} INFO - Filling up the DagBag from /home/airflow/.local/lib/python3.8/site-packages/airflow/example_dags/example_xcom.py
[2024-04-12T09:04:15.807+0000] {processor.py:840} INFO - DAG(s) 'example_xcom' retrieved from /home/airflow/.local/lib/python3.8/site-packages/airflow/example_dags/example_xcom.py
[2024-04-12T09:04:15.853+0000] {logging_mixin.py:188} INFO - [2024-04-12T09:04:15.853+0000] {dag.py:3047} INFO - Sync 1 DAGs
[2024-04-12T09:04:15.902+0000] {logging_mixin.py:188} INFO - [2024-04-12T09:04:15.901+0000] {dag.py:3834} INFO - Setting next_dagrun for example_xcom to 2021-01-01 00:00:00+00:00, run_after=2021-01-01 00:00:00+00:00
[2024-04-12T09:04:15.945+0000] {processor.py:183} INFO - Processing /home/airflow/.local/lib/python3.8/site-packages/airflow/example_dags/example_xcom.py took 0.164 seconds
[2024-04-12T09:05:14.268+0000] {processor.py:161} INFO - Started process (PID=426) to work on /home/airflow/.local/lib/python3.8/site-packages/airflow/example_dags/example_xcom.py
[2024-04-12T09:05:14.270+0000] {processor.py:830} INFO - Processing file /home/airflow/.local/lib/python3.8/site-packages/airflow/example_dags/example_xcom.py for tasks to queue
[2024-04-12T09:05:14.272+0000] {logging_mixin.py:188} INFO - [2024-04-12T09:05:14.271+0000] {dagbag.py:540} INFO - Filling up the DagBag from /home/airflow/.local/lib/python3.8/site-packages/airflow/example_dags/example_xcom.py
[2024-04-12T09:05:14.288+0000] {processor.py:840} INFO - DAG(s) 'example_xcom' retrieved from /home/airflow/.local/lib/python3.8/site-packages/airflow/example_dags/example_xcom.py
[2024-04-12T09:05:14.348+0000] {logging_mixin.py:188} INFO - [2024-04-12T09:05:14.347+0000] {dag.py:3047} INFO - Sync 1 DAGs
[2024-04-12T09:05:14.385+0000] {logging_mixin.py:188} INFO - [2024-04-12T09:05:14.384+0000] {dag.py:3834} INFO - Setting next_dagrun for example_xcom to 2021-01-01 00:00:00+00:00, run_after=2021-01-01 00:00:00+00:00
[2024-04-12T09:05:14.428+0000] {processor.py:183} INFO - Processing /home/airflow/.local/lib/python3.8/site-packages/airflow/example_dags/example_xcom.py took 0.166 seconds
[2024-04-12T09:05:44.471+0000] {processor.py:161} INFO - Started process (PID=484) to work on /home/airflow/.local/lib/python3.8/site-packages/airflow/example_dags/example_xcom.py
[2024-04-12T09:05:44.472+0000] {processor.py:830} INFO - Processing file /home/airflow/.local/lib/python3.8/site-packages/airflow/example_dags/example_xcom.py for tasks to queue
[2024-04-12T09:05:44.473+0000] {logging_mixin.py:188} INFO - [2024-04-12T09:05:44.473+0000] {dagbag.py:540} INFO - Filling up the DagBag from /home/airflow/.local/lib/python3.8/site-packages/airflow/example_dags/example_xcom.py
[2024-04-12T09:05:44.481+0000] {processor.py:840} INFO - DAG(s) 'example_xcom' retrieved from /home/airflow/.local/lib/python3.8/site-packages/airflow/example_dags/example_xcom.py
[2024-04-12T09:05:44.508+0000] {logging_mixin.py:188} INFO - [2024-04-12T09:05:44.508+0000] {dag.py:3047} INFO - Sync 1 DAGs
[2024-04-12T09:05:44.539+0000] {logging_mixin.py:188} INFO - [2024-04-12T09:05:44.538+0000] {dag.py:3834} INFO - Setting next_dagrun for example_xcom to 2021-01-01 00:00:00+00:00, run_after=2021-01-01 00:00:00+00:00
[2024-04-12T09:05:44.593+0000] {processor.py:183} INFO - Processing /home/airflow/.local/lib/python3.8/site-packages/airflow/example_dags/example_xcom.py took 0.127 seconds
[2024-04-12T09:06:15.517+0000] {processor.py:161} INFO - Started process (PID=543) to work on /home/airflow/.local/lib/python3.8/site-packages/airflow/example_dags/example_xcom.py
[2024-04-12T09:06:15.518+0000] {processor.py:830} INFO - Processing file /home/airflow/.local/lib/python3.8/site-packages/airflow/example_dags/example_xcom.py for tasks to queue
[2024-04-12T09:06:15.519+0000] {logging_mixin.py:188} INFO - [2024-04-12T09:06:15.519+0000] {dagbag.py:540} INFO - Filling up the DagBag from /home/airflow/.local/lib/python3.8/site-packages/airflow/example_dags/example_xcom.py
[2024-04-12T09:06:15.527+0000] {processor.py:840} INFO - DAG(s) 'example_xcom' retrieved from /home/airflow/.local/lib/python3.8/site-packages/airflow/example_dags/example_xcom.py
[2024-04-12T09:06:15.555+0000] {logging_mixin.py:188} INFO - [2024-04-12T09:06:15.555+0000] {dag.py:3047} INFO - Sync 1 DAGs
[2024-04-12T09:06:15.580+0000] {logging_mixin.py:188} INFO - [2024-04-12T09:06:15.580+0000] {dag.py:3834} INFO - Setting next_dagrun for example_xcom to 2021-01-01 00:00:00+00:00, run_after=2021-01-01 00:00:00+00:00
[2024-04-12T09:06:15.607+0000] {processor.py:183} INFO - Processing /home/airflow/.local/lib/python3.8/site-packages/airflow/example_dags/example_xcom.py took 0.093 seconds
[2024-04-12T09:06:46.249+0000] {processor.py:161} INFO - Started process (PID=601) to work on /home/airflow/.local/lib/python3.8/site-packages/airflow/example_dags/example_xcom.py
[2024-04-12T09:06:46.250+0000] {processor.py:830} INFO - Processing file /home/airflow/.local/lib/python3.8/site-packages/airflow/example_dags/example_xcom.py for tasks to queue
[2024-04-12T09:06:46.252+0000] {logging_mixin.py:188} INFO - [2024-04-12T09:06:46.251+0000] {dagbag.py:540} INFO - Filling up the DagBag from /home/airflow/.local/lib/python3.8/site-packages/airflow/example_dags/example_xcom.py
[2024-04-12T09:06:46.263+0000] {processor.py:840} INFO - DAG(s) 'example_xcom' retrieved from /home/airflow/.local/lib/python3.8/site-packages/airflow/example_dags/example_xcom.py
[2024-04-12T09:06:46.298+0000] {logging_mixin.py:188} INFO - [2024-04-12T09:06:46.298+0000] {dag.py:3047} INFO - Sync 1 DAGs
[2024-04-12T09:06:46.331+0000] {logging_mixin.py:188} INFO - [2024-04-12T09:06:46.331+0000] {dag.py:3834} INFO - Setting next_dagrun for example_xcom to 2021-01-01 00:00:00+00:00, run_after=2021-01-01 00:00:00+00:00
[2024-04-12T09:06:46.374+0000] {processor.py:183} INFO - Processing /home/airflow/.local/lib/python3.8/site-packages/airflow/example_dags/example_xcom.py took 0.129 seconds
[2024-04-12T09:07:17.353+0000] {processor.py:161} INFO - Started process (PID=657) to work on /home/airflow/.local/lib/python3.8/site-packages/airflow/example_dags/example_xcom.py
[2024-04-12T09:07:17.355+0000] {processor.py:830} INFO - Processing file /home/airflow/.local/lib/python3.8/site-packages/airflow/example_dags/example_xcom.py for tasks to queue
[2024-04-12T09:07:17.358+0000] {logging_mixin.py:188} INFO - [2024-04-12T09:07:17.357+0000] {dagbag.py:540} INFO - Filling up the DagBag from /home/airflow/.local/lib/python3.8/site-packages/airflow/example_dags/example_xcom.py
[2024-04-12T09:07:17.368+0000] {processor.py:840} INFO - DAG(s) 'example_xcom' retrieved from /home/airflow/.local/lib/python3.8/site-packages/airflow/example_dags/example_xcom.py
[2024-04-12T09:07:17.395+0000] {logging_mixin.py:188} INFO - [2024-04-12T09:07:17.395+0000] {dag.py:3047} INFO - Sync 1 DAGs
[2024-04-12T09:07:17.422+0000] {logging_mixin.py:188} INFO - [2024-04-12T09:07:17.421+0000] {dag.py:3834} INFO - Setting next_dagrun for example_xcom to 2021-01-01 00:00:00+00:00, run_after=2021-01-01 00:00:00+00:00
[2024-04-12T09:07:17.449+0000] {processor.py:183} INFO - Processing /home/airflow/.local/lib/python3.8/site-packages/airflow/example_dags/example_xcom.py took 0.101 seconds
[2024-04-12T09:07:47.645+0000] {processor.py:161} INFO - Started process (PID=714) to work on /home/airflow/.local/lib/python3.8/site-packages/airflow/example_dags/example_xcom.py
[2024-04-12T09:07:47.647+0000] {processor.py:830} INFO - Processing file /home/airflow/.local/lib/python3.8/site-packages/airflow/example_dags/example_xcom.py for tasks to queue
[2024-04-12T09:07:47.649+0000] {logging_mixin.py:188} INFO - [2024-04-12T09:07:47.648+0000] {dagbag.py:540} INFO - Filling up the DagBag from /home/airflow/.local/lib/python3.8/site-packages/airflow/example_dags/example_xcom.py
[2024-04-12T09:07:47.656+0000] {processor.py:840} INFO - DAG(s) 'example_xcom' retrieved from /home/airflow/.local/lib/python3.8/site-packages/airflow/example_dags/example_xcom.py
[2024-04-12T09:07:47.683+0000] {logging_mixin.py:188} INFO - [2024-04-12T09:07:47.682+0000] {dag.py:3047} INFO - Sync 1 DAGs
[2024-04-12T09:07:47.717+0000] {logging_mixin.py:188} INFO - [2024-04-12T09:07:47.717+0000] {dag.py:3834} INFO - Setting next_dagrun for example_xcom to 2021-01-01 00:00:00+00:00, run_after=2021-01-01 00:00:00+00:00
[2024-04-12T09:07:47.751+0000] {processor.py:183} INFO - Processing /home/airflow/.local/lib/python3.8/site-packages/airflow/example_dags/example_xcom.py took 0.112 seconds
[2024-04-12T09:08:18.137+0000] {processor.py:161} INFO - Started process (PID=772) to work on /home/airflow/.local/lib/python3.8/site-packages/airflow/example_dags/example_xcom.py
[2024-04-12T09:08:18.139+0000] {processor.py:830} INFO - Processing file /home/airflow/.local/lib/python3.8/site-packages/airflow/example_dags/example_xcom.py for tasks to queue
[2024-04-12T09:08:18.140+0000] {logging_mixin.py:188} INFO - [2024-04-12T09:08:18.140+0000] {dagbag.py:540} INFO - Filling up the DagBag from /home/airflow/.local/lib/python3.8/site-packages/airflow/example_dags/example_xcom.py
[2024-04-12T09:08:18.148+0000] {processor.py:840} INFO - DAG(s) 'example_xcom' retrieved from /home/airflow/.local/lib/python3.8/site-packages/airflow/example_dags/example_xcom.py
[2024-04-12T09:08:18.177+0000] {logging_mixin.py:188} INFO - [2024-04-12T09:08:18.176+0000] {dag.py:3047} INFO - Sync 1 DAGs
[2024-04-12T09:08:18.210+0000] {logging_mixin.py:188} INFO - [2024-04-12T09:08:18.209+0000] {dag.py:3834} INFO - Setting next_dagrun for example_xcom to 2021-01-01 00:00:00+00:00, run_after=2021-01-01 00:00:00+00:00
[2024-04-12T09:08:18.244+0000] {processor.py:183} INFO - Processing /home/airflow/.local/lib/python3.8/site-packages/airflow/example_dags/example_xcom.py took 0.111 seconds
[2024-04-12T09:08:48.400+0000] {processor.py:161} INFO - Started process (PID=830) to work on /home/airflow/.local/lib/python3.8/site-packages/airflow/example_dags/example_xcom.py
[2024-04-12T09:08:48.402+0000] {processor.py:830} INFO - Processing file /home/airflow/.local/lib/python3.8/site-packages/airflow/example_dags/example_xcom.py for tasks to queue
[2024-04-12T09:08:48.403+0000] {logging_mixin.py:188} INFO - [2024-04-12T09:08:48.403+0000] {dagbag.py:540} INFO - Filling up the DagBag from /home/airflow/.local/lib/python3.8/site-packages/airflow/example_dags/example_xcom.py
[2024-04-12T09:08:48.413+0000] {processor.py:840} INFO - DAG(s) 'example_xcom' retrieved from /home/airflow/.local/lib/python3.8/site-packages/airflow/example_dags/example_xcom.py
[2024-04-12T09:08:48.440+0000] {logging_mixin.py:188} INFO - [2024-04-12T09:08:48.440+0000] {dag.py:3047} INFO - Sync 1 DAGs
[2024-04-12T09:08:48.465+0000] {logging_mixin.py:188} INFO - [2024-04-12T09:08:48.465+0000] {dag.py:3834} INFO - Setting next_dagrun for example_xcom to 2021-01-01 00:00:00+00:00, run_after=2021-01-01 00:00:00+00:00
[2024-04-12T09:08:48.495+0000] {processor.py:183} INFO - Processing /home/airflow/.local/lib/python3.8/site-packages/airflow/example_dags/example_xcom.py took 0.097 seconds
[2024-04-12T09:09:18.851+0000] {processor.py:161} INFO - Started process (PID=888) to work on /home/airflow/.local/lib/python3.8/site-packages/airflow/example_dags/example_xcom.py
[2024-04-12T09:09:18.852+0000] {processor.py:830} INFO - Processing file /home/airflow/.local/lib/python3.8/site-packages/airflow/example_dags/example_xcom.py for tasks to queue
[2024-04-12T09:09:18.854+0000] {logging_mixin.py:188} INFO - [2024-04-12T09:09:18.853+0000] {dagbag.py:540} INFO - Filling up the DagBag from /home/airflow/.local/lib/python3.8/site-packages/airflow/example_dags/example_xcom.py
[2024-04-12T09:09:18.861+0000] {processor.py:840} INFO - DAG(s) 'example_xcom' retrieved from /home/airflow/.local/lib/python3.8/site-packages/airflow/example_dags/example_xcom.py
[2024-04-12T09:09:18.888+0000] {logging_mixin.py:188} INFO - [2024-04-12T09:09:18.888+0000] {dag.py:3047} INFO - Sync 1 DAGs
[2024-04-12T09:09:18.927+0000] {logging_mixin.py:188} INFO - [2024-04-12T09:09:18.926+0000] {dag.py:3834} INFO - Setting next_dagrun for example_xcom to 2021-01-01 00:00:00+00:00, run_after=2021-01-01 00:00:00+00:00
[2024-04-12T09:09:18.967+0000] {processor.py:183} INFO - Processing /home/airflow/.local/lib/python3.8/site-packages/airflow/example_dags/example_xcom.py took 0.119 seconds
[2024-04-12T09:09:49.935+0000] {processor.py:161} INFO - Started process (PID=946) to work on /home/airflow/.local/lib/python3.8/site-packages/airflow/example_dags/example_xcom.py
[2024-04-12T09:09:49.936+0000] {processor.py:830} INFO - Processing file /home/airflow/.local/lib/python3.8/site-packages/airflow/example_dags/example_xcom.py for tasks to queue
[2024-04-12T09:09:49.938+0000] {logging_mixin.py:188} INFO - [2024-04-12T09:09:49.938+0000] {dagbag.py:540} INFO - Filling up the DagBag from /home/airflow/.local/lib/python3.8/site-packages/airflow/example_dags/example_xcom.py
[2024-04-12T09:09:49.955+0000] {processor.py:840} INFO - DAG(s) 'example_xcom' retrieved from /home/airflow/.local/lib/python3.8/site-packages/airflow/example_dags/example_xcom.py
[2024-04-12T09:09:49.993+0000] {logging_mixin.py:188} INFO - [2024-04-12T09:09:49.992+0000] {dag.py:3047} INFO - Sync 1 DAGs
[2024-04-12T09:09:50.033+0000] {logging_mixin.py:188} INFO - [2024-04-12T09:09:50.032+0000] {dag.py:3834} INFO - Setting next_dagrun for example_xcom to 2021-01-01 00:00:00+00:00, run_after=2021-01-01 00:00:00+00:00
[2024-04-12T09:09:50.079+0000] {processor.py:183} INFO - Processing /home/airflow/.local/lib/python3.8/site-packages/airflow/example_dags/example_xcom.py took 0.149 seconds
[2024-04-12T09:10:25.124+0000] {processor.py:161} INFO - Started process (PID=1004) to work on /home/airflow/.local/lib/python3.8/site-packages/airflow/example_dags/example_xcom.py
[2024-04-12T09:10:25.128+0000] {processor.py:830} INFO - Processing file /home/airflow/.local/lib/python3.8/site-packages/airflow/example_dags/example_xcom.py for tasks to queue
[2024-04-12T09:10:25.132+0000] {logging_mixin.py:188} INFO - [2024-04-12T09:10:25.131+0000] {dagbag.py:540} INFO - Filling up the DagBag from /home/airflow/.local/lib/python3.8/site-packages/airflow/example_dags/example_xcom.py
[2024-04-12T09:10:25.173+0000] {processor.py:840} INFO - DAG(s) 'example_xcom' retrieved from /home/airflow/.local/lib/python3.8/site-packages/airflow/example_dags/example_xcom.py
[2024-04-12T09:10:25.312+0000] {logging_mixin.py:188} INFO - [2024-04-12T09:10:25.307+0000] {dag.py:3047} INFO - Sync 1 DAGs
[2024-04-12T09:10:25.461+0000] {logging_mixin.py:188} INFO - [2024-04-12T09:10:25.459+0000] {dag.py:3834} INFO - Setting next_dagrun for example_xcom to 2021-01-01 00:00:00+00:00, run_after=2021-01-01 00:00:00+00:00
[2024-04-12T09:10:25.576+0000] {processor.py:183} INFO - Processing /home/airflow/.local/lib/python3.8/site-packages/airflow/example_dags/example_xcom.py took 0.472 seconds
[2024-04-12T09:10:55.894+0000] {processor.py:161} INFO - Started process (PID=1062) to work on /home/airflow/.local/lib/python3.8/site-packages/airflow/example_dags/example_xcom.py
[2024-04-12T09:10:55.896+0000] {processor.py:830} INFO - Processing file /home/airflow/.local/lib/python3.8/site-packages/airflow/example_dags/example_xcom.py for tasks to queue
[2024-04-12T09:10:55.897+0000] {logging_mixin.py:188} INFO - [2024-04-12T09:10:55.896+0000] {dagbag.py:540} INFO - Filling up the DagBag from /home/airflow/.local/lib/python3.8/site-packages/airflow/example_dags/example_xcom.py
[2024-04-12T09:10:55.905+0000] {processor.py:840} INFO - DAG(s) 'example_xcom' retrieved from /home/airflow/.local/lib/python3.8/site-packages/airflow/example_dags/example_xcom.py
[2024-04-12T09:10:55.931+0000] {logging_mixin.py:188} INFO - [2024-04-12T09:10:55.931+0000] {dag.py:3047} INFO - Sync 1 DAGs
[2024-04-12T09:10:55.958+0000] {logging_mixin.py:188} INFO - [2024-04-12T09:10:55.958+0000] {dag.py:3834} INFO - Setting next_dagrun for example_xcom to 2021-01-01 00:00:00+00:00, run_after=2021-01-01 00:00:00+00:00
[2024-04-12T09:10:55.989+0000] {processor.py:183} INFO - Processing /home/airflow/.local/lib/python3.8/site-packages/airflow/example_dags/example_xcom.py took 0.097 seconds
[2024-04-12T09:11:26.048+0000] {processor.py:161} INFO - Started process (PID=1119) to work on /home/airflow/.local/lib/python3.8/site-packages/airflow/example_dags/example_xcom.py
[2024-04-12T09:11:26.050+0000] {processor.py:830} INFO - Processing file /home/airflow/.local/lib/python3.8/site-packages/airflow/example_dags/example_xcom.py for tasks to queue
[2024-04-12T09:11:26.052+0000] {logging_mixin.py:188} INFO - [2024-04-12T09:11:26.052+0000] {dagbag.py:540} INFO - Filling up the DagBag from /home/airflow/.local/lib/python3.8/site-packages/airflow/example_dags/example_xcom.py
[2024-04-12T09:11:26.068+0000] {processor.py:840} INFO - DAG(s) 'example_xcom' retrieved from /home/airflow/.local/lib/python3.8/site-packages/airflow/example_dags/example_xcom.py
[2024-04-12T09:11:26.122+0000] {logging_mixin.py:188} INFO - [2024-04-12T09:11:26.122+0000] {dag.py:3047} INFO - Sync 1 DAGs
[2024-04-12T09:11:26.185+0000] {logging_mixin.py:188} INFO - [2024-04-12T09:11:26.184+0000] {dag.py:3834} INFO - Setting next_dagrun for example_xcom to 2021-01-01 00:00:00+00:00, run_after=2021-01-01 00:00:00+00:00
[2024-04-12T09:11:26.233+0000] {processor.py:183} INFO - Processing /home/airflow/.local/lib/python3.8/site-packages/airflow/example_dags/example_xcom.py took 0.191 seconds
[2024-04-12T09:11:57.159+0000] {processor.py:161} INFO - Started process (PID=1177) to work on /home/airflow/.local/lib/python3.8/site-packages/airflow/example_dags/example_xcom.py
[2024-04-12T09:11:57.160+0000] {processor.py:830} INFO - Processing file /home/airflow/.local/lib/python3.8/site-packages/airflow/example_dags/example_xcom.py for tasks to queue
[2024-04-12T09:11:57.162+0000] {logging_mixin.py:188} INFO - [2024-04-12T09:11:57.162+0000] {dagbag.py:540} INFO - Filling up the DagBag from /home/airflow/.local/lib/python3.8/site-packages/airflow/example_dags/example_xcom.py
[2024-04-12T09:11:57.169+0000] {processor.py:840} INFO - DAG(s) 'example_xcom' retrieved from /home/airflow/.local/lib/python3.8/site-packages/airflow/example_dags/example_xcom.py
[2024-04-12T09:11:57.192+0000] {logging_mixin.py:188} INFO - [2024-04-12T09:11:57.191+0000] {dag.py:3047} INFO - Sync 1 DAGs
[2024-04-12T09:11:57.215+0000] {logging_mixin.py:188} INFO - [2024-04-12T09:11:57.215+0000] {dag.py:3834} INFO - Setting next_dagrun for example_xcom to 2021-01-01 00:00:00+00:00, run_after=2021-01-01 00:00:00+00:00
[2024-04-12T09:11:57.245+0000] {processor.py:183} INFO - Processing /home/airflow/.local/lib/python3.8/site-packages/airflow/example_dags/example_xcom.py took 0.090 seconds
[2024-04-12T09:12:27.988+0000] {processor.py:161} INFO - Started process (PID=1233) to work on /home/airflow/.local/lib/python3.8/site-packages/airflow/example_dags/example_xcom.py
[2024-04-12T09:12:27.989+0000] {processor.py:830} INFO - Processing file /home/airflow/.local/lib/python3.8/site-packages/airflow/example_dags/example_xcom.py for tasks to queue
[2024-04-12T09:12:27.990+0000] {logging_mixin.py:188} INFO - [2024-04-12T09:12:27.990+0000] {dagbag.py:540} INFO - Filling up the DagBag from /home/airflow/.local/lib/python3.8/site-packages/airflow/example_dags/example_xcom.py
[2024-04-12T09:12:27.999+0000] {processor.py:840} INFO - DAG(s) 'example_xcom' retrieved from /home/airflow/.local/lib/python3.8/site-packages/airflow/example_dags/example_xcom.py
[2024-04-12T09:12:28.024+0000] {logging_mixin.py:188} INFO - [2024-04-12T09:12:28.023+0000] {dag.py:3047} INFO - Sync 1 DAGs
[2024-04-12T09:12:28.048+0000] {logging_mixin.py:188} INFO - [2024-04-12T09:12:28.047+0000] {dag.py:3834} INFO - Setting next_dagrun for example_xcom to 2021-01-01 00:00:00+00:00, run_after=2021-01-01 00:00:00+00:00
[2024-04-12T09:12:28.075+0000] {processor.py:183} INFO - Processing /home/airflow/.local/lib/python3.8/site-packages/airflow/example_dags/example_xcom.py took 0.090 seconds
[2024-04-12T09:12:58.373+0000] {processor.py:161} INFO - Started process (PID=1290) to work on /home/airflow/.local/lib/python3.8/site-packages/airflow/example_dags/example_xcom.py
[2024-04-12T09:12:58.374+0000] {processor.py:830} INFO - Processing file /home/airflow/.local/lib/python3.8/site-packages/airflow/example_dags/example_xcom.py for tasks to queue
[2024-04-12T09:12:58.377+0000] {logging_mixin.py:188} INFO - [2024-04-12T09:12:58.376+0000] {dagbag.py:540} INFO - Filling up the DagBag from /home/airflow/.local/lib/python3.8/site-packages/airflow/example_dags/example_xcom.py
[2024-04-12T09:12:58.391+0000] {processor.py:840} INFO - DAG(s) 'example_xcom' retrieved from /home/airflow/.local/lib/python3.8/site-packages/airflow/example_dags/example_xcom.py
[2024-04-12T09:12:58.422+0000] {logging_mixin.py:188} INFO - [2024-04-12T09:12:58.422+0000] {dag.py:3047} INFO - Sync 1 DAGs
[2024-04-12T09:12:58.446+0000] {logging_mixin.py:188} INFO - [2024-04-12T09:12:58.446+0000] {dag.py:3834} INFO - Setting next_dagrun for example_xcom to 2021-01-01 00:00:00+00:00, run_after=2021-01-01 00:00:00+00:00
[2024-04-12T09:12:58.541+0000] {processor.py:183} INFO - Processing /home/airflow/.local/lib/python3.8/site-packages/airflow/example_dags/example_xcom.py took 0.171 seconds
[2024-04-12T09:13:29.143+0000] {processor.py:161} INFO - Started process (PID=1345) to work on /home/airflow/.local/lib/python3.8/site-packages/airflow/example_dags/example_xcom.py
[2024-04-12T09:13:29.145+0000] {processor.py:830} INFO - Processing file /home/airflow/.local/lib/python3.8/site-packages/airflow/example_dags/example_xcom.py for tasks to queue
[2024-04-12T09:13:29.147+0000] {logging_mixin.py:188} INFO - [2024-04-12T09:13:29.146+0000] {dagbag.py:540} INFO - Filling up the DagBag from /home/airflow/.local/lib/python3.8/site-packages/airflow/example_dags/example_xcom.py
[2024-04-12T09:13:29.156+0000] {processor.py:840} INFO - DAG(s) 'example_xcom' retrieved from /home/airflow/.local/lib/python3.8/site-packages/airflow/example_dags/example_xcom.py
[2024-04-12T09:13:29.190+0000] {logging_mixin.py:188} INFO - [2024-04-12T09:13:29.190+0000] {dag.py:3047} INFO - Sync 1 DAGs
[2024-04-12T09:13:29.222+0000] {logging_mixin.py:188} INFO - [2024-04-12T09:13:29.221+0000] {dag.py:3834} INFO - Setting next_dagrun for example_xcom to 2021-01-01 00:00:00+00:00, run_after=2021-01-01 00:00:00+00:00
[2024-04-12T09:13:29.262+0000] {processor.py:183} INFO - Processing /home/airflow/.local/lib/python3.8/site-packages/airflow/example_dags/example_xcom.py took 0.121 seconds
[2024-04-12T09:13:59.804+0000] {processor.py:161} INFO - Started process (PID=1404) to work on /home/airflow/.local/lib/python3.8/site-packages/airflow/example_dags/example_xcom.py
[2024-04-12T09:13:59.806+0000] {processor.py:830} INFO - Processing file /home/airflow/.local/lib/python3.8/site-packages/airflow/example_dags/example_xcom.py for tasks to queue
[2024-04-12T09:13:59.807+0000] {logging_mixin.py:188} INFO - [2024-04-12T09:13:59.807+0000] {dagbag.py:540} INFO - Filling up the DagBag from /home/airflow/.local/lib/python3.8/site-packages/airflow/example_dags/example_xcom.py
[2024-04-12T09:13:59.815+0000] {processor.py:840} INFO - DAG(s) 'example_xcom' retrieved from /home/airflow/.local/lib/python3.8/site-packages/airflow/example_dags/example_xcom.py
[2024-04-12T09:13:59.840+0000] {logging_mixin.py:188} INFO - [2024-04-12T09:13:59.840+0000] {dag.py:3047} INFO - Sync 1 DAGs
[2024-04-12T09:13:59.865+0000] {logging_mixin.py:188} INFO - [2024-04-12T09:13:59.864+0000] {dag.py:3834} INFO - Setting next_dagrun for example_xcom to 2021-01-01 00:00:00+00:00, run_after=2021-01-01 00:00:00+00:00
[2024-04-12T09:13:59.892+0000] {processor.py:183} INFO - Processing /home/airflow/.local/lib/python3.8/site-packages/airflow/example_dags/example_xcom.py took 0.092 seconds
[2024-04-12T09:14:30.271+0000] {processor.py:161} INFO - Started process (PID=1462) to work on /home/airflow/.local/lib/python3.8/site-packages/airflow/example_dags/example_xcom.py
[2024-04-12T09:14:30.273+0000] {processor.py:830} INFO - Processing file /home/airflow/.local/lib/python3.8/site-packages/airflow/example_dags/example_xcom.py for tasks to queue
[2024-04-12T09:14:30.276+0000] {logging_mixin.py:188} INFO - [2024-04-12T09:14:30.275+0000] {dagbag.py:540} INFO - Filling up the DagBag from /home/airflow/.local/lib/python3.8/site-packages/airflow/example_dags/example_xcom.py
[2024-04-12T09:14:30.284+0000] {processor.py:840} INFO - DAG(s) 'example_xcom' retrieved from /home/airflow/.local/lib/python3.8/site-packages/airflow/example_dags/example_xcom.py
[2024-04-12T09:14:30.313+0000] {logging_mixin.py:188} INFO - [2024-04-12T09:14:30.313+0000] {dag.py:3047} INFO - Sync 1 DAGs
[2024-04-12T09:14:30.342+0000] {logging_mixin.py:188} INFO - [2024-04-12T09:14:30.341+0000] {dag.py:3834} INFO - Setting next_dagrun for example_xcom to 2021-01-01 00:00:00+00:00, run_after=2021-01-01 00:00:00+00:00
[2024-04-12T09:14:30.374+0000] {processor.py:183} INFO - Processing /home/airflow/.local/lib/python3.8/site-packages/airflow/example_dags/example_xcom.py took 0.106 seconds
[2024-04-12T09:15:00.475+0000] {processor.py:161} INFO - Started process (PID=1520) to work on /home/airflow/.local/lib/python3.8/site-packages/airflow/example_dags/example_xcom.py
[2024-04-12T09:15:00.478+0000] {processor.py:830} INFO - Processing file /home/airflow/.local/lib/python3.8/site-packages/airflow/example_dags/example_xcom.py for tasks to queue
[2024-04-12T09:15:00.480+0000] {logging_mixin.py:188} INFO - [2024-04-12T09:15:00.479+0000] {dagbag.py:540} INFO - Filling up the DagBag from /home/airflow/.local/lib/python3.8/site-packages/airflow/example_dags/example_xcom.py
[2024-04-12T09:15:00.488+0000] {processor.py:840} INFO - DAG(s) 'example_xcom' retrieved from /home/airflow/.local/lib/python3.8/site-packages/airflow/example_dags/example_xcom.py
[2024-04-12T09:15:00.515+0000] {logging_mixin.py:188} INFO - [2024-04-12T09:15:00.514+0000] {dag.py:3047} INFO - Sync 1 DAGs
[2024-04-12T09:15:00.541+0000] {logging_mixin.py:188} INFO - [2024-04-12T09:15:00.540+0000] {dag.py:3834} INFO - Setting next_dagrun for example_xcom to 2021-01-01 00:00:00+00:00, run_after=2021-01-01 00:00:00+00:00
[2024-04-12T09:15:00.569+0000] {processor.py:183} INFO - Processing /home/airflow/.local/lib/python3.8/site-packages/airflow/example_dags/example_xcom.py took 0.097 seconds
[2024-04-12T09:15:31.049+0000] {processor.py:161} INFO - Started process (PID=1578) to work on /home/airflow/.local/lib/python3.8/site-packages/airflow/example_dags/example_xcom.py
[2024-04-12T09:15:31.051+0000] {processor.py:830} INFO - Processing file /home/airflow/.local/lib/python3.8/site-packages/airflow/example_dags/example_xcom.py for tasks to queue
[2024-04-12T09:15:31.052+0000] {logging_mixin.py:188} INFO - [2024-04-12T09:15:31.052+0000] {dagbag.py:540} INFO - Filling up the DagBag from /home/airflow/.local/lib/python3.8/site-packages/airflow/example_dags/example_xcom.py
[2024-04-12T09:15:31.074+0000] {processor.py:840} INFO - DAG(s) 'example_xcom' retrieved from /home/airflow/.local/lib/python3.8/site-packages/airflow/example_dags/example_xcom.py
[2024-04-12T09:15:31.127+0000] {logging_mixin.py:188} INFO - [2024-04-12T09:15:31.127+0000] {dag.py:3047} INFO - Sync 1 DAGs
[2024-04-12T09:15:31.160+0000] {logging_mixin.py:188} INFO - [2024-04-12T09:15:31.159+0000] {dag.py:3834} INFO - Setting next_dagrun for example_xcom to 2021-01-01 00:00:00+00:00, run_after=2021-01-01 00:00:00+00:00
[2024-04-12T09:15:31.204+0000] {processor.py:183} INFO - Processing /home/airflow/.local/lib/python3.8/site-packages/airflow/example_dags/example_xcom.py took 0.159 seconds
[2024-04-12T09:16:01.978+0000] {processor.py:161} INFO - Started process (PID=1636) to work on /home/airflow/.local/lib/python3.8/site-packages/airflow/example_dags/example_xcom.py
[2024-04-12T09:16:01.980+0000] {processor.py:830} INFO - Processing file /home/airflow/.local/lib/python3.8/site-packages/airflow/example_dags/example_xcom.py for tasks to queue
[2024-04-12T09:16:01.981+0000] {logging_mixin.py:188} INFO - [2024-04-12T09:16:01.981+0000] {dagbag.py:540} INFO - Filling up the DagBag from /home/airflow/.local/lib/python3.8/site-packages/airflow/example_dags/example_xcom.py
[2024-04-12T09:16:01.992+0000] {processor.py:840} INFO - DAG(s) 'example_xcom' retrieved from /home/airflow/.local/lib/python3.8/site-packages/airflow/example_dags/example_xcom.py
[2024-04-12T09:16:02.032+0000] {logging_mixin.py:188} INFO - [2024-04-12T09:16:02.031+0000] {dag.py:3047} INFO - Sync 1 DAGs
[2024-04-12T09:16:02.059+0000] {logging_mixin.py:188} INFO - [2024-04-12T09:16:02.058+0000] {dag.py:3834} INFO - Setting next_dagrun for example_xcom to 2021-01-01 00:00:00+00:00, run_after=2021-01-01 00:00:00+00:00
[2024-04-12T09:16:02.105+0000] {processor.py:183} INFO - Processing /home/airflow/.local/lib/python3.8/site-packages/airflow/example_dags/example_xcom.py took 0.130 seconds
