[2024-04-12T09:01:25.018+0000] {processor.py:161} INFO - Started process (PID=59) to work on /home/airflow/.local/lib/python3.8/site-packages/airflow/example_dags/example_dag_decorator.py
[2024-04-12T09:01:25.020+0000] {processor.py:830} INFO - Processing file /home/airflow/.local/lib/python3.8/site-packages/airflow/example_dags/example_dag_decorator.py for tasks to queue
[2024-04-12T09:01:25.023+0000] {logging_mixin.py:188} INFO - [2024-04-12T09:01:25.022+0000] {dagbag.py:540} INFO - Filling up the DagBag from /home/airflow/.local/lib/python3.8/site-packages/airflow/example_dags/example_dag_decorator.py
[2024-04-12T09:01:25.448+0000] {processor.py:840} INFO - DAG(s) 'example_dag_decorator' retrieved from /home/airflow/.local/lib/python3.8/site-packages/airflow/example_dags/example_dag_decorator.py
[2024-04-12T09:01:26.145+0000] {logging_mixin.py:188} INFO - [2024-04-12T09:01:26.143+0000] {override.py:1769} INFO - Created Permission View: can read on DAG:example_dag_decorator
[2024-04-12T09:01:26.189+0000] {logging_mixin.py:188} INFO - [2024-04-12T09:01:26.187+0000] {override.py:1769} INFO - Created Permission View: can edit on DAG:example_dag_decorator
[2024-04-12T09:01:26.216+0000] {logging_mixin.py:188} INFO - [2024-04-12T09:01:26.215+0000] {override.py:1769} INFO - Created Permission View: can delete on DAG:example_dag_decorator
[2024-04-12T09:01:26.218+0000] {logging_mixin.py:188} INFO - [2024-04-12T09:01:26.218+0000] {dag.py:3047} INFO - Sync 1 DAGs
[2024-04-12T09:01:26.269+0000] {logging_mixin.py:188} INFO - [2024-04-12T09:01:26.268+0000] {dag.py:3069} INFO - Creating ORM DAG for example_dag_decorator
[2024-04-12T09:01:26.272+0000] {logging_mixin.py:188} INFO - [2024-04-12T09:01:26.272+0000] {dag.py:3834} INFO - Setting next_dagrun for example_dag_decorator to None, run_after=None
[2024-04-12T09:01:26.345+0000] {processor.py:183} INFO - Processing /home/airflow/.local/lib/python3.8/site-packages/airflow/example_dags/example_dag_decorator.py took 1.334 seconds
[2024-04-12T09:01:56.500+0000] {processor.py:161} INFO - Started process (PID=115) to work on /home/airflow/.local/lib/python3.8/site-packages/airflow/example_dags/example_dag_decorator.py
[2024-04-12T09:01:56.504+0000] {processor.py:830} INFO - Processing file /home/airflow/.local/lib/python3.8/site-packages/airflow/example_dags/example_dag_decorator.py for tasks to queue
[2024-04-12T09:01:56.509+0000] {logging_mixin.py:188} INFO - [2024-04-12T09:01:56.508+0000] {dagbag.py:540} INFO - Filling up the DagBag from /home/airflow/.local/lib/python3.8/site-packages/airflow/example_dags/example_dag_decorator.py
[2024-04-12T09:01:56.664+0000] {processor.py:840} INFO - DAG(s) 'example_dag_decorator' retrieved from /home/airflow/.local/lib/python3.8/site-packages/airflow/example_dags/example_dag_decorator.py
[2024-04-12T09:01:56.802+0000] {logging_mixin.py:188} INFO - [2024-04-12T09:01:56.801+0000] {dag.py:3047} INFO - Sync 1 DAGs
[2024-04-12T09:01:56.819+0000] {logging_mixin.py:188} INFO - [2024-04-12T09:01:56.819+0000] {dag.py:3834} INFO - Setting next_dagrun for example_dag_decorator to None, run_after=None
[2024-04-12T09:01:56.857+0000] {processor.py:183} INFO - Processing /home/airflow/.local/lib/python3.8/site-packages/airflow/example_dags/example_dag_decorator.py took 0.384 seconds
[2024-04-12T09:02:41.851+0000] {processor.py:161} INFO - Started process (PID=173) to work on /home/airflow/.local/lib/python3.8/site-packages/airflow/example_dags/example_dag_decorator.py
[2024-04-12T09:02:41.856+0000] {processor.py:830} INFO - Processing file /home/airflow/.local/lib/python3.8/site-packages/airflow/example_dags/example_dag_decorator.py for tasks to queue
[2024-04-12T09:02:41.865+0000] {logging_mixin.py:188} INFO - [2024-04-12T09:02:41.863+0000] {dagbag.py:540} INFO - Filling up the DagBag from /home/airflow/.local/lib/python3.8/site-packages/airflow/example_dags/example_dag_decorator.py
[2024-04-12T09:02:42.519+0000] {processor.py:840} INFO - DAG(s) 'example_dag_decorator' retrieved from /home/airflow/.local/lib/python3.8/site-packages/airflow/example_dags/example_dag_decorator.py
[2024-04-12T09:02:42.985+0000] {logging_mixin.py:188} INFO - [2024-04-12T09:02:42.985+0000] {dag.py:3047} INFO - Sync 1 DAGs
[2024-04-12T09:02:43.005+0000] {logging_mixin.py:188} INFO - [2024-04-12T09:02:43.004+0000] {dag.py:3834} INFO - Setting next_dagrun for example_dag_decorator to None, run_after=None
[2024-04-12T09:02:43.064+0000] {processor.py:183} INFO - Processing /home/airflow/.local/lib/python3.8/site-packages/airflow/example_dags/example_dag_decorator.py took 1.228 seconds
[2024-04-12T09:03:13.152+0000] {processor.py:161} INFO - Started process (PID=239) to work on /home/airflow/.local/lib/python3.8/site-packages/airflow/example_dags/example_dag_decorator.py
[2024-04-12T09:03:13.154+0000] {processor.py:830} INFO - Processing file /home/airflow/.local/lib/python3.8/site-packages/airflow/example_dags/example_dag_decorator.py for tasks to queue
[2024-04-12T09:03:13.156+0000] {logging_mixin.py:188} INFO - [2024-04-12T09:03:13.156+0000] {dagbag.py:540} INFO - Filling up the DagBag from /home/airflow/.local/lib/python3.8/site-packages/airflow/example_dags/example_dag_decorator.py
[2024-04-12T09:03:13.346+0000] {processor.py:840} INFO - DAG(s) 'example_dag_decorator' retrieved from /home/airflow/.local/lib/python3.8/site-packages/airflow/example_dags/example_dag_decorator.py
[2024-04-12T09:03:13.551+0000] {logging_mixin.py:188} INFO - [2024-04-12T09:03:13.550+0000] {dag.py:3047} INFO - Sync 1 DAGs
[2024-04-12T09:03:13.565+0000] {logging_mixin.py:188} INFO - [2024-04-12T09:03:13.565+0000] {dag.py:3834} INFO - Setting next_dagrun for example_dag_decorator to None, run_after=None
[2024-04-12T09:03:13.621+0000] {processor.py:183} INFO - Processing /home/airflow/.local/lib/python3.8/site-packages/airflow/example_dags/example_dag_decorator.py took 0.473 seconds
[2024-04-12T09:03:43.973+0000] {processor.py:161} INFO - Started process (PID=297) to work on /home/airflow/.local/lib/python3.8/site-packages/airflow/example_dags/example_dag_decorator.py
[2024-04-12T09:03:43.974+0000] {processor.py:830} INFO - Processing file /home/airflow/.local/lib/python3.8/site-packages/airflow/example_dags/example_dag_decorator.py for tasks to queue
[2024-04-12T09:03:43.976+0000] {logging_mixin.py:188} INFO - [2024-04-12T09:03:43.976+0000] {dagbag.py:540} INFO - Filling up the DagBag from /home/airflow/.local/lib/python3.8/site-packages/airflow/example_dags/example_dag_decorator.py
[2024-04-12T09:03:44.109+0000] {processor.py:840} INFO - DAG(s) 'example_dag_decorator' retrieved from /home/airflow/.local/lib/python3.8/site-packages/airflow/example_dags/example_dag_decorator.py
[2024-04-12T09:03:44.302+0000] {logging_mixin.py:188} INFO - [2024-04-12T09:03:44.302+0000] {dag.py:3047} INFO - Sync 1 DAGs
[2024-04-12T09:03:44.316+0000] {logging_mixin.py:188} INFO - [2024-04-12T09:03:44.316+0000] {dag.py:3834} INFO - Setting next_dagrun for example_dag_decorator to None, run_after=None
[2024-04-12T09:03:44.356+0000] {processor.py:183} INFO - Processing /home/airflow/.local/lib/python3.8/site-packages/airflow/example_dags/example_dag_decorator.py took 0.386 seconds
[2024-04-12T09:04:14.644+0000] {processor.py:161} INFO - Started process (PID=357) to work on /home/airflow/.local/lib/python3.8/site-packages/airflow/example_dags/example_dag_decorator.py
[2024-04-12T09:04:14.646+0000] {processor.py:830} INFO - Processing file /home/airflow/.local/lib/python3.8/site-packages/airflow/example_dags/example_dag_decorator.py for tasks to queue
[2024-04-12T09:04:14.651+0000] {logging_mixin.py:188} INFO - [2024-04-12T09:04:14.650+0000] {dagbag.py:540} INFO - Filling up the DagBag from /home/airflow/.local/lib/python3.8/site-packages/airflow/example_dags/example_dag_decorator.py
[2024-04-12T09:04:15.072+0000] {processor.py:840} INFO - DAG(s) 'example_dag_decorator' retrieved from /home/airflow/.local/lib/python3.8/site-packages/airflow/example_dags/example_dag_decorator.py
[2024-04-12T09:04:15.480+0000] {logging_mixin.py:188} INFO - [2024-04-12T09:04:15.479+0000] {dag.py:3047} INFO - Sync 1 DAGs
[2024-04-12T09:04:15.497+0000] {logging_mixin.py:188} INFO - [2024-04-12T09:04:15.497+0000] {dag.py:3834} INFO - Setting next_dagrun for example_dag_decorator to None, run_after=None
[2024-04-12T09:04:15.535+0000] {processor.py:183} INFO - Processing /home/airflow/.local/lib/python3.8/site-packages/airflow/example_dags/example_dag_decorator.py took 0.889 seconds
[2024-04-12T09:05:13.247+0000] {processor.py:161} INFO - Started process (PID=419) to work on /home/airflow/.local/lib/python3.8/site-packages/airflow/example_dags/example_dag_decorator.py
[2024-04-12T09:05:13.249+0000] {processor.py:830} INFO - Processing file /home/airflow/.local/lib/python3.8/site-packages/airflow/example_dags/example_dag_decorator.py for tasks to queue
[2024-04-12T09:05:13.251+0000] {logging_mixin.py:188} INFO - [2024-04-12T09:05:13.251+0000] {dagbag.py:540} INFO - Filling up the DagBag from /home/airflow/.local/lib/python3.8/site-packages/airflow/example_dags/example_dag_decorator.py
[2024-04-12T09:05:13.526+0000] {processor.py:840} INFO - DAG(s) 'example_dag_decorator' retrieved from /home/airflow/.local/lib/python3.8/site-packages/airflow/example_dags/example_dag_decorator.py
[2024-04-12T09:05:13.820+0000] {logging_mixin.py:188} INFO - [2024-04-12T09:05:13.819+0000] {dag.py:3047} INFO - Sync 1 DAGs
[2024-04-12T09:05:13.835+0000] {logging_mixin.py:188} INFO - [2024-04-12T09:05:13.834+0000] {dag.py:3834} INFO - Setting next_dagrun for example_dag_decorator to None, run_after=None
[2024-04-12T09:05:13.886+0000] {processor.py:183} INFO - Processing /home/airflow/.local/lib/python3.8/site-packages/airflow/example_dags/example_dag_decorator.py took 0.641 seconds
[2024-04-12T09:05:43.930+0000] {processor.py:161} INFO - Started process (PID=479) to work on /home/airflow/.local/lib/python3.8/site-packages/airflow/example_dags/example_dag_decorator.py
[2024-04-12T09:05:43.933+0000] {processor.py:830} INFO - Processing file /home/airflow/.local/lib/python3.8/site-packages/airflow/example_dags/example_dag_decorator.py for tasks to queue
[2024-04-12T09:05:43.936+0000] {logging_mixin.py:188} INFO - [2024-04-12T09:05:43.935+0000] {dagbag.py:540} INFO - Filling up the DagBag from /home/airflow/.local/lib/python3.8/site-packages/airflow/example_dags/example_dag_decorator.py
[2024-04-12T09:05:44.065+0000] {processor.py:840} INFO - DAG(s) 'example_dag_decorator' retrieved from /home/airflow/.local/lib/python3.8/site-packages/airflow/example_dags/example_dag_decorator.py
[2024-04-12T09:05:44.108+0000] {logging_mixin.py:188} INFO - [2024-04-12T09:05:44.107+0000] {dag.py:3047} INFO - Sync 1 DAGs
[2024-04-12T09:05:44.133+0000] {logging_mixin.py:188} INFO - [2024-04-12T09:05:44.132+0000] {dag.py:3834} INFO - Setting next_dagrun for example_dag_decorator to None, run_after=None
[2024-04-12T09:05:44.203+0000] {processor.py:183} INFO - Processing /home/airflow/.local/lib/python3.8/site-packages/airflow/example_dags/example_dag_decorator.py took 0.276 seconds
[2024-04-12T09:06:15.154+0000] {processor.py:161} INFO - Started process (PID=538) to work on /home/airflow/.local/lib/python3.8/site-packages/airflow/example_dags/example_dag_decorator.py
[2024-04-12T09:06:15.155+0000] {processor.py:830} INFO - Processing file /home/airflow/.local/lib/python3.8/site-packages/airflow/example_dags/example_dag_decorator.py for tasks to queue
[2024-04-12T09:06:15.157+0000] {logging_mixin.py:188} INFO - [2024-04-12T09:06:15.156+0000] {dagbag.py:540} INFO - Filling up the DagBag from /home/airflow/.local/lib/python3.8/site-packages/airflow/example_dags/example_dag_decorator.py
[2024-04-12T09:06:15.270+0000] {processor.py:840} INFO - DAG(s) 'example_dag_decorator' retrieved from /home/airflow/.local/lib/python3.8/site-packages/airflow/example_dags/example_dag_decorator.py
[2024-04-12T09:06:15.380+0000] {logging_mixin.py:188} INFO - [2024-04-12T09:06:15.380+0000] {dag.py:3047} INFO - Sync 1 DAGs
[2024-04-12T09:06:15.392+0000] {logging_mixin.py:188} INFO - [2024-04-12T09:06:15.392+0000] {dag.py:3834} INFO - Setting next_dagrun for example_dag_decorator to None, run_after=None
[2024-04-12T09:06:15.420+0000] {processor.py:183} INFO - Processing /home/airflow/.local/lib/python3.8/site-packages/airflow/example_dags/example_dag_decorator.py took 0.269 seconds
[2024-04-12T09:06:45.706+0000] {processor.py:161} INFO - Started process (PID=596) to work on /home/airflow/.local/lib/python3.8/site-packages/airflow/example_dags/example_dag_decorator.py
[2024-04-12T09:06:45.709+0000] {processor.py:830} INFO - Processing file /home/airflow/.local/lib/python3.8/site-packages/airflow/example_dags/example_dag_decorator.py for tasks to queue
[2024-04-12T09:06:45.712+0000] {logging_mixin.py:188} INFO - [2024-04-12T09:06:45.711+0000] {dagbag.py:540} INFO - Filling up the DagBag from /home/airflow/.local/lib/python3.8/site-packages/airflow/example_dags/example_dag_decorator.py
[2024-04-12T09:06:45.849+0000] {processor.py:840} INFO - DAG(s) 'example_dag_decorator' retrieved from /home/airflow/.local/lib/python3.8/site-packages/airflow/example_dags/example_dag_decorator.py
[2024-04-12T09:06:46.036+0000] {logging_mixin.py:188} INFO - [2024-04-12T09:06:46.035+0000] {dag.py:3047} INFO - Sync 1 DAGs
[2024-04-12T09:06:46.066+0000] {logging_mixin.py:188} INFO - [2024-04-12T09:06:46.065+0000] {dag.py:3834} INFO - Setting next_dagrun for example_dag_decorator to None, run_after=None
[2024-04-12T09:06:46.114+0000] {processor.py:183} INFO - Processing /home/airflow/.local/lib/python3.8/site-packages/airflow/example_dags/example_dag_decorator.py took 0.413 seconds
[2024-04-12T09:07:16.338+0000] {processor.py:161} INFO - Started process (PID=652) to work on /home/airflow/.local/lib/python3.8/site-packages/airflow/example_dags/example_dag_decorator.py
[2024-04-12T09:07:16.340+0000] {processor.py:830} INFO - Processing file /home/airflow/.local/lib/python3.8/site-packages/airflow/example_dags/example_dag_decorator.py for tasks to queue
[2024-04-12T09:07:16.342+0000] {logging_mixin.py:188} INFO - [2024-04-12T09:07:16.341+0000] {dagbag.py:540} INFO - Filling up the DagBag from /home/airflow/.local/lib/python3.8/site-packages/airflow/example_dags/example_dag_decorator.py
[2024-04-12T09:07:16.481+0000] {processor.py:840} INFO - DAG(s) 'example_dag_decorator' retrieved from /home/airflow/.local/lib/python3.8/site-packages/airflow/example_dags/example_dag_decorator.py
[2024-04-12T09:07:16.631+0000] {logging_mixin.py:188} INFO - [2024-04-12T09:07:16.631+0000] {dag.py:3047} INFO - Sync 1 DAGs
[2024-04-12T09:07:16.647+0000] {logging_mixin.py:188} INFO - [2024-04-12T09:07:16.646+0000] {dag.py:3834} INFO - Setting next_dagrun for example_dag_decorator to None, run_after=None
[2024-04-12T09:07:16.688+0000] {processor.py:183} INFO - Processing /home/airflow/.local/lib/python3.8/site-packages/airflow/example_dags/example_dag_decorator.py took 0.357 seconds
[2024-04-12T09:07:47.158+0000] {processor.py:161} INFO - Started process (PID=709) to work on /home/airflow/.local/lib/python3.8/site-packages/airflow/example_dags/example_dag_decorator.py
[2024-04-12T09:07:47.160+0000] {processor.py:830} INFO - Processing file /home/airflow/.local/lib/python3.8/site-packages/airflow/example_dags/example_dag_decorator.py for tasks to queue
[2024-04-12T09:07:47.164+0000] {logging_mixin.py:188} INFO - [2024-04-12T09:07:47.163+0000] {dagbag.py:540} INFO - Filling up the DagBag from /home/airflow/.local/lib/python3.8/site-packages/airflow/example_dags/example_dag_decorator.py
[2024-04-12T09:07:47.308+0000] {processor.py:840} INFO - DAG(s) 'example_dag_decorator' retrieved from /home/airflow/.local/lib/python3.8/site-packages/airflow/example_dags/example_dag_decorator.py
[2024-04-12T09:07:47.478+0000] {logging_mixin.py:188} INFO - [2024-04-12T09:07:47.478+0000] {dag.py:3047} INFO - Sync 1 DAGs
[2024-04-12T09:07:47.490+0000] {logging_mixin.py:188} INFO - [2024-04-12T09:07:47.490+0000] {dag.py:3834} INFO - Setting next_dagrun for example_dag_decorator to None, run_after=None
[2024-04-12T09:07:47.527+0000] {processor.py:183} INFO - Processing /home/airflow/.local/lib/python3.8/site-packages/airflow/example_dags/example_dag_decorator.py took 0.373 seconds
[2024-04-12T09:08:17.747+0000] {processor.py:161} INFO - Started process (PID=767) to work on /home/airflow/.local/lib/python3.8/site-packages/airflow/example_dags/example_dag_decorator.py
[2024-04-12T09:08:17.749+0000] {processor.py:830} INFO - Processing file /home/airflow/.local/lib/python3.8/site-packages/airflow/example_dags/example_dag_decorator.py for tasks to queue
[2024-04-12T09:08:17.751+0000] {logging_mixin.py:188} INFO - [2024-04-12T09:08:17.750+0000] {dagbag.py:540} INFO - Filling up the DagBag from /home/airflow/.local/lib/python3.8/site-packages/airflow/example_dags/example_dag_decorator.py
[2024-04-12T09:08:17.871+0000] {processor.py:840} INFO - DAG(s) 'example_dag_decorator' retrieved from /home/airflow/.local/lib/python3.8/site-packages/airflow/example_dags/example_dag_decorator.py
[2024-04-12T09:08:17.902+0000] {logging_mixin.py:188} INFO - [2024-04-12T09:08:17.902+0000] {dag.py:3047} INFO - Sync 1 DAGs
[2024-04-12T09:08:17.918+0000] {logging_mixin.py:188} INFO - [2024-04-12T09:08:17.918+0000] {dag.py:3834} INFO - Setting next_dagrun for example_dag_decorator to None, run_after=None
[2024-04-12T09:08:17.949+0000] {processor.py:183} INFO - Processing /home/airflow/.local/lib/python3.8/site-packages/airflow/example_dags/example_dag_decorator.py took 0.207 seconds
[2024-04-12T09:08:48.027+0000] {processor.py:161} INFO - Started process (PID=825) to work on /home/airflow/.local/lib/python3.8/site-packages/airflow/example_dags/example_dag_decorator.py
[2024-04-12T09:08:48.028+0000] {processor.py:830} INFO - Processing file /home/airflow/.local/lib/python3.8/site-packages/airflow/example_dags/example_dag_decorator.py for tasks to queue
[2024-04-12T09:08:48.030+0000] {logging_mixin.py:188} INFO - [2024-04-12T09:08:48.029+0000] {dagbag.py:540} INFO - Filling up the DagBag from /home/airflow/.local/lib/python3.8/site-packages/airflow/example_dags/example_dag_decorator.py
[2024-04-12T09:08:48.132+0000] {processor.py:840} INFO - DAG(s) 'example_dag_decorator' retrieved from /home/airflow/.local/lib/python3.8/site-packages/airflow/example_dags/example_dag_decorator.py
[2024-04-12T09:08:48.249+0000] {logging_mixin.py:188} INFO - [2024-04-12T09:08:48.248+0000] {dag.py:3047} INFO - Sync 1 DAGs
[2024-04-12T09:08:48.264+0000] {logging_mixin.py:188} INFO - [2024-04-12T09:08:48.263+0000] {dag.py:3834} INFO - Setting next_dagrun for example_dag_decorator to None, run_after=None
[2024-04-12T09:08:48.295+0000] {processor.py:183} INFO - Processing /home/airflow/.local/lib/python3.8/site-packages/airflow/example_dags/example_dag_decorator.py took 0.271 seconds
[2024-04-12T09:09:18.448+0000] {processor.py:161} INFO - Started process (PID=883) to work on /home/airflow/.local/lib/python3.8/site-packages/airflow/example_dags/example_dag_decorator.py
[2024-04-12T09:09:18.450+0000] {processor.py:830} INFO - Processing file /home/airflow/.local/lib/python3.8/site-packages/airflow/example_dags/example_dag_decorator.py for tasks to queue
[2024-04-12T09:09:18.451+0000] {logging_mixin.py:188} INFO - [2024-04-12T09:09:18.451+0000] {dagbag.py:540} INFO - Filling up the DagBag from /home/airflow/.local/lib/python3.8/site-packages/airflow/example_dags/example_dag_decorator.py
[2024-04-12T09:09:18.572+0000] {processor.py:840} INFO - DAG(s) 'example_dag_decorator' retrieved from /home/airflow/.local/lib/python3.8/site-packages/airflow/example_dags/example_dag_decorator.py
[2024-04-12T09:09:18.694+0000] {logging_mixin.py:188} INFO - [2024-04-12T09:09:18.694+0000] {dag.py:3047} INFO - Sync 1 DAGs
[2024-04-12T09:09:18.709+0000] {logging_mixin.py:188} INFO - [2024-04-12T09:09:18.708+0000] {dag.py:3834} INFO - Setting next_dagrun for example_dag_decorator to None, run_after=None
[2024-04-12T09:09:18.739+0000] {processor.py:183} INFO - Processing /home/airflow/.local/lib/python3.8/site-packages/airflow/example_dags/example_dag_decorator.py took 0.293 seconds
[2024-04-12T09:09:49.028+0000] {processor.py:161} INFO - Started process (PID=941) to work on /home/airflow/.local/lib/python3.8/site-packages/airflow/example_dags/example_dag_decorator.py
[2024-04-12T09:09:49.031+0000] {processor.py:830} INFO - Processing file /home/airflow/.local/lib/python3.8/site-packages/airflow/example_dags/example_dag_decorator.py for tasks to queue
[2024-04-12T09:09:49.035+0000] {logging_mixin.py:188} INFO - [2024-04-12T09:09:49.034+0000] {dagbag.py:540} INFO - Filling up the DagBag from /home/airflow/.local/lib/python3.8/site-packages/airflow/example_dags/example_dag_decorator.py
[2024-04-12T09:09:49.354+0000] {processor.py:840} INFO - DAG(s) 'example_dag_decorator' retrieved from /home/airflow/.local/lib/python3.8/site-packages/airflow/example_dags/example_dag_decorator.py
[2024-04-12T09:09:49.786+0000] {logging_mixin.py:188} INFO - [2024-04-12T09:09:49.786+0000] {dag.py:3047} INFO - Sync 1 DAGs
[2024-04-12T09:09:49.819+0000] {logging_mixin.py:188} INFO - [2024-04-12T09:09:49.819+0000] {dag.py:3834} INFO - Setting next_dagrun for example_dag_decorator to None, run_after=None
[2024-04-12T09:09:49.874+0000] {processor.py:183} INFO - Processing /home/airflow/.local/lib/python3.8/site-packages/airflow/example_dags/example_dag_decorator.py took 0.851 seconds
[2024-04-12T09:10:21.239+0000] {processor.py:161} INFO - Started process (PID=998) to work on /home/airflow/.local/lib/python3.8/site-packages/airflow/example_dags/example_dag_decorator.py
[2024-04-12T09:10:21.247+0000] {processor.py:830} INFO - Processing file /home/airflow/.local/lib/python3.8/site-packages/airflow/example_dags/example_dag_decorator.py for tasks to queue
[2024-04-12T09:10:21.252+0000] {logging_mixin.py:188} INFO - [2024-04-12T09:10:21.251+0000] {dagbag.py:540} INFO - Filling up the DagBag from /home/airflow/.local/lib/python3.8/site-packages/airflow/example_dags/example_dag_decorator.py
[2024-04-12T09:10:22.857+0000] {processor.py:840} INFO - DAG(s) 'example_dag_decorator' retrieved from /home/airflow/.local/lib/python3.8/site-packages/airflow/example_dags/example_dag_decorator.py
[2024-04-12T09:10:23.648+0000] {logging_mixin.py:188} INFO - [2024-04-12T09:10:23.647+0000] {dag.py:3047} INFO - Sync 1 DAGs
[2024-04-12T09:10:23.715+0000] {logging_mixin.py:188} INFO - [2024-04-12T09:10:23.714+0000] {dag.py:3834} INFO - Setting next_dagrun for example_dag_decorator to None, run_after=None
[2024-04-12T09:10:24.920+0000] {processor.py:183} INFO - Processing /home/airflow/.local/lib/python3.8/site-packages/airflow/example_dags/example_dag_decorator.py took 3.696 seconds
[2024-04-12T09:10:55.478+0000] {processor.py:161} INFO - Started process (PID=1060) to work on /home/airflow/.local/lib/python3.8/site-packages/airflow/example_dags/example_dag_decorator.py
[2024-04-12T09:10:55.479+0000] {processor.py:830} INFO - Processing file /home/airflow/.local/lib/python3.8/site-packages/airflow/example_dags/example_dag_decorator.py for tasks to queue
[2024-04-12T09:10:55.480+0000] {logging_mixin.py:188} INFO - [2024-04-12T09:10:55.480+0000] {dagbag.py:540} INFO - Filling up the DagBag from /home/airflow/.local/lib/python3.8/site-packages/airflow/example_dags/example_dag_decorator.py
[2024-04-12T09:10:55.692+0000] {processor.py:840} INFO - DAG(s) 'example_dag_decorator' retrieved from /home/airflow/.local/lib/python3.8/site-packages/airflow/example_dags/example_dag_decorator.py
[2024-04-12T09:10:55.811+0000] {logging_mixin.py:188} INFO - [2024-04-12T09:10:55.811+0000] {dag.py:3047} INFO - Sync 1 DAGs
[2024-04-12T09:10:55.822+0000] {logging_mixin.py:188} INFO - [2024-04-12T09:10:55.822+0000] {dag.py:3834} INFO - Setting next_dagrun for example_dag_decorator to None, run_after=None
[2024-04-12T09:10:55.853+0000] {processor.py:183} INFO - Processing /home/airflow/.local/lib/python3.8/site-packages/airflow/example_dags/example_dag_decorator.py took 0.379 seconds
[2024-04-12T09:11:26.048+0000] {processor.py:161} INFO - Started process (PID=1118) to work on /home/airflow/.local/lib/python3.8/site-packages/airflow/example_dags/example_dag_decorator.py
[2024-04-12T09:11:26.050+0000] {processor.py:830} INFO - Processing file /home/airflow/.local/lib/python3.8/site-packages/airflow/example_dags/example_dag_decorator.py for tasks to queue
[2024-04-12T09:11:26.052+0000] {logging_mixin.py:188} INFO - [2024-04-12T09:11:26.052+0000] {dagbag.py:540} INFO - Filling up the DagBag from /home/airflow/.local/lib/python3.8/site-packages/airflow/example_dags/example_dag_decorator.py
[2024-04-12T09:11:26.257+0000] {processor.py:840} INFO - DAG(s) 'example_dag_decorator' retrieved from /home/airflow/.local/lib/python3.8/site-packages/airflow/example_dags/example_dag_decorator.py
[2024-04-12T09:11:26.409+0000] {logging_mixin.py:188} INFO - [2024-04-12T09:11:26.409+0000] {dag.py:3047} INFO - Sync 1 DAGs
[2024-04-12T09:11:26.425+0000] {logging_mixin.py:188} INFO - [2024-04-12T09:11:26.425+0000] {dag.py:3834} INFO - Setting next_dagrun for example_dag_decorator to None, run_after=None
[2024-04-12T09:11:26.469+0000] {processor.py:183} INFO - Processing /home/airflow/.local/lib/python3.8/site-packages/airflow/example_dags/example_dag_decorator.py took 0.429 seconds
[2024-04-12T09:11:57.158+0000] {processor.py:161} INFO - Started process (PID=1176) to work on /home/airflow/.local/lib/python3.8/site-packages/airflow/example_dags/example_dag_decorator.py
[2024-04-12T09:11:57.160+0000] {processor.py:830} INFO - Processing file /home/airflow/.local/lib/python3.8/site-packages/airflow/example_dags/example_dag_decorator.py for tasks to queue
[2024-04-12T09:11:57.162+0000] {logging_mixin.py:188} INFO - [2024-04-12T09:11:57.161+0000] {dagbag.py:540} INFO - Filling up the DagBag from /home/airflow/.local/lib/python3.8/site-packages/airflow/example_dags/example_dag_decorator.py
[2024-04-12T09:11:57.263+0000] {processor.py:840} INFO - DAG(s) 'example_dag_decorator' retrieved from /home/airflow/.local/lib/python3.8/site-packages/airflow/example_dags/example_dag_decorator.py
[2024-04-12T09:11:57.359+0000] {logging_mixin.py:188} INFO - [2024-04-12T09:11:57.359+0000] {dag.py:3047} INFO - Sync 1 DAGs
[2024-04-12T09:11:57.369+0000] {logging_mixin.py:188} INFO - [2024-04-12T09:11:57.369+0000] {dag.py:3834} INFO - Setting next_dagrun for example_dag_decorator to None, run_after=None
[2024-04-12T09:11:57.395+0000] {processor.py:183} INFO - Processing /home/airflow/.local/lib/python3.8/site-packages/airflow/example_dags/example_dag_decorator.py took 0.239 seconds
[2024-04-12T09:12:27.619+0000] {processor.py:161} INFO - Started process (PID=1232) to work on /home/airflow/.local/lib/python3.8/site-packages/airflow/example_dags/example_dag_decorator.py
[2024-04-12T09:12:27.621+0000] {processor.py:830} INFO - Processing file /home/airflow/.local/lib/python3.8/site-packages/airflow/example_dags/example_dag_decorator.py for tasks to queue
[2024-04-12T09:12:27.623+0000] {logging_mixin.py:188} INFO - [2024-04-12T09:12:27.622+0000] {dagbag.py:540} INFO - Filling up the DagBag from /home/airflow/.local/lib/python3.8/site-packages/airflow/example_dags/example_dag_decorator.py
[2024-04-12T09:12:27.751+0000] {processor.py:840} INFO - DAG(s) 'example_dag_decorator' retrieved from /home/airflow/.local/lib/python3.8/site-packages/airflow/example_dags/example_dag_decorator.py
[2024-04-12T09:12:27.922+0000] {logging_mixin.py:188} INFO - [2024-04-12T09:12:27.922+0000] {dag.py:3047} INFO - Sync 1 DAGs
[2024-04-12T09:12:27.933+0000] {logging_mixin.py:188} INFO - [2024-04-12T09:12:27.933+0000] {dag.py:3834} INFO - Setting next_dagrun for example_dag_decorator to None, run_after=None
[2024-04-12T09:12:27.959+0000] {processor.py:183} INFO - Processing /home/airflow/.local/lib/python3.8/site-packages/airflow/example_dags/example_dag_decorator.py took 0.346 seconds
[2024-04-12T09:12:58.371+0000] {processor.py:161} INFO - Started process (PID=1289) to work on /home/airflow/.local/lib/python3.8/site-packages/airflow/example_dags/example_dag_decorator.py
[2024-04-12T09:12:58.373+0000] {processor.py:830} INFO - Processing file /home/airflow/.local/lib/python3.8/site-packages/airflow/example_dags/example_dag_decorator.py for tasks to queue
[2024-04-12T09:12:58.375+0000] {logging_mixin.py:188} INFO - [2024-04-12T09:12:58.374+0000] {dagbag.py:540} INFO - Filling up the DagBag from /home/airflow/.local/lib/python3.8/site-packages/airflow/example_dags/example_dag_decorator.py
[2024-04-12T09:12:58.762+0000] {processor.py:840} INFO - DAG(s) 'example_dag_decorator' retrieved from /home/airflow/.local/lib/python3.8/site-packages/airflow/example_dags/example_dag_decorator.py
[2024-04-12T09:12:59.234+0000] {logging_mixin.py:188} INFO - [2024-04-12T09:12:59.234+0000] {dag.py:3047} INFO - Sync 1 DAGs
[2024-04-12T09:12:59.245+0000] {logging_mixin.py:188} INFO - [2024-04-12T09:12:59.245+0000] {dag.py:3834} INFO - Setting next_dagrun for example_dag_decorator to None, run_after=None
[2024-04-12T09:12:59.292+0000] {processor.py:183} INFO - Processing /home/airflow/.local/lib/python3.8/site-packages/airflow/example_dags/example_dag_decorator.py took 0.923 seconds
[2024-04-12T09:13:30.170+0000] {processor.py:161} INFO - Started process (PID=1349) to work on /home/airflow/.local/lib/python3.8/site-packages/airflow/example_dags/example_dag_decorator.py
[2024-04-12T09:13:30.171+0000] {processor.py:830} INFO - Processing file /home/airflow/.local/lib/python3.8/site-packages/airflow/example_dags/example_dag_decorator.py for tasks to queue
[2024-04-12T09:13:30.173+0000] {logging_mixin.py:188} INFO - [2024-04-12T09:13:30.173+0000] {dagbag.py:540} INFO - Filling up the DagBag from /home/airflow/.local/lib/python3.8/site-packages/airflow/example_dags/example_dag_decorator.py
[2024-04-12T09:13:30.375+0000] {processor.py:840} INFO - DAG(s) 'example_dag_decorator' retrieved from /home/airflow/.local/lib/python3.8/site-packages/airflow/example_dags/example_dag_decorator.py
[2024-04-12T09:13:30.882+0000] {logging_mixin.py:188} INFO - [2024-04-12T09:13:30.882+0000] {dag.py:3047} INFO - Sync 1 DAGs
[2024-04-12T09:13:30.897+0000] {logging_mixin.py:188} INFO - [2024-04-12T09:13:30.896+0000] {dag.py:3834} INFO - Setting next_dagrun for example_dag_decorator to None, run_after=None
[2024-04-12T09:13:30.939+0000] {processor.py:183} INFO - Processing /home/airflow/.local/lib/python3.8/site-packages/airflow/example_dags/example_dag_decorator.py took 0.772 seconds
[2024-04-12T09:14:01.225+0000] {processor.py:161} INFO - Started process (PID=1410) to work on /home/airflow/.local/lib/python3.8/site-packages/airflow/example_dags/example_dag_decorator.py
[2024-04-12T09:14:01.226+0000] {processor.py:830} INFO - Processing file /home/airflow/.local/lib/python3.8/site-packages/airflow/example_dags/example_dag_decorator.py for tasks to queue
[2024-04-12T09:14:01.227+0000] {logging_mixin.py:188} INFO - [2024-04-12T09:14:01.227+0000] {dagbag.py:540} INFO - Filling up the DagBag from /home/airflow/.local/lib/python3.8/site-packages/airflow/example_dags/example_dag_decorator.py
[2024-04-12T09:14:01.377+0000] {processor.py:840} INFO - DAG(s) 'example_dag_decorator' retrieved from /home/airflow/.local/lib/python3.8/site-packages/airflow/example_dags/example_dag_decorator.py
[2024-04-12T09:14:01.708+0000] {logging_mixin.py:188} INFO - [2024-04-12T09:14:01.708+0000] {dag.py:3047} INFO - Sync 1 DAGs
[2024-04-12T09:14:01.720+0000] {logging_mixin.py:188} INFO - [2024-04-12T09:14:01.720+0000] {dag.py:3834} INFO - Setting next_dagrun for example_dag_decorator to None, run_after=None
[2024-04-12T09:14:01.747+0000] {processor.py:183} INFO - Processing /home/airflow/.local/lib/python3.8/site-packages/airflow/example_dags/example_dag_decorator.py took 0.525 seconds
[2024-04-12T09:14:32.522+0000] {processor.py:161} INFO - Started process (PID=1467) to work on /home/airflow/.local/lib/python3.8/site-packages/airflow/example_dags/example_dag_decorator.py
[2024-04-12T09:14:32.523+0000] {processor.py:830} INFO - Processing file /home/airflow/.local/lib/python3.8/site-packages/airflow/example_dags/example_dag_decorator.py for tasks to queue
[2024-04-12T09:14:32.524+0000] {logging_mixin.py:188} INFO - [2024-04-12T09:14:32.524+0000] {dagbag.py:540} INFO - Filling up the DagBag from /home/airflow/.local/lib/python3.8/site-packages/airflow/example_dags/example_dag_decorator.py
[2024-04-12T09:14:32.664+0000] {processor.py:840} INFO - DAG(s) 'example_dag_decorator' retrieved from /home/airflow/.local/lib/python3.8/site-packages/airflow/example_dags/example_dag_decorator.py
[2024-04-12T09:14:32.789+0000] {logging_mixin.py:188} INFO - [2024-04-12T09:14:32.789+0000] {dag.py:3047} INFO - Sync 1 DAGs
[2024-04-12T09:14:33.067+0000] {logging_mixin.py:188} INFO - [2024-04-12T09:14:33.066+0000] {dag.py:3834} INFO - Setting next_dagrun for example_dag_decorator to None, run_after=None
[2024-04-12T09:14:33.101+0000] {processor.py:183} INFO - Processing /home/airflow/.local/lib/python3.8/site-packages/airflow/example_dags/example_dag_decorator.py took 0.584 seconds
[2024-04-12T09:15:03.851+0000] {processor.py:161} INFO - Started process (PID=1526) to work on /home/airflow/.local/lib/python3.8/site-packages/airflow/example_dags/example_dag_decorator.py
[2024-04-12T09:15:03.852+0000] {processor.py:830} INFO - Processing file /home/airflow/.local/lib/python3.8/site-packages/airflow/example_dags/example_dag_decorator.py for tasks to queue
[2024-04-12T09:15:03.855+0000] {logging_mixin.py:188} INFO - [2024-04-12T09:15:03.854+0000] {dagbag.py:540} INFO - Filling up the DagBag from /home/airflow/.local/lib/python3.8/site-packages/airflow/example_dags/example_dag_decorator.py
[2024-04-12T09:15:03.977+0000] {processor.py:840} INFO - DAG(s) 'example_dag_decorator' retrieved from /home/airflow/.local/lib/python3.8/site-packages/airflow/example_dags/example_dag_decorator.py
[2024-04-12T09:15:04.113+0000] {logging_mixin.py:188} INFO - [2024-04-12T09:15:04.113+0000] {dag.py:3047} INFO - Sync 1 DAGs
[2024-04-12T09:15:04.131+0000] {logging_mixin.py:188} INFO - [2024-04-12T09:15:04.131+0000] {dag.py:3834} INFO - Setting next_dagrun for example_dag_decorator to None, run_after=None
[2024-04-12T09:15:04.348+0000] {processor.py:183} INFO - Processing /home/airflow/.local/lib/python3.8/site-packages/airflow/example_dags/example_dag_decorator.py took 0.500 seconds
[2024-04-12T09:15:34.620+0000] {processor.py:161} INFO - Started process (PID=1584) to work on /home/airflow/.local/lib/python3.8/site-packages/airflow/example_dags/example_dag_decorator.py
[2024-04-12T09:15:34.623+0000] {processor.py:830} INFO - Processing file /home/airflow/.local/lib/python3.8/site-packages/airflow/example_dags/example_dag_decorator.py for tasks to queue
[2024-04-12T09:15:34.630+0000] {logging_mixin.py:188} INFO - [2024-04-12T09:15:34.629+0000] {dagbag.py:540} INFO - Filling up the DagBag from /home/airflow/.local/lib/python3.8/site-packages/airflow/example_dags/example_dag_decorator.py
[2024-04-12T09:15:34.777+0000] {processor.py:840} INFO - DAG(s) 'example_dag_decorator' retrieved from /home/airflow/.local/lib/python3.8/site-packages/airflow/example_dags/example_dag_decorator.py
[2024-04-12T09:15:34.926+0000] {logging_mixin.py:188} INFO - [2024-04-12T09:15:34.926+0000] {dag.py:3047} INFO - Sync 1 DAGs
[2024-04-12T09:15:34.962+0000] {logging_mixin.py:188} INFO - [2024-04-12T09:15:34.961+0000] {dag.py:3834} INFO - Setting next_dagrun for example_dag_decorator to None, run_after=None
[2024-04-12T09:15:35.518+0000] {processor.py:183} INFO - Processing /home/airflow/.local/lib/python3.8/site-packages/airflow/example_dags/example_dag_decorator.py took 0.907 seconds
[2024-04-12T09:16:06.403+0000] {processor.py:161} INFO - Started process (PID=1643) to work on /home/airflow/.local/lib/python3.8/site-packages/airflow/example_dags/example_dag_decorator.py
[2024-04-12T09:16:06.407+0000] {processor.py:830} INFO - Processing file /home/airflow/.local/lib/python3.8/site-packages/airflow/example_dags/example_dag_decorator.py for tasks to queue
[2024-04-12T09:16:06.410+0000] {logging_mixin.py:188} INFO - [2024-04-12T09:16:06.410+0000] {dagbag.py:540} INFO - Filling up the DagBag from /home/airflow/.local/lib/python3.8/site-packages/airflow/example_dags/example_dag_decorator.py
[2024-04-12T09:16:06.548+0000] {processor.py:840} INFO - DAG(s) 'example_dag_decorator' retrieved from /home/airflow/.local/lib/python3.8/site-packages/airflow/example_dags/example_dag_decorator.py
[2024-04-12T09:16:06.931+0000] {logging_mixin.py:188} INFO - [2024-04-12T09:16:06.931+0000] {dag.py:3047} INFO - Sync 1 DAGs
[2024-04-12T09:16:06.944+0000] {logging_mixin.py:188} INFO - [2024-04-12T09:16:06.943+0000] {dag.py:3834} INFO - Setting next_dagrun for example_dag_decorator to None, run_after=None
[2024-04-12T09:16:06.993+0000] {processor.py:183} INFO - Processing /home/airflow/.local/lib/python3.8/site-packages/airflow/example_dags/example_dag_decorator.py took 0.595 seconds
