[2024-04-12T09:01:26.098+0000] {processor.py:161} INFO - Started process (PID=61) to work on /home/airflow/.local/lib/python3.8/site-packages/airflow/example_dags/example_setup_teardown.py
[2024-04-12T09:01:26.101+0000] {processor.py:830} INFO - Processing file /home/airflow/.local/lib/python3.8/site-packages/airflow/example_dags/example_setup_teardown.py for tasks to queue
[2024-04-12T09:01:26.178+0000] {logging_mixin.py:188} INFO - [2024-04-12T09:01:26.145+0000] {dagbag.py:540} INFO - Filling up the DagBag from /home/airflow/.local/lib/python3.8/site-packages/airflow/example_dags/example_setup_teardown.py
[2024-04-12T09:01:26.354+0000] {processor.py:840} INFO - DAG(s) 'example_setup_teardown' retrieved from /home/airflow/.local/lib/python3.8/site-packages/airflow/example_dags/example_setup_teardown.py
[2024-04-12T09:01:27.218+0000] {logging_mixin.py:188} INFO - [2024-04-12T09:01:27.216+0000] {override.py:1769} INFO - Created Permission View: can read on DAG:example_setup_teardown
[2024-04-12T09:01:27.290+0000] {logging_mixin.py:188} INFO - [2024-04-12T09:01:27.289+0000] {override.py:1769} INFO - Created Permission View: can edit on DAG:example_setup_teardown
[2024-04-12T09:01:27.338+0000] {logging_mixin.py:188} INFO - [2024-04-12T09:01:27.336+0000] {override.py:1769} INFO - Created Permission View: can delete on DAG:example_setup_teardown
[2024-04-12T09:01:27.344+0000] {logging_mixin.py:188} INFO - [2024-04-12T09:01:27.343+0000] {dag.py:3047} INFO - Sync 1 DAGs
[2024-04-12T09:01:27.431+0000] {logging_mixin.py:188} INFO - [2024-04-12T09:01:27.430+0000] {dag.py:3069} INFO - Creating ORM DAG for example_setup_teardown
[2024-04-12T09:01:27.476+0000] {logging_mixin.py:188} INFO - [2024-04-12T09:01:27.475+0000] {dag.py:3834} INFO - Setting next_dagrun for example_setup_teardown to 2024-04-11 00:00:00+00:00, run_after=2024-04-12 00:00:00+00:00
[2024-04-12T09:01:27.593+0000] {processor.py:183} INFO - Processing /home/airflow/.local/lib/python3.8/site-packages/airflow/example_dags/example_setup_teardown.py took 1.514 seconds
[2024-04-12T09:01:57.920+0000] {processor.py:161} INFO - Started process (PID=119) to work on /home/airflow/.local/lib/python3.8/site-packages/airflow/example_dags/example_setup_teardown.py
[2024-04-12T09:01:57.921+0000] {processor.py:830} INFO - Processing file /home/airflow/.local/lib/python3.8/site-packages/airflow/example_dags/example_setup_teardown.py for tasks to queue
[2024-04-12T09:01:57.923+0000] {logging_mixin.py:188} INFO - [2024-04-12T09:01:57.923+0000] {dagbag.py:540} INFO - Filling up the DagBag from /home/airflow/.local/lib/python3.8/site-packages/airflow/example_dags/example_setup_teardown.py
[2024-04-12T09:01:57.931+0000] {processor.py:840} INFO - DAG(s) 'example_setup_teardown' retrieved from /home/airflow/.local/lib/python3.8/site-packages/airflow/example_dags/example_setup_teardown.py
[2024-04-12T09:01:57.983+0000] {logging_mixin.py:188} INFO - [2024-04-12T09:01:57.983+0000] {dag.py:3047} INFO - Sync 1 DAGs
[2024-04-12T09:01:58.019+0000] {logging_mixin.py:188} INFO - [2024-04-12T09:01:58.019+0000] {dag.py:3834} INFO - Setting next_dagrun for example_setup_teardown to 2024-04-11 00:00:00+00:00, run_after=2024-04-12 00:00:00+00:00
[2024-04-12T09:01:58.047+0000] {processor.py:183} INFO - Processing /home/airflow/.local/lib/python3.8/site-packages/airflow/example_dags/example_setup_teardown.py took 0.130 seconds
[2024-04-12T09:02:43.373+0000] {processor.py:161} INFO - Started process (PID=181) to work on /home/airflow/.local/lib/python3.8/site-packages/airflow/example_dags/example_setup_teardown.py
[2024-04-12T09:02:43.376+0000] {processor.py:830} INFO - Processing file /home/airflow/.local/lib/python3.8/site-packages/airflow/example_dags/example_setup_teardown.py for tasks to queue
[2024-04-12T09:02:43.378+0000] {logging_mixin.py:188} INFO - [2024-04-12T09:02:43.378+0000] {dagbag.py:540} INFO - Filling up the DagBag from /home/airflow/.local/lib/python3.8/site-packages/airflow/example_dags/example_setup_teardown.py
[2024-04-12T09:02:43.388+0000] {processor.py:840} INFO - DAG(s) 'example_setup_teardown' retrieved from /home/airflow/.local/lib/python3.8/site-packages/airflow/example_dags/example_setup_teardown.py
[2024-04-12T09:02:43.417+0000] {logging_mixin.py:188} INFO - [2024-04-12T09:02:43.417+0000] {dag.py:3047} INFO - Sync 1 DAGs
[2024-04-12T09:02:43.448+0000] {logging_mixin.py:188} INFO - [2024-04-12T09:02:43.448+0000] {dag.py:3834} INFO - Setting next_dagrun for example_setup_teardown to 2024-04-11 00:00:00+00:00, run_after=2024-04-12 00:00:00+00:00
[2024-04-12T09:02:43.485+0000] {processor.py:183} INFO - Processing /home/airflow/.local/lib/python3.8/site-packages/airflow/example_dags/example_setup_teardown.py took 0.116 seconds
[2024-04-12T09:03:13.673+0000] {processor.py:161} INFO - Started process (PID=241) to work on /home/airflow/.local/lib/python3.8/site-packages/airflow/example_dags/example_setup_teardown.py
[2024-04-12T09:03:13.674+0000] {processor.py:830} INFO - Processing file /home/airflow/.local/lib/python3.8/site-packages/airflow/example_dags/example_setup_teardown.py for tasks to queue
[2024-04-12T09:03:13.678+0000] {logging_mixin.py:188} INFO - [2024-04-12T09:03:13.677+0000] {dagbag.py:540} INFO - Filling up the DagBag from /home/airflow/.local/lib/python3.8/site-packages/airflow/example_dags/example_setup_teardown.py
[2024-04-12T09:03:13.690+0000] {processor.py:840} INFO - DAG(s) 'example_setup_teardown' retrieved from /home/airflow/.local/lib/python3.8/site-packages/airflow/example_dags/example_setup_teardown.py
[2024-04-12T09:03:13.727+0000] {logging_mixin.py:188} INFO - [2024-04-12T09:03:13.726+0000] {dag.py:3047} INFO - Sync 1 DAGs
[2024-04-12T09:03:13.766+0000] {logging_mixin.py:188} INFO - [2024-04-12T09:03:13.766+0000] {dag.py:3834} INFO - Setting next_dagrun for example_setup_teardown to 2024-04-11 00:00:00+00:00, run_after=2024-04-12 00:00:00+00:00
[2024-04-12T09:03:13.810+0000] {processor.py:183} INFO - Processing /home/airflow/.local/lib/python3.8/site-packages/airflow/example_dags/example_setup_teardown.py took 0.142 seconds
[2024-04-12T09:03:44.203+0000] {processor.py:161} INFO - Started process (PID=299) to work on /home/airflow/.local/lib/python3.8/site-packages/airflow/example_dags/example_setup_teardown.py
[2024-04-12T09:03:44.205+0000] {processor.py:830} INFO - Processing file /home/airflow/.local/lib/python3.8/site-packages/airflow/example_dags/example_setup_teardown.py for tasks to queue
[2024-04-12T09:03:44.210+0000] {logging_mixin.py:188} INFO - [2024-04-12T09:03:44.208+0000] {dagbag.py:540} INFO - Filling up the DagBag from /home/airflow/.local/lib/python3.8/site-packages/airflow/example_dags/example_setup_teardown.py
[2024-04-12T09:03:44.224+0000] {processor.py:840} INFO - DAG(s) 'example_setup_teardown' retrieved from /home/airflow/.local/lib/python3.8/site-packages/airflow/example_dags/example_setup_teardown.py
[2024-04-12T09:03:44.252+0000] {logging_mixin.py:188} INFO - [2024-04-12T09:03:44.251+0000] {dag.py:3047} INFO - Sync 1 DAGs
[2024-04-12T09:03:44.284+0000] {logging_mixin.py:188} INFO - [2024-04-12T09:03:44.283+0000] {dag.py:3834} INFO - Setting next_dagrun for example_setup_teardown to 2024-04-11 00:00:00+00:00, run_after=2024-04-12 00:00:00+00:00
[2024-04-12T09:03:44.317+0000] {processor.py:183} INFO - Processing /home/airflow/.local/lib/python3.8/site-packages/airflow/example_dags/example_setup_teardown.py took 0.126 seconds
[2024-04-12T09:04:14.393+0000] {processor.py:161} INFO - Started process (PID=356) to work on /home/airflow/.local/lib/python3.8/site-packages/airflow/example_dags/example_setup_teardown.py
[2024-04-12T09:04:14.395+0000] {processor.py:830} INFO - Processing file /home/airflow/.local/lib/python3.8/site-packages/airflow/example_dags/example_setup_teardown.py for tasks to queue
[2024-04-12T09:04:14.400+0000] {logging_mixin.py:188} INFO - [2024-04-12T09:04:14.399+0000] {dagbag.py:540} INFO - Filling up the DagBag from /home/airflow/.local/lib/python3.8/site-packages/airflow/example_dags/example_setup_teardown.py
[2024-04-12T09:04:14.412+0000] {processor.py:840} INFO - DAG(s) 'example_setup_teardown' retrieved from /home/airflow/.local/lib/python3.8/site-packages/airflow/example_dags/example_setup_teardown.py
[2024-04-12T09:04:14.448+0000] {logging_mixin.py:188} INFO - [2024-04-12T09:04:14.447+0000] {dag.py:3047} INFO - Sync 1 DAGs
[2024-04-12T09:04:14.494+0000] {logging_mixin.py:188} INFO - [2024-04-12T09:04:14.493+0000] {dag.py:3834} INFO - Setting next_dagrun for example_setup_teardown to 2024-04-11 00:00:00+00:00, run_after=2024-04-12 00:00:00+00:00
[2024-04-12T09:04:14.571+0000] {processor.py:183} INFO - Processing /home/airflow/.local/lib/python3.8/site-packages/airflow/example_dags/example_setup_teardown.py took 0.183 seconds
[2024-04-12T09:05:13.560+0000] {processor.py:161} INFO - Started process (PID=421) to work on /home/airflow/.local/lib/python3.8/site-packages/airflow/example_dags/example_setup_teardown.py
[2024-04-12T09:05:13.562+0000] {processor.py:830} INFO - Processing file /home/airflow/.local/lib/python3.8/site-packages/airflow/example_dags/example_setup_teardown.py for tasks to queue
[2024-04-12T09:05:13.564+0000] {logging_mixin.py:188} INFO - [2024-04-12T09:05:13.564+0000] {dagbag.py:540} INFO - Filling up the DagBag from /home/airflow/.local/lib/python3.8/site-packages/airflow/example_dags/example_setup_teardown.py
[2024-04-12T09:05:13.575+0000] {processor.py:840} INFO - DAG(s) 'example_setup_teardown' retrieved from /home/airflow/.local/lib/python3.8/site-packages/airflow/example_dags/example_setup_teardown.py
[2024-04-12T09:05:13.606+0000] {logging_mixin.py:188} INFO - [2024-04-12T09:05:13.606+0000] {dag.py:3047} INFO - Sync 1 DAGs
[2024-04-12T09:05:13.641+0000] {logging_mixin.py:188} INFO - [2024-04-12T09:05:13.640+0000] {dag.py:3834} INFO - Setting next_dagrun for example_setup_teardown to 2024-04-11 00:00:00+00:00, run_after=2024-04-12 00:00:00+00:00
[2024-04-12T09:05:13.686+0000] {processor.py:183} INFO - Processing /home/airflow/.local/lib/python3.8/site-packages/airflow/example_dags/example_setup_teardown.py took 0.130 seconds
[2024-04-12T09:05:43.892+0000] {processor.py:161} INFO - Started process (PID=478) to work on /home/airflow/.local/lib/python3.8/site-packages/airflow/example_dags/example_setup_teardown.py
[2024-04-12T09:05:43.894+0000] {processor.py:830} INFO - Processing file /home/airflow/.local/lib/python3.8/site-packages/airflow/example_dags/example_setup_teardown.py for tasks to queue
[2024-04-12T09:05:43.895+0000] {logging_mixin.py:188} INFO - [2024-04-12T09:05:43.895+0000] {dagbag.py:540} INFO - Filling up the DagBag from /home/airflow/.local/lib/python3.8/site-packages/airflow/example_dags/example_setup_teardown.py
[2024-04-12T09:05:43.907+0000] {processor.py:840} INFO - DAG(s) 'example_setup_teardown' retrieved from /home/airflow/.local/lib/python3.8/site-packages/airflow/example_dags/example_setup_teardown.py
[2024-04-12T09:05:43.938+0000] {logging_mixin.py:188} INFO - [2024-04-12T09:05:43.937+0000] {dag.py:3047} INFO - Sync 1 DAGs
[2024-04-12T09:05:43.967+0000] {logging_mixin.py:188} INFO - [2024-04-12T09:05:43.967+0000] {dag.py:3834} INFO - Setting next_dagrun for example_setup_teardown to 2024-04-11 00:00:00+00:00, run_after=2024-04-12 00:00:00+00:00
[2024-04-12T09:05:44.000+0000] {processor.py:183} INFO - Processing /home/airflow/.local/lib/python3.8/site-packages/airflow/example_dags/example_setup_teardown.py took 0.111 seconds
[2024-04-12T09:06:14.048+0000] {processor.py:161} INFO - Started process (PID=537) to work on /home/airflow/.local/lib/python3.8/site-packages/airflow/example_dags/example_setup_teardown.py
[2024-04-12T09:06:14.049+0000] {processor.py:830} INFO - Processing file /home/airflow/.local/lib/python3.8/site-packages/airflow/example_dags/example_setup_teardown.py for tasks to queue
[2024-04-12T09:06:14.051+0000] {logging_mixin.py:188} INFO - [2024-04-12T09:06:14.050+0000] {dagbag.py:540} INFO - Filling up the DagBag from /home/airflow/.local/lib/python3.8/site-packages/airflow/example_dags/example_setup_teardown.py
[2024-04-12T09:06:14.061+0000] {processor.py:840} INFO - DAG(s) 'example_setup_teardown' retrieved from /home/airflow/.local/lib/python3.8/site-packages/airflow/example_dags/example_setup_teardown.py
[2024-04-12T09:06:14.085+0000] {logging_mixin.py:188} INFO - [2024-04-12T09:06:14.084+0000] {dag.py:3047} INFO - Sync 1 DAGs
[2024-04-12T09:06:14.111+0000] {logging_mixin.py:188} INFO - [2024-04-12T09:06:14.111+0000] {dag.py:3834} INFO - Setting next_dagrun for example_setup_teardown to 2024-04-11 00:00:00+00:00, run_after=2024-04-12 00:00:00+00:00
[2024-04-12T09:06:14.144+0000] {processor.py:183} INFO - Processing /home/airflow/.local/lib/python3.8/site-packages/airflow/example_dags/example_setup_teardown.py took 0.100 seconds
[2024-04-12T09:06:45.013+0000] {processor.py:161} INFO - Started process (PID=593) to work on /home/airflow/.local/lib/python3.8/site-packages/airflow/example_dags/example_setup_teardown.py
[2024-04-12T09:06:45.014+0000] {processor.py:830} INFO - Processing file /home/airflow/.local/lib/python3.8/site-packages/airflow/example_dags/example_setup_teardown.py for tasks to queue
[2024-04-12T09:06:45.016+0000] {logging_mixin.py:188} INFO - [2024-04-12T09:06:45.015+0000] {dagbag.py:540} INFO - Filling up the DagBag from /home/airflow/.local/lib/python3.8/site-packages/airflow/example_dags/example_setup_teardown.py
[2024-04-12T09:06:45.026+0000] {processor.py:840} INFO - DAG(s) 'example_setup_teardown' retrieved from /home/airflow/.local/lib/python3.8/site-packages/airflow/example_dags/example_setup_teardown.py
[2024-04-12T09:06:45.048+0000] {logging_mixin.py:188} INFO - [2024-04-12T09:06:45.048+0000] {dag.py:3047} INFO - Sync 1 DAGs
[2024-04-12T09:06:45.078+0000] {logging_mixin.py:188} INFO - [2024-04-12T09:06:45.078+0000] {dag.py:3834} INFO - Setting next_dagrun for example_setup_teardown to 2024-04-11 00:00:00+00:00, run_after=2024-04-12 00:00:00+00:00
[2024-04-12T09:06:45.108+0000] {processor.py:183} INFO - Processing /home/airflow/.local/lib/python3.8/site-packages/airflow/example_dags/example_setup_teardown.py took 0.098 seconds
[2024-04-12T09:07:15.307+0000] {processor.py:161} INFO - Started process (PID=650) to work on /home/airflow/.local/lib/python3.8/site-packages/airflow/example_dags/example_setup_teardown.py
[2024-04-12T09:07:15.309+0000] {processor.py:830} INFO - Processing file /home/airflow/.local/lib/python3.8/site-packages/airflow/example_dags/example_setup_teardown.py for tasks to queue
[2024-04-12T09:07:15.311+0000] {logging_mixin.py:188} INFO - [2024-04-12T09:07:15.310+0000] {dagbag.py:540} INFO - Filling up the DagBag from /home/airflow/.local/lib/python3.8/site-packages/airflow/example_dags/example_setup_teardown.py
[2024-04-12T09:07:15.318+0000] {processor.py:840} INFO - DAG(s) 'example_setup_teardown' retrieved from /home/airflow/.local/lib/python3.8/site-packages/airflow/example_dags/example_setup_teardown.py
[2024-04-12T09:07:15.342+0000] {logging_mixin.py:188} INFO - [2024-04-12T09:07:15.341+0000] {dag.py:3047} INFO - Sync 1 DAGs
[2024-04-12T09:07:15.365+0000] {logging_mixin.py:188} INFO - [2024-04-12T09:07:15.365+0000] {dag.py:3834} INFO - Setting next_dagrun for example_setup_teardown to 2024-04-11 00:00:00+00:00, run_after=2024-04-12 00:00:00+00:00
[2024-04-12T09:07:15.394+0000] {processor.py:183} INFO - Processing /home/airflow/.local/lib/python3.8/site-packages/airflow/example_dags/example_setup_teardown.py took 0.090 seconds
[2024-04-12T09:07:46.147+0000] {processor.py:161} INFO - Started process (PID=708) to work on /home/airflow/.local/lib/python3.8/site-packages/airflow/example_dags/example_setup_teardown.py
[2024-04-12T09:07:46.148+0000] {processor.py:830} INFO - Processing file /home/airflow/.local/lib/python3.8/site-packages/airflow/example_dags/example_setup_teardown.py for tasks to queue
[2024-04-12T09:07:46.149+0000] {logging_mixin.py:188} INFO - [2024-04-12T09:07:46.149+0000] {dagbag.py:540} INFO - Filling up the DagBag from /home/airflow/.local/lib/python3.8/site-packages/airflow/example_dags/example_setup_teardown.py
[2024-04-12T09:07:46.155+0000] {processor.py:840} INFO - DAG(s) 'example_setup_teardown' retrieved from /home/airflow/.local/lib/python3.8/site-packages/airflow/example_dags/example_setup_teardown.py
[2024-04-12T09:07:46.179+0000] {logging_mixin.py:188} INFO - [2024-04-12T09:07:46.179+0000] {dag.py:3047} INFO - Sync 1 DAGs
[2024-04-12T09:07:46.201+0000] {logging_mixin.py:188} INFO - [2024-04-12T09:07:46.200+0000] {dag.py:3834} INFO - Setting next_dagrun for example_setup_teardown to 2024-04-11 00:00:00+00:00, run_after=2024-04-12 00:00:00+00:00
[2024-04-12T09:07:46.228+0000] {processor.py:183} INFO - Processing /home/airflow/.local/lib/python3.8/site-packages/airflow/example_dags/example_setup_teardown.py took 0.084 seconds
[2024-04-12T09:08:16.747+0000] {processor.py:161} INFO - Started process (PID=766) to work on /home/airflow/.local/lib/python3.8/site-packages/airflow/example_dags/example_setup_teardown.py
[2024-04-12T09:08:16.748+0000] {processor.py:830} INFO - Processing file /home/airflow/.local/lib/python3.8/site-packages/airflow/example_dags/example_setup_teardown.py for tasks to queue
[2024-04-12T09:08:16.749+0000] {logging_mixin.py:188} INFO - [2024-04-12T09:08:16.749+0000] {dagbag.py:540} INFO - Filling up the DagBag from /home/airflow/.local/lib/python3.8/site-packages/airflow/example_dags/example_setup_teardown.py
[2024-04-12T09:08:16.762+0000] {processor.py:840} INFO - DAG(s) 'example_setup_teardown' retrieved from /home/airflow/.local/lib/python3.8/site-packages/airflow/example_dags/example_setup_teardown.py
[2024-04-12T09:08:16.785+0000] {logging_mixin.py:188} INFO - [2024-04-12T09:08:16.785+0000] {dag.py:3047} INFO - Sync 1 DAGs
[2024-04-12T09:08:16.814+0000] {logging_mixin.py:188} INFO - [2024-04-12T09:08:16.814+0000] {dag.py:3834} INFO - Setting next_dagrun for example_setup_teardown to 2024-04-11 00:00:00+00:00, run_after=2024-04-12 00:00:00+00:00
[2024-04-12T09:08:16.842+0000] {processor.py:183} INFO - Processing /home/airflow/.local/lib/python3.8/site-packages/airflow/example_dags/example_setup_teardown.py took 0.099 seconds
[2024-04-12T09:08:47.024+0000] {processor.py:161} INFO - Started process (PID=824) to work on /home/airflow/.local/lib/python3.8/site-packages/airflow/example_dags/example_setup_teardown.py
[2024-04-12T09:08:47.026+0000] {processor.py:830} INFO - Processing file /home/airflow/.local/lib/python3.8/site-packages/airflow/example_dags/example_setup_teardown.py for tasks to queue
[2024-04-12T09:08:47.027+0000] {logging_mixin.py:188} INFO - [2024-04-12T09:08:47.027+0000] {dagbag.py:540} INFO - Filling up the DagBag from /home/airflow/.local/lib/python3.8/site-packages/airflow/example_dags/example_setup_teardown.py
[2024-04-12T09:08:47.034+0000] {processor.py:840} INFO - DAG(s) 'example_setup_teardown' retrieved from /home/airflow/.local/lib/python3.8/site-packages/airflow/example_dags/example_setup_teardown.py
[2024-04-12T09:08:47.060+0000] {logging_mixin.py:188} INFO - [2024-04-12T09:08:47.059+0000] {dag.py:3047} INFO - Sync 1 DAGs
[2024-04-12T09:08:47.092+0000] {logging_mixin.py:188} INFO - [2024-04-12T09:08:47.092+0000] {dag.py:3834} INFO - Setting next_dagrun for example_setup_teardown to 2024-04-11 00:00:00+00:00, run_after=2024-04-12 00:00:00+00:00
[2024-04-12T09:08:47.129+0000] {processor.py:183} INFO - Processing /home/airflow/.local/lib/python3.8/site-packages/airflow/example_dags/example_setup_teardown.py took 0.111 seconds
[2024-04-12T09:09:17.318+0000] {processor.py:161} INFO - Started process (PID=882) to work on /home/airflow/.local/lib/python3.8/site-packages/airflow/example_dags/example_setup_teardown.py
[2024-04-12T09:09:17.319+0000] {processor.py:830} INFO - Processing file /home/airflow/.local/lib/python3.8/site-packages/airflow/example_dags/example_setup_teardown.py for tasks to queue
[2024-04-12T09:09:17.321+0000] {logging_mixin.py:188} INFO - [2024-04-12T09:09:17.320+0000] {dagbag.py:540} INFO - Filling up the DagBag from /home/airflow/.local/lib/python3.8/site-packages/airflow/example_dags/example_setup_teardown.py
[2024-04-12T09:09:17.329+0000] {processor.py:840} INFO - DAG(s) 'example_setup_teardown' retrieved from /home/airflow/.local/lib/python3.8/site-packages/airflow/example_dags/example_setup_teardown.py
[2024-04-12T09:09:17.353+0000] {logging_mixin.py:188} INFO - [2024-04-12T09:09:17.352+0000] {dag.py:3047} INFO - Sync 1 DAGs
[2024-04-12T09:09:17.378+0000] {logging_mixin.py:188} INFO - [2024-04-12T09:09:17.378+0000] {dag.py:3834} INFO - Setting next_dagrun for example_setup_teardown to 2024-04-11 00:00:00+00:00, run_after=2024-04-12 00:00:00+00:00
[2024-04-12T09:09:17.406+0000] {processor.py:183} INFO - Processing /home/airflow/.local/lib/python3.8/site-packages/airflow/example_dags/example_setup_teardown.py took 0.091 seconds
[2024-04-12T09:09:47.994+0000] {processor.py:161} INFO - Started process (PID=940) to work on /home/airflow/.local/lib/python3.8/site-packages/airflow/example_dags/example_setup_teardown.py
[2024-04-12T09:09:47.996+0000] {processor.py:830} INFO - Processing file /home/airflow/.local/lib/python3.8/site-packages/airflow/example_dags/example_setup_teardown.py for tasks to queue
[2024-04-12T09:09:47.999+0000] {logging_mixin.py:188} INFO - [2024-04-12T09:09:47.998+0000] {dagbag.py:540} INFO - Filling up the DagBag from /home/airflow/.local/lib/python3.8/site-packages/airflow/example_dags/example_setup_teardown.py
[2024-04-12T09:09:48.015+0000] {processor.py:840} INFO - DAG(s) 'example_setup_teardown' retrieved from /home/airflow/.local/lib/python3.8/site-packages/airflow/example_dags/example_setup_teardown.py
[2024-04-12T09:09:48.051+0000] {logging_mixin.py:188} INFO - [2024-04-12T09:09:48.050+0000] {dag.py:3047} INFO - Sync 1 DAGs
[2024-04-12T09:09:48.090+0000] {logging_mixin.py:188} INFO - [2024-04-12T09:09:48.090+0000] {dag.py:3834} INFO - Setting next_dagrun for example_setup_teardown to 2024-04-11 00:00:00+00:00, run_after=2024-04-12 00:00:00+00:00
[2024-04-12T09:09:48.129+0000] {processor.py:183} INFO - Processing /home/airflow/.local/lib/python3.8/site-packages/airflow/example_dags/example_setup_teardown.py took 0.140 seconds
[2024-04-12T09:10:21.869+0000] {processor.py:161} INFO - Started process (PID=999) to work on /home/airflow/.local/lib/python3.8/site-packages/airflow/example_dags/example_setup_teardown.py
[2024-04-12T09:10:21.870+0000] {processor.py:830} INFO - Processing file /home/airflow/.local/lib/python3.8/site-packages/airflow/example_dags/example_setup_teardown.py for tasks to queue
[2024-04-12T09:10:21.871+0000] {logging_mixin.py:188} INFO - [2024-04-12T09:10:21.871+0000] {dagbag.py:540} INFO - Filling up the DagBag from /home/airflow/.local/lib/python3.8/site-packages/airflow/example_dags/example_setup_teardown.py
[2024-04-12T09:10:21.929+0000] {processor.py:840} INFO - DAG(s) 'example_setup_teardown' retrieved from /home/airflow/.local/lib/python3.8/site-packages/airflow/example_dags/example_setup_teardown.py
[2024-04-12T09:10:22.054+0000] {logging_mixin.py:188} INFO - [2024-04-12T09:10:22.053+0000] {dag.py:3047} INFO - Sync 1 DAGs
[2024-04-12T09:10:22.236+0000] {logging_mixin.py:188} INFO - [2024-04-12T09:10:22.235+0000] {dag.py:3834} INFO - Setting next_dagrun for example_setup_teardown to 2024-04-11 00:00:00+00:00, run_after=2024-04-12 00:00:00+00:00
[2024-04-12T09:10:22.432+0000] {processor.py:183} INFO - Processing /home/airflow/.local/lib/python3.8/site-packages/airflow/example_dags/example_setup_teardown.py took 0.566 seconds
[2024-04-12T09:10:53.164+0000] {processor.py:161} INFO - Started process (PID=1056) to work on /home/airflow/.local/lib/python3.8/site-packages/airflow/example_dags/example_setup_teardown.py
[2024-04-12T09:10:53.166+0000] {processor.py:830} INFO - Processing file /home/airflow/.local/lib/python3.8/site-packages/airflow/example_dags/example_setup_teardown.py for tasks to queue
[2024-04-12T09:10:53.167+0000] {logging_mixin.py:188} INFO - [2024-04-12T09:10:53.166+0000] {dagbag.py:540} INFO - Filling up the DagBag from /home/airflow/.local/lib/python3.8/site-packages/airflow/example_dags/example_setup_teardown.py
[2024-04-12T09:10:53.178+0000] {processor.py:840} INFO - DAG(s) 'example_setup_teardown' retrieved from /home/airflow/.local/lib/python3.8/site-packages/airflow/example_dags/example_setup_teardown.py
[2024-04-12T09:10:53.211+0000] {logging_mixin.py:188} INFO - [2024-04-12T09:10:53.211+0000] {dag.py:3047} INFO - Sync 1 DAGs
[2024-04-12T09:10:53.243+0000] {logging_mixin.py:188} INFO - [2024-04-12T09:10:53.242+0000] {dag.py:3834} INFO - Setting next_dagrun for example_setup_teardown to 2024-04-11 00:00:00+00:00, run_after=2024-04-12 00:00:00+00:00
[2024-04-12T09:10:53.276+0000] {processor.py:183} INFO - Processing /home/airflow/.local/lib/python3.8/site-packages/airflow/example_dags/example_setup_teardown.py took 0.115 seconds
[2024-04-12T09:11:23.374+0000] {processor.py:161} INFO - Started process (PID=1111) to work on /home/airflow/.local/lib/python3.8/site-packages/airflow/example_dags/example_setup_teardown.py
[2024-04-12T09:11:23.376+0000] {processor.py:830} INFO - Processing file /home/airflow/.local/lib/python3.8/site-packages/airflow/example_dags/example_setup_teardown.py for tasks to queue
[2024-04-12T09:11:23.378+0000] {logging_mixin.py:188} INFO - [2024-04-12T09:11:23.377+0000] {dagbag.py:540} INFO - Filling up the DagBag from /home/airflow/.local/lib/python3.8/site-packages/airflow/example_dags/example_setup_teardown.py
[2024-04-12T09:11:23.388+0000] {processor.py:840} INFO - DAG(s) 'example_setup_teardown' retrieved from /home/airflow/.local/lib/python3.8/site-packages/airflow/example_dags/example_setup_teardown.py
[2024-04-12T09:11:23.415+0000] {logging_mixin.py:188} INFO - [2024-04-12T09:11:23.415+0000] {dag.py:3047} INFO - Sync 1 DAGs
[2024-04-12T09:11:23.446+0000] {logging_mixin.py:188} INFO - [2024-04-12T09:11:23.445+0000] {dag.py:3834} INFO - Setting next_dagrun for example_setup_teardown to 2024-04-11 00:00:00+00:00, run_after=2024-04-12 00:00:00+00:00
[2024-04-12T09:11:23.480+0000] {processor.py:183} INFO - Processing /home/airflow/.local/lib/python3.8/site-packages/airflow/example_dags/example_setup_teardown.py took 0.110 seconds
[2024-04-12T09:11:53.584+0000] {processor.py:161} INFO - Started process (PID=1168) to work on /home/airflow/.local/lib/python3.8/site-packages/airflow/example_dags/example_setup_teardown.py
[2024-04-12T09:11:53.586+0000] {processor.py:830} INFO - Processing file /home/airflow/.local/lib/python3.8/site-packages/airflow/example_dags/example_setup_teardown.py for tasks to queue
[2024-04-12T09:11:53.588+0000] {logging_mixin.py:188} INFO - [2024-04-12T09:11:53.587+0000] {dagbag.py:540} INFO - Filling up the DagBag from /home/airflow/.local/lib/python3.8/site-packages/airflow/example_dags/example_setup_teardown.py
[2024-04-12T09:11:53.598+0000] {processor.py:840} INFO - DAG(s) 'example_setup_teardown' retrieved from /home/airflow/.local/lib/python3.8/site-packages/airflow/example_dags/example_setup_teardown.py
[2024-04-12T09:11:53.640+0000] {logging_mixin.py:188} INFO - [2024-04-12T09:11:53.639+0000] {dag.py:3047} INFO - Sync 1 DAGs
[2024-04-12T09:11:53.692+0000] {logging_mixin.py:188} INFO - [2024-04-12T09:11:53.691+0000] {dag.py:3834} INFO - Setting next_dagrun for example_setup_teardown to 2024-04-11 00:00:00+00:00, run_after=2024-04-12 00:00:00+00:00
[2024-04-12T09:11:53.763+0000] {processor.py:183} INFO - Processing /home/airflow/.local/lib/python3.8/site-packages/airflow/example_dags/example_setup_teardown.py took 0.188 seconds
[2024-04-12T09:12:24.204+0000] {processor.py:161} INFO - Started process (PID=1226) to work on /home/airflow/.local/lib/python3.8/site-packages/airflow/example_dags/example_setup_teardown.py
[2024-04-12T09:12:24.205+0000] {processor.py:830} INFO - Processing file /home/airflow/.local/lib/python3.8/site-packages/airflow/example_dags/example_setup_teardown.py for tasks to queue
[2024-04-12T09:12:24.206+0000] {logging_mixin.py:188} INFO - [2024-04-12T09:12:24.206+0000] {dagbag.py:540} INFO - Filling up the DagBag from /home/airflow/.local/lib/python3.8/site-packages/airflow/example_dags/example_setup_teardown.py
[2024-04-12T09:12:24.212+0000] {processor.py:840} INFO - DAG(s) 'example_setup_teardown' retrieved from /home/airflow/.local/lib/python3.8/site-packages/airflow/example_dags/example_setup_teardown.py
[2024-04-12T09:12:24.232+0000] {logging_mixin.py:188} INFO - [2024-04-12T09:12:24.232+0000] {dag.py:3047} INFO - Sync 1 DAGs
[2024-04-12T09:12:24.255+0000] {logging_mixin.py:188} INFO - [2024-04-12T09:12:24.255+0000] {dag.py:3834} INFO - Setting next_dagrun for example_setup_teardown to 2024-04-11 00:00:00+00:00, run_after=2024-04-12 00:00:00+00:00
[2024-04-12T09:12:24.281+0000] {processor.py:183} INFO - Processing /home/airflow/.local/lib/python3.8/site-packages/airflow/example_dags/example_setup_teardown.py took 0.080 seconds
[2024-04-12T09:12:55.769+0000] {processor.py:161} INFO - Started process (PID=1282) to work on /home/airflow/.local/lib/python3.8/site-packages/airflow/example_dags/example_setup_teardown.py
[2024-04-12T09:12:55.772+0000] {processor.py:830} INFO - Processing file /home/airflow/.local/lib/python3.8/site-packages/airflow/example_dags/example_setup_teardown.py for tasks to queue
[2024-04-12T09:12:55.778+0000] {logging_mixin.py:188} INFO - [2024-04-12T09:12:55.775+0000] {dagbag.py:540} INFO - Filling up the DagBag from /home/airflow/.local/lib/python3.8/site-packages/airflow/example_dags/example_setup_teardown.py
[2024-04-12T09:12:55.810+0000] {processor.py:840} INFO - DAG(s) 'example_setup_teardown' retrieved from /home/airflow/.local/lib/python3.8/site-packages/airflow/example_dags/example_setup_teardown.py
[2024-04-12T09:12:55.911+0000] {logging_mixin.py:188} INFO - [2024-04-12T09:12:55.910+0000] {dag.py:3047} INFO - Sync 1 DAGs
[2024-04-12T09:12:56.023+0000] {logging_mixin.py:188} INFO - [2024-04-12T09:12:56.022+0000] {dag.py:3834} INFO - Setting next_dagrun for example_setup_teardown to 2024-04-11 00:00:00+00:00, run_after=2024-04-12 00:00:00+00:00
[2024-04-12T09:12:56.138+0000] {processor.py:183} INFO - Processing /home/airflow/.local/lib/python3.8/site-packages/airflow/example_dags/example_setup_teardown.py took 0.373 seconds
[2024-04-12T09:13:26.730+0000] {processor.py:161} INFO - Started process (PID=1340) to work on /home/airflow/.local/lib/python3.8/site-packages/airflow/example_dags/example_setup_teardown.py
[2024-04-12T09:13:26.732+0000] {processor.py:830} INFO - Processing file /home/airflow/.local/lib/python3.8/site-packages/airflow/example_dags/example_setup_teardown.py for tasks to queue
[2024-04-12T09:13:26.733+0000] {logging_mixin.py:188} INFO - [2024-04-12T09:13:26.732+0000] {dagbag.py:540} INFO - Filling up the DagBag from /home/airflow/.local/lib/python3.8/site-packages/airflow/example_dags/example_setup_teardown.py
[2024-04-12T09:13:26.740+0000] {processor.py:840} INFO - DAG(s) 'example_setup_teardown' retrieved from /home/airflow/.local/lib/python3.8/site-packages/airflow/example_dags/example_setup_teardown.py
[2024-04-12T09:13:26.774+0000] {logging_mixin.py:188} INFO - [2024-04-12T09:13:26.773+0000] {dag.py:3047} INFO - Sync 1 DAGs
[2024-04-12T09:13:26.801+0000] {logging_mixin.py:188} INFO - [2024-04-12T09:13:26.801+0000] {dag.py:3834} INFO - Setting next_dagrun for example_setup_teardown to 2024-04-11 00:00:00+00:00, run_after=2024-04-12 00:00:00+00:00
[2024-04-12T09:13:26.828+0000] {processor.py:183} INFO - Processing /home/airflow/.local/lib/python3.8/site-packages/airflow/example_dags/example_setup_teardown.py took 0.100 seconds
[2024-04-12T09:13:57.526+0000] {processor.py:161} INFO - Started process (PID=1399) to work on /home/airflow/.local/lib/python3.8/site-packages/airflow/example_dags/example_setup_teardown.py
[2024-04-12T09:13:57.527+0000] {processor.py:830} INFO - Processing file /home/airflow/.local/lib/python3.8/site-packages/airflow/example_dags/example_setup_teardown.py for tasks to queue
[2024-04-12T09:13:57.528+0000] {logging_mixin.py:188} INFO - [2024-04-12T09:13:57.528+0000] {dagbag.py:540} INFO - Filling up the DagBag from /home/airflow/.local/lib/python3.8/site-packages/airflow/example_dags/example_setup_teardown.py
[2024-04-12T09:13:57.535+0000] {processor.py:840} INFO - DAG(s) 'example_setup_teardown' retrieved from /home/airflow/.local/lib/python3.8/site-packages/airflow/example_dags/example_setup_teardown.py
[2024-04-12T09:13:57.558+0000] {logging_mixin.py:188} INFO - [2024-04-12T09:13:57.557+0000] {dag.py:3047} INFO - Sync 1 DAGs
[2024-04-12T09:13:57.581+0000] {logging_mixin.py:188} INFO - [2024-04-12T09:13:57.581+0000] {dag.py:3834} INFO - Setting next_dagrun for example_setup_teardown to 2024-04-11 00:00:00+00:00, run_after=2024-04-12 00:00:00+00:00
[2024-04-12T09:13:57.609+0000] {processor.py:183} INFO - Processing /home/airflow/.local/lib/python3.8/site-packages/airflow/example_dags/example_setup_teardown.py took 0.086 seconds
[2024-04-12T09:14:28.077+0000] {processor.py:161} INFO - Started process (PID=1457) to work on /home/airflow/.local/lib/python3.8/site-packages/airflow/example_dags/example_setup_teardown.py
[2024-04-12T09:14:28.078+0000] {processor.py:830} INFO - Processing file /home/airflow/.local/lib/python3.8/site-packages/airflow/example_dags/example_setup_teardown.py for tasks to queue
[2024-04-12T09:14:28.079+0000] {logging_mixin.py:188} INFO - [2024-04-12T09:14:28.079+0000] {dagbag.py:540} INFO - Filling up the DagBag from /home/airflow/.local/lib/python3.8/site-packages/airflow/example_dags/example_setup_teardown.py
[2024-04-12T09:14:28.089+0000] {processor.py:840} INFO - DAG(s) 'example_setup_teardown' retrieved from /home/airflow/.local/lib/python3.8/site-packages/airflow/example_dags/example_setup_teardown.py
[2024-04-12T09:14:28.119+0000] {logging_mixin.py:188} INFO - [2024-04-12T09:14:28.119+0000] {dag.py:3047} INFO - Sync 1 DAGs
[2024-04-12T09:14:28.147+0000] {logging_mixin.py:188} INFO - [2024-04-12T09:14:28.147+0000] {dag.py:3834} INFO - Setting next_dagrun for example_setup_teardown to 2024-04-11 00:00:00+00:00, run_after=2024-04-12 00:00:00+00:00
[2024-04-12T09:14:28.178+0000] {processor.py:183} INFO - Processing /home/airflow/.local/lib/python3.8/site-packages/airflow/example_dags/example_setup_teardown.py took 0.105 seconds
[2024-04-12T09:14:58.291+0000] {processor.py:161} INFO - Started process (PID=1515) to work on /home/airflow/.local/lib/python3.8/site-packages/airflow/example_dags/example_setup_teardown.py
[2024-04-12T09:14:58.293+0000] {processor.py:830} INFO - Processing file /home/airflow/.local/lib/python3.8/site-packages/airflow/example_dags/example_setup_teardown.py for tasks to queue
[2024-04-12T09:14:58.294+0000] {logging_mixin.py:188} INFO - [2024-04-12T09:14:58.294+0000] {dagbag.py:540} INFO - Filling up the DagBag from /home/airflow/.local/lib/python3.8/site-packages/airflow/example_dags/example_setup_teardown.py
[2024-04-12T09:14:58.304+0000] {processor.py:840} INFO - DAG(s) 'example_setup_teardown' retrieved from /home/airflow/.local/lib/python3.8/site-packages/airflow/example_dags/example_setup_teardown.py
[2024-04-12T09:14:58.331+0000] {logging_mixin.py:188} INFO - [2024-04-12T09:14:58.331+0000] {dag.py:3047} INFO - Sync 1 DAGs
[2024-04-12T09:14:58.360+0000] {logging_mixin.py:188} INFO - [2024-04-12T09:14:58.360+0000] {dag.py:3834} INFO - Setting next_dagrun for example_setup_teardown to 2024-04-11 00:00:00+00:00, run_after=2024-04-12 00:00:00+00:00
[2024-04-12T09:14:58.392+0000] {processor.py:183} INFO - Processing /home/airflow/.local/lib/python3.8/site-packages/airflow/example_dags/example_setup_teardown.py took 0.105 seconds
[2024-04-12T09:15:28.529+0000] {processor.py:161} INFO - Started process (PID=1573) to work on /home/airflow/.local/lib/python3.8/site-packages/airflow/example_dags/example_setup_teardown.py
[2024-04-12T09:15:28.534+0000] {processor.py:830} INFO - Processing file /home/airflow/.local/lib/python3.8/site-packages/airflow/example_dags/example_setup_teardown.py for tasks to queue
[2024-04-12T09:15:28.537+0000] {logging_mixin.py:188} INFO - [2024-04-12T09:15:28.536+0000] {dagbag.py:540} INFO - Filling up the DagBag from /home/airflow/.local/lib/python3.8/site-packages/airflow/example_dags/example_setup_teardown.py
[2024-04-12T09:15:28.552+0000] {processor.py:840} INFO - DAG(s) 'example_setup_teardown' retrieved from /home/airflow/.local/lib/python3.8/site-packages/airflow/example_dags/example_setup_teardown.py
[2024-04-12T09:15:28.591+0000] {logging_mixin.py:188} INFO - [2024-04-12T09:15:28.590+0000] {dag.py:3047} INFO - Sync 1 DAGs
[2024-04-12T09:15:28.633+0000] {logging_mixin.py:188} INFO - [2024-04-12T09:15:28.632+0000] {dag.py:3834} INFO - Setting next_dagrun for example_setup_teardown to 2024-04-11 00:00:00+00:00, run_after=2024-04-12 00:00:00+00:00
[2024-04-12T09:15:28.720+0000] {processor.py:183} INFO - Processing /home/airflow/.local/lib/python3.8/site-packages/airflow/example_dags/example_setup_teardown.py took 0.198 seconds
[2024-04-12T09:15:59.623+0000] {processor.py:161} INFO - Started process (PID=1631) to work on /home/airflow/.local/lib/python3.8/site-packages/airflow/example_dags/example_setup_teardown.py
[2024-04-12T09:15:59.624+0000] {processor.py:830} INFO - Processing file /home/airflow/.local/lib/python3.8/site-packages/airflow/example_dags/example_setup_teardown.py for tasks to queue
[2024-04-12T09:15:59.625+0000] {logging_mixin.py:188} INFO - [2024-04-12T09:15:59.625+0000] {dagbag.py:540} INFO - Filling up the DagBag from /home/airflow/.local/lib/python3.8/site-packages/airflow/example_dags/example_setup_teardown.py
[2024-04-12T09:15:59.633+0000] {processor.py:840} INFO - DAG(s) 'example_setup_teardown' retrieved from /home/airflow/.local/lib/python3.8/site-packages/airflow/example_dags/example_setup_teardown.py
[2024-04-12T09:15:59.656+0000] {logging_mixin.py:188} INFO - [2024-04-12T09:15:59.656+0000] {dag.py:3047} INFO - Sync 1 DAGs
[2024-04-12T09:15:59.682+0000] {logging_mixin.py:188} INFO - [2024-04-12T09:15:59.682+0000] {dag.py:3834} INFO - Setting next_dagrun for example_setup_teardown to 2024-04-11 00:00:00+00:00, run_after=2024-04-12 00:00:00+00:00
[2024-04-12T09:15:59.710+0000] {processor.py:183} INFO - Processing /home/airflow/.local/lib/python3.8/site-packages/airflow/example_dags/example_setup_teardown.py took 0.090 seconds
