[2024-04-12T09:01:28.049+0000] {processor.py:161} INFO - Started process (PID=64) to work on /home/airflow/.local/lib/python3.8/site-packages/airflow/example_dags/example_branch_operator.py
[2024-04-12T09:01:28.073+0000] {processor.py:830} INFO - Processing file /home/airflow/.local/lib/python3.8/site-packages/airflow/example_dags/example_branch_operator.py for tasks to queue
[2024-04-12T09:01:28.075+0000] {logging_mixin.py:188} INFO - [2024-04-12T09:01:28.075+0000] {dagbag.py:540} INFO - Filling up the DagBag from /home/airflow/.local/lib/python3.8/site-packages/airflow/example_dags/example_branch_operator.py
[2024-04-12T09:01:28.324+0000] {processor.py:840} INFO - DAG(s) 'example_branch_operator' retrieved from /home/airflow/.local/lib/python3.8/site-packages/airflow/example_dags/example_branch_operator.py
[2024-04-12T09:01:28.802+0000] {logging_mixin.py:188} INFO - [2024-04-12T09:01:28.801+0000] {override.py:1769} INFO - Created Permission View: can read on DAG:example_branch_operator
[2024-04-12T09:01:28.827+0000] {logging_mixin.py:188} INFO - [2024-04-12T09:01:28.826+0000] {override.py:1769} INFO - Created Permission View: can edit on DAG:example_branch_operator
[2024-04-12T09:01:28.847+0000] {logging_mixin.py:188} INFO - [2024-04-12T09:01:28.847+0000] {override.py:1769} INFO - Created Permission View: can delete on DAG:example_branch_operator
[2024-04-12T09:01:28.849+0000] {logging_mixin.py:188} INFO - [2024-04-12T09:01:28.848+0000] {dag.py:3047} INFO - Sync 1 DAGs
[2024-04-12T09:01:28.868+0000] {logging_mixin.py:188} INFO - [2024-04-12T09:01:28.867+0000] {dag.py:3069} INFO - Creating ORM DAG for example_branch_operator
[2024-04-12T09:01:28.900+0000] {logging_mixin.py:188} INFO - [2024-04-12T09:01:28.899+0000] {dag.py:3834} INFO - Setting next_dagrun for example_branch_operator to 2024-04-11 00:00:00+00:00, run_after=2024-04-12 00:00:00+00:00
[2024-04-12T09:01:28.956+0000] {processor.py:183} INFO - Processing /home/airflow/.local/lib/python3.8/site-packages/airflow/example_dags/example_branch_operator.py took 0.958 seconds
[2024-04-12T09:01:59.254+0000] {processor.py:161} INFO - Started process (PID=122) to work on /home/airflow/.local/lib/python3.8/site-packages/airflow/example_dags/example_branch_operator.py
[2024-04-12T09:01:59.260+0000] {processor.py:830} INFO - Processing file /home/airflow/.local/lib/python3.8/site-packages/airflow/example_dags/example_branch_operator.py for tasks to queue
[2024-04-12T09:01:59.264+0000] {logging_mixin.py:188} INFO - [2024-04-12T09:01:59.263+0000] {dagbag.py:540} INFO - Filling up the DagBag from /home/airflow/.local/lib/python3.8/site-packages/airflow/example_dags/example_branch_operator.py
[2024-04-12T09:01:59.322+0000] {processor.py:840} INFO - DAG(s) 'example_branch_operator' retrieved from /home/airflow/.local/lib/python3.8/site-packages/airflow/example_dags/example_branch_operator.py
[2024-04-12T09:01:59.477+0000] {logging_mixin.py:188} INFO - [2024-04-12T09:01:59.475+0000] {dag.py:3047} INFO - Sync 1 DAGs
[2024-04-12T09:01:59.602+0000] {logging_mixin.py:188} INFO - [2024-04-12T09:01:59.601+0000] {dag.py:3834} INFO - Setting next_dagrun for example_branch_operator to 2024-04-11 00:00:00+00:00, run_after=2024-04-12 00:00:00+00:00
[2024-04-12T09:01:59.714+0000] {processor.py:183} INFO - Processing /home/airflow/.local/lib/python3.8/site-packages/airflow/example_dags/example_branch_operator.py took 0.474 seconds
[2024-04-12T09:02:43.831+0000] {processor.py:161} INFO - Started process (PID=184) to work on /home/airflow/.local/lib/python3.8/site-packages/airflow/example_dags/example_branch_operator.py
[2024-04-12T09:02:43.833+0000] {processor.py:830} INFO - Processing file /home/airflow/.local/lib/python3.8/site-packages/airflow/example_dags/example_branch_operator.py for tasks to queue
[2024-04-12T09:02:43.835+0000] {logging_mixin.py:188} INFO - [2024-04-12T09:02:43.835+0000] {dagbag.py:540} INFO - Filling up the DagBag from /home/airflow/.local/lib/python3.8/site-packages/airflow/example_dags/example_branch_operator.py
[2024-04-12T09:02:43.862+0000] {processor.py:840} INFO - DAG(s) 'example_branch_operator' retrieved from /home/airflow/.local/lib/python3.8/site-packages/airflow/example_dags/example_branch_operator.py
[2024-04-12T09:02:43.899+0000] {logging_mixin.py:188} INFO - [2024-04-12T09:02:43.899+0000] {dag.py:3047} INFO - Sync 1 DAGs
[2024-04-12T09:02:43.932+0000] {logging_mixin.py:188} INFO - [2024-04-12T09:02:43.932+0000] {dag.py:3834} INFO - Setting next_dagrun for example_branch_operator to 2024-04-11 00:00:00+00:00, run_after=2024-04-12 00:00:00+00:00
[2024-04-12T09:02:43.969+0000] {processor.py:183} INFO - Processing /home/airflow/.local/lib/python3.8/site-packages/airflow/example_dags/example_branch_operator.py took 0.141 seconds
[2024-04-12T09:03:14.066+0000] {processor.py:161} INFO - Started process (PID=244) to work on /home/airflow/.local/lib/python3.8/site-packages/airflow/example_dags/example_branch_operator.py
[2024-04-12T09:03:14.070+0000] {processor.py:830} INFO - Processing file /home/airflow/.local/lib/python3.8/site-packages/airflow/example_dags/example_branch_operator.py for tasks to queue
[2024-04-12T09:03:14.075+0000] {logging_mixin.py:188} INFO - [2024-04-12T09:03:14.074+0000] {dagbag.py:540} INFO - Filling up the DagBag from /home/airflow/.local/lib/python3.8/site-packages/airflow/example_dags/example_branch_operator.py
[2024-04-12T09:03:14.102+0000] {processor.py:840} INFO - DAG(s) 'example_branch_operator' retrieved from /home/airflow/.local/lib/python3.8/site-packages/airflow/example_dags/example_branch_operator.py
[2024-04-12T09:03:14.159+0000] {logging_mixin.py:188} INFO - [2024-04-12T09:03:14.158+0000] {dag.py:3047} INFO - Sync 1 DAGs
[2024-04-12T09:03:14.192+0000] {logging_mixin.py:188} INFO - [2024-04-12T09:03:14.192+0000] {dag.py:3834} INFO - Setting next_dagrun for example_branch_operator to 2024-04-11 00:00:00+00:00, run_after=2024-04-12 00:00:00+00:00
[2024-04-12T09:03:14.230+0000] {processor.py:183} INFO - Processing /home/airflow/.local/lib/python3.8/site-packages/airflow/example_dags/example_branch_operator.py took 0.170 seconds
[2024-04-12T09:03:44.557+0000] {processor.py:161} INFO - Started process (PID=302) to work on /home/airflow/.local/lib/python3.8/site-packages/airflow/example_dags/example_branch_operator.py
[2024-04-12T09:03:44.558+0000] {processor.py:830} INFO - Processing file /home/airflow/.local/lib/python3.8/site-packages/airflow/example_dags/example_branch_operator.py for tasks to queue
[2024-04-12T09:03:44.562+0000] {logging_mixin.py:188} INFO - [2024-04-12T09:03:44.561+0000] {dagbag.py:540} INFO - Filling up the DagBag from /home/airflow/.local/lib/python3.8/site-packages/airflow/example_dags/example_branch_operator.py
[2024-04-12T09:03:44.582+0000] {processor.py:840} INFO - DAG(s) 'example_branch_operator' retrieved from /home/airflow/.local/lib/python3.8/site-packages/airflow/example_dags/example_branch_operator.py
[2024-04-12T09:03:44.620+0000] {logging_mixin.py:188} INFO - [2024-04-12T09:03:44.619+0000] {dag.py:3047} INFO - Sync 1 DAGs
[2024-04-12T09:03:44.652+0000] {logging_mixin.py:188} INFO - [2024-04-12T09:03:44.651+0000] {dag.py:3834} INFO - Setting next_dagrun for example_branch_operator to 2024-04-11 00:00:00+00:00, run_after=2024-04-12 00:00:00+00:00
[2024-04-12T09:03:44.683+0000] {processor.py:183} INFO - Processing /home/airflow/.local/lib/python3.8/site-packages/airflow/example_dags/example_branch_operator.py took 0.132 seconds
[2024-04-12T09:04:15.305+0000] {processor.py:161} INFO - Started process (PID=360) to work on /home/airflow/.local/lib/python3.8/site-packages/airflow/example_dags/example_branch_operator.py
[2024-04-12T09:04:15.307+0000] {processor.py:830} INFO - Processing file /home/airflow/.local/lib/python3.8/site-packages/airflow/example_dags/example_branch_operator.py for tasks to queue
[2024-04-12T09:04:15.312+0000] {logging_mixin.py:188} INFO - [2024-04-12T09:04:15.310+0000] {dagbag.py:540} INFO - Filling up the DagBag from /home/airflow/.local/lib/python3.8/site-packages/airflow/example_dags/example_branch_operator.py
[2024-04-12T09:04:15.364+0000] {processor.py:840} INFO - DAG(s) 'example_branch_operator' retrieved from /home/airflow/.local/lib/python3.8/site-packages/airflow/example_dags/example_branch_operator.py
[2024-04-12T09:04:15.436+0000] {logging_mixin.py:188} INFO - [2024-04-12T09:04:15.435+0000] {dag.py:3047} INFO - Sync 1 DAGs
[2024-04-12T09:04:15.487+0000] {logging_mixin.py:188} INFO - [2024-04-12T09:04:15.486+0000] {dag.py:3834} INFO - Setting next_dagrun for example_branch_operator to 2024-04-11 00:00:00+00:00, run_after=2024-04-12 00:00:00+00:00
[2024-04-12T09:04:15.523+0000] {processor.py:183} INFO - Processing /home/airflow/.local/lib/python3.8/site-packages/airflow/example_dags/example_branch_operator.py took 0.221 seconds
[2024-04-12T09:05:13.935+0000] {processor.py:161} INFO - Started process (PID=424) to work on /home/airflow/.local/lib/python3.8/site-packages/airflow/example_dags/example_branch_operator.py
[2024-04-12T09:05:13.938+0000] {processor.py:830} INFO - Processing file /home/airflow/.local/lib/python3.8/site-packages/airflow/example_dags/example_branch_operator.py for tasks to queue
[2024-04-12T09:05:13.941+0000] {logging_mixin.py:188} INFO - [2024-04-12T09:05:13.940+0000] {dagbag.py:540} INFO - Filling up the DagBag from /home/airflow/.local/lib/python3.8/site-packages/airflow/example_dags/example_branch_operator.py
[2024-04-12T09:05:13.968+0000] {processor.py:840} INFO - DAG(s) 'example_branch_operator' retrieved from /home/airflow/.local/lib/python3.8/site-packages/airflow/example_dags/example_branch_operator.py
[2024-04-12T09:05:14.020+0000] {logging_mixin.py:188} INFO - [2024-04-12T09:05:14.019+0000] {dag.py:3047} INFO - Sync 1 DAGs
[2024-04-12T09:05:14.112+0000] {logging_mixin.py:188} INFO - [2024-04-12T09:05:14.107+0000] {dag.py:3834} INFO - Setting next_dagrun for example_branch_operator to 2024-04-11 00:00:00+00:00, run_after=2024-04-12 00:00:00+00:00
[2024-04-12T09:05:14.195+0000] {processor.py:183} INFO - Processing /home/airflow/.local/lib/python3.8/site-packages/airflow/example_dags/example_branch_operator.py took 0.263 seconds
[2024-04-12T09:05:44.269+0000] {processor.py:161} INFO - Started process (PID=482) to work on /home/airflow/.local/lib/python3.8/site-packages/airflow/example_dags/example_branch_operator.py
[2024-04-12T09:05:44.272+0000] {processor.py:830} INFO - Processing file /home/airflow/.local/lib/python3.8/site-packages/airflow/example_dags/example_branch_operator.py for tasks to queue
[2024-04-12T09:05:44.274+0000] {logging_mixin.py:188} INFO - [2024-04-12T09:05:44.273+0000] {dagbag.py:540} INFO - Filling up the DagBag from /home/airflow/.local/lib/python3.8/site-packages/airflow/example_dags/example_branch_operator.py
[2024-04-12T09:05:44.296+0000] {processor.py:840} INFO - DAG(s) 'example_branch_operator' retrieved from /home/airflow/.local/lib/python3.8/site-packages/airflow/example_dags/example_branch_operator.py
[2024-04-12T09:05:44.345+0000] {logging_mixin.py:188} INFO - [2024-04-12T09:05:44.344+0000] {dag.py:3047} INFO - Sync 1 DAGs
[2024-04-12T09:05:44.389+0000] {logging_mixin.py:188} INFO - [2024-04-12T09:05:44.389+0000] {dag.py:3834} INFO - Setting next_dagrun for example_branch_operator to 2024-04-11 00:00:00+00:00, run_after=2024-04-12 00:00:00+00:00
[2024-04-12T09:05:44.431+0000] {processor.py:183} INFO - Processing /home/airflow/.local/lib/python3.8/site-packages/airflow/example_dags/example_branch_operator.py took 0.168 seconds
[2024-04-12T09:06:15.383+0000] {processor.py:161} INFO - Started process (PID=541) to work on /home/airflow/.local/lib/python3.8/site-packages/airflow/example_dags/example_branch_operator.py
[2024-04-12T09:06:15.384+0000] {processor.py:830} INFO - Processing file /home/airflow/.local/lib/python3.8/site-packages/airflow/example_dags/example_branch_operator.py for tasks to queue
[2024-04-12T09:06:15.385+0000] {logging_mixin.py:188} INFO - [2024-04-12T09:06:15.385+0000] {dagbag.py:540} INFO - Filling up the DagBag from /home/airflow/.local/lib/python3.8/site-packages/airflow/example_dags/example_branch_operator.py
[2024-04-12T09:06:15.401+0000] {processor.py:840} INFO - DAG(s) 'example_branch_operator' retrieved from /home/airflow/.local/lib/python3.8/site-packages/airflow/example_dags/example_branch_operator.py
[2024-04-12T09:06:15.430+0000] {logging_mixin.py:188} INFO - [2024-04-12T09:06:15.430+0000] {dag.py:3047} INFO - Sync 1 DAGs
[2024-04-12T09:06:15.457+0000] {logging_mixin.py:188} INFO - [2024-04-12T09:06:15.457+0000] {dag.py:3834} INFO - Setting next_dagrun for example_branch_operator to 2024-04-11 00:00:00+00:00, run_after=2024-04-12 00:00:00+00:00
[2024-04-12T09:06:15.486+0000] {processor.py:183} INFO - Processing /home/airflow/.local/lib/python3.8/site-packages/airflow/example_dags/example_branch_operator.py took 0.106 seconds
[2024-04-12T09:06:46.048+0000] {processor.py:161} INFO - Started process (PID=599) to work on /home/airflow/.local/lib/python3.8/site-packages/airflow/example_dags/example_branch_operator.py
[2024-04-12T09:06:46.051+0000] {processor.py:830} INFO - Processing file /home/airflow/.local/lib/python3.8/site-packages/airflow/example_dags/example_branch_operator.py for tasks to queue
[2024-04-12T09:06:46.053+0000] {logging_mixin.py:188} INFO - [2024-04-12T09:06:46.052+0000] {dagbag.py:540} INFO - Filling up the DagBag from /home/airflow/.local/lib/python3.8/site-packages/airflow/example_dags/example_branch_operator.py
[2024-04-12T09:06:46.097+0000] {processor.py:840} INFO - DAG(s) 'example_branch_operator' retrieved from /home/airflow/.local/lib/python3.8/site-packages/airflow/example_dags/example_branch_operator.py
[2024-04-12T09:06:46.135+0000] {logging_mixin.py:188} INFO - [2024-04-12T09:06:46.135+0000] {dag.py:3047} INFO - Sync 1 DAGs
[2024-04-12T09:06:46.173+0000] {logging_mixin.py:188} INFO - [2024-04-12T09:06:46.173+0000] {dag.py:3834} INFO - Setting next_dagrun for example_branch_operator to 2024-04-11 00:00:00+00:00, run_after=2024-04-12 00:00:00+00:00
[2024-04-12T09:06:46.212+0000] {processor.py:183} INFO - Processing /home/airflow/.local/lib/python3.8/site-packages/airflow/example_dags/example_branch_operator.py took 0.169 seconds
[2024-04-12T09:07:17.001+0000] {processor.py:161} INFO - Started process (PID=655) to work on /home/airflow/.local/lib/python3.8/site-packages/airflow/example_dags/example_branch_operator.py
[2024-04-12T09:07:17.003+0000] {processor.py:830} INFO - Processing file /home/airflow/.local/lib/python3.8/site-packages/airflow/example_dags/example_branch_operator.py for tasks to queue
[2024-04-12T09:07:17.004+0000] {logging_mixin.py:188} INFO - [2024-04-12T09:07:17.004+0000] {dagbag.py:540} INFO - Filling up the DagBag from /home/airflow/.local/lib/python3.8/site-packages/airflow/example_dags/example_branch_operator.py
[2024-04-12T09:07:17.021+0000] {processor.py:840} INFO - DAG(s) 'example_branch_operator' retrieved from /home/airflow/.local/lib/python3.8/site-packages/airflow/example_dags/example_branch_operator.py
[2024-04-12T09:07:17.049+0000] {logging_mixin.py:188} INFO - [2024-04-12T09:07:17.049+0000] {dag.py:3047} INFO - Sync 1 DAGs
[2024-04-12T09:07:17.078+0000] {logging_mixin.py:188} INFO - [2024-04-12T09:07:17.077+0000] {dag.py:3834} INFO - Setting next_dagrun for example_branch_operator to 2024-04-11 00:00:00+00:00, run_after=2024-04-12 00:00:00+00:00
[2024-04-12T09:07:17.116+0000] {processor.py:183} INFO - Processing /home/airflow/.local/lib/python3.8/site-packages/airflow/example_dags/example_branch_operator.py took 0.118 seconds
[2024-04-12T09:07:47.461+0000] {processor.py:161} INFO - Started process (PID=712) to work on /home/airflow/.local/lib/python3.8/site-packages/airflow/example_dags/example_branch_operator.py
[2024-04-12T09:07:47.462+0000] {processor.py:830} INFO - Processing file /home/airflow/.local/lib/python3.8/site-packages/airflow/example_dags/example_branch_operator.py for tasks to queue
[2024-04-12T09:07:47.464+0000] {logging_mixin.py:188} INFO - [2024-04-12T09:07:47.463+0000] {dagbag.py:540} INFO - Filling up the DagBag from /home/airflow/.local/lib/python3.8/site-packages/airflow/example_dags/example_branch_operator.py
[2024-04-12T09:07:47.488+0000] {processor.py:840} INFO - DAG(s) 'example_branch_operator' retrieved from /home/airflow/.local/lib/python3.8/site-packages/airflow/example_dags/example_branch_operator.py
[2024-04-12T09:07:47.526+0000] {logging_mixin.py:188} INFO - [2024-04-12T09:07:47.526+0000] {dag.py:3047} INFO - Sync 1 DAGs
[2024-04-12T09:07:47.564+0000] {logging_mixin.py:188} INFO - [2024-04-12T09:07:47.563+0000] {dag.py:3834} INFO - Setting next_dagrun for example_branch_operator to 2024-04-11 00:00:00+00:00, run_after=2024-04-12 00:00:00+00:00
[2024-04-12T09:07:47.603+0000] {processor.py:183} INFO - Processing /home/airflow/.local/lib/python3.8/site-packages/airflow/example_dags/example_branch_operator.py took 0.146 seconds
[2024-04-12T09:08:17.986+0000] {processor.py:161} INFO - Started process (PID=770) to work on /home/airflow/.local/lib/python3.8/site-packages/airflow/example_dags/example_branch_operator.py
[2024-04-12T09:08:17.989+0000] {processor.py:830} INFO - Processing file /home/airflow/.local/lib/python3.8/site-packages/airflow/example_dags/example_branch_operator.py for tasks to queue
[2024-04-12T09:08:17.992+0000] {logging_mixin.py:188} INFO - [2024-04-12T09:08:17.991+0000] {dagbag.py:540} INFO - Filling up the DagBag from /home/airflow/.local/lib/python3.8/site-packages/airflow/example_dags/example_branch_operator.py
[2024-04-12T09:08:18.014+0000] {processor.py:840} INFO - DAG(s) 'example_branch_operator' retrieved from /home/airflow/.local/lib/python3.8/site-packages/airflow/example_dags/example_branch_operator.py
[2024-04-12T09:08:18.054+0000] {logging_mixin.py:188} INFO - [2024-04-12T09:08:18.053+0000] {dag.py:3047} INFO - Sync 1 DAGs
[2024-04-12T09:08:18.092+0000] {logging_mixin.py:188} INFO - [2024-04-12T09:08:18.092+0000] {dag.py:3834} INFO - Setting next_dagrun for example_branch_operator to 2024-04-11 00:00:00+00:00, run_after=2024-04-12 00:00:00+00:00
[2024-04-12T09:08:18.129+0000] {processor.py:183} INFO - Processing /home/airflow/.local/lib/python3.8/site-packages/airflow/example_dags/example_branch_operator.py took 0.148 seconds
[2024-04-12T09:08:48.260+0000] {processor.py:161} INFO - Started process (PID=828) to work on /home/airflow/.local/lib/python3.8/site-packages/airflow/example_dags/example_branch_operator.py
[2024-04-12T09:08:48.261+0000] {processor.py:830} INFO - Processing file /home/airflow/.local/lib/python3.8/site-packages/airflow/example_dags/example_branch_operator.py for tasks to queue
[2024-04-12T09:08:48.262+0000] {logging_mixin.py:188} INFO - [2024-04-12T09:08:48.262+0000] {dagbag.py:540} INFO - Filling up the DagBag from /home/airflow/.local/lib/python3.8/site-packages/airflow/example_dags/example_branch_operator.py
[2024-04-12T09:08:48.279+0000] {processor.py:840} INFO - DAG(s) 'example_branch_operator' retrieved from /home/airflow/.local/lib/python3.8/site-packages/airflow/example_dags/example_branch_operator.py
[2024-04-12T09:08:48.311+0000] {logging_mixin.py:188} INFO - [2024-04-12T09:08:48.310+0000] {dag.py:3047} INFO - Sync 1 DAGs
[2024-04-12T09:08:48.339+0000] {logging_mixin.py:188} INFO - [2024-04-12T09:08:48.338+0000] {dag.py:3834} INFO - Setting next_dagrun for example_branch_operator to 2024-04-11 00:00:00+00:00, run_after=2024-04-12 00:00:00+00:00
[2024-04-12T09:08:48.369+0000] {processor.py:183} INFO - Processing /home/airflow/.local/lib/python3.8/site-packages/airflow/example_dags/example_branch_operator.py took 0.112 seconds
[2024-04-12T09:09:18.698+0000] {processor.py:161} INFO - Started process (PID=886) to work on /home/airflow/.local/lib/python3.8/site-packages/airflow/example_dags/example_branch_operator.py
[2024-04-12T09:09:18.700+0000] {processor.py:830} INFO - Processing file /home/airflow/.local/lib/python3.8/site-packages/airflow/example_dags/example_branch_operator.py for tasks to queue
[2024-04-12T09:09:18.702+0000] {logging_mixin.py:188} INFO - [2024-04-12T09:09:18.701+0000] {dagbag.py:540} INFO - Filling up the DagBag from /home/airflow/.local/lib/python3.8/site-packages/airflow/example_dags/example_branch_operator.py
[2024-04-12T09:09:18.724+0000] {processor.py:840} INFO - DAG(s) 'example_branch_operator' retrieved from /home/airflow/.local/lib/python3.8/site-packages/airflow/example_dags/example_branch_operator.py
[2024-04-12T09:09:18.757+0000] {logging_mixin.py:188} INFO - [2024-04-12T09:09:18.757+0000] {dag.py:3047} INFO - Sync 1 DAGs
[2024-04-12T09:09:18.785+0000] {logging_mixin.py:188} INFO - [2024-04-12T09:09:18.785+0000] {dag.py:3834} INFO - Setting next_dagrun for example_branch_operator to 2024-04-11 00:00:00+00:00, run_after=2024-04-12 00:00:00+00:00
[2024-04-12T09:09:18.817+0000] {processor.py:183} INFO - Processing /home/airflow/.local/lib/python3.8/site-packages/airflow/example_dags/example_branch_operator.py took 0.122 seconds
[2024-04-12T09:09:49.460+0000] {processor.py:161} INFO - Started process (PID=944) to work on /home/airflow/.local/lib/python3.8/site-packages/airflow/example_dags/example_branch_operator.py
[2024-04-12T09:09:49.461+0000] {processor.py:830} INFO - Processing file /home/airflow/.local/lib/python3.8/site-packages/airflow/example_dags/example_branch_operator.py for tasks to queue
[2024-04-12T09:09:49.463+0000] {logging_mixin.py:188} INFO - [2024-04-12T09:09:49.462+0000] {dagbag.py:540} INFO - Filling up the DagBag from /home/airflow/.local/lib/python3.8/site-packages/airflow/example_dags/example_branch_operator.py
[2024-04-12T09:09:49.498+0000] {processor.py:840} INFO - DAG(s) 'example_branch_operator' retrieved from /home/airflow/.local/lib/python3.8/site-packages/airflow/example_dags/example_branch_operator.py
[2024-04-12T09:09:49.556+0000] {logging_mixin.py:188} INFO - [2024-04-12T09:09:49.555+0000] {dag.py:3047} INFO - Sync 1 DAGs
[2024-04-12T09:09:49.660+0000] {logging_mixin.py:188} INFO - [2024-04-12T09:09:49.659+0000] {dag.py:3834} INFO - Setting next_dagrun for example_branch_operator to 2024-04-11 00:00:00+00:00, run_after=2024-04-12 00:00:00+00:00
[2024-04-12T09:09:49.712+0000] {processor.py:183} INFO - Processing /home/airflow/.local/lib/python3.8/site-packages/airflow/example_dags/example_branch_operator.py took 0.256 seconds
[2024-04-12T09:10:23.761+0000] {processor.py:161} INFO - Started process (PID=1002) to work on /home/airflow/.local/lib/python3.8/site-packages/airflow/example_dags/example_branch_operator.py
[2024-04-12T09:10:23.772+0000] {processor.py:830} INFO - Processing file /home/airflow/.local/lib/python3.8/site-packages/airflow/example_dags/example_branch_operator.py for tasks to queue
[2024-04-12T09:10:23.789+0000] {logging_mixin.py:188} INFO - [2024-04-12T09:10:23.782+0000] {dagbag.py:540} INFO - Filling up the DagBag from /home/airflow/.local/lib/python3.8/site-packages/airflow/example_dags/example_branch_operator.py
[2024-04-12T09:10:23.930+0000] {processor.py:840} INFO - DAG(s) 'example_branch_operator' retrieved from /home/airflow/.local/lib/python3.8/site-packages/airflow/example_dags/example_branch_operator.py
[2024-04-12T09:10:24.111+0000] {logging_mixin.py:188} INFO - [2024-04-12T09:10:24.106+0000] {dag.py:3047} INFO - Sync 1 DAGs
[2024-04-12T09:10:24.261+0000] {logging_mixin.py:188} INFO - [2024-04-12T09:10:24.260+0000] {dag.py:3834} INFO - Setting next_dagrun for example_branch_operator to 2024-04-11 00:00:00+00:00, run_after=2024-04-12 00:00:00+00:00
[2024-04-12T09:10:24.386+0000] {processor.py:183} INFO - Processing /home/airflow/.local/lib/python3.8/site-packages/airflow/example_dags/example_branch_operator.py took 0.644 seconds
[2024-04-12T09:10:54.460+0000] {processor.py:161} INFO - Started process (PID=1059) to work on /home/airflow/.local/lib/python3.8/site-packages/airflow/example_dags/example_branch_operator.py
[2024-04-12T09:10:54.461+0000] {processor.py:830} INFO - Processing file /home/airflow/.local/lib/python3.8/site-packages/airflow/example_dags/example_branch_operator.py for tasks to queue
[2024-04-12T09:10:54.462+0000] {logging_mixin.py:188} INFO - [2024-04-12T09:10:54.461+0000] {dagbag.py:540} INFO - Filling up the DagBag from /home/airflow/.local/lib/python3.8/site-packages/airflow/example_dags/example_branch_operator.py
[2024-04-12T09:10:54.479+0000] {processor.py:840} INFO - DAG(s) 'example_branch_operator' retrieved from /home/airflow/.local/lib/python3.8/site-packages/airflow/example_dags/example_branch_operator.py
[2024-04-12T09:10:54.513+0000] {logging_mixin.py:188} INFO - [2024-04-12T09:10:54.512+0000] {dag.py:3047} INFO - Sync 1 DAGs
[2024-04-12T09:10:54.542+0000] {logging_mixin.py:188} INFO - [2024-04-12T09:10:54.541+0000] {dag.py:3834} INFO - Setting next_dagrun for example_branch_operator to 2024-04-11 00:00:00+00:00, run_after=2024-04-12 00:00:00+00:00
[2024-04-12T09:10:54.572+0000] {processor.py:183} INFO - Processing /home/airflow/.local/lib/python3.8/site-packages/airflow/example_dags/example_branch_operator.py took 0.115 seconds
[2024-04-12T09:11:24.663+0000] {processor.py:161} INFO - Started process (PID=1116) to work on /home/airflow/.local/lib/python3.8/site-packages/airflow/example_dags/example_branch_operator.py
[2024-04-12T09:11:24.665+0000] {processor.py:830} INFO - Processing file /home/airflow/.local/lib/python3.8/site-packages/airflow/example_dags/example_branch_operator.py for tasks to queue
[2024-04-12T09:11:24.666+0000] {logging_mixin.py:188} INFO - [2024-04-12T09:11:24.666+0000] {dagbag.py:540} INFO - Filling up the DagBag from /home/airflow/.local/lib/python3.8/site-packages/airflow/example_dags/example_branch_operator.py
[2024-04-12T09:11:24.685+0000] {processor.py:840} INFO - DAG(s) 'example_branch_operator' retrieved from /home/airflow/.local/lib/python3.8/site-packages/airflow/example_dags/example_branch_operator.py
[2024-04-12T09:11:24.726+0000] {logging_mixin.py:188} INFO - [2024-04-12T09:11:24.726+0000] {dag.py:3047} INFO - Sync 1 DAGs
[2024-04-12T09:11:24.760+0000] {logging_mixin.py:188} INFO - [2024-04-12T09:11:24.760+0000] {dag.py:3834} INFO - Setting next_dagrun for example_branch_operator to 2024-04-11 00:00:00+00:00, run_after=2024-04-12 00:00:00+00:00
[2024-04-12T09:11:24.798+0000] {processor.py:183} INFO - Processing /home/airflow/.local/lib/python3.8/site-packages/airflow/example_dags/example_branch_operator.py took 0.138 seconds
[2024-04-12T09:11:55.005+0000] {processor.py:161} INFO - Started process (PID=1172) to work on /home/airflow/.local/lib/python3.8/site-packages/airflow/example_dags/example_branch_operator.py
[2024-04-12T09:11:55.007+0000] {processor.py:830} INFO - Processing file /home/airflow/.local/lib/python3.8/site-packages/airflow/example_dags/example_branch_operator.py for tasks to queue
[2024-04-12T09:11:55.008+0000] {logging_mixin.py:188} INFO - [2024-04-12T09:11:55.008+0000] {dagbag.py:540} INFO - Filling up the DagBag from /home/airflow/.local/lib/python3.8/site-packages/airflow/example_dags/example_branch_operator.py
[2024-04-12T09:11:55.031+0000] {processor.py:840} INFO - DAG(s) 'example_branch_operator' retrieved from /home/airflow/.local/lib/python3.8/site-packages/airflow/example_dags/example_branch_operator.py
[2024-04-12T09:11:55.058+0000] {logging_mixin.py:188} INFO - [2024-04-12T09:11:55.058+0000] {dag.py:3047} INFO - Sync 1 DAGs
[2024-04-12T09:11:55.087+0000] {logging_mixin.py:188} INFO - [2024-04-12T09:11:55.086+0000] {dag.py:3834} INFO - Setting next_dagrun for example_branch_operator to 2024-04-11 00:00:00+00:00, run_after=2024-04-12 00:00:00+00:00
[2024-04-12T09:11:55.116+0000] {processor.py:183} INFO - Processing /home/airflow/.local/lib/python3.8/site-packages/airflow/example_dags/example_branch_operator.py took 0.113 seconds
[2024-04-12T09:12:25.449+0000] {processor.py:161} INFO - Started process (PID=1229) to work on /home/airflow/.local/lib/python3.8/site-packages/airflow/example_dags/example_branch_operator.py
[2024-04-12T09:12:25.450+0000] {processor.py:830} INFO - Processing file /home/airflow/.local/lib/python3.8/site-packages/airflow/example_dags/example_branch_operator.py for tasks to queue
[2024-04-12T09:12:25.451+0000] {logging_mixin.py:188} INFO - [2024-04-12T09:12:25.451+0000] {dagbag.py:540} INFO - Filling up the DagBag from /home/airflow/.local/lib/python3.8/site-packages/airflow/example_dags/example_branch_operator.py
[2024-04-12T09:12:25.471+0000] {processor.py:840} INFO - DAG(s) 'example_branch_operator' retrieved from /home/airflow/.local/lib/python3.8/site-packages/airflow/example_dags/example_branch_operator.py
[2024-04-12T09:12:25.500+0000] {logging_mixin.py:188} INFO - [2024-04-12T09:12:25.500+0000] {dag.py:3047} INFO - Sync 1 DAGs
[2024-04-12T09:12:25.525+0000] {logging_mixin.py:188} INFO - [2024-04-12T09:12:25.525+0000] {dag.py:3834} INFO - Setting next_dagrun for example_branch_operator to 2024-04-11 00:00:00+00:00, run_after=2024-04-12 00:00:00+00:00
[2024-04-12T09:12:25.553+0000] {processor.py:183} INFO - Processing /home/airflow/.local/lib/python3.8/site-packages/airflow/example_dags/example_branch_operator.py took 0.107 seconds
[2024-04-12T09:12:57.155+0000] {processor.py:161} INFO - Started process (PID=1287) to work on /home/airflow/.local/lib/python3.8/site-packages/airflow/example_dags/example_branch_operator.py
[2024-04-12T09:12:57.156+0000] {processor.py:830} INFO - Processing file /home/airflow/.local/lib/python3.8/site-packages/airflow/example_dags/example_branch_operator.py for tasks to queue
[2024-04-12T09:12:57.159+0000] {logging_mixin.py:188} INFO - [2024-04-12T09:12:57.158+0000] {dagbag.py:540} INFO - Filling up the DagBag from /home/airflow/.local/lib/python3.8/site-packages/airflow/example_dags/example_branch_operator.py
[2024-04-12T09:12:57.210+0000] {processor.py:840} INFO - DAG(s) 'example_branch_operator' retrieved from /home/airflow/.local/lib/python3.8/site-packages/airflow/example_dags/example_branch_operator.py
[2024-04-12T09:12:57.267+0000] {logging_mixin.py:188} INFO - [2024-04-12T09:12:57.267+0000] {dag.py:3047} INFO - Sync 1 DAGs
[2024-04-12T09:12:57.319+0000] {logging_mixin.py:188} INFO - [2024-04-12T09:12:57.318+0000] {dag.py:3834} INFO - Setting next_dagrun for example_branch_operator to 2024-04-11 00:00:00+00:00, run_after=2024-04-12 00:00:00+00:00
[2024-04-12T09:12:57.454+0000] {processor.py:183} INFO - Processing /home/airflow/.local/lib/python3.8/site-packages/airflow/example_dags/example_branch_operator.py took 0.306 seconds
[2024-04-12T09:13:27.901+0000] {processor.py:161} INFO - Started process (PID=1343) to work on /home/airflow/.local/lib/python3.8/site-packages/airflow/example_dags/example_branch_operator.py
[2024-04-12T09:13:27.902+0000] {processor.py:830} INFO - Processing file /home/airflow/.local/lib/python3.8/site-packages/airflow/example_dags/example_branch_operator.py for tasks to queue
[2024-04-12T09:13:27.904+0000] {logging_mixin.py:188} INFO - [2024-04-12T09:13:27.904+0000] {dagbag.py:540} INFO - Filling up the DagBag from /home/airflow/.local/lib/python3.8/site-packages/airflow/example_dags/example_branch_operator.py
[2024-04-12T09:13:27.941+0000] {processor.py:840} INFO - DAG(s) 'example_branch_operator' retrieved from /home/airflow/.local/lib/python3.8/site-packages/airflow/example_dags/example_branch_operator.py
[2024-04-12T09:13:27.996+0000] {logging_mixin.py:188} INFO - [2024-04-12T09:13:27.995+0000] {dag.py:3047} INFO - Sync 1 DAGs
[2024-04-12T09:13:28.034+0000] {logging_mixin.py:188} INFO - [2024-04-12T09:13:28.034+0000] {dag.py:3834} INFO - Setting next_dagrun for example_branch_operator to 2024-04-11 00:00:00+00:00, run_after=2024-04-12 00:00:00+00:00
[2024-04-12T09:13:28.077+0000] {processor.py:183} INFO - Processing /home/airflow/.local/lib/python3.8/site-packages/airflow/example_dags/example_branch_operator.py took 0.186 seconds
[2024-04-12T09:13:58.646+0000] {processor.py:161} INFO - Started process (PID=1402) to work on /home/airflow/.local/lib/python3.8/site-packages/airflow/example_dags/example_branch_operator.py
[2024-04-12T09:13:58.648+0000] {processor.py:830} INFO - Processing file /home/airflow/.local/lib/python3.8/site-packages/airflow/example_dags/example_branch_operator.py for tasks to queue
[2024-04-12T09:13:58.649+0000] {logging_mixin.py:188} INFO - [2024-04-12T09:13:58.649+0000] {dagbag.py:540} INFO - Filling up the DagBag from /home/airflow/.local/lib/python3.8/site-packages/airflow/example_dags/example_branch_operator.py
[2024-04-12T09:13:58.667+0000] {processor.py:840} INFO - DAG(s) 'example_branch_operator' retrieved from /home/airflow/.local/lib/python3.8/site-packages/airflow/example_dags/example_branch_operator.py
[2024-04-12T09:13:58.698+0000] {logging_mixin.py:188} INFO - [2024-04-12T09:13:58.697+0000] {dag.py:3047} INFO - Sync 1 DAGs
[2024-04-12T09:13:58.723+0000] {logging_mixin.py:188} INFO - [2024-04-12T09:13:58.723+0000] {dag.py:3834} INFO - Setting next_dagrun for example_branch_operator to 2024-04-11 00:00:00+00:00, run_after=2024-04-12 00:00:00+00:00
[2024-04-12T09:13:58.752+0000] {processor.py:183} INFO - Processing /home/airflow/.local/lib/python3.8/site-packages/airflow/example_dags/example_branch_operator.py took 0.109 seconds
[2024-04-12T09:14:29.108+0000] {processor.py:161} INFO - Started process (PID=1460) to work on /home/airflow/.local/lib/python3.8/site-packages/airflow/example_dags/example_branch_operator.py
[2024-04-12T09:14:29.110+0000] {processor.py:830} INFO - Processing file /home/airflow/.local/lib/python3.8/site-packages/airflow/example_dags/example_branch_operator.py for tasks to queue
[2024-04-12T09:14:29.111+0000] {logging_mixin.py:188} INFO - [2024-04-12T09:14:29.111+0000] {dagbag.py:540} INFO - Filling up the DagBag from /home/airflow/.local/lib/python3.8/site-packages/airflow/example_dags/example_branch_operator.py
[2024-04-12T09:14:29.131+0000] {processor.py:840} INFO - DAG(s) 'example_branch_operator' retrieved from /home/airflow/.local/lib/python3.8/site-packages/airflow/example_dags/example_branch_operator.py
[2024-04-12T09:14:29.162+0000] {logging_mixin.py:188} INFO - [2024-04-12T09:14:29.161+0000] {dag.py:3047} INFO - Sync 1 DAGs
[2024-04-12T09:14:29.188+0000] {logging_mixin.py:188} INFO - [2024-04-12T09:14:29.188+0000] {dag.py:3834} INFO - Setting next_dagrun for example_branch_operator to 2024-04-11 00:00:00+00:00, run_after=2024-04-12 00:00:00+00:00
[2024-04-12T09:14:29.222+0000] {processor.py:183} INFO - Processing /home/airflow/.local/lib/python3.8/site-packages/airflow/example_dags/example_branch_operator.py took 0.117 seconds
[2024-04-12T09:14:59.313+0000] {processor.py:161} INFO - Started process (PID=1518) to work on /home/airflow/.local/lib/python3.8/site-packages/airflow/example_dags/example_branch_operator.py
[2024-04-12T09:14:59.314+0000] {processor.py:830} INFO - Processing file /home/airflow/.local/lib/python3.8/site-packages/airflow/example_dags/example_branch_operator.py for tasks to queue
[2024-04-12T09:14:59.316+0000] {logging_mixin.py:188} INFO - [2024-04-12T09:14:59.315+0000] {dagbag.py:540} INFO - Filling up the DagBag from /home/airflow/.local/lib/python3.8/site-packages/airflow/example_dags/example_branch_operator.py
[2024-04-12T09:14:59.336+0000] {processor.py:840} INFO - DAG(s) 'example_branch_operator' retrieved from /home/airflow/.local/lib/python3.8/site-packages/airflow/example_dags/example_branch_operator.py
[2024-04-12T09:14:59.368+0000] {logging_mixin.py:188} INFO - [2024-04-12T09:14:59.367+0000] {dag.py:3047} INFO - Sync 1 DAGs
[2024-04-12T09:14:59.395+0000] {logging_mixin.py:188} INFO - [2024-04-12T09:14:59.394+0000] {dag.py:3834} INFO - Setting next_dagrun for example_branch_operator to 2024-04-11 00:00:00+00:00, run_after=2024-04-12 00:00:00+00:00
[2024-04-12T09:14:59.426+0000] {processor.py:183} INFO - Processing /home/airflow/.local/lib/python3.8/site-packages/airflow/example_dags/example_branch_operator.py took 0.117 seconds
[2024-04-12T09:15:29.827+0000] {processor.py:161} INFO - Started process (PID=1576) to work on /home/airflow/.local/lib/python3.8/site-packages/airflow/example_dags/example_branch_operator.py
[2024-04-12T09:15:29.828+0000] {processor.py:830} INFO - Processing file /home/airflow/.local/lib/python3.8/site-packages/airflow/example_dags/example_branch_operator.py for tasks to queue
[2024-04-12T09:15:29.829+0000] {logging_mixin.py:188} INFO - [2024-04-12T09:15:29.829+0000] {dagbag.py:540} INFO - Filling up the DagBag from /home/airflow/.local/lib/python3.8/site-packages/airflow/example_dags/example_branch_operator.py
[2024-04-12T09:15:29.857+0000] {processor.py:840} INFO - DAG(s) 'example_branch_operator' retrieved from /home/airflow/.local/lib/python3.8/site-packages/airflow/example_dags/example_branch_operator.py
[2024-04-12T09:15:29.899+0000] {logging_mixin.py:188} INFO - [2024-04-12T09:15:29.899+0000] {dag.py:3047} INFO - Sync 1 DAGs
[2024-04-12T09:15:29.933+0000] {logging_mixin.py:188} INFO - [2024-04-12T09:15:29.932+0000] {dag.py:3834} INFO - Setting next_dagrun for example_branch_operator to 2024-04-11 00:00:00+00:00, run_after=2024-04-12 00:00:00+00:00
[2024-04-12T09:15:29.978+0000] {processor.py:183} INFO - Processing /home/airflow/.local/lib/python3.8/site-packages/airflow/example_dags/example_branch_operator.py took 0.155 seconds
[2024-04-12T09:16:00.801+0000] {processor.py:161} INFO - Started process (PID=1634) to work on /home/airflow/.local/lib/python3.8/site-packages/airflow/example_dags/example_branch_operator.py
[2024-04-12T09:16:00.802+0000] {processor.py:830} INFO - Processing file /home/airflow/.local/lib/python3.8/site-packages/airflow/example_dags/example_branch_operator.py for tasks to queue
[2024-04-12T09:16:00.804+0000] {logging_mixin.py:188} INFO - [2024-04-12T09:16:00.804+0000] {dagbag.py:540} INFO - Filling up the DagBag from /home/airflow/.local/lib/python3.8/site-packages/airflow/example_dags/example_branch_operator.py
[2024-04-12T09:16:00.827+0000] {processor.py:840} INFO - DAG(s) 'example_branch_operator' retrieved from /home/airflow/.local/lib/python3.8/site-packages/airflow/example_dags/example_branch_operator.py
[2024-04-12T09:16:00.860+0000] {logging_mixin.py:188} INFO - [2024-04-12T09:16:00.860+0000] {dag.py:3047} INFO - Sync 1 DAGs
[2024-04-12T09:16:00.890+0000] {logging_mixin.py:188} INFO - [2024-04-12T09:16:00.890+0000] {dag.py:3834} INFO - Setting next_dagrun for example_branch_operator to 2024-04-11 00:00:00+00:00, run_after=2024-04-12 00:00:00+00:00
[2024-04-12T09:16:00.923+0000] {processor.py:183} INFO - Processing /home/airflow/.local/lib/python3.8/site-packages/airflow/example_dags/example_branch_operator.py took 0.126 seconds
