[2024-04-12T09:01:26.446+0000] {processor.py:161} INFO - Started process (PID=62) to work on /home/airflow/.local/lib/python3.8/site-packages/airflow/example_dags/example_xcomargs.py
[2024-04-12T09:01:26.448+0000] {processor.py:830} INFO - Processing file /home/airflow/.local/lib/python3.8/site-packages/airflow/example_dags/example_xcomargs.py for tasks to queue
[2024-04-12T09:01:26.451+0000] {logging_mixin.py:188} INFO - [2024-04-12T09:01:26.450+0000] {dagbag.py:540} INFO - Filling up the DagBag from /home/airflow/.local/lib/python3.8/site-packages/airflow/example_dags/example_xcomargs.py
[2024-04-12T09:01:26.479+0000] {processor.py:840} INFO - DAG(s) 'example_xcom_args', 'example_xcom_args_with_operators' retrieved from /home/airflow/.local/lib/python3.8/site-packages/airflow/example_dags/example_xcomargs.py
[2024-04-12T09:01:27.625+0000] {logging_mixin.py:188} INFO - [2024-04-12T09:01:27.622+0000] {override.py:1769} INFO - Created Permission View: can read on DAG:example_xcom_args
[2024-04-12T09:01:27.661+0000] {logging_mixin.py:188} INFO - [2024-04-12T09:01:27.660+0000] {override.py:1769} INFO - Created Permission View: can edit on DAG:example_xcom_args
[2024-04-12T09:01:27.686+0000] {logging_mixin.py:188} INFO - [2024-04-12T09:01:27.685+0000] {override.py:1769} INFO - Created Permission View: can delete on DAG:example_xcom_args
[2024-04-12T09:01:27.723+0000] {logging_mixin.py:188} INFO - [2024-04-12T09:01:27.723+0000] {override.py:1769} INFO - Created Permission View: can read on DAG:example_xcom_args_with_operators
[2024-04-12T09:01:27.744+0000] {logging_mixin.py:188} INFO - [2024-04-12T09:01:27.743+0000] {override.py:1769} INFO - Created Permission View: can edit on DAG:example_xcom_args_with_operators
[2024-04-12T09:01:27.773+0000] {logging_mixin.py:188} INFO - [2024-04-12T09:01:27.772+0000] {override.py:1769} INFO - Created Permission View: can delete on DAG:example_xcom_args_with_operators
[2024-04-12T09:01:27.778+0000] {logging_mixin.py:188} INFO - [2024-04-12T09:01:27.777+0000] {dag.py:3047} INFO - Sync 2 DAGs
[2024-04-12T09:01:27.850+0000] {logging_mixin.py:188} INFO - [2024-04-12T09:01:27.850+0000] {dag.py:3069} INFO - Creating ORM DAG for example_xcom_args_with_operators
[2024-04-12T09:01:27.852+0000] {logging_mixin.py:188} INFO - [2024-04-12T09:01:27.851+0000] {dag.py:3069} INFO - Creating ORM DAG for example_xcom_args
[2024-04-12T09:01:27.853+0000] {logging_mixin.py:188} INFO - [2024-04-12T09:01:27.853+0000] {dag.py:3834} INFO - Setting next_dagrun for example_xcom_args to None, run_after=None
[2024-04-12T09:01:27.855+0000] {logging_mixin.py:188} INFO - [2024-04-12T09:01:27.855+0000] {dag.py:3834} INFO - Setting next_dagrun for example_xcom_args_with_operators to None, run_after=None
[2024-04-12T09:01:27.930+0000] {processor.py:183} INFO - Processing /home/airflow/.local/lib/python3.8/site-packages/airflow/example_dags/example_xcomargs.py took 1.490 seconds
[2024-04-12T09:01:58.081+0000] {processor.py:161} INFO - Started process (PID=120) to work on /home/airflow/.local/lib/python3.8/site-packages/airflow/example_dags/example_xcomargs.py
[2024-04-12T09:01:58.084+0000] {processor.py:830} INFO - Processing file /home/airflow/.local/lib/python3.8/site-packages/airflow/example_dags/example_xcomargs.py for tasks to queue
[2024-04-12T09:01:58.087+0000] {logging_mixin.py:188} INFO - [2024-04-12T09:01:58.086+0000] {dagbag.py:540} INFO - Filling up the DagBag from /home/airflow/.local/lib/python3.8/site-packages/airflow/example_dags/example_xcomargs.py
[2024-04-12T09:01:58.097+0000] {processor.py:840} INFO - DAG(s) 'example_xcom_args_with_operators', 'example_xcom_args' retrieved from /home/airflow/.local/lib/python3.8/site-packages/airflow/example_dags/example_xcomargs.py
[2024-04-12T09:01:58.127+0000] {logging_mixin.py:188} INFO - [2024-04-12T09:01:58.126+0000] {dag.py:3047} INFO - Sync 2 DAGs
[2024-04-12T09:01:58.143+0000] {logging_mixin.py:188} INFO - [2024-04-12T09:01:58.143+0000] {dag.py:3834} INFO - Setting next_dagrun for example_xcom_args to None, run_after=None
[2024-04-12T09:01:58.151+0000] {logging_mixin.py:188} INFO - [2024-04-12T09:01:58.150+0000] {dag.py:3834} INFO - Setting next_dagrun for example_xcom_args_with_operators to None, run_after=None
[2024-04-12T09:01:58.189+0000] {processor.py:183} INFO - Processing /home/airflow/.local/lib/python3.8/site-packages/airflow/example_dags/example_xcomargs.py took 0.112 seconds
[2024-04-12T09:02:43.530+0000] {processor.py:161} INFO - Started process (PID=182) to work on /home/airflow/.local/lib/python3.8/site-packages/airflow/example_dags/example_xcomargs.py
[2024-04-12T09:02:43.532+0000] {processor.py:830} INFO - Processing file /home/airflow/.local/lib/python3.8/site-packages/airflow/example_dags/example_xcomargs.py for tasks to queue
[2024-04-12T09:02:43.534+0000] {logging_mixin.py:188} INFO - [2024-04-12T09:02:43.534+0000] {dagbag.py:540} INFO - Filling up the DagBag from /home/airflow/.local/lib/python3.8/site-packages/airflow/example_dags/example_xcomargs.py
[2024-04-12T09:02:43.548+0000] {processor.py:840} INFO - DAG(s) 'example_xcom_args_with_operators', 'example_xcom_args' retrieved from /home/airflow/.local/lib/python3.8/site-packages/airflow/example_dags/example_xcomargs.py
[2024-04-12T09:02:43.580+0000] {logging_mixin.py:188} INFO - [2024-04-12T09:02:43.579+0000] {dag.py:3047} INFO - Sync 2 DAGs
[2024-04-12T09:02:43.595+0000] {logging_mixin.py:188} INFO - [2024-04-12T09:02:43.595+0000] {dag.py:3834} INFO - Setting next_dagrun for example_xcom_args to None, run_after=None
[2024-04-12T09:02:43.601+0000] {logging_mixin.py:188} INFO - [2024-04-12T09:02:43.600+0000] {dag.py:3834} INFO - Setting next_dagrun for example_xcom_args_with_operators to None, run_after=None
[2024-04-12T09:02:43.632+0000] {processor.py:183} INFO - Processing /home/airflow/.local/lib/python3.8/site-packages/airflow/example_dags/example_xcomargs.py took 0.106 seconds
[2024-04-12T09:03:13.859+0000] {processor.py:161} INFO - Started process (PID=242) to work on /home/airflow/.local/lib/python3.8/site-packages/airflow/example_dags/example_xcomargs.py
[2024-04-12T09:03:13.862+0000] {processor.py:830} INFO - Processing file /home/airflow/.local/lib/python3.8/site-packages/airflow/example_dags/example_xcomargs.py for tasks to queue
[2024-04-12T09:03:13.866+0000] {logging_mixin.py:188} INFO - [2024-04-12T09:03:13.865+0000] {dagbag.py:540} INFO - Filling up the DagBag from /home/airflow/.local/lib/python3.8/site-packages/airflow/example_dags/example_xcomargs.py
[2024-04-12T09:03:13.881+0000] {processor.py:840} INFO - DAG(s) 'example_xcom_args', 'example_xcom_args_with_operators' retrieved from /home/airflow/.local/lib/python3.8/site-packages/airflow/example_dags/example_xcomargs.py
[2024-04-12T09:03:13.934+0000] {logging_mixin.py:188} INFO - [2024-04-12T09:03:13.933+0000] {dag.py:3047} INFO - Sync 2 DAGs
[2024-04-12T09:03:13.957+0000] {logging_mixin.py:188} INFO - [2024-04-12T09:03:13.956+0000] {dag.py:3834} INFO - Setting next_dagrun for example_xcom_args to None, run_after=None
[2024-04-12T09:03:13.968+0000] {logging_mixin.py:188} INFO - [2024-04-12T09:03:13.967+0000] {dag.py:3834} INFO - Setting next_dagrun for example_xcom_args_with_operators to None, run_after=None
[2024-04-12T09:03:14.014+0000] {processor.py:183} INFO - Processing /home/airflow/.local/lib/python3.8/site-packages/airflow/example_dags/example_xcomargs.py took 0.163 seconds
[2024-04-12T09:03:44.353+0000] {processor.py:161} INFO - Started process (PID=300) to work on /home/airflow/.local/lib/python3.8/site-packages/airflow/example_dags/example_xcomargs.py
[2024-04-12T09:03:44.354+0000] {processor.py:830} INFO - Processing file /home/airflow/.local/lib/python3.8/site-packages/airflow/example_dags/example_xcomargs.py for tasks to queue
[2024-04-12T09:03:44.357+0000] {logging_mixin.py:188} INFO - [2024-04-12T09:03:44.356+0000] {dagbag.py:540} INFO - Filling up the DagBag from /home/airflow/.local/lib/python3.8/site-packages/airflow/example_dags/example_xcomargs.py
[2024-04-12T09:03:44.366+0000] {processor.py:840} INFO - DAG(s) 'example_xcom_args', 'example_xcom_args_with_operators' retrieved from /home/airflow/.local/lib/python3.8/site-packages/airflow/example_dags/example_xcomargs.py
[2024-04-12T09:03:44.408+0000] {logging_mixin.py:188} INFO - [2024-04-12T09:03:44.408+0000] {dag.py:3047} INFO - Sync 2 DAGs
[2024-04-12T09:03:44.448+0000] {logging_mixin.py:188} INFO - [2024-04-12T09:03:44.447+0000] {dag.py:3834} INFO - Setting next_dagrun for example_xcom_args to None, run_after=None
[2024-04-12T09:03:44.467+0000] {logging_mixin.py:188} INFO - [2024-04-12T09:03:44.466+0000] {dag.py:3834} INFO - Setting next_dagrun for example_xcom_args_with_operators to None, run_after=None
[2024-04-12T09:03:44.515+0000] {processor.py:183} INFO - Processing /home/airflow/.local/lib/python3.8/site-packages/airflow/example_dags/example_xcomargs.py took 0.167 seconds
[2024-04-12T09:04:14.741+0000] {processor.py:161} INFO - Started process (PID=358) to work on /home/airflow/.local/lib/python3.8/site-packages/airflow/example_dags/example_xcomargs.py
[2024-04-12T09:04:14.743+0000] {processor.py:830} INFO - Processing file /home/airflow/.local/lib/python3.8/site-packages/airflow/example_dags/example_xcomargs.py for tasks to queue
[2024-04-12T09:04:14.747+0000] {logging_mixin.py:188} INFO - [2024-04-12T09:04:14.746+0000] {dagbag.py:540} INFO - Filling up the DagBag from /home/airflow/.local/lib/python3.8/site-packages/airflow/example_dags/example_xcomargs.py
[2024-04-12T09:04:14.758+0000] {processor.py:840} INFO - DAG(s) 'example_xcom_args_with_operators', 'example_xcom_args' retrieved from /home/airflow/.local/lib/python3.8/site-packages/airflow/example_dags/example_xcomargs.py
[2024-04-12T09:04:14.820+0000] {logging_mixin.py:188} INFO - [2024-04-12T09:04:14.819+0000] {dag.py:3047} INFO - Sync 2 DAGs
[2024-04-12T09:04:14.887+0000] {logging_mixin.py:188} INFO - [2024-04-12T09:04:14.886+0000] {dag.py:3834} INFO - Setting next_dagrun for example_xcom_args to None, run_after=None
[2024-04-12T09:04:14.918+0000] {logging_mixin.py:188} INFO - [2024-04-12T09:04:14.913+0000] {dag.py:3834} INFO - Setting next_dagrun for example_xcom_args_with_operators to None, run_after=None
[2024-04-12T09:04:14.996+0000] {processor.py:183} INFO - Processing /home/airflow/.local/lib/python3.8/site-packages/airflow/example_dags/example_xcomargs.py took 0.260 seconds
[2024-04-12T09:05:13.719+0000] {processor.py:161} INFO - Started process (PID=422) to work on /home/airflow/.local/lib/python3.8/site-packages/airflow/example_dags/example_xcomargs.py
[2024-04-12T09:05:13.720+0000] {processor.py:830} INFO - Processing file /home/airflow/.local/lib/python3.8/site-packages/airflow/example_dags/example_xcomargs.py for tasks to queue
[2024-04-12T09:05:13.722+0000] {logging_mixin.py:188} INFO - [2024-04-12T09:05:13.721+0000] {dagbag.py:540} INFO - Filling up the DagBag from /home/airflow/.local/lib/python3.8/site-packages/airflow/example_dags/example_xcomargs.py
[2024-04-12T09:05:13.732+0000] {processor.py:840} INFO - DAG(s) 'example_xcom_args', 'example_xcom_args_with_operators' retrieved from /home/airflow/.local/lib/python3.8/site-packages/airflow/example_dags/example_xcomargs.py
[2024-04-12T09:05:13.768+0000] {logging_mixin.py:188} INFO - [2024-04-12T09:05:13.767+0000] {dag.py:3047} INFO - Sync 2 DAGs
[2024-04-12T09:05:13.796+0000] {logging_mixin.py:188} INFO - [2024-04-12T09:05:13.795+0000] {dag.py:3834} INFO - Setting next_dagrun for example_xcom_args to None, run_after=None
[2024-04-12T09:05:13.802+0000] {logging_mixin.py:188} INFO - [2024-04-12T09:05:13.802+0000] {dag.py:3834} INFO - Setting next_dagrun for example_xcom_args_with_operators to None, run_after=None
[2024-04-12T09:05:13.836+0000] {processor.py:183} INFO - Processing /home/airflow/.local/lib/python3.8/site-packages/airflow/example_dags/example_xcomargs.py took 0.121 seconds
[2024-04-12T09:05:44.030+0000] {processor.py:161} INFO - Started process (PID=480) to work on /home/airflow/.local/lib/python3.8/site-packages/airflow/example_dags/example_xcomargs.py
[2024-04-12T09:05:44.031+0000] {processor.py:830} INFO - Processing file /home/airflow/.local/lib/python3.8/site-packages/airflow/example_dags/example_xcomargs.py for tasks to queue
[2024-04-12T09:05:44.033+0000] {logging_mixin.py:188} INFO - [2024-04-12T09:05:44.032+0000] {dagbag.py:540} INFO - Filling up the DagBag from /home/airflow/.local/lib/python3.8/site-packages/airflow/example_dags/example_xcomargs.py
[2024-04-12T09:05:44.041+0000] {processor.py:840} INFO - DAG(s) 'example_xcom_args', 'example_xcom_args_with_operators' retrieved from /home/airflow/.local/lib/python3.8/site-packages/airflow/example_dags/example_xcomargs.py
[2024-04-12T09:05:44.074+0000] {logging_mixin.py:188} INFO - [2024-04-12T09:05:44.073+0000] {dag.py:3047} INFO - Sync 2 DAGs
[2024-04-12T09:05:44.104+0000] {logging_mixin.py:188} INFO - [2024-04-12T09:05:44.104+0000] {dag.py:3834} INFO - Setting next_dagrun for example_xcom_args to None, run_after=None
[2024-04-12T09:05:44.113+0000] {logging_mixin.py:188} INFO - [2024-04-12T09:05:44.112+0000] {dag.py:3834} INFO - Setting next_dagrun for example_xcom_args_with_operators to None, run_after=None
[2024-04-12T09:05:44.168+0000] {processor.py:183} INFO - Processing /home/airflow/.local/lib/python3.8/site-packages/airflow/example_dags/example_xcomargs.py took 0.142 seconds
[2024-04-12T09:06:15.154+0000] {processor.py:161} INFO - Started process (PID=539) to work on /home/airflow/.local/lib/python3.8/site-packages/airflow/example_dags/example_xcomargs.py
[2024-04-12T09:06:15.155+0000] {processor.py:830} INFO - Processing file /home/airflow/.local/lib/python3.8/site-packages/airflow/example_dags/example_xcomargs.py for tasks to queue
[2024-04-12T09:06:15.156+0000] {logging_mixin.py:188} INFO - [2024-04-12T09:06:15.156+0000] {dagbag.py:540} INFO - Filling up the DagBag from /home/airflow/.local/lib/python3.8/site-packages/airflow/example_dags/example_xcomargs.py
[2024-04-12T09:06:15.165+0000] {processor.py:840} INFO - DAG(s) 'example_xcom_args', 'example_xcom_args_with_operators' retrieved from /home/airflow/.local/lib/python3.8/site-packages/airflow/example_dags/example_xcomargs.py
[2024-04-12T09:06:15.197+0000] {logging_mixin.py:188} INFO - [2024-04-12T09:06:15.197+0000] {dag.py:3047} INFO - Sync 2 DAGs
[2024-04-12T09:06:15.211+0000] {logging_mixin.py:188} INFO - [2024-04-12T09:06:15.211+0000] {dag.py:3834} INFO - Setting next_dagrun for example_xcom_args to None, run_after=None
[2024-04-12T09:06:15.217+0000] {logging_mixin.py:188} INFO - [2024-04-12T09:06:15.216+0000] {dag.py:3834} INFO - Setting next_dagrun for example_xcom_args_with_operators to None, run_after=None
[2024-04-12T09:06:15.245+0000] {processor.py:183} INFO - Processing /home/airflow/.local/lib/python3.8/site-packages/airflow/example_dags/example_xcomargs.py took 0.094 seconds
[2024-04-12T09:06:45.706+0000] {processor.py:161} INFO - Started process (PID=597) to work on /home/airflow/.local/lib/python3.8/site-packages/airflow/example_dags/example_xcomargs.py
[2024-04-12T09:06:45.709+0000] {processor.py:830} INFO - Processing file /home/airflow/.local/lib/python3.8/site-packages/airflow/example_dags/example_xcomargs.py for tasks to queue
[2024-04-12T09:06:45.712+0000] {logging_mixin.py:188} INFO - [2024-04-12T09:06:45.711+0000] {dagbag.py:540} INFO - Filling up the DagBag from /home/airflow/.local/lib/python3.8/site-packages/airflow/example_dags/example_xcomargs.py
[2024-04-12T09:06:45.731+0000] {processor.py:840} INFO - DAG(s) 'example_xcom_args_with_operators', 'example_xcom_args' retrieved from /home/airflow/.local/lib/python3.8/site-packages/airflow/example_dags/example_xcomargs.py
[2024-04-12T09:06:45.763+0000] {logging_mixin.py:188} INFO - [2024-04-12T09:06:45.763+0000] {dag.py:3047} INFO - Sync 2 DAGs
[2024-04-12T09:06:45.779+0000] {logging_mixin.py:188} INFO - [2024-04-12T09:06:45.778+0000] {dag.py:3834} INFO - Setting next_dagrun for example_xcom_args to None, run_after=None
[2024-04-12T09:06:45.786+0000] {logging_mixin.py:188} INFO - [2024-04-12T09:06:45.785+0000] {dag.py:3834} INFO - Setting next_dagrun for example_xcom_args_with_operators to None, run_after=None
[2024-04-12T09:06:45.816+0000] {processor.py:183} INFO - Processing /home/airflow/.local/lib/python3.8/site-packages/airflow/example_dags/example_xcomargs.py took 0.114 seconds
[2024-04-12T09:07:16.728+0000] {processor.py:161} INFO - Started process (PID=653) to work on /home/airflow/.local/lib/python3.8/site-packages/airflow/example_dags/example_xcomargs.py
[2024-04-12T09:07:16.730+0000] {processor.py:830} INFO - Processing file /home/airflow/.local/lib/python3.8/site-packages/airflow/example_dags/example_xcomargs.py for tasks to queue
[2024-04-12T09:07:16.731+0000] {logging_mixin.py:188} INFO - [2024-04-12T09:07:16.730+0000] {dagbag.py:540} INFO - Filling up the DagBag from /home/airflow/.local/lib/python3.8/site-packages/airflow/example_dags/example_xcomargs.py
[2024-04-12T09:07:16.739+0000] {processor.py:840} INFO - DAG(s) 'example_xcom_args', 'example_xcom_args_with_operators' retrieved from /home/airflow/.local/lib/python3.8/site-packages/airflow/example_dags/example_xcomargs.py
[2024-04-12T09:07:16.767+0000] {logging_mixin.py:188} INFO - [2024-04-12T09:07:16.766+0000] {dag.py:3047} INFO - Sync 2 DAGs
[2024-04-12T09:07:16.782+0000] {logging_mixin.py:188} INFO - [2024-04-12T09:07:16.781+0000] {dag.py:3834} INFO - Setting next_dagrun for example_xcom_args to None, run_after=None
[2024-04-12T09:07:16.786+0000] {logging_mixin.py:188} INFO - [2024-04-12T09:07:16.786+0000] {dag.py:3834} INFO - Setting next_dagrun for example_xcom_args_with_operators to None, run_after=None
[2024-04-12T09:07:16.820+0000] {processor.py:183} INFO - Processing /home/airflow/.local/lib/python3.8/site-packages/airflow/example_dags/example_xcomargs.py took 0.095 seconds
[2024-04-12T09:07:47.159+0000] {processor.py:161} INFO - Started process (PID=710) to work on /home/airflow/.local/lib/python3.8/site-packages/airflow/example_dags/example_xcomargs.py
[2024-04-12T09:07:47.161+0000] {processor.py:830} INFO - Processing file /home/airflow/.local/lib/python3.8/site-packages/airflow/example_dags/example_xcomargs.py for tasks to queue
[2024-04-12T09:07:47.164+0000] {logging_mixin.py:188} INFO - [2024-04-12T09:07:47.163+0000] {dagbag.py:540} INFO - Filling up the DagBag from /home/airflow/.local/lib/python3.8/site-packages/airflow/example_dags/example_xcomargs.py
[2024-04-12T09:07:47.175+0000] {processor.py:840} INFO - DAG(s) 'example_xcom_args_with_operators', 'example_xcom_args' retrieved from /home/airflow/.local/lib/python3.8/site-packages/airflow/example_dags/example_xcomargs.py
[2024-04-12T09:07:47.207+0000] {logging_mixin.py:188} INFO - [2024-04-12T09:07:47.207+0000] {dag.py:3047} INFO - Sync 2 DAGs
[2024-04-12T09:07:47.221+0000] {logging_mixin.py:188} INFO - [2024-04-12T09:07:47.220+0000] {dag.py:3834} INFO - Setting next_dagrun for example_xcom_args to None, run_after=None
[2024-04-12T09:07:47.229+0000] {logging_mixin.py:188} INFO - [2024-04-12T09:07:47.229+0000] {dag.py:3834} INFO - Setting next_dagrun for example_xcom_args_with_operators to None, run_after=None
[2024-04-12T09:07:47.259+0000] {processor.py:183} INFO - Processing /home/airflow/.local/lib/python3.8/site-packages/airflow/example_dags/example_xcomargs.py took 0.104 seconds
[2024-04-12T09:08:17.747+0000] {processor.py:161} INFO - Started process (PID=768) to work on /home/airflow/.local/lib/python3.8/site-packages/airflow/example_dags/example_xcomargs.py
[2024-04-12T09:08:17.749+0000] {processor.py:830} INFO - Processing file /home/airflow/.local/lib/python3.8/site-packages/airflow/example_dags/example_xcomargs.py for tasks to queue
[2024-04-12T09:08:17.751+0000] {logging_mixin.py:188} INFO - [2024-04-12T09:08:17.751+0000] {dagbag.py:540} INFO - Filling up the DagBag from /home/airflow/.local/lib/python3.8/site-packages/airflow/example_dags/example_xcomargs.py
[2024-04-12T09:08:17.760+0000] {processor.py:840} INFO - DAG(s) 'example_xcom_args', 'example_xcom_args_with_operators' retrieved from /home/airflow/.local/lib/python3.8/site-packages/airflow/example_dags/example_xcomargs.py
[2024-04-12T09:08:17.793+0000] {logging_mixin.py:188} INFO - [2024-04-12T09:08:17.793+0000] {dag.py:3047} INFO - Sync 2 DAGs
[2024-04-12T09:08:17.809+0000] {logging_mixin.py:188} INFO - [2024-04-12T09:08:17.808+0000] {dag.py:3834} INFO - Setting next_dagrun for example_xcom_args to None, run_after=None
[2024-04-12T09:08:17.817+0000] {logging_mixin.py:188} INFO - [2024-04-12T09:08:17.816+0000] {dag.py:3834} INFO - Setting next_dagrun for example_xcom_args_with_operators to None, run_after=None
[2024-04-12T09:08:17.844+0000] {processor.py:183} INFO - Processing /home/airflow/.local/lib/python3.8/site-packages/airflow/example_dags/example_xcomargs.py took 0.102 seconds
[2024-04-12T09:08:48.028+0000] {processor.py:161} INFO - Started process (PID=826) to work on /home/airflow/.local/lib/python3.8/site-packages/airflow/example_dags/example_xcomargs.py
[2024-04-12T09:08:48.029+0000] {processor.py:830} INFO - Processing file /home/airflow/.local/lib/python3.8/site-packages/airflow/example_dags/example_xcomargs.py for tasks to queue
[2024-04-12T09:08:48.031+0000] {logging_mixin.py:188} INFO - [2024-04-12T09:08:48.030+0000] {dagbag.py:540} INFO - Filling up the DagBag from /home/airflow/.local/lib/python3.8/site-packages/airflow/example_dags/example_xcomargs.py
[2024-04-12T09:08:48.039+0000] {processor.py:840} INFO - DAG(s) 'example_xcom_args', 'example_xcom_args_with_operators' retrieved from /home/airflow/.local/lib/python3.8/site-packages/airflow/example_dags/example_xcomargs.py
[2024-04-12T09:08:48.067+0000] {logging_mixin.py:188} INFO - [2024-04-12T09:08:48.066+0000] {dag.py:3047} INFO - Sync 2 DAGs
[2024-04-12T09:08:48.080+0000] {logging_mixin.py:188} INFO - [2024-04-12T09:08:48.080+0000] {dag.py:3834} INFO - Setting next_dagrun for example_xcom_args to None, run_after=None
[2024-04-12T09:08:48.086+0000] {logging_mixin.py:188} INFO - [2024-04-12T09:08:48.086+0000] {dag.py:3834} INFO - Setting next_dagrun for example_xcom_args_with_operators to None, run_after=None
[2024-04-12T09:08:48.115+0000] {processor.py:183} INFO - Processing /home/airflow/.local/lib/python3.8/site-packages/airflow/example_dags/example_xcomargs.py took 0.090 seconds
[2024-04-12T09:09:18.448+0000] {processor.py:161} INFO - Started process (PID=884) to work on /home/airflow/.local/lib/python3.8/site-packages/airflow/example_dags/example_xcomargs.py
[2024-04-12T09:09:18.450+0000] {processor.py:830} INFO - Processing file /home/airflow/.local/lib/python3.8/site-packages/airflow/example_dags/example_xcomargs.py for tasks to queue
[2024-04-12T09:09:18.451+0000] {logging_mixin.py:188} INFO - [2024-04-12T09:09:18.451+0000] {dagbag.py:540} INFO - Filling up the DagBag from /home/airflow/.local/lib/python3.8/site-packages/airflow/example_dags/example_xcomargs.py
[2024-04-12T09:09:18.463+0000] {processor.py:840} INFO - DAG(s) 'example_xcom_args_with_operators', 'example_xcom_args' retrieved from /home/airflow/.local/lib/python3.8/site-packages/airflow/example_dags/example_xcomargs.py
[2024-04-12T09:09:18.490+0000] {logging_mixin.py:188} INFO - [2024-04-12T09:09:18.490+0000] {dag.py:3047} INFO - Sync 2 DAGs
[2024-04-12T09:09:18.505+0000] {logging_mixin.py:188} INFO - [2024-04-12T09:09:18.505+0000] {dag.py:3834} INFO - Setting next_dagrun for example_xcom_args to None, run_after=None
[2024-04-12T09:09:18.510+0000] {logging_mixin.py:188} INFO - [2024-04-12T09:09:18.510+0000] {dag.py:3834} INFO - Setting next_dagrun for example_xcom_args_with_operators to None, run_after=None
[2024-04-12T09:09:18.544+0000] {processor.py:183} INFO - Processing /home/airflow/.local/lib/python3.8/site-packages/airflow/example_dags/example_xcomargs.py took 0.099 seconds
[2024-04-12T09:09:49.030+0000] {processor.py:161} INFO - Started process (PID=942) to work on /home/airflow/.local/lib/python3.8/site-packages/airflow/example_dags/example_xcomargs.py
[2024-04-12T09:09:49.033+0000] {processor.py:830} INFO - Processing file /home/airflow/.local/lib/python3.8/site-packages/airflow/example_dags/example_xcomargs.py for tasks to queue
[2024-04-12T09:09:49.037+0000] {logging_mixin.py:188} INFO - [2024-04-12T09:09:49.035+0000] {dagbag.py:540} INFO - Filling up the DagBag from /home/airflow/.local/lib/python3.8/site-packages/airflow/example_dags/example_xcomargs.py
[2024-04-12T09:09:49.063+0000] {processor.py:840} INFO - DAG(s) 'example_xcom_args_with_operators', 'example_xcom_args' retrieved from /home/airflow/.local/lib/python3.8/site-packages/airflow/example_dags/example_xcomargs.py
[2024-04-12T09:09:49.134+0000] {logging_mixin.py:188} INFO - [2024-04-12T09:09:49.133+0000] {dag.py:3047} INFO - Sync 2 DAGs
[2024-04-12T09:09:49.167+0000] {logging_mixin.py:188} INFO - [2024-04-12T09:09:49.166+0000] {dag.py:3834} INFO - Setting next_dagrun for example_xcom_args to None, run_after=None
[2024-04-12T09:09:49.179+0000] {logging_mixin.py:188} INFO - [2024-04-12T09:09:49.178+0000] {dag.py:3834} INFO - Setting next_dagrun for example_xcom_args_with_operators to None, run_after=None
[2024-04-12T09:09:49.225+0000] {processor.py:183} INFO - Processing /home/airflow/.local/lib/python3.8/site-packages/airflow/example_dags/example_xcomargs.py took 0.201 seconds
[2024-04-12T09:10:22.604+0000] {processor.py:161} INFO - Started process (PID=1000) to work on /home/airflow/.local/lib/python3.8/site-packages/airflow/example_dags/example_xcomargs.py
[2024-04-12T09:10:22.613+0000] {processor.py:830} INFO - Processing file /home/airflow/.local/lib/python3.8/site-packages/airflow/example_dags/example_xcomargs.py for tasks to queue
[2024-04-12T09:10:22.620+0000] {logging_mixin.py:188} INFO - [2024-04-12T09:10:22.619+0000] {dagbag.py:540} INFO - Filling up the DagBag from /home/airflow/.local/lib/python3.8/site-packages/airflow/example_dags/example_xcomargs.py
[2024-04-12T09:10:22.688+0000] {processor.py:840} INFO - DAG(s) 'example_xcom_args', 'example_xcom_args_with_operators' retrieved from /home/airflow/.local/lib/python3.8/site-packages/airflow/example_dags/example_xcomargs.py
[2024-04-12T09:10:22.900+0000] {logging_mixin.py:188} INFO - [2024-04-12T09:10:22.899+0000] {dag.py:3047} INFO - Sync 2 DAGs
[2024-04-12T09:10:22.986+0000] {logging_mixin.py:188} INFO - [2024-04-12T09:10:22.985+0000] {dag.py:3834} INFO - Setting next_dagrun for example_xcom_args to None, run_after=None
[2024-04-12T09:10:23.011+0000] {logging_mixin.py:188} INFO - [2024-04-12T09:10:23.010+0000] {dag.py:3834} INFO - Setting next_dagrun for example_xcom_args_with_operators to None, run_after=None
[2024-04-12T09:10:23.147+0000] {processor.py:183} INFO - Processing /home/airflow/.local/lib/python3.8/site-packages/airflow/example_dags/example_xcomargs.py took 0.567 seconds
[2024-04-12T09:10:53.200+0000] {processor.py:161} INFO - Started process (PID=1057) to work on /home/airflow/.local/lib/python3.8/site-packages/airflow/example_dags/example_xcomargs.py
[2024-04-12T09:10:53.202+0000] {processor.py:830} INFO - Processing file /home/airflow/.local/lib/python3.8/site-packages/airflow/example_dags/example_xcomargs.py for tasks to queue
[2024-04-12T09:10:53.204+0000] {logging_mixin.py:188} INFO - [2024-04-12T09:10:53.204+0000] {dagbag.py:540} INFO - Filling up the DagBag from /home/airflow/.local/lib/python3.8/site-packages/airflow/example_dags/example_xcomargs.py
[2024-04-12T09:10:53.219+0000] {processor.py:840} INFO - DAG(s) 'example_xcom_args_with_operators', 'example_xcom_args' retrieved from /home/airflow/.local/lib/python3.8/site-packages/airflow/example_dags/example_xcomargs.py
[2024-04-12T09:10:53.254+0000] {logging_mixin.py:188} INFO - [2024-04-12T09:10:53.253+0000] {dag.py:3047} INFO - Sync 2 DAGs
[2024-04-12T09:10:53.267+0000] {logging_mixin.py:188} INFO - [2024-04-12T09:10:53.267+0000] {dag.py:3834} INFO - Setting next_dagrun for example_xcom_args to None, run_after=None
[2024-04-12T09:10:53.274+0000] {logging_mixin.py:188} INFO - [2024-04-12T09:10:53.273+0000] {dag.py:3834} INFO - Setting next_dagrun for example_xcom_args_with_operators to None, run_after=None
[2024-04-12T09:10:53.304+0000] {processor.py:183} INFO - Processing /home/airflow/.local/lib/python3.8/site-packages/airflow/example_dags/example_xcomargs.py took 0.108 seconds
[2024-04-12T09:11:23.517+0000] {processor.py:161} INFO - Started process (PID=1112) to work on /home/airflow/.local/lib/python3.8/site-packages/airflow/example_dags/example_xcomargs.py
[2024-04-12T09:11:23.519+0000] {processor.py:830} INFO - Processing file /home/airflow/.local/lib/python3.8/site-packages/airflow/example_dags/example_xcomargs.py for tasks to queue
[2024-04-12T09:11:23.520+0000] {logging_mixin.py:188} INFO - [2024-04-12T09:11:23.520+0000] {dagbag.py:540} INFO - Filling up the DagBag from /home/airflow/.local/lib/python3.8/site-packages/airflow/example_dags/example_xcomargs.py
[2024-04-12T09:11:23.530+0000] {processor.py:840} INFO - DAG(s) 'example_xcom_args_with_operators', 'example_xcom_args' retrieved from /home/airflow/.local/lib/python3.8/site-packages/airflow/example_dags/example_xcomargs.py
[2024-04-12T09:11:23.567+0000] {logging_mixin.py:188} INFO - [2024-04-12T09:11:23.567+0000] {dag.py:3047} INFO - Sync 2 DAGs
[2024-04-12T09:11:23.584+0000] {logging_mixin.py:188} INFO - [2024-04-12T09:11:23.583+0000] {dag.py:3834} INFO - Setting next_dagrun for example_xcom_args to None, run_after=None
[2024-04-12T09:11:23.589+0000] {logging_mixin.py:188} INFO - [2024-04-12T09:11:23.589+0000] {dag.py:3834} INFO - Setting next_dagrun for example_xcom_args_with_operators to None, run_after=None
[2024-04-12T09:11:23.619+0000] {processor.py:183} INFO - Processing /home/airflow/.local/lib/python3.8/site-packages/airflow/example_dags/example_xcomargs.py took 0.105 seconds
[2024-04-12T09:11:53.818+0000] {processor.py:161} INFO - Started process (PID=1169) to work on /home/airflow/.local/lib/python3.8/site-packages/airflow/example_dags/example_xcomargs.py
[2024-04-12T09:11:53.820+0000] {processor.py:830} INFO - Processing file /home/airflow/.local/lib/python3.8/site-packages/airflow/example_dags/example_xcomargs.py for tasks to queue
[2024-04-12T09:11:53.822+0000] {logging_mixin.py:188} INFO - [2024-04-12T09:11:53.821+0000] {dagbag.py:540} INFO - Filling up the DagBag from /home/airflow/.local/lib/python3.8/site-packages/airflow/example_dags/example_xcomargs.py
[2024-04-12T09:11:53.836+0000] {processor.py:840} INFO - DAG(s) 'example_xcom_args', 'example_xcom_args_with_operators' retrieved from /home/airflow/.local/lib/python3.8/site-packages/airflow/example_dags/example_xcomargs.py
[2024-04-12T09:11:53.872+0000] {logging_mixin.py:188} INFO - [2024-04-12T09:11:53.872+0000] {dag.py:3047} INFO - Sync 2 DAGs
[2024-04-12T09:11:53.893+0000] {logging_mixin.py:188} INFO - [2024-04-12T09:11:53.892+0000] {dag.py:3834} INFO - Setting next_dagrun for example_xcom_args to None, run_after=None
[2024-04-12T09:11:53.901+0000] {logging_mixin.py:188} INFO - [2024-04-12T09:11:53.901+0000] {dag.py:3834} INFO - Setting next_dagrun for example_xcom_args_with_operators to None, run_after=None
[2024-04-12T09:11:53.941+0000] {processor.py:183} INFO - Processing /home/airflow/.local/lib/python3.8/site-packages/airflow/example_dags/example_xcomargs.py took 0.128 seconds
[2024-04-12T09:12:24.315+0000] {processor.py:161} INFO - Started process (PID=1227) to work on /home/airflow/.local/lib/python3.8/site-packages/airflow/example_dags/example_xcomargs.py
[2024-04-12T09:12:24.317+0000] {processor.py:830} INFO - Processing file /home/airflow/.local/lib/python3.8/site-packages/airflow/example_dags/example_xcomargs.py for tasks to queue
[2024-04-12T09:12:24.319+0000] {logging_mixin.py:188} INFO - [2024-04-12T09:12:24.318+0000] {dagbag.py:540} INFO - Filling up the DagBag from /home/airflow/.local/lib/python3.8/site-packages/airflow/example_dags/example_xcomargs.py
[2024-04-12T09:12:24.328+0000] {processor.py:840} INFO - DAG(s) 'example_xcom_args_with_operators', 'example_xcom_args' retrieved from /home/airflow/.local/lib/python3.8/site-packages/airflow/example_dags/example_xcomargs.py
[2024-04-12T09:12:24.357+0000] {logging_mixin.py:188} INFO - [2024-04-12T09:12:24.357+0000] {dag.py:3047} INFO - Sync 2 DAGs
[2024-04-12T09:12:24.372+0000] {logging_mixin.py:188} INFO - [2024-04-12T09:12:24.371+0000] {dag.py:3834} INFO - Setting next_dagrun for example_xcom_args to None, run_after=None
[2024-04-12T09:12:24.377+0000] {logging_mixin.py:188} INFO - [2024-04-12T09:12:24.377+0000] {dag.py:3834} INFO - Setting next_dagrun for example_xcom_args_with_operators to None, run_after=None
[2024-04-12T09:12:24.405+0000] {processor.py:183} INFO - Processing /home/airflow/.local/lib/python3.8/site-packages/airflow/example_dags/example_xcomargs.py took 0.093 seconds
[2024-04-12T09:12:56.174+0000] {processor.py:161} INFO - Started process (PID=1283) to work on /home/airflow/.local/lib/python3.8/site-packages/airflow/example_dags/example_xcomargs.py
[2024-04-12T09:12:56.187+0000] {processor.py:830} INFO - Processing file /home/airflow/.local/lib/python3.8/site-packages/airflow/example_dags/example_xcomargs.py for tasks to queue
[2024-04-12T09:12:56.207+0000] {logging_mixin.py:188} INFO - [2024-04-12T09:12:56.206+0000] {dagbag.py:540} INFO - Filling up the DagBag from /home/airflow/.local/lib/python3.8/site-packages/airflow/example_dags/example_xcomargs.py
[2024-04-12T09:12:56.279+0000] {processor.py:840} INFO - DAG(s) 'example_xcom_args_with_operators', 'example_xcom_args' retrieved from /home/airflow/.local/lib/python3.8/site-packages/airflow/example_dags/example_xcomargs.py
[2024-04-12T09:12:56.437+0000] {logging_mixin.py:188} INFO - [2024-04-12T09:12:56.435+0000] {dag.py:3047} INFO - Sync 2 DAGs
[2024-04-12T09:12:56.532+0000] {logging_mixin.py:188} INFO - [2024-04-12T09:12:56.531+0000] {dag.py:3834} INFO - Setting next_dagrun for example_xcom_args to None, run_after=None
[2024-04-12T09:12:56.565+0000] {logging_mixin.py:188} INFO - [2024-04-12T09:12:56.564+0000] {dag.py:3834} INFO - Setting next_dagrun for example_xcom_args_with_operators to None, run_after=None
[2024-04-12T09:12:56.683+0000] {processor.py:183} INFO - Processing /home/airflow/.local/lib/python3.8/site-packages/airflow/example_dags/example_xcomargs.py took 0.525 seconds
[2024-04-12T09:13:26.863+0000] {processor.py:161} INFO - Started process (PID=1341) to work on /home/airflow/.local/lib/python3.8/site-packages/airflow/example_dags/example_xcomargs.py
[2024-04-12T09:13:26.864+0000] {processor.py:830} INFO - Processing file /home/airflow/.local/lib/python3.8/site-packages/airflow/example_dags/example_xcomargs.py for tasks to queue
[2024-04-12T09:13:26.865+0000] {logging_mixin.py:188} INFO - [2024-04-12T09:13:26.865+0000] {dagbag.py:540} INFO - Filling up the DagBag from /home/airflow/.local/lib/python3.8/site-packages/airflow/example_dags/example_xcomargs.py
[2024-04-12T09:13:26.873+0000] {processor.py:840} INFO - DAG(s) 'example_xcom_args_with_operators', 'example_xcom_args' retrieved from /home/airflow/.local/lib/python3.8/site-packages/airflow/example_dags/example_xcomargs.py
[2024-04-12T09:13:26.903+0000] {logging_mixin.py:188} INFO - [2024-04-12T09:13:26.903+0000] {dag.py:3047} INFO - Sync 2 DAGs
[2024-04-12T09:13:26.915+0000] {logging_mixin.py:188} INFO - [2024-04-12T09:13:26.915+0000] {dag.py:3834} INFO - Setting next_dagrun for example_xcom_args to None, run_after=None
[2024-04-12T09:13:26.920+0000] {logging_mixin.py:188} INFO - [2024-04-12T09:13:26.920+0000] {dag.py:3834} INFO - Setting next_dagrun for example_xcom_args_with_operators to None, run_after=None
[2024-04-12T09:13:26.952+0000] {processor.py:183} INFO - Processing /home/airflow/.local/lib/python3.8/site-packages/airflow/example_dags/example_xcomargs.py took 0.092 seconds
[2024-04-12T09:13:57.526+0000] {processor.py:161} INFO - Started process (PID=1400) to work on /home/airflow/.local/lib/python3.8/site-packages/airflow/example_dags/example_xcomargs.py
[2024-04-12T09:13:57.527+0000] {processor.py:830} INFO - Processing file /home/airflow/.local/lib/python3.8/site-packages/airflow/example_dags/example_xcomargs.py for tasks to queue
[2024-04-12T09:13:57.528+0000] {logging_mixin.py:188} INFO - [2024-04-12T09:13:57.528+0000] {dagbag.py:540} INFO - Filling up the DagBag from /home/airflow/.local/lib/python3.8/site-packages/airflow/example_dags/example_xcomargs.py
[2024-04-12T09:13:57.536+0000] {processor.py:840} INFO - DAG(s) 'example_xcom_args', 'example_xcom_args_with_operators' retrieved from /home/airflow/.local/lib/python3.8/site-packages/airflow/example_dags/example_xcomargs.py
[2024-04-12T09:13:57.561+0000] {logging_mixin.py:188} INFO - [2024-04-12T09:13:57.561+0000] {dag.py:3047} INFO - Sync 2 DAGs
[2024-04-12T09:13:57.573+0000] {logging_mixin.py:188} INFO - [2024-04-12T09:13:57.573+0000] {dag.py:3834} INFO - Setting next_dagrun for example_xcom_args to None, run_after=None
[2024-04-12T09:13:57.577+0000] {logging_mixin.py:188} INFO - [2024-04-12T09:13:57.577+0000] {dag.py:3834} INFO - Setting next_dagrun for example_xcom_args_with_operators to None, run_after=None
[2024-04-12T09:13:57.599+0000] {processor.py:183} INFO - Processing /home/airflow/.local/lib/python3.8/site-packages/airflow/example_dags/example_xcomargs.py took 0.076 seconds
[2024-04-12T09:14:28.079+0000] {processor.py:161} INFO - Started process (PID=1458) to work on /home/airflow/.local/lib/python3.8/site-packages/airflow/example_dags/example_xcomargs.py
[2024-04-12T09:14:28.080+0000] {processor.py:830} INFO - Processing file /home/airflow/.local/lib/python3.8/site-packages/airflow/example_dags/example_xcomargs.py for tasks to queue
[2024-04-12T09:14:28.082+0000] {logging_mixin.py:188} INFO - [2024-04-12T09:14:28.081+0000] {dagbag.py:540} INFO - Filling up the DagBag from /home/airflow/.local/lib/python3.8/site-packages/airflow/example_dags/example_xcomargs.py
[2024-04-12T09:14:28.093+0000] {processor.py:840} INFO - DAG(s) 'example_xcom_args_with_operators', 'example_xcom_args' retrieved from /home/airflow/.local/lib/python3.8/site-packages/airflow/example_dags/example_xcomargs.py
[2024-04-12T09:14:28.126+0000] {logging_mixin.py:188} INFO - [2024-04-12T09:14:28.126+0000] {dag.py:3047} INFO - Sync 2 DAGs
[2024-04-12T09:14:28.141+0000] {logging_mixin.py:188} INFO - [2024-04-12T09:14:28.141+0000] {dag.py:3834} INFO - Setting next_dagrun for example_xcom_args to None, run_after=None
[2024-04-12T09:14:28.148+0000] {logging_mixin.py:188} INFO - [2024-04-12T09:14:28.147+0000] {dag.py:3834} INFO - Setting next_dagrun for example_xcom_args_with_operators to None, run_after=None
[2024-04-12T09:14:28.175+0000] {processor.py:183} INFO - Processing /home/airflow/.local/lib/python3.8/site-packages/airflow/example_dags/example_xcomargs.py took 0.099 seconds
[2024-04-12T09:14:58.293+0000] {processor.py:161} INFO - Started process (PID=1516) to work on /home/airflow/.local/lib/python3.8/site-packages/airflow/example_dags/example_xcomargs.py
[2024-04-12T09:14:58.294+0000] {processor.py:830} INFO - Processing file /home/airflow/.local/lib/python3.8/site-packages/airflow/example_dags/example_xcomargs.py for tasks to queue
[2024-04-12T09:14:58.296+0000] {logging_mixin.py:188} INFO - [2024-04-12T09:14:58.295+0000] {dagbag.py:540} INFO - Filling up the DagBag from /home/airflow/.local/lib/python3.8/site-packages/airflow/example_dags/example_xcomargs.py
[2024-04-12T09:14:58.306+0000] {processor.py:840} INFO - DAG(s) 'example_xcom_args', 'example_xcom_args_with_operators' retrieved from /home/airflow/.local/lib/python3.8/site-packages/airflow/example_dags/example_xcomargs.py
[2024-04-12T09:14:58.339+0000] {logging_mixin.py:188} INFO - [2024-04-12T09:14:58.339+0000] {dag.py:3047} INFO - Sync 2 DAGs
[2024-04-12T09:14:58.355+0000] {logging_mixin.py:188} INFO - [2024-04-12T09:14:58.354+0000] {dag.py:3834} INFO - Setting next_dagrun for example_xcom_args to None, run_after=None
[2024-04-12T09:14:58.360+0000] {logging_mixin.py:188} INFO - [2024-04-12T09:14:58.360+0000] {dag.py:3834} INFO - Setting next_dagrun for example_xcom_args_with_operators to None, run_after=None
[2024-04-12T09:14:58.388+0000] {processor.py:183} INFO - Processing /home/airflow/.local/lib/python3.8/site-packages/airflow/example_dags/example_xcomargs.py took 0.099 seconds
[2024-04-12T09:15:28.825+0000] {processor.py:161} INFO - Started process (PID=1574) to work on /home/airflow/.local/lib/python3.8/site-packages/airflow/example_dags/example_xcomargs.py
[2024-04-12T09:15:28.830+0000] {processor.py:830} INFO - Processing file /home/airflow/.local/lib/python3.8/site-packages/airflow/example_dags/example_xcomargs.py for tasks to queue
[2024-04-12T09:15:28.833+0000] {logging_mixin.py:188} INFO - [2024-04-12T09:15:28.832+0000] {dagbag.py:540} INFO - Filling up the DagBag from /home/airflow/.local/lib/python3.8/site-packages/airflow/example_dags/example_xcomargs.py
[2024-04-12T09:15:28.878+0000] {processor.py:840} INFO - DAG(s) 'example_xcom_args', 'example_xcom_args_with_operators' retrieved from /home/airflow/.local/lib/python3.8/site-packages/airflow/example_dags/example_xcomargs.py
[2024-04-12T09:15:28.950+0000] {logging_mixin.py:188} INFO - [2024-04-12T09:15:28.949+0000] {dag.py:3047} INFO - Sync 2 DAGs
[2024-04-12T09:15:28.988+0000] {logging_mixin.py:188} INFO - [2024-04-12T09:15:28.987+0000] {dag.py:3834} INFO - Setting next_dagrun for example_xcom_args to None, run_after=None
[2024-04-12T09:15:29.002+0000] {logging_mixin.py:188} INFO - [2024-04-12T09:15:29.002+0000] {dag.py:3834} INFO - Setting next_dagrun for example_xcom_args_with_operators to None, run_after=None
[2024-04-12T09:15:29.042+0000] {processor.py:183} INFO - Processing /home/airflow/.local/lib/python3.8/site-packages/airflow/example_dags/example_xcomargs.py took 0.231 seconds
[2024-04-12T09:15:59.743+0000] {processor.py:161} INFO - Started process (PID=1632) to work on /home/airflow/.local/lib/python3.8/site-packages/airflow/example_dags/example_xcomargs.py
[2024-04-12T09:15:59.744+0000] {processor.py:830} INFO - Processing file /home/airflow/.local/lib/python3.8/site-packages/airflow/example_dags/example_xcomargs.py for tasks to queue
[2024-04-12T09:15:59.746+0000] {logging_mixin.py:188} INFO - [2024-04-12T09:15:59.745+0000] {dagbag.py:540} INFO - Filling up the DagBag from /home/airflow/.local/lib/python3.8/site-packages/airflow/example_dags/example_xcomargs.py
[2024-04-12T09:15:59.755+0000] {processor.py:840} INFO - DAG(s) 'example_xcom_args', 'example_xcom_args_with_operators' retrieved from /home/airflow/.local/lib/python3.8/site-packages/airflow/example_dags/example_xcomargs.py
[2024-04-12T09:15:59.782+0000] {logging_mixin.py:188} INFO - [2024-04-12T09:15:59.782+0000] {dag.py:3047} INFO - Sync 2 DAGs
[2024-04-12T09:15:59.795+0000] {logging_mixin.py:188} INFO - [2024-04-12T09:15:59.795+0000] {dag.py:3834} INFO - Setting next_dagrun for example_xcom_args to None, run_after=None
[2024-04-12T09:15:59.800+0000] {logging_mixin.py:188} INFO - [2024-04-12T09:15:59.800+0000] {dag.py:3834} INFO - Setting next_dagrun for example_xcom_args_with_operators to None, run_after=None
[2024-04-12T09:15:59.823+0000] {processor.py:183} INFO - Processing /home/airflow/.local/lib/python3.8/site-packages/airflow/example_dags/example_xcomargs.py took 0.084 seconds
