[2024-04-12T09:01:24.373+0000] {processor.py:161} INFO - Started process (PID=57) to work on /home/airflow/.local/lib/python3.8/site-packages/airflow/example_dags/example_bash_operator.py
[2024-04-12T09:01:24.376+0000] {processor.py:830} INFO - Processing file /home/airflow/.local/lib/python3.8/site-packages/airflow/example_dags/example_bash_operator.py for tasks to queue
[2024-04-12T09:01:24.382+0000] {logging_mixin.py:188} INFO - [2024-04-12T09:01:24.381+0000] {dagbag.py:540} INFO - Filling up the DagBag from /home/airflow/.local/lib/python3.8/site-packages/airflow/example_dags/example_bash_operator.py
[2024-04-12T09:01:24.419+0000] {processor.py:840} INFO - DAG(s) 'example_bash_operator' retrieved from /home/airflow/.local/lib/python3.8/site-packages/airflow/example_dags/example_bash_operator.py
[2024-04-12T09:01:24.751+0000] {logging_mixin.py:188} INFO - [2024-04-12T09:01:24.749+0000] {override.py:1769} INFO - Created Permission View: can read on DAG:example_bash_operator
[2024-04-12T09:01:24.802+0000] {logging_mixin.py:188} INFO - [2024-04-12T09:01:24.800+0000] {override.py:1769} INFO - Created Permission View: can edit on DAG:example_bash_operator
[2024-04-12T09:01:24.831+0000] {logging_mixin.py:188} INFO - [2024-04-12T09:01:24.830+0000] {override.py:1769} INFO - Created Permission View: can delete on DAG:example_bash_operator
[2024-04-12T09:01:24.832+0000] {logging_mixin.py:188} INFO - [2024-04-12T09:01:24.832+0000] {dag.py:3047} INFO - Sync 1 DAGs
[2024-04-12T09:01:24.853+0000] {logging_mixin.py:188} INFO - [2024-04-12T09:01:24.853+0000] {dag.py:3069} INFO - Creating ORM DAG for example_bash_operator
[2024-04-12T09:01:24.875+0000] {logging_mixin.py:188} INFO - [2024-04-12T09:01:24.875+0000] {dag.py:3834} INFO - Setting next_dagrun for example_bash_operator to 2024-04-11 00:00:00+00:00, run_after=2024-04-12 00:00:00+00:00
[2024-04-12T09:01:24.933+0000] {processor.py:183} INFO - Processing /home/airflow/.local/lib/python3.8/site-packages/airflow/example_dags/example_bash_operator.py took 0.566 seconds
[2024-04-12T09:01:55.270+0000] {processor.py:161} INFO - Started process (PID=113) to work on /home/airflow/.local/lib/python3.8/site-packages/airflow/example_dags/example_bash_operator.py
[2024-04-12T09:01:55.272+0000] {processor.py:830} INFO - Processing file /home/airflow/.local/lib/python3.8/site-packages/airflow/example_dags/example_bash_operator.py for tasks to queue
[2024-04-12T09:01:55.274+0000] {logging_mixin.py:188} INFO - [2024-04-12T09:01:55.274+0000] {dagbag.py:540} INFO - Filling up the DagBag from /home/airflow/.local/lib/python3.8/site-packages/airflow/example_dags/example_bash_operator.py
[2024-04-12T09:01:55.290+0000] {processor.py:840} INFO - DAG(s) 'example_bash_operator' retrieved from /home/airflow/.local/lib/python3.8/site-packages/airflow/example_dags/example_bash_operator.py
[2024-04-12T09:01:55.331+0000] {logging_mixin.py:188} INFO - [2024-04-12T09:01:55.330+0000] {dag.py:3047} INFO - Sync 1 DAGs
[2024-04-12T09:01:55.362+0000] {logging_mixin.py:188} INFO - [2024-04-12T09:01:55.361+0000] {dag.py:3834} INFO - Setting next_dagrun for example_bash_operator to 2024-04-11 00:00:00+00:00, run_after=2024-04-12 00:00:00+00:00
[2024-04-12T09:01:55.402+0000] {processor.py:183} INFO - Processing /home/airflow/.local/lib/python3.8/site-packages/airflow/example_dags/example_bash_operator.py took 0.137 seconds
[2024-04-12T09:02:25.916+0000] {processor.py:161} INFO - Started process (PID=170) to work on /home/airflow/.local/lib/python3.8/site-packages/airflow/example_dags/example_bash_operator.py
[2024-04-12T09:02:25.925+0000] {processor.py:830} INFO - Processing file /home/airflow/.local/lib/python3.8/site-packages/airflow/example_dags/example_bash_operator.py for tasks to queue
[2024-04-12T09:02:25.944+0000] {logging_mixin.py:188} INFO - [2024-04-12T09:02:25.942+0000] {dagbag.py:540} INFO - Filling up the DagBag from /home/airflow/.local/lib/python3.8/site-packages/airflow/example_dags/example_bash_operator.py
[2024-04-12T09:02:26.005+0000] {processor.py:840} INFO - DAG(s) 'example_bash_operator' retrieved from /home/airflow/.local/lib/python3.8/site-packages/airflow/example_dags/example_bash_operator.py
[2024-04-12T09:02:40.065+0000] {logging_mixin.py:188} INFO - [2024-04-12T09:02:40.063+0000] {dag.py:3047} INFO - Sync 1 DAGs
[2024-04-12T09:02:40.172+0000] {logging_mixin.py:188} INFO - [2024-04-12T09:02:40.171+0000] {dag.py:3834} INFO - Setting next_dagrun for example_bash_operator to 2024-04-11 00:00:00+00:00, run_after=2024-04-12 00:00:00+00:00
[2024-04-12T09:02:40.250+0000] {processor.py:183} INFO - Processing /home/airflow/.local/lib/python3.8/site-packages/airflow/example_dags/example_bash_operator.py took 14.346 seconds
[2024-04-12T09:03:10.796+0000] {processor.py:161} INFO - Started process (PID=231) to work on /home/airflow/.local/lib/python3.8/site-packages/airflow/example_dags/example_bash_operator.py
[2024-04-12T09:03:10.799+0000] {processor.py:830} INFO - Processing file /home/airflow/.local/lib/python3.8/site-packages/airflow/example_dags/example_bash_operator.py for tasks to queue
[2024-04-12T09:03:10.803+0000] {logging_mixin.py:188} INFO - [2024-04-12T09:03:10.803+0000] {dagbag.py:540} INFO - Filling up the DagBag from /home/airflow/.local/lib/python3.8/site-packages/airflow/example_dags/example_bash_operator.py
[2024-04-12T09:03:10.818+0000] {processor.py:840} INFO - DAG(s) 'example_bash_operator' retrieved from /home/airflow/.local/lib/python3.8/site-packages/airflow/example_dags/example_bash_operator.py
[2024-04-12T09:03:10.860+0000] {logging_mixin.py:188} INFO - [2024-04-12T09:03:10.859+0000] {dag.py:3047} INFO - Sync 1 DAGs
[2024-04-12T09:03:10.890+0000] {logging_mixin.py:188} INFO - [2024-04-12T09:03:10.890+0000] {dag.py:3834} INFO - Setting next_dagrun for example_bash_operator to 2024-04-11 00:00:00+00:00, run_after=2024-04-12 00:00:00+00:00
[2024-04-12T09:03:10.931+0000] {processor.py:183} INFO - Processing /home/airflow/.local/lib/python3.8/site-packages/airflow/example_dags/example_bash_operator.py took 0.139 seconds
[2024-04-12T09:03:41.788+0000] {processor.py:161} INFO - Started process (PID=289) to work on /home/airflow/.local/lib/python3.8/site-packages/airflow/example_dags/example_bash_operator.py
[2024-04-12T09:03:41.789+0000] {processor.py:830} INFO - Processing file /home/airflow/.local/lib/python3.8/site-packages/airflow/example_dags/example_bash_operator.py for tasks to queue
[2024-04-12T09:03:41.791+0000] {logging_mixin.py:188} INFO - [2024-04-12T09:03:41.791+0000] {dagbag.py:540} INFO - Filling up the DagBag from /home/airflow/.local/lib/python3.8/site-packages/airflow/example_dags/example_bash_operator.py
[2024-04-12T09:03:41.806+0000] {processor.py:840} INFO - DAG(s) 'example_bash_operator' retrieved from /home/airflow/.local/lib/python3.8/site-packages/airflow/example_dags/example_bash_operator.py
[2024-04-12T09:03:41.849+0000] {logging_mixin.py:188} INFO - [2024-04-12T09:03:41.848+0000] {dag.py:3047} INFO - Sync 1 DAGs
[2024-04-12T09:03:41.881+0000] {logging_mixin.py:188} INFO - [2024-04-12T09:03:41.880+0000] {dag.py:3834} INFO - Setting next_dagrun for example_bash_operator to 2024-04-11 00:00:00+00:00, run_after=2024-04-12 00:00:00+00:00
[2024-04-12T09:03:41.915+0000] {processor.py:183} INFO - Processing /home/airflow/.local/lib/python3.8/site-packages/airflow/example_dags/example_bash_operator.py took 0.131 seconds
[2024-04-12T09:04:12.144+0000] {processor.py:161} INFO - Started process (PID=347) to work on /home/airflow/.local/lib/python3.8/site-packages/airflow/example_dags/example_bash_operator.py
[2024-04-12T09:04:12.146+0000] {processor.py:830} INFO - Processing file /home/airflow/.local/lib/python3.8/site-packages/airflow/example_dags/example_bash_operator.py for tasks to queue
[2024-04-12T09:04:12.149+0000] {logging_mixin.py:188} INFO - [2024-04-12T09:04:12.149+0000] {dagbag.py:540} INFO - Filling up the DagBag from /home/airflow/.local/lib/python3.8/site-packages/airflow/example_dags/example_bash_operator.py
[2024-04-12T09:04:12.163+0000] {processor.py:840} INFO - DAG(s) 'example_bash_operator' retrieved from /home/airflow/.local/lib/python3.8/site-packages/airflow/example_dags/example_bash_operator.py
[2024-04-12T09:04:12.214+0000] {logging_mixin.py:188} INFO - [2024-04-12T09:04:12.214+0000] {dag.py:3047} INFO - Sync 1 DAGs
[2024-04-12T09:04:12.243+0000] {logging_mixin.py:188} INFO - [2024-04-12T09:04:12.243+0000] {dag.py:3834} INFO - Setting next_dagrun for example_bash_operator to 2024-04-11 00:00:00+00:00, run_after=2024-04-12 00:00:00+00:00
[2024-04-12T09:04:12.278+0000] {processor.py:183} INFO - Processing /home/airflow/.local/lib/python3.8/site-packages/airflow/example_dags/example_bash_operator.py took 0.138 seconds
[2024-04-12T09:05:08.040+0000] {processor.py:161} INFO - Started process (PID=403) to work on /home/airflow/.local/lib/python3.8/site-packages/airflow/example_dags/example_bash_operator.py
[2024-04-12T09:05:08.046+0000] {processor.py:830} INFO - Processing file /home/airflow/.local/lib/python3.8/site-packages/airflow/example_dags/example_bash_operator.py for tasks to queue
[2024-04-12T09:05:08.109+0000] {logging_mixin.py:188} INFO - [2024-04-12T09:05:08.094+0000] {dagbag.py:540} INFO - Filling up the DagBag from /home/airflow/.local/lib/python3.8/site-packages/airflow/example_dags/example_bash_operator.py
[2024-04-12T09:05:08.330+0000] {processor.py:840} INFO - DAG(s) 'example_bash_operator' retrieved from /home/airflow/.local/lib/python3.8/site-packages/airflow/example_dags/example_bash_operator.py
[2024-04-12T09:05:10.934+0000] {logging_mixin.py:188} INFO - [2024-04-12T09:05:10.926+0000] {dag.py:3047} INFO - Sync 1 DAGs
[2024-04-12T09:05:11.141+0000] {logging_mixin.py:188} INFO - [2024-04-12T09:05:11.141+0000] {dag.py:3834} INFO - Setting next_dagrun for example_bash_operator to 2024-04-11 00:00:00+00:00, run_after=2024-04-12 00:00:00+00:00
[2024-04-12T09:05:11.206+0000] {processor.py:183} INFO - Processing /home/airflow/.local/lib/python3.8/site-packages/airflow/example_dags/example_bash_operator.py took 2.660 seconds
[2024-04-12T09:05:41.347+0000] {processor.py:161} INFO - Started process (PID=461) to work on /home/airflow/.local/lib/python3.8/site-packages/airflow/example_dags/example_bash_operator.py
[2024-04-12T09:05:41.349+0000] {processor.py:830} INFO - Processing file /home/airflow/.local/lib/python3.8/site-packages/airflow/example_dags/example_bash_operator.py for tasks to queue
[2024-04-12T09:05:41.352+0000] {logging_mixin.py:188} INFO - [2024-04-12T09:05:41.351+0000] {dagbag.py:540} INFO - Filling up the DagBag from /home/airflow/.local/lib/python3.8/site-packages/airflow/example_dags/example_bash_operator.py
[2024-04-12T09:05:41.374+0000] {processor.py:840} INFO - DAG(s) 'example_bash_operator' retrieved from /home/airflow/.local/lib/python3.8/site-packages/airflow/example_dags/example_bash_operator.py
[2024-04-12T09:05:41.421+0000] {logging_mixin.py:188} INFO - [2024-04-12T09:05:41.421+0000] {dag.py:3047} INFO - Sync 1 DAGs
[2024-04-12T09:05:41.470+0000] {logging_mixin.py:188} INFO - [2024-04-12T09:05:41.469+0000] {dag.py:3834} INFO - Setting next_dagrun for example_bash_operator to 2024-04-11 00:00:00+00:00, run_after=2024-04-12 00:00:00+00:00
[2024-04-12T09:05:41.521+0000] {processor.py:183} INFO - Processing /home/airflow/.local/lib/python3.8/site-packages/airflow/example_dags/example_bash_operator.py took 0.178 seconds
[2024-04-12T09:06:12.341+0000] {processor.py:161} INFO - Started process (PID=517) to work on /home/airflow/.local/lib/python3.8/site-packages/airflow/example_dags/example_bash_operator.py
[2024-04-12T09:06:12.342+0000] {processor.py:830} INFO - Processing file /home/airflow/.local/lib/python3.8/site-packages/airflow/example_dags/example_bash_operator.py for tasks to queue
[2024-04-12T09:06:12.344+0000] {logging_mixin.py:188} INFO - [2024-04-12T09:06:12.343+0000] {dagbag.py:540} INFO - Filling up the DagBag from /home/airflow/.local/lib/python3.8/site-packages/airflow/example_dags/example_bash_operator.py
[2024-04-12T09:06:12.355+0000] {processor.py:840} INFO - DAG(s) 'example_bash_operator' retrieved from /home/airflow/.local/lib/python3.8/site-packages/airflow/example_dags/example_bash_operator.py
[2024-04-12T09:06:12.388+0000] {logging_mixin.py:188} INFO - [2024-04-12T09:06:12.387+0000] {dag.py:3047} INFO - Sync 1 DAGs
[2024-04-12T09:06:12.415+0000] {logging_mixin.py:188} INFO - [2024-04-12T09:06:12.414+0000] {dag.py:3834} INFO - Setting next_dagrun for example_bash_operator to 2024-04-11 00:00:00+00:00, run_after=2024-04-12 00:00:00+00:00
[2024-04-12T09:06:12.444+0000] {processor.py:183} INFO - Processing /home/airflow/.local/lib/python3.8/site-packages/airflow/example_dags/example_bash_operator.py took 0.106 seconds
[2024-04-12T09:06:42.506+0000] {processor.py:161} INFO - Started process (PID=575) to work on /home/airflow/.local/lib/python3.8/site-packages/airflow/example_dags/example_bash_operator.py
[2024-04-12T09:06:42.507+0000] {processor.py:830} INFO - Processing file /home/airflow/.local/lib/python3.8/site-packages/airflow/example_dags/example_bash_operator.py for tasks to queue
[2024-04-12T09:06:42.508+0000] {logging_mixin.py:188} INFO - [2024-04-12T09:06:42.508+0000] {dagbag.py:540} INFO - Filling up the DagBag from /home/airflow/.local/lib/python3.8/site-packages/airflow/example_dags/example_bash_operator.py
[2024-04-12T09:06:42.523+0000] {processor.py:840} INFO - DAG(s) 'example_bash_operator' retrieved from /home/airflow/.local/lib/python3.8/site-packages/airflow/example_dags/example_bash_operator.py
[2024-04-12T09:06:42.560+0000] {logging_mixin.py:188} INFO - [2024-04-12T09:06:42.560+0000] {dag.py:3047} INFO - Sync 1 DAGs
[2024-04-12T09:06:42.588+0000] {logging_mixin.py:188} INFO - [2024-04-12T09:06:42.588+0000] {dag.py:3834} INFO - Setting next_dagrun for example_bash_operator to 2024-04-11 00:00:00+00:00, run_after=2024-04-12 00:00:00+00:00
[2024-04-12T09:06:42.618+0000] {processor.py:183} INFO - Processing /home/airflow/.local/lib/python3.8/site-packages/airflow/example_dags/example_bash_operator.py took 0.116 seconds
[2024-04-12T09:07:12.717+0000] {processor.py:161} INFO - Started process (PID=633) to work on /home/airflow/.local/lib/python3.8/site-packages/airflow/example_dags/example_bash_operator.py
[2024-04-12T09:07:12.721+0000] {processor.py:830} INFO - Processing file /home/airflow/.local/lib/python3.8/site-packages/airflow/example_dags/example_bash_operator.py for tasks to queue
[2024-04-12T09:07:12.725+0000] {logging_mixin.py:188} INFO - [2024-04-12T09:07:12.724+0000] {dagbag.py:540} INFO - Filling up the DagBag from /home/airflow/.local/lib/python3.8/site-packages/airflow/example_dags/example_bash_operator.py
[2024-04-12T09:07:12.749+0000] {processor.py:840} INFO - DAG(s) 'example_bash_operator' retrieved from /home/airflow/.local/lib/python3.8/site-packages/airflow/example_dags/example_bash_operator.py
[2024-04-12T09:07:12.841+0000] {logging_mixin.py:188} INFO - [2024-04-12T09:07:12.841+0000] {dag.py:3047} INFO - Sync 1 DAGs
[2024-04-12T09:07:12.929+0000] {logging_mixin.py:188} INFO - [2024-04-12T09:07:12.928+0000] {dag.py:3834} INFO - Setting next_dagrun for example_bash_operator to 2024-04-11 00:00:00+00:00, run_after=2024-04-12 00:00:00+00:00
[2024-04-12T09:07:12.975+0000] {processor.py:183} INFO - Processing /home/airflow/.local/lib/python3.8/site-packages/airflow/example_dags/example_bash_operator.py took 0.264 seconds
[2024-04-12T09:07:43.158+0000] {processor.py:161} INFO - Started process (PID=697) to work on /home/airflow/.local/lib/python3.8/site-packages/airflow/example_dags/example_bash_operator.py
[2024-04-12T09:07:43.160+0000] {processor.py:830} INFO - Processing file /home/airflow/.local/lib/python3.8/site-packages/airflow/example_dags/example_bash_operator.py for tasks to queue
[2024-04-12T09:07:43.163+0000] {logging_mixin.py:188} INFO - [2024-04-12T09:07:43.162+0000] {dagbag.py:540} INFO - Filling up the DagBag from /home/airflow/.local/lib/python3.8/site-packages/airflow/example_dags/example_bash_operator.py
[2024-04-12T09:07:43.193+0000] {processor.py:840} INFO - DAG(s) 'example_bash_operator' retrieved from /home/airflow/.local/lib/python3.8/site-packages/airflow/example_dags/example_bash_operator.py
[2024-04-12T09:07:43.279+0000] {logging_mixin.py:188} INFO - [2024-04-12T09:07:43.279+0000] {dag.py:3047} INFO - Sync 1 DAGs
[2024-04-12T09:07:43.343+0000] {logging_mixin.py:188} INFO - [2024-04-12T09:07:43.342+0000] {dag.py:3834} INFO - Setting next_dagrun for example_bash_operator to 2024-04-11 00:00:00+00:00, run_after=2024-04-12 00:00:00+00:00
[2024-04-12T09:07:43.400+0000] {processor.py:183} INFO - Processing /home/airflow/.local/lib/python3.8/site-packages/airflow/example_dags/example_bash_operator.py took 0.247 seconds
[2024-04-12T09:08:13.599+0000] {processor.py:161} INFO - Started process (PID=755) to work on /home/airflow/.local/lib/python3.8/site-packages/airflow/example_dags/example_bash_operator.py
[2024-04-12T09:08:13.601+0000] {processor.py:830} INFO - Processing file /home/airflow/.local/lib/python3.8/site-packages/airflow/example_dags/example_bash_operator.py for tasks to queue
[2024-04-12T09:08:13.602+0000] {logging_mixin.py:188} INFO - [2024-04-12T09:08:13.602+0000] {dagbag.py:540} INFO - Filling up the DagBag from /home/airflow/.local/lib/python3.8/site-packages/airflow/example_dags/example_bash_operator.py
[2024-04-12T09:08:13.615+0000] {processor.py:840} INFO - DAG(s) 'example_bash_operator' retrieved from /home/airflow/.local/lib/python3.8/site-packages/airflow/example_dags/example_bash_operator.py
[2024-04-12T09:08:13.650+0000] {logging_mixin.py:188} INFO - [2024-04-12T09:08:13.650+0000] {dag.py:3047} INFO - Sync 1 DAGs
[2024-04-12T09:08:13.679+0000] {logging_mixin.py:188} INFO - [2024-04-12T09:08:13.679+0000] {dag.py:3834} INFO - Setting next_dagrun for example_bash_operator to 2024-04-11 00:00:00+00:00, run_after=2024-04-12 00:00:00+00:00
[2024-04-12T09:08:13.707+0000] {processor.py:183} INFO - Processing /home/airflow/.local/lib/python3.8/site-packages/airflow/example_dags/example_bash_operator.py took 0.111 seconds
[2024-04-12T09:08:43.932+0000] {processor.py:161} INFO - Started process (PID=813) to work on /home/airflow/.local/lib/python3.8/site-packages/airflow/example_dags/example_bash_operator.py
[2024-04-12T09:08:43.933+0000] {processor.py:830} INFO - Processing file /home/airflow/.local/lib/python3.8/site-packages/airflow/example_dags/example_bash_operator.py for tasks to queue
[2024-04-12T09:08:43.934+0000] {logging_mixin.py:188} INFO - [2024-04-12T09:08:43.934+0000] {dagbag.py:540} INFO - Filling up the DagBag from /home/airflow/.local/lib/python3.8/site-packages/airflow/example_dags/example_bash_operator.py
[2024-04-12T09:08:43.946+0000] {processor.py:840} INFO - DAG(s) 'example_bash_operator' retrieved from /home/airflow/.local/lib/python3.8/site-packages/airflow/example_dags/example_bash_operator.py
[2024-04-12T09:08:43.979+0000] {logging_mixin.py:188} INFO - [2024-04-12T09:08:43.979+0000] {dag.py:3047} INFO - Sync 1 DAGs
[2024-04-12T09:08:44.006+0000] {logging_mixin.py:188} INFO - [2024-04-12T09:08:44.005+0000] {dag.py:3834} INFO - Setting next_dagrun for example_bash_operator to 2024-04-11 00:00:00+00:00, run_after=2024-04-12 00:00:00+00:00
[2024-04-12T09:08:44.034+0000] {processor.py:183} INFO - Processing /home/airflow/.local/lib/python3.8/site-packages/airflow/example_dags/example_bash_operator.py took 0.107 seconds
[2024-04-12T09:09:14.612+0000] {processor.py:161} INFO - Started process (PID=871) to work on /home/airflow/.local/lib/python3.8/site-packages/airflow/example_dags/example_bash_operator.py
[2024-04-12T09:09:14.614+0000] {processor.py:830} INFO - Processing file /home/airflow/.local/lib/python3.8/site-packages/airflow/example_dags/example_bash_operator.py for tasks to queue
[2024-04-12T09:09:14.615+0000] {logging_mixin.py:188} INFO - [2024-04-12T09:09:14.614+0000] {dagbag.py:540} INFO - Filling up the DagBag from /home/airflow/.local/lib/python3.8/site-packages/airflow/example_dags/example_bash_operator.py
[2024-04-12T09:09:14.640+0000] {processor.py:840} INFO - DAG(s) 'example_bash_operator' retrieved from /home/airflow/.local/lib/python3.8/site-packages/airflow/example_dags/example_bash_operator.py
[2024-04-12T09:09:14.670+0000] {logging_mixin.py:188} INFO - [2024-04-12T09:09:14.670+0000] {dag.py:3047} INFO - Sync 1 DAGs
[2024-04-12T09:09:14.697+0000] {logging_mixin.py:188} INFO - [2024-04-12T09:09:14.697+0000] {dag.py:3834} INFO - Setting next_dagrun for example_bash_operator to 2024-04-11 00:00:00+00:00, run_after=2024-04-12 00:00:00+00:00
[2024-04-12T09:09:14.727+0000] {processor.py:183} INFO - Processing /home/airflow/.local/lib/python3.8/site-packages/airflow/example_dags/example_bash_operator.py took 0.117 seconds
[2024-04-12T09:09:45.383+0000] {processor.py:161} INFO - Started process (PID=929) to work on /home/airflow/.local/lib/python3.8/site-packages/airflow/example_dags/example_bash_operator.py
[2024-04-12T09:09:45.384+0000] {processor.py:830} INFO - Processing file /home/airflow/.local/lib/python3.8/site-packages/airflow/example_dags/example_bash_operator.py for tasks to queue
[2024-04-12T09:09:45.387+0000] {logging_mixin.py:188} INFO - [2024-04-12T09:09:45.386+0000] {dagbag.py:540} INFO - Filling up the DagBag from /home/airflow/.local/lib/python3.8/site-packages/airflow/example_dags/example_bash_operator.py
[2024-04-12T09:09:45.414+0000] {processor.py:840} INFO - DAG(s) 'example_bash_operator' retrieved from /home/airflow/.local/lib/python3.8/site-packages/airflow/example_dags/example_bash_operator.py
[2024-04-12T09:09:45.496+0000] {logging_mixin.py:188} INFO - [2024-04-12T09:09:45.495+0000] {dag.py:3047} INFO - Sync 1 DAGs
[2024-04-12T09:09:45.550+0000] {logging_mixin.py:188} INFO - [2024-04-12T09:09:45.549+0000] {dag.py:3834} INFO - Setting next_dagrun for example_bash_operator to 2024-04-11 00:00:00+00:00, run_after=2024-04-12 00:00:00+00:00
[2024-04-12T09:09:45.597+0000] {processor.py:183} INFO - Processing /home/airflow/.local/lib/python3.8/site-packages/airflow/example_dags/example_bash_operator.py took 0.217 seconds
[2024-04-12T09:10:16.400+0000] {processor.py:161} INFO - Started process (PID=987) to work on /home/airflow/.local/lib/python3.8/site-packages/airflow/example_dags/example_bash_operator.py
[2024-04-12T09:10:16.419+0000] {processor.py:830} INFO - Processing file /home/airflow/.local/lib/python3.8/site-packages/airflow/example_dags/example_bash_operator.py for tasks to queue
[2024-04-12T09:10:16.430+0000] {logging_mixin.py:188} INFO - [2024-04-12T09:10:16.426+0000] {dagbag.py:540} INFO - Filling up the DagBag from /home/airflow/.local/lib/python3.8/site-packages/airflow/example_dags/example_bash_operator.py
[2024-04-12T09:10:16.556+0000] {processor.py:840} INFO - DAG(s) 'example_bash_operator' retrieved from /home/airflow/.local/lib/python3.8/site-packages/airflow/example_dags/example_bash_operator.py
[2024-04-12T09:10:16.760+0000] {logging_mixin.py:188} INFO - [2024-04-12T09:10:16.759+0000] {dag.py:3047} INFO - Sync 1 DAGs
[2024-04-12T09:10:16.930+0000] {logging_mixin.py:188} INFO - [2024-04-12T09:10:16.929+0000] {dag.py:3834} INFO - Setting next_dagrun for example_bash_operator to 2024-04-11 00:00:00+00:00, run_after=2024-04-12 00:00:00+00:00
[2024-04-12T09:10:17.060+0000] {processor.py:183} INFO - Processing /home/airflow/.local/lib/python3.8/site-packages/airflow/example_dags/example_bash_operator.py took 0.698 seconds
[2024-04-12T09:10:50.202+0000] {processor.py:161} INFO - Started process (PID=1040) to work on /home/airflow/.local/lib/python3.8/site-packages/airflow/example_dags/example_bash_operator.py
[2024-04-12T09:10:50.204+0000] {processor.py:830} INFO - Processing file /home/airflow/.local/lib/python3.8/site-packages/airflow/example_dags/example_bash_operator.py for tasks to queue
[2024-04-12T09:10:50.207+0000] {logging_mixin.py:188} INFO - [2024-04-12T09:10:50.206+0000] {dagbag.py:540} INFO - Filling up the DagBag from /home/airflow/.local/lib/python3.8/site-packages/airflow/example_dags/example_bash_operator.py
[2024-04-12T09:10:50.247+0000] {processor.py:840} INFO - DAG(s) 'example_bash_operator' retrieved from /home/airflow/.local/lib/python3.8/site-packages/airflow/example_dags/example_bash_operator.py
[2024-04-12T09:10:50.328+0000] {logging_mixin.py:188} INFO - [2024-04-12T09:10:50.327+0000] {dag.py:3047} INFO - Sync 1 DAGs
[2024-04-12T09:10:50.366+0000] {logging_mixin.py:188} INFO - [2024-04-12T09:10:50.366+0000] {dag.py:3834} INFO - Setting next_dagrun for example_bash_operator to 2024-04-11 00:00:00+00:00, run_after=2024-04-12 00:00:00+00:00
[2024-04-12T09:10:50.444+0000] {processor.py:183} INFO - Processing /home/airflow/.local/lib/python3.8/site-packages/airflow/example_dags/example_bash_operator.py took 0.248 seconds
[2024-04-12T09:11:21.851+0000] {processor.py:161} INFO - Started process (PID=1102) to work on /home/airflow/.local/lib/python3.8/site-packages/airflow/example_dags/example_bash_operator.py
[2024-04-12T09:11:21.853+0000] {processor.py:830} INFO - Processing file /home/airflow/.local/lib/python3.8/site-packages/airflow/example_dags/example_bash_operator.py for tasks to queue
[2024-04-12T09:11:21.854+0000] {logging_mixin.py:188} INFO - [2024-04-12T09:11:21.854+0000] {dagbag.py:540} INFO - Filling up the DagBag from /home/airflow/.local/lib/python3.8/site-packages/airflow/example_dags/example_bash_operator.py
[2024-04-12T09:11:21.870+0000] {processor.py:840} INFO - DAG(s) 'example_bash_operator' retrieved from /home/airflow/.local/lib/python3.8/site-packages/airflow/example_dags/example_bash_operator.py
[2024-04-12T09:11:21.906+0000] {logging_mixin.py:188} INFO - [2024-04-12T09:11:21.906+0000] {dag.py:3047} INFO - Sync 1 DAGs
[2024-04-12T09:11:21.936+0000] {logging_mixin.py:188} INFO - [2024-04-12T09:11:21.936+0000] {dag.py:3834} INFO - Setting next_dagrun for example_bash_operator to 2024-04-11 00:00:00+00:00, run_after=2024-04-12 00:00:00+00:00
[2024-04-12T09:11:21.978+0000] {processor.py:183} INFO - Processing /home/airflow/.local/lib/python3.8/site-packages/airflow/example_dags/example_bash_operator.py took 0.130 seconds
[2024-04-12T09:11:52.627+0000] {processor.py:161} INFO - Started process (PID=1161) to work on /home/airflow/.local/lib/python3.8/site-packages/airflow/example_dags/example_bash_operator.py
[2024-04-12T09:11:52.629+0000] {processor.py:830} INFO - Processing file /home/airflow/.local/lib/python3.8/site-packages/airflow/example_dags/example_bash_operator.py for tasks to queue
[2024-04-12T09:11:52.631+0000] {logging_mixin.py:188} INFO - [2024-04-12T09:11:52.630+0000] {dagbag.py:540} INFO - Filling up the DagBag from /home/airflow/.local/lib/python3.8/site-packages/airflow/example_dags/example_bash_operator.py
[2024-04-12T09:11:52.645+0000] {processor.py:840} INFO - DAG(s) 'example_bash_operator' retrieved from /home/airflow/.local/lib/python3.8/site-packages/airflow/example_dags/example_bash_operator.py
[2024-04-12T09:11:52.694+0000] {logging_mixin.py:188} INFO - [2024-04-12T09:11:52.693+0000] {dag.py:3047} INFO - Sync 1 DAGs
[2024-04-12T09:11:52.777+0000] {logging_mixin.py:188} INFO - [2024-04-12T09:11:52.776+0000] {dag.py:3834} INFO - Setting next_dagrun for example_bash_operator to 2024-04-11 00:00:00+00:00, run_after=2024-04-12 00:00:00+00:00
[2024-04-12T09:11:52.879+0000] {processor.py:183} INFO - Processing /home/airflow/.local/lib/python3.8/site-packages/airflow/example_dags/example_bash_operator.py took 0.255 seconds
[2024-04-12T09:12:23.829+0000] {processor.py:161} INFO - Started process (PID=1221) to work on /home/airflow/.local/lib/python3.8/site-packages/airflow/example_dags/example_bash_operator.py
[2024-04-12T09:12:23.830+0000] {processor.py:830} INFO - Processing file /home/airflow/.local/lib/python3.8/site-packages/airflow/example_dags/example_bash_operator.py for tasks to queue
[2024-04-12T09:12:23.831+0000] {logging_mixin.py:188} INFO - [2024-04-12T09:12:23.830+0000] {dagbag.py:540} INFO - Filling up the DagBag from /home/airflow/.local/lib/python3.8/site-packages/airflow/example_dags/example_bash_operator.py
[2024-04-12T09:12:23.843+0000] {processor.py:840} INFO - DAG(s) 'example_bash_operator' retrieved from /home/airflow/.local/lib/python3.8/site-packages/airflow/example_dags/example_bash_operator.py
[2024-04-12T09:12:23.873+0000] {logging_mixin.py:188} INFO - [2024-04-12T09:12:23.873+0000] {dag.py:3047} INFO - Sync 1 DAGs
[2024-04-12T09:12:23.897+0000] {logging_mixin.py:188} INFO - [2024-04-12T09:12:23.897+0000] {dag.py:3834} INFO - Setting next_dagrun for example_bash_operator to 2024-04-11 00:00:00+00:00, run_after=2024-04-12 00:00:00+00:00
[2024-04-12T09:12:23.925+0000] {processor.py:183} INFO - Processing /home/airflow/.local/lib/python3.8/site-packages/airflow/example_dags/example_bash_operator.py took 0.099 seconds
[2024-04-12T09:12:55.028+0000] {processor.py:161} INFO - Started process (PID=1279) to work on /home/airflow/.local/lib/python3.8/site-packages/airflow/example_dags/example_bash_operator.py
[2024-04-12T09:12:55.032+0000] {processor.py:830} INFO - Processing file /home/airflow/.local/lib/python3.8/site-packages/airflow/example_dags/example_bash_operator.py for tasks to queue
[2024-04-12T09:12:55.035+0000] {logging_mixin.py:188} INFO - [2024-04-12T09:12:55.034+0000] {dagbag.py:540} INFO - Filling up the DagBag from /home/airflow/.local/lib/python3.8/site-packages/airflow/example_dags/example_bash_operator.py
[2024-04-12T09:12:55.108+0000] {processor.py:840} INFO - DAG(s) 'example_bash_operator' retrieved from /home/airflow/.local/lib/python3.8/site-packages/airflow/example_dags/example_bash_operator.py
[2024-04-12T09:12:55.222+0000] {logging_mixin.py:188} INFO - [2024-04-12T09:12:55.221+0000] {dag.py:3047} INFO - Sync 1 DAGs
[2024-04-12T09:12:55.312+0000] {logging_mixin.py:188} INFO - [2024-04-12T09:12:55.310+0000] {dag.py:3834} INFO - Setting next_dagrun for example_bash_operator to 2024-04-11 00:00:00+00:00, run_after=2024-04-12 00:00:00+00:00
[2024-04-12T09:12:55.438+0000] {processor.py:183} INFO - Processing /home/airflow/.local/lib/python3.8/site-packages/airflow/example_dags/example_bash_operator.py took 0.422 seconds
[2024-04-12T09:13:26.427+0000] {processor.py:161} INFO - Started process (PID=1337) to work on /home/airflow/.local/lib/python3.8/site-packages/airflow/example_dags/example_bash_operator.py
[2024-04-12T09:13:26.428+0000] {processor.py:830} INFO - Processing file /home/airflow/.local/lib/python3.8/site-packages/airflow/example_dags/example_bash_operator.py for tasks to queue
[2024-04-12T09:13:26.429+0000] {logging_mixin.py:188} INFO - [2024-04-12T09:13:26.429+0000] {dagbag.py:540} INFO - Filling up the DagBag from /home/airflow/.local/lib/python3.8/site-packages/airflow/example_dags/example_bash_operator.py
[2024-04-12T09:13:26.444+0000] {processor.py:840} INFO - DAG(s) 'example_bash_operator' retrieved from /home/airflow/.local/lib/python3.8/site-packages/airflow/example_dags/example_bash_operator.py
[2024-04-12T09:13:26.480+0000] {logging_mixin.py:188} INFO - [2024-04-12T09:13:26.480+0000] {dag.py:3047} INFO - Sync 1 DAGs
[2024-04-12T09:13:26.505+0000] {logging_mixin.py:188} INFO - [2024-04-12T09:13:26.505+0000] {dag.py:3834} INFO - Setting next_dagrun for example_bash_operator to 2024-04-11 00:00:00+00:00, run_after=2024-04-12 00:00:00+00:00
[2024-04-12T09:13:26.538+0000] {processor.py:183} INFO - Processing /home/airflow/.local/lib/python3.8/site-packages/airflow/example_dags/example_bash_operator.py took 0.114 seconds
[2024-04-12T09:13:57.225+0000] {processor.py:161} INFO - Started process (PID=1396) to work on /home/airflow/.local/lib/python3.8/site-packages/airflow/example_dags/example_bash_operator.py
[2024-04-12T09:13:57.227+0000] {processor.py:830} INFO - Processing file /home/airflow/.local/lib/python3.8/site-packages/airflow/example_dags/example_bash_operator.py for tasks to queue
[2024-04-12T09:13:57.229+0000] {logging_mixin.py:188} INFO - [2024-04-12T09:13:57.228+0000] {dagbag.py:540} INFO - Filling up the DagBag from /home/airflow/.local/lib/python3.8/site-packages/airflow/example_dags/example_bash_operator.py
[2024-04-12T09:13:57.243+0000] {processor.py:840} INFO - DAG(s) 'example_bash_operator' retrieved from /home/airflow/.local/lib/python3.8/site-packages/airflow/example_dags/example_bash_operator.py
[2024-04-12T09:13:57.280+0000] {logging_mixin.py:188} INFO - [2024-04-12T09:13:57.280+0000] {dag.py:3047} INFO - Sync 1 DAGs
[2024-04-12T09:13:57.309+0000] {logging_mixin.py:188} INFO - [2024-04-12T09:13:57.308+0000] {dag.py:3834} INFO - Setting next_dagrun for example_bash_operator to 2024-04-11 00:00:00+00:00, run_after=2024-04-12 00:00:00+00:00
[2024-04-12T09:13:57.344+0000] {processor.py:183} INFO - Processing /home/airflow/.local/lib/python3.8/site-packages/airflow/example_dags/example_bash_operator.py took 0.122 seconds
[2024-04-12T09:14:27.708+0000] {processor.py:161} INFO - Started process (PID=1454) to work on /home/airflow/.local/lib/python3.8/site-packages/airflow/example_dags/example_bash_operator.py
[2024-04-12T09:14:27.710+0000] {processor.py:830} INFO - Processing file /home/airflow/.local/lib/python3.8/site-packages/airflow/example_dags/example_bash_operator.py for tasks to queue
[2024-04-12T09:14:27.712+0000] {logging_mixin.py:188} INFO - [2024-04-12T09:14:27.711+0000] {dagbag.py:540} INFO - Filling up the DagBag from /home/airflow/.local/lib/python3.8/site-packages/airflow/example_dags/example_bash_operator.py
[2024-04-12T09:14:27.726+0000] {processor.py:840} INFO - DAG(s) 'example_bash_operator' retrieved from /home/airflow/.local/lib/python3.8/site-packages/airflow/example_dags/example_bash_operator.py
[2024-04-12T09:14:27.761+0000] {logging_mixin.py:188} INFO - [2024-04-12T09:14:27.761+0000] {dag.py:3047} INFO - Sync 1 DAGs
[2024-04-12T09:14:27.790+0000] {logging_mixin.py:188} INFO - [2024-04-12T09:14:27.789+0000] {dag.py:3834} INFO - Setting next_dagrun for example_bash_operator to 2024-04-11 00:00:00+00:00, run_after=2024-04-12 00:00:00+00:00
[2024-04-12T09:14:27.820+0000] {processor.py:183} INFO - Processing /home/airflow/.local/lib/python3.8/site-packages/airflow/example_dags/example_bash_operator.py took 0.116 seconds
[2024-04-12T09:14:57.963+0000] {processor.py:161} INFO - Started process (PID=1512) to work on /home/airflow/.local/lib/python3.8/site-packages/airflow/example_dags/example_bash_operator.py
[2024-04-12T09:14:57.965+0000] {processor.py:830} INFO - Processing file /home/airflow/.local/lib/python3.8/site-packages/airflow/example_dags/example_bash_operator.py for tasks to queue
[2024-04-12T09:14:57.968+0000] {logging_mixin.py:188} INFO - [2024-04-12T09:14:57.967+0000] {dagbag.py:540} INFO - Filling up the DagBag from /home/airflow/.local/lib/python3.8/site-packages/airflow/example_dags/example_bash_operator.py
[2024-04-12T09:14:57.987+0000] {processor.py:840} INFO - DAG(s) 'example_bash_operator' retrieved from /home/airflow/.local/lib/python3.8/site-packages/airflow/example_dags/example_bash_operator.py
[2024-04-12T09:14:58.026+0000] {logging_mixin.py:188} INFO - [2024-04-12T09:14:58.026+0000] {dag.py:3047} INFO - Sync 1 DAGs
[2024-04-12T09:14:58.055+0000] {logging_mixin.py:188} INFO - [2024-04-12T09:14:58.055+0000] {dag.py:3834} INFO - Setting next_dagrun for example_bash_operator to 2024-04-11 00:00:00+00:00, run_after=2024-04-12 00:00:00+00:00
[2024-04-12T09:14:58.083+0000] {processor.py:183} INFO - Processing /home/airflow/.local/lib/python3.8/site-packages/airflow/example_dags/example_bash_operator.py took 0.129 seconds
[2024-04-12T09:15:28.196+0000] {processor.py:161} INFO - Started process (PID=1570) to work on /home/airflow/.local/lib/python3.8/site-packages/airflow/example_dags/example_bash_operator.py
[2024-04-12T09:15:28.198+0000] {processor.py:830} INFO - Processing file /home/airflow/.local/lib/python3.8/site-packages/airflow/example_dags/example_bash_operator.py for tasks to queue
[2024-04-12T09:15:28.201+0000] {logging_mixin.py:188} INFO - [2024-04-12T09:15:28.200+0000] {dagbag.py:540} INFO - Filling up the DagBag from /home/airflow/.local/lib/python3.8/site-packages/airflow/example_dags/example_bash_operator.py
[2024-04-12T09:15:28.226+0000] {processor.py:840} INFO - DAG(s) 'example_bash_operator' retrieved from /home/airflow/.local/lib/python3.8/site-packages/airflow/example_dags/example_bash_operator.py
[2024-04-12T09:15:28.290+0000] {logging_mixin.py:188} INFO - [2024-04-12T09:15:28.289+0000] {dag.py:3047} INFO - Sync 1 DAGs
[2024-04-12T09:15:28.337+0000] {logging_mixin.py:188} INFO - [2024-04-12T09:15:28.336+0000] {dag.py:3834} INFO - Setting next_dagrun for example_bash_operator to 2024-04-11 00:00:00+00:00, run_after=2024-04-12 00:00:00+00:00
[2024-04-12T09:15:28.375+0000] {processor.py:183} INFO - Processing /home/airflow/.local/lib/python3.8/site-packages/airflow/example_dags/example_bash_operator.py took 0.183 seconds
[2024-04-12T09:15:58.476+0000] {processor.py:161} INFO - Started process (PID=1628) to work on /home/airflow/.local/lib/python3.8/site-packages/airflow/example_dags/example_bash_operator.py
[2024-04-12T09:15:58.478+0000] {processor.py:830} INFO - Processing file /home/airflow/.local/lib/python3.8/site-packages/airflow/example_dags/example_bash_operator.py for tasks to queue
[2024-04-12T09:15:58.479+0000] {logging_mixin.py:188} INFO - [2024-04-12T09:15:58.479+0000] {dagbag.py:540} INFO - Filling up the DagBag from /home/airflow/.local/lib/python3.8/site-packages/airflow/example_dags/example_bash_operator.py
[2024-04-12T09:15:58.491+0000] {processor.py:840} INFO - DAG(s) 'example_bash_operator' retrieved from /home/airflow/.local/lib/python3.8/site-packages/airflow/example_dags/example_bash_operator.py
[2024-04-12T09:15:58.523+0000] {logging_mixin.py:188} INFO - [2024-04-12T09:15:58.522+0000] {dag.py:3047} INFO - Sync 1 DAGs
[2024-04-12T09:15:58.547+0000] {logging_mixin.py:188} INFO - [2024-04-12T09:15:58.547+0000] {dag.py:3834} INFO - Setting next_dagrun for example_bash_operator to 2024-04-11 00:00:00+00:00, run_after=2024-04-12 00:00:00+00:00
[2024-04-12T09:15:58.574+0000] {processor.py:183} INFO - Processing /home/airflow/.local/lib/python3.8/site-packages/airflow/example_dags/example_bash_operator.py took 0.101 seconds
