[2024-04-12T09:01:33.215+0000] {processor.py:161} INFO - Started process (PID=78) to work on /home/airflow/.local/lib/python3.8/site-packages/airflow/example_dags/example_nested_branch_dag.py
[2024-04-12T09:01:33.217+0000] {processor.py:830} INFO - Processing file /home/airflow/.local/lib/python3.8/site-packages/airflow/example_dags/example_nested_branch_dag.py for tasks to queue
[2024-04-12T09:01:33.221+0000] {logging_mixin.py:188} INFO - [2024-04-12T09:01:33.220+0000] {dagbag.py:540} INFO - Filling up the DagBag from /home/airflow/.local/lib/python3.8/site-packages/airflow/example_dags/example_nested_branch_dag.py
[2024-04-12T09:01:33.236+0000] {processor.py:840} INFO - DAG(s) 'example_nested_branch_dag' retrieved from /home/airflow/.local/lib/python3.8/site-packages/airflow/example_dags/example_nested_branch_dag.py
[2024-04-12T09:01:33.418+0000] {logging_mixin.py:188} INFO - [2024-04-12T09:01:33.416+0000] {override.py:1769} INFO - Created Permission View: can read on DAG:example_nested_branch_dag
[2024-04-12T09:01:33.455+0000] {logging_mixin.py:188} INFO - [2024-04-12T09:01:33.454+0000] {override.py:1769} INFO - Created Permission View: can edit on DAG:example_nested_branch_dag
[2024-04-12T09:01:33.471+0000] {logging_mixin.py:188} INFO - [2024-04-12T09:01:33.470+0000] {override.py:1769} INFO - Created Permission View: can delete on DAG:example_nested_branch_dag
[2024-04-12T09:01:33.473+0000] {logging_mixin.py:188} INFO - [2024-04-12T09:01:33.472+0000] {dag.py:3047} INFO - Sync 1 DAGs
[2024-04-12T09:01:33.501+0000] {logging_mixin.py:188} INFO - [2024-04-12T09:01:33.501+0000] {dag.py:3069} INFO - Creating ORM DAG for example_nested_branch_dag
[2024-04-12T09:01:33.529+0000] {logging_mixin.py:188} INFO - [2024-04-12T09:01:33.529+0000] {dag.py:3834} INFO - Setting next_dagrun for example_nested_branch_dag to 2024-04-11 00:00:00+00:00, run_after=2024-04-12 00:00:00+00:00
[2024-04-12T09:01:33.599+0000] {processor.py:183} INFO - Processing /home/airflow/.local/lib/python3.8/site-packages/airflow/example_dags/example_nested_branch_dag.py took 0.387 seconds
[2024-04-12T09:02:05.241+0000] {processor.py:161} INFO - Started process (PID=136) to work on /home/airflow/.local/lib/python3.8/site-packages/airflow/example_dags/example_nested_branch_dag.py
[2024-04-12T09:02:05.251+0000] {processor.py:830} INFO - Processing file /home/airflow/.local/lib/python3.8/site-packages/airflow/example_dags/example_nested_branch_dag.py for tasks to queue
[2024-04-12T09:02:05.260+0000] {logging_mixin.py:188} INFO - [2024-04-12T09:02:05.258+0000] {dagbag.py:540} INFO - Filling up the DagBag from /home/airflow/.local/lib/python3.8/site-packages/airflow/example_dags/example_nested_branch_dag.py
[2024-04-12T09:02:05.313+0000] {processor.py:840} INFO - DAG(s) 'example_nested_branch_dag' retrieved from /home/airflow/.local/lib/python3.8/site-packages/airflow/example_dags/example_nested_branch_dag.py
[2024-04-12T09:02:05.409+0000] {logging_mixin.py:188} INFO - [2024-04-12T09:02:05.407+0000] {dag.py:3047} INFO - Sync 1 DAGs
[2024-04-12T09:02:05.511+0000] {logging_mixin.py:188} INFO - [2024-04-12T09:02:05.510+0000] {dag.py:3834} INFO - Setting next_dagrun for example_nested_branch_dag to 2024-04-11 00:00:00+00:00, run_after=2024-04-12 00:00:00+00:00
[2024-04-12T09:02:05.604+0000] {processor.py:183} INFO - Processing /home/airflow/.local/lib/python3.8/site-packages/airflow/example_dags/example_nested_branch_dag.py took 0.380 seconds
[2024-04-12T09:02:45.802+0000] {processor.py:161} INFO - Started process (PID=200) to work on /home/airflow/.local/lib/python3.8/site-packages/airflow/example_dags/example_nested_branch_dag.py
[2024-04-12T09:02:45.807+0000] {processor.py:830} INFO - Processing file /home/airflow/.local/lib/python3.8/site-packages/airflow/example_dags/example_nested_branch_dag.py for tasks to queue
[2024-04-12T09:02:45.810+0000] {logging_mixin.py:188} INFO - [2024-04-12T09:02:45.809+0000] {dagbag.py:540} INFO - Filling up the DagBag from /home/airflow/.local/lib/python3.8/site-packages/airflow/example_dags/example_nested_branch_dag.py
[2024-04-12T09:02:45.823+0000] {processor.py:840} INFO - DAG(s) 'example_nested_branch_dag' retrieved from /home/airflow/.local/lib/python3.8/site-packages/airflow/example_dags/example_nested_branch_dag.py
[2024-04-12T09:02:45.870+0000] {logging_mixin.py:188} INFO - [2024-04-12T09:02:45.870+0000] {dag.py:3047} INFO - Sync 1 DAGs
[2024-04-12T09:02:45.903+0000] {logging_mixin.py:188} INFO - [2024-04-12T09:02:45.902+0000] {dag.py:3834} INFO - Setting next_dagrun for example_nested_branch_dag to 2024-04-11 00:00:00+00:00, run_after=2024-04-12 00:00:00+00:00
[2024-04-12T09:02:45.938+0000] {processor.py:183} INFO - Processing /home/airflow/.local/lib/python3.8/site-packages/airflow/example_dags/example_nested_branch_dag.py took 0.141 seconds
[2024-04-12T09:03:16.780+0000] {processor.py:161} INFO - Started process (PID=258) to work on /home/airflow/.local/lib/python3.8/site-packages/airflow/example_dags/example_nested_branch_dag.py
[2024-04-12T09:03:16.783+0000] {processor.py:830} INFO - Processing file /home/airflow/.local/lib/python3.8/site-packages/airflow/example_dags/example_nested_branch_dag.py for tasks to queue
[2024-04-12T09:03:16.790+0000] {logging_mixin.py:188} INFO - [2024-04-12T09:03:16.788+0000] {dagbag.py:540} INFO - Filling up the DagBag from /home/airflow/.local/lib/python3.8/site-packages/airflow/example_dags/example_nested_branch_dag.py
[2024-04-12T09:03:16.817+0000] {processor.py:840} INFO - DAG(s) 'example_nested_branch_dag' retrieved from /home/airflow/.local/lib/python3.8/site-packages/airflow/example_dags/example_nested_branch_dag.py
[2024-04-12T09:03:16.864+0000] {logging_mixin.py:188} INFO - [2024-04-12T09:03:16.864+0000] {dag.py:3047} INFO - Sync 1 DAGs
[2024-04-12T09:03:16.913+0000] {logging_mixin.py:188} INFO - [2024-04-12T09:03:16.912+0000] {dag.py:3834} INFO - Setting next_dagrun for example_nested_branch_dag to 2024-04-11 00:00:00+00:00, run_after=2024-04-12 00:00:00+00:00
[2024-04-12T09:03:16.965+0000] {processor.py:183} INFO - Processing /home/airflow/.local/lib/python3.8/site-packages/airflow/example_dags/example_nested_branch_dag.py took 0.191 seconds
[2024-04-12T09:03:47.659+0000] {processor.py:161} INFO - Started process (PID=316) to work on /home/airflow/.local/lib/python3.8/site-packages/airflow/example_dags/example_nested_branch_dag.py
[2024-04-12T09:03:47.661+0000] {processor.py:830} INFO - Processing file /home/airflow/.local/lib/python3.8/site-packages/airflow/example_dags/example_nested_branch_dag.py for tasks to queue
[2024-04-12T09:03:47.667+0000] {logging_mixin.py:188} INFO - [2024-04-12T09:03:47.665+0000] {dagbag.py:540} INFO - Filling up the DagBag from /home/airflow/.local/lib/python3.8/site-packages/airflow/example_dags/example_nested_branch_dag.py
[2024-04-12T09:03:47.679+0000] {processor.py:840} INFO - DAG(s) 'example_nested_branch_dag' retrieved from /home/airflow/.local/lib/python3.8/site-packages/airflow/example_dags/example_nested_branch_dag.py
[2024-04-12T09:03:47.705+0000] {logging_mixin.py:188} INFO - [2024-04-12T09:03:47.704+0000] {dag.py:3047} INFO - Sync 1 DAGs
[2024-04-12T09:03:47.733+0000] {logging_mixin.py:188} INFO - [2024-04-12T09:03:47.732+0000] {dag.py:3834} INFO - Setting next_dagrun for example_nested_branch_dag to 2024-04-11 00:00:00+00:00, run_after=2024-04-12 00:00:00+00:00
[2024-04-12T09:03:47.765+0000] {processor.py:183} INFO - Processing /home/airflow/.local/lib/python3.8/site-packages/airflow/example_dags/example_nested_branch_dag.py took 0.110 seconds
[2024-04-12T09:04:18.375+0000] {processor.py:161} INFO - Started process (PID=374) to work on /home/airflow/.local/lib/python3.8/site-packages/airflow/example_dags/example_nested_branch_dag.py
[2024-04-12T09:04:18.378+0000] {processor.py:830} INFO - Processing file /home/airflow/.local/lib/python3.8/site-packages/airflow/example_dags/example_nested_branch_dag.py for tasks to queue
[2024-04-12T09:04:18.382+0000] {logging_mixin.py:188} INFO - [2024-04-12T09:04:18.381+0000] {dagbag.py:540} INFO - Filling up the DagBag from /home/airflow/.local/lib/python3.8/site-packages/airflow/example_dags/example_nested_branch_dag.py
[2024-04-12T09:04:18.402+0000] {processor.py:840} INFO - DAG(s) 'example_nested_branch_dag' retrieved from /home/airflow/.local/lib/python3.8/site-packages/airflow/example_dags/example_nested_branch_dag.py
[2024-04-12T09:04:18.445+0000] {logging_mixin.py:188} INFO - [2024-04-12T09:04:18.444+0000] {dag.py:3047} INFO - Sync 1 DAGs
[2024-04-12T09:04:18.496+0000] {logging_mixin.py:188} INFO - [2024-04-12T09:04:18.495+0000] {dag.py:3834} INFO - Setting next_dagrun for example_nested_branch_dag to 2024-04-11 00:00:00+00:00, run_after=2024-04-12 00:00:00+00:00
[2024-04-12T09:04:18.535+0000] {processor.py:183} INFO - Processing /home/airflow/.local/lib/python3.8/site-packages/airflow/example_dags/example_nested_branch_dag.py took 0.166 seconds
[2024-04-12T09:05:15.300+0000] {processor.py:161} INFO - Started process (PID=438) to work on /home/airflow/.local/lib/python3.8/site-packages/airflow/example_dags/example_nested_branch_dag.py
[2024-04-12T09:05:15.302+0000] {processor.py:830} INFO - Processing file /home/airflow/.local/lib/python3.8/site-packages/airflow/example_dags/example_nested_branch_dag.py for tasks to queue
[2024-04-12T09:05:15.303+0000] {logging_mixin.py:188} INFO - [2024-04-12T09:05:15.303+0000] {dagbag.py:540} INFO - Filling up the DagBag from /home/airflow/.local/lib/python3.8/site-packages/airflow/example_dags/example_nested_branch_dag.py
[2024-04-12T09:05:15.314+0000] {processor.py:840} INFO - DAG(s) 'example_nested_branch_dag' retrieved from /home/airflow/.local/lib/python3.8/site-packages/airflow/example_dags/example_nested_branch_dag.py
[2024-04-12T09:05:15.340+0000] {logging_mixin.py:188} INFO - [2024-04-12T09:05:15.340+0000] {dag.py:3047} INFO - Sync 1 DAGs
[2024-04-12T09:05:15.370+0000] {logging_mixin.py:188} INFO - [2024-04-12T09:05:15.369+0000] {dag.py:3834} INFO - Setting next_dagrun for example_nested_branch_dag to 2024-04-11 00:00:00+00:00, run_after=2024-04-12 00:00:00+00:00
[2024-04-12T09:05:15.410+0000] {processor.py:183} INFO - Processing /home/airflow/.local/lib/python3.8/site-packages/airflow/example_dags/example_nested_branch_dag.py took 0.114 seconds
[2024-04-12T09:05:46.302+0000] {processor.py:161} INFO - Started process (PID=496) to work on /home/airflow/.local/lib/python3.8/site-packages/airflow/example_dags/example_nested_branch_dag.py
[2024-04-12T09:05:46.304+0000] {processor.py:830} INFO - Processing file /home/airflow/.local/lib/python3.8/site-packages/airflow/example_dags/example_nested_branch_dag.py for tasks to queue
[2024-04-12T09:05:46.305+0000] {logging_mixin.py:188} INFO - [2024-04-12T09:05:46.305+0000] {dagbag.py:540} INFO - Filling up the DagBag from /home/airflow/.local/lib/python3.8/site-packages/airflow/example_dags/example_nested_branch_dag.py
[2024-04-12T09:05:46.319+0000] {processor.py:840} INFO - DAG(s) 'example_nested_branch_dag' retrieved from /home/airflow/.local/lib/python3.8/site-packages/airflow/example_dags/example_nested_branch_dag.py
[2024-04-12T09:05:46.350+0000] {logging_mixin.py:188} INFO - [2024-04-12T09:05:46.350+0000] {dag.py:3047} INFO - Sync 1 DAGs
[2024-04-12T09:05:46.380+0000] {logging_mixin.py:188} INFO - [2024-04-12T09:05:46.380+0000] {dag.py:3834} INFO - Setting next_dagrun for example_nested_branch_dag to 2024-04-11 00:00:00+00:00, run_after=2024-04-12 00:00:00+00:00
[2024-04-12T09:05:46.412+0000] {processor.py:183} INFO - Processing /home/airflow/.local/lib/python3.8/site-packages/airflow/example_dags/example_nested_branch_dag.py took 0.113 seconds
[2024-04-12T09:06:17.303+0000] {processor.py:161} INFO - Started process (PID=555) to work on /home/airflow/.local/lib/python3.8/site-packages/airflow/example_dags/example_nested_branch_dag.py
[2024-04-12T09:06:17.305+0000] {processor.py:830} INFO - Processing file /home/airflow/.local/lib/python3.8/site-packages/airflow/example_dags/example_nested_branch_dag.py for tasks to queue
[2024-04-12T09:06:17.307+0000] {logging_mixin.py:188} INFO - [2024-04-12T09:06:17.306+0000] {dagbag.py:540} INFO - Filling up the DagBag from /home/airflow/.local/lib/python3.8/site-packages/airflow/example_dags/example_nested_branch_dag.py
[2024-04-12T09:06:17.320+0000] {processor.py:840} INFO - DAG(s) 'example_nested_branch_dag' retrieved from /home/airflow/.local/lib/python3.8/site-packages/airflow/example_dags/example_nested_branch_dag.py
[2024-04-12T09:06:17.345+0000] {logging_mixin.py:188} INFO - [2024-04-12T09:06:17.345+0000] {dag.py:3047} INFO - Sync 1 DAGs
[2024-04-12T09:06:17.371+0000] {logging_mixin.py:188} INFO - [2024-04-12T09:06:17.370+0000] {dag.py:3834} INFO - Setting next_dagrun for example_nested_branch_dag to 2024-04-11 00:00:00+00:00, run_after=2024-04-12 00:00:00+00:00
[2024-04-12T09:06:17.397+0000] {processor.py:183} INFO - Processing /home/airflow/.local/lib/python3.8/site-packages/airflow/example_dags/example_nested_branch_dag.py took 0.097 seconds
[2024-04-12T09:06:48.210+0000] {processor.py:161} INFO - Started process (PID=613) to work on /home/airflow/.local/lib/python3.8/site-packages/airflow/example_dags/example_nested_branch_dag.py
[2024-04-12T09:06:48.212+0000] {processor.py:830} INFO - Processing file /home/airflow/.local/lib/python3.8/site-packages/airflow/example_dags/example_nested_branch_dag.py for tasks to queue
[2024-04-12T09:06:48.214+0000] {logging_mixin.py:188} INFO - [2024-04-12T09:06:48.214+0000] {dagbag.py:540} INFO - Filling up the DagBag from /home/airflow/.local/lib/python3.8/site-packages/airflow/example_dags/example_nested_branch_dag.py
[2024-04-12T09:06:48.227+0000] {processor.py:840} INFO - DAG(s) 'example_nested_branch_dag' retrieved from /home/airflow/.local/lib/python3.8/site-packages/airflow/example_dags/example_nested_branch_dag.py
[2024-04-12T09:06:48.254+0000] {logging_mixin.py:188} INFO - [2024-04-12T09:06:48.253+0000] {dag.py:3047} INFO - Sync 1 DAGs
[2024-04-12T09:06:48.280+0000] {logging_mixin.py:188} INFO - [2024-04-12T09:06:48.280+0000] {dag.py:3834} INFO - Setting next_dagrun for example_nested_branch_dag to 2024-04-11 00:00:00+00:00, run_after=2024-04-12 00:00:00+00:00
[2024-04-12T09:06:48.311+0000] {processor.py:183} INFO - Processing /home/airflow/.local/lib/python3.8/site-packages/airflow/example_dags/example_nested_branch_dag.py took 0.104 seconds
[2024-04-12T09:07:19.256+0000] {processor.py:161} INFO - Started process (PID=671) to work on /home/airflow/.local/lib/python3.8/site-packages/airflow/example_dags/example_nested_branch_dag.py
[2024-04-12T09:07:19.260+0000] {processor.py:830} INFO - Processing file /home/airflow/.local/lib/python3.8/site-packages/airflow/example_dags/example_nested_branch_dag.py for tasks to queue
[2024-04-12T09:07:19.263+0000] {logging_mixin.py:188} INFO - [2024-04-12T09:07:19.262+0000] {dagbag.py:540} INFO - Filling up the DagBag from /home/airflow/.local/lib/python3.8/site-packages/airflow/example_dags/example_nested_branch_dag.py
[2024-04-12T09:07:19.286+0000] {processor.py:840} INFO - DAG(s) 'example_nested_branch_dag' retrieved from /home/airflow/.local/lib/python3.8/site-packages/airflow/example_dags/example_nested_branch_dag.py
[2024-04-12T09:07:19.335+0000] {logging_mixin.py:188} INFO - [2024-04-12T09:07:19.334+0000] {dag.py:3047} INFO - Sync 1 DAGs
[2024-04-12T09:07:19.386+0000] {logging_mixin.py:188} INFO - [2024-04-12T09:07:19.385+0000] {dag.py:3834} INFO - Setting next_dagrun for example_nested_branch_dag to 2024-04-11 00:00:00+00:00, run_after=2024-04-12 00:00:00+00:00
[2024-04-12T09:07:19.467+0000] {processor.py:183} INFO - Processing /home/airflow/.local/lib/python3.8/site-packages/airflow/example_dags/example_nested_branch_dag.py took 0.216 seconds
[2024-04-12T09:07:49.928+0000] {processor.py:161} INFO - Started process (PID=727) to work on /home/airflow/.local/lib/python3.8/site-packages/airflow/example_dags/example_nested_branch_dag.py
[2024-04-12T09:07:49.929+0000] {processor.py:830} INFO - Processing file /home/airflow/.local/lib/python3.8/site-packages/airflow/example_dags/example_nested_branch_dag.py for tasks to queue
[2024-04-12T09:07:49.930+0000] {logging_mixin.py:188} INFO - [2024-04-12T09:07:49.929+0000] {dagbag.py:540} INFO - Filling up the DagBag from /home/airflow/.local/lib/python3.8/site-packages/airflow/example_dags/example_nested_branch_dag.py
[2024-04-12T09:07:49.939+0000] {processor.py:840} INFO - DAG(s) 'example_nested_branch_dag' retrieved from /home/airflow/.local/lib/python3.8/site-packages/airflow/example_dags/example_nested_branch_dag.py
[2024-04-12T09:07:49.963+0000] {logging_mixin.py:188} INFO - [2024-04-12T09:07:49.963+0000] {dag.py:3047} INFO - Sync 1 DAGs
[2024-04-12T09:07:49.989+0000] {logging_mixin.py:188} INFO - [2024-04-12T09:07:49.989+0000] {dag.py:3834} INFO - Setting next_dagrun for example_nested_branch_dag to 2024-04-11 00:00:00+00:00, run_after=2024-04-12 00:00:00+00:00
[2024-04-12T09:07:50.016+0000] {processor.py:183} INFO - Processing /home/airflow/.local/lib/python3.8/site-packages/airflow/example_dags/example_nested_branch_dag.py took 0.091 seconds
[2024-04-12T09:08:20.144+0000] {processor.py:161} INFO - Started process (PID=784) to work on /home/airflow/.local/lib/python3.8/site-packages/airflow/example_dags/example_nested_branch_dag.py
[2024-04-12T09:08:20.146+0000] {processor.py:830} INFO - Processing file /home/airflow/.local/lib/python3.8/site-packages/airflow/example_dags/example_nested_branch_dag.py for tasks to queue
[2024-04-12T09:08:20.147+0000] {logging_mixin.py:188} INFO - [2024-04-12T09:08:20.147+0000] {dagbag.py:540} INFO - Filling up the DagBag from /home/airflow/.local/lib/python3.8/site-packages/airflow/example_dags/example_nested_branch_dag.py
[2024-04-12T09:08:20.156+0000] {processor.py:840} INFO - DAG(s) 'example_nested_branch_dag' retrieved from /home/airflow/.local/lib/python3.8/site-packages/airflow/example_dags/example_nested_branch_dag.py
[2024-04-12T09:08:20.178+0000] {logging_mixin.py:188} INFO - [2024-04-12T09:08:20.177+0000] {dag.py:3047} INFO - Sync 1 DAGs
[2024-04-12T09:08:20.201+0000] {logging_mixin.py:188} INFO - [2024-04-12T09:08:20.201+0000] {dag.py:3834} INFO - Setting next_dagrun for example_nested_branch_dag to 2024-04-11 00:00:00+00:00, run_after=2024-04-12 00:00:00+00:00
[2024-04-12T09:08:20.227+0000] {processor.py:183} INFO - Processing /home/airflow/.local/lib/python3.8/site-packages/airflow/example_dags/example_nested_branch_dag.py took 0.085 seconds
[2024-04-12T09:08:50.482+0000] {processor.py:161} INFO - Started process (PID=842) to work on /home/airflow/.local/lib/python3.8/site-packages/airflow/example_dags/example_nested_branch_dag.py
[2024-04-12T09:08:50.483+0000] {processor.py:830} INFO - Processing file /home/airflow/.local/lib/python3.8/site-packages/airflow/example_dags/example_nested_branch_dag.py for tasks to queue
[2024-04-12T09:08:50.485+0000] {logging_mixin.py:188} INFO - [2024-04-12T09:08:50.484+0000] {dagbag.py:540} INFO - Filling up the DagBag from /home/airflow/.local/lib/python3.8/site-packages/airflow/example_dags/example_nested_branch_dag.py
[2024-04-12T09:08:50.494+0000] {processor.py:840} INFO - DAG(s) 'example_nested_branch_dag' retrieved from /home/airflow/.local/lib/python3.8/site-packages/airflow/example_dags/example_nested_branch_dag.py
[2024-04-12T09:08:50.526+0000] {logging_mixin.py:188} INFO - [2024-04-12T09:08:50.525+0000] {dag.py:3047} INFO - Sync 1 DAGs
[2024-04-12T09:08:50.558+0000] {logging_mixin.py:188} INFO - [2024-04-12T09:08:50.558+0000] {dag.py:3834} INFO - Setting next_dagrun for example_nested_branch_dag to 2024-04-11 00:00:00+00:00, run_after=2024-04-12 00:00:00+00:00
[2024-04-12T09:08:50.654+0000] {processor.py:183} INFO - Processing /home/airflow/.local/lib/python3.8/site-packages/airflow/example_dags/example_nested_branch_dag.py took 0.175 seconds
[2024-04-12T09:09:21.649+0000] {processor.py:161} INFO - Started process (PID=900) to work on /home/airflow/.local/lib/python3.8/site-packages/airflow/example_dags/example_nested_branch_dag.py
[2024-04-12T09:09:21.652+0000] {processor.py:830} INFO - Processing file /home/airflow/.local/lib/python3.8/site-packages/airflow/example_dags/example_nested_branch_dag.py for tasks to queue
[2024-04-12T09:09:21.655+0000] {logging_mixin.py:188} INFO - [2024-04-12T09:09:21.654+0000] {dagbag.py:540} INFO - Filling up the DagBag from /home/airflow/.local/lib/python3.8/site-packages/airflow/example_dags/example_nested_branch_dag.py
[2024-04-12T09:09:21.666+0000] {processor.py:840} INFO - DAG(s) 'example_nested_branch_dag' retrieved from /home/airflow/.local/lib/python3.8/site-packages/airflow/example_dags/example_nested_branch_dag.py
[2024-04-12T09:09:21.704+0000] {logging_mixin.py:188} INFO - [2024-04-12T09:09:21.704+0000] {dag.py:3047} INFO - Sync 1 DAGs
[2024-04-12T09:09:21.736+0000] {logging_mixin.py:188} INFO - [2024-04-12T09:09:21.736+0000] {dag.py:3834} INFO - Setting next_dagrun for example_nested_branch_dag to 2024-04-11 00:00:00+00:00, run_after=2024-04-12 00:00:00+00:00
[2024-04-12T09:09:21.768+0000] {processor.py:183} INFO - Processing /home/airflow/.local/lib/python3.8/site-packages/airflow/example_dags/example_nested_branch_dag.py took 0.125 seconds
[2024-04-12T09:09:52.059+0000] {processor.py:161} INFO - Started process (PID=958) to work on /home/airflow/.local/lib/python3.8/site-packages/airflow/example_dags/example_nested_branch_dag.py
[2024-04-12T09:09:52.060+0000] {processor.py:830} INFO - Processing file /home/airflow/.local/lib/python3.8/site-packages/airflow/example_dags/example_nested_branch_dag.py for tasks to queue
[2024-04-12T09:09:52.062+0000] {logging_mixin.py:188} INFO - [2024-04-12T09:09:52.061+0000] {dagbag.py:540} INFO - Filling up the DagBag from /home/airflow/.local/lib/python3.8/site-packages/airflow/example_dags/example_nested_branch_dag.py
[2024-04-12T09:09:52.079+0000] {processor.py:840} INFO - DAG(s) 'example_nested_branch_dag' retrieved from /home/airflow/.local/lib/python3.8/site-packages/airflow/example_dags/example_nested_branch_dag.py
[2024-04-12T09:09:52.122+0000] {logging_mixin.py:188} INFO - [2024-04-12T09:09:52.121+0000] {dag.py:3047} INFO - Sync 1 DAGs
[2024-04-12T09:09:52.154+0000] {logging_mixin.py:188} INFO - [2024-04-12T09:09:52.153+0000] {dag.py:3834} INFO - Setting next_dagrun for example_nested_branch_dag to 2024-04-11 00:00:00+00:00, run_after=2024-04-12 00:00:00+00:00
[2024-04-12T09:09:52.190+0000] {processor.py:183} INFO - Processing /home/airflow/.local/lib/python3.8/site-packages/airflow/example_dags/example_nested_branch_dag.py took 0.134 seconds
[2024-04-12T09:10:29.052+0000] {processor.py:161} INFO - Started process (PID=1016) to work on /home/airflow/.local/lib/python3.8/site-packages/airflow/example_dags/example_nested_branch_dag.py
[2024-04-12T09:10:29.056+0000] {processor.py:830} INFO - Processing file /home/airflow/.local/lib/python3.8/site-packages/airflow/example_dags/example_nested_branch_dag.py for tasks to queue
[2024-04-12T09:10:29.060+0000] {logging_mixin.py:188} INFO - [2024-04-12T09:10:29.059+0000] {dagbag.py:540} INFO - Filling up the DagBag from /home/airflow/.local/lib/python3.8/site-packages/airflow/example_dags/example_nested_branch_dag.py
[2024-04-12T09:10:29.108+0000] {processor.py:840} INFO - DAG(s) 'example_nested_branch_dag' retrieved from /home/airflow/.local/lib/python3.8/site-packages/airflow/example_dags/example_nested_branch_dag.py
[2024-04-12T09:10:29.197+0000] {logging_mixin.py:188} INFO - [2024-04-12T09:10:29.196+0000] {dag.py:3047} INFO - Sync 1 DAGs
[2024-04-12T09:10:29.317+0000] {logging_mixin.py:188} INFO - [2024-04-12T09:10:29.316+0000] {dag.py:3834} INFO - Setting next_dagrun for example_nested_branch_dag to 2024-04-11 00:00:00+00:00, run_after=2024-04-12 00:00:00+00:00
[2024-04-12T09:10:29.416+0000] {processor.py:183} INFO - Processing /home/airflow/.local/lib/python3.8/site-packages/airflow/example_dags/example_nested_branch_dag.py took 0.376 seconds
[2024-04-12T09:10:59.644+0000] {processor.py:161} INFO - Started process (PID=1074) to work on /home/airflow/.local/lib/python3.8/site-packages/airflow/example_dags/example_nested_branch_dag.py
[2024-04-12T09:10:59.646+0000] {processor.py:830} INFO - Processing file /home/airflow/.local/lib/python3.8/site-packages/airflow/example_dags/example_nested_branch_dag.py for tasks to queue
[2024-04-12T09:10:59.648+0000] {logging_mixin.py:188} INFO - [2024-04-12T09:10:59.648+0000] {dagbag.py:540} INFO - Filling up the DagBag from /home/airflow/.local/lib/python3.8/site-packages/airflow/example_dags/example_nested_branch_dag.py
[2024-04-12T09:10:59.665+0000] {processor.py:840} INFO - DAG(s) 'example_nested_branch_dag' retrieved from /home/airflow/.local/lib/python3.8/site-packages/airflow/example_dags/example_nested_branch_dag.py
[2024-04-12T09:10:59.720+0000] {logging_mixin.py:188} INFO - [2024-04-12T09:10:59.720+0000] {dag.py:3047} INFO - Sync 1 DAGs
[2024-04-12T09:10:59.765+0000] {logging_mixin.py:188} INFO - [2024-04-12T09:10:59.764+0000] {dag.py:3834} INFO - Setting next_dagrun for example_nested_branch_dag to 2024-04-11 00:00:00+00:00, run_after=2024-04-12 00:00:00+00:00
[2024-04-12T09:10:59.824+0000] {processor.py:183} INFO - Processing /home/airflow/.local/lib/python3.8/site-packages/airflow/example_dags/example_nested_branch_dag.py took 0.185 seconds
[2024-04-12T09:11:30.294+0000] {processor.py:161} INFO - Started process (PID=1131) to work on /home/airflow/.local/lib/python3.8/site-packages/airflow/example_dags/example_nested_branch_dag.py
[2024-04-12T09:11:30.300+0000] {processor.py:830} INFO - Processing file /home/airflow/.local/lib/python3.8/site-packages/airflow/example_dags/example_nested_branch_dag.py for tasks to queue
[2024-04-12T09:11:30.306+0000] {logging_mixin.py:188} INFO - [2024-04-12T09:11:30.304+0000] {dagbag.py:540} INFO - Filling up the DagBag from /home/airflow/.local/lib/python3.8/site-packages/airflow/example_dags/example_nested_branch_dag.py
[2024-04-12T09:11:30.327+0000] {processor.py:840} INFO - DAG(s) 'example_nested_branch_dag' retrieved from /home/airflow/.local/lib/python3.8/site-packages/airflow/example_dags/example_nested_branch_dag.py
[2024-04-12T09:11:30.363+0000] {logging_mixin.py:188} INFO - [2024-04-12T09:11:30.362+0000] {dag.py:3047} INFO - Sync 1 DAGs
[2024-04-12T09:11:30.422+0000] {logging_mixin.py:188} INFO - [2024-04-12T09:11:30.421+0000] {dag.py:3834} INFO - Setting next_dagrun for example_nested_branch_dag to 2024-04-11 00:00:00+00:00, run_after=2024-04-12 00:00:00+00:00
[2024-04-12T09:11:30.543+0000] {processor.py:183} INFO - Processing /home/airflow/.local/lib/python3.8/site-packages/airflow/example_dags/example_nested_branch_dag.py took 0.262 seconds
[2024-04-12T09:12:00.701+0000] {processor.py:161} INFO - Started process (PID=1189) to work on /home/airflow/.local/lib/python3.8/site-packages/airflow/example_dags/example_nested_branch_dag.py
[2024-04-12T09:12:00.708+0000] {processor.py:830} INFO - Processing file /home/airflow/.local/lib/python3.8/site-packages/airflow/example_dags/example_nested_branch_dag.py for tasks to queue
[2024-04-12T09:12:00.713+0000] {logging_mixin.py:188} INFO - [2024-04-12T09:12:00.712+0000] {dagbag.py:540} INFO - Filling up the DagBag from /home/airflow/.local/lib/python3.8/site-packages/airflow/example_dags/example_nested_branch_dag.py
[2024-04-12T09:12:00.736+0000] {processor.py:840} INFO - DAG(s) 'example_nested_branch_dag' retrieved from /home/airflow/.local/lib/python3.8/site-packages/airflow/example_dags/example_nested_branch_dag.py
[2024-04-12T09:12:00.802+0000] {logging_mixin.py:188} INFO - [2024-04-12T09:12:00.800+0000] {dag.py:3047} INFO - Sync 1 DAGs
[2024-04-12T09:12:00.929+0000] {logging_mixin.py:188} INFO - [2024-04-12T09:12:00.928+0000] {dag.py:3834} INFO - Setting next_dagrun for example_nested_branch_dag to 2024-04-11 00:00:00+00:00, run_after=2024-04-12 00:00:00+00:00
[2024-04-12T09:12:01.051+0000] {processor.py:183} INFO - Processing /home/airflow/.local/lib/python3.8/site-packages/airflow/example_dags/example_nested_branch_dag.py took 0.361 seconds
[2024-04-12T09:12:31.341+0000] {processor.py:161} INFO - Started process (PID=1247) to work on /home/airflow/.local/lib/python3.8/site-packages/airflow/example_dags/example_nested_branch_dag.py
[2024-04-12T09:12:31.343+0000] {processor.py:830} INFO - Processing file /home/airflow/.local/lib/python3.8/site-packages/airflow/example_dags/example_nested_branch_dag.py for tasks to queue
[2024-04-12T09:12:31.347+0000] {logging_mixin.py:188} INFO - [2024-04-12T09:12:31.345+0000] {dagbag.py:540} INFO - Filling up the DagBag from /home/airflow/.local/lib/python3.8/site-packages/airflow/example_dags/example_nested_branch_dag.py
[2024-04-12T09:12:31.378+0000] {processor.py:840} INFO - DAG(s) 'example_nested_branch_dag' retrieved from /home/airflow/.local/lib/python3.8/site-packages/airflow/example_dags/example_nested_branch_dag.py
[2024-04-12T09:12:31.420+0000] {logging_mixin.py:188} INFO - [2024-04-12T09:12:31.419+0000] {dag.py:3047} INFO - Sync 1 DAGs
[2024-04-12T09:12:31.474+0000] {logging_mixin.py:188} INFO - [2024-04-12T09:12:31.472+0000] {dag.py:3834} INFO - Setting next_dagrun for example_nested_branch_dag to 2024-04-11 00:00:00+00:00, run_after=2024-04-12 00:00:00+00:00
[2024-04-12T09:12:31.547+0000] {processor.py:183} INFO - Processing /home/airflow/.local/lib/python3.8/site-packages/airflow/example_dags/example_nested_branch_dag.py took 0.211 seconds
[2024-04-12T09:13:01.610+0000] {processor.py:161} INFO - Started process (PID=1305) to work on /home/airflow/.local/lib/python3.8/site-packages/airflow/example_dags/example_nested_branch_dag.py
[2024-04-12T09:13:01.612+0000] {processor.py:830} INFO - Processing file /home/airflow/.local/lib/python3.8/site-packages/airflow/example_dags/example_nested_branch_dag.py for tasks to queue
[2024-04-12T09:13:01.614+0000] {logging_mixin.py:188} INFO - [2024-04-12T09:13:01.614+0000] {dagbag.py:540} INFO - Filling up the DagBag from /home/airflow/.local/lib/python3.8/site-packages/airflow/example_dags/example_nested_branch_dag.py
[2024-04-12T09:13:01.629+0000] {processor.py:840} INFO - DAG(s) 'example_nested_branch_dag' retrieved from /home/airflow/.local/lib/python3.8/site-packages/airflow/example_dags/example_nested_branch_dag.py
[2024-04-12T09:13:01.653+0000] {logging_mixin.py:188} INFO - [2024-04-12T09:13:01.652+0000] {dag.py:3047} INFO - Sync 1 DAGs
[2024-04-12T09:13:01.679+0000] {logging_mixin.py:188} INFO - [2024-04-12T09:13:01.679+0000] {dag.py:3834} INFO - Setting next_dagrun for example_nested_branch_dag to 2024-04-11 00:00:00+00:00, run_after=2024-04-12 00:00:00+00:00
[2024-04-12T09:13:01.708+0000] {processor.py:183} INFO - Processing /home/airflow/.local/lib/python3.8/site-packages/airflow/example_dags/example_nested_branch_dag.py took 0.100 seconds
[2024-04-12T09:13:33.962+0000] {processor.py:161} INFO - Started process (PID=1361) to work on /home/airflow/.local/lib/python3.8/site-packages/airflow/example_dags/example_nested_branch_dag.py
[2024-04-12T09:13:33.964+0000] {processor.py:830} INFO - Processing file /home/airflow/.local/lib/python3.8/site-packages/airflow/example_dags/example_nested_branch_dag.py for tasks to queue
[2024-04-12T09:13:33.965+0000] {logging_mixin.py:188} INFO - [2024-04-12T09:13:33.965+0000] {dagbag.py:540} INFO - Filling up the DagBag from /home/airflow/.local/lib/python3.8/site-packages/airflow/example_dags/example_nested_branch_dag.py
[2024-04-12T09:13:33.977+0000] {processor.py:840} INFO - DAG(s) 'example_nested_branch_dag' retrieved from /home/airflow/.local/lib/python3.8/site-packages/airflow/example_dags/example_nested_branch_dag.py
[2024-04-12T09:13:34.011+0000] {logging_mixin.py:188} INFO - [2024-04-12T09:13:34.011+0000] {dag.py:3047} INFO - Sync 1 DAGs
[2024-04-12T09:13:34.055+0000] {logging_mixin.py:188} INFO - [2024-04-12T09:13:34.054+0000] {dag.py:3834} INFO - Setting next_dagrun for example_nested_branch_dag to 2024-04-11 00:00:00+00:00, run_after=2024-04-12 00:00:00+00:00
[2024-04-12T09:13:34.119+0000] {processor.py:183} INFO - Processing /home/airflow/.local/lib/python3.8/site-packages/airflow/example_dags/example_nested_branch_dag.py took 0.160 seconds
[2024-04-12T09:14:04.297+0000] {processor.py:161} INFO - Started process (PID=1419) to work on /home/airflow/.local/lib/python3.8/site-packages/airflow/example_dags/example_nested_branch_dag.py
[2024-04-12T09:14:04.300+0000] {processor.py:830} INFO - Processing file /home/airflow/.local/lib/python3.8/site-packages/airflow/example_dags/example_nested_branch_dag.py for tasks to queue
[2024-04-12T09:14:04.303+0000] {logging_mixin.py:188} INFO - [2024-04-12T09:14:04.302+0000] {dagbag.py:540} INFO - Filling up the DagBag from /home/airflow/.local/lib/python3.8/site-packages/airflow/example_dags/example_nested_branch_dag.py
[2024-04-12T09:14:04.318+0000] {processor.py:840} INFO - DAG(s) 'example_nested_branch_dag' retrieved from /home/airflow/.local/lib/python3.8/site-packages/airflow/example_dags/example_nested_branch_dag.py
[2024-04-12T09:14:04.356+0000] {logging_mixin.py:188} INFO - [2024-04-12T09:14:04.355+0000] {dag.py:3047} INFO - Sync 1 DAGs
[2024-04-12T09:14:04.383+0000] {logging_mixin.py:188} INFO - [2024-04-12T09:14:04.382+0000] {dag.py:3834} INFO - Setting next_dagrun for example_nested_branch_dag to 2024-04-11 00:00:00+00:00, run_after=2024-04-12 00:00:00+00:00
[2024-04-12T09:14:04.427+0000] {processor.py:183} INFO - Processing /home/airflow/.local/lib/python3.8/site-packages/airflow/example_dags/example_nested_branch_dag.py took 0.134 seconds
[2024-04-12T09:14:34.752+0000] {processor.py:161} INFO - Started process (PID=1477) to work on /home/airflow/.local/lib/python3.8/site-packages/airflow/example_dags/example_nested_branch_dag.py
[2024-04-12T09:14:34.753+0000] {processor.py:830} INFO - Processing file /home/airflow/.local/lib/python3.8/site-packages/airflow/example_dags/example_nested_branch_dag.py for tasks to queue
[2024-04-12T09:14:34.754+0000] {logging_mixin.py:188} INFO - [2024-04-12T09:14:34.754+0000] {dagbag.py:540} INFO - Filling up the DagBag from /home/airflow/.local/lib/python3.8/site-packages/airflow/example_dags/example_nested_branch_dag.py
[2024-04-12T09:14:34.766+0000] {processor.py:840} INFO - DAG(s) 'example_nested_branch_dag' retrieved from /home/airflow/.local/lib/python3.8/site-packages/airflow/example_dags/example_nested_branch_dag.py
[2024-04-12T09:14:34.798+0000] {logging_mixin.py:188} INFO - [2024-04-12T09:14:34.798+0000] {dag.py:3047} INFO - Sync 1 DAGs
[2024-04-12T09:14:34.828+0000] {logging_mixin.py:188} INFO - [2024-04-12T09:14:34.828+0000] {dag.py:3834} INFO - Setting next_dagrun for example_nested_branch_dag to 2024-04-11 00:00:00+00:00, run_after=2024-04-12 00:00:00+00:00
[2024-04-12T09:14:34.866+0000] {processor.py:183} INFO - Processing /home/airflow/.local/lib/python3.8/site-packages/airflow/example_dags/example_nested_branch_dag.py took 0.118 seconds
[2024-04-12T09:15:05.422+0000] {processor.py:161} INFO - Started process (PID=1535) to work on /home/airflow/.local/lib/python3.8/site-packages/airflow/example_dags/example_nested_branch_dag.py
[2024-04-12T09:15:05.424+0000] {processor.py:830} INFO - Processing file /home/airflow/.local/lib/python3.8/site-packages/airflow/example_dags/example_nested_branch_dag.py for tasks to queue
[2024-04-12T09:15:05.425+0000] {logging_mixin.py:188} INFO - [2024-04-12T09:15:05.425+0000] {dagbag.py:540} INFO - Filling up the DagBag from /home/airflow/.local/lib/python3.8/site-packages/airflow/example_dags/example_nested_branch_dag.py
[2024-04-12T09:15:05.437+0000] {processor.py:840} INFO - DAG(s) 'example_nested_branch_dag' retrieved from /home/airflow/.local/lib/python3.8/site-packages/airflow/example_dags/example_nested_branch_dag.py
[2024-04-12T09:15:05.465+0000] {logging_mixin.py:188} INFO - [2024-04-12T09:15:05.464+0000] {dag.py:3047} INFO - Sync 1 DAGs
[2024-04-12T09:15:05.491+0000] {logging_mixin.py:188} INFO - [2024-04-12T09:15:05.490+0000] {dag.py:3834} INFO - Setting next_dagrun for example_nested_branch_dag to 2024-04-11 00:00:00+00:00, run_after=2024-04-12 00:00:00+00:00
[2024-04-12T09:15:05.520+0000] {processor.py:183} INFO - Processing /home/airflow/.local/lib/python3.8/site-packages/airflow/example_dags/example_nested_branch_dag.py took 0.101 seconds
[2024-04-12T09:15:36.672+0000] {processor.py:161} INFO - Started process (PID=1591) to work on /home/airflow/.local/lib/python3.8/site-packages/airflow/example_dags/example_nested_branch_dag.py
[2024-04-12T09:15:36.673+0000] {processor.py:830} INFO - Processing file /home/airflow/.local/lib/python3.8/site-packages/airflow/example_dags/example_nested_branch_dag.py for tasks to queue
[2024-04-12T09:15:36.675+0000] {logging_mixin.py:188} INFO - [2024-04-12T09:15:36.675+0000] {dagbag.py:540} INFO - Filling up the DagBag from /home/airflow/.local/lib/python3.8/site-packages/airflow/example_dags/example_nested_branch_dag.py
[2024-04-12T09:15:36.694+0000] {processor.py:840} INFO - DAG(s) 'example_nested_branch_dag' retrieved from /home/airflow/.local/lib/python3.8/site-packages/airflow/example_dags/example_nested_branch_dag.py
[2024-04-12T09:15:36.741+0000] {logging_mixin.py:188} INFO - [2024-04-12T09:15:36.740+0000] {dag.py:3047} INFO - Sync 1 DAGs
[2024-04-12T09:15:36.795+0000] {logging_mixin.py:188} INFO - [2024-04-12T09:15:36.795+0000] {dag.py:3834} INFO - Setting next_dagrun for example_nested_branch_dag to 2024-04-11 00:00:00+00:00, run_after=2024-04-12 00:00:00+00:00
[2024-04-12T09:15:36.837+0000] {processor.py:183} INFO - Processing /home/airflow/.local/lib/python3.8/site-packages/airflow/example_dags/example_nested_branch_dag.py took 0.168 seconds
[2024-04-12T09:16:07.108+0000] {processor.py:161} INFO - Started process (PID=1649) to work on /home/airflow/.local/lib/python3.8/site-packages/airflow/example_dags/example_nested_branch_dag.py
[2024-04-12T09:16:07.110+0000] {processor.py:830} INFO - Processing file /home/airflow/.local/lib/python3.8/site-packages/airflow/example_dags/example_nested_branch_dag.py for tasks to queue
[2024-04-12T09:16:07.114+0000] {logging_mixin.py:188} INFO - [2024-04-12T09:16:07.112+0000] {dagbag.py:540} INFO - Filling up the DagBag from /home/airflow/.local/lib/python3.8/site-packages/airflow/example_dags/example_nested_branch_dag.py
[2024-04-12T09:16:07.138+0000] {processor.py:840} INFO - DAG(s) 'example_nested_branch_dag' retrieved from /home/airflow/.local/lib/python3.8/site-packages/airflow/example_dags/example_nested_branch_dag.py
[2024-04-12T09:16:07.182+0000] {logging_mixin.py:188} INFO - [2024-04-12T09:16:07.181+0000] {dag.py:3047} INFO - Sync 1 DAGs
[2024-04-12T09:16:07.238+0000] {logging_mixin.py:188} INFO - [2024-04-12T09:16:07.238+0000] {dag.py:3834} INFO - Setting next_dagrun for example_nested_branch_dag to 2024-04-11 00:00:00+00:00, run_after=2024-04-12 00:00:00+00:00
[2024-04-12T09:16:07.284+0000] {processor.py:183} INFO - Processing /home/airflow/.local/lib/python3.8/site-packages/airflow/example_dags/example_nested_branch_dag.py took 0.180 seconds
