[2024-04-12T09:01:32.837+0000] {processor.py:161} INFO - Started process (PID=76) to work on /home/airflow/.local/lib/python3.8/site-packages/airflow/example_dags/example_python_decorator.py
[2024-04-12T09:01:32.838+0000] {processor.py:830} INFO - Processing file /home/airflow/.local/lib/python3.8/site-packages/airflow/example_dags/example_python_decorator.py for tasks to queue
[2024-04-12T09:01:32.841+0000] {logging_mixin.py:188} INFO - [2024-04-12T09:01:32.840+0000] {dagbag.py:540} INFO - Filling up the DagBag from /home/airflow/.local/lib/python3.8/site-packages/airflow/example_dags/example_python_decorator.py
[2024-04-12T09:01:32.864+0000] {processor.py:840} INFO - DAG(s) 'example_python_decorator' retrieved from /home/airflow/.local/lib/python3.8/site-packages/airflow/example_dags/example_python_decorator.py
[2024-04-12T09:01:33.062+0000] {logging_mixin.py:188} INFO - [2024-04-12T09:01:33.061+0000] {override.py:1769} INFO - Created Permission View: can read on DAG:example_python_decorator
[2024-04-12T09:01:33.085+0000] {logging_mixin.py:188} INFO - [2024-04-12T09:01:33.084+0000] {override.py:1769} INFO - Created Permission View: can edit on DAG:example_python_decorator
[2024-04-12T09:01:33.111+0000] {logging_mixin.py:188} INFO - [2024-04-12T09:01:33.111+0000] {override.py:1769} INFO - Created Permission View: can delete on DAG:example_python_decorator
[2024-04-12T09:01:33.113+0000] {logging_mixin.py:188} INFO - [2024-04-12T09:01:33.112+0000] {dag.py:3047} INFO - Sync 1 DAGs
[2024-04-12T09:01:33.134+0000] {logging_mixin.py:188} INFO - [2024-04-12T09:01:33.134+0000] {dag.py:3069} INFO - Creating ORM DAG for example_python_decorator
[2024-04-12T09:01:33.136+0000] {logging_mixin.py:188} INFO - [2024-04-12T09:01:33.135+0000] {dag.py:3834} INFO - Setting next_dagrun for example_python_decorator to None, run_after=None
[2024-04-12T09:01:33.175+0000] {processor.py:183} INFO - Processing /home/airflow/.local/lib/python3.8/site-packages/airflow/example_dags/example_python_decorator.py took 0.342 seconds
[2024-04-12T09:02:04.090+0000] {processor.py:161} INFO - Started process (PID=134) to work on /home/airflow/.local/lib/python3.8/site-packages/airflow/example_dags/example_python_decorator.py
[2024-04-12T09:02:04.098+0000] {processor.py:830} INFO - Processing file /home/airflow/.local/lib/python3.8/site-packages/airflow/example_dags/example_python_decorator.py for tasks to queue
[2024-04-12T09:02:04.113+0000] {logging_mixin.py:188} INFO - [2024-04-12T09:02:04.111+0000] {dagbag.py:540} INFO - Filling up the DagBag from /home/airflow/.local/lib/python3.8/site-packages/airflow/example_dags/example_python_decorator.py
[2024-04-12T09:02:04.250+0000] {processor.py:840} INFO - DAG(s) 'example_python_decorator' retrieved from /home/airflow/.local/lib/python3.8/site-packages/airflow/example_dags/example_python_decorator.py
[2024-04-12T09:02:04.425+0000] {logging_mixin.py:188} INFO - [2024-04-12T09:02:04.424+0000] {dag.py:3047} INFO - Sync 1 DAGs
[2024-04-12T09:02:04.498+0000] {logging_mixin.py:188} INFO - [2024-04-12T09:02:04.497+0000] {dag.py:3834} INFO - Setting next_dagrun for example_python_decorator to None, run_after=None
[2024-04-12T09:02:05.037+0000] {processor.py:183} INFO - Processing /home/airflow/.local/lib/python3.8/site-packages/airflow/example_dags/example_python_decorator.py took 0.967 seconds
[2024-04-12T09:02:45.660+0000] {processor.py:161} INFO - Started process (PID=198) to work on /home/airflow/.local/lib/python3.8/site-packages/airflow/example_dags/example_python_decorator.py
[2024-04-12T09:02:45.663+0000] {processor.py:830} INFO - Processing file /home/airflow/.local/lib/python3.8/site-packages/airflow/example_dags/example_python_decorator.py for tasks to queue
[2024-04-12T09:02:45.665+0000] {logging_mixin.py:188} INFO - [2024-04-12T09:02:45.665+0000] {dagbag.py:540} INFO - Filling up the DagBag from /home/airflow/.local/lib/python3.8/site-packages/airflow/example_dags/example_python_decorator.py
[2024-04-12T09:02:45.681+0000] {processor.py:840} INFO - DAG(s) 'example_python_decorator' retrieved from /home/airflow/.local/lib/python3.8/site-packages/airflow/example_dags/example_python_decorator.py
[2024-04-12T09:02:45.714+0000] {logging_mixin.py:188} INFO - [2024-04-12T09:02:45.714+0000] {dag.py:3047} INFO - Sync 1 DAGs
[2024-04-12T09:02:45.730+0000] {logging_mixin.py:188} INFO - [2024-04-12T09:02:45.729+0000] {dag.py:3834} INFO - Setting next_dagrun for example_python_decorator to None, run_after=None
[2024-04-12T09:02:45.767+0000] {processor.py:183} INFO - Processing /home/airflow/.local/lib/python3.8/site-packages/airflow/example_dags/example_python_decorator.py took 0.112 seconds
[2024-04-12T09:03:16.445+0000] {processor.py:161} INFO - Started process (PID=256) to work on /home/airflow/.local/lib/python3.8/site-packages/airflow/example_dags/example_python_decorator.py
[2024-04-12T09:03:16.449+0000] {processor.py:830} INFO - Processing file /home/airflow/.local/lib/python3.8/site-packages/airflow/example_dags/example_python_decorator.py for tasks to queue
[2024-04-12T09:03:16.454+0000] {logging_mixin.py:188} INFO - [2024-04-12T09:03:16.453+0000] {dagbag.py:540} INFO - Filling up the DagBag from /home/airflow/.local/lib/python3.8/site-packages/airflow/example_dags/example_python_decorator.py
[2024-04-12T09:03:16.528+0000] {processor.py:840} INFO - DAG(s) 'example_python_decorator' retrieved from /home/airflow/.local/lib/python3.8/site-packages/airflow/example_dags/example_python_decorator.py
[2024-04-12T09:03:16.597+0000] {logging_mixin.py:188} INFO - [2024-04-12T09:03:16.597+0000] {dag.py:3047} INFO - Sync 1 DAGs
[2024-04-12T09:03:16.639+0000] {logging_mixin.py:188} INFO - [2024-04-12T09:03:16.639+0000] {dag.py:3834} INFO - Setting next_dagrun for example_python_decorator to None, run_after=None
[2024-04-12T09:03:16.705+0000] {processor.py:183} INFO - Processing /home/airflow/.local/lib/python3.8/site-packages/airflow/example_dags/example_python_decorator.py took 0.275 seconds
[2024-04-12T09:03:47.512+0000] {processor.py:161} INFO - Started process (PID=314) to work on /home/airflow/.local/lib/python3.8/site-packages/airflow/example_dags/example_python_decorator.py
[2024-04-12T09:03:47.514+0000] {processor.py:830} INFO - Processing file /home/airflow/.local/lib/python3.8/site-packages/airflow/example_dags/example_python_decorator.py for tasks to queue
[2024-04-12T09:03:47.517+0000] {logging_mixin.py:188} INFO - [2024-04-12T09:03:47.517+0000] {dagbag.py:540} INFO - Filling up the DagBag from /home/airflow/.local/lib/python3.8/site-packages/airflow/example_dags/example_python_decorator.py
[2024-04-12T09:03:47.535+0000] {processor.py:840} INFO - DAG(s) 'example_python_decorator' retrieved from /home/airflow/.local/lib/python3.8/site-packages/airflow/example_dags/example_python_decorator.py
[2024-04-12T09:03:47.563+0000] {logging_mixin.py:188} INFO - [2024-04-12T09:03:47.563+0000] {dag.py:3047} INFO - Sync 1 DAGs
[2024-04-12T09:03:47.581+0000] {logging_mixin.py:188} INFO - [2024-04-12T09:03:47.580+0000] {dag.py:3834} INFO - Setting next_dagrun for example_python_decorator to None, run_after=None
[2024-04-12T09:03:47.615+0000] {processor.py:183} INFO - Processing /home/airflow/.local/lib/python3.8/site-packages/airflow/example_dags/example_python_decorator.py took 0.105 seconds
[2024-04-12T09:04:18.101+0000] {processor.py:161} INFO - Started process (PID=372) to work on /home/airflow/.local/lib/python3.8/site-packages/airflow/example_dags/example_python_decorator.py
[2024-04-12T09:04:18.105+0000] {processor.py:830} INFO - Processing file /home/airflow/.local/lib/python3.8/site-packages/airflow/example_dags/example_python_decorator.py for tasks to queue
[2024-04-12T09:04:18.113+0000] {logging_mixin.py:188} INFO - [2024-04-12T09:04:18.111+0000] {dagbag.py:540} INFO - Filling up the DagBag from /home/airflow/.local/lib/python3.8/site-packages/airflow/example_dags/example_python_decorator.py
[2024-04-12T09:04:18.143+0000] {processor.py:840} INFO - DAG(s) 'example_python_decorator' retrieved from /home/airflow/.local/lib/python3.8/site-packages/airflow/example_dags/example_python_decorator.py
[2024-04-12T09:04:18.194+0000] {logging_mixin.py:188} INFO - [2024-04-12T09:04:18.193+0000] {dag.py:3047} INFO - Sync 1 DAGs
[2024-04-12T09:04:18.229+0000] {logging_mixin.py:188} INFO - [2024-04-12T09:04:18.228+0000] {dag.py:3834} INFO - Setting next_dagrun for example_python_decorator to None, run_after=None
[2024-04-12T09:04:18.314+0000] {processor.py:183} INFO - Processing /home/airflow/.local/lib/python3.8/site-packages/airflow/example_dags/example_python_decorator.py took 0.224 seconds
[2024-04-12T09:05:15.175+0000] {processor.py:161} INFO - Started process (PID=436) to work on /home/airflow/.local/lib/python3.8/site-packages/airflow/example_dags/example_python_decorator.py
[2024-04-12T09:05:15.177+0000] {processor.py:830} INFO - Processing file /home/airflow/.local/lib/python3.8/site-packages/airflow/example_dags/example_python_decorator.py for tasks to queue
[2024-04-12T09:05:15.178+0000] {logging_mixin.py:188} INFO - [2024-04-12T09:05:15.177+0000] {dagbag.py:540} INFO - Filling up the DagBag from /home/airflow/.local/lib/python3.8/site-packages/airflow/example_dags/example_python_decorator.py
[2024-04-12T09:05:15.191+0000] {processor.py:840} INFO - DAG(s) 'example_python_decorator' retrieved from /home/airflow/.local/lib/python3.8/site-packages/airflow/example_dags/example_python_decorator.py
[2024-04-12T09:05:15.215+0000] {logging_mixin.py:188} INFO - [2024-04-12T09:05:15.215+0000] {dag.py:3047} INFO - Sync 1 DAGs
[2024-04-12T09:05:15.230+0000] {logging_mixin.py:188} INFO - [2024-04-12T09:05:15.230+0000] {dag.py:3834} INFO - Setting next_dagrun for example_python_decorator to None, run_after=None
[2024-04-12T09:05:15.263+0000] {processor.py:183} INFO - Processing /home/airflow/.local/lib/python3.8/site-packages/airflow/example_dags/example_python_decorator.py took 0.091 seconds
[2024-04-12T09:05:46.166+0000] {processor.py:161} INFO - Started process (PID=494) to work on /home/airflow/.local/lib/python3.8/site-packages/airflow/example_dags/example_python_decorator.py
[2024-04-12T09:05:46.167+0000] {processor.py:830} INFO - Processing file /home/airflow/.local/lib/python3.8/site-packages/airflow/example_dags/example_python_decorator.py for tasks to queue
[2024-04-12T09:05:46.170+0000] {logging_mixin.py:188} INFO - [2024-04-12T09:05:46.169+0000] {dagbag.py:540} INFO - Filling up the DagBag from /home/airflow/.local/lib/python3.8/site-packages/airflow/example_dags/example_python_decorator.py
[2024-04-12T09:05:46.186+0000] {processor.py:840} INFO - DAG(s) 'example_python_decorator' retrieved from /home/airflow/.local/lib/python3.8/site-packages/airflow/example_dags/example_python_decorator.py
[2024-04-12T09:05:46.216+0000] {logging_mixin.py:188} INFO - [2024-04-12T09:05:46.215+0000] {dag.py:3047} INFO - Sync 1 DAGs
[2024-04-12T09:05:46.229+0000] {logging_mixin.py:188} INFO - [2024-04-12T09:05:46.228+0000] {dag.py:3834} INFO - Setting next_dagrun for example_python_decorator to None, run_after=None
[2024-04-12T09:05:46.260+0000] {processor.py:183} INFO - Processing /home/airflow/.local/lib/python3.8/site-packages/airflow/example_dags/example_python_decorator.py took 0.098 seconds
[2024-04-12T09:06:17.185+0000] {processor.py:161} INFO - Started process (PID=553) to work on /home/airflow/.local/lib/python3.8/site-packages/airflow/example_dags/example_python_decorator.py
[2024-04-12T09:06:17.187+0000] {processor.py:830} INFO - Processing file /home/airflow/.local/lib/python3.8/site-packages/airflow/example_dags/example_python_decorator.py for tasks to queue
[2024-04-12T09:06:17.188+0000] {logging_mixin.py:188} INFO - [2024-04-12T09:06:17.188+0000] {dagbag.py:540} INFO - Filling up the DagBag from /home/airflow/.local/lib/python3.8/site-packages/airflow/example_dags/example_python_decorator.py
[2024-04-12T09:06:17.202+0000] {processor.py:840} INFO - DAG(s) 'example_python_decorator' retrieved from /home/airflow/.local/lib/python3.8/site-packages/airflow/example_dags/example_python_decorator.py
[2024-04-12T09:06:17.227+0000] {logging_mixin.py:188} INFO - [2024-04-12T09:06:17.227+0000] {dag.py:3047} INFO - Sync 1 DAGs
[2024-04-12T09:06:17.240+0000] {logging_mixin.py:188} INFO - [2024-04-12T09:06:17.239+0000] {dag.py:3834} INFO - Setting next_dagrun for example_python_decorator to None, run_after=None
[2024-04-12T09:06:17.269+0000] {processor.py:183} INFO - Processing /home/airflow/.local/lib/python3.8/site-packages/airflow/example_dags/example_python_decorator.py took 0.087 seconds
[2024-04-12T09:06:48.083+0000] {processor.py:161} INFO - Started process (PID=611) to work on /home/airflow/.local/lib/python3.8/site-packages/airflow/example_dags/example_python_decorator.py
[2024-04-12T09:06:48.085+0000] {processor.py:830} INFO - Processing file /home/airflow/.local/lib/python3.8/site-packages/airflow/example_dags/example_python_decorator.py for tasks to queue
[2024-04-12T09:06:48.086+0000] {logging_mixin.py:188} INFO - [2024-04-12T09:06:48.086+0000] {dagbag.py:540} INFO - Filling up the DagBag from /home/airflow/.local/lib/python3.8/site-packages/airflow/example_dags/example_python_decorator.py
[2024-04-12T09:06:48.101+0000] {processor.py:840} INFO - DAG(s) 'example_python_decorator' retrieved from /home/airflow/.local/lib/python3.8/site-packages/airflow/example_dags/example_python_decorator.py
[2024-04-12T09:06:48.131+0000] {logging_mixin.py:188} INFO - [2024-04-12T09:06:48.131+0000] {dag.py:3047} INFO - Sync 1 DAGs
[2024-04-12T09:06:48.146+0000] {logging_mixin.py:188} INFO - [2024-04-12T09:06:48.146+0000] {dag.py:3834} INFO - Setting next_dagrun for example_python_decorator to None, run_after=None
[2024-04-12T09:06:48.179+0000] {processor.py:183} INFO - Processing /home/airflow/.local/lib/python3.8/site-packages/airflow/example_dags/example_python_decorator.py took 0.099 seconds
[2024-04-12T09:07:19.036+0000] {processor.py:161} INFO - Started process (PID=669) to work on /home/airflow/.local/lib/python3.8/site-packages/airflow/example_dags/example_python_decorator.py
[2024-04-12T09:07:19.038+0000] {processor.py:830} INFO - Processing file /home/airflow/.local/lib/python3.8/site-packages/airflow/example_dags/example_python_decorator.py for tasks to queue
[2024-04-12T09:07:19.041+0000] {logging_mixin.py:188} INFO - [2024-04-12T09:07:19.040+0000] {dagbag.py:540} INFO - Filling up the DagBag from /home/airflow/.local/lib/python3.8/site-packages/airflow/example_dags/example_python_decorator.py
[2024-04-12T09:07:19.070+0000] {processor.py:840} INFO - DAG(s) 'example_python_decorator' retrieved from /home/airflow/.local/lib/python3.8/site-packages/airflow/example_dags/example_python_decorator.py
[2024-04-12T09:07:19.115+0000] {logging_mixin.py:188} INFO - [2024-04-12T09:07:19.114+0000] {dag.py:3047} INFO - Sync 1 DAGs
[2024-04-12T09:07:19.138+0000] {logging_mixin.py:188} INFO - [2024-04-12T09:07:19.137+0000] {dag.py:3834} INFO - Setting next_dagrun for example_python_decorator to None, run_after=None
[2024-04-12T09:07:19.201+0000] {processor.py:183} INFO - Processing /home/airflow/.local/lib/python3.8/site-packages/airflow/example_dags/example_python_decorator.py took 0.170 seconds
[2024-04-12T09:07:49.709+0000] {processor.py:161} INFO - Started process (PID=725) to work on /home/airflow/.local/lib/python3.8/site-packages/airflow/example_dags/example_python_decorator.py
[2024-04-12T09:07:49.710+0000] {processor.py:830} INFO - Processing file /home/airflow/.local/lib/python3.8/site-packages/airflow/example_dags/example_python_decorator.py for tasks to queue
[2024-04-12T09:07:49.712+0000] {logging_mixin.py:188} INFO - [2024-04-12T09:07:49.711+0000] {dagbag.py:540} INFO - Filling up the DagBag from /home/airflow/.local/lib/python3.8/site-packages/airflow/example_dags/example_python_decorator.py
[2024-04-12T09:07:49.724+0000] {processor.py:840} INFO - DAG(s) 'example_python_decorator' retrieved from /home/airflow/.local/lib/python3.8/site-packages/airflow/example_dags/example_python_decorator.py
[2024-04-12T09:07:49.749+0000] {logging_mixin.py:188} INFO - [2024-04-12T09:07:49.749+0000] {dag.py:3047} INFO - Sync 1 DAGs
[2024-04-12T09:07:49.762+0000] {logging_mixin.py:188} INFO - [2024-04-12T09:07:49.762+0000] {dag.py:3834} INFO - Setting next_dagrun for example_python_decorator to None, run_after=None
[2024-04-12T09:07:49.788+0000] {processor.py:183} INFO - Processing /home/airflow/.local/lib/python3.8/site-packages/airflow/example_dags/example_python_decorator.py took 0.082 seconds
[2024-04-12T09:08:19.919+0000] {processor.py:161} INFO - Started process (PID=782) to work on /home/airflow/.local/lib/python3.8/site-packages/airflow/example_dags/example_python_decorator.py
[2024-04-12T09:08:19.920+0000] {processor.py:830} INFO - Processing file /home/airflow/.local/lib/python3.8/site-packages/airflow/example_dags/example_python_decorator.py for tasks to queue
[2024-04-12T09:08:19.922+0000] {logging_mixin.py:188} INFO - [2024-04-12T09:08:19.921+0000] {dagbag.py:540} INFO - Filling up the DagBag from /home/airflow/.local/lib/python3.8/site-packages/airflow/example_dags/example_python_decorator.py
[2024-04-12T09:08:19.937+0000] {processor.py:840} INFO - DAG(s) 'example_python_decorator' retrieved from /home/airflow/.local/lib/python3.8/site-packages/airflow/example_dags/example_python_decorator.py
[2024-04-12T09:08:19.960+0000] {logging_mixin.py:188} INFO - [2024-04-12T09:08:19.960+0000] {dag.py:3047} INFO - Sync 1 DAGs
[2024-04-12T09:08:19.979+0000] {logging_mixin.py:188} INFO - [2024-04-12T09:08:19.978+0000] {dag.py:3834} INFO - Setting next_dagrun for example_python_decorator to None, run_after=None
[2024-04-12T09:08:20.007+0000] {processor.py:183} INFO - Processing /home/airflow/.local/lib/python3.8/site-packages/airflow/example_dags/example_python_decorator.py took 0.091 seconds
[2024-04-12T09:08:50.298+0000] {processor.py:161} INFO - Started process (PID=840) to work on /home/airflow/.local/lib/python3.8/site-packages/airflow/example_dags/example_python_decorator.py
[2024-04-12T09:08:50.300+0000] {processor.py:830} INFO - Processing file /home/airflow/.local/lib/python3.8/site-packages/airflow/example_dags/example_python_decorator.py for tasks to queue
[2024-04-12T09:08:50.301+0000] {logging_mixin.py:188} INFO - [2024-04-12T09:08:50.300+0000] {dagbag.py:540} INFO - Filling up the DagBag from /home/airflow/.local/lib/python3.8/site-packages/airflow/example_dags/example_python_decorator.py
[2024-04-12T09:08:50.316+0000] {processor.py:840} INFO - DAG(s) 'example_python_decorator' retrieved from /home/airflow/.local/lib/python3.8/site-packages/airflow/example_dags/example_python_decorator.py
[2024-04-12T09:08:50.349+0000] {logging_mixin.py:188} INFO - [2024-04-12T09:08:50.348+0000] {dag.py:3047} INFO - Sync 1 DAGs
[2024-04-12T09:08:50.363+0000] {logging_mixin.py:188} INFO - [2024-04-12T09:08:50.363+0000] {dag.py:3834} INFO - Setting next_dagrun for example_python_decorator to None, run_after=None
[2024-04-12T09:08:50.403+0000] {processor.py:183} INFO - Processing /home/airflow/.local/lib/python3.8/site-packages/airflow/example_dags/example_python_decorator.py took 0.109 seconds
[2024-04-12T09:09:20.482+0000] {processor.py:161} INFO - Started process (PID=898) to work on /home/airflow/.local/lib/python3.8/site-packages/airflow/example_dags/example_python_decorator.py
[2024-04-12T09:09:20.483+0000] {processor.py:830} INFO - Processing file /home/airflow/.local/lib/python3.8/site-packages/airflow/example_dags/example_python_decorator.py for tasks to queue
[2024-04-12T09:09:20.484+0000] {logging_mixin.py:188} INFO - [2024-04-12T09:09:20.484+0000] {dagbag.py:540} INFO - Filling up the DagBag from /home/airflow/.local/lib/python3.8/site-packages/airflow/example_dags/example_python_decorator.py
[2024-04-12T09:09:20.497+0000] {processor.py:840} INFO - DAG(s) 'example_python_decorator' retrieved from /home/airflow/.local/lib/python3.8/site-packages/airflow/example_dags/example_python_decorator.py
[2024-04-12T09:09:20.521+0000] {logging_mixin.py:188} INFO - [2024-04-12T09:09:20.521+0000] {dag.py:3047} INFO - Sync 1 DAGs
[2024-04-12T09:09:20.535+0000] {logging_mixin.py:188} INFO - [2024-04-12T09:09:20.534+0000] {dag.py:3834} INFO - Setting next_dagrun for example_python_decorator to None, run_after=None
[2024-04-12T09:09:20.561+0000] {processor.py:183} INFO - Processing /home/airflow/.local/lib/python3.8/site-packages/airflow/example_dags/example_python_decorator.py took 0.082 seconds
[2024-04-12T09:09:50.886+0000] {processor.py:161} INFO - Started process (PID=956) to work on /home/airflow/.local/lib/python3.8/site-packages/airflow/example_dags/example_python_decorator.py
[2024-04-12T09:09:50.887+0000] {processor.py:830} INFO - Processing file /home/airflow/.local/lib/python3.8/site-packages/airflow/example_dags/example_python_decorator.py for tasks to queue
[2024-04-12T09:09:50.888+0000] {logging_mixin.py:188} INFO - [2024-04-12T09:09:50.888+0000] {dagbag.py:540} INFO - Filling up the DagBag from /home/airflow/.local/lib/python3.8/site-packages/airflow/example_dags/example_python_decorator.py
[2024-04-12T09:09:50.904+0000] {processor.py:840} INFO - DAG(s) 'example_python_decorator' retrieved from /home/airflow/.local/lib/python3.8/site-packages/airflow/example_dags/example_python_decorator.py
[2024-04-12T09:09:50.937+0000] {logging_mixin.py:188} INFO - [2024-04-12T09:09:50.937+0000] {dag.py:3047} INFO - Sync 1 DAGs
[2024-04-12T09:09:50.952+0000] {logging_mixin.py:188} INFO - [2024-04-12T09:09:50.952+0000] {dag.py:3834} INFO - Setting next_dagrun for example_python_decorator to None, run_after=None
[2024-04-12T09:09:50.998+0000] {processor.py:183} INFO - Processing /home/airflow/.local/lib/python3.8/site-packages/airflow/example_dags/example_python_decorator.py took 0.116 seconds
[2024-04-12T09:10:28.110+0000] {processor.py:161} INFO - Started process (PID=1014) to work on /home/airflow/.local/lib/python3.8/site-packages/airflow/example_dags/example_python_decorator.py
[2024-04-12T09:10:28.116+0000] {processor.py:830} INFO - Processing file /home/airflow/.local/lib/python3.8/site-packages/airflow/example_dags/example_python_decorator.py for tasks to queue
[2024-04-12T09:10:28.124+0000] {logging_mixin.py:188} INFO - [2024-04-12T09:10:28.121+0000] {dagbag.py:540} INFO - Filling up the DagBag from /home/airflow/.local/lib/python3.8/site-packages/airflow/example_dags/example_python_decorator.py
[2024-04-12T09:10:28.192+0000] {processor.py:840} INFO - DAG(s) 'example_python_decorator' retrieved from /home/airflow/.local/lib/python3.8/site-packages/airflow/example_dags/example_python_decorator.py
[2024-04-12T09:10:28.313+0000] {logging_mixin.py:188} INFO - [2024-04-12T09:10:28.312+0000] {dag.py:3047} INFO - Sync 1 DAGs
[2024-04-12T09:10:28.382+0000] {logging_mixin.py:188} INFO - [2024-04-12T09:10:28.381+0000] {dag.py:3834} INFO - Setting next_dagrun for example_python_decorator to None, run_after=None
[2024-04-12T09:10:28.504+0000] {processor.py:183} INFO - Processing /home/airflow/.local/lib/python3.8/site-packages/airflow/example_dags/example_python_decorator.py took 0.410 seconds
[2024-04-12T09:10:59.379+0000] {processor.py:161} INFO - Started process (PID=1072) to work on /home/airflow/.local/lib/python3.8/site-packages/airflow/example_dags/example_python_decorator.py
[2024-04-12T09:10:59.383+0000] {processor.py:830} INFO - Processing file /home/airflow/.local/lib/python3.8/site-packages/airflow/example_dags/example_python_decorator.py for tasks to queue
[2024-04-12T09:10:59.386+0000] {logging_mixin.py:188} INFO - [2024-04-12T09:10:59.385+0000] {dagbag.py:540} INFO - Filling up the DagBag from /home/airflow/.local/lib/python3.8/site-packages/airflow/example_dags/example_python_decorator.py
[2024-04-12T09:10:59.411+0000] {processor.py:840} INFO - DAG(s) 'example_python_decorator' retrieved from /home/airflow/.local/lib/python3.8/site-packages/airflow/example_dags/example_python_decorator.py
[2024-04-12T09:10:59.460+0000] {logging_mixin.py:188} INFO - [2024-04-12T09:10:59.459+0000] {dag.py:3047} INFO - Sync 1 DAGs
[2024-04-12T09:10:59.477+0000] {logging_mixin.py:188} INFO - [2024-04-12T09:10:59.476+0000] {dag.py:3834} INFO - Setting next_dagrun for example_python_decorator to None, run_after=None
[2024-04-12T09:10:59.536+0000] {processor.py:183} INFO - Processing /home/airflow/.local/lib/python3.8/site-packages/airflow/example_dags/example_python_decorator.py took 0.165 seconds
[2024-04-12T09:11:30.053+0000] {processor.py:161} INFO - Started process (PID=1129) to work on /home/airflow/.local/lib/python3.8/site-packages/airflow/example_dags/example_python_decorator.py
[2024-04-12T09:11:30.055+0000] {processor.py:830} INFO - Processing file /home/airflow/.local/lib/python3.8/site-packages/airflow/example_dags/example_python_decorator.py for tasks to queue
[2024-04-12T09:11:30.057+0000] {logging_mixin.py:188} INFO - [2024-04-12T09:11:30.056+0000] {dagbag.py:540} INFO - Filling up the DagBag from /home/airflow/.local/lib/python3.8/site-packages/airflow/example_dags/example_python_decorator.py
[2024-04-12T09:11:30.073+0000] {processor.py:840} INFO - DAG(s) 'example_python_decorator' retrieved from /home/airflow/.local/lib/python3.8/site-packages/airflow/example_dags/example_python_decorator.py
[2024-04-12T09:11:30.120+0000] {logging_mixin.py:188} INFO - [2024-04-12T09:11:30.119+0000] {dag.py:3047} INFO - Sync 1 DAGs
[2024-04-12T09:11:30.138+0000] {logging_mixin.py:188} INFO - [2024-04-12T09:11:30.138+0000] {dag.py:3834} INFO - Setting next_dagrun for example_python_decorator to None, run_after=None
[2024-04-12T09:11:30.182+0000] {processor.py:183} INFO - Processing /home/airflow/.local/lib/python3.8/site-packages/airflow/example_dags/example_python_decorator.py took 0.134 seconds
[2024-04-12T09:12:00.399+0000] {processor.py:161} INFO - Started process (PID=1187) to work on /home/airflow/.local/lib/python3.8/site-packages/airflow/example_dags/example_python_decorator.py
[2024-04-12T09:12:00.405+0000] {processor.py:830} INFO - Processing file /home/airflow/.local/lib/python3.8/site-packages/airflow/example_dags/example_python_decorator.py for tasks to queue
[2024-04-12T09:12:00.411+0000] {logging_mixin.py:188} INFO - [2024-04-12T09:12:00.408+0000] {dagbag.py:540} INFO - Filling up the DagBag from /home/airflow/.local/lib/python3.8/site-packages/airflow/example_dags/example_python_decorator.py
[2024-04-12T09:12:00.467+0000] {processor.py:840} INFO - DAG(s) 'example_python_decorator' retrieved from /home/airflow/.local/lib/python3.8/site-packages/airflow/example_dags/example_python_decorator.py
[2024-04-12T09:12:00.537+0000] {logging_mixin.py:188} INFO - [2024-04-12T09:12:00.536+0000] {dag.py:3047} INFO - Sync 1 DAGs
[2024-04-12T09:12:00.562+0000] {logging_mixin.py:188} INFO - [2024-04-12T09:12:00.561+0000] {dag.py:3834} INFO - Setting next_dagrun for example_python_decorator to None, run_after=None
[2024-04-12T09:12:00.610+0000] {processor.py:183} INFO - Processing /home/airflow/.local/lib/python3.8/site-packages/airflow/example_dags/example_python_decorator.py took 0.221 seconds
[2024-04-12T09:12:30.981+0000] {processor.py:161} INFO - Started process (PID=1245) to work on /home/airflow/.local/lib/python3.8/site-packages/airflow/example_dags/example_python_decorator.py
[2024-04-12T09:12:30.985+0000] {processor.py:830} INFO - Processing file /home/airflow/.local/lib/python3.8/site-packages/airflow/example_dags/example_python_decorator.py for tasks to queue
[2024-04-12T09:12:30.991+0000] {logging_mixin.py:188} INFO - [2024-04-12T09:12:30.989+0000] {dagbag.py:540} INFO - Filling up the DagBag from /home/airflow/.local/lib/python3.8/site-packages/airflow/example_dags/example_python_decorator.py
[2024-04-12T09:12:31.033+0000] {processor.py:840} INFO - DAG(s) 'example_python_decorator' retrieved from /home/airflow/.local/lib/python3.8/site-packages/airflow/example_dags/example_python_decorator.py
[2024-04-12T09:12:31.123+0000] {logging_mixin.py:188} INFO - [2024-04-12T09:12:31.122+0000] {dag.py:3047} INFO - Sync 1 DAGs
[2024-04-12T09:12:31.160+0000] {logging_mixin.py:188} INFO - [2024-04-12T09:12:31.159+0000] {dag.py:3834} INFO - Setting next_dagrun for example_python_decorator to None, run_after=None
[2024-04-12T09:12:31.212+0000] {processor.py:183} INFO - Processing /home/airflow/.local/lib/python3.8/site-packages/airflow/example_dags/example_python_decorator.py took 0.240 seconds
[2024-04-12T09:13:01.487+0000] {processor.py:161} INFO - Started process (PID=1303) to work on /home/airflow/.local/lib/python3.8/site-packages/airflow/example_dags/example_python_decorator.py
[2024-04-12T09:13:01.488+0000] {processor.py:830} INFO - Processing file /home/airflow/.local/lib/python3.8/site-packages/airflow/example_dags/example_python_decorator.py for tasks to queue
[2024-04-12T09:13:01.490+0000] {logging_mixin.py:188} INFO - [2024-04-12T09:13:01.489+0000] {dagbag.py:540} INFO - Filling up the DagBag from /home/airflow/.local/lib/python3.8/site-packages/airflow/example_dags/example_python_decorator.py
[2024-04-12T09:13:01.503+0000] {processor.py:840} INFO - DAG(s) 'example_python_decorator' retrieved from /home/airflow/.local/lib/python3.8/site-packages/airflow/example_dags/example_python_decorator.py
[2024-04-12T09:13:01.530+0000] {logging_mixin.py:188} INFO - [2024-04-12T09:13:01.530+0000] {dag.py:3047} INFO - Sync 1 DAGs
[2024-04-12T09:13:01.544+0000] {logging_mixin.py:188} INFO - [2024-04-12T09:13:01.543+0000] {dag.py:3834} INFO - Setting next_dagrun for example_python_decorator to None, run_after=None
[2024-04-12T09:13:01.577+0000] {processor.py:183} INFO - Processing /home/airflow/.local/lib/python3.8/site-packages/airflow/example_dags/example_python_decorator.py took 0.093 seconds
[2024-04-12T09:13:33.649+0000] {processor.py:161} INFO - Started process (PID=1359) to work on /home/airflow/.local/lib/python3.8/site-packages/airflow/example_dags/example_python_decorator.py
[2024-04-12T09:13:33.650+0000] {processor.py:830} INFO - Processing file /home/airflow/.local/lib/python3.8/site-packages/airflow/example_dags/example_python_decorator.py for tasks to queue
[2024-04-12T09:13:33.651+0000] {logging_mixin.py:188} INFO - [2024-04-12T09:13:33.651+0000] {dagbag.py:540} INFO - Filling up the DagBag from /home/airflow/.local/lib/python3.8/site-packages/airflow/example_dags/example_python_decorator.py
[2024-04-12T09:13:33.669+0000] {processor.py:840} INFO - DAG(s) 'example_python_decorator' retrieved from /home/airflow/.local/lib/python3.8/site-packages/airflow/example_dags/example_python_decorator.py
[2024-04-12T09:13:33.704+0000] {logging_mixin.py:188} INFO - [2024-04-12T09:13:33.703+0000] {dag.py:3047} INFO - Sync 1 DAGs
[2024-04-12T09:13:33.721+0000] {logging_mixin.py:188} INFO - [2024-04-12T09:13:33.720+0000] {dag.py:3834} INFO - Setting next_dagrun for example_python_decorator to None, run_after=None
[2024-04-12T09:13:33.766+0000] {processor.py:183} INFO - Processing /home/airflow/.local/lib/python3.8/site-packages/airflow/example_dags/example_python_decorator.py took 0.121 seconds
[2024-04-12T09:14:04.182+0000] {processor.py:161} INFO - Started process (PID=1417) to work on /home/airflow/.local/lib/python3.8/site-packages/airflow/example_dags/example_python_decorator.py
[2024-04-12T09:14:04.183+0000] {processor.py:830} INFO - Processing file /home/airflow/.local/lib/python3.8/site-packages/airflow/example_dags/example_python_decorator.py for tasks to queue
[2024-04-12T09:14:04.184+0000] {logging_mixin.py:188} INFO - [2024-04-12T09:14:04.183+0000] {dagbag.py:540} INFO - Filling up the DagBag from /home/airflow/.local/lib/python3.8/site-packages/airflow/example_dags/example_python_decorator.py
[2024-04-12T09:14:04.195+0000] {processor.py:840} INFO - DAG(s) 'example_python_decorator' retrieved from /home/airflow/.local/lib/python3.8/site-packages/airflow/example_dags/example_python_decorator.py
[2024-04-12T09:14:04.217+0000] {logging_mixin.py:188} INFO - [2024-04-12T09:14:04.217+0000] {dag.py:3047} INFO - Sync 1 DAGs
[2024-04-12T09:14:04.230+0000] {logging_mixin.py:188} INFO - [2024-04-12T09:14:04.230+0000] {dag.py:3834} INFO - Setting next_dagrun for example_python_decorator to None, run_after=None
[2024-04-12T09:14:04.254+0000] {processor.py:183} INFO - Processing /home/airflow/.local/lib/python3.8/site-packages/airflow/example_dags/example_python_decorator.py took 0.075 seconds
[2024-04-12T09:14:34.612+0000] {processor.py:161} INFO - Started process (PID=1475) to work on /home/airflow/.local/lib/python3.8/site-packages/airflow/example_dags/example_python_decorator.py
[2024-04-12T09:14:34.614+0000] {processor.py:830} INFO - Processing file /home/airflow/.local/lib/python3.8/site-packages/airflow/example_dags/example_python_decorator.py for tasks to queue
[2024-04-12T09:14:34.615+0000] {logging_mixin.py:188} INFO - [2024-04-12T09:14:34.615+0000] {dagbag.py:540} INFO - Filling up the DagBag from /home/airflow/.local/lib/python3.8/site-packages/airflow/example_dags/example_python_decorator.py
[2024-04-12T09:14:34.631+0000] {processor.py:840} INFO - DAG(s) 'example_python_decorator' retrieved from /home/airflow/.local/lib/python3.8/site-packages/airflow/example_dags/example_python_decorator.py
[2024-04-12T09:14:34.660+0000] {logging_mixin.py:188} INFO - [2024-04-12T09:14:34.660+0000] {dag.py:3047} INFO - Sync 1 DAGs
[2024-04-12T09:14:34.675+0000] {logging_mixin.py:188} INFO - [2024-04-12T09:14:34.675+0000] {dag.py:3834} INFO - Setting next_dagrun for example_python_decorator to None, run_after=None
[2024-04-12T09:14:34.711+0000] {processor.py:183} INFO - Processing /home/airflow/.local/lib/python3.8/site-packages/airflow/example_dags/example_python_decorator.py took 0.102 seconds
[2024-04-12T09:15:05.175+0000] {processor.py:161} INFO - Started process (PID=1533) to work on /home/airflow/.local/lib/python3.8/site-packages/airflow/example_dags/example_python_decorator.py
[2024-04-12T09:15:05.176+0000] {processor.py:830} INFO - Processing file /home/airflow/.local/lib/python3.8/site-packages/airflow/example_dags/example_python_decorator.py for tasks to queue
[2024-04-12T09:15:05.178+0000] {logging_mixin.py:188} INFO - [2024-04-12T09:15:05.177+0000] {dagbag.py:540} INFO - Filling up the DagBag from /home/airflow/.local/lib/python3.8/site-packages/airflow/example_dags/example_python_decorator.py
[2024-04-12T09:15:05.193+0000] {processor.py:840} INFO - DAG(s) 'example_python_decorator' retrieved from /home/airflow/.local/lib/python3.8/site-packages/airflow/example_dags/example_python_decorator.py
[2024-04-12T09:15:05.221+0000] {logging_mixin.py:188} INFO - [2024-04-12T09:15:05.220+0000] {dag.py:3047} INFO - Sync 1 DAGs
[2024-04-12T09:15:05.235+0000] {logging_mixin.py:188} INFO - [2024-04-12T09:15:05.235+0000] {dag.py:3834} INFO - Setting next_dagrun for example_python_decorator to None, run_after=None
[2024-04-12T09:15:05.264+0000] {processor.py:183} INFO - Processing /home/airflow/.local/lib/python3.8/site-packages/airflow/example_dags/example_python_decorator.py took 0.092 seconds
[2024-04-12T09:15:36.388+0000] {processor.py:161} INFO - Started process (PID=1589) to work on /home/airflow/.local/lib/python3.8/site-packages/airflow/example_dags/example_python_decorator.py
[2024-04-12T09:15:36.392+0000] {processor.py:830} INFO - Processing file /home/airflow/.local/lib/python3.8/site-packages/airflow/example_dags/example_python_decorator.py for tasks to queue
[2024-04-12T09:15:36.397+0000] {logging_mixin.py:188} INFO - [2024-04-12T09:15:36.396+0000] {dagbag.py:540} INFO - Filling up the DagBag from /home/airflow/.local/lib/python3.8/site-packages/airflow/example_dags/example_python_decorator.py
[2024-04-12T09:15:36.440+0000] {processor.py:840} INFO - DAG(s) 'example_python_decorator' retrieved from /home/airflow/.local/lib/python3.8/site-packages/airflow/example_dags/example_python_decorator.py
[2024-04-12T09:15:36.510+0000] {logging_mixin.py:188} INFO - [2024-04-12T09:15:36.509+0000] {dag.py:3047} INFO - Sync 1 DAGs
[2024-04-12T09:15:36.543+0000] {logging_mixin.py:188} INFO - [2024-04-12T09:15:36.542+0000] {dag.py:3834} INFO - Setting next_dagrun for example_python_decorator to None, run_after=None
[2024-04-12T09:15:36.616+0000] {processor.py:183} INFO - Processing /home/airflow/.local/lib/python3.8/site-packages/airflow/example_dags/example_python_decorator.py took 0.239 seconds
[2024-04-12T09:16:06.919+0000] {processor.py:161} INFO - Started process (PID=1647) to work on /home/airflow/.local/lib/python3.8/site-packages/airflow/example_dags/example_python_decorator.py
[2024-04-12T09:16:06.921+0000] {processor.py:830} INFO - Processing file /home/airflow/.local/lib/python3.8/site-packages/airflow/example_dags/example_python_decorator.py for tasks to queue
[2024-04-12T09:16:06.923+0000] {logging_mixin.py:188} INFO - [2024-04-12T09:16:06.922+0000] {dagbag.py:540} INFO - Filling up the DagBag from /home/airflow/.local/lib/python3.8/site-packages/airflow/example_dags/example_python_decorator.py
[2024-04-12T09:16:06.937+0000] {processor.py:840} INFO - DAG(s) 'example_python_decorator' retrieved from /home/airflow/.local/lib/python3.8/site-packages/airflow/example_dags/example_python_decorator.py
[2024-04-12T09:16:06.966+0000] {logging_mixin.py:188} INFO - [2024-04-12T09:16:06.965+0000] {dag.py:3047} INFO - Sync 1 DAGs
[2024-04-12T09:16:06.992+0000] {logging_mixin.py:188} INFO - [2024-04-12T09:16:06.991+0000] {dag.py:3834} INFO - Setting next_dagrun for example_python_decorator to None, run_after=None
[2024-04-12T09:16:07.047+0000] {processor.py:183} INFO - Processing /home/airflow/.local/lib/python3.8/site-packages/airflow/example_dags/example_python_decorator.py took 0.130 seconds
