[2024-04-12T09:01:23.946+0000] {processor.py:161} INFO - Started process (PID=56) to work on /home/airflow/.local/lib/python3.8/site-packages/airflow/example_dags/tutorial.py
[2024-04-12T09:01:23.950+0000] {processor.py:830} INFO - Processing file /home/airflow/.local/lib/python3.8/site-packages/airflow/example_dags/tutorial.py for tasks to queue
[2024-04-12T09:01:23.957+0000] {logging_mixin.py:188} INFO - [2024-04-12T09:01:23.955+0000] {dagbag.py:540} INFO - Filling up the DagBag from /home/airflow/.local/lib/python3.8/site-packages/airflow/example_dags/tutorial.py
[2024-04-12T09:01:23.974+0000] {processor.py:840} INFO - DAG(s) 'tutorial' retrieved from /home/airflow/.local/lib/python3.8/site-packages/airflow/example_dags/tutorial.py
[2024-04-12T09:01:24.200+0000] {logging_mixin.py:188} INFO - [2024-04-12T09:01:24.199+0000] {override.py:1769} INFO - Created Permission View: can read on DAG:tutorial
[2024-04-12T09:01:24.231+0000] {logging_mixin.py:188} INFO - [2024-04-12T09:01:24.230+0000] {override.py:1769} INFO - Created Permission View: can edit on DAG:tutorial
[2024-04-12T09:01:24.263+0000] {logging_mixin.py:188} INFO - [2024-04-12T09:01:24.262+0000] {override.py:1769} INFO - Created Permission View: can delete on DAG:tutorial
[2024-04-12T09:01:24.266+0000] {logging_mixin.py:188} INFO - [2024-04-12T09:01:24.265+0000] {dag.py:3047} INFO - Sync 1 DAGs
[2024-04-12T09:01:24.287+0000] {logging_mixin.py:188} INFO - [2024-04-12T09:01:24.286+0000] {dag.py:3069} INFO - Creating ORM DAG for tutorial
[2024-04-12T09:01:24.324+0000] {logging_mixin.py:188} INFO - [2024-04-12T09:01:24.323+0000] {dag.py:3834} INFO - Setting next_dagrun for tutorial to 2024-04-11 00:00:00+00:00, run_after=2024-04-12 00:00:00+00:00
[2024-04-12T09:01:24.390+0000] {processor.py:183} INFO - Processing /home/airflow/.local/lib/python3.8/site-packages/airflow/example_dags/tutorial.py took 0.452 seconds
[2024-04-12T09:01:55.003+0000] {processor.py:161} INFO - Started process (PID=112) to work on /home/airflow/.local/lib/python3.8/site-packages/airflow/example_dags/tutorial.py
[2024-04-12T09:01:55.008+0000] {processor.py:830} INFO - Processing file /home/airflow/.local/lib/python3.8/site-packages/airflow/example_dags/tutorial.py for tasks to queue
[2024-04-12T09:01:55.014+0000] {logging_mixin.py:188} INFO - [2024-04-12T09:01:55.013+0000] {dagbag.py:540} INFO - Filling up the DagBag from /home/airflow/.local/lib/python3.8/site-packages/airflow/example_dags/tutorial.py
[2024-04-12T09:01:55.030+0000] {processor.py:840} INFO - DAG(s) 'tutorial' retrieved from /home/airflow/.local/lib/python3.8/site-packages/airflow/example_dags/tutorial.py
[2024-04-12T09:01:55.090+0000] {logging_mixin.py:188} INFO - [2024-04-12T09:01:55.090+0000] {dag.py:3047} INFO - Sync 1 DAGs
[2024-04-12T09:01:55.159+0000] {logging_mixin.py:188} INFO - [2024-04-12T09:01:55.158+0000] {dag.py:3834} INFO - Setting next_dagrun for tutorial to 2024-04-11 00:00:00+00:00, run_after=2024-04-12 00:00:00+00:00
[2024-04-12T09:01:55.221+0000] {processor.py:183} INFO - Processing /home/airflow/.local/lib/python3.8/site-packages/airflow/example_dags/tutorial.py took 0.228 seconds
[2024-04-12T09:02:25.910+0000] {processor.py:161} INFO - Started process (PID=169) to work on /home/airflow/.local/lib/python3.8/site-packages/airflow/example_dags/tutorial.py
[2024-04-12T09:02:25.915+0000] {processor.py:830} INFO - Processing file /home/airflow/.local/lib/python3.8/site-packages/airflow/example_dags/tutorial.py for tasks to queue
[2024-04-12T09:02:25.930+0000] {logging_mixin.py:188} INFO - [2024-04-12T09:02:25.928+0000] {dagbag.py:540} INFO - Filling up the DagBag from /home/airflow/.local/lib/python3.8/site-packages/airflow/example_dags/tutorial.py
[2024-04-12T09:02:25.992+0000] {processor.py:840} INFO - DAG(s) 'tutorial' retrieved from /home/airflow/.local/lib/python3.8/site-packages/airflow/example_dags/tutorial.py
[2024-04-12T09:02:40.050+0000] {logging_mixin.py:188} INFO - [2024-04-12T09:02:40.034+0000] {dag.py:3047} INFO - Sync 1 DAGs
[2024-04-12T09:02:40.196+0000] {logging_mixin.py:188} INFO - [2024-04-12T09:02:40.195+0000] {dag.py:3834} INFO - Setting next_dagrun for tutorial to 2024-04-11 00:00:00+00:00, run_after=2024-04-12 00:00:00+00:00
[2024-04-12T09:02:40.251+0000] {processor.py:183} INFO - Processing /home/airflow/.local/lib/python3.8/site-packages/airflow/example_dags/tutorial.py took 14.354 seconds
[2024-04-12T09:03:10.796+0000] {processor.py:161} INFO - Started process (PID=230) to work on /home/airflow/.local/lib/python3.8/site-packages/airflow/example_dags/tutorial.py
[2024-04-12T09:03:10.799+0000] {processor.py:830} INFO - Processing file /home/airflow/.local/lib/python3.8/site-packages/airflow/example_dags/tutorial.py for tasks to queue
[2024-04-12T09:03:10.803+0000] {logging_mixin.py:188} INFO - [2024-04-12T09:03:10.803+0000] {dagbag.py:540} INFO - Filling up the DagBag from /home/airflow/.local/lib/python3.8/site-packages/airflow/example_dags/tutorial.py
[2024-04-12T09:03:10.811+0000] {processor.py:840} INFO - DAG(s) 'tutorial' retrieved from /home/airflow/.local/lib/python3.8/site-packages/airflow/example_dags/tutorial.py
[2024-04-12T09:03:10.840+0000] {logging_mixin.py:188} INFO - [2024-04-12T09:03:10.840+0000] {dag.py:3047} INFO - Sync 1 DAGs
[2024-04-12T09:03:10.872+0000] {logging_mixin.py:188} INFO - [2024-04-12T09:03:10.872+0000] {dag.py:3834} INFO - Setting next_dagrun for tutorial to 2024-04-11 00:00:00+00:00, run_after=2024-04-12 00:00:00+00:00
[2024-04-12T09:03:10.910+0000] {processor.py:183} INFO - Processing /home/airflow/.local/lib/python3.8/site-packages/airflow/example_dags/tutorial.py took 0.119 seconds
[2024-04-12T09:03:41.787+0000] {processor.py:161} INFO - Started process (PID=288) to work on /home/airflow/.local/lib/python3.8/site-packages/airflow/example_dags/tutorial.py
[2024-04-12T09:03:41.788+0000] {processor.py:830} INFO - Processing file /home/airflow/.local/lib/python3.8/site-packages/airflow/example_dags/tutorial.py for tasks to queue
[2024-04-12T09:03:41.790+0000] {logging_mixin.py:188} INFO - [2024-04-12T09:03:41.790+0000] {dagbag.py:540} INFO - Filling up the DagBag from /home/airflow/.local/lib/python3.8/site-packages/airflow/example_dags/tutorial.py
[2024-04-12T09:03:41.796+0000] {processor.py:840} INFO - DAG(s) 'tutorial' retrieved from /home/airflow/.local/lib/python3.8/site-packages/airflow/example_dags/tutorial.py
[2024-04-12T09:03:41.825+0000] {logging_mixin.py:188} INFO - [2024-04-12T09:03:41.825+0000] {dag.py:3047} INFO - Sync 1 DAGs
[2024-04-12T09:03:41.854+0000] {logging_mixin.py:188} INFO - [2024-04-12T09:03:41.854+0000] {dag.py:3834} INFO - Setting next_dagrun for tutorial to 2024-04-11 00:00:00+00:00, run_after=2024-04-12 00:00:00+00:00
[2024-04-12T09:03:41.889+0000] {processor.py:183} INFO - Processing /home/airflow/.local/lib/python3.8/site-packages/airflow/example_dags/tutorial.py took 0.106 seconds
[2024-04-12T09:04:11.981+0000] {processor.py:161} INFO - Started process (PID=346) to work on /home/airflow/.local/lib/python3.8/site-packages/airflow/example_dags/tutorial.py
[2024-04-12T09:04:11.982+0000] {processor.py:830} INFO - Processing file /home/airflow/.local/lib/python3.8/site-packages/airflow/example_dags/tutorial.py for tasks to queue
[2024-04-12T09:04:11.986+0000] {logging_mixin.py:188} INFO - [2024-04-12T09:04:11.986+0000] {dagbag.py:540} INFO - Filling up the DagBag from /home/airflow/.local/lib/python3.8/site-packages/airflow/example_dags/tutorial.py
[2024-04-12T09:04:11.997+0000] {processor.py:840} INFO - DAG(s) 'tutorial' retrieved from /home/airflow/.local/lib/python3.8/site-packages/airflow/example_dags/tutorial.py
[2024-04-12T09:04:12.030+0000] {logging_mixin.py:188} INFO - [2024-04-12T09:04:12.030+0000] {dag.py:3047} INFO - Sync 1 DAGs
[2024-04-12T09:04:12.064+0000] {logging_mixin.py:188} INFO - [2024-04-12T09:04:12.064+0000] {dag.py:3834} INFO - Setting next_dagrun for tutorial to 2024-04-11 00:00:00+00:00, run_after=2024-04-12 00:00:00+00:00
[2024-04-12T09:04:12.103+0000] {processor.py:183} INFO - Processing /home/airflow/.local/lib/python3.8/site-packages/airflow/example_dags/tutorial.py took 0.134 seconds
[2024-04-12T09:05:07.715+0000] {processor.py:161} INFO - Started process (PID=402) to work on /home/airflow/.local/lib/python3.8/site-packages/airflow/example_dags/tutorial.py
[2024-04-12T09:05:07.729+0000] {processor.py:830} INFO - Processing file /home/airflow/.local/lib/python3.8/site-packages/airflow/example_dags/tutorial.py for tasks to queue
[2024-04-12T09:05:07.763+0000] {logging_mixin.py:188} INFO - [2024-04-12T09:05:07.740+0000] {dagbag.py:540} INFO - Filling up the DagBag from /home/airflow/.local/lib/python3.8/site-packages/airflow/example_dags/tutorial.py
[2024-04-12T09:05:07.913+0000] {processor.py:840} INFO - DAG(s) 'tutorial' retrieved from /home/airflow/.local/lib/python3.8/site-packages/airflow/example_dags/tutorial.py
[2024-04-12T09:05:10.934+0000] {logging_mixin.py:188} INFO - [2024-04-12T09:05:10.918+0000] {dag.py:3047} INFO - Sync 1 DAGs
[2024-04-12T09:05:11.139+0000] {logging_mixin.py:188} INFO - [2024-04-12T09:05:11.137+0000] {dag.py:3834} INFO - Setting next_dagrun for tutorial to 2024-04-11 00:00:00+00:00, run_after=2024-04-12 00:00:00+00:00
[2024-04-12T09:05:11.206+0000] {processor.py:183} INFO - Processing /home/airflow/.local/lib/python3.8/site-packages/airflow/example_dags/tutorial.py took 3.006 seconds
[2024-04-12T09:05:41.344+0000] {processor.py:161} INFO - Started process (PID=460) to work on /home/airflow/.local/lib/python3.8/site-packages/airflow/example_dags/tutorial.py
[2024-04-12T09:05:41.346+0000] {processor.py:830} INFO - Processing file /home/airflow/.local/lib/python3.8/site-packages/airflow/example_dags/tutorial.py for tasks to queue
[2024-04-12T09:05:41.347+0000] {logging_mixin.py:188} INFO - [2024-04-12T09:05:41.347+0000] {dagbag.py:540} INFO - Filling up the DagBag from /home/airflow/.local/lib/python3.8/site-packages/airflow/example_dags/tutorial.py
[2024-04-12T09:05:41.362+0000] {processor.py:840} INFO - DAG(s) 'tutorial' retrieved from /home/airflow/.local/lib/python3.8/site-packages/airflow/example_dags/tutorial.py
[2024-04-12T09:05:41.400+0000] {logging_mixin.py:188} INFO - [2024-04-12T09:05:41.399+0000] {dag.py:3047} INFO - Sync 1 DAGs
[2024-04-12T09:05:41.432+0000] {logging_mixin.py:188} INFO - [2024-04-12T09:05:41.432+0000] {dag.py:3834} INFO - Setting next_dagrun for tutorial to 2024-04-11 00:00:00+00:00, run_after=2024-04-12 00:00:00+00:00
[2024-04-12T09:05:41.481+0000] {processor.py:183} INFO - Processing /home/airflow/.local/lib/python3.8/site-packages/airflow/example_dags/tutorial.py took 0.141 seconds
[2024-04-12T09:06:12.213+0000] {processor.py:161} INFO - Started process (PID=516) to work on /home/airflow/.local/lib/python3.8/site-packages/airflow/example_dags/tutorial.py
[2024-04-12T09:06:12.215+0000] {processor.py:830} INFO - Processing file /home/airflow/.local/lib/python3.8/site-packages/airflow/example_dags/tutorial.py for tasks to queue
[2024-04-12T09:06:12.216+0000] {logging_mixin.py:188} INFO - [2024-04-12T09:06:12.216+0000] {dagbag.py:540} INFO - Filling up the DagBag from /home/airflow/.local/lib/python3.8/site-packages/airflow/example_dags/tutorial.py
[2024-04-12T09:06:12.222+0000] {processor.py:840} INFO - DAG(s) 'tutorial' retrieved from /home/airflow/.local/lib/python3.8/site-packages/airflow/example_dags/tutorial.py
[2024-04-12T09:06:12.250+0000] {logging_mixin.py:188} INFO - [2024-04-12T09:06:12.250+0000] {dag.py:3047} INFO - Sync 1 DAGs
[2024-04-12T09:06:12.283+0000] {logging_mixin.py:188} INFO - [2024-04-12T09:06:12.282+0000] {dag.py:3834} INFO - Setting next_dagrun for tutorial to 2024-04-11 00:00:00+00:00, run_after=2024-04-12 00:00:00+00:00
[2024-04-12T09:06:12.310+0000] {processor.py:183} INFO - Processing /home/airflow/.local/lib/python3.8/site-packages/airflow/example_dags/tutorial.py took 0.100 seconds
[2024-04-12T09:06:42.506+0000] {processor.py:161} INFO - Started process (PID=574) to work on /home/airflow/.local/lib/python3.8/site-packages/airflow/example_dags/tutorial.py
[2024-04-12T09:06:42.507+0000] {processor.py:830} INFO - Processing file /home/airflow/.local/lib/python3.8/site-packages/airflow/example_dags/tutorial.py for tasks to queue
[2024-04-12T09:06:42.508+0000] {logging_mixin.py:188} INFO - [2024-04-12T09:06:42.508+0000] {dagbag.py:540} INFO - Filling up the DagBag from /home/airflow/.local/lib/python3.8/site-packages/airflow/example_dags/tutorial.py
[2024-04-12T09:06:42.515+0000] {processor.py:840} INFO - DAG(s) 'tutorial' retrieved from /home/airflow/.local/lib/python3.8/site-packages/airflow/example_dags/tutorial.py
[2024-04-12T09:06:42.543+0000] {logging_mixin.py:188} INFO - [2024-04-12T09:06:42.542+0000] {dag.py:3047} INFO - Sync 1 DAGs
[2024-04-12T09:06:42.569+0000] {logging_mixin.py:188} INFO - [2024-04-12T09:06:42.568+0000] {dag.py:3834} INFO - Setting next_dagrun for tutorial to 2024-04-11 00:00:00+00:00, run_after=2024-04-12 00:00:00+00:00
[2024-04-12T09:06:42.600+0000] {processor.py:183} INFO - Processing /home/airflow/.local/lib/python3.8/site-packages/airflow/example_dags/tutorial.py took 0.098 seconds
[2024-04-12T09:07:12.711+0000] {processor.py:161} INFO - Started process (PID=632) to work on /home/airflow/.local/lib/python3.8/site-packages/airflow/example_dags/tutorial.py
[2024-04-12T09:07:12.715+0000] {processor.py:830} INFO - Processing file /home/airflow/.local/lib/python3.8/site-packages/airflow/example_dags/tutorial.py for tasks to queue
[2024-04-12T09:07:12.719+0000] {logging_mixin.py:188} INFO - [2024-04-12T09:07:12.718+0000] {dagbag.py:540} INFO - Filling up the DagBag from /home/airflow/.local/lib/python3.8/site-packages/airflow/example_dags/tutorial.py
[2024-04-12T09:07:12.734+0000] {processor.py:840} INFO - DAG(s) 'tutorial' retrieved from /home/airflow/.local/lib/python3.8/site-packages/airflow/example_dags/tutorial.py
[2024-04-12T09:07:12.797+0000] {logging_mixin.py:188} INFO - [2024-04-12T09:07:12.795+0000] {dag.py:3047} INFO - Sync 1 DAGs
[2024-04-12T09:07:12.886+0000] {logging_mixin.py:188} INFO - [2024-04-12T09:07:12.886+0000] {dag.py:3834} INFO - Setting next_dagrun for tutorial to 2024-04-11 00:00:00+00:00, run_after=2024-04-12 00:00:00+00:00
[2024-04-12T09:07:12.951+0000] {processor.py:183} INFO - Processing /home/airflow/.local/lib/python3.8/site-packages/airflow/example_dags/tutorial.py took 0.246 seconds
[2024-04-12T09:07:43.158+0000] {processor.py:161} INFO - Started process (PID=696) to work on /home/airflow/.local/lib/python3.8/site-packages/airflow/example_dags/tutorial.py
[2024-04-12T09:07:43.160+0000] {processor.py:830} INFO - Processing file /home/airflow/.local/lib/python3.8/site-packages/airflow/example_dags/tutorial.py for tasks to queue
[2024-04-12T09:07:43.163+0000] {logging_mixin.py:188} INFO - [2024-04-12T09:07:43.162+0000] {dagbag.py:540} INFO - Filling up the DagBag from /home/airflow/.local/lib/python3.8/site-packages/airflow/example_dags/tutorial.py
[2024-04-12T09:07:43.177+0000] {processor.py:840} INFO - DAG(s) 'tutorial' retrieved from /home/airflow/.local/lib/python3.8/site-packages/airflow/example_dags/tutorial.py
[2024-04-12T09:07:43.228+0000] {logging_mixin.py:188} INFO - [2024-04-12T09:07:43.227+0000] {dag.py:3047} INFO - Sync 1 DAGs
[2024-04-12T09:07:43.314+0000] {logging_mixin.py:188} INFO - [2024-04-12T09:07:43.313+0000] {dag.py:3834} INFO - Setting next_dagrun for tutorial to 2024-04-11 00:00:00+00:00, run_after=2024-04-12 00:00:00+00:00
[2024-04-12T09:07:43.369+0000] {processor.py:183} INFO - Processing /home/airflow/.local/lib/python3.8/site-packages/airflow/example_dags/tutorial.py took 0.216 seconds
[2024-04-12T09:08:13.599+0000] {processor.py:161} INFO - Started process (PID=754) to work on /home/airflow/.local/lib/python3.8/site-packages/airflow/example_dags/tutorial.py
[2024-04-12T09:08:13.601+0000] {processor.py:830} INFO - Processing file /home/airflow/.local/lib/python3.8/site-packages/airflow/example_dags/tutorial.py for tasks to queue
[2024-04-12T09:08:13.602+0000] {logging_mixin.py:188} INFO - [2024-04-12T09:08:13.601+0000] {dagbag.py:540} INFO - Filling up the DagBag from /home/airflow/.local/lib/python3.8/site-packages/airflow/example_dags/tutorial.py
[2024-04-12T09:08:13.608+0000] {processor.py:840} INFO - DAG(s) 'tutorial' retrieved from /home/airflow/.local/lib/python3.8/site-packages/airflow/example_dags/tutorial.py
[2024-04-12T09:08:13.632+0000] {logging_mixin.py:188} INFO - [2024-04-12T09:08:13.632+0000] {dag.py:3047} INFO - Sync 1 DAGs
[2024-04-12T09:08:13.660+0000] {logging_mixin.py:188} INFO - [2024-04-12T09:08:13.660+0000] {dag.py:3834} INFO - Setting next_dagrun for tutorial to 2024-04-11 00:00:00+00:00, run_after=2024-04-12 00:00:00+00:00
[2024-04-12T09:08:13.687+0000] {processor.py:183} INFO - Processing /home/airflow/.local/lib/python3.8/site-packages/airflow/example_dags/tutorial.py took 0.091 seconds
[2024-04-12T09:08:43.932+0000] {processor.py:161} INFO - Started process (PID=812) to work on /home/airflow/.local/lib/python3.8/site-packages/airflow/example_dags/tutorial.py
[2024-04-12T09:08:43.933+0000] {processor.py:830} INFO - Processing file /home/airflow/.local/lib/python3.8/site-packages/airflow/example_dags/tutorial.py for tasks to queue
[2024-04-12T09:08:43.934+0000] {logging_mixin.py:188} INFO - [2024-04-12T09:08:43.934+0000] {dagbag.py:540} INFO - Filling up the DagBag from /home/airflow/.local/lib/python3.8/site-packages/airflow/example_dags/tutorial.py
[2024-04-12T09:08:43.942+0000] {processor.py:840} INFO - DAG(s) 'tutorial' retrieved from /home/airflow/.local/lib/python3.8/site-packages/airflow/example_dags/tutorial.py
[2024-04-12T09:08:43.966+0000] {logging_mixin.py:188} INFO - [2024-04-12T09:08:43.966+0000] {dag.py:3047} INFO - Sync 1 DAGs
[2024-04-12T09:08:43.990+0000] {logging_mixin.py:188} INFO - [2024-04-12T09:08:43.990+0000] {dag.py:3834} INFO - Setting next_dagrun for tutorial to 2024-04-11 00:00:00+00:00, run_after=2024-04-12 00:00:00+00:00
[2024-04-12T09:08:44.022+0000] {processor.py:183} INFO - Processing /home/airflow/.local/lib/python3.8/site-packages/airflow/example_dags/tutorial.py took 0.094 seconds
[2024-04-12T09:09:14.612+0000] {processor.py:161} INFO - Started process (PID=870) to work on /home/airflow/.local/lib/python3.8/site-packages/airflow/example_dags/tutorial.py
[2024-04-12T09:09:14.613+0000] {processor.py:830} INFO - Processing file /home/airflow/.local/lib/python3.8/site-packages/airflow/example_dags/tutorial.py for tasks to queue
[2024-04-12T09:09:14.615+0000] {logging_mixin.py:188} INFO - [2024-04-12T09:09:14.614+0000] {dagbag.py:540} INFO - Filling up the DagBag from /home/airflow/.local/lib/python3.8/site-packages/airflow/example_dags/tutorial.py
[2024-04-12T09:09:14.624+0000] {processor.py:840} INFO - DAG(s) 'tutorial' retrieved from /home/airflow/.local/lib/python3.8/site-packages/airflow/example_dags/tutorial.py
[2024-04-12T09:09:14.656+0000] {logging_mixin.py:188} INFO - [2024-04-12T09:09:14.656+0000] {dag.py:3047} INFO - Sync 1 DAGs
[2024-04-12T09:09:14.684+0000] {logging_mixin.py:188} INFO - [2024-04-12T09:09:14.684+0000] {dag.py:3834} INFO - Setting next_dagrun for tutorial to 2024-04-11 00:00:00+00:00, run_after=2024-04-12 00:00:00+00:00
[2024-04-12T09:09:14.715+0000] {processor.py:183} INFO - Processing /home/airflow/.local/lib/python3.8/site-packages/airflow/example_dags/tutorial.py took 0.107 seconds
[2024-04-12T09:09:45.365+0000] {processor.py:161} INFO - Started process (PID=928) to work on /home/airflow/.local/lib/python3.8/site-packages/airflow/example_dags/tutorial.py
[2024-04-12T09:09:45.366+0000] {processor.py:830} INFO - Processing file /home/airflow/.local/lib/python3.8/site-packages/airflow/example_dags/tutorial.py for tasks to queue
[2024-04-12T09:09:45.367+0000] {logging_mixin.py:188} INFO - [2024-04-12T09:09:45.367+0000] {dagbag.py:540} INFO - Filling up the DagBag from /home/airflow/.local/lib/python3.8/site-packages/airflow/example_dags/tutorial.py
[2024-04-12T09:09:45.381+0000] {processor.py:840} INFO - DAG(s) 'tutorial' retrieved from /home/airflow/.local/lib/python3.8/site-packages/airflow/example_dags/tutorial.py
[2024-04-12T09:09:45.474+0000] {logging_mixin.py:188} INFO - [2024-04-12T09:09:45.472+0000] {dag.py:3047} INFO - Sync 1 DAGs
[2024-04-12T09:09:45.536+0000] {logging_mixin.py:188} INFO - [2024-04-12T09:09:45.535+0000] {dag.py:3834} INFO - Setting next_dagrun for tutorial to 2024-04-11 00:00:00+00:00, run_after=2024-04-12 00:00:00+00:00
[2024-04-12T09:09:45.596+0000] {processor.py:183} INFO - Processing /home/airflow/.local/lib/python3.8/site-packages/airflow/example_dags/tutorial.py took 0.244 seconds
[2024-04-12T09:10:16.425+0000] {processor.py:161} INFO - Started process (PID=986) to work on /home/airflow/.local/lib/python3.8/site-packages/airflow/example_dags/tutorial.py
[2024-04-12T09:10:16.440+0000] {processor.py:830} INFO - Processing file /home/airflow/.local/lib/python3.8/site-packages/airflow/example_dags/tutorial.py for tasks to queue
[2024-04-12T09:10:16.450+0000] {logging_mixin.py:188} INFO - [2024-04-12T09:10:16.445+0000] {dagbag.py:540} INFO - Filling up the DagBag from /home/airflow/.local/lib/python3.8/site-packages/airflow/example_dags/tutorial.py
[2024-04-12T09:10:16.559+0000] {processor.py:840} INFO - DAG(s) 'tutorial' retrieved from /home/airflow/.local/lib/python3.8/site-packages/airflow/example_dags/tutorial.py
[2024-04-12T09:10:16.712+0000] {logging_mixin.py:188} INFO - [2024-04-12T09:10:16.711+0000] {dag.py:3047} INFO - Sync 1 DAGs
[2024-04-12T09:10:16.889+0000] {logging_mixin.py:188} INFO - [2024-04-12T09:10:16.888+0000] {dag.py:3834} INFO - Setting next_dagrun for tutorial to 2024-04-11 00:00:00+00:00, run_after=2024-04-12 00:00:00+00:00
[2024-04-12T09:10:17.031+0000] {processor.py:183} INFO - Processing /home/airflow/.local/lib/python3.8/site-packages/airflow/example_dags/tutorial.py took 0.669 seconds
[2024-04-12T09:10:49.887+0000] {processor.py:161} INFO - Started process (PID=1039) to work on /home/airflow/.local/lib/python3.8/site-packages/airflow/example_dags/tutorial.py
[2024-04-12T09:10:49.890+0000] {processor.py:830} INFO - Processing file /home/airflow/.local/lib/python3.8/site-packages/airflow/example_dags/tutorial.py for tasks to queue
[2024-04-12T09:10:49.894+0000] {logging_mixin.py:188} INFO - [2024-04-12T09:10:49.892+0000] {dagbag.py:540} INFO - Filling up the DagBag from /home/airflow/.local/lib/python3.8/site-packages/airflow/example_dags/tutorial.py
[2024-04-12T09:10:49.908+0000] {processor.py:840} INFO - DAG(s) 'tutorial' retrieved from /home/airflow/.local/lib/python3.8/site-packages/airflow/example_dags/tutorial.py
[2024-04-12T09:10:50.045+0000] {logging_mixin.py:188} INFO - [2024-04-12T09:10:50.044+0000] {dag.py:3047} INFO - Sync 1 DAGs
[2024-04-12T09:10:50.090+0000] {logging_mixin.py:188} INFO - [2024-04-12T09:10:50.090+0000] {dag.py:3834} INFO - Setting next_dagrun for tutorial to 2024-04-11 00:00:00+00:00, run_after=2024-04-12 00:00:00+00:00
[2024-04-12T09:10:50.170+0000] {processor.py:183} INFO - Processing /home/airflow/.local/lib/python3.8/site-packages/airflow/example_dags/tutorial.py took 0.290 seconds
[2024-04-12T09:11:21.723+0000] {processor.py:161} INFO - Started process (PID=1101) to work on /home/airflow/.local/lib/python3.8/site-packages/airflow/example_dags/tutorial.py
[2024-04-12T09:11:21.725+0000] {processor.py:830} INFO - Processing file /home/airflow/.local/lib/python3.8/site-packages/airflow/example_dags/tutorial.py for tasks to queue
[2024-04-12T09:11:21.726+0000] {logging_mixin.py:188} INFO - [2024-04-12T09:11:21.726+0000] {dagbag.py:540} INFO - Filling up the DagBag from /home/airflow/.local/lib/python3.8/site-packages/airflow/example_dags/tutorial.py
[2024-04-12T09:11:21.734+0000] {processor.py:840} INFO - DAG(s) 'tutorial' retrieved from /home/airflow/.local/lib/python3.8/site-packages/airflow/example_dags/tutorial.py
[2024-04-12T09:11:21.755+0000] {logging_mixin.py:188} INFO - [2024-04-12T09:11:21.754+0000] {dag.py:3047} INFO - Sync 1 DAGs
[2024-04-12T09:11:21.783+0000] {logging_mixin.py:188} INFO - [2024-04-12T09:11:21.783+0000] {dag.py:3834} INFO - Setting next_dagrun for tutorial to 2024-04-11 00:00:00+00:00, run_after=2024-04-12 00:00:00+00:00
[2024-04-12T09:11:21.812+0000] {processor.py:183} INFO - Processing /home/airflow/.local/lib/python3.8/site-packages/airflow/example_dags/tutorial.py took 0.091 seconds
[2024-04-12T09:11:52.573+0000] {processor.py:161} INFO - Started process (PID=1160) to work on /home/airflow/.local/lib/python3.8/site-packages/airflow/example_dags/tutorial.py
[2024-04-12T09:11:52.575+0000] {processor.py:830} INFO - Processing file /home/airflow/.local/lib/python3.8/site-packages/airflow/example_dags/tutorial.py for tasks to queue
[2024-04-12T09:11:52.577+0000] {logging_mixin.py:188} INFO - [2024-04-12T09:11:52.576+0000] {dagbag.py:540} INFO - Filling up the DagBag from /home/airflow/.local/lib/python3.8/site-packages/airflow/example_dags/tutorial.py
[2024-04-12T09:11:52.583+0000] {processor.py:840} INFO - DAG(s) 'tutorial' retrieved from /home/airflow/.local/lib/python3.8/site-packages/airflow/example_dags/tutorial.py
[2024-04-12T09:11:52.605+0000] {logging_mixin.py:188} INFO - [2024-04-12T09:11:52.605+0000] {dag.py:3047} INFO - Sync 1 DAGs
[2024-04-12T09:11:52.634+0000] {logging_mixin.py:188} INFO - [2024-04-12T09:11:52.633+0000] {dag.py:3834} INFO - Setting next_dagrun for tutorial to 2024-04-11 00:00:00+00:00, run_after=2024-04-12 00:00:00+00:00
[2024-04-12T09:11:52.673+0000] {processor.py:183} INFO - Processing /home/airflow/.local/lib/python3.8/site-packages/airflow/example_dags/tutorial.py took 0.103 seconds
[2024-04-12T09:12:23.716+0000] {processor.py:161} INFO - Started process (PID=1220) to work on /home/airflow/.local/lib/python3.8/site-packages/airflow/example_dags/tutorial.py
[2024-04-12T09:12:23.717+0000] {processor.py:830} INFO - Processing file /home/airflow/.local/lib/python3.8/site-packages/airflow/example_dags/tutorial.py for tasks to queue
[2024-04-12T09:12:23.719+0000] {logging_mixin.py:188} INFO - [2024-04-12T09:12:23.718+0000] {dagbag.py:540} INFO - Filling up the DagBag from /home/airflow/.local/lib/python3.8/site-packages/airflow/example_dags/tutorial.py
[2024-04-12T09:12:23.725+0000] {processor.py:840} INFO - DAG(s) 'tutorial' retrieved from /home/airflow/.local/lib/python3.8/site-packages/airflow/example_dags/tutorial.py
[2024-04-12T09:12:23.752+0000] {logging_mixin.py:188} INFO - [2024-04-12T09:12:23.751+0000] {dag.py:3047} INFO - Sync 1 DAGs
[2024-04-12T09:12:23.776+0000] {logging_mixin.py:188} INFO - [2024-04-12T09:12:23.776+0000] {dag.py:3834} INFO - Setting next_dagrun for tutorial to 2024-04-11 00:00:00+00:00, run_after=2024-04-12 00:00:00+00:00
[2024-04-12T09:12:23.804+0000] {processor.py:183} INFO - Processing /home/airflow/.local/lib/python3.8/site-packages/airflow/example_dags/tutorial.py took 0.092 seconds
[2024-04-12T09:12:54.868+0000] {processor.py:161} INFO - Started process (PID=1278) to work on /home/airflow/.local/lib/python3.8/site-packages/airflow/example_dags/tutorial.py
[2024-04-12T09:12:54.870+0000] {processor.py:830} INFO - Processing file /home/airflow/.local/lib/python3.8/site-packages/airflow/example_dags/tutorial.py for tasks to queue
[2024-04-12T09:12:54.872+0000] {logging_mixin.py:188} INFO - [2024-04-12T09:12:54.871+0000] {dagbag.py:540} INFO - Filling up the DagBag from /home/airflow/.local/lib/python3.8/site-packages/airflow/example_dags/tutorial.py
[2024-04-12T09:12:54.883+0000] {processor.py:840} INFO - DAG(s) 'tutorial' retrieved from /home/airflow/.local/lib/python3.8/site-packages/airflow/example_dags/tutorial.py
[2024-04-12T09:12:54.914+0000] {logging_mixin.py:188} INFO - [2024-04-12T09:12:54.913+0000] {dag.py:3047} INFO - Sync 1 DAGs
[2024-04-12T09:12:54.983+0000] {logging_mixin.py:188} INFO - [2024-04-12T09:12:54.982+0000] {dag.py:3834} INFO - Setting next_dagrun for tutorial to 2024-04-11 00:00:00+00:00, run_after=2024-04-12 00:00:00+00:00
[2024-04-12T09:12:55.101+0000] {processor.py:183} INFO - Processing /home/airflow/.local/lib/python3.8/site-packages/airflow/example_dags/tutorial.py took 0.238 seconds
[2024-04-12T09:13:25.326+0000] {processor.py:161} INFO - Started process (PID=1336) to work on /home/airflow/.local/lib/python3.8/site-packages/airflow/example_dags/tutorial.py
[2024-04-12T09:13:25.327+0000] {processor.py:830} INFO - Processing file /home/airflow/.local/lib/python3.8/site-packages/airflow/example_dags/tutorial.py for tasks to queue
[2024-04-12T09:13:25.328+0000] {logging_mixin.py:188} INFO - [2024-04-12T09:13:25.327+0000] {dagbag.py:540} INFO - Filling up the DagBag from /home/airflow/.local/lib/python3.8/site-packages/airflow/example_dags/tutorial.py
[2024-04-12T09:13:25.334+0000] {processor.py:840} INFO - DAG(s) 'tutorial' retrieved from /home/airflow/.local/lib/python3.8/site-packages/airflow/example_dags/tutorial.py
[2024-04-12T09:13:25.360+0000] {logging_mixin.py:188} INFO - [2024-04-12T09:13:25.359+0000] {dag.py:3047} INFO - Sync 1 DAGs
[2024-04-12T09:13:25.389+0000] {logging_mixin.py:188} INFO - [2024-04-12T09:13:25.389+0000] {dag.py:3834} INFO - Setting next_dagrun for tutorial to 2024-04-11 00:00:00+00:00, run_after=2024-04-12 00:00:00+00:00
[2024-04-12T09:13:25.422+0000] {processor.py:183} INFO - Processing /home/airflow/.local/lib/python3.8/site-packages/airflow/example_dags/tutorial.py took 0.100 seconds
[2024-04-12T09:13:56.137+0000] {processor.py:161} INFO - Started process (PID=1395) to work on /home/airflow/.local/lib/python3.8/site-packages/airflow/example_dags/tutorial.py
[2024-04-12T09:13:56.138+0000] {processor.py:830} INFO - Processing file /home/airflow/.local/lib/python3.8/site-packages/airflow/example_dags/tutorial.py for tasks to queue
[2024-04-12T09:13:56.139+0000] {logging_mixin.py:188} INFO - [2024-04-12T09:13:56.139+0000] {dagbag.py:540} INFO - Filling up the DagBag from /home/airflow/.local/lib/python3.8/site-packages/airflow/example_dags/tutorial.py
[2024-04-12T09:13:56.147+0000] {processor.py:840} INFO - DAG(s) 'tutorial' retrieved from /home/airflow/.local/lib/python3.8/site-packages/airflow/example_dags/tutorial.py
[2024-04-12T09:13:56.172+0000] {logging_mixin.py:188} INFO - [2024-04-12T09:13:56.172+0000] {dag.py:3047} INFO - Sync 1 DAGs
[2024-04-12T09:13:56.198+0000] {logging_mixin.py:188} INFO - [2024-04-12T09:13:56.198+0000] {dag.py:3834} INFO - Setting next_dagrun for tutorial to 2024-04-11 00:00:00+00:00, run_after=2024-04-12 00:00:00+00:00
[2024-04-12T09:13:56.221+0000] {processor.py:183} INFO - Processing /home/airflow/.local/lib/python3.8/site-packages/airflow/example_dags/tutorial.py took 0.087 seconds
[2024-04-12T09:14:26.614+0000] {processor.py:161} INFO - Started process (PID=1453) to work on /home/airflow/.local/lib/python3.8/site-packages/airflow/example_dags/tutorial.py
[2024-04-12T09:14:26.615+0000] {processor.py:830} INFO - Processing file /home/airflow/.local/lib/python3.8/site-packages/airflow/example_dags/tutorial.py for tasks to queue
[2024-04-12T09:14:26.617+0000] {logging_mixin.py:188} INFO - [2024-04-12T09:14:26.617+0000] {dagbag.py:540} INFO - Filling up the DagBag from /home/airflow/.local/lib/python3.8/site-packages/airflow/example_dags/tutorial.py
[2024-04-12T09:14:26.626+0000] {processor.py:840} INFO - DAG(s) 'tutorial' retrieved from /home/airflow/.local/lib/python3.8/site-packages/airflow/example_dags/tutorial.py
[2024-04-12T09:14:26.648+0000] {logging_mixin.py:188} INFO - [2024-04-12T09:14:26.648+0000] {dag.py:3047} INFO - Sync 1 DAGs
[2024-04-12T09:14:26.676+0000] {logging_mixin.py:188} INFO - [2024-04-12T09:14:26.675+0000] {dag.py:3834} INFO - Setting next_dagrun for tutorial to 2024-04-11 00:00:00+00:00, run_after=2024-04-12 00:00:00+00:00
[2024-04-12T09:14:26.703+0000] {processor.py:183} INFO - Processing /home/airflow/.local/lib/python3.8/site-packages/airflow/example_dags/tutorial.py took 0.092 seconds
[2024-04-12T09:14:56.866+0000] {processor.py:161} INFO - Started process (PID=1511) to work on /home/airflow/.local/lib/python3.8/site-packages/airflow/example_dags/tutorial.py
[2024-04-12T09:14:56.868+0000] {processor.py:830} INFO - Processing file /home/airflow/.local/lib/python3.8/site-packages/airflow/example_dags/tutorial.py for tasks to queue
[2024-04-12T09:14:56.869+0000] {logging_mixin.py:188} INFO - [2024-04-12T09:14:56.869+0000] {dagbag.py:540} INFO - Filling up the DagBag from /home/airflow/.local/lib/python3.8/site-packages/airflow/example_dags/tutorial.py
[2024-04-12T09:14:56.877+0000] {processor.py:840} INFO - DAG(s) 'tutorial' retrieved from /home/airflow/.local/lib/python3.8/site-packages/airflow/example_dags/tutorial.py
[2024-04-12T09:14:56.902+0000] {logging_mixin.py:188} INFO - [2024-04-12T09:14:56.902+0000] {dag.py:3047} INFO - Sync 1 DAGs
[2024-04-12T09:14:56.934+0000] {logging_mixin.py:188} INFO - [2024-04-12T09:14:56.933+0000] {dag.py:3834} INFO - Setting next_dagrun for tutorial to 2024-04-11 00:00:00+00:00, run_after=2024-04-12 00:00:00+00:00
[2024-04-12T09:14:56.967+0000] {processor.py:183} INFO - Processing /home/airflow/.local/lib/python3.8/site-packages/airflow/example_dags/tutorial.py took 0.105 seconds
[2024-04-12T09:15:28.020+0000] {processor.py:161} INFO - Started process (PID=1569) to work on /home/airflow/.local/lib/python3.8/site-packages/airflow/example_dags/tutorial.py
[2024-04-12T09:15:28.023+0000] {processor.py:830} INFO - Processing file /home/airflow/.local/lib/python3.8/site-packages/airflow/example_dags/tutorial.py for tasks to queue
[2024-04-12T09:15:28.027+0000] {logging_mixin.py:188} INFO - [2024-04-12T09:15:28.026+0000] {dagbag.py:540} INFO - Filling up the DagBag from /home/airflow/.local/lib/python3.8/site-packages/airflow/example_dags/tutorial.py
[2024-04-12T09:15:28.044+0000] {processor.py:840} INFO - DAG(s) 'tutorial' retrieved from /home/airflow/.local/lib/python3.8/site-packages/airflow/example_dags/tutorial.py
[2024-04-12T09:15:28.091+0000] {logging_mixin.py:188} INFO - [2024-04-12T09:15:28.090+0000] {dag.py:3047} INFO - Sync 1 DAGs
[2024-04-12T09:15:28.156+0000] {logging_mixin.py:188} INFO - [2024-04-12T09:15:28.156+0000] {dag.py:3834} INFO - Setting next_dagrun for tutorial to 2024-04-11 00:00:00+00:00, run_after=2024-04-12 00:00:00+00:00
[2024-04-12T09:15:28.213+0000] {processor.py:183} INFO - Processing /home/airflow/.local/lib/python3.8/site-packages/airflow/example_dags/tutorial.py took 0.199 seconds
[2024-04-12T09:15:58.360+0000] {processor.py:161} INFO - Started process (PID=1627) to work on /home/airflow/.local/lib/python3.8/site-packages/airflow/example_dags/tutorial.py
[2024-04-12T09:15:58.362+0000] {processor.py:830} INFO - Processing file /home/airflow/.local/lib/python3.8/site-packages/airflow/example_dags/tutorial.py for tasks to queue
[2024-04-12T09:15:58.363+0000] {logging_mixin.py:188} INFO - [2024-04-12T09:15:58.362+0000] {dagbag.py:540} INFO - Filling up the DagBag from /home/airflow/.local/lib/python3.8/site-packages/airflow/example_dags/tutorial.py
[2024-04-12T09:15:58.369+0000] {processor.py:840} INFO - DAG(s) 'tutorial' retrieved from /home/airflow/.local/lib/python3.8/site-packages/airflow/example_dags/tutorial.py
[2024-04-12T09:15:58.392+0000] {logging_mixin.py:188} INFO - [2024-04-12T09:15:58.392+0000] {dag.py:3047} INFO - Sync 1 DAGs
[2024-04-12T09:15:58.415+0000] {logging_mixin.py:188} INFO - [2024-04-12T09:15:58.415+0000] {dag.py:3834} INFO - Setting next_dagrun for tutorial to 2024-04-11 00:00:00+00:00, run_after=2024-04-12 00:00:00+00:00
[2024-04-12T09:15:58.442+0000] {processor.py:183} INFO - Processing /home/airflow/.local/lib/python3.8/site-packages/airflow/example_dags/tutorial.py took 0.084 seconds
