[2024-04-12T09:01:34.135+0000] {processor.py:161} INFO - Started process (PID=83) to work on /home/airflow/.local/lib/python3.8/site-packages/airflow/example_dags/tutorial_dag.py
[2024-04-12T09:01:34.136+0000] {processor.py:830} INFO - Processing file /home/airflow/.local/lib/python3.8/site-packages/airflow/example_dags/tutorial_dag.py for tasks to queue
[2024-04-12T09:01:34.138+0000] {logging_mixin.py:188} INFO - [2024-04-12T09:01:34.138+0000] {dagbag.py:540} INFO - Filling up the DagBag from /home/airflow/.local/lib/python3.8/site-packages/airflow/example_dags/tutorial_dag.py
[2024-04-12T09:01:34.146+0000] {processor.py:840} INFO - DAG(s) 'tutorial_dag' retrieved from /home/airflow/.local/lib/python3.8/site-packages/airflow/example_dags/tutorial_dag.py
[2024-04-12T09:01:34.280+0000] {logging_mixin.py:188} INFO - [2024-04-12T09:01:34.279+0000] {override.py:1769} INFO - Created Permission View: can read on DAG:tutorial_dag
[2024-04-12T09:01:34.300+0000] {logging_mixin.py:188} INFO - [2024-04-12T09:01:34.299+0000] {override.py:1769} INFO - Created Permission View: can edit on DAG:tutorial_dag
[2024-04-12T09:01:34.317+0000] {logging_mixin.py:188} INFO - [2024-04-12T09:01:34.317+0000] {override.py:1769} INFO - Created Permission View: can delete on DAG:tutorial_dag
[2024-04-12T09:01:34.318+0000] {logging_mixin.py:188} INFO - [2024-04-12T09:01:34.318+0000] {dag.py:3047} INFO - Sync 1 DAGs
[2024-04-12T09:01:34.344+0000] {logging_mixin.py:188} INFO - [2024-04-12T09:01:34.344+0000] {dag.py:3069} INFO - Creating ORM DAG for tutorial_dag
[2024-04-12T09:01:34.346+0000] {logging_mixin.py:188} INFO - [2024-04-12T09:01:34.346+0000] {dag.py:3834} INFO - Setting next_dagrun for tutorial_dag to None, run_after=None
[2024-04-12T09:01:34.386+0000] {processor.py:183} INFO - Processing /home/airflow/.local/lib/python3.8/site-packages/airflow/example_dags/tutorial_dag.py took 0.254 seconds
[2024-04-12T09:02:06.693+0000] {processor.py:161} INFO - Started process (PID=141) to work on /home/airflow/.local/lib/python3.8/site-packages/airflow/example_dags/tutorial_dag.py
[2024-04-12T09:02:06.698+0000] {processor.py:830} INFO - Processing file /home/airflow/.local/lib/python3.8/site-packages/airflow/example_dags/tutorial_dag.py for tasks to queue
[2024-04-12T09:02:06.708+0000] {logging_mixin.py:188} INFO - [2024-04-12T09:02:06.706+0000] {dagbag.py:540} INFO - Filling up the DagBag from /home/airflow/.local/lib/python3.8/site-packages/airflow/example_dags/tutorial_dag.py
[2024-04-12T09:02:06.725+0000] {processor.py:840} INFO - DAG(s) 'tutorial_dag' retrieved from /home/airflow/.local/lib/python3.8/site-packages/airflow/example_dags/tutorial_dag.py
[2024-04-12T09:02:06.792+0000] {logging_mixin.py:188} INFO - [2024-04-12T09:02:06.791+0000] {dag.py:3047} INFO - Sync 1 DAGs
[2024-04-12T09:02:06.863+0000] {logging_mixin.py:188} INFO - [2024-04-12T09:02:06.862+0000] {dag.py:3834} INFO - Setting next_dagrun for tutorial_dag to None, run_after=None
[2024-04-12T09:02:06.992+0000] {processor.py:183} INFO - Processing /home/airflow/.local/lib/python3.8/site-packages/airflow/example_dags/tutorial_dag.py took 0.307 seconds
[2024-04-12T09:02:46.201+0000] {processor.py:161} INFO - Started process (PID=205) to work on /home/airflow/.local/lib/python3.8/site-packages/airflow/example_dags/tutorial_dag.py
[2024-04-12T09:02:46.204+0000] {processor.py:830} INFO - Processing file /home/airflow/.local/lib/python3.8/site-packages/airflow/example_dags/tutorial_dag.py for tasks to queue
[2024-04-12T09:02:46.207+0000] {logging_mixin.py:188} INFO - [2024-04-12T09:02:46.207+0000] {dagbag.py:540} INFO - Filling up the DagBag from /home/airflow/.local/lib/python3.8/site-packages/airflow/example_dags/tutorial_dag.py
[2024-04-12T09:02:46.217+0000] {processor.py:840} INFO - DAG(s) 'tutorial_dag' retrieved from /home/airflow/.local/lib/python3.8/site-packages/airflow/example_dags/tutorial_dag.py
[2024-04-12T09:02:46.243+0000] {logging_mixin.py:188} INFO - [2024-04-12T09:02:46.242+0000] {dag.py:3047} INFO - Sync 1 DAGs
[2024-04-12T09:02:46.258+0000] {logging_mixin.py:188} INFO - [2024-04-12T09:02:46.257+0000] {dag.py:3834} INFO - Setting next_dagrun for tutorial_dag to None, run_after=None
[2024-04-12T09:02:46.295+0000] {processor.py:183} INFO - Processing /home/airflow/.local/lib/python3.8/site-packages/airflow/example_dags/tutorial_dag.py took 0.097 seconds
[2024-04-12T09:03:17.571+0000] {processor.py:161} INFO - Started process (PID=263) to work on /home/airflow/.local/lib/python3.8/site-packages/airflow/example_dags/tutorial_dag.py
[2024-04-12T09:03:17.573+0000] {processor.py:830} INFO - Processing file /home/airflow/.local/lib/python3.8/site-packages/airflow/example_dags/tutorial_dag.py for tasks to queue
[2024-04-12T09:03:17.576+0000] {logging_mixin.py:188} INFO - [2024-04-12T09:03:17.575+0000] {dagbag.py:540} INFO - Filling up the DagBag from /home/airflow/.local/lib/python3.8/site-packages/airflow/example_dags/tutorial_dag.py
[2024-04-12T09:03:17.584+0000] {processor.py:840} INFO - DAG(s) 'tutorial_dag' retrieved from /home/airflow/.local/lib/python3.8/site-packages/airflow/example_dags/tutorial_dag.py
[2024-04-12T09:03:17.625+0000] {logging_mixin.py:188} INFO - [2024-04-12T09:03:17.624+0000] {dag.py:3047} INFO - Sync 1 DAGs
[2024-04-12T09:03:17.648+0000] {logging_mixin.py:188} INFO - [2024-04-12T09:03:17.647+0000] {dag.py:3834} INFO - Setting next_dagrun for tutorial_dag to None, run_after=None
[2024-04-12T09:03:17.702+0000] {processor.py:183} INFO - Processing /home/airflow/.local/lib/python3.8/site-packages/airflow/example_dags/tutorial_dag.py took 0.134 seconds
[2024-04-12T09:03:48.104+0000] {processor.py:161} INFO - Started process (PID=321) to work on /home/airflow/.local/lib/python3.8/site-packages/airflow/example_dags/tutorial_dag.py
[2024-04-12T09:03:48.106+0000] {processor.py:830} INFO - Processing file /home/airflow/.local/lib/python3.8/site-packages/airflow/example_dags/tutorial_dag.py for tasks to queue
[2024-04-12T09:03:48.110+0000] {logging_mixin.py:188} INFO - [2024-04-12T09:03:48.109+0000] {dagbag.py:540} INFO - Filling up the DagBag from /home/airflow/.local/lib/python3.8/site-packages/airflow/example_dags/tutorial_dag.py
[2024-04-12T09:03:48.119+0000] {processor.py:840} INFO - DAG(s) 'tutorial_dag' retrieved from /home/airflow/.local/lib/python3.8/site-packages/airflow/example_dags/tutorial_dag.py
[2024-04-12T09:03:48.143+0000] {logging_mixin.py:188} INFO - [2024-04-12T09:03:48.143+0000] {dag.py:3047} INFO - Sync 1 DAGs
[2024-04-12T09:03:48.161+0000] {logging_mixin.py:188} INFO - [2024-04-12T09:03:48.161+0000] {dag.py:3834} INFO - Setting next_dagrun for tutorial_dag to None, run_after=None
[2024-04-12T09:03:48.203+0000] {processor.py:183} INFO - Processing /home/airflow/.local/lib/python3.8/site-packages/airflow/example_dags/tutorial_dag.py took 0.101 seconds
[2024-04-12T09:04:18.909+0000] {processor.py:161} INFO - Started process (PID=379) to work on /home/airflow/.local/lib/python3.8/site-packages/airflow/example_dags/tutorial_dag.py
[2024-04-12T09:04:18.910+0000] {processor.py:830} INFO - Processing file /home/airflow/.local/lib/python3.8/site-packages/airflow/example_dags/tutorial_dag.py for tasks to queue
[2024-04-12T09:04:18.914+0000] {logging_mixin.py:188} INFO - [2024-04-12T09:04:18.913+0000] {dagbag.py:540} INFO - Filling up the DagBag from /home/airflow/.local/lib/python3.8/site-packages/airflow/example_dags/tutorial_dag.py
[2024-04-12T09:04:18.924+0000] {processor.py:840} INFO - DAG(s) 'tutorial_dag' retrieved from /home/airflow/.local/lib/python3.8/site-packages/airflow/example_dags/tutorial_dag.py
[2024-04-12T09:04:18.949+0000] {logging_mixin.py:188} INFO - [2024-04-12T09:04:18.948+0000] {dag.py:3047} INFO - Sync 1 DAGs
[2024-04-12T09:04:18.963+0000] {logging_mixin.py:188} INFO - [2024-04-12T09:04:18.963+0000] {dag.py:3834} INFO - Setting next_dagrun for tutorial_dag to None, run_after=None
[2024-04-12T09:04:18.991+0000] {processor.py:183} INFO - Processing /home/airflow/.local/lib/python3.8/site-packages/airflow/example_dags/tutorial_dag.py took 0.086 seconds
[2024-04-12T09:05:15.752+0000] {processor.py:161} INFO - Started process (PID=443) to work on /home/airflow/.local/lib/python3.8/site-packages/airflow/example_dags/tutorial_dag.py
[2024-04-12T09:05:15.754+0000] {processor.py:830} INFO - Processing file /home/airflow/.local/lib/python3.8/site-packages/airflow/example_dags/tutorial_dag.py for tasks to queue
[2024-04-12T09:05:15.755+0000] {logging_mixin.py:188} INFO - [2024-04-12T09:05:15.754+0000] {dagbag.py:540} INFO - Filling up the DagBag from /home/airflow/.local/lib/python3.8/site-packages/airflow/example_dags/tutorial_dag.py
[2024-04-12T09:05:15.761+0000] {processor.py:840} INFO - DAG(s) 'tutorial_dag' retrieved from /home/airflow/.local/lib/python3.8/site-packages/airflow/example_dags/tutorial_dag.py
[2024-04-12T09:05:15.784+0000] {logging_mixin.py:188} INFO - [2024-04-12T09:05:15.784+0000] {dag.py:3047} INFO - Sync 1 DAGs
[2024-04-12T09:05:15.802+0000] {logging_mixin.py:188} INFO - [2024-04-12T09:05:15.801+0000] {dag.py:3834} INFO - Setting next_dagrun for tutorial_dag to None, run_after=None
[2024-04-12T09:05:15.840+0000] {processor.py:183} INFO - Processing /home/airflow/.local/lib/python3.8/site-packages/airflow/example_dags/tutorial_dag.py took 0.091 seconds
[2024-04-12T09:05:46.797+0000] {processor.py:161} INFO - Started process (PID=501) to work on /home/airflow/.local/lib/python3.8/site-packages/airflow/example_dags/tutorial_dag.py
[2024-04-12T09:05:46.799+0000] {processor.py:830} INFO - Processing file /home/airflow/.local/lib/python3.8/site-packages/airflow/example_dags/tutorial_dag.py for tasks to queue
[2024-04-12T09:05:46.800+0000] {logging_mixin.py:188} INFO - [2024-04-12T09:05:46.800+0000] {dagbag.py:540} INFO - Filling up the DagBag from /home/airflow/.local/lib/python3.8/site-packages/airflow/example_dags/tutorial_dag.py
[2024-04-12T09:05:46.810+0000] {processor.py:840} INFO - DAG(s) 'tutorial_dag' retrieved from /home/airflow/.local/lib/python3.8/site-packages/airflow/example_dags/tutorial_dag.py
[2024-04-12T09:05:46.847+0000] {logging_mixin.py:188} INFO - [2024-04-12T09:05:46.847+0000] {dag.py:3047} INFO - Sync 1 DAGs
[2024-04-12T09:05:46.867+0000] {logging_mixin.py:188} INFO - [2024-04-12T09:05:46.867+0000] {dag.py:3834} INFO - Setting next_dagrun for tutorial_dag to None, run_after=None
[2024-04-12T09:05:46.904+0000] {processor.py:183} INFO - Processing /home/airflow/.local/lib/python3.8/site-packages/airflow/example_dags/tutorial_dag.py took 0.113 seconds
[2024-04-12T09:06:17.681+0000] {processor.py:161} INFO - Started process (PID=560) to work on /home/airflow/.local/lib/python3.8/site-packages/airflow/example_dags/tutorial_dag.py
[2024-04-12T09:06:17.683+0000] {processor.py:830} INFO - Processing file /home/airflow/.local/lib/python3.8/site-packages/airflow/example_dags/tutorial_dag.py for tasks to queue
[2024-04-12T09:06:17.684+0000] {logging_mixin.py:188} INFO - [2024-04-12T09:06:17.684+0000] {dagbag.py:540} INFO - Filling up the DagBag from /home/airflow/.local/lib/python3.8/site-packages/airflow/example_dags/tutorial_dag.py
[2024-04-12T09:06:17.690+0000] {processor.py:840} INFO - DAG(s) 'tutorial_dag' retrieved from /home/airflow/.local/lib/python3.8/site-packages/airflow/example_dags/tutorial_dag.py
[2024-04-12T09:06:17.715+0000] {logging_mixin.py:188} INFO - [2024-04-12T09:06:17.715+0000] {dag.py:3047} INFO - Sync 1 DAGs
[2024-04-12T09:06:17.728+0000] {logging_mixin.py:188} INFO - [2024-04-12T09:06:17.728+0000] {dag.py:3834} INFO - Setting next_dagrun for tutorial_dag to None, run_after=None
[2024-04-12T09:06:17.753+0000] {processor.py:183} INFO - Processing /home/airflow/.local/lib/python3.8/site-packages/airflow/example_dags/tutorial_dag.py took 0.076 seconds
[2024-04-12T09:06:48.620+0000] {processor.py:161} INFO - Started process (PID=618) to work on /home/airflow/.local/lib/python3.8/site-packages/airflow/example_dags/tutorial_dag.py
[2024-04-12T09:06:48.621+0000] {processor.py:830} INFO - Processing file /home/airflow/.local/lib/python3.8/site-packages/airflow/example_dags/tutorial_dag.py for tasks to queue
[2024-04-12T09:06:48.622+0000] {logging_mixin.py:188} INFO - [2024-04-12T09:06:48.622+0000] {dagbag.py:540} INFO - Filling up the DagBag from /home/airflow/.local/lib/python3.8/site-packages/airflow/example_dags/tutorial_dag.py
[2024-04-12T09:06:48.629+0000] {processor.py:840} INFO - DAG(s) 'tutorial_dag' retrieved from /home/airflow/.local/lib/python3.8/site-packages/airflow/example_dags/tutorial_dag.py
[2024-04-12T09:06:48.654+0000] {logging_mixin.py:188} INFO - [2024-04-12T09:06:48.654+0000] {dag.py:3047} INFO - Sync 1 DAGs
[2024-04-12T09:06:48.670+0000] {logging_mixin.py:188} INFO - [2024-04-12T09:06:48.669+0000] {dag.py:3834} INFO - Setting next_dagrun for tutorial_dag to None, run_after=None
[2024-04-12T09:06:48.705+0000] {processor.py:183} INFO - Processing /home/airflow/.local/lib/python3.8/site-packages/airflow/example_dags/tutorial_dag.py took 0.088 seconds
[2024-04-12T09:07:19.793+0000] {processor.py:161} INFO - Started process (PID=676) to work on /home/airflow/.local/lib/python3.8/site-packages/airflow/example_dags/tutorial_dag.py
[2024-04-12T09:07:19.795+0000] {processor.py:830} INFO - Processing file /home/airflow/.local/lib/python3.8/site-packages/airflow/example_dags/tutorial_dag.py for tasks to queue
[2024-04-12T09:07:19.798+0000] {logging_mixin.py:188} INFO - [2024-04-12T09:07:19.797+0000] {dagbag.py:540} INFO - Filling up the DagBag from /home/airflow/.local/lib/python3.8/site-packages/airflow/example_dags/tutorial_dag.py
[2024-04-12T09:07:19.812+0000] {processor.py:840} INFO - DAG(s) 'tutorial_dag' retrieved from /home/airflow/.local/lib/python3.8/site-packages/airflow/example_dags/tutorial_dag.py
[2024-04-12T09:07:19.865+0000] {logging_mixin.py:188} INFO - [2024-04-12T09:07:19.864+0000] {dag.py:3047} INFO - Sync 1 DAGs
[2024-04-12T09:07:19.889+0000] {logging_mixin.py:188} INFO - [2024-04-12T09:07:19.888+0000] {dag.py:3834} INFO - Setting next_dagrun for tutorial_dag to None, run_after=None
[2024-04-12T09:07:19.948+0000] {processor.py:183} INFO - Processing /home/airflow/.local/lib/python3.8/site-packages/airflow/example_dags/tutorial_dag.py took 0.159 seconds
[2024-04-12T09:07:50.677+0000] {processor.py:161} INFO - Started process (PID=732) to work on /home/airflow/.local/lib/python3.8/site-packages/airflow/example_dags/tutorial_dag.py
[2024-04-12T09:07:50.679+0000] {processor.py:830} INFO - Processing file /home/airflow/.local/lib/python3.8/site-packages/airflow/example_dags/tutorial_dag.py for tasks to queue
[2024-04-12T09:07:50.681+0000] {logging_mixin.py:188} INFO - [2024-04-12T09:07:50.680+0000] {dagbag.py:540} INFO - Filling up the DagBag from /home/airflow/.local/lib/python3.8/site-packages/airflow/example_dags/tutorial_dag.py
[2024-04-12T09:07:50.689+0000] {processor.py:840} INFO - DAG(s) 'tutorial_dag' retrieved from /home/airflow/.local/lib/python3.8/site-packages/airflow/example_dags/tutorial_dag.py
[2024-04-12T09:07:50.719+0000] {logging_mixin.py:188} INFO - [2024-04-12T09:07:50.718+0000] {dag.py:3047} INFO - Sync 1 DAGs
[2024-04-12T09:07:50.735+0000] {logging_mixin.py:188} INFO - [2024-04-12T09:07:50.734+0000] {dag.py:3834} INFO - Setting next_dagrun for tutorial_dag to None, run_after=None
[2024-04-12T09:07:50.763+0000] {processor.py:183} INFO - Processing /home/airflow/.local/lib/python3.8/site-packages/airflow/example_dags/tutorial_dag.py took 0.088 seconds
[2024-04-12T09:08:22.575+0000] {processor.py:161} INFO - Started process (PID=790) to work on /home/airflow/.local/lib/python3.8/site-packages/airflow/example_dags/tutorial_dag.py
[2024-04-12T09:08:22.576+0000] {processor.py:830} INFO - Processing file /home/airflow/.local/lib/python3.8/site-packages/airflow/example_dags/tutorial_dag.py for tasks to queue
[2024-04-12T09:08:22.577+0000] {logging_mixin.py:188} INFO - [2024-04-12T09:08:22.577+0000] {dagbag.py:540} INFO - Filling up the DagBag from /home/airflow/.local/lib/python3.8/site-packages/airflow/example_dags/tutorial_dag.py
[2024-04-12T09:08:22.582+0000] {processor.py:840} INFO - DAG(s) 'tutorial_dag' retrieved from /home/airflow/.local/lib/python3.8/site-packages/airflow/example_dags/tutorial_dag.py
[2024-04-12T09:08:22.606+0000] {logging_mixin.py:188} INFO - [2024-04-12T09:08:22.605+0000] {dag.py:3047} INFO - Sync 1 DAGs
[2024-04-12T09:08:22.619+0000] {logging_mixin.py:188} INFO - [2024-04-12T09:08:22.619+0000] {dag.py:3834} INFO - Setting next_dagrun for tutorial_dag to None, run_after=None
[2024-04-12T09:08:22.656+0000] {processor.py:183} INFO - Processing /home/airflow/.local/lib/python3.8/site-packages/airflow/example_dags/tutorial_dag.py took 0.084 seconds
[2024-04-12T09:08:53.107+0000] {processor.py:161} INFO - Started process (PID=847) to work on /home/airflow/.local/lib/python3.8/site-packages/airflow/example_dags/tutorial_dag.py
[2024-04-12T09:08:53.110+0000] {processor.py:830} INFO - Processing file /home/airflow/.local/lib/python3.8/site-packages/airflow/example_dags/tutorial_dag.py for tasks to queue
[2024-04-12T09:08:53.113+0000] {logging_mixin.py:188} INFO - [2024-04-12T09:08:53.112+0000] {dagbag.py:540} INFO - Filling up the DagBag from /home/airflow/.local/lib/python3.8/site-packages/airflow/example_dags/tutorial_dag.py
[2024-04-12T09:08:53.125+0000] {processor.py:840} INFO - DAG(s) 'tutorial_dag' retrieved from /home/airflow/.local/lib/python3.8/site-packages/airflow/example_dags/tutorial_dag.py
[2024-04-12T09:08:53.164+0000] {logging_mixin.py:188} INFO - [2024-04-12T09:08:53.164+0000] {dag.py:3047} INFO - Sync 1 DAGs
[2024-04-12T09:08:53.184+0000] {logging_mixin.py:188} INFO - [2024-04-12T09:08:53.183+0000] {dag.py:3834} INFO - Setting next_dagrun for tutorial_dag to None, run_after=None
[2024-04-12T09:08:53.236+0000] {processor.py:183} INFO - Processing /home/airflow/.local/lib/python3.8/site-packages/airflow/example_dags/tutorial_dag.py took 0.133 seconds
[2024-04-12T09:09:23.997+0000] {processor.py:161} INFO - Started process (PID=905) to work on /home/airflow/.local/lib/python3.8/site-packages/airflow/example_dags/tutorial_dag.py
[2024-04-12T09:09:23.999+0000] {processor.py:830} INFO - Processing file /home/airflow/.local/lib/python3.8/site-packages/airflow/example_dags/tutorial_dag.py for tasks to queue
[2024-04-12T09:09:24.000+0000] {logging_mixin.py:188} INFO - [2024-04-12T09:09:23.999+0000] {dagbag.py:540} INFO - Filling up the DagBag from /home/airflow/.local/lib/python3.8/site-packages/airflow/example_dags/tutorial_dag.py
[2024-04-12T09:09:24.007+0000] {processor.py:840} INFO - DAG(s) 'tutorial_dag' retrieved from /home/airflow/.local/lib/python3.8/site-packages/airflow/example_dags/tutorial_dag.py
[2024-04-12T09:09:24.032+0000] {logging_mixin.py:188} INFO - [2024-04-12T09:09:24.032+0000] {dag.py:3047} INFO - Sync 1 DAGs
[2024-04-12T09:09:24.051+0000] {logging_mixin.py:188} INFO - [2024-04-12T09:09:24.050+0000] {dag.py:3834} INFO - Setting next_dagrun for tutorial_dag to None, run_after=None
[2024-04-12T09:09:24.085+0000] {processor.py:183} INFO - Processing /home/airflow/.local/lib/python3.8/site-packages/airflow/example_dags/tutorial_dag.py took 0.091 seconds
[2024-04-12T09:09:54.559+0000] {processor.py:161} INFO - Started process (PID=963) to work on /home/airflow/.local/lib/python3.8/site-packages/airflow/example_dags/tutorial_dag.py
[2024-04-12T09:09:54.560+0000] {processor.py:830} INFO - Processing file /home/airflow/.local/lib/python3.8/site-packages/airflow/example_dags/tutorial_dag.py for tasks to queue
[2024-04-12T09:09:54.562+0000] {logging_mixin.py:188} INFO - [2024-04-12T09:09:54.561+0000] {dagbag.py:540} INFO - Filling up the DagBag from /home/airflow/.local/lib/python3.8/site-packages/airflow/example_dags/tutorial_dag.py
[2024-04-12T09:09:54.567+0000] {processor.py:840} INFO - DAG(s) 'tutorial_dag' retrieved from /home/airflow/.local/lib/python3.8/site-packages/airflow/example_dags/tutorial_dag.py
[2024-04-12T09:09:54.588+0000] {logging_mixin.py:188} INFO - [2024-04-12T09:09:54.588+0000] {dag.py:3047} INFO - Sync 1 DAGs
[2024-04-12T09:09:54.601+0000] {logging_mixin.py:188} INFO - [2024-04-12T09:09:54.601+0000] {dag.py:3834} INFO - Setting next_dagrun for tutorial_dag to None, run_after=None
[2024-04-12T09:09:54.638+0000] {processor.py:183} INFO - Processing /home/airflow/.local/lib/python3.8/site-packages/airflow/example_dags/tutorial_dag.py took 0.081 seconds
[2024-04-12T09:10:30.738+0000] {processor.py:161} INFO - Started process (PID=1021) to work on /home/airflow/.local/lib/python3.8/site-packages/airflow/example_dags/tutorial_dag.py
[2024-04-12T09:10:30.743+0000] {processor.py:830} INFO - Processing file /home/airflow/.local/lib/python3.8/site-packages/airflow/example_dags/tutorial_dag.py for tasks to queue
[2024-04-12T09:10:30.752+0000] {logging_mixin.py:188} INFO - [2024-04-12T09:10:30.749+0000] {dagbag.py:540} INFO - Filling up the DagBag from /home/airflow/.local/lib/python3.8/site-packages/airflow/example_dags/tutorial_dag.py
[2024-04-12T09:10:30.796+0000] {processor.py:840} INFO - DAG(s) 'tutorial_dag' retrieved from /home/airflow/.local/lib/python3.8/site-packages/airflow/example_dags/tutorial_dag.py
[2024-04-12T09:10:30.928+0000] {logging_mixin.py:188} INFO - [2024-04-12T09:10:30.927+0000] {dag.py:3047} INFO - Sync 1 DAGs
[2024-04-12T09:10:30.993+0000] {logging_mixin.py:188} INFO - [2024-04-12T09:10:30.986+0000] {dag.py:3834} INFO - Setting next_dagrun for tutorial_dag to None, run_after=None
[2024-04-12T09:10:31.099+0000] {processor.py:183} INFO - Processing /home/airflow/.local/lib/python3.8/site-packages/airflow/example_dags/tutorial_dag.py took 0.381 seconds
[2024-04-12T09:11:01.378+0000] {processor.py:161} INFO - Started process (PID=1079) to work on /home/airflow/.local/lib/python3.8/site-packages/airflow/example_dags/tutorial_dag.py
[2024-04-12T09:11:01.387+0000] {processor.py:830} INFO - Processing file /home/airflow/.local/lib/python3.8/site-packages/airflow/example_dags/tutorial_dag.py for tasks to queue
[2024-04-12T09:11:01.401+0000] {logging_mixin.py:188} INFO - [2024-04-12T09:11:01.394+0000] {dagbag.py:540} INFO - Filling up the DagBag from /home/airflow/.local/lib/python3.8/site-packages/airflow/example_dags/tutorial_dag.py
[2024-04-12T09:11:01.421+0000] {processor.py:840} INFO - DAG(s) 'tutorial_dag' retrieved from /home/airflow/.local/lib/python3.8/site-packages/airflow/example_dags/tutorial_dag.py
[2024-04-12T09:11:01.519+0000] {logging_mixin.py:188} INFO - [2024-04-12T09:11:01.518+0000] {dag.py:3047} INFO - Sync 1 DAGs
[2024-04-12T09:11:01.616+0000] {logging_mixin.py:188} INFO - [2024-04-12T09:11:01.615+0000] {dag.py:3834} INFO - Setting next_dagrun for tutorial_dag to None, run_after=None
[2024-04-12T09:11:01.759+0000] {processor.py:183} INFO - Processing /home/airflow/.local/lib/python3.8/site-packages/airflow/example_dags/tutorial_dag.py took 0.400 seconds
[2024-04-12T09:11:31.890+0000] {processor.py:161} INFO - Started process (PID=1136) to work on /home/airflow/.local/lib/python3.8/site-packages/airflow/example_dags/tutorial_dag.py
[2024-04-12T09:11:31.895+0000] {processor.py:830} INFO - Processing file /home/airflow/.local/lib/python3.8/site-packages/airflow/example_dags/tutorial_dag.py for tasks to queue
[2024-04-12T09:11:31.900+0000] {logging_mixin.py:188} INFO - [2024-04-12T09:11:31.898+0000] {dagbag.py:540} INFO - Filling up the DagBag from /home/airflow/.local/lib/python3.8/site-packages/airflow/example_dags/tutorial_dag.py
[2024-04-12T09:11:31.912+0000] {processor.py:840} INFO - DAG(s) 'tutorial_dag' retrieved from /home/airflow/.local/lib/python3.8/site-packages/airflow/example_dags/tutorial_dag.py
[2024-04-12T09:11:31.956+0000] {logging_mixin.py:188} INFO - [2024-04-12T09:11:31.955+0000] {dag.py:3047} INFO - Sync 1 DAGs
[2024-04-12T09:11:31.988+0000] {logging_mixin.py:188} INFO - [2024-04-12T09:11:31.987+0000] {dag.py:3834} INFO - Setting next_dagrun for tutorial_dag to None, run_after=None
[2024-04-12T09:11:32.042+0000] {processor.py:183} INFO - Processing /home/airflow/.local/lib/python3.8/site-packages/airflow/example_dags/tutorial_dag.py took 0.164 seconds
[2024-04-12T09:12:02.272+0000] {processor.py:161} INFO - Started process (PID=1194) to work on /home/airflow/.local/lib/python3.8/site-packages/airflow/example_dags/tutorial_dag.py
[2024-04-12T09:12:02.274+0000] {processor.py:830} INFO - Processing file /home/airflow/.local/lib/python3.8/site-packages/airflow/example_dags/tutorial_dag.py for tasks to queue
[2024-04-12T09:12:02.276+0000] {logging_mixin.py:188} INFO - [2024-04-12T09:12:02.275+0000] {dagbag.py:540} INFO - Filling up the DagBag from /home/airflow/.local/lib/python3.8/site-packages/airflow/example_dags/tutorial_dag.py
[2024-04-12T09:12:02.283+0000] {processor.py:840} INFO - DAG(s) 'tutorial_dag' retrieved from /home/airflow/.local/lib/python3.8/site-packages/airflow/example_dags/tutorial_dag.py
[2024-04-12T09:12:02.307+0000] {logging_mixin.py:188} INFO - [2024-04-12T09:12:02.307+0000] {dag.py:3047} INFO - Sync 1 DAGs
[2024-04-12T09:12:02.323+0000] {logging_mixin.py:188} INFO - [2024-04-12T09:12:02.322+0000] {dag.py:3834} INFO - Setting next_dagrun for tutorial_dag to None, run_after=None
[2024-04-12T09:12:02.352+0000] {processor.py:183} INFO - Processing /home/airflow/.local/lib/python3.8/site-packages/airflow/example_dags/tutorial_dag.py took 0.083 seconds
[2024-04-12T09:12:32.947+0000] {processor.py:161} INFO - Started process (PID=1252) to work on /home/airflow/.local/lib/python3.8/site-packages/airflow/example_dags/tutorial_dag.py
[2024-04-12T09:12:32.950+0000] {processor.py:830} INFO - Processing file /home/airflow/.local/lib/python3.8/site-packages/airflow/example_dags/tutorial_dag.py for tasks to queue
[2024-04-12T09:12:32.954+0000] {logging_mixin.py:188} INFO - [2024-04-12T09:12:32.953+0000] {dagbag.py:540} INFO - Filling up the DagBag from /home/airflow/.local/lib/python3.8/site-packages/airflow/example_dags/tutorial_dag.py
[2024-04-12T09:12:32.965+0000] {processor.py:840} INFO - DAG(s) 'tutorial_dag' retrieved from /home/airflow/.local/lib/python3.8/site-packages/airflow/example_dags/tutorial_dag.py
[2024-04-12T09:12:33.005+0000] {logging_mixin.py:188} INFO - [2024-04-12T09:12:33.004+0000] {dag.py:3047} INFO - Sync 1 DAGs
[2024-04-12T09:12:33.029+0000] {logging_mixin.py:188} INFO - [2024-04-12T09:12:33.028+0000] {dag.py:3834} INFO - Setting next_dagrun for tutorial_dag to None, run_after=None
[2024-04-12T09:12:33.077+0000] {processor.py:183} INFO - Processing /home/airflow/.local/lib/python3.8/site-packages/airflow/example_dags/tutorial_dag.py took 0.138 seconds
[2024-04-12T09:13:03.891+0000] {processor.py:161} INFO - Started process (PID=1310) to work on /home/airflow/.local/lib/python3.8/site-packages/airflow/example_dags/tutorial_dag.py
[2024-04-12T09:13:03.892+0000] {processor.py:830} INFO - Processing file /home/airflow/.local/lib/python3.8/site-packages/airflow/example_dags/tutorial_dag.py for tasks to queue
[2024-04-12T09:13:03.893+0000] {logging_mixin.py:188} INFO - [2024-04-12T09:13:03.893+0000] {dagbag.py:540} INFO - Filling up the DagBag from /home/airflow/.local/lib/python3.8/site-packages/airflow/example_dags/tutorial_dag.py
[2024-04-12T09:13:03.899+0000] {processor.py:840} INFO - DAG(s) 'tutorial_dag' retrieved from /home/airflow/.local/lib/python3.8/site-packages/airflow/example_dags/tutorial_dag.py
[2024-04-12T09:13:03.923+0000] {logging_mixin.py:188} INFO - [2024-04-12T09:13:03.923+0000] {dag.py:3047} INFO - Sync 1 DAGs
[2024-04-12T09:13:03.936+0000] {logging_mixin.py:188} INFO - [2024-04-12T09:13:03.935+0000] {dag.py:3834} INFO - Setting next_dagrun for tutorial_dag to None, run_after=None
[2024-04-12T09:13:03.963+0000] {processor.py:183} INFO - Processing /home/airflow/.local/lib/python3.8/site-packages/airflow/example_dags/tutorial_dag.py took 0.075 seconds
[2024-04-12T09:13:34.881+0000] {processor.py:161} INFO - Started process (PID=1366) to work on /home/airflow/.local/lib/python3.8/site-packages/airflow/example_dags/tutorial_dag.py
[2024-04-12T09:13:34.883+0000] {processor.py:830} INFO - Processing file /home/airflow/.local/lib/python3.8/site-packages/airflow/example_dags/tutorial_dag.py for tasks to queue
[2024-04-12T09:13:34.886+0000] {logging_mixin.py:188} INFO - [2024-04-12T09:13:34.885+0000] {dagbag.py:540} INFO - Filling up the DagBag from /home/airflow/.local/lib/python3.8/site-packages/airflow/example_dags/tutorial_dag.py
[2024-04-12T09:13:34.895+0000] {processor.py:840} INFO - DAG(s) 'tutorial_dag' retrieved from /home/airflow/.local/lib/python3.8/site-packages/airflow/example_dags/tutorial_dag.py
[2024-04-12T09:13:34.919+0000] {logging_mixin.py:188} INFO - [2024-04-12T09:13:34.919+0000] {dag.py:3047} INFO - Sync 1 DAGs
[2024-04-12T09:13:34.934+0000] {logging_mixin.py:188} INFO - [2024-04-12T09:13:34.934+0000] {dag.py:3834} INFO - Setting next_dagrun for tutorial_dag to None, run_after=None
[2024-04-12T09:13:34.964+0000] {processor.py:183} INFO - Processing /home/airflow/.local/lib/python3.8/site-packages/airflow/example_dags/tutorial_dag.py took 0.086 seconds
[2024-04-12T09:14:05.645+0000] {processor.py:161} INFO - Started process (PID=1424) to work on /home/airflow/.local/lib/python3.8/site-packages/airflow/example_dags/tutorial_dag.py
[2024-04-12T09:14:05.646+0000] {processor.py:830} INFO - Processing file /home/airflow/.local/lib/python3.8/site-packages/airflow/example_dags/tutorial_dag.py for tasks to queue
[2024-04-12T09:14:05.647+0000] {logging_mixin.py:188} INFO - [2024-04-12T09:14:05.647+0000] {dagbag.py:540} INFO - Filling up the DagBag from /home/airflow/.local/lib/python3.8/site-packages/airflow/example_dags/tutorial_dag.py
[2024-04-12T09:14:05.653+0000] {processor.py:840} INFO - DAG(s) 'tutorial_dag' retrieved from /home/airflow/.local/lib/python3.8/site-packages/airflow/example_dags/tutorial_dag.py
[2024-04-12T09:14:05.680+0000] {logging_mixin.py:188} INFO - [2024-04-12T09:14:05.679+0000] {dag.py:3047} INFO - Sync 1 DAGs
[2024-04-12T09:14:05.693+0000] {logging_mixin.py:188} INFO - [2024-04-12T09:14:05.693+0000] {dag.py:3834} INFO - Setting next_dagrun for tutorial_dag to None, run_after=None
[2024-04-12T09:14:05.723+0000] {processor.py:183} INFO - Processing /home/airflow/.local/lib/python3.8/site-packages/airflow/example_dags/tutorial_dag.py took 0.082 seconds
[2024-04-12T09:14:36.095+0000] {processor.py:161} INFO - Started process (PID=1482) to work on /home/airflow/.local/lib/python3.8/site-packages/airflow/example_dags/tutorial_dag.py
[2024-04-12T09:14:36.097+0000] {processor.py:830} INFO - Processing file /home/airflow/.local/lib/python3.8/site-packages/airflow/example_dags/tutorial_dag.py for tasks to queue
[2024-04-12T09:14:36.099+0000] {logging_mixin.py:188} INFO - [2024-04-12T09:14:36.098+0000] {dagbag.py:540} INFO - Filling up the DagBag from /home/airflow/.local/lib/python3.8/site-packages/airflow/example_dags/tutorial_dag.py
[2024-04-12T09:14:36.105+0000] {processor.py:840} INFO - DAG(s) 'tutorial_dag' retrieved from /home/airflow/.local/lib/python3.8/site-packages/airflow/example_dags/tutorial_dag.py
[2024-04-12T09:14:36.134+0000] {logging_mixin.py:188} INFO - [2024-04-12T09:14:36.134+0000] {dag.py:3047} INFO - Sync 1 DAGs
[2024-04-12T09:14:36.151+0000] {logging_mixin.py:188} INFO - [2024-04-12T09:14:36.150+0000] {dag.py:3834} INFO - Setting next_dagrun for tutorial_dag to None, run_after=None
[2024-04-12T09:14:36.183+0000] {processor.py:183} INFO - Processing /home/airflow/.local/lib/python3.8/site-packages/airflow/example_dags/tutorial_dag.py took 0.093 seconds
[2024-04-12T09:15:06.882+0000] {processor.py:161} INFO - Started process (PID=1540) to work on /home/airflow/.local/lib/python3.8/site-packages/airflow/example_dags/tutorial_dag.py
[2024-04-12T09:15:06.884+0000] {processor.py:830} INFO - Processing file /home/airflow/.local/lib/python3.8/site-packages/airflow/example_dags/tutorial_dag.py for tasks to queue
[2024-04-12T09:15:06.888+0000] {logging_mixin.py:188} INFO - [2024-04-12T09:15:06.887+0000] {dagbag.py:540} INFO - Filling up the DagBag from /home/airflow/.local/lib/python3.8/site-packages/airflow/example_dags/tutorial_dag.py
[2024-04-12T09:15:06.904+0000] {processor.py:840} INFO - DAG(s) 'tutorial_dag' retrieved from /home/airflow/.local/lib/python3.8/site-packages/airflow/example_dags/tutorial_dag.py
[2024-04-12T09:15:06.948+0000] {logging_mixin.py:188} INFO - [2024-04-12T09:15:06.948+0000] {dag.py:3047} INFO - Sync 1 DAGs
[2024-04-12T09:15:06.968+0000] {logging_mixin.py:188} INFO - [2024-04-12T09:15:06.967+0000] {dag.py:3834} INFO - Setting next_dagrun for tutorial_dag to None, run_after=None
[2024-04-12T09:15:07.013+0000] {processor.py:183} INFO - Processing /home/airflow/.local/lib/python3.8/site-packages/airflow/example_dags/tutorial_dag.py took 0.136 seconds
[2024-04-12T09:15:40.196+0000] {processor.py:161} INFO - Started process (PID=1598) to work on /home/airflow/.local/lib/python3.8/site-packages/airflow/example_dags/tutorial_dag.py
[2024-04-12T09:15:40.205+0000] {processor.py:830} INFO - Processing file /home/airflow/.local/lib/python3.8/site-packages/airflow/example_dags/tutorial_dag.py for tasks to queue
[2024-04-12T09:15:40.212+0000] {logging_mixin.py:188} INFO - [2024-04-12T09:15:40.210+0000] {dagbag.py:540} INFO - Filling up the DagBag from /home/airflow/.local/lib/python3.8/site-packages/airflow/example_dags/tutorial_dag.py
[2024-04-12T09:15:40.259+0000] {processor.py:840} INFO - DAG(s) 'tutorial_dag' retrieved from /home/airflow/.local/lib/python3.8/site-packages/airflow/example_dags/tutorial_dag.py
[2024-04-12T09:15:40.412+0000] {logging_mixin.py:188} INFO - [2024-04-12T09:15:40.410+0000] {dag.py:3047} INFO - Sync 1 DAGs
[2024-04-12T09:15:40.499+0000] {logging_mixin.py:188} INFO - [2024-04-12T09:15:40.498+0000] {dag.py:3834} INFO - Setting next_dagrun for tutorial_dag to None, run_after=None
[2024-04-12T09:15:40.665+0000] {processor.py:183} INFO - Processing /home/airflow/.local/lib/python3.8/site-packages/airflow/example_dags/tutorial_dag.py took 0.493 seconds
[2024-04-12T09:16:10.784+0000] {processor.py:161} INFO - Started process (PID=1654) to work on /home/airflow/.local/lib/python3.8/site-packages/airflow/example_dags/tutorial_dag.py
[2024-04-12T09:16:10.786+0000] {processor.py:830} INFO - Processing file /home/airflow/.local/lib/python3.8/site-packages/airflow/example_dags/tutorial_dag.py for tasks to queue
[2024-04-12T09:16:10.788+0000] {logging_mixin.py:188} INFO - [2024-04-12T09:16:10.788+0000] {dagbag.py:540} INFO - Filling up the DagBag from /home/airflow/.local/lib/python3.8/site-packages/airflow/example_dags/tutorial_dag.py
[2024-04-12T09:16:10.796+0000] {processor.py:840} INFO - DAG(s) 'tutorial_dag' retrieved from /home/airflow/.local/lib/python3.8/site-packages/airflow/example_dags/tutorial_dag.py
[2024-04-12T09:16:10.833+0000] {logging_mixin.py:188} INFO - [2024-04-12T09:16:10.833+0000] {dag.py:3047} INFO - Sync 1 DAGs
[2024-04-12T09:16:10.854+0000] {logging_mixin.py:188} INFO - [2024-04-12T09:16:10.853+0000] {dag.py:3834} INFO - Setting next_dagrun for tutorial_dag to None, run_after=None
[2024-04-12T09:16:10.891+0000] {processor.py:183} INFO - Processing /home/airflow/.local/lib/python3.8/site-packages/airflow/example_dags/tutorial_dag.py took 0.111 seconds
